Could not locate BlockSlowdown.json
Skipping Loading (this might cause a fatal crash if GTSlowdown is on)
[Use -Djdk.graal.LogFile=<path> to redirect Graal log output to a file.]
java.util.HashMap.putVal(int, java.lang.Object, java.lang.Object, boolean, boolean)java.lang.Object -1 graphSignature differs 5a74e12f320f5360d51b0bb3946f087ce2dce5afa144b15d312a3acc1621c4cf != 27ba10a12906ca5a4eaa0ddbdb8cdbd97a0a183d21916ae0dce244a079058c87
Could not locate BlockSlowdown.json
Skipping Loading (this might cause a fatal crash if GTSlowdown is on)
Starting Queens benchmark ...
Queens: iterations=1 runtime: 240690us
Queens: iterations=2 runtime: 70821us
Queens: iterations=3 runtime: 68861us
Queens: iterations=4 runtime: 68867us
Queens: iterations=5 runtime: 76335us
Queens: iterations=6 runtime: 68778us
Queens: iterations=7 runtime: 71247us
Queens: iterations=8 runtime: 68873us
Queens: iterations=9 runtime: 68221us
Queens: iterations=10 runtime: 68218us
Queens: iterations=11 runtime: 68201us
Queens: iterations=12 runtime: 68260us
Queens: iterations=13 runtime: 68300us
Queens: iterations=14 runtime: 68308us
Queens: iterations=15 runtime: 68624us
Queens: iterations=16 runtime: 68657us
Queens: iterations=17 runtime: 68667us
Queens: iterations=18 runtime: 68719us
Queens: iterations=19 runtime: 68609us
Queens: iterations=20 runtime: 68591us
Queens: iterations=21 runtime: 68550us
Queens: iterations=22 runtime: 68657us
Queens: iterations=23 runtime: 68571us
Queens: iterations=24 runtime: 70311us
Queens: iterations=25 runtime: 68252us
Queens: iterations=26 runtime: 68306us
Queens: iterations=27 runtime: 68255us
Queens: iterations=28 runtime: 68249us
Queens: iterations=29 runtime: 68250us
Queens: iterations=30 runtime: 68413us
Queens: iterations=31 runtime: 68449us
Queens: iterations=32 runtime: 68464us
Queens: iterations=33 runtime: 68485us
Queens: iterations=34 runtime: 68243us
Queens: iterations=35 runtime: 71469us
Queens: iterations=36 runtime: 68912us
Queens: iterations=37 runtime: 68289us
Queens: iterations=38 runtime: 68307us
Queens: iterations=39 runtime: 68286us
Queens: iterations=40 runtime: 68266us
Queens: iterations=41 runtime: 68249us
Queens: iterations=42 runtime: 68550us
Queens: iterations=43 runtime: 68662us
Queens: iterations=44 runtime: 68632us
Queens: iterations=45 runtime: 68568us
Queens: iterations=46 runtime: 68592us
Queens: iterations=47 runtime: 70147us
Queens: iterations=48 runtime: 68238us
Queens: iterations=49 runtime: 68267us
Queens: iterations=50 runtime: 68268us
Queens: iterations=51 runtime: 68273us
Queens: iterations=52 runtime: 68326us
Queens: iterations=53 runtime: 68303us
Queens: iterations=54 runtime: 68298us
Queens: iterations=55 runtime: 68298us
Queens: iterations=56 runtime: 68287us
Queens: iterations=57 runtime: 68286us
Queens: iterations=58 runtime: 68272us
Queens: iterations=59 runtime: 68301us
Queens: iterations=60 runtime: 68284us
Queens: iterations=61 runtime: 68269us
Queens: iterations=62 runtime: 68250us
Queens: iterations=63 runtime: 68250us
Queens: iterations=64 runtime: 68287us
Queens: iterations=65 runtime: 68237us
Queens: iterations=66 runtime: 68251us
Queens: iterations=67 runtime: 68266us
Queens: iterations=68 runtime: 68294us
Queens: iterations=69 runtime: 69411us
Queens: iterations=70 runtime: 68293us
Queens: iterations=71 runtime: 68296us
Queens: iterations=72 runtime: 68295us
Queens: iterations=73 runtime: 68287us
Queens: iterations=74 runtime: 68303us
Queens: iterations=75 runtime: 68252us
Queens: iterations=76 runtime: 68255us
Queens: iterations=77 runtime: 68249us
Queens: iterations=78 runtime: 68241us
Queens: iterations=79 runtime: 68231us
Queens: iterations=80 runtime: 68238us
Queens: iterations=81 runtime: 68261us
Queens: iterations=82 runtime: 68255us
Queens: iterations=83 runtime: 68243us
Queens: iterations=84 runtime: 68263us
Queens: iterations=85 runtime: 68244us
Queens: iterations=86 runtime: 68246us
Queens: iterations=87 runtime: 68245us
Queens: iterations=88 runtime: 68247us
Queens: iterations=89 runtime: 68240us
Queens: iterations=90 runtime: 68268us
Could not locate BlockSlowdown.json
Skipping Loading (this might cause a fatal crash if GTSlowdown is on)
Queens: iterations=91 runtime: 69414us
Queens: iterations=92 runtime: 68117us
Queens: iterations=93 runtime: 68078us
Queens: iterations=94 runtime: 68154us
Queens: iterations=95 runtime: 68200us
Queens: iterations=96 runtime: 68253us
Queens: iterations=97 runtime: 68230us
Queens: iterations=98 runtime: 68250us
Queens: iterations=99 runtime: 68258us
Queens: iterations=100 runtime: 68246us
Queens: iterations=101 runtime: 68249us
Queens: iterations=102 runtime: 68241us
Queens: iterations=103 runtime: 68423us
Queens: iterations=104 runtime: 68473us
Queens: iterations=105 runtime: 68515us
Queens: iterations=106 runtime: 68447us
Queens: iterations=107 runtime: 68254us
Queens: iterations=108 runtime: 68257us
Queens: iterations=109 runtime: 68240us
Queens: iterations=110 runtime: 68251us
Queens: iterations=111 runtime: 68270us
Queens: iterations=112 runtime: 68244us
Queens: iterations=113 runtime: 69470us
Queens: iterations=114 runtime: 68243us
Queens: iterations=115 runtime: 68187us
Queens: iterations=116 runtime: 68194us
Queens: iterations=117 runtime: 68228us
Queens: iterations=118 runtime: 68234us
Queens: iterations=119 runtime: 68249us
Queens: iterations=120 runtime: 68233us
Queens: iterations=121 runtime: 68244us
Queens: iterations=122 runtime: 68245us
Queens: iterations=123 runtime: 68241us
Queens: iterations=124 runtime: 68249us
Queens: iterations=125 runtime: 68252us
Queens: iterations=126 runtime: 68257us
Could not locate BlockSlowdown.json
Skipping Loading (this might cause a fatal crash if GTSlowdown is on)
Queens: iterations=127 runtime: 68243us
Queens: iterations=128 runtime: 68270us
Queens: iterations=129 runtime: 68233us
Queens: iterations=130 runtime: 68273us
Queens: iterations=131 runtime: 68269us
Queens: iterations=132 runtime: 68275us
Queens: iterations=133 runtime: 68275us
Queens: iterations=134 runtime: 68271us
Queens: iterations=135 runtime: 69453us
Queens: iterations=136 runtime: 68064us
Queens: iterations=137 runtime: 68091us
Queens: iterations=138 runtime: 68049us
Queens: iterations=139 runtime: 68123us
Queens: iterations=140 runtime: 68200us
Queens: iterations=141 runtime: 68238us
Queens: iterations=142 runtime: 68262us
Queens: iterations=143 runtime: 68269us
Queens: iterations=144 runtime: 68215us
Queens: iterations=145 runtime: 68227us
Queens: iterations=146 runtime: 68212us
Queens: iterations=147 runtime: 68223us
Queens: iterations=148 runtime: 68221us
Queens: iterations=149 runtime: 68309us
Queens: iterations=150 runtime: 68220us
Queens: iterations=151 runtime: 68275us
Queens: iterations=152 runtime: 68211us
Queens: iterations=153 runtime: 68228us
Queens: iterations=154 runtime: 68222us
Queens: iterations=155 runtime: 68235us
Queens: iterations=156 runtime: 68212us
Queens: iterations=157 runtime: 69403us
Queens: iterations=158 runtime: 68168us
Queens: iterations=159 runtime: 68253us
Queens: iterations=160 runtime: 68216us
Queens: iterations=161 runtime: 68218us
Queens: iterations=162 runtime: 68214us
Queens: iterations=163 runtime: 68283us
Queens: iterations=164 runtime: 68254us
Queens: iterations=165 runtime: 68276us
Queens: iterations=166 runtime: 68270us
Queens: iterations=167 runtime: 68268us
Queens: iterations=168 runtime: 68261us
Queens: iterations=169 runtime: 68278us
Queens: iterations=170 runtime: 68257us
Queens: iterations=171 runtime: 68266us
Queens: iterations=172 runtime: 68283us
Queens: iterations=173 runtime: 68285us
Queens: iterations=174 runtime: 68262us
Queens: iterations=175 runtime: 68264us
Queens: iterations=176 runtime: 68458us
Queens: iterations=177 runtime: 68490us
Queens: iterations=178 runtime: 68539us
Queens: iterations=179 runtime: 68556us
Queens: iterations=180 runtime: 69391us
Queens: iterations=181 runtime: 68279us
Queens: iterations=182 runtime: 68219us
Queens: iterations=183 runtime: 68237us
Queens: iterations=184 runtime: 68214us
Queens: iterations=185 runtime: 68187us
Queens: iterations=186 runtime: 68201us
Queens: iterations=187 runtime: 68272us
Queens: iterations=188 runtime: 68179us
Queens: iterations=189 runtime: 68272us
Queens: iterations=190 runtime: 68287us
Queens: iterations=191 runtime: 68268us
Queens: iterations=192 runtime: 68256us
Queens: iterations=193 runtime: 68283us
Queens: iterations=194 runtime: 68274us
Queens: iterations=195 runtime: 68274us
Queens: iterations=196 runtime: 68250us
Queens: iterations=197 runtime: 68300us
Queens: iterations=198 runtime: 68264us
Queens: iterations=199 runtime: 68291us
Queens: iterations=200 runtime: 68268us
Queens: iterations=201 runtime: 68305us
Queens: iterations=202 runtime: 69370us
Queens: iterations=203 runtime: 68240us
Queens: iterations=204 runtime: 68255us
Queens: iterations=205 runtime: 68303us
Queens: iterations=206 runtime: 68263us
Queens: iterations=207 runtime: 68276us
Queens: iterations=208 runtime: 68329us
Queens: iterations=209 runtime: 68249us
Queens: iterations=210 runtime: 68246us
Queens: iterations=211 runtime: 68260us
Queens: iterations=212 runtime: 68226us
Queens: iterations=213 runtime: 68238us
Queens: iterations=214 runtime: 68242us
Queens: iterations=215 runtime: 68258us
Queens: iterations=216 runtime: 68303us
Queens: iterations=217 runtime: 68245us
Queens: iterations=218 runtime: 68220us
Queens: iterations=219 runtime: 68266us
Queens: iterations=220 runtime: 68218us
Queens: iterations=221 runtime: 68301us
Queens: iterations=222 runtime: 68313us
Queens: iterations=223 runtime: 68251us
Queens: iterations=224 runtime: 69302us
Queens: iterations=225 runtime: 68319us
Queens: iterations=226 runtime: 68290us
Queens: iterations=227 runtime: 68304us
Queens: iterations=228 runtime: 68281us
Queens: iterations=229 runtime: 68284us
Queens: iterations=230 runtime: 68293us
Queens: iterations=231 runtime: 68295us
Queens: iterations=232 runtime: 68271us
Queens: iterations=233 runtime: 68312us
Queens: iterations=234 runtime: 68275us
Queens: iterations=235 runtime: 68322us
Queens: iterations=236 runtime: 68321us
Queens: iterations=237 runtime: 68381us
Queens: iterations=238 runtime: 68282us
Queens: iterations=239 runtime: 68307us
Queens: iterations=240 runtime: 68304us
Queens: iterations=241 runtime: 68304us
Queens: iterations=242 runtime: 68280us
Queens: iterations=243 runtime: 68282us
Queens: iterations=244 runtime: 68311us
Queens: iterations=245 runtime: 68359us
Queens: iterations=246 runtime: 69324us
Queens: iterations=247 runtime: 68372us
Queens: iterations=248 runtime: 68308us
Queens: iterations=249 runtime: 68475us
Queens: iterations=250 runtime: 68507us
Queens: iterations=251 runtime: 68474us
Queens: iterations=252 runtime: 68483us
Queens: iterations=253 runtime: 68294us
Queens: iterations=254 runtime: 68276us
Queens: iterations=255 runtime: 70824us
Queens: iterations=256 runtime: 74873us
Queens: iterations=257 runtime: 72649us
Queens: iterations=258 runtime: 68291us
Queens: iterations=259 runtime: 68296us
Queens: iterations=260 runtime: 68300us
Queens: iterations=261 runtime: 68297us
Queens: iterations=262 runtime: 68299us
Queens: iterations=263 runtime: 68317us
Queens: iterations=264 runtime: 68271us
Queens: iterations=265 runtime: 68336us
Queens: iterations=266 runtime: 68352us
Queens: iterations=267 runtime: 68292us
Queens: iterations=268 runtime: 69368us
Queens: iterations=269 runtime: 68217us
Queens: iterations=270 runtime: 68264us
Queens: iterations=271 runtime: 68307us
Queens: iterations=272 runtime: 68299us
Queens: iterations=273 runtime: 68300us
Queens: iterations=274 runtime: 68313us
Queens: iterations=275 runtime: 68299us
Queens: iterations=276 runtime: 68295us
Queens: iterations=277 runtime: 68296us
Queens: iterations=278 runtime: 68278us
Queens: iterations=279 runtime: 68282us
Queens: iterations=280 runtime: 68292us
Queens: iterations=281 runtime: 68302us
Queens: iterations=282 runtime: 68273us
Queens: iterations=283 runtime: 68344us
Queens: iterations=284 runtime: 68292us
Queens: iterations=285 runtime: 68276us
Queens: iterations=286 runtime: 68290us
Queens: iterations=287 runtime: 68315us
Queens: iterations=288 runtime: 68293us
Queens: iterations=289 runtime: 68311us
Queens: iterations=290 runtime: 68288us
Queens: iterations=291 runtime: 69092us
Queens: iterations=292 runtime: 68288us
Queens: iterations=293 runtime: 68309us
Queens: iterations=294 runtime: 68308us
Queens: iterations=295 runtime: 68377us
Queens: iterations=296 runtime: 68273us
Queens: iterations=297 runtime: 68295us
Queens: iterations=298 runtime: 68287us
Queens: iterations=299 runtime: 68295us
Queens: iterations=300 runtime: 68278us
Queens: iterations=301 runtime: 68328us
Queens: iterations=302 runtime: 68270us
Queens: iterations=303 runtime: 68289us
Queens: iterations=304 runtime: 68303us
Queens: iterations=305 runtime: 68293us
Queens: iterations=306 runtime: 68271us
Queens: iterations=307 runtime: 68272us
Queens: iterations=308 runtime: 68282us
Queens: iterations=309 runtime: 68313us
Queens: iterations=310 runtime: 68265us
Queens: iterations=311 runtime: 68306us
Queens: iterations=312 runtime: 68296us
Queens: iterations=313 runtime: 69159us
Queens: iterations=314 runtime: 68164us
Queens: iterations=315 runtime: 68300us
Queens: iterations=316 runtime: 68347us
Queens: iterations=317 runtime: 68342us
Queens: iterations=318 runtime: 68269us
Queens: iterations=319 runtime: 68328us
Queens: iterations=320 runtime: 68280us
Queens: iterations=321 runtime: 68307us
Queens: iterations=322 runtime: 68512us
Queens: iterations=323 runtime: 68521us
Queens: iterations=324 runtime: 68431us
Queens: iterations=325 runtime: 68530us
Queens: iterations=326 runtime: 68301us
Queens: iterations=327 runtime: 68298us
Queens: iterations=328 runtime: 68288us
Queens: iterations=329 runtime: 68300us
Queens: iterations=330 runtime: 68309us
Queens: iterations=331 runtime: 68291us
Queens: iterations=332 runtime: 68273us
Queens: iterations=333 runtime: 68359us
Queens: iterations=334 runtime: 68280us
Queens: iterations=335 runtime: 70410us
Queens: iterations=336 runtime: 69546us
Queens: iterations=337 runtime: 69544us
Queens: iterations=338 runtime: 69503us
Queens: iterations=339 runtime: 69556us
Queens: iterations=340 runtime: 69515us
Queens: iterations=341 runtime: 69557us
Queens: iterations=342 runtime: 69511us
Queens: iterations=343 runtime: 69525us
Queens: iterations=344 runtime: 69529us
Queens: iterations=345 runtime: 69493us
Queens: iterations=346 runtime: 69474us
Queens: iterations=347 runtime: 69508us
Queens: iterations=348 runtime: 69488us
Queens: iterations=349 runtime: 69486us
Queens: iterations=350 runtime: 69458us
Queens: iterations=351 runtime: 69492us
Queens: iterations=352 runtime: 69469us
Queens: iterations=353 runtime: 69446us
Queens: iterations=354 runtime: 69446us
Queens: iterations=355 runtime: 69449us
Queens: iterations=356 runtime: 69438us
Queens: iterations=357 runtime: 70030us
Queens: iterations=358 runtime: 69455us
Queens: iterations=359 runtime: 69507us
Queens: iterations=360 runtime: 69441us
Queens: iterations=361 runtime: 69501us
Queens: iterations=362 runtime: 69446us
Queens: iterations=363 runtime: 69463us
Queens: iterations=364 runtime: 69480us
Queens: iterations=365 runtime: 69510us
Queens: iterations=366 runtime: 69492us
Queens: iterations=367 runtime: 69539us
Queens: iterations=368 runtime: 69478us
Queens: iterations=369 runtime: 69497us
Queens: iterations=370 runtime: 69495us
Queens: iterations=371 runtime: 69485us
Queens: iterations=372 runtime: 69497us
Queens: iterations=373 runtime: 69508us
Queens: iterations=374 runtime: 69505us
Queens: iterations=375 runtime: 69507us
Queens: iterations=376 runtime: 69480us
Queens: iterations=377 runtime: 69518us
Queens: iterations=378 runtime: 69457us
Queens: iterations=379 runtime: 70108us
Queens: iterations=380 runtime: 69459us
Queens: iterations=381 runtime: 69506us
Queens: iterations=382 runtime: 69556us
Queens: iterations=383 runtime: 69485us
Queens: iterations=384 runtime: 69473us
Queens: iterations=385 runtime: 69454us
Queens: iterations=386 runtime: 69448us
Queens: iterations=387 runtime: 69456us
Queens: iterations=388 runtime: 69423us
Queens: iterations=389 runtime: 69420us
Queens: iterations=390 runtime: 69476us
Queens: iterations=391 runtime: 69430us
Queens: iterations=392 runtime: 69430us
Queens: iterations=393 runtime: 69462us
Queens: iterations=394 runtime: 69539us
Queens: iterations=395 runtime: 69717us
Queens: iterations=396 runtime: 69617us
Queens: iterations=397 runtime: 69734us
Queens: iterations=398 runtime: 69500us
Queens: iterations=399 runtime: 69499us
Queens: iterations=400 runtime: 69515us
Queens: iterations=401 runtime: 69518us
Queens: iterations=402 runtime: 70007us
Queens: iterations=403 runtime: 69489us
Queens: iterations=404 runtime: 69475us
Queens: iterations=405 runtime: 69507us
Queens: iterations=406 runtime: 69465us
Queens: iterations=407 runtime: 69511us
Queens: iterations=408 runtime: 69504us
Queens: iterations=409 runtime: 69500us
Queens: iterations=410 runtime: 69490us
Queens: iterations=411 runtime: 69482us
Could not locate BlockSlowdown.json
Skipping Loading (this might cause a fatal crash if GTSlowdown is on)
Queens: iterations=412 runtime: 69428us
Queens: iterations=413 runtime: 69105us
Queens: iterations=414 runtime: 69172us
Queens: iterations=415 runtime: 69232us
Queens: iterations=416 runtime: 69243us
Queens: iterations=417 runtime: 69250us
Queens: iterations=418 runtime: 69233us
Queens: iterations=419 runtime: 69389us
Queens: iterations=420 runtime: 69304us
Queens: iterations=421 runtime: 69336us
Queens: iterations=422 runtime: 69339us
Queens: iterations=423 runtime: 69341us
Queens: iterations=424 runtime: 69891us
Queens: iterations=425 runtime: 69301us
Queens: iterations=426 runtime: 69295us
Queens: iterations=427 runtime: 69284us
Queens: iterations=428 runtime: 69280us
Queens: iterations=429 runtime: 69300us
Queens: iterations=430 runtime: 69305us
Queens: iterations=431 runtime: 69343us
Queens: iterations=432 runtime: 69352us
Queens: iterations=433 runtime: 69357us
Queens: iterations=434 runtime: 69357us
Queens: iterations=435 runtime: 69352us
Queens: iterations=436 runtime: 69353us
Queens: iterations=437 runtime: 69365us
Queens: iterations=438 runtime: 69365us
Queens: iterations=439 runtime: 69346us
Queens: iterations=440 runtime: 69334us
Queens: iterations=441 runtime: 69330us
Queens: iterations=442 runtime: 69337us
Queens: iterations=443 runtime: 69324us
Queens: iterations=444 runtime: 69318us
Queens: iterations=445 runtime: 69330us
Queens: iterations=446 runtime: 70140us
Queens: iterations=447 runtime: 69347us
Queens: iterations=448 runtime: 69461us
Queens: iterations=449 runtime: 69384us
Queens: iterations=450 runtime: 69383us
Queens: iterations=451 runtime: 69385us
Queens: iterations=452 runtime: 69396us
Queens: iterations=453 runtime: 69438us
Queens: iterations=454 runtime: 69428us
Queens: iterations=455 runtime: 69399us
Queens: iterations=456 runtime: 69394us
Queens: iterations=457 runtime: 69394us
Queens: iterations=458 runtime: 69399us
Queens: iterations=459 runtime: 69384us
Queens: iterations=460 runtime: 69385us
Queens: iterations=461 runtime: 69382us
Queens: iterations=462 runtime: 69387us
Queens: iterations=463 runtime: 69379us
Queens: iterations=464 runtime: 69380us
Queens: iterations=465 runtime: 69381us
Queens: iterations=466 runtime: 69558us
Queens: iterations=467 runtime: 69609us
Queens: iterations=468 runtime: 70027us
Queens: iterations=469 runtime: 69647us
Queens: iterations=470 runtime: 69430us
Queens: iterations=471 runtime: 69422us
Queens: iterations=472 runtime: 69397us
Queens: iterations=473 runtime: 69395us
Queens: iterations=474 runtime: 69390us
Queens: iterations=475 runtime: 69393us
Queens: iterations=476 runtime: 69503us
Queens: iterations=477 runtime: 69426us
Queens: iterations=478 runtime: 69405us
Queens: iterations=479 runtime: 69403us
Queens: iterations=480 runtime: 69402us
Queens: iterations=481 runtime: 69401us
Queens: iterations=482 runtime: 69397us
Queens: iterations=483 runtime: 69401us
Queens: iterations=484 runtime: 69405us
Queens: iterations=485 runtime: 69405us
Queens: iterations=486 runtime: 69409us
Queens: iterations=487 runtime: 69403us
Queens: iterations=488 runtime: 69405us
Queens: iterations=489 runtime: 69418us
Queens: iterations=490 runtime: 70196us
Queens: iterations=491 runtime: 69157us
Queens: iterations=492 runtime: 69242us
Queens: iterations=493 runtime: 69238us
Queens: iterations=494 runtime: 69256us
Queens: iterations=495 runtime: 69343us
Queens: iterations=496 runtime: 69334us
Queens: iterations=497 runtime: 69366us
Queens: iterations=498 runtime: 69369us
Queens: iterations=499 runtime: 69414us
Queens: iterations=500 runtime: 69405us
Could not locate BlockSlowdown.json
Skipping Loading (this might cause a fatal crash if GTSlowdown is on)
Queens: iterations=500 average: 69125us total: 34562861us


Total Runtime: 34562861us
Bubo.RDTSC.Harness.main Total RDTSC cycles: 114727391386
