Could not locate BlockSlowdown.json
Skipping Loading (this might cause a fatal crash if GTSlowdown is on)
Could not locate BlockSlowdown.json
Skipping Loading (this might cause a fatal crash if GTSlowdown is on)
Starting CD benchmark ...
CD: iterations=1 runtime: 664243us
CD: iterations=2 runtime: 176435us
CD: iterations=3 runtime: 128523us
CD: iterations=4 runtime: 114165us
CD: iterations=5 runtime: 114201us
CD: iterations=6 runtime: 116971us
CD: iterations=7 runtime: 115153us
CD: iterations=8 runtime: 114343us
CD: iterations=9 runtime: 113099us
CD: iterations=10 runtime: 114068us
CD: iterations=11 runtime: 114081us
CD: iterations=12 runtime: 113798us
CD: iterations=13 runtime: 113907us
CD: iterations=14 runtime: 114215us
CD: iterations=15 runtime: 115001us
CD: iterations=16 runtime: 115421us
CD: iterations=17 runtime: 113275us
CD: iterations=18 runtime: 112916us
CD: iterations=19 runtime: 112638us
Could not locate BlockSlowdown.json
Skipping Loading (this might cause a fatal crash if GTSlowdown is on)
CD: iterations=20 runtime: 112889us
CD: iterations=21 runtime: 137045us
CD: iterations=22 runtime: 113972us
CD: iterations=23 runtime: 113755us
CD: iterations=24 runtime: 113658us
CD: iterations=25 runtime: 113017us
CD: iterations=26 runtime: 113523us
CD: iterations=27 runtime: 112841us
CD: iterations=28 runtime: 113125us
CD: iterations=29 runtime: 113774us
CD: iterations=30 runtime: 113584us
CD: iterations=31 runtime: 113885us
CD: iterations=32 runtime: 113762us
CD: iterations=33 runtime: 113770us
CD: iterations=34 runtime: 113802us
CD: iterations=35 runtime: 112850us
CD: iterations=36 runtime: 113204us
CD: iterations=37 runtime: 113024us
CD: iterations=38 runtime: 113536us
CD: iterations=39 runtime: 113337us
CD: iterations=40 runtime: 113449us
CD: iterations=41 runtime: 113542us
CD: iterations=42 runtime: 113047us
CD: iterations=43 runtime: 112901us
CD: iterations=44 runtime: 114648us
CD: iterations=45 runtime: 113672us
CD: iterations=46 runtime: 113902us
CD: iterations=47 runtime: 113922us
CD: iterations=48 runtime: 113547us
CD: iterations=49 runtime: 113738us
CD: iterations=50 runtime: 113439us
CD: iterations=51 runtime: 113309us
CD: iterations=52 runtime: 113143us
CD: iterations=53 runtime: 113170us
CD: iterations=54 runtime: 113634us
CD: iterations=55 runtime: 114017us
CD: iterations=56 runtime: 113665us
CD: iterations=57 runtime: 114428us
CD: iterations=58 runtime: 114220us
CD: iterations=59 runtime: 113206us
CD: iterations=60 runtime: 113444us
CD: iterations=61 runtime: 113078us
CD: iterations=62 runtime: 113455us
CD: iterations=63 runtime: 113137us
CD: iterations=64 runtime: 113261us
CD: iterations=65 runtime: 113541us
CD: iterations=66 runtime: 113552us
CD: iterations=67 runtime: 113832us
CD: iterations=68 runtime: 113287us
CD: iterations=69 runtime: 112977us
CD: iterations=70 runtime: 112973us
CD: iterations=71 runtime: 113153us
CD: iterations=72 runtime: 113157us
CD: iterations=73 runtime: 113526us
CD: iterations=74 runtime: 113601us
CD: iterations=75 runtime: 113602us
CD: iterations=76 runtime: 113157us
CD: iterations=77 runtime: 112721us
CD: iterations=78 runtime: 113343us
CD: iterations=79 runtime: 113203us
CD: iterations=80 runtime: 113353us
CD: iterations=81 runtime: 113639us
CD: iterations=82 runtime: 113240us
CD: iterations=83 runtime: 113682us
CD: iterations=84 runtime: 113343us
CD: iterations=85 runtime: 112354us
CD: iterations=86 runtime: 112667us
CD: iterations=87 runtime: 112776us
CD: iterations=88 runtime: 113992us
CD: iterations=89 runtime: 114127us
CD: iterations=90 runtime: 113867us
Could not locate BlockSlowdown.json
Skipping Loading (this might cause a fatal crash if GTSlowdown is on)
CD: iterations=91 runtime: 114491us
CD: iterations=92 runtime: 113761us
CD: iterations=93 runtime: 113153us
CD: iterations=94 runtime: 112642us
CD: iterations=95 runtime: 112656us
CD: iterations=96 runtime: 113053us
CD: iterations=97 runtime: 113420us
CD: iterations=98 runtime: 113390us
CD: iterations=99 runtime: 113576us
CD: iterations=100 runtime: 113923us
CD: iterations=101 runtime: 113118us
CD: iterations=102 runtime: 112544us
Could not locate BlockSlowdown.json
Skipping Loading (this might cause a fatal crash if GTSlowdown is on)
CD: iterations=103 runtime: 192875us
CD: iterations=104 runtime: 113040us
CD: iterations=105 runtime: 112937us
CD: iterations=106 runtime: 113049us
CD: iterations=107 runtime: 113322us
CD: iterations=108 runtime: 113130us
CD: iterations=109 runtime: 113672us
CD: iterations=110 runtime: 113074us
CD: iterations=111 runtime: 112506us
CD: iterations=112 runtime: 113526us
CD: iterations=113 runtime: 113002us
CD: iterations=114 runtime: 112974us
CD: iterations=115 runtime: 113048us
CD: iterations=116 runtime: 113193us
CD: iterations=117 runtime: 113320us
CD: iterations=118 runtime: 112808us
CD: iterations=119 runtime: 112430us
CD: iterations=120 runtime: 112695us
CD: iterations=121 runtime: 113099us
CD: iterations=122 runtime: 113618us
CD: iterations=123 runtime: 114183us
CD: iterations=124 runtime: 113500us
CD: iterations=125 runtime: 113980us
CD: iterations=126 runtime: 114704us
Could not locate BlockSlowdown.json
Skipping Loading (this might cause a fatal crash if GTSlowdown is on)
CD: iterations=127 runtime: 114092us
CD: iterations=128 runtime: 113430us
CD: iterations=129 runtime: 114610us
CD: iterations=130 runtime: 114910us
CD: iterations=131 runtime: 115473us
CD: iterations=132 runtime: 114269us
CD: iterations=133 runtime: 113813us
CD: iterations=134 runtime: 114907us
CD: iterations=135 runtime: 113231us
CD: iterations=136 runtime: 113448us
CD: iterations=137 runtime: 112911us
CD: iterations=138 runtime: 113175us
CD: iterations=139 runtime: 113205us
CD: iterations=140 runtime: 113297us
CD: iterations=141 runtime: 113855us
CD: iterations=142 runtime: 113855us
CD: iterations=143 runtime: 113320us
CD: iterations=144 runtime: 113433us
CD: iterations=145 runtime: 113250us
CD: iterations=146 runtime: 113157us
CD: iterations=147 runtime: 113350us
CD: iterations=148 runtime: 113126us
CD: iterations=149 runtime: 113191us
CD: iterations=150 runtime: 113483us
CD: iterations=151 runtime: 113396us
CD: iterations=152 runtime: 112802us
CD: iterations=153 runtime: 112561us
CD: iterations=154 runtime: 112572us
CD: iterations=155 runtime: 113009us
CD: iterations=156 runtime: 113028us
CD: iterations=157 runtime: 113117us
CD: iterations=158 runtime: 113242us
CD: iterations=159 runtime: 113536us
CD: iterations=160 runtime: 112927us
CD: iterations=161 runtime: 112304us
CD: iterations=162 runtime: 112485us
CD: iterations=163 runtime: 112639us
CD: iterations=164 runtime: 112975us
CD: iterations=165 runtime: 113142us
CD: iterations=166 runtime: 113208us
CD: iterations=167 runtime: 113461us
CD: iterations=168 runtime: 112936us
CD: iterations=169 runtime: 112151us
CD: iterations=170 runtime: 112329us
CD: iterations=171 runtime: 112705us
CD: iterations=172 runtime: 112886us
CD: iterations=173 runtime: 113002us
CD: iterations=174 runtime: 113144us
CD: iterations=175 runtime: 113261us
CD: iterations=176 runtime: 114749us
CD: iterations=177 runtime: 112763us
CD: iterations=178 runtime: 113692us
CD: iterations=179 runtime: 112673us
CD: iterations=180 runtime: 112699us
CD: iterations=181 runtime: 112720us
CD: iterations=182 runtime: 113095us
CD: iterations=183 runtime: 113205us
CD: iterations=184 runtime: 113494us
CD: iterations=185 runtime: 113124us
CD: iterations=186 runtime: 125642us
CD: iterations=187 runtime: 116307us
CD: iterations=188 runtime: 112913us
CD: iterations=189 runtime: 112804us
CD: iterations=190 runtime: 112976us
CD: iterations=191 runtime: 113204us
CD: iterations=192 runtime: 113205us
CD: iterations=193 runtime: 113473us
CD: iterations=194 runtime: 112985us
CD: iterations=195 runtime: 112740us
CD: iterations=196 runtime: 112473us
CD: iterations=197 runtime: 112903us
CD: iterations=198 runtime: 113004us
CD: iterations=199 runtime: 113062us
CD: iterations=200 runtime: 113338us
CD: iterations=201 runtime: 113347us
CD: iterations=202 runtime: 112845us
CD: iterations=203 runtime: 112459us
CD: iterations=204 runtime: 112567us
CD: iterations=205 runtime: 112716us
CD: iterations=206 runtime: 112845us
CD: iterations=207 runtime: 113025us
CD: iterations=208 runtime: 113176us
CD: iterations=209 runtime: 113331us
CD: iterations=210 runtime: 113321us
CD: iterations=211 runtime: 112980us
CD: iterations=212 runtime: 112357us
CD: iterations=213 runtime: 112577us
CD: iterations=214 runtime: 112898us
CD: iterations=215 runtime: 112927us
CD: iterations=216 runtime: 113286us
CD: iterations=217 runtime: 113481us
CD: iterations=218 runtime: 113537us
CD: iterations=219 runtime: 113033us
CD: iterations=220 runtime: 114146us
CD: iterations=221 runtime: 113024us
CD: iterations=222 runtime: 114028us
CD: iterations=223 runtime: 113394us
CD: iterations=224 runtime: 113327us
CD: iterations=225 runtime: 113406us
CD: iterations=226 runtime: 113596us
CD: iterations=227 runtime: 113139us
CD: iterations=228 runtime: 112499us
CD: iterations=229 runtime: 112383us
CD: iterations=230 runtime: 112743us
CD: iterations=231 runtime: 112862us
CD: iterations=232 runtime: 113092us
CD: iterations=233 runtime: 113371us
CD: iterations=234 runtime: 113547us
CD: iterations=235 runtime: 113498us
CD: iterations=236 runtime: 113306us
CD: iterations=237 runtime: 112643us
CD: iterations=238 runtime: 112545us
CD: iterations=239 runtime: 112848us
CD: iterations=240 runtime: 113018us
CD: iterations=241 runtime: 113282us
CD: iterations=242 runtime: 113528us
CD: iterations=243 runtime: 113686us
CD: iterations=244 runtime: 113106us
CD: iterations=245 runtime: 112409us
CD: iterations=246 runtime: 112787us
CD: iterations=247 runtime: 112759us
CD: iterations=248 runtime: 112945us
CD: iterations=249 runtime: 113272us
CD: iterations=250 runtime: 113507us
CD: iterations=251 runtime: 113524us
CD: iterations=252 runtime: 113628us
CD: iterations=253 runtime: 113274us
CD: iterations=254 runtime: 112827us
CD: iterations=255 runtime: 112789us
CD: iterations=256 runtime: 112985us
CD: iterations=257 runtime: 113231us
CD: iterations=258 runtime: 113109us
CD: iterations=259 runtime: 113370us
CD: iterations=260 runtime: 113400us
CD: iterations=261 runtime: 112813us
CD: iterations=262 runtime: 112643us
CD: iterations=263 runtime: 112967us
CD: iterations=264 runtime: 114096us
CD: iterations=265 runtime: 113329us
CD: iterations=266 runtime: 114060us
CD: iterations=267 runtime: 113897us
CD: iterations=268 runtime: 113434us
CD: iterations=269 runtime: 113206us
CD: iterations=270 runtime: 112457us
CD: iterations=271 runtime: 112467us
CD: iterations=272 runtime: 112998us
CD: iterations=273 runtime: 113141us
CD: iterations=274 runtime: 113149us
CD: iterations=275 runtime: 113271us
CD: iterations=276 runtime: 113261us
CD: iterations=277 runtime: 113458us
CD: iterations=278 runtime: 112973us
CD: iterations=279 runtime: 112756us
CD: iterations=280 runtime: 112806us
CD: iterations=281 runtime: 113085us
CD: iterations=282 runtime: 112867us
CD: iterations=283 runtime: 113054us
CD: iterations=284 runtime: 113283us
CD: iterations=285 runtime: 113736us
CD: iterations=286 runtime: 113198us
CD: iterations=287 runtime: 112335us
CD: iterations=288 runtime: 112696us
CD: iterations=289 runtime: 112802us
CD: iterations=290 runtime: 113156us
CD: iterations=291 runtime: 113891us
CD: iterations=292 runtime: 113806us
CD: iterations=293 runtime: 113738us
CD: iterations=294 runtime: 114084us
CD: iterations=295 runtime: 112977us
CD: iterations=296 runtime: 113219us
CD: iterations=297 runtime: 113229us
CD: iterations=298 runtime: 113012us
CD: iterations=299 runtime: 113386us
CD: iterations=300 runtime: 113271us
CD: iterations=301 runtime: 113847us
CD: iterations=302 runtime: 113594us
CD: iterations=303 runtime: 112910us
CD: iterations=304 runtime: 112588us
CD: iterations=305 runtime: 112538us
CD: iterations=306 runtime: 113145us
CD: iterations=307 runtime: 113769us
CD: iterations=308 runtime: 114026us
CD: iterations=309 runtime: 113911us
CD: iterations=310 runtime: 114393us
CD: iterations=311 runtime: 113692us
CD: iterations=312 runtime: 113035us
CD: iterations=313 runtime: 113257us
CD: iterations=314 runtime: 113137us
CD: iterations=315 runtime: 113020us
CD: iterations=316 runtime: 113303us
CD: iterations=317 runtime: 113539us
CD: iterations=318 runtime: 113884us
CD: iterations=319 runtime: 113672us
CD: iterations=320 runtime: 112884us
CD: iterations=321 runtime: 113527us
CD: iterations=322 runtime: 112832us
CD: iterations=323 runtime: 113114us
CD: iterations=324 runtime: 113225us
CD: iterations=325 runtime: 113369us
CD: iterations=326 runtime: 113644us
CD: iterations=327 runtime: 113730us
CD: iterations=328 runtime: 112880us
CD: iterations=329 runtime: 113088us
CD: iterations=330 runtime: 112831us
CD: iterations=331 runtime: 113197us
CD: iterations=332 runtime: 112947us
CD: iterations=333 runtime: 113346us
CD: iterations=334 runtime: 113422us
CD: iterations=335 runtime: 113666us
CD: iterations=336 runtime: 113805us
CD: iterations=337 runtime: 112649us
CD: iterations=338 runtime: 112672us
CD: iterations=339 runtime: 113412us
CD: iterations=340 runtime: 112921us
CD: iterations=341 runtime: 113058us
CD: iterations=342 runtime: 113224us
CD: iterations=343 runtime: 113812us
CD: iterations=344 runtime: 113258us
CD: iterations=345 runtime: 112911us
CD: iterations=346 runtime: 112395us
CD: iterations=347 runtime: 113208us
CD: iterations=348 runtime: 113235us
CD: iterations=349 runtime: 113094us
CD: iterations=350 runtime: 113157us
CD: iterations=351 runtime: 113648us
CD: iterations=352 runtime: 113980us
CD: iterations=353 runtime: 113783us
CD: iterations=354 runtime: 113543us
CD: iterations=355 runtime: 113056us
CD: iterations=356 runtime: 112723us
CD: iterations=357 runtime: 112589us
CD: iterations=358 runtime: 112751us
CD: iterations=359 runtime: 113259us
CD: iterations=360 runtime: 113227us
CD: iterations=361 runtime: 113400us
CD: iterations=362 runtime: 112766us
CD: iterations=363 runtime: 112608us
CD: iterations=364 runtime: 112637us
CD: iterations=365 runtime: 112628us
CD: iterations=366 runtime: 112784us
CD: iterations=367 runtime: 113057us
CD: iterations=368 runtime: 112887us
CD: iterations=369 runtime: 113203us
CD: iterations=370 runtime: 112832us
CD: iterations=371 runtime: 112523us
CD: iterations=372 runtime: 112576us
CD: iterations=373 runtime: 112814us
CD: iterations=374 runtime: 112762us
CD: iterations=375 runtime: 113580us
CD: iterations=376 runtime: 113114us
CD: iterations=377 runtime: 113492us
CD: iterations=378 runtime: 113295us
CD: iterations=379 runtime: 112753us
CD: iterations=380 runtime: 112660us
CD: iterations=381 runtime: 112858us
CD: iterations=382 runtime: 112921us
CD: iterations=383 runtime: 112955us
CD: iterations=384 runtime: 113360us
CD: iterations=385 runtime: 195902us
CD: iterations=386 runtime: 113206us
CD: iterations=387 runtime: 112677us
CD: iterations=388 runtime: 112822us
CD: iterations=389 runtime: 113035us
CD: iterations=390 runtime: 113128us
CD: iterations=391 runtime: 113805us
CD: iterations=392 runtime: 112808us
CD: iterations=393 runtime: 113048us
CD: iterations=394 runtime: 113225us
CD: iterations=395 runtime: 113185us
CD: iterations=396 runtime: 113887us
CD: iterations=397 runtime: 112667us
CD: iterations=398 runtime: 113728us
CD: iterations=399 runtime: 113084us
CD: iterations=400 runtime: 113113us
CD: iterations=401 runtime: 113049us
CD: iterations=402 runtime: 113384us
CD: iterations=403 runtime: 113721us
CD: iterations=404 runtime: 112658us
CD: iterations=405 runtime: 112538us
CD: iterations=406 runtime: 112463us
CD: iterations=407 runtime: 112537us
CD: iterations=408 runtime: 112965us
CD: iterations=409 runtime: 113167us
CD: iterations=410 runtime: 113111us
CD: iterations=411 runtime: 113180us
CD: iterations=412 runtime: 112695us
CD: iterations=413 runtime: 112501us
CD: iterations=414 runtime: 112530us
CD: iterations=415 runtime: 112894us
CD: iterations=416 runtime: 113253us
CD: iterations=417 runtime: 113003us
Could not locate BlockSlowdown.json
Skipping Loading (this might cause a fatal crash if GTSlowdown is on)
CD: iterations=418 runtime: 113231us
CD: iterations=419 runtime: 113992us
CD: iterations=420 runtime: 113563us
CD: iterations=421 runtime: 112834us
CD: iterations=422 runtime: 112685us
CD: iterations=423 runtime: 112541us
CD: iterations=424 runtime: 113295us
CD: iterations=425 runtime: 112887us
CD: iterations=426 runtime: 113113us
CD: iterations=427 runtime: 113209us
CD: iterations=428 runtime: 113760us
CD: iterations=429 runtime: 113032us
CD: iterations=430 runtime: 112586us
CD: iterations=431 runtime: 113051us
CD: iterations=432 runtime: 112786us
CD: iterations=433 runtime: 113106us
CD: iterations=434 runtime: 113157us
CD: iterations=435 runtime: 113449us
CD: iterations=436 runtime: 113321us
CD: iterations=437 runtime: 113643us
CD: iterations=438 runtime: 112919us
CD: iterations=439 runtime: 112544us
CD: iterations=440 runtime: 113954us
CD: iterations=441 runtime: 113152us
CD: iterations=442 runtime: 113777us
CD: iterations=443 runtime: 113283us
CD: iterations=444 runtime: 113288us
CD: iterations=445 runtime: 113390us
CD: iterations=446 runtime: 112739us
CD: iterations=447 runtime: 112474us
CD: iterations=448 runtime: 112824us
CD: iterations=449 runtime: 112781us
CD: iterations=450 runtime: 112915us
CD: iterations=451 runtime: 112988us
CD: iterations=452 runtime: 113126us
CD: iterations=453 runtime: 113474us
CD: iterations=454 runtime: 113111us
CD: iterations=455 runtime: 112624us
CD: iterations=456 runtime: 112337us
CD: iterations=457 runtime: 112705us
CD: iterations=458 runtime: 112951us
CD: iterations=459 runtime: 112800us
CD: iterations=460 runtime: 113083us
CD: iterations=461 runtime: 113269us
CD: iterations=462 runtime: 113179us
CD: iterations=463 runtime: 112769us
CD: iterations=464 runtime: 112467us
CD: iterations=465 runtime: 112548us
CD: iterations=466 runtime: 112887us
CD: iterations=467 runtime: 112966us
CD: iterations=468 runtime: 112970us
CD: iterations=469 runtime: 113210us
CD: iterations=470 runtime: 113336us
CD: iterations=471 runtime: 112853us
CD: iterations=472 runtime: 112342us
CD: iterations=473 runtime: 112544us
CD: iterations=474 runtime: 112673us
CD: iterations=475 runtime: 112767us
CD: iterations=476 runtime: 112994us
CD: iterations=477 runtime: 113275us
CD: iterations=478 runtime: 113281us
CD: iterations=479 runtime: 113366us
CD: iterations=480 runtime: 112678us
CD: iterations=481 runtime: 112451us
CD: iterations=482 runtime: 112655us
CD: iterations=483 runtime: 112733us
CD: iterations=484 runtime: 113886us
CD: iterations=485 runtime: 113473us
CD: iterations=486 runtime: 114244us
CD: iterations=487 runtime: 113821us
CD: iterations=488 runtime: 112773us
CD: iterations=489 runtime: 113109us
CD: iterations=490 runtime: 112773us
CD: iterations=491 runtime: 112999us
CD: iterations=492 runtime: 113102us
CD: iterations=493 runtime: 113503us
CD: iterations=494 runtime: 113576us
CD: iterations=495 runtime: 113733us
CD: iterations=496 runtime: 113535us
CD: iterations=497 runtime: 112681us
CD: iterations=498 runtime: 112810us
CD: iterations=499 runtime: 113320us
CD: iterations=500 runtime: 112796us
Could not locate BlockSlowdown.json
Skipping Loading (this might cause a fatal crash if GTSlowdown is on)
CD: iterations=500 average: 114891us total: 57445850us


Total Runtime: 57445850us
Bubo.RDTSC.Harness.main Total RDTSC cycles: 190590613230
