Could not locate BlockSlowdown.json
Skipping Loading (this might cause a fatal crash if GTSlowdown is on)
Could not locate BlockSlowdown.json
Skipping Loading (this might cause a fatal crash if GTSlowdown is on)
Starting CD benchmark ...
CD: iterations=1 runtime: 687095us
CD: iterations=2 runtime: 216688us
CD: iterations=3 runtime: 159870us
CD: iterations=4 runtime: 152598us
CD: iterations=5 runtime: 152622us
CD: iterations=6 runtime: 152669us
CD: iterations=7 runtime: 152729us
CD: iterations=8 runtime: 152435us
CD: iterations=9 runtime: 152329us
CD: iterations=10 runtime: 152270us
CD: iterations=11 runtime: 152439us
CD: iterations=12 runtime: 153290us
CD: iterations=13 runtime: 153149us
CD: iterations=14 runtime: 151843us
CD: iterations=15 runtime: 152927us
CD: iterations=16 runtime: 151761us
CD: iterations=17 runtime: 152448us
CD: iterations=18 runtime: 151715us
CD: iterations=19 runtime: 151939us
Could not locate BlockSlowdown.json
Skipping Loading (this might cause a fatal crash if GTSlowdown is on)
CD: iterations=20 runtime: 152011us
CD: iterations=21 runtime: 175954us
CD: iterations=22 runtime: 151936us
CD: iterations=23 runtime: 151475us
CD: iterations=24 runtime: 151676us
CD: iterations=25 runtime: 151473us
CD: iterations=26 runtime: 151832us
CD: iterations=27 runtime: 151721us
CD: iterations=28 runtime: 151588us
CD: iterations=29 runtime: 151514us
CD: iterations=30 runtime: 151496us
CD: iterations=31 runtime: 151355us
CD: iterations=32 runtime: 152165us
CD: iterations=33 runtime: 152303us
CD: iterations=34 runtime: 152392us
CD: iterations=35 runtime: 152406us
CD: iterations=36 runtime: 152018us
CD: iterations=37 runtime: 152582us
CD: iterations=38 runtime: 152196us
CD: iterations=39 runtime: 151958us
CD: iterations=40 runtime: 151799us
CD: iterations=41 runtime: 151842us
CD: iterations=42 runtime: 152001us
CD: iterations=43 runtime: 151716us
CD: iterations=44 runtime: 152201us
CD: iterations=45 runtime: 152217us
CD: iterations=46 runtime: 152661us
CD: iterations=47 runtime: 151678us
CD: iterations=48 runtime: 151871us
CD: iterations=49 runtime: 152048us
CD: iterations=50 runtime: 152047us
CD: iterations=51 runtime: 153068us
CD: iterations=52 runtime: 151958us
CD: iterations=53 runtime: 152013us
CD: iterations=54 runtime: 151579us
CD: iterations=55 runtime: 151616us
CD: iterations=56 runtime: 151718us
CD: iterations=57 runtime: 151560us
CD: iterations=58 runtime: 151656us
CD: iterations=59 runtime: 151595us
CD: iterations=60 runtime: 151713us
CD: iterations=61 runtime: 151631us
CD: iterations=62 runtime: 151248us
CD: iterations=63 runtime: 152356us
CD: iterations=64 runtime: 152241us
CD: iterations=65 runtime: 152265us
CD: iterations=66 runtime: 152043us
CD: iterations=67 runtime: 152080us
CD: iterations=68 runtime: 152011us
CD: iterations=69 runtime: 152004us
CD: iterations=70 runtime: 151830us
CD: iterations=71 runtime: 151959us
CD: iterations=72 runtime: 151752us
CD: iterations=73 runtime: 151576us
CD: iterations=74 runtime: 157132us
CD: iterations=75 runtime: 151500us
CD: iterations=76 runtime: 151351us
CD: iterations=77 runtime: 152418us
CD: iterations=78 runtime: 152155us
CD: iterations=79 runtime: 153252us
CD: iterations=80 runtime: 152271us
CD: iterations=81 runtime: 152019us
CD: iterations=82 runtime: 152368us
CD: iterations=83 runtime: 152092us
CD: iterations=84 runtime: 151754us
CD: iterations=85 runtime: 152174us
CD: iterations=86 runtime: 151832us
CD: iterations=87 runtime: 151865us
CD: iterations=88 runtime: 151737us
CD: iterations=89 runtime: 151575us
CD: iterations=90 runtime: 151456us
Could not locate BlockSlowdown.json
Skipping Loading (this might cause a fatal crash if GTSlowdown is on)
CD: iterations=91 runtime: 151543us
CD: iterations=92 runtime: 151622us
CD: iterations=93 runtime: 151259us
CD: iterations=94 runtime: 151915us
CD: iterations=95 runtime: 151928us
CD: iterations=96 runtime: 152120us
CD: iterations=97 runtime: 151988us
CD: iterations=98 runtime: 152210us
CD: iterations=99 runtime: 152053us
CD: iterations=100 runtime: 151797us
CD: iterations=101 runtime: 152032us
CD: iterations=102 runtime: 151669us
Could not locate BlockSlowdown.json
Skipping Loading (this might cause a fatal crash if GTSlowdown is on)
CD: iterations=103 runtime: 232535us
CD: iterations=104 runtime: 151510us
CD: iterations=105 runtime: 151590us
CD: iterations=106 runtime: 151241us
CD: iterations=107 runtime: 151333us
CD: iterations=108 runtime: 150930us
CD: iterations=109 runtime: 153004us
CD: iterations=110 runtime: 152794us
CD: iterations=111 runtime: 154038us
CD: iterations=112 runtime: 152015us
CD: iterations=113 runtime: 151624us
CD: iterations=114 runtime: 151611us
CD: iterations=115 runtime: 151606us
CD: iterations=116 runtime: 151419us
CD: iterations=117 runtime: 151311us
CD: iterations=118 runtime: 151383us
CD: iterations=119 runtime: 151253us
CD: iterations=120 runtime: 151178us
CD: iterations=121 runtime: 151231us
CD: iterations=122 runtime: 151287us
CD: iterations=123 runtime: 150918us
CD: iterations=124 runtime: 151261us
CD: iterations=125 runtime: 151425us
CD: iterations=126 runtime: 151547us
Could not locate BlockSlowdown.json
Skipping Loading (this might cause a fatal crash if GTSlowdown is on)
CD: iterations=127 runtime: 151812us
CD: iterations=128 runtime: 151593us
CD: iterations=129 runtime: 151363us
CD: iterations=130 runtime: 151466us
CD: iterations=131 runtime: 151561us
CD: iterations=132 runtime: 151396us
CD: iterations=133 runtime: 151314us
CD: iterations=134 runtime: 151690us
CD: iterations=135 runtime: 151384us
CD: iterations=136 runtime: 151244us
CD: iterations=137 runtime: 151175us
CD: iterations=138 runtime: 151043us
CD: iterations=139 runtime: 150850us
CD: iterations=140 runtime: 151165us
CD: iterations=141 runtime: 151499us
CD: iterations=142 runtime: 151464us
CD: iterations=143 runtime: 153018us
CD: iterations=144 runtime: 153991us
CD: iterations=145 runtime: 151724us
CD: iterations=146 runtime: 151622us
CD: iterations=147 runtime: 151515us
CD: iterations=148 runtime: 151505us
CD: iterations=149 runtime: 151386us
CD: iterations=150 runtime: 151412us
CD: iterations=151 runtime: 151305us
CD: iterations=152 runtime: 151144us
CD: iterations=153 runtime: 151198us
CD: iterations=154 runtime: 150943us
CD: iterations=155 runtime: 150714us
CD: iterations=156 runtime: 151871us
CD: iterations=157 runtime: 152195us
CD: iterations=158 runtime: 152090us
CD: iterations=159 runtime: 152238us
CD: iterations=160 runtime: 152166us
CD: iterations=161 runtime: 151748us
CD: iterations=162 runtime: 151762us
CD: iterations=163 runtime: 152294us
CD: iterations=164 runtime: 152049us
CD: iterations=165 runtime: 152241us
CD: iterations=166 runtime: 151524us
CD: iterations=167 runtime: 151626us
CD: iterations=168 runtime: 151488us
CD: iterations=169 runtime: 151829us
CD: iterations=170 runtime: 151424us
CD: iterations=171 runtime: 151419us
CD: iterations=172 runtime: 152172us
CD: iterations=173 runtime: 152075us
CD: iterations=174 runtime: 151687us
CD: iterations=175 runtime: 151754us
CD: iterations=176 runtime: 152543us
CD: iterations=177 runtime: 153855us
CD: iterations=178 runtime: 151434us
CD: iterations=179 runtime: 151485us
CD: iterations=180 runtime: 151292us
CD: iterations=181 runtime: 151178us
CD: iterations=182 runtime: 151181us
CD: iterations=183 runtime: 151309us
CD: iterations=184 runtime: 166932us
CD: iterations=185 runtime: 152308us
CD: iterations=186 runtime: 150661us
CD: iterations=187 runtime: 156827us
CD: iterations=188 runtime: 151443us
CD: iterations=189 runtime: 151438us
CD: iterations=190 runtime: 151415us
CD: iterations=191 runtime: 151421us
CD: iterations=192 runtime: 151314us
CD: iterations=193 runtime: 151159us
CD: iterations=194 runtime: 151096us
CD: iterations=195 runtime: 151089us
CD: iterations=196 runtime: 151571us
CD: iterations=197 runtime: 151522us
CD: iterations=198 runtime: 150965us
CD: iterations=199 runtime: 151254us
CD: iterations=200 runtime: 150953us
CD: iterations=201 runtime: 150673us
CD: iterations=202 runtime: 150681us
CD: iterations=203 runtime: 151227us
CD: iterations=204 runtime: 151720us
CD: iterations=205 runtime: 151502us
CD: iterations=206 runtime: 151685us
CD: iterations=207 runtime: 153010us
CD: iterations=208 runtime: 152496us
CD: iterations=209 runtime: 151733us
CD: iterations=210 runtime: 152541us
CD: iterations=211 runtime: 151068us
CD: iterations=212 runtime: 151562us
CD: iterations=213 runtime: 152003us
CD: iterations=214 runtime: 151889us
CD: iterations=215 runtime: 151500us
CD: iterations=216 runtime: 151305us
CD: iterations=217 runtime: 151531us
CD: iterations=218 runtime: 151755us
CD: iterations=219 runtime: 151821us
CD: iterations=220 runtime: 151756us
CD: iterations=221 runtime: 151537us
CD: iterations=222 runtime: 151176us
CD: iterations=223 runtime: 163899us
CD: iterations=224 runtime: 151533us
CD: iterations=225 runtime: 151719us
CD: iterations=226 runtime: 151514us
CD: iterations=227 runtime: 152047us
CD: iterations=228 runtime: 151703us
CD: iterations=229 runtime: 151503us
CD: iterations=230 runtime: 150737us
CD: iterations=231 runtime: 151076us
CD: iterations=232 runtime: 151002us
CD: iterations=233 runtime: 151429us
CD: iterations=234 runtime: 151767us
CD: iterations=235 runtime: 151666us
CD: iterations=236 runtime: 151850us
CD: iterations=237 runtime: 151219us
CD: iterations=238 runtime: 151271us
CD: iterations=239 runtime: 151453us
CD: iterations=240 runtime: 151369us
CD: iterations=241 runtime: 151753us
CD: iterations=242 runtime: 151423us
CD: iterations=243 runtime: 152301us
CD: iterations=244 runtime: 150907us
CD: iterations=245 runtime: 150947us
CD: iterations=246 runtime: 150929us
CD: iterations=247 runtime: 150949us
CD: iterations=248 runtime: 151512us
CD: iterations=249 runtime: 151955us
CD: iterations=250 runtime: 151710us
CD: iterations=251 runtime: 151982us
CD: iterations=252 runtime: 152432us
CD: iterations=253 runtime: 151849us
CD: iterations=254 runtime: 151753us
CD: iterations=255 runtime: 151966us
CD: iterations=256 runtime: 151561us
CD: iterations=257 runtime: 151489us
CD: iterations=258 runtime: 151148us
CD: iterations=259 runtime: 151225us
CD: iterations=260 runtime: 151650us
CD: iterations=261 runtime: 151366us
CD: iterations=262 runtime: 151576us
CD: iterations=263 runtime: 151400us
CD: iterations=264 runtime: 151882us
CD: iterations=265 runtime: 151327us
CD: iterations=266 runtime: 151776us
CD: iterations=267 runtime: 151518us
CD: iterations=268 runtime: 151591us
CD: iterations=269 runtime: 151559us
CD: iterations=270 runtime: 151684us
CD: iterations=271 runtime: 151455us
CD: iterations=272 runtime: 151334us
CD: iterations=273 runtime: 151309us
CD: iterations=274 runtime: 152900us
CD: iterations=275 runtime: 151766us
CD: iterations=276 runtime: 152302us
CD: iterations=277 runtime: 150881us
CD: iterations=278 runtime: 150934us
CD: iterations=279 runtime: 150549us
CD: iterations=280 runtime: 151739us
CD: iterations=281 runtime: 151488us
CD: iterations=282 runtime: 151620us
CD: iterations=283 runtime: 151346us
CD: iterations=284 runtime: 151534us
CD: iterations=285 runtime: 151689us
CD: iterations=286 runtime: 151389us
CD: iterations=287 runtime: 151351us
CD: iterations=288 runtime: 151070us
CD: iterations=289 runtime: 150979us
CD: iterations=290 runtime: 151029us
CD: iterations=291 runtime: 150942us
CD: iterations=292 runtime: 150889us
CD: iterations=293 runtime: 150907us
CD: iterations=294 runtime: 150723us
CD: iterations=295 runtime: 151453us
CD: iterations=296 runtime: 151803us
CD: iterations=297 runtime: 151394us
CD: iterations=298 runtime: 151447us
CD: iterations=299 runtime: 151363us
CD: iterations=300 runtime: 151739us
CD: iterations=301 runtime: 151177us
CD: iterations=302 runtime: 151525us
CD: iterations=303 runtime: 151168us
CD: iterations=304 runtime: 151114us
CD: iterations=305 runtime: 151120us
CD: iterations=306 runtime: 151203us
CD: iterations=307 runtime: 152598us
CD: iterations=308 runtime: 151465us
CD: iterations=309 runtime: 152294us
CD: iterations=310 runtime: 150860us
CD: iterations=311 runtime: 151671us
CD: iterations=312 runtime: 151598us
CD: iterations=313 runtime: 151520us
CD: iterations=314 runtime: 151873us
CD: iterations=315 runtime: 151715us
CD: iterations=316 runtime: 152602us
CD: iterations=317 runtime: 151086us
CD: iterations=318 runtime: 151129us
CD: iterations=319 runtime: 151244us
CD: iterations=320 runtime: 151351us
CD: iterations=321 runtime: 151176us
CD: iterations=322 runtime: 150898us
CD: iterations=323 runtime: 150906us
CD: iterations=324 runtime: 150957us
CD: iterations=325 runtime: 151123us
CD: iterations=326 runtime: 151089us
CD: iterations=327 runtime: 151404us
CD: iterations=328 runtime: 151542us
CD: iterations=329 runtime: 151254us
CD: iterations=330 runtime: 151326us
CD: iterations=331 runtime: 151303us
CD: iterations=332 runtime: 151351us
CD: iterations=333 runtime: 151269us
CD: iterations=334 runtime: 151248us
CD: iterations=335 runtime: 151222us
CD: iterations=336 runtime: 151145us
CD: iterations=337 runtime: 150931us
CD: iterations=338 runtime: 150833us
CD: iterations=339 runtime: 150974us
CD: iterations=340 runtime: 151576us
CD: iterations=341 runtime: 151255us
CD: iterations=342 runtime: 153353us
CD: iterations=343 runtime: 151423us
CD: iterations=344 runtime: 151414us
CD: iterations=345 runtime: 151234us
CD: iterations=346 runtime: 151292us
CD: iterations=347 runtime: 151376us
CD: iterations=348 runtime: 151294us
CD: iterations=349 runtime: 151246us
CD: iterations=350 runtime: 151012us
CD: iterations=351 runtime: 151169us
CD: iterations=352 runtime: 151148us
CD: iterations=353 runtime: 151084us
CD: iterations=354 runtime: 150760us
CD: iterations=355 runtime: 150932us
CD: iterations=356 runtime: 150705us
CD: iterations=357 runtime: 151289us
CD: iterations=358 runtime: 151612us
CD: iterations=359 runtime: 151552us
CD: iterations=360 runtime: 151558us
CD: iterations=361 runtime: 151433us
CD: iterations=362 runtime: 151395us
CD: iterations=363 runtime: 151267us
CD: iterations=364 runtime: 151517us
CD: iterations=365 runtime: 151343us
CD: iterations=366 runtime: 151263us
CD: iterations=367 runtime: 151116us
CD: iterations=368 runtime: 151330us
CD: iterations=369 runtime: 150829us
CD: iterations=370 runtime: 151055us
CD: iterations=371 runtime: 151110us
CD: iterations=372 runtime: 150699us
CD: iterations=373 runtime: 151797us
CD: iterations=374 runtime: 152121us
CD: iterations=375 runtime: 164808us
CD: iterations=376 runtime: 151577us
CD: iterations=377 runtime: 151497us
CD: iterations=378 runtime: 151325us
CD: iterations=379 runtime: 151300us
CD: iterations=380 runtime: 151273us
CD: iterations=381 runtime: 151094us
CD: iterations=382 runtime: 151230us
CD: iterations=383 runtime: 151254us
CD: iterations=384 runtime: 151308us
CD: iterations=385 runtime: 150840us
CD: iterations=386 runtime: 150721us
CD: iterations=387 runtime: 150911us
CD: iterations=388 runtime: 151572us
CD: iterations=389 runtime: 151624us
CD: iterations=390 runtime: 151457us
CD: iterations=391 runtime: 151568us
CD: iterations=392 runtime: 151567us
CD: iterations=393 runtime: 151643us
CD: iterations=394 runtime: 151331us
CD: iterations=395 runtime: 151339us
CD: iterations=396 runtime: 151396us
CD: iterations=397 runtime: 151274us
CD: iterations=398 runtime: 151034us
CD: iterations=399 runtime: 151182us
CD: iterations=400 runtime: 150923us
CD: iterations=401 runtime: 150986us
CD: iterations=402 runtime: 150990us
CD: iterations=403 runtime: 150999us
CD: iterations=404 runtime: 151654us
CD: iterations=405 runtime: 153276us
CD: iterations=406 runtime: 152116us
CD: iterations=407 runtime: 152303us
CD: iterations=408 runtime: 152875us
CD: iterations=409 runtime: 151566us
CD: iterations=410 runtime: 151687us
CD: iterations=411 runtime: 151255us
CD: iterations=412 runtime: 151813us
CD: iterations=413 runtime: 151560us
CD: iterations=414 runtime: 151425us
CD: iterations=415 runtime: 151583us
CD: iterations=416 runtime: 151981us
CD: iterations=417 runtime: 151271us
Could not locate BlockSlowdown.json
Skipping Loading (this might cause a fatal crash if GTSlowdown is on)
CD: iterations=418 runtime: 151907us
CD: iterations=419 runtime: 151532us
CD: iterations=420 runtime: 151576us
CD: iterations=421 runtime: 151686us
CD: iterations=422 runtime: 151538us
CD: iterations=423 runtime: 151512us
CD: iterations=424 runtime: 151472us
CD: iterations=425 runtime: 151333us
CD: iterations=426 runtime: 151363us
CD: iterations=427 runtime: 151068us
CD: iterations=428 runtime: 151124us
CD: iterations=429 runtime: 151232us
CD: iterations=430 runtime: 151011us
CD: iterations=431 runtime: 151071us
CD: iterations=432 runtime: 150835us
CD: iterations=433 runtime: 151126us
CD: iterations=434 runtime: 151151us
CD: iterations=435 runtime: 152190us
CD: iterations=436 runtime: 151354us
CD: iterations=437 runtime: 151798us
CD: iterations=438 runtime: 151649us
CD: iterations=439 runtime: 152257us
CD: iterations=440 runtime: 151757us
CD: iterations=441 runtime: 152558us
CD: iterations=442 runtime: 151377us
CD: iterations=443 runtime: 151171us
CD: iterations=444 runtime: 151264us
CD: iterations=445 runtime: 151311us
CD: iterations=446 runtime: 151037us
CD: iterations=447 runtime: 150923us
CD: iterations=448 runtime: 150760us
CD: iterations=449 runtime: 150865us
CD: iterations=450 runtime: 151120us
CD: iterations=451 runtime: 151433us
CD: iterations=452 runtime: 151499us
CD: iterations=453 runtime: 151584us
CD: iterations=454 runtime: 151375us
CD: iterations=455 runtime: 151272us
CD: iterations=456 runtime: 151451us
CD: iterations=457 runtime: 151246us
CD: iterations=458 runtime: 151310us
CD: iterations=459 runtime: 151153us
CD: iterations=460 runtime: 151267us
CD: iterations=461 runtime: 151139us
CD: iterations=462 runtime: 151055us
CD: iterations=463 runtime: 150816us
CD: iterations=464 runtime: 151140us
CD: iterations=465 runtime: 151425us
CD: iterations=466 runtime: 151580us
CD: iterations=467 runtime: 151567us
CD: iterations=468 runtime: 155645us
CD: iterations=469 runtime: 153750us
CD: iterations=470 runtime: 151721us
CD: iterations=471 runtime: 151321us
CD: iterations=472 runtime: 152054us
CD: iterations=473 runtime: 151675us
CD: iterations=474 runtime: 152306us
CD: iterations=475 runtime: 151209us
CD: iterations=476 runtime: 151146us
CD: iterations=477 runtime: 150904us
CD: iterations=478 runtime: 151042us
CD: iterations=479 runtime: 150982us
CD: iterations=480 runtime: 150900us
CD: iterations=481 runtime: 151296us
CD: iterations=482 runtime: 151441us
CD: iterations=483 runtime: 151549us
CD: iterations=484 runtime: 151459us
CD: iterations=485 runtime: 151473us
CD: iterations=486 runtime: 151512us
CD: iterations=487 runtime: 151403us
CD: iterations=488 runtime: 151217us
CD: iterations=489 runtime: 151211us
CD: iterations=490 runtime: 151248us
CD: iterations=491 runtime: 151239us
CD: iterations=492 runtime: 151265us
CD: iterations=493 runtime: 151066us
CD: iterations=494 runtime: 150816us
CD: iterations=495 runtime: 150954us
CD: iterations=496 runtime: 151229us
CD: iterations=497 runtime: 151542us
CD: iterations=498 runtime: 151647us
CD: iterations=499 runtime: 151597us
CD: iterations=500 runtime: 151346us
Could not locate BlockSlowdown.json
Skipping Loading (this might cause a fatal crash if GTSlowdown is on)
CD: iterations=500 average: 153116us total: 76558332us


Total Runtime: 76558332us
Bubo.RDTSC.Harness.main Total RDTSC cycles: 253895024642
Comp 52 (java.util.ImmutableCollections$SetN$SetNIterator.next()) loops:
Found Encoding : 0:-1
└── Loop 0
  loop 0 Cycles: 236176 || Activation Count:4237| LoopCallCount: 0 |  Source: -at java.util.ImmutableCollections$SetN$SetNIterator.next(ImmutableCollections.java:1213) [bci: 21] | -at java.util.ImmutableCollections$SetN$SetNIterator.next(ImmutableCollections.java:1223) [bci: 65]
Comp 57 (java.util.HashMap.putVal(int,) loops:
Found Encoding : 0:-1
└── Loop 0
  loop 0 Cycles: 7108 || Activation Count:185| LoopCallCount: 0 |  Source: -at java.util.HashMap.putVal(HashMap.java:648) [bci: 134] | -at java.util.HashMap.putVal(HashMap.java:649) [bci: 145]
Comp 58 (java.lang.String.equals(Object)) loops:
Found Encoding : 0:-1
└── Loop 0
  loop 0 Cycles: 3692 || Activation Count:49| LoopCallCount: 0 |  Source: -at java.lang.StringLatin1.equals(StringLatin1.java:100) [bci: 9]
-at java.lang.String.equals(String.java:1926) [bci: 44] | -at java.lang.StringLatin1.equals(StringLatin1.java:105) [bci: 32]
-at java.lang.String.equals(String.java:1926) [bci: 44]
Comp 69 (java.util.HashMap.resize()) loops:
Found Encoding : 2:-1,0:-1,1:0
├── Loop 2
└── Loop 0
    └── Loop 1
  loop 0 Cycles: 24518 || Activation Count:11| LoopCallCount: 0 |  Source: -at java.util.HashMap.resize(HashMap.java:714) [bci: 151] | -at java.util.HashMap.resize(HashMap.java:755) [bci: 353]
  loop 1 Cycles: 6248 || Activation Count:72| LoopCallCount: 0 |  Source: -at java.util.HashMap.resize(HashMap.java:727) [bci: 235] | -at java.util.HashMap.resize(HashMap.java:743) [bci: 309]
  loop 2 Cycles: 13458 || Activation Count:246| LoopCallCount: 0 |  Source: -at jdk.graal.compiler.hotspot.replacements.HotSpotAllocationSnippets.allocateArray(KlassPointer, int, int, int, AllocationSnippets$FillContent, int, boolean, boolean, boolean, boolean, HotSpotAllocationSnippets$HotSpotAllocationProfilingData, boolea
Comp 84 (jdk.internal.util.ArraysSupport.unsignedHashCode(int,) loops:
Found Encoding : 0:-1,1:-1,2:-1
├── Loop 0
├── Loop 1
└── Loop 2
  loop 0 Cycles: 510 || Activation Count:1| LoopCallCount: 0 |  Source: -at jdk.internal.util.ArraysSupport.unsignedHashCode(ArraysSupport.java:378) [bci: 8] | -at jdk.internal.util.ArraysSupport.unsignedHashCode(ArraysSupport.java:381) [bci: 34]
  loop 1 Cycles: 102 || Activation Count:1| LoopCallCount: 0 |  Source: Source Missing | -at jdk.internal.util.ArraysSupport.unsignedHashCode(ArraysSupport.java:381) [bci: 34]
  loop 2 Cycles: 86 || Activation Count:1| LoopCallCount: 0 |  Source: Source Missing | -at jdk.internal.util.ArraysSupport.unsignedHashCode(ArraysSupport.java:381) [bci: 34]
Comp 85 (jdk.internal.util.ArraysSupport.unsignedHashCode(int,-Re-Comp) loops:
Found Encoding : 0:-1,1:-1,2:-1
├── Loop 0
├── Loop 1
└── Loop 2
  loop 0 Cycles: 85240 || Activation Count:1813| LoopCallCount: 0 |  Source: -at jdk.internal.util.ArraysSupport.unsignedHashCode(ArraysSupport.java:378) [bci: 8] | -at jdk.internal.util.ArraysSupport.unsignedHashCode(ArraysSupport.java:381) [bci: 34]
  loop 1 Cycles: 119830 || Activation Count:1813| LoopCallCount: 0 |  Source: Source Missing | -at jdk.internal.util.ArraysSupport.unsignedHashCode(ArraysSupport.java:381) [bci: 34]
  loop 2 Cycles: 103592 || Activation Count:1813| LoopCallCount: 0 |  Source: Source Missing | -at jdk.internal.util.ArraysSupport.unsignedHashCode(ArraysSupport.java:381) [bci: 34]
Comp 87 (java.lang.StringCoding.countPositives(byte[],) loops:
Found Encoding : 0:-1
└── Loop 0
  loop 0 Cycles: 566 || Activation Count:1| LoopCallCount: 0 |  Source: -at java.lang.StringCoding.countPositives(StringCoding.java:92) [bci: 7] | -at java.lang.StringCoding.countPositives(StringCoding.java:97) [bci: 31]
Comp 88 (java.lang.StringCoding.countPositives(byte[],-Re-Comp) loops:
Found Encoding : 0:-1
└── Loop 0
  loop 0 Cycles: 14290 || Activation Count:91| LoopCallCount: 0 |  Source: -at java.lang.StringCoding.countPositives(StringCoding.java:92) [bci: 7] | -at java.lang.StringCoding.countPositives(StringCoding.java:97) [bci: 31]
Comp 138 (java.lang.StringLatin1.equals(byte[],) loops:
Found Encoding : 0:-1
└── Loop 0
  loop 0 Cycles: 22796 || Activation Count:188| LoopCallCount: 0 |  Source: -at java.lang.StringLatin1.equals(StringLatin1.java:100) [bci: 9] | -at java.lang.StringLatin1.equals(StringLatin1.java:105) [bci: 32]
Comp 140 (java.util.Properties$LineReader.readLine()) loops:
Found Encoding : 5:-1,3:-1,4:3,0:-1,1:0,2:1
├── Loop 5
├── Loop 3
│   └── Loop 4
└── Loop 0
    └── Loop 1
        └── Loop 2
  loop 1 Cycles: 240092 || Activation Count:90| LoopCallCount: 1 |  Source: -at java.util.Properties$LineReader.readLine(Properties.java:538) [bci: 219] | -at java.util.Properties$LineReader.readLine(Properties.java:543) [bci: 259]
  loop 2 Cycles: 11990 || Activation Count:91| LoopCallCount: 0 |  Source: -at java.util.Properties$LineReader.readLine(Properties.java:540) [bci: 224] | -at java.util.Properties$LineReader.readLine(Properties.java:543) [bci: 259]
  loop 5 Cycles: 782 || Activation Count:1| LoopCallCount: 0 |  Source: -at java.util.Properties$LineReader.readLine(Properties.java:540) [bci: 224] | -at java.util.Properties$LineReader.readLine(Properties.java:543) [bci: 259]
Comp 141 (java.util.Properties$LineReader.readLine()-Re-Comp) loops:
Found Encoding : 0:-1,1:0,2:1
└── Loop 0
    └── Loop 1
        └── Loop 2
  loop 1 Cycles: 3378 || Activation Count:14| LoopCallCount: 1 |  Source: -at java.util.Properties$LineReader.readLine(Properties.java:538) [bci: 219] | -at java.util.Properties$LineReader.readLine(Properties.java:543) [bci: 259]
  loop 2 Cycles: 1800 || Activation Count:14| LoopCallCount: 0 |  Source: -at java.util.Properties$LineReader.readLine(Properties.java:540) [bci: 224] | -at java.util.Properties$LineReader.readLine(Properties.java:545) [bci: 262]
Comp 142 (java.util.Properties$LineReader.readLine()-Re-Comp) loops:
Found Encoding : 5:-1,3:-1,4:3,0:-1,1:0,2:1
├── Loop 5
├── Loop 3
│   └── Loop 4
└── Loop 0
    └── Loop 1
        └── Loop 2
  loop 0 Cycles: 38454 || Activation Count:1| LoopCallCount: 2 |  Source: -at java.util.Properties$LineReader.readLine(Properties.java:504) [bci: 53] | -at java.util.Properties$LineReader.readLine(Properties.java:615) [bci: 577]
  loop 1 Cycles: 27460 || Activation Count:131| LoopCallCount: 1 |  Source: -at java.util.Properties$LineReader.readLine(Properties.java:538) [bci: 219] | -at java.util.Properties$LineReader.readLine(Properties.java:543) [bci: 259]
  loop 2 Cycles: 15408 || Activation Count:131| LoopCallCount: 0 |  Source: -at java.util.Properties$LineReader.readLine(Properties.java:540) [bci: 224] | -at java.util.Properties$LineReader.readLine(Properties.java:543) [bci: 259]
  loop 5 Cycles: 964 || Activation Count:1| LoopCallCount: 0 |  Source: -at java.util.Properties$LineReader.readLine(Properties.java:540) [bci: 224] | -at java.util.Properties$LineReader.readLine(Properties.java:543) [bci: 259]
Comp 143 (java.util.Properties$LineReader.readLine()-Re-Comp) loops:
Found Encoding : 0:-1,1:0,2:1
└── Loop 0
    └── Loop 1
        └── Loop 2
  loop 0 Cycles: 318970 || Activation Count:6| LoopCallCount: 2 |  Source: -at java.util.Properties$LineReader.readLine(Properties.java:504) [bci: 53] | -at java.util.Properties$LineReader.readLine(Properties.java:615) [bci: 577]
  loop 1 Cycles: 377846 || Activation Count:374| LoopCallCount: 1 |  Source: -at java.util.Properties$LineReader.readLine(Properties.java:538) [bci: 219] | -at java.util.Properties$LineReader.readLine(Properties.java:543) [bci: 259]
  loop 2 Cycles: 48048 || Activation Count:377| LoopCallCount: 0 |  Source: -at java.util.Properties$LineReader.readLine(Properties.java:540) [bci: 224] | -at java.util.Properties$LineReader.readLine(Properties.java:545) [bci: 262]
Comp 172 (cd.RedBlackTree.treeInsert(Comparable,) loops:
Found Encoding : 0:-1
└── Loop 0
  loop 0 Cycles: 101764 || Activation Count:948| LoopCallCount: 0 |  Source: -at cd.RedBlackTree.treeInsert(Comparable, Object) [bci: 8] | -at cd.RedBlackTree.treeInsert(Comparable, Object) [bci: 90]
Comp 179 (cd.RedBlackTree.findNode(Comparable)) loops:
Found Encoding : 0:-1
└── Loop 0
  loop 0 Cycles: 998888 || Activation Count:5364| LoopCallCount: 1 |  Source: -at cd.RedBlackTree.findNode(Comparable) [bci: 5] | -at cd.RedBlackTree.findNode(Comparable) [bci: 49]
Comp 181 (cd.RedBlackTree.treeInsert(Comparable,-Re-Comp) loops:
Found Encoding : 0:-1
└── Loop 0
  loop 0 Cycles: 6268582 || Activation Count:37964| LoopCallCount: 1 |  Source: -at cd.RedBlackTree.treeInsert(Comparable, Object) [bci: 8] | -at cd.RedBlackTree.treeInsert(Comparable, Object) [bci: 90]
Comp 184 (cd.RedBlackTree.put(Comparable,) loops:
Found Encoding : 0:-1
└── Loop 0
  loop 0 Cycles: 1658272 || Activation Count:18539| LoopCallCount: 2 |  Source: -at cd.RedBlackTree.put(Comparable, Object) [bci: 25] | -at cd.RedBlackTree.put(Comparable, Object) [bci: 353]
Comp 193 (cd.RedBlackTree.get(Comparable)) loops:
Found Encoding : 0:-1
└── Loop 0
  loop 0 Cycles: 1305584 || Activation Count:6764| LoopCallCount: 1 |  Source: -at cd.RedBlackTree.findNode(Comparable) [bci: 5]
-at cd.RedBlackTree.get(Comparable) [bci: 2] | -at cd.RedBlackTree.findNode(Comparable) [bci: 49]
-at cd.RedBlackTree.get(Comparable) [bci: 2]
Comp 195 (cd.RedBlackTree$Node.successor()) loops:
Found Encoding : 0:-1,1:-1
├── Loop 0
└── Loop 1
  loop 0 Cycles: 195338 || Activation Count:3416| LoopCallCount: 0 |  Source: -at cd.RedBlackTree$Node.successor() [bci: 22] | -at cd.RedBlackTree$Node.successor() [bci: 44]
  loop 1 Cycles: 451212 || Activation Count:3410| LoopCallCount: 0 |  Source: -at cd.RedBlackTree.treeMinimum(RedBlackTree$Node) [bci: 2]
-at cd.RedBlackTree$Node.successor() [bci: 13] | -at cd.RedBlackTree.treeMinimum(RedBlackTree$Node) [bci: 17]
-at cd.RedBlackTree$Node.successor() [bci: 13]
Comp 198 (cd.CollisionDetector$RemoveAbsentAircraft.apply(Object)) loops:
Found Encoding : 0:-1
└── Loop 0
  loop 0 Cycles: 17472852420 || Activation Count:99698418| LoopCallCount: 1 |  Source: -at cd.RedBlackTree.findNode(Comparable) [bci: 5]
-at cd.RedBlackTree.get(Comparable) [bci: 2]
-at cd.CollisionDetector$RemoveAbsentAircraft.apply(RedBlackTree$Entry) [bci: 11]
-at cd.CollisionDetector$RemoveAbsentAircraft.apply(Object) [bci: 5] | -
Comp 204 (cd.CollisionDetector.handleNewFrame(Vector)) loops:
Found Encoding : 0:-1,5:-1,4:-1,6:4,7:4,8:4,9:-1,1:-1,2:1,3:2
├── Loop 0
├── Loop 5
├── Loop 4
│   ├── Loop 6
│   ├── Loop 7
│   └── Loop 8
├── Loop 9
└── Loop 1
    └── Loop 2
        └── Loop 3
  loop 0 Cycles: 4106024 || Activation Count:8| LoopCallCount: 4 |  Source: -at cd.CollisionDetector.handleNewFrame(Vector) [bci: 19] | -at cd.CollisionDetector.handleNewFrame(Vector) [bci: 117]
  loop 1 Cycles: 8914626 || Activation Count:8| LoopCallCount: 3 |  Source: -at cd.CollisionDetector.handleNewFrame(Vector) [bci: 198] | -at cd.CollisionDetector.handleNewFrame(Vector) [bci: 329]
  loop 2 Cycles: 8827044 || Activation Count:1336| LoopCallCount: 3 |  Source: -at cd.CollisionDetector.handleNewFrame(Vector) [bci: 223] | -at cd.CollisionDetector.handleNewFrame(Vector) [bci: 323]
  loop 3 Cycles: 8594650 || Activation Count:2672| LoopCallCount: 3 |  Source: -at cd.CollisionDetector.handleNewFrame(Vector) [bci: 251] | -at cd.CollisionDetector.handleNewFrame(Vector) [bci: 317]
  loop 4 Cycles: 2793318 || Activation Count:8| LoopCallCount: 3 |  Source: -at cd.RedBlackTree.forEach(ForEachInterface) [bci: 16]
-at cd.CollisionDetector.handleNewFrame(Vector) [bci: 140] | -at cd.RedBlackTree.forEach(ForEachInterface) [bci: 52]
-at cd.CollisionDetector.handleNewFrame(Vector) [bci: 140]
  loop 5 Cycles: 4146 || Activation Count:8| LoopCallCount: 0 |  Source: -at cd.RedBlackTree.treeMinimum(RedBlackTree$Node) [bci: 2]
-at cd.RedBlackTree.forEach(ForEachInterface) [bci: 12]
-at cd.CollisionDetector.handleNewFrame(Vector) [bci: 140] | -at cd.RedBlackTree.treeMinimum(RedBlackTree$Node) [bci: 17]
-at cd.RedB
  loop 6 Cycles: 1500118 || Activation Count:7992| LoopCallCount: 1 |  Source: -at cd.RedBlackTree.findNode(Comparable) [bci: 5]
-at cd.RedBlackTree.get(Comparable) [bci: 2]
-at cd.CollisionDetector$RemoveAbsentAircraft.apply(RedBlackTree$Entry) [bci: 11]
-at cd.CollisionDetector$RemoveAbsentAircraft.apply(Object) [bci: 5]
-at
  loop 7 Cycles: 85898 || Activation Count:2000| LoopCallCount: 0 |  Source: -at cd.RedBlackTree$Node.successor() [bci: 22]
-at cd.RedBlackTree.forEach(ForEachInterface) [bci: 45]
-at cd.CollisionDetector.handleNewFrame(Vector) [bci: 140] | -at cd.RedBlackTree$Node.successor() [bci: 44]
-at cd.RedBlackTree.forEach(ForEachInt
  loop 8 Cycles: 174622 || Activation Count:1992| LoopCallCount: 0 |  Source: -at cd.RedBlackTree.treeMinimum(RedBlackTree$Node) [bci: 2]
-at cd.RedBlackTree$Node.successor() [bci: 13]
-at cd.RedBlackTree.forEach(ForEachInterface) [bci: 45]
-at cd.CollisionDetector.handleNewFrame(Vector) [bci: 140] | -at cd.RedBlackTree.treeM
  loop 9 Cycles: 1058 || Activation Count:8| LoopCallCount: 0 |  Source: -at jdk.graal.compiler.hotspot.replacements.HotSpotAllocationSnippets.allocateArray(KlassPointer, int, int, int, AllocationSnippets$FillContent, int, boolean, boolean, boolean, boolean, HotSpotAllocationSnippets$HotSpotAllocationProfilingData, boole
Comp 205 (cd.CollisionDetector.handleNewFrame(Vector)-Re-Comp) loops:
Found Encoding : 9:-1,10:-1,0:-1,5:-1,4:-1,6:4,7:4,8:4,11:-1,1:-1,2:1,3:2
├── Loop 9
├── Loop 10
├── Loop 0
├── Loop 5
├── Loop 4
│   ├── Loop 6
│   ├── Loop 7
│   └── Loop 8
├── Loop 11
└── Loop 1
    └── Loop 2
        └── Loop 3
  loop 0 Cycles: 185532572 || Activation Count:187| LoopCallCount: 4 |  Source: -at cd.CollisionDetector.handleNewFrame(Vector) [bci: 19] | -at cd.CollisionDetector.handleNewFrame(Vector) [bci: 117]
  loop 1 Cycles: 78467634 || Activation Count:187| LoopCallCount: 3 |  Source: -at cd.CollisionDetector.handleNewFrame(Vector) [bci: 198] | -at cd.CollisionDetector.handleNewFrame(Vector) [bci: 329]
  loop 2 Cycles: 76245090 || Activation Count:34176| LoopCallCount: 3 |  Source: -at cd.CollisionDetector.handleNewFrame(Vector) [bci: 223] | -at cd.CollisionDetector.handleNewFrame(Vector) [bci: 323]
  loop 3 Cycles: 68734786 || Activation Count:68352| LoopCallCount: 3 |  Source: -at cd.CollisionDetector.handleNewFrame(Vector) [bci: 251] | -at cd.CollisionDetector.handleNewFrame(Vector) [bci: 317]
  loop 4 Cycles: 61685896 || Activation Count:187| LoopCallCount: 3 |  Source: -at cd.RedBlackTree.forEach(ForEachInterface) [bci: 16]
-at cd.CollisionDetector.handleNewFrame(Vector) [bci: 140] | -at cd.RedBlackTree.forEach(ForEachInterface) [bci: 52]
-at cd.CollisionDetector.handleNewFrame(Vector) [bci: 140]
  loop 5 Cycles: 18264 || Activation Count:187| LoopCallCount: 0 |  Source: -at cd.RedBlackTree.treeMinimum(RedBlackTree$Node) [bci: 2]
-at cd.RedBlackTree.forEach(ForEachInterface) [bci: 12]
-at cd.CollisionDetector.handleNewFrame(Vector) [bci: 140] | -at cd.RedBlackTree.treeMinimum(RedBlackTree$Node) [bci: 17]
-at cd.RedB
  loop 6 Cycles: 34846446 || Activation Count:186813| LoopCallCount: 1 |  Source: -at cd.RedBlackTree.findNode(Comparable) [bci: 5]
-at cd.RedBlackTree.get(Comparable) [bci: 2]
-at cd.CollisionDetector$RemoveAbsentAircraft.apply(RedBlackTree$Entry) [bci: 11]
-at cd.CollisionDetector$RemoveAbsentAircraft.apply(Object) [bci: 5]
-at
  loop 7 Cycles: 1516978 || Activation Count:46750| LoopCallCount: 0 |  Source: -at cd.RedBlackTree$Node.successor() [bci: 22]
-at cd.RedBlackTree.forEach(ForEachInterface) [bci: 45]
-at cd.CollisionDetector.handleNewFrame(Vector) [bci: 140] | -at cd.RedBlackTree$Node.successor() [bci: 44]
-at cd.RedBlackTree.forEach(ForEachInt
  loop 8 Cycles: 3291442 || Activation Count:46563| LoopCallCount: 0 |  Source: -at cd.RedBlackTree.treeMinimum(RedBlackTree$Node) [bci: 2]
-at cd.RedBlackTree$Node.successor() [bci: 13]
-at cd.RedBlackTree.forEach(ForEachInterface) [bci: 45]
-at cd.CollisionDetector.handleNewFrame(Vector) [bci: 140] | -at cd.RedBlackTree.treeM
  loop 10 Cycles: 20460 || Activation Count:187| LoopCallCount: 0 |  Source: -at jdk.graal.compiler.hotspot.replacements.HotSpotAllocationSnippets.allocateArray(KlassPointer, int, int, int, AllocationSnippets$FillContent, int, boolean, boolean, boolean, boolean, HotSpotAllocationSnippets$HotSpotAllocationProfilingData, bool
  loop 11 Cycles: 21396 || Activation Count:187| LoopCallCount: 0 |  Source: -at jdk.graal.compiler.hotspot.replacements.HotSpotAllocationSnippets.allocateArray(KlassPointer, int, int, int, AllocationSnippets$FillContent, int, boolean, boolean, boolean, boolean, HotSpotAllocationSnippets$HotSpotAllocationProfilingData, bool
Comp 206 (cd.CollisionDetector.putIntoMap(RedBlackTree,) loops:
Found Encoding : 0:-1,1:-1
├── Loop 0
└── Loop 1
  loop 0 Cycles: 264414 || Activation Count:1556| LoopCallCount: 1 |  Source: -at cd.RedBlackTree.findNode(Comparable) [bci: 5]
-at cd.RedBlackTree.get(Comparable) [bci: 2]
-at cd.CollisionDetector.putIntoMap(RedBlackTree, Vector2D, Motion) [bci: 2] | -at cd.RedBlackTree.findNode(Comparable) [bci: 49]
-at cd.RedBlackTree.get(
  loop 1 Cycles: 42846 || Activation Count:1096| LoopCallCount: 0 |  Source: -at jdk.graal.compiler.hotspot.replacements.HotSpotAllocationSnippets.allocateArray(KlassPointer, int, int, int, AllocationSnippets$FillContent, int, boolean, boolean, boolean, boolean, HotSpotAllocationSnippets$HotSpotAllocationProfilingData, boole
Comp 210 (cd.RedBlackTree.treeInsert(Comparable,-Re-Comp) loops:
Found Encoding : 0:-1
└── Loop 0
  loop 0 Cycles: 58694881082 || Activation Count:398182451| LoopCallCount: 1 |  Source: -at cd.RedBlackTree.treeInsert(Comparable, Object) [bci: 8] | -at cd.RedBlackTree.treeInsert(Comparable, Object) [bci: 90]
Comp 211 (cd.RedBlackTree.findNode(Comparable)-Re-Comp) loops:
Found Encoding : 0:-1
└── Loop 0
  loop 0 Cycles: 15293832944 || Activation Count:87375890| LoopCallCount: 1 |  Source: -at cd.RedBlackTree.findNode(Comparable) [bci: 5] | -at cd.RedBlackTree.findNode(Comparable) [bci: 49]
Comp 212 (cd.RedBlackTree.put(Comparable,-Re-Comp) loops:
Found Encoding : 0:-1
└── Loop 0
  loop 0 Cycles: 997856 || Activation Count:13867| LoopCallCount: 1 |  Source: -at cd.RedBlackTree.put(Comparable, Object) [bci: 25] | -at cd.RedBlackTree.put(Comparable, Object) [bci: 353]
Comp 215 (som.Vector.<init>()) loops:
Found Encoding : 0:-1
└── Loop 0
  loop 0 Cycles: 121040 || Activation Count:1954| LoopCallCount: 0 |  Source: -at jdk.graal.compiler.hotspot.replacements.HotSpotAllocationSnippets.allocateArray(KlassPointer, int, int, int, AllocationSnippets$FillContent, int, boolean, boolean, boolean, boolean, HotSpotAllocationSnippets$HotSpotAllocationProfilingData, boole
Comp 217 (cd.RedBlackTree.forEach(ForEachInterface)) loops:
Found Encoding : 1:-1,2:-1,0:-1,3:0,4:0
├── Loop 1
├── Loop 2
└── Loop 0
    ├── Loop 3
    └── Loop 4
  loop 0 Cycles: 143082 || Activation Count:1| LoopCallCount: 3 |  Source: -at cd.RedBlackTree.forEach(ForEachInterface) [bci: 16] | -at cd.RedBlackTree.forEach(ForEachInterface) [bci: 52]
  loop 1 Cycles: 712 || Activation Count:1| LoopCallCount: 0 |  Source: -at cd.RedBlackTree$Node.successor() [bci: 22]
-at cd.RedBlackTree.forEach(ForEachInterface) [bci: 45] | -at cd.RedBlackTree$Node.successor() [bci: 44]
-at cd.RedBlackTree.forEach(ForEachInterface) [bci: 45]
  loop 3 Cycles: 22232 || Activation Count:90| LoopCallCount: 0 |  Source: -at cd.RedBlackTree$Node.successor() [bci: 22]
-at cd.RedBlackTree.forEach(ForEachInterface) [bci: 45] | -at cd.RedBlackTree$Node.successor() [bci: 44]
-at cd.RedBlackTree.forEach(ForEachInterface) [bci: 45]
  loop 4 Cycles: 36552 || Activation Count:90| LoopCallCount: 0 |  Source: -at cd.RedBlackTree.treeMinimum(RedBlackTree$Node) [bci: 2]
-at cd.RedBlackTree$Node.successor() [bci: 13]
-at cd.RedBlackTree.forEach(ForEachInterface) [bci: 45] | -at cd.RedBlackTree.treeMinimum(RedBlackTree$Node) [bci: 17]
-at cd.RedBlackTree$Nod
Comp 218 (cd.RedBlackTree.forEach(ForEachInterface)-Re-Comp) loops:
Found Encoding : 1:-1,0:-1,2:0,3:0
├── Loop 1
└── Loop 0
    ├── Loop 2
    └── Loop 3
  loop 0 Cycles: 33202344560 || Activation Count:99796| LoopCallCount: 3 |  Source: -at cd.RedBlackTree.forEach(ForEachInterface) [bci: 16] | -at cd.RedBlackTree.forEach(ForEachInterface) [bci: 52]
  loop 1 Cycles: 16500334 || Activation Count:99796| LoopCallCount: 0 |  Source: -at cd.RedBlackTree.treeMinimum(RedBlackTree$Node) [bci: 2]
-at cd.RedBlackTree.forEach(ForEachInterface) [bci: 12] | -at cd.RedBlackTree.treeMinimum(RedBlackTree$Node) [bci: 17]
-at cd.RedBlackTree.forEach(ForEachInterface) [bci: 12]
  loop 2 Cycles: 866218914 || Activation Count:24948999| LoopCallCount: 0 |  Source: -at cd.RedBlackTree$Node.successor() [bci: 22]
-at cd.RedBlackTree.forEach(ForEachInterface) [bci: 45] | -at cd.RedBlackTree$Node.successor() [bci: 44]
-at cd.RedBlackTree.forEach(ForEachInterface) [bci: 45]
  loop 3 Cycles: 1421202412 || Activation Count:24849209| LoopCallCount: 0 |  Source: -at cd.RedBlackTree.treeMinimum(RedBlackTree$Node) [bci: 2]
-at cd.RedBlackTree$Node.successor() [bci: 13]
-at cd.RedBlackTree.forEach(ForEachInterface) [bci: 45] | -at cd.RedBlackTree.treeMinimum(RedBlackTree$Node) [bci: 17]
-at cd.RedBlackTree$Nod
Comp 221 (cd.CollisionDetector.putIntoMap(RedBlackTree,-Re-Comp) loops:
Found Encoding : 0:-1
└── Loop 0
  loop 0 Cycles: 2607141706 || Activation Count:69254433| LoopCallCount: 0 |  Source: -at jdk.graal.compiler.hotspot.replacements.HotSpotAllocationSnippets.allocateArray(KlassPointer, int, int, int, AllocationSnippets$FillContent, int, boolean, boolean, boolean, boolean, HotSpotAllocationSnippets$HotSpotAllocationProfilingData, boole
Comp 223 (cd.CollisionDetector.reduceCollisionSet(Vector)) loops:
Found Encoding : 0:-1,2:-1,5:-1,1:-1,3:1,4:1
├── Loop 0
├── Loop 2
├── Loop 5
└── Loop 1
    ├── Loop 3
    └── Loop 4
  loop 0 Cycles: 711462 || Activation Count:2| LoopCallCount: 3 |  Source: -at cd.CollisionDetector.reduceCollisionSet(Vector) [bci: 10] | -at cd.CollisionDetector.reduceCollisionSet(Vector) [bci: 36]
  loop 1 Cycles: 427388 || Activation Count:2| LoopCallCount: 2 |  Source: -at cd.RedBlackTree.forEach(ForEachInterface) [bci: 16]
-at cd.CollisionDetector.reduceCollisionSet(Vector) [bci: 53] | -at cd.RedBlackTree.forEach(ForEachInterface) [bci: 52]
-at cd.CollisionDetector.reduceCollisionSet(Vector) [bci: 53]
  loop 2 Cycles: 2228 || Activation Count:2| LoopCallCount: 0 |  Source: -at cd.RedBlackTree.treeMinimum(RedBlackTree$Node) [bci: 2]
-at cd.RedBlackTree.forEach(ForEachInterface) [bci: 12]
-at cd.CollisionDetector.reduceCollisionSet(Vector) [bci: 53] | -at cd.RedBlackTree.treeMinimum(RedBlackTree$Node) [bci: 17]
-at cd.R
  loop 3 Cycles: 172220 || Activation Count:417| LoopCallCount: 0 |  Source: -at cd.RedBlackTree$Node.successor() [bci: 22]
-at cd.RedBlackTree.forEach(ForEachInterface) [bci: 45]
-at cd.CollisionDetector.reduceCollisionSet(Vector) [bci: 53] | -at cd.RedBlackTree$Node.successor() [bci: 44]
-at cd.RedBlackTree.forEach(ForEach
  loop 4 Cycles: 106340 || Activation Count:333| LoopCallCount: 0 |  Source: -at cd.RedBlackTree.treeMinimum(RedBlackTree$Node) [bci: 2]
-at cd.RedBlackTree$Node.successor() [bci: 13]
-at cd.RedBlackTree.forEach(ForEachInterface) [bci: 45]
-at cd.CollisionDetector.reduceCollisionSet(Vector) [bci: 53] | -at cd.RedBlackTree.tr
  loop 5 Cycles: 220 || Activation Count:2| LoopCallCount: 0 |  Source: -at jdk.graal.compiler.hotspot.replacements.HotSpotAllocationSnippets.allocateArray(KlassPointer, int, int, int, AllocationSnippets$FillContent, int, boolean, boolean, boolean, boolean, HotSpotAllocationSnippets$HotSpotAllocationProfilingData, boole
Comp 224 (cd.CollisionDetector.reduceCollisionSet(Vector)-Re-Comp) loops:
Found Encoding : 0:-1,2:-1,5:-1,1:-1,3:1,4:1
├── Loop 0
├── Loop 2
├── Loop 5
└── Loop 1
    ├── Loop 3
    └── Loop 4
  loop 0 Cycles: 117815091062 || Activation Count:99977| LoopCallCount: 3 |  Source: -at cd.CollisionDetector.reduceCollisionSet(Vector) [bci: 10] | -at cd.CollisionDetector.reduceCollisionSet(Vector) [bci: 36]
  loop 1 Cycles: 9443177646 || Activation Count:99977| LoopCallCount: 2 |  Source: -at cd.RedBlackTree.forEach(ForEachInterface) [bci: 16]
-at cd.CollisionDetector.reduceCollisionSet(Vector) [bci: 53] | -at cd.RedBlackTree.forEach(ForEachInterface) [bci: 52]
-at cd.CollisionDetector.reduceCollisionSet(Vector) [bci: 53]
  loop 2 Cycles: 47778356 || Activation Count:99977| LoopCallCount: 0 |  Source: -at cd.RedBlackTree.treeMinimum(RedBlackTree$Node) [bci: 2]
-at cd.RedBlackTree.forEach(ForEachInterface) [bci: 12]
-at cd.CollisionDetector.reduceCollisionSet(Vector) [bci: 53] | -at cd.RedBlackTree.treeMinimum(RedBlackTree$Node) [bci: 17]
-at cd.R
  loop 3 Cycles: 3785233082 || Activation Count:18829463| LoopCallCount: 0 |  Source: -at cd.RedBlackTree$Node.successor() [bci: 22]
-at cd.RedBlackTree.forEach(ForEachInterface) [bci: 45]
-at cd.CollisionDetector.reduceCollisionSet(Vector) [bci: 53] | -at cd.RedBlackTree$Node.successor() [bci: 44]
-at cd.RedBlackTree.forEach(ForEach
  loop 4 Cycles: 1885674974 || Activation Count:15818879| LoopCallCount: 0 |  Source: -at cd.RedBlackTree.treeMinimum(RedBlackTree$Node) [bci: 2]
-at cd.RedBlackTree$Node.successor() [bci: 13]
-at cd.RedBlackTree.forEach(ForEachInterface) [bci: 45]
-at cd.CollisionDetector.reduceCollisionSet(Vector) [bci: 53] | -at cd.RedBlackTree.tr
  loop 5 Cycles: 11160072 || Activation Count:99945| LoopCallCount: 0 |  Source: -at jdk.graal.compiler.hotspot.replacements.HotSpotAllocationSnippets.allocateArray(KlassPointer, int, int, int, AllocationSnippets$FillContent, int, boolean, boolean, boolean, boolean, HotSpotAllocationSnippets$HotSpotAllocationProfilingData, boole
Comp 225 (cd.RedBlackTree.put(Comparable,-Re-Comp) loops:
Found Encoding : 0:-1
└── Loop 0
  loop 0 Cycles: 5422422 || Activation Count:67536| LoopCallCount: 3 |  Source: -at cd.RedBlackTree.put(Comparable, Object) [bci: 25] | -at cd.RedBlackTree.put(Comparable, Object) [bci: 353]
Comp 227 (cd.CollisionDetector.recurse(RedBlackTree,-Re-Comp) loops:
Found Encoding : 0:-1
└── Loop 0
  loop 0 Cycles: 15190 || Activation Count:385| LoopCallCount: 0 |  Source: -at jdk.graal.compiler.hotspot.replacements.HotSpotAllocationSnippets.allocateArray(KlassPointer, int, int, int, AllocationSnippets$FillContent, int, boolean, boolean, boolean, boolean, HotSpotAllocationSnippets$HotSpotAllocationProfilingData, boole
Comp 232 (cd.Simulator.simulate(double)) loops:
Found Encoding : 0:-1
└── Loop 0
  loop 0 Cycles: 2620 || Activation Count:1| LoopCallCount: 6 |  Source: -at cd.Simulator.simulate(double) [bci: 11] | -at cd.Simulator.simulate(double) [bci: 127]
Comp 233 (cd.Simulator.simulate(double)-Re-Comp) loops:
Found Encoding : 1:-1,2:-1,0:-1
├── Loop 1
├── Loop 2
└── Loop 0
  loop 0 Cycles: 650623774 || Activation Count:20439| LoopCallCount: 6 |  Source: -at cd.Simulator.simulate(double) [bci: 11] | -at cd.Simulator.simulate(double) [bci: 127]
  loop 2 Cycles: 3043410 || Activation Count:20438| LoopCallCount: 0 |  Source: -at jdk.graal.compiler.hotspot.replacements.HotSpotAllocationSnippets.allocateArray(KlassPointer, int, int, int, AllocationSnippets$FillContent, int, boolean, boolean, boolean, boolean, HotSpotAllocationSnippets$HotSpotAllocationProfilingData, boole
Comp 235 (cd.CollisionDetector.recurse(RedBlackTree,-Re-Comp) loops:
Found Encoding : 0:-1
└── Loop 0
  loop 0 Cycles: 2964238 || Activation Count:80993| LoopCallCount: 0 |  Source: -at jdk.graal.compiler.hotspot.replacements.HotSpotAllocationSnippets.allocateArray(KlassPointer, int, int, int, AllocationSnippets$FillContent, int, boolean, boolean, boolean, boolean, HotSpotAllocationSnippets$HotSpotAllocationProfilingData, boole
Comp 237 (cd.RedBlackTree.put(Comparable,-Re-Comp) loops:
Found Encoding : 0:-1
└── Loop 0
  loop 0 Cycles: 14124566560 || Activation Count:180124285| LoopCallCount: 1 |  Source: -at cd.RedBlackTree.put(Comparable, Object) [bci: 25] | -at cd.RedBlackTree.put(Comparable, Object) [bci: 353]
Comp 249 (cd.CollisionDetector.handleNewFrame(Vector)-Re-Comp) loops:
Found Encoding : 3:-1,4:3,0:-1,1:0,2:1
├── Loop 3
│   └── Loop 4
└── Loop 0
    └── Loop 1
        └── Loop 2
  loop 0 Cycles: 274200 || Activation Count:1| LoopCallCount: 3 |  Source: -at cd.CollisionDetector.handleNewFrame(Vector) [bci: 198] | -at cd.CollisionDetector.handleNewFrame(Vector) [bci: 329]
  loop 1 Cycles: 263684 || Activation Count:160| LoopCallCount: 3 |  Source: -at cd.CollisionDetector.handleNewFrame(Vector) [bci: 223] | -at cd.CollisionDetector.handleNewFrame(Vector) [bci: 323]
  loop 2 Cycles: 195764 || Activation Count:320| LoopCallCount: 3 |  Source: -at cd.CollisionDetector.handleNewFrame(Vector) [bci: 251] | -at cd.CollisionDetector.handleNewFrame(Vector) [bci: 317]
  loop 3 Cycles: 57988 || Activation Count:1| LoopCallCount: 3 |  Source: -at cd.CollisionDetector.handleNewFrame(Vector) [bci: 223] | -at cd.CollisionDetector.handleNewFrame(Vector) [bci: 323]
  loop 4 Cycles: 56242 || Activation Count:2| LoopCallCount: 3 |  Source: -at cd.CollisionDetector.handleNewFrame(Vector) [bci: 251] | -at cd.CollisionDetector.handleNewFrame(Vector) [bci: 317]
Comp 250 (cd.CollisionDetector.handleNewFrame(Vector)-Re-Comp) loops:
Found Encoding : 4:-1,5:-1,0:-1,6:-1,7:-1,1:-1,2:1,3:2
├── Loop 4
├── Loop 5
├── Loop 0
├── Loop 6
├── Loop 7
└── Loop 1
    └── Loop 2
        └── Loop 3
  loop 0 Cycles: 79969959462 || Activation Count:99785| LoopCallCount: 4 |  Source: -at cd.CollisionDetector.handleNewFrame(Vector) [bci: 19] | -at cd.CollisionDetector.handleNewFrame(Vector) [bci: 117]
  loop 1 Cycles: 7257362230 || Activation Count:99785| LoopCallCount: 3 |  Source: -at cd.CollisionDetector.handleNewFrame(Vector) [bci: 198] | -at cd.CollisionDetector.handleNewFrame(Vector) [bci: 329]
  loop 2 Cycles: 6074940152 || Activation Count:18134648| LoopCallCount: 3 |  Source: -at cd.CollisionDetector.handleNewFrame(Vector) [bci: 223] | -at cd.CollisionDetector.handleNewFrame(Vector) [bci: 323]
  loop 3 Cycles: 2036469046 || Activation Count:36269296| LoopCallCount: 3 |  Source: -at cd.CollisionDetector.handleNewFrame(Vector) [bci: 251] | -at cd.CollisionDetector.handleNewFrame(Vector) [bci: 317]
  loop 5 Cycles: 11583762 || Activation Count:99753| LoopCallCount: 0 |  Source: -at jdk.graal.compiler.hotspot.replacements.HotSpotAllocationSnippets.allocateArray(KlassPointer, int, int, int, AllocationSnippets$FillContent, int, boolean, boolean, boolean, boolean, HotSpotAllocationSnippets$HotSpotAllocationProfilingData, boole
  loop 6 Cycles: 10588798 || Activation Count:99754| LoopCallCount: 0 |  Source: -at jdk.graal.compiler.hotspot.replacements.HotSpotAllocationSnippets.allocateArray(KlassPointer, int, int, int, AllocationSnippets$FillContent, int, boolean, boolean, boolean, boolean, HotSpotAllocationSnippets$HotSpotAllocationProfilingData, boole
  loop 7 Cycles: 9871534 || Activation Count:99785| LoopCallCount: 0 |  Source: -at jdk.graal.compiler.hotspot.replacements.HotSpotAllocationSnippets.allocateArray(KlassPointer, int, int, int, AllocationSnippets$FillContent, int, boolean, boolean, boolean, boolean, HotSpotAllocationSnippets$HotSpotAllocationProfilingData, boole
Comp 253 (java.util.Arrays.copyOf(Object[],) loops:
Found Encoding : 0:-1,1:-1
├── Loop 0
└── Loop 1
  loop 0 Cycles: 150581534 || Activation Count:848407| LoopCallCount: 0 |  Source: -at jdk.graal.compiler.hotspot.replacements.HotSpotAllocationSnippets.allocateArray(KlassPointer, int, int, int, AllocationSnippets$FillContent, int, boolean, boolean, boolean, boolean, HotSpotAllocationSnippets$HotSpotAllocationProfilingData, boole
  loop 1 Cycles: 6706 || Activation Count:40| LoopCallCount: 0 |  Source: -at jdk.graal.compiler.hotspot.replacements.HotSpotAllocationSnippets.allocateArrayDynamic(Class, Class, int, AllocationSnippets$FillContent, boolean, JavaKind, int, boolean, boolean, boolean, HotSpotAllocationSnippets$HotSpotAllocationProfilingData
Comp 257 (cd.Simulator.<init>(int)) loops:
Found Encoding : 0:-1
└── Loop 0
  loop 0 Cycles: 39418 || Activation Count:1| LoopCallCount: 3 |  Source: -at cd.Simulator.<init>(int) [bci: 17] | -at cd.Simulator.<init>(int) [bci: 43]
Comp 258 (cd.Simulator.<init>(int)-Re-Comp) loops:
Found Encoding : 1:-1,0:-1
├── Loop 1
└── Loop 0
  loop 0 Cycles: 1505450 || Activation Count:82| LoopCallCount: 3 |  Source: -at cd.Simulator.<init>(int) [bci: 17] | -at cd.Simulator.<init>(int) [bci: 43]
  loop 1 Cycles: 60698 || Activation Count:82| LoopCallCount: 0 |  Source: -at jdk.graal.compiler.hotspot.replacements.HotSpotAllocationSnippets.allocateArray(KlassPointer, int, int, int, AllocationSnippets$FillContent, int, boolean, boolean, boolean, boolean, HotSpotAllocationSnippets$HotSpotAllocationProfilingData, boole
Comp 261 (CD.benchmark(int)) loops:
Found Encoding : 3:-1,4:-1,1:-1,0:-1,5:0,2:0
├── Loop 3
├── Loop 4
├── Loop 1
└── Loop 0
    ├── Loop 5
    └── Loop 2
  loop 0 Cycles: 302019758 || Activation Count:1| LoopCallCount: 11 |  Source: -at CD.benchmark(int) [bci: 28] | -at CD.benchmark(int) [bci: 72]
  loop 1 Cycles: 66410 || Activation Count:1| LoopCallCount: 6 |  Source: -at cd.Simulator.simulate(double) [bci: 11]
-at CD.benchmark(int) [bci: 48] | -at cd.Simulator.simulate(double) [bci: 127]
-at CD.benchmark(int) [bci: 48]
  loop 2 Cycles: 3537504 || Activation Count:119| LoopCallCount: 6 |  Source: -at cd.Simulator.simulate(double) [bci: 11]
-at CD.benchmark(int) [bci: 48] | -at cd.Simulator.simulate(double) [bci: 127]
-at CD.benchmark(int) [bci: 48]
  loop 4 Cycles: 1502 || Activation Count:1| LoopCallCount: 0 |  Source: -at jdk.graal.compiler.hotspot.replacements.HotSpotAllocationSnippets.allocateArray(KlassPointer, int, int, int, AllocationSnippets$FillContent, int, boolean, boolean, boolean, boolean, HotSpotAllocationSnippets$HotSpotAllocationProfilingData, boole
  loop 5 Cycles: 14824 || Activation Count:119| LoopCallCount: 0 |  Source: -at jdk.graal.compiler.hotspot.replacements.HotSpotAllocationSnippets.allocateArray(KlassPointer, int, int, int, AllocationSnippets$FillContent, int, boolean, boolean, boolean, boolean, HotSpotAllocationSnippets$HotSpotAllocationProfilingData, boole
Comp 262 (CD.benchmark(int)-Re-Comp) loops:
Found Encoding : 3:-1,1:-1,0:-1,4:0,2:0
├── Loop 3
├── Loop 1
└── Loop 0
    ├── Loop 4
    └── Loop 2
  loop 0 Cycles: 199319246696 || Activation Count:397| LoopCallCount: 11 |  Source: -at CD.benchmark(int) [bci: 28] | -at CD.benchmark(int) [bci: 72]
  loop 1 Cycles: 5574778 || Activation Count:397| LoopCallCount: 3 |  Source: -at cd.Simulator.<init>(int) [bci: 17]
-at CD.benchmark(int) [bci: 9] | -at cd.Simulator.<init>(int) [bci: 43]
-at CD.benchmark(int) [bci: 9]
  loop 2 Cycles: 2406985366 || Activation Count:79400| LoopCallCount: 6 |  Source: -at cd.Simulator.simulate(double) [bci: 11]
-at CD.benchmark(int) [bci: 48] | -at cd.Simulator.simulate(double) [bci: 127]
-at CD.benchmark(int) [bci: 48]
  loop 3 Cycles: 78538 || Activation Count:397| LoopCallCount: 0 |  Source: -at jdk.graal.compiler.hotspot.replacements.HotSpotAllocationSnippets.allocateArray(KlassPointer, int, int, int, AllocationSnippets$FillContent, int, boolean, boolean, boolean, boolean, HotSpotAllocationSnippets$HotSpotAllocationProfilingData, boole
  loop 4 Cycles: 9810182 || Activation Count:79400| LoopCallCount: 0 |  Source: -at jdk.graal.compiler.hotspot.replacements.HotSpotAllocationSnippets.allocateArray(KlassPointer, int, int, int, AllocationSnippets$FillContent, int, boolean, boolean, boolean, boolean, HotSpotAllocationSnippets$HotSpotAllocationProfilingData, boole
Comp 266 (java.lang.StringLatin1.inflate(byte[],) loops:
Found Encoding : 0:-1,1:-1,2:-1
├── Loop 0
├── Loop 1
└── Loop 2
  loop 0 Cycles: 29972 || Activation Count:172| LoopCallCount: 0 |  Source: -at java.lang.StringLatin1.inflate(StringLatin1.java:767) [bci: 3] | -at java.lang.StringLatin1.inflate(StringLatin1.java:770) [bci: 33]
  loop 1 Cycles: 14320 || Activation Count:172| LoopCallCount: 0 |  Source: Source Missing | -at java.lang.StringLatin1.inflate(StringLatin1.java:770) [bci: 33]
  loop 2 Cycles: 9482 || Activation Count:172| LoopCallCount: 0 |  Source: Source Missing | -at java.lang.StringLatin1.inflate(StringLatin1.java:770) [bci: 33]
