[Use -Djdk.graal.LogFile=<path> to redirect Graal log output to a file.]
java.util.HashMap.putVal(int, java.lang.Object, java.lang.Object, boolean, boolean)java.lang.Object -1 graphSignature differs 27ba10a12906ca5a4eaa0ddbdb8cdbd97a0a183d21916ae0dce244a079058c87 != 5a74e12f320f5360d51b0bb3946f087ce2dce5afa144b15d312a3acc1621c4cf
Starting CD benchmark ...
cd.RedBlackTree.treeInsert(java.lang.Comparable, java.lang.Object)cd.RedBlackTree$InsertResult -1 graphSignature differs adf28d23fa5fdbfe9d53d2f65c5f2aa8ab4230c7878429d283844fde2d9752bb != e8cdf4e16a3df313ffd16074f6d5c4dd662fe0e68637622319d77fb79df292a8
cd.RedBlackTree.findNode(java.lang.Comparable)cd.RedBlackTree$Node -1 graphSignature differs c7c13c12b5aca5125aa10c905273eced2353394f054b01d356ad8b1b2df720f6 != bce9022fb26bb560ee551cd4da4f770f7d6a6698b6340c104a3918eff60d5ffa
cd.CollisionDetector.recurse(cd.RedBlackTree, cd.RedBlackTree, cd.Vector2D, cd.Motion)void -1 graphSignature differs 74a735173b31023db2e1a8bac33a506347f09e8f72477bfb92e3b51d5bdfdb7a != 74cc8574ad5393ca4651f98e544552e2e5c112697d8938c6a92274a40a7e8a86
cd.CollisionDetector.isInVoxel(cd.Vector2D, cd.Motion)boolean -1 graphSignature differs dc56d1f1075d187e8a6c7a40623981ec77d5427baf5e0322150c6adba4aa5b4b != b4b76765bfe3bedb2def2e17f9020b500fd9eb4b9c7683bf804467fc2d8fee2d
som.Vector.append(java.lang.Object)void -1 graphSignature differs a11f92cafd93c43bed03ba0cd50681df62f7df0583a3a940639f7992fcc87161 != 110defb74f19a69b99cfa19de20a0e7b1ae13c1121750bac638e59b5fce015cd
cd.CollisionDetector$RemoveAbsentAircraft.apply(java.lang.Object)void -1 graphSignature differs d21a19a81ad483bd984caf3d6b19f281004b256fd94a4d37fa07150e2aebcb38 != 64d2774c1ab94d7aa1644ba979a6ca5c6263a21e21d0486ad8b654987eb028ea
cd.CollisionDetector$RemoveAbsentAircraft.apply(cd.RedBlackTree$Entry)void -1 graphSignature differs 8367ed69c382984d58fe229b8d18bf1c562ed6810366f080cd96e778244f85c6 != 8d5168936f17bc6f38467d60c820357c3cf66b69ddb046abff5c32292a0c159e
cd.CollisionDetector.handleNewFrame(som.Vector)som.Vector -1 graphSignature differs 83096df85cc09d0939243ca35e16f4013094ea0d4c0aa1d09b1c4b1403684c5f != 82da39854491faf13214836d0fea28070a264ea8dfe0126099cbc3ce9a3e0f6b
cd.CollisionDetector.putIntoMap(cd.RedBlackTree, cd.Vector2D, cd.Motion)void -1 graphSignature differs 95e7624ca9ef3108b31d2d28ad336b7921de849e76c3911f199a4f4449c17abc != a201206e6ff14ba60c58fb2be15b334ebce6557143d69ac975a7fab19552a804
cd.RedBlackTree.forEach(som.ForEachInterface)void -1 graphSignature differs 925c39a376958dd6125f16decab1844aa2df06c0b7e99b8323dd93137b838871 != 80c28ef7b8913d126bfb7f5bd5d3ae95686615561f217b9d564d42f3b8c0674c
cd.CollisionDetector$CollectCollisions.apply(java.lang.Object)void -1 graphSignature differs 5f15573133aa1d77bcbd4187ce267798c6b1b816c5c9c916d3ac448d7e49c284 != 748a75dff4a2608ab15af891500b142807a956f6e0c6d8febcbeab3595f526c0
cd.CollisionDetector$CollectCollisions.apply(cd.RedBlackTree$Entry)void -1 graphSignature differs 8c4cad386f84cf1ea28e3fde8145f3c8d086119e06212d7761d20a15712cbe4b != 733c51949657565f3165ba90948649cd1ffc2f40d12c0d44bc012c7e6d1a8175
cd.CollisionDetector.reduceCollisionSet(som.Vector)som.Vector -1 graphSignature differs 2510574150ed5bfa600fe43c736a62538441b593bab0e229424d8c174cc798c1 != 318d4e3ecb1c65a10b758209be10a6bf270f9efd4130661b866b2189ce744e0b
cd.Simulator.simulate(double)som.Vector -1 graphSignature differs 4badec08fc3755f440a47265b2b094d008c552a2b2efbdac824f6e5bee9756b2 != 3b44c09075a407acb993c38b1a09a4b06565f70914fdd2370233829a5e71eb23
CD: iterations=1 runtime: 578644us
CD: iterations=2 runtime: 217563us
java.util.Arrays.copyOf(java.lang.Object[], int, java.lang.Class)java.lang.Object[] -1 graphSignature differs 4d20d4e6f51f5f8f4430cb6f5c1fc0d2893f928260531a4a580e54c3643d3b43 != 93813dceaac1b720fe1c2a6be459e2809b36f179462af16dd7d40620c2acc4df
CD: iterations=3 runtime: 220368us
CD: iterations=4 runtime: 211619us
CD: iterations=5 runtime: 211808us
CD: iterations=6 runtime: 211488us
CD: iterations=7 runtime: 218966us
CD: iterations=8 runtime: 211412us
CD: iterations=9 runtime: 211265us
CD: iterations=10 runtime: 218176us
CD: iterations=11 runtime: 211058us
CD: iterations=12 runtime: 212301us
CD: iterations=13 runtime: 211751us
CD: iterations=14 runtime: 211209us
CD: iterations=15 runtime: 211977us
CD: iterations=16 runtime: 210689us
CD: iterations=17 runtime: 211324us
CD: iterations=18 runtime: 211382us
CD: iterations=19 runtime: 211066us
CD: iterations=20 runtime: 211133us
cd.Simulator.<init>(int)void -1 graphSignature differs 58d80a24bbfcb25a908726cdafe241f4ebdf2fd8cfbf58d5103126a53f403268 != dbbc65ae198dfceb5662d8b4ccb1dde865d4108c57b912bf4503c6d393d869f6
CD: iterations=21 runtime: 259459us
CD: iterations=22 runtime: 210872us
CD: iterations=23 runtime: 210588us
CD: iterations=24 runtime: 210624us
CD: iterations=25 runtime: 210642us
CD: iterations=26 runtime: 210808us
CD: iterations=27 runtime: 210610us
CD: iterations=28 runtime: 210602us
CD: iterations=29 runtime: 210713us
CD: iterations=30 runtime: 210590us
CD: iterations=31 runtime: 210059us
CD: iterations=32 runtime: 211418us
CD: iterations=33 runtime: 211178us
CD: iterations=34 runtime: 210993us
CD: iterations=35 runtime: 212007us
CD: iterations=36 runtime: 215260us
CD: iterations=37 runtime: 214955us
CD: iterations=38 runtime: 211357us
CD: iterations=39 runtime: 211489us
CD: iterations=40 runtime: 211159us
CD: iterations=41 runtime: 210908us
CD: iterations=42 runtime: 211952us
CD: iterations=43 runtime: 211659us
CD: iterations=44 runtime: 213989us
CD: iterations=45 runtime: 211232us
CD: iterations=46 runtime: 211527us
CD: iterations=47 runtime: 210845us
CD: iterations=48 runtime: 212601us
CD: iterations=49 runtime: 211582us
CD: iterations=50 runtime: 212364us
CD: iterations=51 runtime: 212738us
CD: iterations=52 runtime: 211311us
CD: iterations=53 runtime: 211832us
CD: iterations=54 runtime: 211537us
CD: iterations=55 runtime: 211616us
CD: iterations=56 runtime: 211743us
CD: iterations=57 runtime: 213695us
CD: iterations=58 runtime: 211560us
CD: iterations=59 runtime: 212414us
CD: iterations=60 runtime: 211805us
CD: iterations=61 runtime: 211202us
CD: iterations=62 runtime: 211021us
CD: iterations=63 runtime: 211965us
CD: iterations=64 runtime: 213492us
CD: iterations=65 runtime: 211898us
CD: iterations=66 runtime: 213578us
CD: iterations=67 runtime: 212625us
CD: iterations=68 runtime: 211367us
CD: iterations=69 runtime: 211662us
CD: iterations=70 runtime: 213817us
CD: iterations=71 runtime: 214359us
CD: iterations=72 runtime: 216440us
CD: iterations=73 runtime: 212054us
CD: iterations=74 runtime: 211215us
CD: iterations=75 runtime: 211290us
CD: iterations=76 runtime: 211052us
CD: iterations=77 runtime: 211658us
CD: iterations=78 runtime: 210948us
CD: iterations=79 runtime: 212392us
CD: iterations=80 runtime: 211463us
CD: iterations=81 runtime: 212442us
CD: iterations=82 runtime: 214353us
CD: iterations=83 runtime: 213616us
CD: iterations=84 runtime: 215102us
CD: iterations=85 runtime: 211599us
CD: iterations=86 runtime: 212706us
CD: iterations=87 runtime: 211320us
CD: iterations=88 runtime: 211103us
CD: iterations=89 runtime: 211645us
CD: iterations=90 runtime: 211447us
CD: iterations=91 runtime: 211821us
CD: iterations=92 runtime: 224027us
CD: iterations=93 runtime: 210868us
CD: iterations=94 runtime: 211576us
CD: iterations=95 runtime: 211526us
CD: iterations=96 runtime: 211622us
CD: iterations=97 runtime: 211661us
CD: iterations=98 runtime: 211267us
CD: iterations=99 runtime: 211357us
CD: iterations=100 runtime: 211502us
CD: iterations=101 runtime: 211243us
CD: iterations=102 runtime: 211535us
CD.benchmark(int)int -1 graphSignature differs fe2729633ff39bdee048d0efa2414aaf866871cfb32633d8db072cabfa6614ed != ee20196c861eaf19b81b99424a243a0a5ab66930086f3915f1cf96951070ced2
CD: iterations=103 runtime: 334314us
CD: iterations=104 runtime: 210929us
CD: iterations=105 runtime: 211406us
CD: iterations=106 runtime: 211673us
CD: iterations=107 runtime: 211681us
CD: iterations=108 runtime: 210973us
CD: iterations=109 runtime: 210445us
CD: iterations=110 runtime: 211827us
CD: iterations=111 runtime: 212218us
CD: iterations=112 runtime: 215411us
CD: iterations=113 runtime: 213138us
CD: iterations=114 runtime: 211357us
CD: iterations=115 runtime: 211074us
CD: iterations=116 runtime: 211027us
CD: iterations=117 runtime: 211279us
CD: iterations=118 runtime: 226100us
CD: iterations=119 runtime: 211138us
CD: iterations=120 runtime: 211109us
CD: iterations=121 runtime: 210909us
CD: iterations=122 runtime: 211004us
CD: iterations=123 runtime: 210623us
CD: iterations=124 runtime: 210501us
CD: iterations=125 runtime: 211799us
CD: iterations=126 runtime: 212001us
CD: iterations=127 runtime: 211580us
CD: iterations=128 runtime: 221240us
CD: iterations=129 runtime: 212236us
CD: iterations=130 runtime: 212107us
CD: iterations=131 runtime: 211251us
CD: iterations=132 runtime: 210948us
CD: iterations=133 runtime: 211464us
CD: iterations=134 runtime: 211122us
CD: iterations=135 runtime: 211003us
CD: iterations=136 runtime: 210712us
CD: iterations=137 runtime: 210439us
CD: iterations=138 runtime: 210634us
CD: iterations=139 runtime: 210199us
CD: iterations=140 runtime: 210470us
CD: iterations=141 runtime: 211369us
CD: iterations=142 runtime: 211156us
CD: iterations=143 runtime: 211285us
CD: iterations=144 runtime: 213092us
CD: iterations=145 runtime: 210998us
CD: iterations=146 runtime: 211069us
CD: iterations=147 runtime: 211231us
CD: iterations=148 runtime: 211091us
CD: iterations=149 runtime: 211351us
CD: iterations=150 runtime: 210852us
CD: iterations=151 runtime: 210827us
CD: iterations=152 runtime: 211827us
CD: iterations=153 runtime: 211878us
CD: iterations=154 runtime: 213532us
CD: iterations=155 runtime: 210677us
CD: iterations=156 runtime: 211278us
CD: iterations=157 runtime: 213254us
CD: iterations=158 runtime: 211406us
CD: iterations=159 runtime: 212922us
CD: iterations=160 runtime: 212966us
CD: iterations=161 runtime: 210595us
CD: iterations=162 runtime: 211071us
CD: iterations=163 runtime: 210629us
CD: iterations=164 runtime: 210443us
CD: iterations=165 runtime: 211396us
CD: iterations=166 runtime: 212195us
CD: iterations=167 runtime: 211752us
CD: iterations=168 runtime: 211339us
CD: iterations=169 runtime: 211803us
CD: iterations=170 runtime: 211604us
CD: iterations=171 runtime: 212961us
CD: iterations=172 runtime: 211241us
CD: iterations=173 runtime: 210938us
CD: iterations=174 runtime: 211317us
CD: iterations=175 runtime: 210987us
CD: iterations=176 runtime: 213694us
CD: iterations=177 runtime: 213714us
CD: iterations=178 runtime: 211182us
CD: iterations=179 runtime: 211602us
CD: iterations=180 runtime: 212271us
CD: iterations=181 runtime: 211831us
CD: iterations=182 runtime: 211266us
CD: iterations=183 runtime: 211441us
CD: iterations=184 runtime: 212305us
CD: iterations=185 runtime: 211121us
CD: iterations=186 runtime: 211034us
CD: iterations=187 runtime: 213052us
CD: iterations=188 runtime: 212961us
CD: iterations=189 runtime: 213049us
CD: iterations=190 runtime: 212805us
CD: iterations=191 runtime: 211432us
CD: iterations=192 runtime: 213224us
CD: iterations=193 runtime: 212325us
CD: iterations=194 runtime: 210715us
CD: iterations=195 runtime: 211017us
CD: iterations=196 runtime: 211226us
CD: iterations=197 runtime: 212183us
CD: iterations=198 runtime: 211522us
CD: iterations=199 runtime: 210604us
CD: iterations=200 runtime: 212390us
CD: iterations=201 runtime: 212129us
CD: iterations=202 runtime: 211709us
CD: iterations=203 runtime: 211577us
CD: iterations=204 runtime: 211454us
CD: iterations=205 runtime: 211481us
CD: iterations=206 runtime: 212729us
CD: iterations=207 runtime: 211616us
CD: iterations=208 runtime: 211349us
CD: iterations=209 runtime: 211129us
CD: iterations=210 runtime: 211288us
CD: iterations=211 runtime: 211001us
CD: iterations=212 runtime: 211065us
CD: iterations=213 runtime: 211226us
CD: iterations=214 runtime: 212975us
CD: iterations=215 runtime: 210964us
CD: iterations=216 runtime: 210650us
CD: iterations=217 runtime: 210876us
CD: iterations=218 runtime: 213490us
CD: iterations=219 runtime: 211953us
CD: iterations=220 runtime: 211476us
CD: iterations=221 runtime: 211664us
CD: iterations=222 runtime: 211395us
CD: iterations=223 runtime: 211500us
CD: iterations=224 runtime: 211947us
CD: iterations=225 runtime: 212078us
CD: iterations=226 runtime: 216572us
CD: iterations=227 runtime: 219887us
CD: iterations=228 runtime: 211302us
CD: iterations=229 runtime: 212274us
CD: iterations=230 runtime: 210835us
CD: iterations=231 runtime: 211056us
CD: iterations=232 runtime: 210927us
CD: iterations=233 runtime: 211429us
CD: iterations=234 runtime: 211395us
CD: iterations=235 runtime: 211361us
CD: iterations=236 runtime: 211362us
CD: iterations=237 runtime: 211383us
CD: iterations=238 runtime: 212695us
CD: iterations=239 runtime: 211093us
CD: iterations=240 runtime: 211080us
CD: iterations=241 runtime: 211306us
CD: iterations=242 runtime: 211183us
CD: iterations=243 runtime: 211363us
CD: iterations=244 runtime: 210959us
CD: iterations=245 runtime: 211014us
CD: iterations=246 runtime: 211129us
CD: iterations=247 runtime: 212317us
CD: iterations=248 runtime: 212127us
CD: iterations=249 runtime: 211598us
CD: iterations=250 runtime: 211625us
CD: iterations=251 runtime: 211618us
CD: iterations=252 runtime: 211618us
CD: iterations=253 runtime: 211603us
CD: iterations=254 runtime: 213343us
CD: iterations=255 runtime: 211246us
CD: iterations=256 runtime: 211459us
CD: iterations=257 runtime: 211235us
CD: iterations=258 runtime: 211322us
CD: iterations=259 runtime: 212546us
CD: iterations=260 runtime: 212131us
CD: iterations=261 runtime: 212211us
CD: iterations=262 runtime: 210731us
CD: iterations=263 runtime: 211087us
CD: iterations=264 runtime: 211478us
CD: iterations=265 runtime: 211247us
CD: iterations=266 runtime: 211304us
CD: iterations=267 runtime: 211528us
CD: iterations=268 runtime: 211256us
CD: iterations=269 runtime: 211410us
CD: iterations=270 runtime: 211433us
CD: iterations=271 runtime: 211824us
CD: iterations=272 runtime: 212195us
CD: iterations=273 runtime: 212623us
CD: iterations=274 runtime: 211800us
CD: iterations=275 runtime: 210601us
CD: iterations=276 runtime: 210955us
CD: iterations=277 runtime: 210686us
CD: iterations=278 runtime: 210548us
CD: iterations=279 runtime: 210663us
CD: iterations=280 runtime: 211147us
CD: iterations=281 runtime: 211203us
CD: iterations=282 runtime: 211204us
CD: iterations=283 runtime: 211039us
CD: iterations=284 runtime: 210959us
CD: iterations=285 runtime: 211270us
CD: iterations=286 runtime: 210882us
CD: iterations=287 runtime: 210805us
CD: iterations=288 runtime: 210695us
CD: iterations=289 runtime: 210910us
CD: iterations=290 runtime: 210944us
CD: iterations=291 runtime: 210777us
CD: iterations=292 runtime: 218001us
CD: iterations=293 runtime: 211074us
CD: iterations=294 runtime: 211330us
CD: iterations=295 runtime: 213160us
CD: iterations=296 runtime: 212098us
CD: iterations=297 runtime: 211183us
CD: iterations=298 runtime: 210970us
CD: iterations=299 runtime: 211441us
CD: iterations=300 runtime: 211213us
CD: iterations=301 runtime: 211520us
CD: iterations=302 runtime: 211537us
CD: iterations=303 runtime: 211032us
CD: iterations=304 runtime: 211015us
CD: iterations=305 runtime: 211220us
CD: iterations=306 runtime: 210932us
CD: iterations=307 runtime: 210856us
CD: iterations=308 runtime: 211006us
CD: iterations=309 runtime: 211203us
CD: iterations=310 runtime: 210731us
CD: iterations=311 runtime: 212089us
CD: iterations=312 runtime: 211446us
CD: iterations=313 runtime: 211395us
CD: iterations=314 runtime: 211097us
CD: iterations=315 runtime: 211327us
CD: iterations=316 runtime: 211144us
CD: iterations=317 runtime: 211353us
CD: iterations=318 runtime: 212760us
CD: iterations=319 runtime: 212981us
CD: iterations=320 runtime: 213505us
CD: iterations=321 runtime: 210944us
CD: iterations=322 runtime: 213139us
CD: iterations=323 runtime: 211043us
CD: iterations=324 runtime: 211079us
CD: iterations=325 runtime: 210885us
CD: iterations=326 runtime: 212432us
CD: iterations=327 runtime: 211678us
CD: iterations=328 runtime: 211453us
CD: iterations=329 runtime: 211364us
CD: iterations=330 runtime: 212931us
CD: iterations=331 runtime: 211381us
CD: iterations=332 runtime: 211232us
CD: iterations=333 runtime: 211049us
CD: iterations=334 runtime: 211069us
CD: iterations=335 runtime: 210815us
CD: iterations=336 runtime: 211308us
CD: iterations=337 runtime: 210971us
CD: iterations=338 runtime: 211668us
CD: iterations=339 runtime: 211330us
CD: iterations=340 runtime: 210895us
CD: iterations=341 runtime: 210827us
CD: iterations=342 runtime: 212813us
CD: iterations=343 runtime: 212432us
CD: iterations=344 runtime: 211954us
CD: iterations=345 runtime: 211316us
CD: iterations=346 runtime: 211369us
CD: iterations=347 runtime: 211426us
CD: iterations=348 runtime: 211217us
CD: iterations=349 runtime: 211103us
CD: iterations=350 runtime: 211080us
CD: iterations=351 runtime: 210897us
CD: iterations=352 runtime: 210808us
CD: iterations=353 runtime: 211125us
CD: iterations=354 runtime: 210813us
CD: iterations=355 runtime: 210810us
CD: iterations=356 runtime: 210916us
CD: iterations=357 runtime: 213334us
CD: iterations=358 runtime: 211657us
CD: iterations=359 runtime: 211650us
CD: iterations=360 runtime: 211162us
CD: iterations=361 runtime: 211252us
CD: iterations=362 runtime: 211267us
CD: iterations=363 runtime: 211344us
CD: iterations=364 runtime: 211300us
CD: iterations=365 runtime: 212197us
CD: iterations=366 runtime: 212866us
CD: iterations=367 runtime: 211592us
CD: iterations=368 runtime: 211333us
CD: iterations=369 runtime: 210985us
CD: iterations=370 runtime: 210999us
CD: iterations=371 runtime: 211179us
CD: iterations=372 runtime: 213762us
CD: iterations=373 runtime: 211889us
CD: iterations=374 runtime: 211458us
CD: iterations=375 runtime: 211763us
CD: iterations=376 runtime: 213895us
CD: iterations=377 runtime: 211221us
CD: iterations=378 runtime: 211440us
CD: iterations=379 runtime: 211131us
CD: iterations=380 runtime: 211106us
CD: iterations=381 runtime: 211029us
CD: iterations=382 runtime: 210936us
CD: iterations=383 runtime: 211012us
CD: iterations=384 runtime: 211079us
CD: iterations=385 runtime: 212522us
CD: iterations=386 runtime: 210553us
CD: iterations=387 runtime: 211189us
CD: iterations=388 runtime: 211741us
CD: iterations=389 runtime: 212896us
CD: iterations=390 runtime: 214121us
CD: iterations=391 runtime: 211560us
CD: iterations=392 runtime: 211310us
CD: iterations=393 runtime: 211355us
CD: iterations=394 runtime: 211379us
CD: iterations=395 runtime: 211081us
CD: iterations=396 runtime: 211186us
CD: iterations=397 runtime: 211302us
CD: iterations=398 runtime: 210978us
CD: iterations=399 runtime: 211124us
CD: iterations=400 runtime: 211051us
CD: iterations=401 runtime: 224539us
CD: iterations=402 runtime: 210729us
CD: iterations=403 runtime: 211956us
CD: iterations=404 runtime: 211356us
CD: iterations=405 runtime: 211471us
CD: iterations=406 runtime: 211281us
CD: iterations=407 runtime: 211426us
CD: iterations=408 runtime: 211345us
CD: iterations=409 runtime: 211211us
CD: iterations=410 runtime: 214199us
CD: iterations=411 runtime: 213048us
CD: iterations=412 runtime: 211511us
CD: iterations=413 runtime: 213098us
CD: iterations=414 runtime: 211496us
CD: iterations=415 runtime: 211086us
CD: iterations=416 runtime: 210776us
CD: iterations=417 runtime: 210781us
CD: iterations=418 runtime: 210726us
CD: iterations=419 runtime: 227675us
CD: iterations=420 runtime: 211531us
CD: iterations=421 runtime: 211397us
CD: iterations=422 runtime: 211502us
CD: iterations=423 runtime: 211423us
CD: iterations=424 runtime: 211153us
CD: iterations=425 runtime: 211493us
CD: iterations=426 runtime: 210935us
CD: iterations=427 runtime: 211810us
CD: iterations=428 runtime: 210895us
CD: iterations=429 runtime: 210937us
CD: iterations=430 runtime: 210808us
CD: iterations=431 runtime: 210983us
CD: iterations=432 runtime: 211355us
CD: iterations=433 runtime: 210878us
CD: iterations=434 runtime: 211641us
CD: iterations=435 runtime: 211933us
CD: iterations=436 runtime: 212855us
CD: iterations=437 runtime: 212645us
CD: iterations=438 runtime: 211152us
CD: iterations=439 runtime: 211712us
CD: iterations=440 runtime: 211139us
CD: iterations=441 runtime: 211184us
CD: iterations=442 runtime: 211296us
CD: iterations=443 runtime: 211602us
CD: iterations=444 runtime: 211433us
CD: iterations=445 runtime: 211555us
CD: iterations=446 runtime: 211219us
CD: iterations=447 runtime: 210358us
CD: iterations=448 runtime: 210457us
CD: iterations=449 runtime: 210554us
CD: iterations=450 runtime: 211204us
CD: iterations=451 runtime: 210968us
CD: iterations=452 runtime: 211147us
CD: iterations=453 runtime: 210998us
CD: iterations=454 runtime: 210881us
CD: iterations=455 runtime: 210925us
CD: iterations=456 runtime: 210574us
CD: iterations=457 runtime: 210509us
CD: iterations=458 runtime: 211264us
CD: iterations=459 runtime: 211654us
CD: iterations=460 runtime: 212246us
CD: iterations=461 runtime: 211730us
CD: iterations=462 runtime: 210271us
CD: iterations=463 runtime: 210257us
CD: iterations=464 runtime: 210152us
CD: iterations=465 runtime: 210781us
CD: iterations=466 runtime: 210967us
CD: iterations=467 runtime: 210988us
CD: iterations=468 runtime: 210871us
CD: iterations=469 runtime: 210929us
CD: iterations=470 runtime: 210597us
CD: iterations=471 runtime: 210752us
CD: iterations=472 runtime: 210676us
CD: iterations=473 runtime: 210584us
CD: iterations=474 runtime: 210943us
CD: iterations=475 runtime: 210392us
CD: iterations=476 runtime: 210268us
CD: iterations=477 runtime: 210430us
CD: iterations=478 runtime: 210399us
CD: iterations=479 runtime: 210186us
CD: iterations=480 runtime: 210327us
CD: iterations=481 runtime: 210836us
CD: iterations=482 runtime: 210944us
CD: iterations=483 runtime: 211646us
CD: iterations=484 runtime: 211851us
CD: iterations=485 runtime: 211185us
CD: iterations=486 runtime: 210544us
CD: iterations=487 runtime: 210802us
CD: iterations=488 runtime: 210715us
CD: iterations=489 runtime: 210485us
CD: iterations=490 runtime: 210441us
CD: iterations=491 runtime: 210477us
CD: iterations=492 runtime: 210821us
CD: iterations=493 runtime: 210386us
CD: iterations=494 runtime: 210158us
CD: iterations=495 runtime: 210118us
CD: iterations=496 runtime: 210889us
CD: iterations=497 runtime: 210839us
CD: iterations=498 runtime: 210850us
CD: iterations=499 runtime: 211022us
CD: iterations=500 runtime: 210861us
CD: iterations=500 average: 212802us total: 106401158us


Total Runtime: 106401158us
Bubo.RDTSC.Harness.main Total RDTSC cycles: 352888873270
