Could not locate BlockSlowdown.json
Skipping Loading (this might cause a fatal crash if GTSlowdown is on)
[Use -Djdk.graal.LogFile=<path> to redirect Graal log output to a file.]
java.util.ImmutableCollections$SetN$SetNIterator.next()java.lang.Object -1 graphSignature differs cc325e064e7585e0e6736addc07d3b5b1a1e9ec52f960e7777496af159b5096f != 920e12a7ee41cc3a0a3487d03bd48833bfc4e8d416bdbae7234f8ba199084b4d
java.util.HashMap.putVal(int, java.lang.Object, java.lang.Object, boolean, boolean)java.lang.Object -1 graphSignature differs 71c7befc4bcc50903c01cb500806055811a71080bd754d077284439fcd10103c != 5a74e12f320f5360d51b0bb3946f087ce2dce5afa144b15d312a3acc1621c4cf
java.lang.String.equals(java.lang.Object)boolean -1 graphSignature differs 240f841b413bb8bd2af4877cb3753eac11d3bdc482d702e067df992e72784ebb != 2d841e5f6ff33687ba2a8e89c73735b82c892266d476f740b43f9fc2b4d21873
java.util.HashMap.resize()java.util.HashMap$Node[] -1 graphSignature differs 8621339e67ed630b148c0b60d4ece2a8f5e4dc640c7e625f721a8babedbc3813 != 907f32e8439d3100299993dcad76560e08b0f705baa3a6e36f739c5640084aa9
Could not locate BlockSlowdown.json
Skipping Loading (this might cause a fatal crash if GTSlowdown is on)
java.lang.StringLatin1.equals(byte[], byte[])boolean -1 graphSignature differs f47d0b1647dabd6f0108a1c873e12c6a64939992dcc9e97f79a9e6e1f1af8649 != cda1bda6b067c21da86f5c9b00220a168b94ff95811df6ee0a57435eb4ec0473
Starting List benchmark ...
List: iterations=1 runtime: 349245us
List: iterations=2 runtime: 291121us
Benchmark.innerBenchmarkLoop(int)boolean -1 graphSignature differs 1ce67b4520d621e4561bd5caafb0ab7415b06e884406b68566c024003a4c6740 != 7a271abf22a1270f391e80a5947622a55c5b80f49b8c0efec707ed8306ff89bb
List: iterations=3 runtime: 298729us
List: iterations=4 runtime: 288621us
List: iterations=5 runtime: 288742us
List: iterations=6 runtime: 288719us
List: iterations=7 runtime: 290802us
List: iterations=8 runtime: 288472us
List: iterations=9 runtime: 288400us
List: iterations=10 runtime: 289075us
List: iterations=11 runtime: 288516us
List: iterations=12 runtime: 287972us
List: iterations=13 runtime: 288014us
List: iterations=14 runtime: 288334us
List: iterations=15 runtime: 288455us
List: iterations=16 runtime: 288301us
List: iterations=17 runtime: 288444us
List: iterations=18 runtime: 287964us
List: iterations=19 runtime: 288012us
List: iterations=20 runtime: 287924us
List: iterations=21 runtime: 314698us
List: iterations=22 runtime: 289642us
List: iterations=23 runtime: 288134us
List: iterations=24 runtime: 288031us
List: iterations=25 runtime: 287943us
List: iterations=26 runtime: 287988us
List: iterations=27 runtime: 288230us
List: iterations=28 runtime: 288417us
List: iterations=29 runtime: 287952us
List: iterations=30 runtime: 288000us
List: iterations=31 runtime: 287989us
List: iterations=32 runtime: 288036us
List: iterations=33 runtime: 287936us
List: iterations=34 runtime: 287941us
List: iterations=35 runtime: 287977us
List: iterations=36 runtime: 287935us
List: iterations=37 runtime: 287955us
List: iterations=38 runtime: 288152us
List: iterations=39 runtime: 288343us
List: iterations=40 runtime: 288249us
List: iterations=41 runtime: 288537us
List: iterations=42 runtime: 288439us
List: iterations=43 runtime: 289996us
List: iterations=44 runtime: 288084us
List: iterations=45 runtime: 288530us
List: iterations=46 runtime: 287810us
List: iterations=47 runtime: 287641us
List: iterations=48 runtime: 287648us
List: iterations=49 runtime: 287638us
List: iterations=50 runtime: 287641us
List: iterations=51 runtime: 287664us
List: iterations=52 runtime: 287763us
List: iterations=53 runtime: 288064us
List: iterations=54 runtime: 288033us
List: iterations=55 runtime: 287979us
List: iterations=56 runtime: 288050us
List: iterations=57 runtime: 288068us
List: iterations=58 runtime: 287964us
List: iterations=59 runtime: 288019us
List: iterations=60 runtime: 288099us
List: iterations=61 runtime: 288055us
List: iterations=62 runtime: 288381us
List: iterations=63 runtime: 289343us
List: iterations=64 runtime: 287985us
List: iterations=65 runtime: 288892us
List: iterations=66 runtime: 288147us
List: iterations=67 runtime: 288100us
List: iterations=68 runtime: 288163us
List: iterations=69 runtime: 288083us
List: iterations=70 runtime: 300954us
List: iterations=71 runtime: 287576us
List: iterations=72 runtime: 287747us
List: iterations=73 runtime: 287983us
List: iterations=74 runtime: 288011us
List: iterations=75 runtime: 288060us
List: iterations=76 runtime: 288031us
List: iterations=77 runtime: 288155us
List: iterations=78 runtime: 288083us
List: iterations=79 runtime: 288196us
List: iterations=80 runtime: 288617us
List: iterations=81 runtime: 288099us
List: iterations=82 runtime: 288074us
List: iterations=83 runtime: 289197us
List: iterations=84 runtime: 287768us
List: iterations=85 runtime: 287667us
List: iterations=86 runtime: 287665us
List: iterations=87 runtime: 287657us
List: iterations=88 runtime: 287639us
List: iterations=89 runtime: 287592us
List: iterations=90 runtime: 287630us
Could not locate BlockSlowdown.json
Skipping Loading (this might cause a fatal crash if GTSlowdown is on)
List: iterations=91 runtime: 287599us
List: iterations=92 runtime: 288220us
List: iterations=93 runtime: 288077us
List: iterations=94 runtime: 288093us
List: iterations=95 runtime: 288077us
List: iterations=96 runtime: 288016us
List: iterations=97 runtime: 288572us
List: iterations=98 runtime: 288072us
List: iterations=99 runtime: 288032us
List: iterations=100 runtime: 288111us
List: iterations=101 runtime: 288050us
List: iterations=102 runtime: 287980us
List: iterations=103 runtime: 289299us
List: iterations=104 runtime: 287995us
List: iterations=105 runtime: 288000us
List: iterations=106 runtime: 288316us
List: iterations=107 runtime: 288045us
List: iterations=108 runtime: 288143us
List: iterations=109 runtime: 288105us
List: iterations=110 runtime: 287980us
List: iterations=111 runtime: 288007us
List: iterations=112 runtime: 287988us
List: iterations=113 runtime: 287954us
List: iterations=114 runtime: 288314us
List: iterations=115 runtime: 288305us
List: iterations=116 runtime: 288102us
List: iterations=117 runtime: 288158us
List: iterations=118 runtime: 288135us
List: iterations=119 runtime: 288128us
List: iterations=120 runtime: 288064us
List: iterations=121 runtime: 288069us
List: iterations=122 runtime: 288088us
List: iterations=123 runtime: 288017us
List: iterations=124 runtime: 289296us
List: iterations=125 runtime: 288077us
List: iterations=126 runtime: 288031us
Could not locate BlockSlowdown.json
Skipping Loading (this might cause a fatal crash if GTSlowdown is on)
List: iterations=127 runtime: 287844us
List: iterations=128 runtime: 288115us
List: iterations=129 runtime: 288034us
List: iterations=130 runtime: 287981us
List: iterations=131 runtime: 288101us
List: iterations=132 runtime: 288503us
List: iterations=133 runtime: 288051us
List: iterations=134 runtime: 288023us
List: iterations=135 runtime: 288055us
List: iterations=136 runtime: 287953us
List: iterations=137 runtime: 287928us
List: iterations=138 runtime: 287951us
List: iterations=139 runtime: 287966us
List: iterations=140 runtime: 287961us
List: iterations=141 runtime: 287966us
List: iterations=142 runtime: 287936us
List: iterations=143 runtime: 287974us
List: iterations=144 runtime: 289360us
List: iterations=145 runtime: 288330us
List: iterations=146 runtime: 288465us
List: iterations=147 runtime: 288275us
List: iterations=148 runtime: 288253us
List: iterations=149 runtime: 288661us
List: iterations=150 runtime: 288191us
List: iterations=151 runtime: 314486us
List: iterations=152 runtime: 288162us
List: iterations=153 runtime: 288128us
List: iterations=154 runtime: 288020us
List: iterations=155 runtime: 287990us
List: iterations=156 runtime: 288010us
List: iterations=157 runtime: 288039us
List: iterations=158 runtime: 287938us
List: iterations=159 runtime: 288014us
List: iterations=160 runtime: 287972us
List: iterations=161 runtime: 288037us
List: iterations=162 runtime: 288051us
List: iterations=163 runtime: 288062us
List: iterations=164 runtime: 289291us
List: iterations=165 runtime: 287657us
List: iterations=166 runtime: 288032us
List: iterations=167 runtime: 287934us
List: iterations=168 runtime: 287717us
List: iterations=169 runtime: 287608us
List: iterations=170 runtime: 287465us
List: iterations=171 runtime: 287535us
List: iterations=172 runtime: 287601us
List: iterations=173 runtime: 287543us
List: iterations=174 runtime: 287599us
List: iterations=175 runtime: 287590us
List: iterations=176 runtime: 287573us
List: iterations=177 runtime: 287573us
List: iterations=178 runtime: 287644us
List: iterations=179 runtime: 287674us
List: iterations=180 runtime: 287648us
List: iterations=181 runtime: 287728us
List: iterations=182 runtime: 287767us
List: iterations=183 runtime: 287730us
List: iterations=184 runtime: 288221us
List: iterations=185 runtime: 289408us
List: iterations=186 runtime: 288249us
List: iterations=187 runtime: 288028us
List: iterations=188 runtime: 288062us
List: iterations=189 runtime: 288025us
List: iterations=190 runtime: 287974us
List: iterations=191 runtime: 288019us
List: iterations=192 runtime: 288000us
List: iterations=193 runtime: 288043us
List: iterations=194 runtime: 288056us
List: iterations=195 runtime: 288116us
List: iterations=196 runtime: 288002us
List: iterations=197 runtime: 287981us
List: iterations=198 runtime: 287969us
List: iterations=199 runtime: 288012us
List: iterations=200 runtime: 288075us
List: iterations=201 runtime: 288535us
List: iterations=202 runtime: 288133us
List: iterations=203 runtime: 288113us
List: iterations=204 runtime: 288055us
List: iterations=205 runtime: 289418us
List: iterations=206 runtime: 288063us
List: iterations=207 runtime: 288145us
List: iterations=208 runtime: 288040us
List: iterations=209 runtime: 288220us
List: iterations=210 runtime: 288118us
List: iterations=211 runtime: 288017us
List: iterations=212 runtime: 287974us
List: iterations=213 runtime: 287993us
List: iterations=214 runtime: 288008us
List: iterations=215 runtime: 288188us
List: iterations=216 runtime: 288154us
List: iterations=217 runtime: 288057us
List: iterations=218 runtime: 288359us
List: iterations=219 runtime: 287860us
List: iterations=220 runtime: 287486us
List: iterations=221 runtime: 287426us
List: iterations=222 runtime: 287282us
List: iterations=223 runtime: 287321us
List: iterations=224 runtime: 287247us
List: iterations=225 runtime: 288941us
List: iterations=226 runtime: 288370us
List: iterations=227 runtime: 288201us
List: iterations=228 runtime: 288167us
List: iterations=229 runtime: 288041us
List: iterations=230 runtime: 292417us
List: iterations=231 runtime: 310312us
List: iterations=232 runtime: 288133us
List: iterations=233 runtime: 288026us
List: iterations=234 runtime: 288117us
List: iterations=235 runtime: 288270us
List: iterations=236 runtime: 288564us
List: iterations=237 runtime: 288045us
List: iterations=238 runtime: 288133us
List: iterations=239 runtime: 288271us
List: iterations=240 runtime: 288057us
List: iterations=241 runtime: 288109us
List: iterations=242 runtime: 288109us
List: iterations=243 runtime: 288012us
List: iterations=244 runtime: 287987us
List: iterations=245 runtime: 289031us
List: iterations=246 runtime: 288321us
List: iterations=247 runtime: 288328us
List: iterations=248 runtime: 288027us
List: iterations=249 runtime: 287979us
List: iterations=250 runtime: 288059us
List: iterations=251 runtime: 287980us
List: iterations=252 runtime: 287997us
List: iterations=253 runtime: 288520us
List: iterations=254 runtime: 287985us
List: iterations=255 runtime: 287970us
List: iterations=256 runtime: 287992us
List: iterations=257 runtime: 288018us
List: iterations=258 runtime: 288036us
List: iterations=259 runtime: 288024us
List: iterations=260 runtime: 288044us
List: iterations=261 runtime: 288047us
List: iterations=262 runtime: 288031us
List: iterations=263 runtime: 287971us
List: iterations=264 runtime: 287931us
List: iterations=265 runtime: 287933us
List: iterations=266 runtime: 288644us
List: iterations=267 runtime: 291939us
List: iterations=268 runtime: 288267us
List: iterations=269 runtime: 288221us
List: iterations=270 runtime: 288543us
List: iterations=271 runtime: 288443us
List: iterations=272 runtime: 288118us
List: iterations=273 runtime: 288180us
List: iterations=274 runtime: 288185us
List: iterations=275 runtime: 288083us
List: iterations=276 runtime: 288101us
List: iterations=277 runtime: 288071us
List: iterations=278 runtime: 301361us
List: iterations=279 runtime: 287899us
List: iterations=280 runtime: 287905us
List: iterations=281 runtime: 287747us
List: iterations=282 runtime: 287760us
List: iterations=283 runtime: 287990us
List: iterations=284 runtime: 288087us
List: iterations=285 runtime: 288213us
List: iterations=286 runtime: 289222us
List: iterations=287 runtime: 288457us
List: iterations=288 runtime: 289023us
List: iterations=289 runtime: 288076us
List: iterations=290 runtime: 288091us
List: iterations=291 runtime: 288064us
List: iterations=292 runtime: 287891us
List: iterations=293 runtime: 287663us
List: iterations=294 runtime: 287678us
List: iterations=295 runtime: 287730us
List: iterations=296 runtime: 287647us
List: iterations=297 runtime: 287686us
List: iterations=298 runtime: 287679us
List: iterations=299 runtime: 287619us
List: iterations=300 runtime: 287730us
List: iterations=301 runtime: 287800us
List: iterations=302 runtime: 288022us
List: iterations=303 runtime: 288068us
List: iterations=304 runtime: 288054us
List: iterations=305 runtime: 288534us
List: iterations=306 runtime: 289299us
List: iterations=307 runtime: 288166us
List: iterations=308 runtime: 288128us
List: iterations=309 runtime: 288013us
List: iterations=310 runtime: 287976us
List: iterations=311 runtime: 288006us
List: iterations=312 runtime: 288037us
List: iterations=313 runtime: 288047us
List: iterations=314 runtime: 288035us
List: iterations=315 runtime: 287959us
List: iterations=316 runtime: 288081us
List: iterations=317 runtime: 288037us
List: iterations=318 runtime: 288036us
List: iterations=319 runtime: 288080us
List: iterations=320 runtime: 287999us
List: iterations=321 runtime: 287883us
List: iterations=322 runtime: 288662us
List: iterations=323 runtime: 288302us
List: iterations=324 runtime: 287976us
List: iterations=325 runtime: 288042us
List: iterations=326 runtime: 288033us
List: iterations=327 runtime: 288663us
List: iterations=328 runtime: 287982us
List: iterations=329 runtime: 287939us
List: iterations=330 runtime: 288107us
List: iterations=331 runtime: 288036us
List: iterations=332 runtime: 288065us
List: iterations=333 runtime: 288104us
List: iterations=334 runtime: 288184us
List: iterations=335 runtime: 288257us
List: iterations=336 runtime: 288147us
List: iterations=337 runtime: 287984us
List: iterations=338 runtime: 288008us
List: iterations=339 runtime: 288195us
List: iterations=340 runtime: 288922us
List: iterations=341 runtime: 288035us
List: iterations=342 runtime: 288054us
List: iterations=343 runtime: 287932us
List: iterations=344 runtime: 287952us
List: iterations=345 runtime: 287999us
List: iterations=346 runtime: 288022us
List: iterations=347 runtime: 288836us
List: iterations=348 runtime: 287738us
List: iterations=349 runtime: 287541us
List: iterations=350 runtime: 287560us
List: iterations=351 runtime: 287594us
List: iterations=352 runtime: 287508us
List: iterations=353 runtime: 287546us
List: iterations=354 runtime: 287539us
List: iterations=355 runtime: 287515us
List: iterations=356 runtime: 287523us
List: iterations=357 runtime: 288617us
List: iterations=358 runtime: 306944us
List: iterations=359 runtime: 296845us
List: iterations=360 runtime: 288287us
List: iterations=361 runtime: 288168us
List: iterations=362 runtime: 288168us
List: iterations=363 runtime: 288460us
List: iterations=364 runtime: 288270us
List: iterations=365 runtime: 288271us
List: iterations=366 runtime: 288157us
List: iterations=367 runtime: 288771us
List: iterations=368 runtime: 287789us
List: iterations=369 runtime: 287794us
List: iterations=370 runtime: 287786us
List: iterations=371 runtime: 289492us
List: iterations=372 runtime: 287865us
List: iterations=373 runtime: 287893us
List: iterations=374 runtime: 289778us
List: iterations=375 runtime: 289150us
List: iterations=376 runtime: 288811us
List: iterations=377 runtime: 288680us
List: iterations=378 runtime: 289250us
List: iterations=379 runtime: 288733us
List: iterations=380 runtime: 288669us
List: iterations=381 runtime: 288796us
List: iterations=382 runtime: 289064us
List: iterations=383 runtime: 288788us
List: iterations=384 runtime: 288498us
List: iterations=385 runtime: 288521us
List: iterations=386 runtime: 288656us
List: iterations=387 runtime: 288347us
List: iterations=388 runtime: 290755us
List: iterations=389 runtime: 288648us
List: iterations=390 runtime: 288711us
List: iterations=391 runtime: 287712us
List: iterations=392 runtime: 288034us
List: iterations=393 runtime: 287983us
List: iterations=394 runtime: 287969us
List: iterations=395 runtime: 288044us
List: iterations=396 runtime: 288017us
List: iterations=397 runtime: 288179us
List: iterations=398 runtime: 288136us
List: iterations=399 runtime: 288048us
List: iterations=400 runtime: 287965us
List: iterations=401 runtime: 287993us
List: iterations=402 runtime: 288091us
List: iterations=403 runtime: 287949us
List: iterations=404 runtime: 287981us
List: iterations=405 runtime: 287992us
List: iterations=406 runtime: 288024us
List: iterations=407 runtime: 288097us
List: iterations=408 runtime: 288238us
List: iterations=409 runtime: 288891us
List: iterations=410 runtime: 288130us
List: iterations=411 runtime: 288050us
List: iterations=412 runtime: 287975us
List: iterations=413 runtime: 288069us
List: iterations=414 runtime: 287998us
List: iterations=415 runtime: 288011us
List: iterations=416 runtime: 288106us
List: iterations=417 runtime: 288012us
List: iterations=418 runtime: 288056us
List: iterations=419 runtime: 288039us
List: iterations=420 runtime: 288242us
List: iterations=421 runtime: 287975us
List: iterations=422 runtime: 288034us
Could not locate BlockSlowdown.json
Skipping Loading (this might cause a fatal crash if GTSlowdown is on)
java.lang.StringLatin1.inflate(byte[], int, char[], int, int)void -1 graphSignature differs 17e6f3ed6596e5d6840a8a77065c9470c41838c2630b4535538ec163efd33e69 != e838eb1809aadd841c1ff5fe2e7a1043b73670d291c51dcf64d0aae8eaa2b7e0
List: iterations=423 runtime: 288125us
List: iterations=424 runtime: 288318us
List: iterations=425 runtime: 288237us
List: iterations=426 runtime: 288703us
List: iterations=427 runtime: 288852us
List: iterations=428 runtime: 288968us
List: iterations=429 runtime: 287860us
List: iterations=430 runtime: 287808us
List: iterations=431 runtime: 288056us
List: iterations=432 runtime: 288387us
List: iterations=433 runtime: 288327us
List: iterations=434 runtime: 288389us
List: iterations=435 runtime: 288254us
List: iterations=436 runtime: 288186us
List: iterations=437 runtime: 288215us
List: iterations=438 runtime: 314510us
List: iterations=439 runtime: 288299us
List: iterations=440 runtime: 288244us
List: iterations=441 runtime: 288128us
List: iterations=442 runtime: 288240us
List: iterations=443 runtime: 288529us
List: iterations=444 runtime: 288640us
List: iterations=445 runtime: 287869us
List: iterations=446 runtime: 287917us
List: iterations=447 runtime: 287890us
List: iterations=448 runtime: 288767us
List: iterations=449 runtime: 288336us
List: iterations=450 runtime: 288291us
List: iterations=451 runtime: 288398us
List: iterations=452 runtime: 288328us
List: iterations=453 runtime: 288292us
List: iterations=454 runtime: 288315us
List: iterations=455 runtime: 288270us
List: iterations=456 runtime: 288224us
List: iterations=457 runtime: 288301us
List: iterations=458 runtime: 288299us
List: iterations=459 runtime: 288279us
List: iterations=460 runtime: 288300us
List: iterations=461 runtime: 289090us
List: iterations=462 runtime: 287875us
List: iterations=463 runtime: 287860us
List: iterations=464 runtime: 287847us
List: iterations=465 runtime: 287821us
List: iterations=466 runtime: 287790us
List: iterations=467 runtime: 288053us
List: iterations=468 runtime: 288212us
List: iterations=469 runtime: 289188us
List: iterations=470 runtime: 288245us
List: iterations=471 runtime: 288304us
List: iterations=472 runtime: 288275us
List: iterations=473 runtime: 288197us
List: iterations=474 runtime: 288192us
List: iterations=475 runtime: 288342us
List: iterations=476 runtime: 288237us
List: iterations=477 runtime: 287917us
List: iterations=478 runtime: 288686us
List: iterations=479 runtime: 288734us
List: iterations=480 runtime: 288211us
List: iterations=481 runtime: 288242us
List: iterations=482 runtime: 288386us
List: iterations=483 runtime: 288239us
List: iterations=484 runtime: 288251us
List: iterations=485 runtime: 288259us
List: iterations=486 runtime: 301410us
List: iterations=487 runtime: 288388us
List: iterations=488 runtime: 288244us
List: iterations=489 runtime: 288964us
List: iterations=490 runtime: 288263us
List: iterations=491 runtime: 288262us
List: iterations=492 runtime: 288457us
List: iterations=493 runtime: 288386us
List: iterations=494 runtime: 288313us
List: iterations=495 runtime: 288208us
List: iterations=496 runtime: 288524us
List: iterations=497 runtime: 287856us
List: iterations=498 runtime: 287913us
List: iterations=499 runtime: 294070us
List: iterations=500 runtime: 287830us
Could not locate BlockSlowdown.json
Skipping Loading (this might cause a fatal crash if GTSlowdown is on)
List: iterations=500 average: 288671us total: 144335934us


Total Runtime: 144335934us
Bubo.RDTSC.Harness.main Total RDTSC cycles: 478332012732
Comp 52 (java.util.ImmutableCollections$SetN$SetNIterator.next()) loops:
Found Encoding : 0:-1
└── Loop 0
  loop 0 Cycles: 239464 || Activation Count:4219| LoopCallCount: 0 |  Source: -at java.util.ImmutableCollections$SetN$SetNIterator.next(ImmutableCollections.java:1213) [bci: 21] | -at java.util.ImmutableCollections$SetN$SetNIterator.next(ImmutableCollections.java:1223) [bci: 65]
Comp 57 (java.util.HashMap.putVal(int,) loops:
Found Encoding : 0:-1
└── Loop 0
  loop 0 Cycles: 6822 || Activation Count:177| LoopCallCount: 0 |  Source: -at java.util.HashMap.putVal(HashMap.java:648) [bci: 134] | -at java.util.HashMap.putVal(HashMap.java:649) [bci: 145]
Comp 58 (java.lang.String.equals(Object)) loops:
Found Encoding : 0:-1
└── Loop 0
  loop 0 Cycles: 3200 || Activation Count:48| LoopCallCount: 0 |  Source: -at java.lang.StringLatin1.equals(StringLatin1.java:100) [bci: 9]
-at java.lang.String.equals(String.java:1926) [bci: 44] | -at java.lang.StringLatin1.equals(StringLatin1.java:105) [bci: 32]
-at java.lang.String.equals(String.java:1926) [bci: 44]
Comp 69 (java.util.HashMap.resize()) loops:
Found Encoding : 2:-1,0:-1,1:0
├── Loop 2
└── Loop 0
    └── Loop 1
  loop 0 Cycles: 33610 || Activation Count:15| LoopCallCount: 0 |  Source: -at java.util.HashMap.resize(HashMap.java:714) [bci: 151] | -at java.util.HashMap.resize(HashMap.java:755) [bci: 353]
  loop 1 Cycles: 8048 || Activation Count:99| LoopCallCount: 0 |  Source: -at java.util.HashMap.resize(HashMap.java:727) [bci: 235] | -at java.util.HashMap.resize(HashMap.java:743) [bci: 309]
  loop 2 Cycles: 14400 || Activation Count:245| LoopCallCount: 0 |  Source: -at jdk.graal.compiler.hotspot.replacements.HotSpotAllocationSnippets.allocateArray(KlassPointer, int, int, int, AllocationSnippets$FillContent, int, boolean, boolean, boolean, boolean, HotSpotAllocationSnippets$HotSpotAllocationProfilingData, boolea
Comp 84 (jdk.internal.util.ArraysSupport.unsignedHashCode(int,) loops:
Found Encoding : 0:-1,1:-1,2:-1
├── Loop 0
├── Loop 1
└── Loop 2
  loop 0 Cycles: 374 || Activation Count:1| LoopCallCount: 0 |  Source: -at jdk.internal.util.ArraysSupport.unsignedHashCode(ArraysSupport.java:378) [bci: 8] | -at jdk.internal.util.ArraysSupport.unsignedHashCode(ArraysSupport.java:381) [bci: 34]
  loop 1 Cycles: 26 || Activation Count:1| LoopCallCount: 0 |  Source: Source Missing | -at jdk.internal.util.ArraysSupport.unsignedHashCode(ArraysSupport.java:381) [bci: 34]
  loop 2 Cycles: 90 || Activation Count:1| LoopCallCount: 0 |  Source: Source Missing | -at jdk.internal.util.ArraysSupport.unsignedHashCode(ArraysSupport.java:381) [bci: 34]
Comp 85 (jdk.internal.util.ArraysSupport.unsignedHashCode(int,-Re-Comp) loops:
Found Encoding : 0:-1,1:-1,2:-1
├── Loop 0
├── Loop 1
└── Loop 2
  loop 0 Cycles: 86038 || Activation Count:1678| LoopCallCount: 0 |  Source: -at jdk.internal.util.ArraysSupport.unsignedHashCode(ArraysSupport.java:378) [bci: 8] | -at jdk.internal.util.ArraysSupport.unsignedHashCode(ArraysSupport.java:381) [bci: 34]
  loop 1 Cycles: 110440 || Activation Count:1678| LoopCallCount: 0 |  Source: Source Missing | -at jdk.internal.util.ArraysSupport.unsignedHashCode(ArraysSupport.java:381) [bci: 34]
  loop 2 Cycles: 97182 || Activation Count:1678| LoopCallCount: 0 |  Source: Source Missing | -at jdk.internal.util.ArraysSupport.unsignedHashCode(ArraysSupport.java:381) [bci: 34]
Comp 87 (java.lang.StringCoding.countPositives(byte[],) loops:
Found Encoding : 0:-1
└── Loop 0
  loop 0 Cycles: 402 || Activation Count:1| LoopCallCount: 0 |  Source: -at java.lang.StringCoding.countPositives(StringCoding.java:92) [bci: 7] | -at java.lang.StringCoding.countPositives(StringCoding.java:97) [bci: 31]
Comp 88 (java.lang.StringCoding.countPositives(byte[],-Re-Comp) loops:
Found Encoding : 0:-1
└── Loop 0
  loop 0 Cycles: 10880 || Activation Count:67| LoopCallCount: 0 |  Source: -at java.lang.StringCoding.countPositives(StringCoding.java:92) [bci: 7] | -at java.lang.StringCoding.countPositives(StringCoding.java:97) [bci: 31]
Comp 138 (java.lang.StringLatin1.equals(byte[],) loops:
Found Encoding : 0:-1
└── Loop 0
  loop 0 Cycles: 16262 || Activation Count:116| LoopCallCount: 0 |  Source: -at java.lang.StringLatin1.equals(StringLatin1.java:100) [bci: 9] | -at java.lang.StringLatin1.equals(StringLatin1.java:105) [bci: 32]
Comp 140 (java.util.Properties$LineReader.readLine()) loops:
Found Encoding : 5:-1,3:-1,4:3,0:-1,1:0,2:1
├── Loop 5
├── Loop 3
│   └── Loop 4
└── Loop 0
    └── Loop 1
        └── Loop 2
  loop 1 Cycles: 255286 || Activation Count:90| LoopCallCount: 1 |  Source: -at java.util.Properties$LineReader.readLine(Properties.java:538) [bci: 219] | -at java.util.Properties$LineReader.readLine(Properties.java:543) [bci: 259]
  loop 2 Cycles: 12388 || Activation Count:91| LoopCallCount: 0 |  Source: -at java.util.Properties$LineReader.readLine(Properties.java:540) [bci: 224] | -at java.util.Properties$LineReader.readLine(Properties.java:543) [bci: 259]
  loop 5 Cycles: 860 || Activation Count:1| LoopCallCount: 0 |  Source: -at java.util.Properties$LineReader.readLine(Properties.java:540) [bci: 224] | -at java.util.Properties$LineReader.readLine(Properties.java:543) [bci: 259]
Comp 141 (java.util.Properties$LineReader.readLine()-Re-Comp) loops:
Found Encoding : 0:-1,1:0,2:1
└── Loop 0
    └── Loop 1
        └── Loop 2
  loop 1 Cycles: 3502 || Activation Count:14| LoopCallCount: 1 |  Source: -at java.util.Properties$LineReader.readLine(Properties.java:538) [bci: 219] | -at java.util.Properties$LineReader.readLine(Properties.java:543) [bci: 259]
  loop 2 Cycles: 1740 || Activation Count:14| LoopCallCount: 0 |  Source: -at java.util.Properties$LineReader.readLine(Properties.java:540) [bci: 224] | -at java.util.Properties$LineReader.readLine(Properties.java:545) [bci: 262]
Comp 142 (java.util.Properties$LineReader.readLine()-Re-Comp) loops:
Found Encoding : 5:-1,3:-1,4:3,0:-1,1:0,2:1
├── Loop 5
├── Loop 3
│   └── Loop 4
└── Loop 0
    └── Loop 1
        └── Loop 2
  loop 0 Cycles: 38094 || Activation Count:1| LoopCallCount: 2 |  Source: -at java.util.Properties$LineReader.readLine(Properties.java:504) [bci: 53] | -at java.util.Properties$LineReader.readLine(Properties.java:615) [bci: 577]
  loop 1 Cycles: 27162 || Activation Count:131| LoopCallCount: 1 |  Source: -at java.util.Properties$LineReader.readLine(Properties.java:538) [bci: 219] | -at java.util.Properties$LineReader.readLine(Properties.java:543) [bci: 259]
  loop 2 Cycles: 15110 || Activation Count:131| LoopCallCount: 0 |  Source: -at java.util.Properties$LineReader.readLine(Properties.java:540) [bci: 224] | -at java.util.Properties$LineReader.readLine(Properties.java:543) [bci: 259]
  loop 5 Cycles: 560 || Activation Count:1| LoopCallCount: 0 |  Source: -at java.util.Properties$LineReader.readLine(Properties.java:540) [bci: 224] | -at java.util.Properties$LineReader.readLine(Properties.java:543) [bci: 259]
Comp 143 (java.util.Properties$LineReader.readLine()-Re-Comp) loops:
Found Encoding : 0:-1,1:0,2:1
└── Loop 0
    └── Loop 1
        └── Loop 2
  loop 0 Cycles: 340028 || Activation Count:6| LoopCallCount: 2 |  Source: -at java.util.Properties$LineReader.readLine(Properties.java:504) [bci: 53] | -at java.util.Properties$LineReader.readLine(Properties.java:615) [bci: 577]
  loop 1 Cycles: 401466 || Activation Count:374| LoopCallCount: 1 |  Source: -at java.util.Properties$LineReader.readLine(Properties.java:538) [bci: 219] | -at java.util.Properties$LineReader.readLine(Properties.java:543) [bci: 259]
  loop 2 Cycles: 47876 || Activation Count:377| LoopCallCount: 0 |  Source: -at java.util.Properties$LineReader.readLine(Properties.java:540) [bci: 224] | -at java.util.Properties$LineReader.readLine(Properties.java:545) [bci: 262]
Comp 187 (Benchmark.innerBenchmarkLoop(int)) loops:
Found Encoding : 0:-1
└── Loop 0
  loop 0 Cycles: 910303768 || Activation Count:1| LoopCallCount: 1 |  Source: -at Benchmark.innerBenchmarkLoop(int) [bci: 2] | -at Benchmark.innerBenchmarkLoop(int) [bci: 26]
Comp 188 (Benchmark.innerBenchmarkLoop(int)-Re-Comp) loops:
Found Encoding : 0:-1
└── Loop 0
  loop 0 Cycles: 474882388712 || Activation Count:497| LoopCallCount: 1 |  Source: -at Benchmark.innerBenchmarkLoop(int) [bci: 2] | -at Benchmark.innerBenchmarkLoop(int) [bci: 26]
Comp 196 (java.lang.StringLatin1.inflate(byte[],) loops:
Found Encoding : 0:-1,1:-1,2:-1
├── Loop 0
├── Loop 1
└── Loop 2
  loop 0 Cycles: 25574 || Activation Count:162| LoopCallCount: 0 |  Source: -at java.lang.StringLatin1.inflate(StringLatin1.java:767) [bci: 3] | -at java.lang.StringLatin1.inflate(StringLatin1.java:770) [bci: 33]
  loop 1 Cycles: 12234 || Activation Count:162| LoopCallCount: 0 |  Source: Source Missing | -at java.lang.StringLatin1.inflate(StringLatin1.java:770) [bci: 33]
  loop 2 Cycles: 8318 || Activation Count:162| LoopCallCount: 0 |  Source: Source Missing | -at java.lang.StringLatin1.inflate(StringLatin1.java:770) [bci: 33]
