Could not locate BlockSlowdown.json
Skipping Loading (this might cause a fatal crash if GTSlowdown is on)
Could not locate BlockSlowdown.json
Skipping Loading (this might cause a fatal crash if GTSlowdown is on)
Starting List benchmark ...
List: iterations=1 runtime: 346949us
List: iterations=2 runtime: 288212us
List: iterations=3 runtime: 294829us
List: iterations=4 runtime: 290640us
List: iterations=5 runtime: 288235us
List: iterations=6 runtime: 288724us
List: iterations=7 runtime: 289935us
List: iterations=8 runtime: 287802us
List: iterations=9 runtime: 287514us
List: iterations=10 runtime: 287646us
List: iterations=11 runtime: 287697us
List: iterations=12 runtime: 287156us
List: iterations=13 runtime: 287629us
List: iterations=14 runtime: 287719us
List: iterations=15 runtime: 287741us
List: iterations=16 runtime: 288022us
List: iterations=17 runtime: 288367us
List: iterations=18 runtime: 289536us
List: iterations=19 runtime: 287230us
List: iterations=20 runtime: 287291us
List: iterations=21 runtime: 290042us
List: iterations=22 runtime: 289681us
List: iterations=23 runtime: 287877us
List: iterations=24 runtime: 287125us
List: iterations=25 runtime: 287382us
List: iterations=26 runtime: 287875us
List: iterations=27 runtime: 287627us
List: iterations=28 runtime: 287501us
List: iterations=29 runtime: 287173us
List: iterations=30 runtime: 287313us
List: iterations=31 runtime: 287540us
List: iterations=32 runtime: 287120us
List: iterations=33 runtime: 287450us
List: iterations=34 runtime: 313746us
List: iterations=35 runtime: 289355us
List: iterations=36 runtime: 286902us
List: iterations=37 runtime: 286661us
List: iterations=38 runtime: 286759us
List: iterations=39 runtime: 289663us
List: iterations=40 runtime: 288109us
List: iterations=41 runtime: 287912us
List: iterations=42 runtime: 287980us
List: iterations=43 runtime: 291279us
List: iterations=44 runtime: 287459us
List: iterations=45 runtime: 287482us
List: iterations=46 runtime: 287634us
List: iterations=47 runtime: 287454us
List: iterations=48 runtime: 287905us
List: iterations=49 runtime: 287380us
List: iterations=50 runtime: 287450us
List: iterations=51 runtime: 287485us
List: iterations=52 runtime: 289988us
List: iterations=53 runtime: 288739us
List: iterations=54 runtime: 286692us
List: iterations=55 runtime: 286535us
List: iterations=56 runtime: 289518us
List: iterations=57 runtime: 287756us
List: iterations=58 runtime: 287488us
List: iterations=59 runtime: 287265us
List: iterations=60 runtime: 287459us
List: iterations=61 runtime: 287762us
List: iterations=62 runtime: 287748us
List: iterations=63 runtime: 289083us
List: iterations=64 runtime: 287329us
List: iterations=65 runtime: 287858us
List: iterations=66 runtime: 287281us
List: iterations=67 runtime: 287363us
List: iterations=68 runtime: 287598us
List: iterations=69 runtime: 288543us
List: iterations=70 runtime: 290936us
List: iterations=71 runtime: 287397us
List: iterations=72 runtime: 287404us
List: iterations=73 runtime: 287475us
List: iterations=74 runtime: 287535us
List: iterations=75 runtime: 287363us
List: iterations=76 runtime: 287438us
List: iterations=77 runtime: 287290us
List: iterations=78 runtime: 287120us
List: iterations=79 runtime: 287490us
List: iterations=80 runtime: 287156us
List: iterations=81 runtime: 287011us
List: iterations=82 runtime: 287287us
List: iterations=83 runtime: 289159us
List: iterations=84 runtime: 301356us
List: iterations=85 runtime: 287327us
List: iterations=86 runtime: 287887us
List: iterations=87 runtime: 289693us
List: iterations=88 runtime: 287370us
List: iterations=89 runtime: 287963us
List: iterations=90 runtime: 287477us
Could not locate BlockSlowdown.json
Skipping Loading (this might cause a fatal crash if GTSlowdown is on)
List: iterations=91 runtime: 286768us
List: iterations=92 runtime: 287675us
List: iterations=93 runtime: 286780us
List: iterations=94 runtime: 286822us
List: iterations=95 runtime: 286889us
List: iterations=96 runtime: 286650us
List: iterations=97 runtime: 286691us
List: iterations=98 runtime: 286781us
List: iterations=99 runtime: 286758us
List: iterations=100 runtime: 286939us
List: iterations=101 runtime: 286849us
List: iterations=102 runtime: 287045us
List: iterations=103 runtime: 288566us
List: iterations=104 runtime: 287827us
List: iterations=105 runtime: 287848us
List: iterations=106 runtime: 287281us
List: iterations=107 runtime: 287556us
List: iterations=108 runtime: 287350us
List: iterations=109 runtime: 287814us
List: iterations=110 runtime: 287562us
List: iterations=111 runtime: 287274us
List: iterations=112 runtime: 287441us
List: iterations=113 runtime: 287414us
List: iterations=114 runtime: 287735us
List: iterations=115 runtime: 287408us
List: iterations=116 runtime: 287527us
List: iterations=117 runtime: 287698us
List: iterations=118 runtime: 287590us
List: iterations=119 runtime: 287533us
List: iterations=120 runtime: 287699us
List: iterations=121 runtime: 287812us
List: iterations=122 runtime: 289891us
List: iterations=123 runtime: 287432us
List: iterations=124 runtime: 290153us
List: iterations=125 runtime: 287735us
List: iterations=126 runtime: 287456us
Could not locate BlockSlowdown.json
Skipping Loading (this might cause a fatal crash if GTSlowdown is on)
List: iterations=127 runtime: 288032us
List: iterations=128 runtime: 288108us
List: iterations=129 runtime: 287746us
List: iterations=130 runtime: 287479us
List: iterations=131 runtime: 286769us
List: iterations=132 runtime: 286580us
List: iterations=133 runtime: 286706us
List: iterations=134 runtime: 286845us
List: iterations=135 runtime: 286838us
List: iterations=136 runtime: 286925us
List: iterations=137 runtime: 286894us
List: iterations=138 runtime: 287247us
List: iterations=139 runtime: 288434us
List: iterations=140 runtime: 287330us
List: iterations=141 runtime: 287432us
List: iterations=142 runtime: 287402us
List: iterations=143 runtime: 286913us
List: iterations=144 runtime: 288573us
List: iterations=145 runtime: 287071us
List: iterations=146 runtime: 286431us
List: iterations=147 runtime: 286483us
List: iterations=148 runtime: 286958us
List: iterations=149 runtime: 286845us
List: iterations=150 runtime: 286760us
List: iterations=151 runtime: 286831us
List: iterations=152 runtime: 286935us
List: iterations=153 runtime: 287133us
List: iterations=154 runtime: 286831us
List: iterations=155 runtime: 286986us
List: iterations=156 runtime: 290422us
List: iterations=157 runtime: 287567us
List: iterations=158 runtime: 287284us
List: iterations=159 runtime: 286928us
List: iterations=160 runtime: 286928us
List: iterations=161 runtime: 287201us
List: iterations=162 runtime: 287171us
List: iterations=163 runtime: 287184us
List: iterations=164 runtime: 315781us
List: iterations=165 runtime: 287045us
List: iterations=166 runtime: 286897us
List: iterations=167 runtime: 287255us
List: iterations=168 runtime: 286728us
List: iterations=169 runtime: 286798us
List: iterations=170 runtime: 286612us
List: iterations=171 runtime: 286619us
List: iterations=172 runtime: 286609us
List: iterations=173 runtime: 287382us
List: iterations=174 runtime: 289454us
List: iterations=175 runtime: 287054us
List: iterations=176 runtime: 287144us
List: iterations=177 runtime: 287309us
List: iterations=178 runtime: 287235us
List: iterations=179 runtime: 287285us
List: iterations=180 runtime: 287133us
List: iterations=181 runtime: 287164us
List: iterations=182 runtime: 286924us
List: iterations=183 runtime: 287063us
List: iterations=184 runtime: 287021us
List: iterations=185 runtime: 288682us
List: iterations=186 runtime: 287349us
List: iterations=187 runtime: 287984us
List: iterations=188 runtime: 287025us
List: iterations=189 runtime: 286852us
List: iterations=190 runtime: 286888us
List: iterations=191 runtime: 286887us
List: iterations=192 runtime: 286607us
List: iterations=193 runtime: 286613us
List: iterations=194 runtime: 286539us
List: iterations=195 runtime: 286527us
List: iterations=196 runtime: 286516us
List: iterations=197 runtime: 286529us
List: iterations=198 runtime: 286496us
List: iterations=199 runtime: 286544us
List: iterations=200 runtime: 286708us
List: iterations=201 runtime: 286765us
List: iterations=202 runtime: 286726us
List: iterations=203 runtime: 286732us
List: iterations=204 runtime: 286827us
List: iterations=205 runtime: 288419us
List: iterations=206 runtime: 286959us
List: iterations=207 runtime: 286285us
List: iterations=208 runtime: 286900us
List: iterations=209 runtime: 288230us
List: iterations=210 runtime: 286699us
List: iterations=211 runtime: 286865us
List: iterations=212 runtime: 286744us
List: iterations=213 runtime: 286710us
List: iterations=214 runtime: 286728us
List: iterations=215 runtime: 286711us
List: iterations=216 runtime: 286592us
List: iterations=217 runtime: 286611us
List: iterations=218 runtime: 286541us
List: iterations=219 runtime: 286543us
List: iterations=220 runtime: 286566us
List: iterations=221 runtime: 286650us
List: iterations=222 runtime: 286640us
List: iterations=223 runtime: 286587us
List: iterations=224 runtime: 286493us
List: iterations=225 runtime: 288376us
List: iterations=226 runtime: 288291us
List: iterations=227 runtime: 286720us
List: iterations=228 runtime: 286761us
List: iterations=229 runtime: 286390us
List: iterations=230 runtime: 286431us
List: iterations=231 runtime: 286580us
List: iterations=232 runtime: 286470us
List: iterations=233 runtime: 286527us
List: iterations=234 runtime: 286611us
List: iterations=235 runtime: 286558us
List: iterations=236 runtime: 286292us
List: iterations=237 runtime: 286122us
List: iterations=238 runtime: 286278us
List: iterations=239 runtime: 286502us
List: iterations=240 runtime: 286611us
List: iterations=241 runtime: 286582us
List: iterations=242 runtime: 286557us
List: iterations=243 runtime: 286877us
List: iterations=244 runtime: 313198us
List: iterations=245 runtime: 288202us
List: iterations=246 runtime: 288730us
List: iterations=247 runtime: 288861us
List: iterations=248 runtime: 289052us
List: iterations=249 runtime: 288945us
List: iterations=250 runtime: 288861us
List: iterations=251 runtime: 288522us
List: iterations=252 runtime: 286332us
List: iterations=253 runtime: 286443us
List: iterations=254 runtime: 286750us
List: iterations=255 runtime: 286564us
List: iterations=256 runtime: 286455us
List: iterations=257 runtime: 286523us
List: iterations=258 runtime: 286466us
List: iterations=259 runtime: 286397us
List: iterations=260 runtime: 287413us
List: iterations=261 runtime: 287123us
List: iterations=262 runtime: 286341us
List: iterations=263 runtime: 286388us
List: iterations=264 runtime: 286357us
List: iterations=265 runtime: 286513us
List: iterations=266 runtime: 288098us
List: iterations=267 runtime: 286494us
List: iterations=268 runtime: 286850us
List: iterations=269 runtime: 287135us
List: iterations=270 runtime: 286930us
List: iterations=271 runtime: 286722us
List: iterations=272 runtime: 286494us
List: iterations=273 runtime: 286510us
List: iterations=274 runtime: 286703us
List: iterations=275 runtime: 286475us
List: iterations=276 runtime: 286558us
List: iterations=277 runtime: 286654us
List: iterations=278 runtime: 287282us
List: iterations=279 runtime: 286956us
List: iterations=280 runtime: 286810us
List: iterations=281 runtime: 286705us
List: iterations=282 runtime: 286708us
List: iterations=283 runtime: 286814us
List: iterations=284 runtime: 286846us
List: iterations=285 runtime: 286742us
List: iterations=286 runtime: 287890us
List: iterations=287 runtime: 286362us
List: iterations=288 runtime: 286363us
List: iterations=289 runtime: 286198us
List: iterations=290 runtime: 286266us
List: iterations=291 runtime: 286363us
List: iterations=292 runtime: 286342us
List: iterations=293 runtime: 299733us
List: iterations=294 runtime: 286812us
List: iterations=295 runtime: 287117us
List: iterations=296 runtime: 287163us
List: iterations=297 runtime: 286803us
List: iterations=298 runtime: 286913us
List: iterations=299 runtime: 286852us
List: iterations=300 runtime: 286712us
List: iterations=301 runtime: 286768us
List: iterations=302 runtime: 286751us
List: iterations=303 runtime: 286787us
List: iterations=304 runtime: 286695us
List: iterations=305 runtime: 286709us
List: iterations=306 runtime: 288625us
List: iterations=307 runtime: 286927us
List: iterations=308 runtime: 286228us
List: iterations=309 runtime: 286576us
List: iterations=310 runtime: 286535us
List: iterations=311 runtime: 286537us
List: iterations=312 runtime: 286948us
List: iterations=313 runtime: 287563us
List: iterations=314 runtime: 286907us
List: iterations=315 runtime: 286742us
List: iterations=316 runtime: 286872us
List: iterations=317 runtime: 286866us
List: iterations=318 runtime: 286621us
List: iterations=319 runtime: 286902us
List: iterations=320 runtime: 286940us
List: iterations=321 runtime: 286867us
List: iterations=322 runtime: 286884us
List: iterations=323 runtime: 286934us
List: iterations=324 runtime: 286886us
List: iterations=325 runtime: 286934us
List: iterations=326 runtime: 286821us
List: iterations=327 runtime: 288057us
List: iterations=328 runtime: 287094us
List: iterations=329 runtime: 287048us
List: iterations=330 runtime: 287340us
List: iterations=331 runtime: 286904us
List: iterations=332 runtime: 286799us
List: iterations=333 runtime: 286646us
List: iterations=334 runtime: 286699us
List: iterations=335 runtime: 286742us
List: iterations=336 runtime: 286751us
List: iterations=337 runtime: 287076us
List: iterations=338 runtime: 287242us
List: iterations=339 runtime: 287175us
List: iterations=340 runtime: 287208us
List: iterations=341 runtime: 287150us
List: iterations=342 runtime: 287163us
List: iterations=343 runtime: 287183us
List: iterations=344 runtime: 287382us
List: iterations=345 runtime: 287152us
List: iterations=346 runtime: 286898us
List: iterations=347 runtime: 288257us
List: iterations=348 runtime: 287114us
List: iterations=349 runtime: 286963us
List: iterations=350 runtime: 286908us
List: iterations=351 runtime: 286949us
List: iterations=352 runtime: 287025us
List: iterations=353 runtime: 286354us
List: iterations=354 runtime: 286527us
List: iterations=355 runtime: 286331us
List: iterations=356 runtime: 286400us
List: iterations=357 runtime: 286461us
List: iterations=358 runtime: 286280us
List: iterations=359 runtime: 286349us
List: iterations=360 runtime: 286226us
List: iterations=361 runtime: 286443us
List: iterations=362 runtime: 286504us
List: iterations=363 runtime: 286658us
List: iterations=364 runtime: 286438us
List: iterations=365 runtime: 286889us
List: iterations=366 runtime: 286368us
List: iterations=367 runtime: 287434us
List: iterations=368 runtime: 286911us
List: iterations=369 runtime: 286802us
List: iterations=370 runtime: 286727us
List: iterations=371 runtime: 286703us
List: iterations=372 runtime: 299826us
List: iterations=373 runtime: 299932us
List: iterations=374 runtime: 286699us
List: iterations=375 runtime: 286554us
List: iterations=376 runtime: 286553us
List: iterations=377 runtime: 286371us
List: iterations=378 runtime: 286462us
List: iterations=379 runtime: 286381us
List: iterations=380 runtime: 286550us
List: iterations=381 runtime: 286408us
List: iterations=382 runtime: 286915us
List: iterations=383 runtime: 286865us
List: iterations=384 runtime: 286477us
List: iterations=385 runtime: 286664us
List: iterations=386 runtime: 286609us
List: iterations=387 runtime: 287332us
List: iterations=388 runtime: 286668us
List: iterations=389 runtime: 286916us
List: iterations=390 runtime: 286888us
List: iterations=391 runtime: 286954us
List: iterations=392 runtime: 286984us
List: iterations=393 runtime: 286838us
List: iterations=394 runtime: 286891us
List: iterations=395 runtime: 286955us
List: iterations=396 runtime: 287003us
List: iterations=397 runtime: 286966us
List: iterations=398 runtime: 286973us
List: iterations=399 runtime: 287271us
List: iterations=400 runtime: 287439us
List: iterations=401 runtime: 286925us
List: iterations=402 runtime: 286928us
List: iterations=403 runtime: 286904us
List: iterations=404 runtime: 286907us
List: iterations=405 runtime: 287026us
List: iterations=406 runtime: 286922us
List: iterations=407 runtime: 286899us
List: iterations=408 runtime: 288416us
List: iterations=409 runtime: 287514us
List: iterations=410 runtime: 287008us
List: iterations=411 runtime: 286943us
List: iterations=412 runtime: 286889us
List: iterations=413 runtime: 286923us
List: iterations=414 runtime: 286727us
List: iterations=415 runtime: 286776us
List: iterations=416 runtime: 286709us
List: iterations=417 runtime: 286982us
List: iterations=418 runtime: 286878us
List: iterations=419 runtime: 286849us
List: iterations=420 runtime: 287259us
List: iterations=421 runtime: 287134us
List: iterations=422 runtime: 286711us
Could not locate BlockSlowdown.json
Skipping Loading (this might cause a fatal crash if GTSlowdown is on)
List: iterations=423 runtime: 286723us
List: iterations=424 runtime: 288003us
List: iterations=425 runtime: 287421us
List: iterations=426 runtime: 287075us
List: iterations=427 runtime: 287127us
List: iterations=428 runtime: 289964us
List: iterations=429 runtime: 290184us
List: iterations=430 runtime: 290258us
List: iterations=431 runtime: 289798us
List: iterations=432 runtime: 289782us
List: iterations=433 runtime: 289491us
List: iterations=434 runtime: 288864us
List: iterations=435 runtime: 287113us
List: iterations=436 runtime: 286556us
List: iterations=437 runtime: 286759us
List: iterations=438 runtime: 286779us
List: iterations=439 runtime: 286754us
List: iterations=440 runtime: 286737us
List: iterations=441 runtime: 286764us
List: iterations=442 runtime: 286787us
List: iterations=443 runtime: 286782us
List: iterations=444 runtime: 286746us
List: iterations=445 runtime: 286760us
List: iterations=446 runtime: 286794us
List: iterations=447 runtime: 286805us
List: iterations=448 runtime: 287623us
List: iterations=449 runtime: 286989us
List: iterations=450 runtime: 286909us
List: iterations=451 runtime: 287117us
List: iterations=452 runtime: 295949us
List: iterations=453 runtime: 303942us
List: iterations=454 runtime: 286494us
List: iterations=455 runtime: 286454us
List: iterations=456 runtime: 286466us
List: iterations=457 runtime: 286558us
List: iterations=458 runtime: 286548us
List: iterations=459 runtime: 286545us
List: iterations=460 runtime: 286417us
List: iterations=461 runtime: 286487us
List: iterations=462 runtime: 286646us
List: iterations=463 runtime: 286488us
List: iterations=464 runtime: 286537us
List: iterations=465 runtime: 286693us
List: iterations=466 runtime: 286616us
List: iterations=467 runtime: 286508us
List: iterations=468 runtime: 290534us
List: iterations=469 runtime: 287399us
List: iterations=470 runtime: 287093us
List: iterations=471 runtime: 286732us
List: iterations=472 runtime: 286465us
List: iterations=473 runtime: 286685us
List: iterations=474 runtime: 286983us
List: iterations=475 runtime: 286678us
List: iterations=476 runtime: 288624us
List: iterations=477 runtime: 287252us
List: iterations=478 runtime: 286337us
List: iterations=479 runtime: 286338us
List: iterations=480 runtime: 286344us
List: iterations=481 runtime: 286204us
List: iterations=482 runtime: 286392us
List: iterations=483 runtime: 286322us
List: iterations=484 runtime: 286232us
List: iterations=485 runtime: 286334us
List: iterations=486 runtime: 287116us
List: iterations=487 runtime: 288158us
List: iterations=488 runtime: 287537us
List: iterations=489 runtime: 287268us
List: iterations=490 runtime: 286491us
List: iterations=491 runtime: 286662us
List: iterations=492 runtime: 286854us
List: iterations=493 runtime: 286966us
List: iterations=494 runtime: 286632us
List: iterations=495 runtime: 286810us
List: iterations=496 runtime: 286855us
List: iterations=497 runtime: 286883us
List: iterations=498 runtime: 286912us
List: iterations=499 runtime: 287306us
List: iterations=500 runtime: 286950us
Could not locate BlockSlowdown.json
Skipping Loading (this might cause a fatal crash if GTSlowdown is on)
List: iterations=500 average: 287646us total: 143823201us


Total Runtime: 143823201us
Bubo.RDTSC.Harness.main Total RDTSC cycles: 476601623870
Comp 52 (java.util.ImmutableCollections$SetN$SetNIterator.next()) loops:
Found Encoding : 0:-1
└── Loop 0
  loop 0 Cycles: 243624 || Activation Count:4245| LoopCallCount: 0 |  Source: -at java.util.ImmutableCollections$SetN$SetNIterator.next(ImmutableCollections.java:1213) [bci: 21] | -at java.util.ImmutableCollections$SetN$SetNIterator.next(ImmutableCollections.java:1223) [bci: 65]
Comp 57 (java.util.HashMap.putVal(int,) loops:
Found Encoding : 0:-1
└── Loop 0
  loop 0 Cycles: 6950 || Activation Count:177| LoopCallCount: 0 |  Source: -at java.util.HashMap.putVal(HashMap.java:648) [bci: 134] | -at java.util.HashMap.putVal(HashMap.java:649) [bci: 145]
Comp 58 (java.lang.String.equals(Object)) loops:
Found Encoding : 0:-1
└── Loop 0
  loop 0 Cycles: 3340 || Activation Count:48| LoopCallCount: 0 |  Source: -at java.lang.StringLatin1.equals(StringLatin1.java:100) [bci: 9]
-at java.lang.String.equals(String.java:1926) [bci: 44] | -at java.lang.StringLatin1.equals(StringLatin1.java:105) [bci: 32]
-at java.lang.String.equals(String.java:1926) [bci: 44]
Comp 71 (java.util.HashMap.resize()) loops:
Found Encoding : 2:-1,0:-1,1:0
├── Loop 2
└── Loop 0
    └── Loop 1
  loop 0 Cycles: 34220 || Activation Count:13| LoopCallCount: 0 |  Source: -at java.util.HashMap.resize(HashMap.java:714) [bci: 151] | -at java.util.HashMap.resize(HashMap.java:755) [bci: 353]
  loop 1 Cycles: 8638 || Activation Count:95| LoopCallCount: 0 |  Source: -at java.util.HashMap.resize(HashMap.java:727) [bci: 235] | -at java.util.HashMap.resize(HashMap.java:743) [bci: 309]
  loop 2 Cycles: 13582 || Activation Count:244| LoopCallCount: 0 |  Source: -at jdk.graal.compiler.hotspot.replacements.HotSpotAllocationSnippets.allocateArray(KlassPointer, int, int, int, AllocationSnippets$FillContent, int, boolean, boolean, boolean, boolean, HotSpotAllocationSnippets$HotSpotAllocationProfilingData, boolea
Comp 84 (jdk.internal.util.ArraysSupport.unsignedHashCode(int,) loops:
Found Encoding : 0:-1,1:-1,2:-1
├── Loop 0
├── Loop 1
└── Loop 2
  loop 0 Cycles: 360 || Activation Count:1| LoopCallCount: 0 |  Source: -at jdk.internal.util.ArraysSupport.unsignedHashCode(ArraysSupport.java:378) [bci: 8] | -at jdk.internal.util.ArraysSupport.unsignedHashCode(ArraysSupport.java:381) [bci: 34]
  loop 1 Cycles: 96 || Activation Count:1| LoopCallCount: 0 |  Source: Source Missing | -at jdk.internal.util.ArraysSupport.unsignedHashCode(ArraysSupport.java:381) [bci: 34]
  loop 2 Cycles: 88 || Activation Count:1| LoopCallCount: 0 |  Source: Source Missing | -at jdk.internal.util.ArraysSupport.unsignedHashCode(ArraysSupport.java:381) [bci: 34]
Comp 85 (jdk.internal.util.ArraysSupport.unsignedHashCode(int,-Re-Comp) loops:
Found Encoding : 0:-1,1:-1,2:-1
├── Loop 0
├── Loop 1
└── Loop 2
  loop 0 Cycles: 80796 || Activation Count:1677| LoopCallCount: 0 |  Source: -at jdk.internal.util.ArraysSupport.unsignedHashCode(ArraysSupport.java:378) [bci: 8] | -at jdk.internal.util.ArraysSupport.unsignedHashCode(ArraysSupport.java:381) [bci: 34]
  loop 1 Cycles: 114408 || Activation Count:1677| LoopCallCount: 0 |  Source: Source Missing | -at jdk.internal.util.ArraysSupport.unsignedHashCode(ArraysSupport.java:381) [bci: 34]
  loop 2 Cycles: 97850 || Activation Count:1677| LoopCallCount: 0 |  Source: Source Missing | -at jdk.internal.util.ArraysSupport.unsignedHashCode(ArraysSupport.java:381) [bci: 34]
Comp 87 (java.lang.StringCoding.countPositives(byte[],) loops:
Found Encoding : 0:-1
└── Loop 0
  loop 0 Cycles: 402 || Activation Count:1| LoopCallCount: 0 |  Source: -at java.lang.StringCoding.countPositives(StringCoding.java:92) [bci: 7] | -at java.lang.StringCoding.countPositives(StringCoding.java:97) [bci: 31]
Comp 88 (java.lang.StringCoding.countPositives(byte[],-Re-Comp) loops:
Found Encoding : 0:-1
└── Loop 0
  loop 0 Cycles: 11256 || Activation Count:67| LoopCallCount: 0 |  Source: -at java.lang.StringCoding.countPositives(StringCoding.java:92) [bci: 7] | -at java.lang.StringCoding.countPositives(StringCoding.java:97) [bci: 31]
Comp 138 (java.lang.StringLatin1.equals(byte[],) loops:
Found Encoding : 0:-1
└── Loop 0
  loop 0 Cycles: 20326 || Activation Count:116| LoopCallCount: 0 |  Source: -at java.lang.StringLatin1.equals(StringLatin1.java:100) [bci: 9] | -at java.lang.StringLatin1.equals(StringLatin1.java:105) [bci: 32]
Comp 140 (java.util.Properties$LineReader.readLine()) loops:
Found Encoding : 5:-1,3:-1,4:3,0:-1,1:0,2:1
├── Loop 5
├── Loop 3
│   └── Loop 4
└── Loop 0
    └── Loop 1
        └── Loop 2
  loop 1 Cycles: 245926 || Activation Count:90| LoopCallCount: 1 |  Source: -at java.util.Properties$LineReader.readLine(Properties.java:538) [bci: 219] | -at java.util.Properties$LineReader.readLine(Properties.java:543) [bci: 259]
  loop 2 Cycles: 11936 || Activation Count:91| LoopCallCount: 0 |  Source: -at java.util.Properties$LineReader.readLine(Properties.java:540) [bci: 224] | -at java.util.Properties$LineReader.readLine(Properties.java:543) [bci: 259]
  loop 5 Cycles: 784 || Activation Count:1| LoopCallCount: 0 |  Source: -at java.util.Properties$LineReader.readLine(Properties.java:540) [bci: 224] | -at java.util.Properties$LineReader.readLine(Properties.java:543) [bci: 259]
Comp 141 (java.util.Properties$LineReader.readLine()-Re-Comp) loops:
Found Encoding : 0:-1,1:0,2:1
└── Loop 0
    └── Loop 1
        └── Loop 2
  loop 1 Cycles: 3516 || Activation Count:14| LoopCallCount: 1 |  Source: -at java.util.Properties$LineReader.readLine(Properties.java:538) [bci: 219] | -at java.util.Properties$LineReader.readLine(Properties.java:543) [bci: 259]
  loop 2 Cycles: 1940 || Activation Count:14| LoopCallCount: 0 |  Source: -at java.util.Properties$LineReader.readLine(Properties.java:540) [bci: 224] | -at java.util.Properties$LineReader.readLine(Properties.java:545) [bci: 262]
Comp 142 (java.util.Properties$LineReader.readLine()-Re-Comp) loops:
Found Encoding : 5:-1,3:-1,4:3,0:-1,1:0,2:1
├── Loop 5
├── Loop 3
│   └── Loop 4
└── Loop 0
    └── Loop 1
        └── Loop 2
  loop 0 Cycles: 37974 || Activation Count:1| LoopCallCount: 2 |  Source: -at java.util.Properties$LineReader.readLine(Properties.java:504) [bci: 53] | -at java.util.Properties$LineReader.readLine(Properties.java:615) [bci: 577]
  loop 1 Cycles: 27516 || Activation Count:131| LoopCallCount: 1 |  Source: -at java.util.Properties$LineReader.readLine(Properties.java:538) [bci: 219] | -at java.util.Properties$LineReader.readLine(Properties.java:543) [bci: 259]
  loop 2 Cycles: 15090 || Activation Count:131| LoopCallCount: 0 |  Source: -at java.util.Properties$LineReader.readLine(Properties.java:540) [bci: 224] | -at java.util.Properties$LineReader.readLine(Properties.java:543) [bci: 259]
  loop 5 Cycles: 684 || Activation Count:1| LoopCallCount: 0 |  Source: -at java.util.Properties$LineReader.readLine(Properties.java:540) [bci: 224] | -at java.util.Properties$LineReader.readLine(Properties.java:543) [bci: 259]
Comp 143 (java.util.Properties$LineReader.readLine()-Re-Comp) loops:
Found Encoding : 0:-1,1:0,2:1
└── Loop 0
    └── Loop 1
        └── Loop 2
  loop 0 Cycles: 319878 || Activation Count:6| LoopCallCount: 2 |  Source: -at java.util.Properties$LineReader.readLine(Properties.java:504) [bci: 53] | -at java.util.Properties$LineReader.readLine(Properties.java:615) [bci: 577]
  loop 1 Cycles: 379858 || Activation Count:374| LoopCallCount: 1 |  Source: -at java.util.Properties$LineReader.readLine(Properties.java:538) [bci: 219] | -at java.util.Properties$LineReader.readLine(Properties.java:543) [bci: 259]
  loop 2 Cycles: 47684 || Activation Count:377| LoopCallCount: 0 |  Source: -at java.util.Properties$LineReader.readLine(Properties.java:540) [bci: 224] | -at java.util.Properties$LineReader.readLine(Properties.java:545) [bci: 262]
Comp 187 (Benchmark.innerBenchmarkLoop(int)) loops:
Found Encoding : 0:-1
└── Loop 0
  loop 0 Cycles: 907568646 || Activation Count:1| LoopCallCount: 1 |  Source: -at Benchmark.innerBenchmarkLoop(int) [bci: 2] | -at Benchmark.innerBenchmarkLoop(int) [bci: 26]
Comp 188 (Benchmark.innerBenchmarkLoop(int)-Re-Comp) loops:
Found Encoding : 0:-1
└── Loop 0
  loop 0 Cycles: 473214847368 || Activation Count:497| LoopCallCount: 1 |  Source: -at Benchmark.innerBenchmarkLoop(int) [bci: 2] | -at Benchmark.innerBenchmarkLoop(int) [bci: 26]
Comp 196 (java.lang.StringLatin1.inflate(byte[],) loops:
Found Encoding : 0:-1,1:-1,2:-1
├── Loop 0
├── Loop 1
└── Loop 2
  loop 0 Cycles: 12152 || Activation Count:162| LoopCallCount: 0 |  Source: -at java.lang.StringLatin1.inflate(StringLatin1.java:767) [bci: 3] | -at java.lang.StringLatin1.inflate(StringLatin1.java:770) [bci: 33]
  loop 1 Cycles: 9804 || Activation Count:162| LoopCallCount: 0 |  Source: Source Missing | -at java.lang.StringLatin1.inflate(StringLatin1.java:770) [bci: 33]
  loop 2 Cycles: 7608 || Activation Count:162| LoopCallCount: 0 |  Source: Source Missing | -at java.lang.StringLatin1.inflate(StringLatin1.java:770) [bci: 33]
