Could not locate BlockSlowdown.json
Skipping Loading (this might cause a fatal crash if GTSlowdown is on)
Could not locate BlockSlowdown.json
Skipping Loading (this might cause a fatal crash if GTSlowdown is on)
Starting List benchmark ...
List: iterations=1 runtime: 343507us
List: iterations=2 runtime: 287839us
List: iterations=3 runtime: 293989us
List: iterations=4 runtime: 287492us
List: iterations=5 runtime: 287814us
List: iterations=6 runtime: 287265us
List: iterations=7 runtime: 289338us
List: iterations=8 runtime: 287277us
List: iterations=9 runtime: 286858us
List: iterations=10 runtime: 286902us
List: iterations=11 runtime: 286718us
List: iterations=12 runtime: 286520us
List: iterations=13 runtime: 286450us
List: iterations=14 runtime: 286903us
List: iterations=15 runtime: 286821us
List: iterations=16 runtime: 286944us
List: iterations=17 runtime: 287041us
List: iterations=18 runtime: 287100us
List: iterations=19 runtime: 286980us
Could not locate BlockSlowdown.json
Skipping Loading (this might cause a fatal crash if GTSlowdown is on)
List: iterations=20 runtime: 286739us
List: iterations=21 runtime: 287663us
List: iterations=22 runtime: 290411us
List: iterations=23 runtime: 286670us
List: iterations=24 runtime: 286661us
List: iterations=25 runtime: 286636us
List: iterations=26 runtime: 286741us
List: iterations=27 runtime: 286911us
List: iterations=28 runtime: 286801us
List: iterations=29 runtime: 286717us
List: iterations=30 runtime: 286788us
List: iterations=31 runtime: 286720us
List: iterations=32 runtime: 286694us
List: iterations=33 runtime: 286793us
List: iterations=34 runtime: 286827us
List: iterations=35 runtime: 286847us
List: iterations=36 runtime: 286753us
List: iterations=37 runtime: 286667us
List: iterations=38 runtime: 286828us
List: iterations=39 runtime: 287424us
List: iterations=40 runtime: 287211us
List: iterations=41 runtime: 287114us
List: iterations=42 runtime: 287178us
List: iterations=43 runtime: 289050us
List: iterations=44 runtime: 287183us
List: iterations=45 runtime: 287071us
List: iterations=46 runtime: 287115us
List: iterations=47 runtime: 286972us
List: iterations=48 runtime: 286807us
List: iterations=49 runtime: 286689us
List: iterations=50 runtime: 286801us
List: iterations=51 runtime: 286697us
List: iterations=52 runtime: 286751us
List: iterations=53 runtime: 286868us
List: iterations=54 runtime: 286913us
List: iterations=55 runtime: 286766us
List: iterations=56 runtime: 287221us
List: iterations=57 runtime: 287395us
List: iterations=58 runtime: 297538us
List: iterations=59 runtime: 304470us
List: iterations=60 runtime: 286864us
List: iterations=61 runtime: 286854us
List: iterations=62 runtime: 286778us
List: iterations=63 runtime: 288957us
List: iterations=64 runtime: 287811us
List: iterations=65 runtime: 287581us
List: iterations=66 runtime: 287609us
List: iterations=67 runtime: 287660us
List: iterations=68 runtime: 287217us
List: iterations=69 runtime: 286916us
List: iterations=70 runtime: 286693us
List: iterations=71 runtime: 286596us
List: iterations=72 runtime: 286733us
List: iterations=73 runtime: 286916us
List: iterations=74 runtime: 287133us
List: iterations=75 runtime: 286833us
List: iterations=76 runtime: 286600us
List: iterations=77 runtime: 286666us
List: iterations=78 runtime: 286731us
List: iterations=79 runtime: 286793us
List: iterations=80 runtime: 286770us
List: iterations=81 runtime: 286620us
List: iterations=82 runtime: 286687us
List: iterations=83 runtime: 291145us
List: iterations=84 runtime: 286887us
List: iterations=85 runtime: 287074us
List: iterations=86 runtime: 286827us
List: iterations=87 runtime: 286711us
List: iterations=88 runtime: 286685us
List: iterations=89 runtime: 286776us
List: iterations=90 runtime: 286799us
Could not locate BlockSlowdown.json
Skipping Loading (this might cause a fatal crash if GTSlowdown is on)
List: iterations=91 runtime: 287841us
List: iterations=92 runtime: 287295us
List: iterations=93 runtime: 286805us
List: iterations=94 runtime: 286855us
List: iterations=95 runtime: 286847us
List: iterations=96 runtime: 286871us
List: iterations=97 runtime: 286753us
List: iterations=98 runtime: 286691us
List: iterations=99 runtime: 286725us
List: iterations=100 runtime: 286815us
List: iterations=101 runtime: 286871us
List: iterations=102 runtime: 287634us
List: iterations=103 runtime: 288268us
List: iterations=104 runtime: 287430us
List: iterations=105 runtime: 287223us
List: iterations=106 runtime: 286921us
List: iterations=107 runtime: 300069us
List: iterations=108 runtime: 287114us
List: iterations=109 runtime: 287083us
List: iterations=110 runtime: 286734us
List: iterations=111 runtime: 286926us
List: iterations=112 runtime: 286682us
List: iterations=113 runtime: 286629us
List: iterations=114 runtime: 286606us
List: iterations=115 runtime: 286671us
List: iterations=116 runtime: 286563us
List: iterations=117 runtime: 286480us
List: iterations=118 runtime: 286446us
List: iterations=119 runtime: 286418us
List: iterations=120 runtime: 286572us
List: iterations=121 runtime: 286572us
List: iterations=122 runtime: 286530us
List: iterations=123 runtime: 286569us
List: iterations=124 runtime: 288145us
List: iterations=125 runtime: 287223us
List: iterations=126 runtime: 287547us
Could not locate BlockSlowdown.json
Skipping Loading (this might cause a fatal crash if GTSlowdown is on)
List: iterations=127 runtime: 287255us
List: iterations=128 runtime: 286819us
List: iterations=129 runtime: 286925us
List: iterations=130 runtime: 287012us
List: iterations=131 runtime: 287013us
List: iterations=132 runtime: 287025us
List: iterations=133 runtime: 286934us
List: iterations=134 runtime: 286935us
List: iterations=135 runtime: 286606us
List: iterations=136 runtime: 286567us
List: iterations=137 runtime: 286541us
List: iterations=138 runtime: 286645us
List: iterations=139 runtime: 286609us
List: iterations=140 runtime: 286723us
List: iterations=141 runtime: 286842us
List: iterations=142 runtime: 287376us
List: iterations=143 runtime: 287102us
List: iterations=144 runtime: 288464us
List: iterations=145 runtime: 286963us
List: iterations=146 runtime: 286758us
List: iterations=147 runtime: 286734us
List: iterations=148 runtime: 286905us
List: iterations=149 runtime: 286816us
List: iterations=150 runtime: 286909us
List: iterations=151 runtime: 287818us
List: iterations=152 runtime: 286828us
List: iterations=153 runtime: 286591us
List: iterations=154 runtime: 286634us
List: iterations=155 runtime: 286724us
List: iterations=156 runtime: 286542us
List: iterations=157 runtime: 286584us
List: iterations=158 runtime: 286577us
List: iterations=159 runtime: 286580us
List: iterations=160 runtime: 286797us
List: iterations=161 runtime: 287294us
List: iterations=162 runtime: 286843us
List: iterations=163 runtime: 286559us
List: iterations=164 runtime: 288412us
List: iterations=165 runtime: 287272us
List: iterations=166 runtime: 286745us
List: iterations=167 runtime: 286837us
List: iterations=168 runtime: 286526us
List: iterations=169 runtime: 286588us
List: iterations=170 runtime: 286583us
List: iterations=171 runtime: 286602us
List: iterations=172 runtime: 286662us
List: iterations=173 runtime: 286654us
List: iterations=174 runtime: 286742us
List: iterations=175 runtime: 286853us
List: iterations=176 runtime: 286698us
List: iterations=177 runtime: 286793us
List: iterations=178 runtime: 286977us
List: iterations=179 runtime: 286936us
List: iterations=180 runtime: 286584us
List: iterations=181 runtime: 286619us
List: iterations=182 runtime: 286785us
List: iterations=183 runtime: 286624us
List: iterations=184 runtime: 286664us
List: iterations=185 runtime: 294079us
List: iterations=186 runtime: 286868us
List: iterations=187 runtime: 379623us
List: iterations=188 runtime: 286782us
List: iterations=189 runtime: 286481us
List: iterations=190 runtime: 286668us
List: iterations=191 runtime: 286746us
List: iterations=192 runtime: 286610us
List: iterations=193 runtime: 286535us
List: iterations=194 runtime: 286562us
List: iterations=195 runtime: 286995us
List: iterations=196 runtime: 286989us
List: iterations=197 runtime: 286767us
List: iterations=198 runtime: 286612us
List: iterations=199 runtime: 286614us
List: iterations=200 runtime: 286651us
List: iterations=201 runtime: 286616us
List: iterations=202 runtime: 286641us
List: iterations=203 runtime: 286595us
List: iterations=204 runtime: 286599us
List: iterations=205 runtime: 288161us
List: iterations=206 runtime: 287151us
List: iterations=207 runtime: 287340us
List: iterations=208 runtime: 287203us
List: iterations=209 runtime: 287044us
List: iterations=210 runtime: 287051us
List: iterations=211 runtime: 287174us
List: iterations=212 runtime: 286927us
List: iterations=213 runtime: 286853us
List: iterations=214 runtime: 286763us
List: iterations=215 runtime: 286785us
List: iterations=216 runtime: 286991us
List: iterations=217 runtime: 286857us
List: iterations=218 runtime: 286706us
List: iterations=219 runtime: 286665us
List: iterations=220 runtime: 286709us
List: iterations=221 runtime: 286714us
List: iterations=222 runtime: 286897us
List: iterations=223 runtime: 286655us
List: iterations=224 runtime: 286812us
List: iterations=225 runtime: 288159us
List: iterations=226 runtime: 286988us
List: iterations=227 runtime: 287079us
List: iterations=228 runtime: 286982us
List: iterations=229 runtime: 287222us
List: iterations=230 runtime: 288618us
List: iterations=231 runtime: 287387us
List: iterations=232 runtime: 286648us
List: iterations=233 runtime: 286795us
List: iterations=234 runtime: 286742us
List: iterations=235 runtime: 287205us
List: iterations=236 runtime: 287262us
List: iterations=237 runtime: 286725us
List: iterations=238 runtime: 287112us
List: iterations=239 runtime: 286740us
List: iterations=240 runtime: 286871us
List: iterations=241 runtime: 286814us
List: iterations=242 runtime: 286931us
List: iterations=243 runtime: 286948us
List: iterations=244 runtime: 287071us
List: iterations=245 runtime: 288477us
List: iterations=246 runtime: 287044us
List: iterations=247 runtime: 288599us
List: iterations=248 runtime: 287082us
List: iterations=249 runtime: 287167us
List: iterations=250 runtime: 286966us
List: iterations=251 runtime: 286837us
List: iterations=252 runtime: 286957us
List: iterations=253 runtime: 286697us
List: iterations=254 runtime: 286772us
List: iterations=255 runtime: 286863us
List: iterations=256 runtime: 286863us
List: iterations=257 runtime: 286922us
List: iterations=258 runtime: 286785us
List: iterations=259 runtime: 287043us
List: iterations=260 runtime: 287291us
List: iterations=261 runtime: 287235us
List: iterations=262 runtime: 287024us
List: iterations=263 runtime: 286932us
List: iterations=264 runtime: 286833us
List: iterations=265 runtime: 288501us
List: iterations=266 runtime: 288465us
List: iterations=267 runtime: 314268us
List: iterations=268 runtime: 290268us
List: iterations=269 runtime: 286946us
List: iterations=270 runtime: 286788us
List: iterations=271 runtime: 286790us
List: iterations=272 runtime: 286674us
List: iterations=273 runtime: 287051us
List: iterations=274 runtime: 287244us
List: iterations=275 runtime: 287135us
List: iterations=276 runtime: 287150us
List: iterations=277 runtime: 286878us
List: iterations=278 runtime: 287032us
List: iterations=279 runtime: 286979us
List: iterations=280 runtime: 286986us
List: iterations=281 runtime: 286990us
List: iterations=282 runtime: 288756us
List: iterations=283 runtime: 287177us
List: iterations=284 runtime: 286858us
List: iterations=285 runtime: 287311us
List: iterations=286 runtime: 288354us
List: iterations=287 runtime: 286924us
List: iterations=288 runtime: 287383us
List: iterations=289 runtime: 286972us
List: iterations=290 runtime: 286872us
List: iterations=291 runtime: 286503us
List: iterations=292 runtime: 286576us
List: iterations=293 runtime: 286462us
List: iterations=294 runtime: 286596us
List: iterations=295 runtime: 286532us
List: iterations=296 runtime: 286458us
List: iterations=297 runtime: 286958us
List: iterations=298 runtime: 286525us
List: iterations=299 runtime: 287970us
List: iterations=300 runtime: 287500us
List: iterations=301 runtime: 286775us
List: iterations=302 runtime: 286566us
List: iterations=303 runtime: 286580us
List: iterations=304 runtime: 286513us
List: iterations=305 runtime: 286511us
List: iterations=306 runtime: 288494us
List: iterations=307 runtime: 287139us
List: iterations=308 runtime: 287268us
List: iterations=309 runtime: 286985us
List: iterations=310 runtime: 286708us
List: iterations=311 runtime: 287133us
List: iterations=312 runtime: 286652us
List: iterations=313 runtime: 286939us
List: iterations=314 runtime: 286719us
List: iterations=315 runtime: 299903us
List: iterations=316 runtime: 287007us
List: iterations=317 runtime: 288584us
List: iterations=318 runtime: 287435us
List: iterations=319 runtime: 286824us
List: iterations=320 runtime: 286915us
List: iterations=321 runtime: 286761us
List: iterations=322 runtime: 286716us
List: iterations=323 runtime: 286941us
List: iterations=324 runtime: 286707us
List: iterations=325 runtime: 287075us
List: iterations=326 runtime: 292215us
List: iterations=327 runtime: 288391us
List: iterations=328 runtime: 287285us
List: iterations=329 runtime: 286984us
List: iterations=330 runtime: 287126us
List: iterations=331 runtime: 287312us
List: iterations=332 runtime: 287123us
List: iterations=333 runtime: 287079us
List: iterations=334 runtime: 288765us
List: iterations=335 runtime: 287240us
List: iterations=336 runtime: 287118us
List: iterations=337 runtime: 286856us
List: iterations=338 runtime: 286607us
List: iterations=339 runtime: 286860us
List: iterations=340 runtime: 286887us
List: iterations=341 runtime: 286394us
List: iterations=342 runtime: 286939us
List: iterations=343 runtime: 286479us
List: iterations=344 runtime: 286496us
List: iterations=345 runtime: 286415us
List: iterations=346 runtime: 286621us
List: iterations=347 runtime: 287883us
List: iterations=348 runtime: 286752us
List: iterations=349 runtime: 287084us
List: iterations=350 runtime: 286882us
List: iterations=351 runtime: 288340us
List: iterations=352 runtime: 288158us
List: iterations=353 runtime: 287074us
List: iterations=354 runtime: 286928us
List: iterations=355 runtime: 286790us
List: iterations=356 runtime: 287045us
List: iterations=357 runtime: 286852us
List: iterations=358 runtime: 287341us
List: iterations=359 runtime: 286839us
List: iterations=360 runtime: 286948us
List: iterations=361 runtime: 286830us
List: iterations=362 runtime: 286759us
List: iterations=363 runtime: 286788us
List: iterations=364 runtime: 286734us
List: iterations=365 runtime: 286806us
List: iterations=366 runtime: 286915us
List: iterations=367 runtime: 287608us
List: iterations=368 runtime: 287423us
List: iterations=369 runtime: 288595us
List: iterations=370 runtime: 288678us
List: iterations=371 runtime: 295038us
List: iterations=372 runtime: 286761us
List: iterations=373 runtime: 286607us
List: iterations=374 runtime: 286987us
List: iterations=375 runtime: 286793us
List: iterations=376 runtime: 286891us
List: iterations=377 runtime: 286944us
List: iterations=378 runtime: 286724us
List: iterations=379 runtime: 286855us
List: iterations=380 runtime: 286841us
List: iterations=381 runtime: 287895us
List: iterations=382 runtime: 286824us
List: iterations=383 runtime: 286737us
List: iterations=384 runtime: 286942us
List: iterations=385 runtime: 286774us
List: iterations=386 runtime: 288176us
List: iterations=387 runtime: 287881us
List: iterations=388 runtime: 289652us
List: iterations=389 runtime: 286943us
List: iterations=390 runtime: 289030us
List: iterations=391 runtime: 286833us
List: iterations=392 runtime: 287599us
List: iterations=393 runtime: 289831us
List: iterations=394 runtime: 286880us
List: iterations=395 runtime: 313410us
List: iterations=396 runtime: 286758us
List: iterations=397 runtime: 286673us
List: iterations=398 runtime: 286899us
List: iterations=399 runtime: 286817us
List: iterations=400 runtime: 286869us
List: iterations=401 runtime: 287023us
List: iterations=402 runtime: 287106us
List: iterations=403 runtime: 286857us
List: iterations=404 runtime: 288638us
List: iterations=405 runtime: 287171us
List: iterations=406 runtime: 286875us
List: iterations=407 runtime: 286696us
List: iterations=408 runtime: 288427us
List: iterations=409 runtime: 287011us
List: iterations=410 runtime: 287047us
List: iterations=411 runtime: 286683us
List: iterations=412 runtime: 287093us
List: iterations=413 runtime: 287054us
List: iterations=414 runtime: 286879us
List: iterations=415 runtime: 286795us
List: iterations=416 runtime: 286871us
List: iterations=417 runtime: 286768us
List: iterations=418 runtime: 287026us
List: iterations=419 runtime: 287302us
List: iterations=420 runtime: 287035us
List: iterations=421 runtime: 288501us
List: iterations=422 runtime: 287250us
Could not locate BlockSlowdown.json
Skipping Loading (this might cause a fatal crash if GTSlowdown is on)
List: iterations=423 runtime: 289317us
List: iterations=424 runtime: 287238us
List: iterations=425 runtime: 286835us
List: iterations=426 runtime: 286732us
List: iterations=427 runtime: 286773us
List: iterations=428 runtime: 287942us
List: iterations=429 runtime: 287507us
List: iterations=430 runtime: 287034us
List: iterations=431 runtime: 287501us
List: iterations=432 runtime: 287029us
List: iterations=433 runtime: 287162us
List: iterations=434 runtime: 287162us
List: iterations=435 runtime: 287180us
List: iterations=436 runtime: 287459us
List: iterations=437 runtime: 287060us
List: iterations=438 runtime: 288578us
List: iterations=439 runtime: 287577us
List: iterations=440 runtime: 287467us
List: iterations=441 runtime: 287114us
List: iterations=442 runtime: 287013us
List: iterations=443 runtime: 287171us
List: iterations=444 runtime: 287626us
List: iterations=445 runtime: 287132us
List: iterations=446 runtime: 286904us
List: iterations=447 runtime: 287210us
List: iterations=448 runtime: 287816us
List: iterations=449 runtime: 286879us
List: iterations=450 runtime: 286841us
List: iterations=451 runtime: 286617us
List: iterations=452 runtime: 286908us
List: iterations=453 runtime: 286833us
List: iterations=454 runtime: 286913us
List: iterations=455 runtime: 286871us
List: iterations=456 runtime: 288429us
List: iterations=457 runtime: 287577us
List: iterations=458 runtime: 286793us
List: iterations=459 runtime: 289328us
List: iterations=460 runtime: 286806us
List: iterations=461 runtime: 286787us
List: iterations=462 runtime: 286802us
List: iterations=463 runtime: 286831us
List: iterations=464 runtime: 287060us
List: iterations=465 runtime: 286655us
List: iterations=466 runtime: 286715us
List: iterations=467 runtime: 286746us
List: iterations=468 runtime: 286804us
List: iterations=469 runtime: 287836us
List: iterations=470 runtime: 287027us
List: iterations=471 runtime: 286997us
List: iterations=472 runtime: 286822us
List: iterations=473 runtime: 288767us
List: iterations=474 runtime: 287061us
List: iterations=475 runtime: 313628us
List: iterations=476 runtime: 286783us
List: iterations=477 runtime: 286761us
List: iterations=478 runtime: 286791us
List: iterations=479 runtime: 286762us
List: iterations=480 runtime: 287119us
List: iterations=481 runtime: 286758us
List: iterations=482 runtime: 286923us
List: iterations=483 runtime: 286970us
List: iterations=484 runtime: 286646us
List: iterations=485 runtime: 286873us
List: iterations=486 runtime: 286763us
List: iterations=487 runtime: 286675us
List: iterations=488 runtime: 286941us
List: iterations=489 runtime: 287796us
List: iterations=490 runtime: 288096us
List: iterations=491 runtime: 287375us
List: iterations=492 runtime: 287168us
List: iterations=493 runtime: 287077us
List: iterations=494 runtime: 289158us
List: iterations=495 runtime: 286849us
List: iterations=496 runtime: 286541us
List: iterations=497 runtime: 286785us
List: iterations=498 runtime: 286701us
List: iterations=499 runtime: 287092us
List: iterations=500 runtime: 286679us
Could not locate BlockSlowdown.json
Skipping Loading (this might cause a fatal crash if GTSlowdown is on)
List: iterations=500 average: 287698us total: 143849241us


Total Runtime: 143849241us
Bubo.RDTSC.Harness.main Total RDTSC cycles: 476712160194
