Could not locate BlockSlowdown.json
Skipping Loading (this might cause a fatal crash if GTSlowdown is on)
[Use -Djdk.graal.LogFile=<path> to redirect Graal log output to a file.]
java.lang.module.ModuleDescriptor.name()java.lang.String -1 codeSignature differs 5be282a10c496d4000571a6844c9c0bc109901813a12d3aea5364efad6a66c85 != 236f622407d0112ac18220ce2f7dd8fc95a4975bd21efedc593a420240b9e35f
java.lang.module.ModuleReference.descriptor()java.lang.module.ModuleDescriptor -1 codeSignature differs 14be906eafbcd0e98db8607fd01b12de837039bcd06c460d0cf8f6394c8cff6d != d74a3d991dcad2ff0132c63a48dc50da7170128a36ef27d42bfbafe23260746e
java.lang.Enum.ordinal()int -1 codeSignature differs d4ce072063a0e5d7b77fa03ca89aafb8f3e3ecf13c518dc1905e344d1e62c58a != 6379912ece14b3e5c494001bcdbf513550438500c9fe64692666ea4804585a5b
java.lang.Class.isPrimitive()boolean -1 codeSignature differs 98ab40cf2ebcc843a57e4548f9a42e2e9f3f439b3cfc72b2a9affe72c8d06a5f != 3e78a4a854866f13977dcbf9876f9c5a148d0cfe8abd55bad528a298e2ab0d37
jdk.internal.util.StrongReferenceKey.get()java.lang.Object -1 codeSignature differs 14be906eafbcd0e98db8607fd01b12de837039bcd06c460d0cf8f6394c8cff6d != d74a3d991dcad2ff0132c63a48dc50da7170128a36ef27d42bfbafe23260746e
java.lang.Class.getClassLoader()java.lang.ClassLoader -1 codeSignature differs 1ec746d9657abb2124f404e47924197593986fc62346c6cd76072c08e29afddf != fc6683d6dbc2e9c193939db2b7b3809c7ed36f548dabbad32ce6a77af2acbb5c
java.lang.invoke.MethodType.returnType()java.lang.Class -1 codeSignature differs 14be906eafbcd0e98db8607fd01b12de837039bcd06c460d0cf8f6394c8cff6d != d74a3d991dcad2ff0132c63a48dc50da7170128a36ef27d42bfbafe23260746e
jdk.internal.classfile.impl.AbstractPoolEntry.index()int -1 codeSignature differs d4ce072063a0e5d7b77fa03ca89aafb8f3e3ecf13c518dc1905e344d1e62c58a != 6379912ece14b3e5c494001bcdbf513550438500c9fe64692666ea4804585a5b
java.lang.invoke.MemberName.getDeclaringClass()java.lang.Class -1 codeSignature differs b46e439bc51650ff335d2a7124f0b0154f260fe1af8ba145c6fd3cf5008c9e4e != 65875f01c4739b3690cfc99e32978813efde10140dd67c4d7a0e3015e243befa
java.lang.invoke.MethodType.form()java.lang.invoke.MethodTypeForm -1 codeSignature differs 5be282a10c496d4000571a6844c9c0bc109901813a12d3aea5364efad6a66c85 != 236f622407d0112ac18220ce2f7dd8fc95a4975bd21efedc593a420240b9e35f
java.util.stream.FindOps$FindSink.cancellationRequested()boolean -1 codeSignature differs 55af0dc4b7688c78180d5f5b00584e4bf66cf93bd60716f9aab49e7a6fd64ac4 != f48625702890d29653fc29959db5796353242ca5005d0c97563dc7641a6e9521
java.lang.Object.<init>()void -1 codeSignature differs fe534d3aac0502b22527b54e744892c09d7496fd765947a3ee3ec9a070d56f92 != 53fed571f2d162d1b06665e593acff62e94c3c2feeb837a313805208a153c804
jdk.internal.module.ModuleReferenceImpl.moduleResolution()jdk.internal.module.ModuleResolution -1 codeSignature differs b76db95b8fd3a055b26c3a6c15023743ea3cd488646d474319964a2e9e13b73e != acecf092198f6e600ae574ae88f94c3dcc124dff78fd33d38e7503cf1de4cb84
java.lang.String.hashCode()int -1 codeSignature differs cd869c87835ef8242ee90410caccd8a61a63cd99231e11f83fcdc76366e70264 != 4af57cd2c352f504d9843ac55232e6c06b59ac42ecb11ac71e7928d819941700
java.lang.module.ModuleDescriptor$Requires.modifiers()java.util.Set -1 codeSignature differs 14be906eafbcd0e98db8607fd01b12de837039bcd06c460d0cf8f6394c8cff6d != d74a3d991dcad2ff0132c63a48dc50da7170128a36ef27d42bfbafe23260746e
java.lang.module.ModuleDescriptor$Requires.name()java.lang.String -1 codeSignature differs 90f01eeb46d88d53d0e4e48ef19445eb3bdf8101a00c7dc3f717a337df9fb41f != 3dca556ce0a4f9f9b2a7bcbcee2ecdeeb626fd493f0993079a0f91070abff97b
java.lang.module.ModuleDescriptor.requires()java.util.Set -1 codeSignature differs 50021c78154f047ad8f88f0733084203e726ca2f3911eed3f4e2615369ae39b2 != 38c64b25607c18539afa677dc017db8b0b2e69cd25c409ff2fbbda9b724f85b9
java.lang.module.ModuleDescriptor.isAutomatic()boolean -1 codeSignature differs 2c5d9434fa6cbff1c0177053ad01774247e7a98383a3d0ee5c4dccbf56bf9e86 != 573ad2b7aa6bd940d385aadba08b49259d18cc84676cb0e7d2bc6bb2b3a188b0
java.util.HashMap$Node.getKey()java.lang.Object -1 codeSignature differs 90f01eeb46d88d53d0e4e48ef19445eb3bdf8101a00c7dc3f717a337df9fb41f != 3dca556ce0a4f9f9b2a7bcbcee2ecdeeb626fd493f0993079a0f91070abff97b
java.util.HashMap$Node.getValue()java.lang.Object -1 codeSignature differs 5be282a10c496d4000571a6844c9c0bc109901813a12d3aea5364efad6a66c85 != 236f622407d0112ac18220ce2f7dd8fc95a4975bd21efedc593a420240b9e35f
java.util.ImmutableCollections$Set12.isEmpty()boolean -1 codeSignature differs d890ffc04cd03ec866061096d7d13d2670cacc5a2328b692374e3523d40574bd != 55a5cc963fc3641936c496e734b67cb2da5b04dc6786193efb958b4650f80fcc
java.lang.module.ModuleDescriptor$Exports.source()java.lang.String -1 codeSignature differs 90f01eeb46d88d53d0e4e48ef19445eb3bdf8101a00c7dc3f717a337df9fb41f != 3dca556ce0a4f9f9b2a7bcbcee2ecdeeb626fd493f0993079a0f91070abff97b
java.lang.module.ModuleDescriptor$Exports.targets()java.util.Set -1 codeSignature differs 5be282a10c496d4000571a6844c9c0bc109901813a12d3aea5364efad6a66c85 != 236f622407d0112ac18220ce2f7dd8fc95a4975bd21efedc593a420240b9e35f
java.lang.module.ModuleDescriptor.provides()java.util.Set -1 codeSignature differs 309d9291f2d3c2a63becdec49b2c74b25af9d7fdc62dad05faf86a64889608fc != ac8620023b60722a9bd4c025af16c863bb01ff2e1485a56d1a0e66cae8c98d9f
java.lang.module.ModuleDescriptor.exports()java.util.Set -1 codeSignature differs 948d21eddb9ad191efbc24290e4e840a30aebb134151b75def9175ab54c0a48c != 64b1f8caa863f256c52a850b78b1f50f6cb4cdbb0fd449ebc0f6c33942f7e576
java.util.ImmutableCollections$SetN$SetNIterator.hasNext()boolean -1 codeSignature differs 014069b9d29ae67f97f8d652b8d7a77d9057cdb393e4e32597c925d7a30bdc82 != 68bedb7c2b89fc57eca6528f835388a812a6a51c19835f3ca5c045deed27b552
java.lang.module.ModuleDescriptor.uses()java.util.Set -1 codeSignature differs e3ce51591a4fee3aaff0c687fbb639bc8c1569c92e84d989cdc906a081a3aa6f != a28d016eade96af94b1490585bd89e875ca450bc08a58e964a7e2d9c660f535c
java.util.ImmutableCollections$SetN$SetNIterator.next()java.lang.Object -1 codeSignature differs e1fe95f08e9a54f528c00088fcbfa159f3bad00b96b954e867ee6f3fb841619e != 1c16e1aaf3c5c4e267d064b4f4a6055cb93c36b45deb929a479843825821be18
java.util.ImmutableCollections$SetN$SetNIterator.next()java.lang.Object -1 graphSignature differs b05d592371fcce917a90fc28debaf21f7e7532d4836b1c9812ac396e129c7095 != dd493989519e7f328311cfecc7abfe1946186eaebdea7e8b59878a8ba9e25a26
java.lang.module.ModuleDescriptor$Provides.service()java.lang.String -1 codeSignature differs 14be906eafbcd0e98db8607fd01b12de837039bcd06c460d0cf8f6394c8cff6d != d74a3d991dcad2ff0132c63a48dc50da7170128a36ef27d42bfbafe23260746e
java.util.HashMap.hash(java.lang.Object)int -1 codeSignature differs 9e2b8efaaace3e07ba67518af104024d2e3e5323c936f2b6a9766b1e96308fd0 != a40c0da9c58b94722830e0211cf797d291ba438336e34db47f404a4aa53a3311
java.lang.module.ModuleDescriptor$Exports.isQualified()boolean -1 codeSignature differs 5f28f86f56334a74779605c1aac846d5e59045ab20f82fdc68ca9dfa6ab173b7 != a39b344b144dbea6d33408e2a55c811267d355516841bbfe158958ff371f1199
java.util.HashMap.putVal(int, java.lang.Object, java.lang.Object, boolean, boolean)java.lang.Object -1 codeSignature differs 85e374f98eda359d4ead4d9c6d115d38f5697949e63da63e99f7202f166b1195 != 036426704b068240549aaf5016a3e0f4c67d043bcb03972e52048625aff48fa6
java.util.HashMap.putVal(int, java.lang.Object, java.lang.Object, boolean, boolean)java.lang.Object -1 graphSignature differs ee09f2c8e8aef299f145f669ac6d290ab921c200bee62674b2ab14a5f207c19a != 5a74e12f320f5360d51b0bb3946f087ce2dce5afa144b15d312a3acc1621c4cf
java.lang.String.equals(java.lang.Object)boolean -1 codeSignature differs f5747f05d8cb43a0e84b3d89443c10d37c72a20d9b0342eb86834299bed80ca6 != 119dc6e6665ec6b4c44f1e420beb3682c6794e4c2205f6f17310bd0f4f948907
java.lang.String.equals(java.lang.Object)boolean -1 graphSignature differs 240f841b413bb8bd2af4877cb3753eac11d3bdc482d702e067df992e72784ebb != 2d841e5f6ff33687ba2a8e89c73735b82c892266d476f740b43f9fc2b4d21873
java.util.KeyValueHolder.getKey()java.lang.Object -1 codeSignature differs 14be906eafbcd0e98db8607fd01b12de837039bcd06c460d0cf8f6394c8cff6d != d74a3d991dcad2ff0132c63a48dc50da7170128a36ef27d42bfbafe23260746e
java.util.KeyValueHolder.getValue()java.lang.Object -1 codeSignature differs 90f01eeb46d88d53d0e4e48ef19445eb3bdf8101a00c7dc3f717a337df9fb41f != 3dca556ce0a4f9f9b2a7bcbcee2ecdeeb626fd493f0993079a0f91070abff97b
java.lang.module.ModuleDescriptor.packages()java.util.Set -1 codeSignature differs 1ec746d9657abb2124f404e47924197593986fc62346c6cd76072c08e29afddf != fc6683d6dbc2e9c193939db2b7b3809c7ed36f548dabbad32ce6a77af2acbb5c
java.lang.module.ResolvedModule.reference()java.lang.module.ModuleReference -1 codeSignature differs 90f01eeb46d88d53d0e4e48ef19445eb3bdf8101a00c7dc3f717a337df9fb41f != 3dca556ce0a4f9f9b2a7bcbcee2ecdeeb626fd493f0993079a0f91070abff97b
java.util.HashMap$Node.<init>(int, java.lang.Object, java.lang.Object, java.util.HashMap$Node)void -1 codeSignature differs 72bec61e04d74f6caafae721214f63744277a2a4a33626a3013396681bf04f0b != c08df0b0df25afbbbc04c5c826f3a3732b330cef0f3e7b2f997094ff90d13f0c
java.lang.module.ModuleDescriptor$Version.toString()java.lang.String -1 codeSignature differs 14be906eafbcd0e98db8607fd01b12de837039bcd06c460d0cf8f6394c8cff6d != d74a3d991dcad2ff0132c63a48dc50da7170128a36ef27d42bfbafe23260746e
java.lang.AbstractStringBuilder.length()int -1 codeSignature differs d4ce072063a0e5d7b77fa03ca89aafb8f3e3ecf13c518dc1905e344d1e62c58a != 6379912ece14b3e5c494001bcdbf513550438500c9fe64692666ea4804585a5b
java.util.HashMap.newNode(int, java.lang.Object, java.lang.Object, java.util.HashMap$Node)java.util.HashMap$Node -1 codeSignature differs 0b57ad3d0ea1b0de0d3ae4d1256f2a3bf2dacceb94022bee4e70d75bf1848358 != d2c2a415cba31cf48b157817e62dcfa6745f18dc85bdd37bd358d1bb63bfa15d
java.util.HashMap.afterNodeInsertion(boolean)void -1 codeSignature differs fe534d3aac0502b22527b54e744892c09d7496fd765947a3ee3ec9a070d56f92 != 53fed571f2d162d1b06665e593acff62e94c3c2feeb837a313805208a153c804
java.util.HashMap.resize()java.util.HashMap$Node[] -1 codeSignature differs 31a272f2c5fd9381ef5a79ab147e5057eb131924242ecbfc02debab4555b597a != e5e7d80447623f85a0b799617380935e7f2d3c1c24923188ef03d96d8e6ea853
java.util.HashMap.resize()java.util.HashMap$Node[] -1 graphSignature differs 8621339e67ed630b148c0b60d4ece2a8f5e4dc640c7e625f721a8babedbc3813 != 907f32e8439d3100299993dcad76560e08b0f705baa3a6e36f739c5640084aa9
java.lang.module.ResolvedModule.configuration()java.lang.module.Configuration -1 codeSignature differs 14be906eafbcd0e98db8607fd01b12de837039bcd06c460d0cf8f6394c8cff6d != d74a3d991dcad2ff0132c63a48dc50da7170128a36ef27d42bfbafe23260746e
java.lang.module.ModuleDescriptor.isOpen()boolean -1 codeSignature differs 7251ebfc69511ba11260ce3e5fe8de41e1ee424c1c84ef382507a4b520f46599 != 68c1b93afd5159dbd52f415e41c6f206a35012c76ae6407eef42650396bf8bfc
java.util.HashMap.size()int -1 codeSignature differs 55d12884885f16e44e8204f924f64617688caf405b709d32e1e72896f6c27c3d != 602769ad44793bd98e92b9e62f8542f52d5162d04d5d1c146bc1a1f5f4eab2b1
java.util.zip.ZipCoder$UTF8ZipCoder.isUTF8()boolean -1 codeSignature differs 6e3a14458a0fca90e6a63285514a933585cea592cb622e79b33ddc5df6e0fb66 != f86c5820929a34f03b9429610f522a6efd833767bf69832ae22131f6e690fc71
jdk.internal.classfile.impl.AbstractPoolEntry.width()int -1 codeSignature differs 6e3a14458a0fca90e6a63285514a933585cea592cb622e79b33ddc5df6e0fb66 != f86c5820929a34f03b9429610f522a6efd833767bf69832ae22131f6e690fc71
jdk.internal.classfile.impl.SplitConstantPool.size()int -1 codeSignature differs 1e851f5b2cbf37c0cd46831368dd889b60dff01d7b16161259960e24b264ceb1 != 8842033c3435ba9022b0d14a05ef1a95782e7436e1f26a804596a2590677c40d
java.lang.invoke.MethodType.ptypes()java.lang.Class[] -1 codeSignature differs 90f01eeb46d88d53d0e4e48ef19445eb3bdf8101a00c7dc3f717a337df9fb41f != 3dca556ce0a4f9f9b2a7bcbcee2ecdeeb626fd493f0993079a0f91070abff97b
jdk.internal.classfile.impl.RawBytecodeHelper.bci()int -1 codeSignature differs fe46e3fea17c2bcac25676024acf43715946ed13832c36004058f315d01e6ed3 != f644854fb6e4ffc5fb86a7d696951b13023f6a472bb2253c81909dd20f94fad0
jdk.internal.classfile.impl.AbstractPoolEntry.constantPool()java.lang.classfile.constantpool.ConstantPool -1 codeSignature differs 5be282a10c496d4000571a6844c9c0bc109901813a12d3aea5364efad6a66c85 != 236f622407d0112ac18220ce2f7dd8fc95a4975bd21efedc593a420240b9e35f
java.lang.AbstractStringBuilder.getValue()byte[] -1 codeSignature differs 5be282a10c496d4000571a6844c9c0bc109901813a12d3aea5364efad6a66c85 != 236f622407d0112ac18220ce2f7dd8fc95a4975bd21efedc593a420240b9e35f
jdk.internal.constant.ClassOrInterfaceDescImpl.descriptorString()java.lang.String -1 codeSignature differs 14be906eafbcd0e98db8607fd01b12de837039bcd06c460d0cf8f6394c8cff6d != d74a3d991dcad2ff0132c63a48dc50da7170128a36ef27d42bfbafe23260746e
java.lang.String.value()byte[] -1 codeSignature differs 5be282a10c496d4000571a6844c9c0bc109901813a12d3aea5364efad6a66c85 != 236f622407d0112ac18220ce2f7dd8fc95a4975bd21efedc593a420240b9e35f
jdk.internal.classfile.impl.BufWriterImpl.size()int -1 codeSignature differs fe46e3fea17c2bcac25676024acf43715946ed13832c36004058f315d01e6ed3 != f644854fb6e4ffc5fb86a7d696951b13023f6a472bb2253c81909dd20f94fad0
Could not locate BlockSlowdown.json
Skipping Loading (this might cause a fatal crash if GTSlowdown is on)
java.lang.StringLatin1.equals(byte[], byte[])boolean -1 codeSignature differs 2cfeb7ca81e519d27a2f4886127bbb28eb00282f6a344501abe1cdc2705cba4e != ce6957fde94989d8dfb9f657cd698acb12bd0f01e407ce68915647520f63bd02
java.lang.StringLatin1.equals(byte[], byte[])boolean -1 graphSignature differs f47d0b1647dabd6f0108a1c873e12c6a64939992dcc9e97f79a9e6e1f1af8649 != cda1bda6b067c21da86f5c9b00220a168b94ff95811df6ee0a57435eb4ec0473
jdk.internal.classfile.impl.AbstractDirectBuilder.constantPool()jdk.internal.classfile.impl.SplitConstantPool -1 codeSignature differs 14be906eafbcd0e98db8607fd01b12de837039bcd06c460d0cf8f6394c8cff6d != d74a3d991dcad2ff0132c63a48dc50da7170128a36ef27d42bfbafe23260746e
java.lang.StringLatin1.inflate(byte[], int, char[], int, int)void -1 codeSignature differs d12363b0fa944c3141709d1d15ff92c10bb825ce967b2050b65342abfb7722e9 != 7229d185807c5eb1f821125a028c07df1ddeaa104c27495e511e6ad0d767c33a
java.lang.StringLatin1.inflate(byte[], int, char[], int, int)void -1 graphSignature differs 17e6f3ed6596e5d6840a8a77065c9470c41838c2630b4535538ec163efd33e69 != e838eb1809aadd841c1ff5fe2e7a1043b73670d291c51dcf64d0aae8eaa2b7e0
java.lang.String.coder()byte -1 codeSignature differs f3a73f0f7ffcffdf8962f6b17b32b9d22dceb70a6321ad4e83f092ac924fb640 != 82f5235e2dbc41130ab9f332d81a84c727950ed13b523486e1cf57bd2f9bda2c
java.util.HashMap.hash(java.lang.Object)int -1 codeSignature differs 8a3ede10e90f9b93a7124bf727ee03669b27a405148fd128d30671df7fb2cb3d != a40c0da9c58b94722830e0211cf797d291ba438336e34db47f404a4aa53a3311
java.util.HashMap.hash(java.lang.Object)int -1 graphSignature differs db0136eaa91db496335d5e538fb30ba9c04d5df6bde603968e5e8e8a15af0e17 != a84a14d9866f5db84bda5d979ff9a6d49d572c1e799301fb27e23863599a9b6a
jdk.internal.util.WeakReferenceKey.hashCode()int -1 codeSignature differs 55d12884885f16e44e8204f924f64617688caf405b709d32e1e72896f6c27c3d != 602769ad44793bd98e92b9e62f8542f52d5162d04d5d1c146bc1a1f5f4eab2b1
java.lang.invoke.MethodTypeForm.erasedType()java.lang.invoke.MethodType -1 codeSignature differs 90f01eeb46d88d53d0e4e48ef19445eb3bdf8101a00c7dc3f717a337df9fb41f != 3dca556ce0a4f9f9b2a7bcbcee2ecdeeb626fd493f0993079a0f91070abff97b
java.nio.Buffer.limit()int -1 codeSignature differs 55d12884885f16e44e8204f924f64617688caf405b709d32e1e72896f6c27c3d != 602769ad44793bd98e92b9e62f8542f52d5162d04d5d1c146bc1a1f5f4eab2b1
jdk.internal.constant.ClassOrInterfaceDescImpl.isClassOrInterface()boolean -1 codeSignature differs 6e3a14458a0fca90e6a63285514a933585cea592cb622e79b33ddc5df6e0fb66 != f86c5820929a34f03b9429610f522a6efd833767bf69832ae22131f6e690fc71
java.util.ArrayList.size()int -1 codeSignature differs fe46e3fea17c2bcac25676024acf43715946ed13832c36004058f315d01e6ed3 != f644854fb6e4ffc5fb86a7d696951b13023f6a472bb2253c81909dd20f94fad0
jdk.internal.classfile.impl.AbstractPoolEntry$ClassEntryImpl.tag()int -1 codeSignature differs 5404769be9f3dbc3cb72c5db1a8ad8dd44853cedba352c69c6db32de21c4dbb9 != 9e72aee727452f3bd7e5755029309d18662e78c7d8f6a3fef1fa786c235c1353
java.lang.String.length()int -1 codeSignature differs 5f2a9f3bb1f4f800ea4f2ad278553dedcfc789fe27a155b26df986828b30ede3 != 65d375b72c5817a4f8af1bcdf77dbdcb452e4f9ceb60cd42724b10772bcfdc62
jdk.internal.classfile.impl.AbstractPoolEntry.hashCode()int -1 codeSignature differs fe46e3fea17c2bcac25676024acf43715946ed13832c36004058f315d01e6ed3 != f644854fb6e4ffc5fb86a7d696951b13023f6a472bb2253c81909dd20f94fad0
jdk.internal.constant.PrimitiveClassDescImpl.descriptorString()java.lang.String -1 codeSignature differs 7722674ec43cccc19227bd0fe31433696da3716816c65b03f1730e1c0254917a != 2859d17d681828116974698ed904c3f2d6f285799222904b89fcd6ff7a2f986f
java.lang.String.equals(java.lang.Object)boolean -1 codeSignature differs bfac87225bafdc58673e804c03dd822bf37abdab95c86ed18af1cb75d90e2a8b != 119dc6e6665ec6b4c44f1e420beb3682c6794e4c2205f6f17310bd0f4f948907
java.lang.String.equals(java.lang.Object)boolean -1 graphSignature differs 3db2bd1e1e18c2bda01c5f5968b4897c6a680343cb60349dd960833af8c8b667 != 2d841e5f6ff33687ba2a8e89c73735b82c892266d476f740b43f9fc2b4d21873
Requesting uncached profile for bci 74 in java.util.HashMap.putVal(int, java.lang.Object, java.lang.Object, boolean, boolean)java.lang.Object method getBytecodeProfile
Requesting uncached profile for bci 74 in java.util.HashMap.putVal(int, java.lang.Object, java.lang.Object, boolean, boolean)java.lang.Object method getExceptionSeen
Requesting uncached profile for bci 81 in java.util.HashMap.putVal(int, java.lang.Object, java.lang.Object, boolean, boolean)java.lang.Object method getBytecodeProfile
Requesting uncached profile for bci 81 in java.util.HashMap.putVal(int, java.lang.Object, java.lang.Object, boolean, boolean)java.lang.Object method getBranchTakenProbability
Requesting uncached profile for bci 85 in java.util.HashMap.putVal(int, java.lang.Object, java.lang.Object, boolean, boolean)java.lang.Object method getBytecodeProfile
Requesting uncached profile for bci 85 in java.util.HashMap.putVal(int, java.lang.Object, java.lang.Object, boolean, boolean)java.lang.Object method getBranchTakenProbability
Requesting uncached profile for bci 91 in java.util.HashMap.putVal(int, java.lang.Object, java.lang.Object, boolean, boolean)java.lang.Object method getBytecodeProfile
Requesting uncached profile for bci 91 in java.util.HashMap.putVal(int, java.lang.Object, java.lang.Object, boolean, boolean)java.lang.Object method getExceptionSeen
Requesting uncached profile for bci 91 in java.util.HashMap.putVal(int, java.lang.Object, java.lang.Object, boolean, boolean)java.lang.Object method getTypeProfile
Requesting uncached profile for bci 94 in java.util.HashMap.putVal(int, java.lang.Object, java.lang.Object, boolean, boolean)java.lang.Object method getBytecodeProfile
Requesting uncached profile for bci 94 in java.util.HashMap.putVal(int, java.lang.Object, java.lang.Object, boolean, boolean)java.lang.Object method getBranchTakenProbability
Requesting not cached profile for java.lang.String.equals(java.lang.Object)boolean
java.util.HashMap.putVal(int, java.lang.Object, java.lang.Object, boolean, boolean)java.lang.Object -1 codeSignature differs ec80a92cc3bf260f91de221af1bb9ad2a495896fcbd890137aa88d5e28bad782 != 036426704b068240549aaf5016a3e0f4c67d043bcb03972e52048625aff48fa6
java.util.HashMap.putVal(int, java.lang.Object, java.lang.Object, boolean, boolean)java.lang.Object -1 graphSignature differs dc3a20acc1dfc44cd5f4e5d898e53d40b5849a5448bf7609cafceee3c48ce1a6 != 5a74e12f320f5360d51b0bb3946f087ce2dce5afa144b15d312a3acc1621c4cf
Requesting uncached profile for bci 74 in java.util.HashMap.putVal(int, java.lang.Object, java.lang.Object, boolean, boolean)java.lang.Object method getBytecodeProfile
Requesting uncached profile for bci 74 in java.util.HashMap.putVal(int, java.lang.Object, java.lang.Object, boolean, boolean)java.lang.Object method getExceptionSeen
Requesting uncached profile for bci 81 in java.util.HashMap.putVal(int, java.lang.Object, java.lang.Object, boolean, boolean)java.lang.Object method getBytecodeProfile
Requesting uncached profile for bci 81 in java.util.HashMap.putVal(int, java.lang.Object, java.lang.Object, boolean, boolean)java.lang.Object method getBranchTakenProbability
Requesting uncached profile for bci 85 in java.util.HashMap.putVal(int, java.lang.Object, java.lang.Object, boolean, boolean)java.lang.Object method getBytecodeProfile
Requesting uncached profile for bci 85 in java.util.HashMap.putVal(int, java.lang.Object, java.lang.Object, boolean, boolean)java.lang.Object method getBranchTakenProbability
Requesting uncached profile for bci 91 in java.util.HashMap.putVal(int, java.lang.Object, java.lang.Object, boolean, boolean)java.lang.Object method getBytecodeProfile
Requesting uncached profile for bci 91 in java.util.HashMap.putVal(int, java.lang.Object, java.lang.Object, boolean, boolean)java.lang.Object method getExceptionSeen
Requesting uncached profile for bci 91 in java.util.HashMap.putVal(int, java.lang.Object, java.lang.Object, boolean, boolean)java.lang.Object method getTypeProfile
Requesting uncached profile for bci 94 in java.util.HashMap.putVal(int, java.lang.Object, java.lang.Object, boolean, boolean)java.lang.Object method getBytecodeProfile
Requesting uncached profile for bci 94 in java.util.HashMap.putVal(int, java.lang.Object, java.lang.Object, boolean, boolean)java.lang.Object method getBranchTakenProbability
Requesting not cached profile for java.lang.String.equals(java.lang.Object)boolean
java.util.HashMap.putVal(int, java.lang.Object, java.lang.Object, boolean, boolean)java.lang.Object -1 codeSignature differs c01347178749785cd0335e85010937c6dfe264965f3d6a3c307bc65568d22935 != 036426704b068240549aaf5016a3e0f4c67d043bcb03972e52048625aff48fa6
java.util.HashMap.putVal(int, java.lang.Object, java.lang.Object, boolean, boolean)java.lang.Object -1 graphSignature differs 264e009eb668fb9cafcbc99d32d2d1f706b76c96a87e6bdc5398e689ba77c6d8 != 5a74e12f320f5360d51b0bb3946f087ce2dce5afa144b15d312a3acc1621c4cf
Requesting uncached profile for bci 74 in java.util.HashMap.putVal(int, java.lang.Object, java.lang.Object, boolean, boolean)java.lang.Object method getBytecodeProfile
Requesting uncached profile for bci 74 in java.util.HashMap.putVal(int, java.lang.Object, java.lang.Object, boolean, boolean)java.lang.Object method getExceptionSeen
Requesting uncached profile for bci 81 in java.util.HashMap.putVal(int, java.lang.Object, java.lang.Object, boolean, boolean)java.lang.Object method getBytecodeProfile
Requesting uncached profile for bci 81 in java.util.HashMap.putVal(int, java.lang.Object, java.lang.Object, boolean, boolean)java.lang.Object method getBranchTakenProbability
Requesting uncached profile for bci 85 in java.util.HashMap.putVal(int, java.lang.Object, java.lang.Object, boolean, boolean)java.lang.Object method getBytecodeProfile
Requesting uncached profile for bci 85 in java.util.HashMap.putVal(int, java.lang.Object, java.lang.Object, boolean, boolean)java.lang.Object method getBranchTakenProbability
Requesting uncached profile for bci 91 in java.util.HashMap.putVal(int, java.lang.Object, java.lang.Object, boolean, boolean)java.lang.Object method getBytecodeProfile
Requesting uncached profile for bci 91 in java.util.HashMap.putVal(int, java.lang.Object, java.lang.Object, boolean, boolean)java.lang.Object method getExceptionSeen
Requesting uncached profile for bci 91 in java.util.HashMap.putVal(int, java.lang.Object, java.lang.Object, boolean, boolean)java.lang.Object method getTypeProfile
Requesting uncached profile for bci 94 in java.util.HashMap.putVal(int, java.lang.Object, java.lang.Object, boolean, boolean)java.lang.Object method getBytecodeProfile
Requesting uncached profile for bci 94 in java.util.HashMap.putVal(int, java.lang.Object, java.lang.Object, boolean, boolean)java.lang.Object method getBranchTakenProbability
Requesting not cached profile for java.lang.String.equals(java.lang.Object)boolean
java.util.HashMap.putVal(int, java.lang.Object, java.lang.Object, boolean, boolean)java.lang.Object -1 codeSignature differs 96b816162a289b0b38bb49afcd908681e69ef30e6c4434064aad1000804a6244 != 036426704b068240549aaf5016a3e0f4c67d043bcb03972e52048625aff48fa6
java.util.HashMap.putVal(int, java.lang.Object, java.lang.Object, boolean, boolean)java.lang.Object -1 graphSignature differs a17d5d0e9a3a78c39ee3b323b0077ba3554187a0a6d328f0d568d0b2bbd660fb != 5a74e12f320f5360d51b0bb3946f087ce2dce5afa144b15d312a3acc1621c4cf
Requesting uncached profile for bci 74 in java.util.HashMap.putVal(int, java.lang.Object, java.lang.Object, boolean, boolean)java.lang.Object method getBytecodeProfile
Requesting uncached profile for bci 74 in java.util.HashMap.putVal(int, java.lang.Object, java.lang.Object, boolean, boolean)java.lang.Object method getExceptionSeen
Requesting uncached profile for bci 81 in java.util.HashMap.putVal(int, java.lang.Object, java.lang.Object, boolean, boolean)java.lang.Object method getBytecodeProfile
Requesting uncached profile for bci 81 in java.util.HashMap.putVal(int, java.lang.Object, java.lang.Object, boolean, boolean)java.lang.Object method getBranchTakenProbability
Requesting uncached profile for bci 85 in java.util.HashMap.putVal(int, java.lang.Object, java.lang.Object, boolean, boolean)java.lang.Object method getBytecodeProfile
Requesting uncached profile for bci 85 in java.util.HashMap.putVal(int, java.lang.Object, java.lang.Object, boolean, boolean)java.lang.Object method getBranchTakenProbability
Requesting uncached profile for bci 91 in java.util.HashMap.putVal(int, java.lang.Object, java.lang.Object, boolean, boolean)java.lang.Object method getBytecodeProfile
Requesting uncached profile for bci 91 in java.util.HashMap.putVal(int, java.lang.Object, java.lang.Object, boolean, boolean)java.lang.Object method getExceptionSeen
Requesting uncached profile for bci 91 in java.util.HashMap.putVal(int, java.lang.Object, java.lang.Object, boolean, boolean)java.lang.Object method getTypeProfile
Requesting uncached profile for bci 94 in java.util.HashMap.putVal(int, java.lang.Object, java.lang.Object, boolean, boolean)java.lang.Object method getBytecodeProfile
Requesting uncached profile for bci 94 in java.util.HashMap.putVal(int, java.lang.Object, java.lang.Object, boolean, boolean)java.lang.Object method getBranchTakenProbability
Requesting uncached profile for bci 229 in java.util.HashMap.putVal(int, java.lang.Object, java.lang.Object, boolean, boolean)java.lang.Object method getBytecodeProfile
Requesting uncached profile for bci 229 in java.util.HashMap.putVal(int, java.lang.Object, java.lang.Object, boolean, boolean)java.lang.Object method getExceptionSeen
Requesting uncached profile for bci 236 in java.util.HashMap.putVal(int, java.lang.Object, java.lang.Object, boolean, boolean)java.lang.Object method getBytecodeProfile
Requesting uncached profile for bci 236 in java.util.HashMap.putVal(int, java.lang.Object, java.lang.Object, boolean, boolean)java.lang.Object method getBranchTakenProbability
Requesting uncached profile for bci 247 in java.util.HashMap.putVal(int, java.lang.Object, java.lang.Object, boolean, boolean)java.lang.Object method getBytecodeProfile
Requesting uncached profile for bci 247 in java.util.HashMap.putVal(int, java.lang.Object, java.lang.Object, boolean, boolean)java.lang.Object method getExceptionSeen
Requesting uncached profile for bci 253 in java.util.HashMap.putVal(int, java.lang.Object, java.lang.Object, boolean, boolean)java.lang.Object method getBytecodeProfile
Requesting uncached profile for bci 253 in java.util.HashMap.putVal(int, java.lang.Object, java.lang.Object, boolean, boolean)java.lang.Object method getTypeProfile
Requesting uncached profile for bci 253 in java.util.HashMap.putVal(int, java.lang.Object, java.lang.Object, boolean, boolean)java.lang.Object method getExceptionSeen
Requesting not cached profile for java.lang.String.equals(java.lang.Object)boolean
Requesting not cached profile for java.util.HashMap.afterNodeAccess(java.util.HashMap$Node)void
Requesting not cached profile for java.util.LinkedHashMap.afterNodeAccess(java.util.HashMap$Node)void
Requesting uncached profile for bci 5 in java.util.LinkedHashMap.afterNodeAccess(java.util.HashMap$Node)void method getBytecodeProfile
Requesting uncached profile for bci 5 in java.util.LinkedHashMap.afterNodeAccess(java.util.HashMap$Node)void method getBranchTakenProbability
Requesting uncached profile for bci 12 in java.util.LinkedHashMap.afterNodeAccess(java.util.HashMap$Node)void method getBytecodeProfile
Requesting uncached profile for bci 12 in java.util.LinkedHashMap.afterNodeAccess(java.util.HashMap$Node)void method getBranchTakenProbability
Requesting uncached profile for bci 19 in java.util.LinkedHashMap.afterNodeAccess(java.util.HashMap$Node)void method getBytecodeProfile
Requesting uncached profile for bci 19 in java.util.LinkedHashMap.afterNodeAccess(java.util.HashMap$Node)void method getBranchTakenProbability
Requesting uncached profile for bci 29 in java.util.LinkedHashMap.afterNodeAccess(java.util.HashMap$Node)void method getBytecodeProfile
Requesting uncached profile for bci 29 in java.util.LinkedHashMap.afterNodeAccess(java.util.HashMap$Node)void method getBranchTakenProbability
Requesting uncached profile for bci 33 in java.util.LinkedHashMap.afterNodeAccess(java.util.HashMap$Node)void method getBytecodeProfile
Requesting uncached profile for bci 33 in java.util.LinkedHashMap.afterNodeAccess(java.util.HashMap$Node)void method getTypeProfile
Requesting uncached profile for bci 33 in java.util.LinkedHashMap.afterNodeAccess(java.util.HashMap$Node)void method getExceptionSeen
Requesting uncached profile for bci 40 in java.util.LinkedHashMap.afterNodeAccess(java.util.HashMap$Node)void method getBytecodeProfile
Requesting uncached profile for bci 40 in java.util.LinkedHashMap.afterNodeAccess(java.util.HashMap$Node)void method getExceptionSeen
Requesting uncached profile for bci 47 in java.util.LinkedHashMap.afterNodeAccess(java.util.HashMap$Node)void method getBytecodeProfile
Requesting uncached profile for bci 47 in java.util.LinkedHashMap.afterNodeAccess(java.util.HashMap$Node)void method getExceptionSeen
Requesting uncached profile for bci 55 in java.util.LinkedHashMap.afterNodeAccess(java.util.HashMap$Node)void method getBytecodeProfile
Requesting uncached profile for bci 55 in java.util.LinkedHashMap.afterNodeAccess(java.util.HashMap$Node)void method getExceptionSeen
Requesting uncached profile for bci 60 in java.util.LinkedHashMap.afterNodeAccess(java.util.HashMap$Node)void method getBytecodeProfile
Requesting uncached profile for bci 60 in java.util.LinkedHashMap.afterNodeAccess(java.util.HashMap$Node)void method getBranchTakenProbability
Requesting uncached profile for bci 76 in java.util.LinkedHashMap.afterNodeAccess(java.util.HashMap$Node)void method getBytecodeProfile
Requesting uncached profile for bci 76 in java.util.LinkedHashMap.afterNodeAccess(java.util.HashMap$Node)void method getExceptionSeen
Requesting uncached profile for bci 81 in java.util.LinkedHashMap.afterNodeAccess(java.util.HashMap$Node)void method getBytecodeProfile
Requesting uncached profile for bci 81 in java.util.LinkedHashMap.afterNodeAccess(java.util.HashMap$Node)void method getBranchTakenProbability
Requesting uncached profile for bci 88 in java.util.LinkedHashMap.afterNodeAccess(java.util.HashMap$Node)void method getBytecodeProfile
Requesting uncached profile for bci 88 in java.util.LinkedHashMap.afterNodeAccess(java.util.HashMap$Node)void method getExceptionSeen
Requesting uncached profile for bci 98 in java.util.LinkedHashMap.afterNodeAccess(java.util.HashMap$Node)void method getBytecodeProfile
Requesting uncached profile for bci 98 in java.util.LinkedHashMap.afterNodeAccess(java.util.HashMap$Node)void method getBranchTakenProbability
Requesting uncached profile for bci 113 in java.util.LinkedHashMap.afterNodeAccess(java.util.HashMap$Node)void method getBytecodeProfile
Requesting uncached profile for bci 113 in java.util.LinkedHashMap.afterNodeAccess(java.util.HashMap$Node)void method getExceptionSeen
Requesting uncached profile for bci 119 in java.util.LinkedHashMap.afterNodeAccess(java.util.HashMap$Node)void method getBytecodeProfile
Requesting uncached profile for bci 119 in java.util.LinkedHashMap.afterNodeAccess(java.util.HashMap$Node)void method getExceptionSeen
Requesting uncached profile for bci 146 in java.util.LinkedHashMap.afterNodeAccess(java.util.HashMap$Node)void method getBytecodeProfile
Requesting uncached profile for bci 146 in java.util.LinkedHashMap.afterNodeAccess(java.util.HashMap$Node)void method getBranchTakenProbability
Requesting uncached profile for bci 156 in java.util.LinkedHashMap.afterNodeAccess(java.util.HashMap$Node)void method getBytecodeProfile
Requesting uncached profile for bci 156 in java.util.LinkedHashMap.afterNodeAccess(java.util.HashMap$Node)void method getBranchTakenProbability
Requesting uncached profile for bci 160 in java.util.LinkedHashMap.afterNodeAccess(java.util.HashMap$Node)void method getBytecodeProfile
Requesting uncached profile for bci 160 in java.util.LinkedHashMap.afterNodeAccess(java.util.HashMap$Node)void method getTypeProfile
Requesting uncached profile for bci 160 in java.util.LinkedHashMap.afterNodeAccess(java.util.HashMap$Node)void method getExceptionSeen
Requesting uncached profile for bci 167 in java.util.LinkedHashMap.afterNodeAccess(java.util.HashMap$Node)void method getBytecodeProfile
Requesting uncached profile for bci 167 in java.util.LinkedHashMap.afterNodeAccess(java.util.HashMap$Node)void method getExceptionSeen
Requesting uncached profile for bci 174 in java.util.LinkedHashMap.afterNodeAccess(java.util.HashMap$Node)void method getBytecodeProfile
Requesting uncached profile for bci 174 in java.util.LinkedHashMap.afterNodeAccess(java.util.HashMap$Node)void method getExceptionSeen
Requesting uncached profile for bci 182 in java.util.LinkedHashMap.afterNodeAccess(java.util.HashMap$Node)void method getBytecodeProfile
Requesting uncached profile for bci 182 in java.util.LinkedHashMap.afterNodeAccess(java.util.HashMap$Node)void method getExceptionSeen
Requesting uncached profile for bci 187 in java.util.LinkedHashMap.afterNodeAccess(java.util.HashMap$Node)void method getBytecodeProfile
Requesting uncached profile for bci 187 in java.util.LinkedHashMap.afterNodeAccess(java.util.HashMap$Node)void method getBranchTakenProbability
Requesting uncached profile for bci 203 in java.util.LinkedHashMap.afterNodeAccess(java.util.HashMap$Node)void method getBytecodeProfile
Requesting uncached profile for bci 203 in java.util.LinkedHashMap.afterNodeAccess(java.util.HashMap$Node)void method getExceptionSeen
Requesting uncached profile for bci 208 in java.util.LinkedHashMap.afterNodeAccess(java.util.HashMap$Node)void method getBytecodeProfile
Requesting uncached profile for bci 208 in java.util.LinkedHashMap.afterNodeAccess(java.util.HashMap$Node)void method getBranchTakenProbability
Requesting uncached profile for bci 215 in java.util.LinkedHashMap.afterNodeAccess(java.util.HashMap$Node)void method getBytecodeProfile
Requesting uncached profile for bci 215 in java.util.LinkedHashMap.afterNodeAccess(java.util.HashMap$Node)void method getExceptionSeen
Requesting uncached profile for bci 225 in java.util.LinkedHashMap.afterNodeAccess(java.util.HashMap$Node)void method getBytecodeProfile
Requesting uncached profile for bci 225 in java.util.LinkedHashMap.afterNodeAccess(java.util.HashMap$Node)void method getBranchTakenProbability
Requesting uncached profile for bci 240 in java.util.LinkedHashMap.afterNodeAccess(java.util.HashMap$Node)void method getBytecodeProfile
Requesting uncached profile for bci 240 in java.util.LinkedHashMap.afterNodeAccess(java.util.HashMap$Node)void method getExceptionSeen
Requesting uncached profile for bci 246 in java.util.LinkedHashMap.afterNodeAccess(java.util.HashMap$Node)void method getBytecodeProfile
Requesting uncached profile for bci 246 in java.util.LinkedHashMap.afterNodeAccess(java.util.HashMap$Node)void method getExceptionSeen
java.util.HashMap.putVal(int, java.lang.Object, java.lang.Object, boolean, boolean)java.lang.Object -1 codeSignature differs 9bd0bc544a0071632c070c6fda3af503d4a3a6babc01c1b9e1f36b9b3a5b77e8 != 036426704b068240549aaf5016a3e0f4c67d043bcb03972e52048625aff48fa6
java.util.HashMap.putVal(int, java.lang.Object, java.lang.Object, boolean, boolean)java.lang.Object -1 graphSignature differs 11fc16f161fc54fcdee7b6509311779ce22fbe8bfc4b7048426980f73eb02c4e != 5a74e12f320f5360d51b0bb3946f087ce2dce5afa144b15d312a3acc1621c4cf
Requesting uncached profile for bci 74 in java.util.HashMap.putVal(int, java.lang.Object, java.lang.Object, boolean, boolean)java.lang.Object method getBytecodeProfile
Requesting uncached profile for bci 74 in java.util.HashMap.putVal(int, java.lang.Object, java.lang.Object, boolean, boolean)java.lang.Object method getExceptionSeen
Requesting uncached profile for bci 81 in java.util.HashMap.putVal(int, java.lang.Object, java.lang.Object, boolean, boolean)java.lang.Object method getBytecodeProfile
Requesting uncached profile for bci 81 in java.util.HashMap.putVal(int, java.lang.Object, java.lang.Object, boolean, boolean)java.lang.Object method getBranchTakenProbability
Requesting uncached profile for bci 85 in java.util.HashMap.putVal(int, java.lang.Object, java.lang.Object, boolean, boolean)java.lang.Object method getBytecodeProfile
Requesting uncached profile for bci 85 in java.util.HashMap.putVal(int, java.lang.Object, java.lang.Object, boolean, boolean)java.lang.Object method getBranchTakenProbability
Requesting uncached profile for bci 91 in java.util.HashMap.putVal(int, java.lang.Object, java.lang.Object, boolean, boolean)java.lang.Object method getBytecodeProfile
Requesting uncached profile for bci 91 in java.util.HashMap.putVal(int, java.lang.Object, java.lang.Object, boolean, boolean)java.lang.Object method getExceptionSeen
Requesting uncached profile for bci 91 in java.util.HashMap.putVal(int, java.lang.Object, java.lang.Object, boolean, boolean)java.lang.Object method getTypeProfile
Requesting uncached profile for bci 94 in java.util.HashMap.putVal(int, java.lang.Object, java.lang.Object, boolean, boolean)java.lang.Object method getBytecodeProfile
Requesting uncached profile for bci 94 in java.util.HashMap.putVal(int, java.lang.Object, java.lang.Object, boolean, boolean)java.lang.Object method getBranchTakenProbability
Requesting uncached profile for bci 186 in java.util.HashMap.putVal(int, java.lang.Object, java.lang.Object, boolean, boolean)java.lang.Object method getBytecodeProfile
Requesting uncached profile for bci 186 in java.util.HashMap.putVal(int, java.lang.Object, java.lang.Object, boolean, boolean)java.lang.Object method getExceptionSeen
Requesting uncached profile for bci 193 in java.util.HashMap.putVal(int, java.lang.Object, java.lang.Object, boolean, boolean)java.lang.Object method getBytecodeProfile
Requesting uncached profile for bci 193 in java.util.HashMap.putVal(int, java.lang.Object, java.lang.Object, boolean, boolean)java.lang.Object method getBranchTakenProbability
Requesting uncached profile for bci 197 in java.util.HashMap.putVal(int, java.lang.Object, java.lang.Object, boolean, boolean)java.lang.Object method getBytecodeProfile
Requesting uncached profile for bci 197 in java.util.HashMap.putVal(int, java.lang.Object, java.lang.Object, boolean, boolean)java.lang.Object method getBranchTakenProbability
Requesting uncached profile for bci 203 in java.util.HashMap.putVal(int, java.lang.Object, java.lang.Object, boolean, boolean)java.lang.Object method getBytecodeProfile
Requesting uncached profile for bci 203 in java.util.HashMap.putVal(int, java.lang.Object, java.lang.Object, boolean, boolean)java.lang.Object method getExceptionSeen
Requesting uncached profile for bci 203 in java.util.HashMap.putVal(int, java.lang.Object, java.lang.Object, boolean, boolean)java.lang.Object method getTypeProfile
Requesting uncached profile for bci 206 in java.util.HashMap.putVal(int, java.lang.Object, java.lang.Object, boolean, boolean)java.lang.Object method getBytecodeProfile
Requesting uncached profile for bci 206 in java.util.HashMap.putVal(int, java.lang.Object, java.lang.Object, boolean, boolean)java.lang.Object method getBranchTakenProbability
Requesting uncached profile for bci 229 in java.util.HashMap.putVal(int, java.lang.Object, java.lang.Object, boolean, boolean)java.lang.Object method getBytecodeProfile
Requesting uncached profile for bci 229 in java.util.HashMap.putVal(int, java.lang.Object, java.lang.Object, boolean, boolean)java.lang.Object method getExceptionSeen
Requesting uncached profile for bci 236 in java.util.HashMap.putVal(int, java.lang.Object, java.lang.Object, boolean, boolean)java.lang.Object method getBytecodeProfile
Requesting uncached profile for bci 236 in java.util.HashMap.putVal(int, java.lang.Object, java.lang.Object, boolean, boolean)java.lang.Object method getBranchTakenProbability
Requesting uncached profile for bci 247 in java.util.HashMap.putVal(int, java.lang.Object, java.lang.Object, boolean, boolean)java.lang.Object method getBytecodeProfile
Requesting uncached profile for bci 247 in java.util.HashMap.putVal(int, java.lang.Object, java.lang.Object, boolean, boolean)java.lang.Object method getExceptionSeen
Requesting uncached profile for bci 253 in java.util.HashMap.putVal(int, java.lang.Object, java.lang.Object, boolean, boolean)java.lang.Object method getBytecodeProfile
Requesting uncached profile for bci 253 in java.util.HashMap.putVal(int, java.lang.Object, java.lang.Object, boolean, boolean)java.lang.Object method getTypeProfile
Requesting uncached profile for bci 253 in java.util.HashMap.putVal(int, java.lang.Object, java.lang.Object, boolean, boolean)java.lang.Object method getExceptionSeen
Requesting not cached profile for java.lang.String.equals(java.lang.Object)boolean
Requesting not cached profile for java.util.HashMap.afterNodeAccess(java.util.HashMap$Node)void
Requesting not cached profile for java.util.LinkedHashMap.afterNodeAccess(java.util.HashMap$Node)void
Requesting uncached profile for bci 5 in java.util.LinkedHashMap.afterNodeAccess(java.util.HashMap$Node)void method getBytecodeProfile
Requesting uncached profile for bci 5 in java.util.LinkedHashMap.afterNodeAccess(java.util.HashMap$Node)void method getBranchTakenProbability
Requesting uncached profile for bci 12 in java.util.LinkedHashMap.afterNodeAccess(java.util.HashMap$Node)void method getBytecodeProfile
Requesting uncached profile for bci 12 in java.util.LinkedHashMap.afterNodeAccess(java.util.HashMap$Node)void method getBranchTakenProbability
Requesting uncached profile for bci 19 in java.util.LinkedHashMap.afterNodeAccess(java.util.HashMap$Node)void method getBytecodeProfile
Requesting uncached profile for bci 19 in java.util.LinkedHashMap.afterNodeAccess(java.util.HashMap$Node)void method getBranchTakenProbability
Requesting uncached profile for bci 29 in java.util.LinkedHashMap.afterNodeAccess(java.util.HashMap$Node)void method getBytecodeProfile
Requesting uncached profile for bci 29 in java.util.LinkedHashMap.afterNodeAccess(java.util.HashMap$Node)void method getBranchTakenProbability
Requesting uncached profile for bci 33 in java.util.LinkedHashMap.afterNodeAccess(java.util.HashMap$Node)void method getBytecodeProfile
Requesting uncached profile for bci 33 in java.util.LinkedHashMap.afterNodeAccess(java.util.HashMap$Node)void method getTypeProfile
Requesting uncached profile for bci 33 in java.util.LinkedHashMap.afterNodeAccess(java.util.HashMap$Node)void method getExceptionSeen
Requesting uncached profile for bci 40 in java.util.LinkedHashMap.afterNodeAccess(java.util.HashMap$Node)void method getBytecodeProfile
Requesting uncached profile for bci 40 in java.util.LinkedHashMap.afterNodeAccess(java.util.HashMap$Node)void method getExceptionSeen
Requesting uncached profile for bci 47 in java.util.LinkedHashMap.afterNodeAccess(java.util.HashMap$Node)void method getBytecodeProfile
Requesting uncached profile for bci 47 in java.util.LinkedHashMap.afterNodeAccess(java.util.HashMap$Node)void method getExceptionSeen
Requesting uncached profile for bci 55 in java.util.LinkedHashMap.afterNodeAccess(java.util.HashMap$Node)void method getBytecodeProfile
Requesting uncached profile for bci 55 in java.util.LinkedHashMap.afterNodeAccess(java.util.HashMap$Node)void method getExceptionSeen
Requesting uncached profile for bci 60 in java.util.LinkedHashMap.afterNodeAccess(java.util.HashMap$Node)void method getBytecodeProfile
Requesting uncached profile for bci 60 in java.util.LinkedHashMap.afterNodeAccess(java.util.HashMap$Node)void method getBranchTakenProbability
Requesting uncached profile for bci 76 in java.util.LinkedHashMap.afterNodeAccess(java.util.HashMap$Node)void method getBytecodeProfile
Requesting uncached profile for bci 76 in java.util.LinkedHashMap.afterNodeAccess(java.util.HashMap$Node)void method getExceptionSeen
Requesting uncached profile for bci 81 in java.util.LinkedHashMap.afterNodeAccess(java.util.HashMap$Node)void method getBytecodeProfile
Requesting uncached profile for bci 81 in java.util.LinkedHashMap.afterNodeAccess(java.util.HashMap$Node)void method getBranchTakenProbability
Requesting uncached profile for bci 88 in java.util.LinkedHashMap.afterNodeAccess(java.util.HashMap$Node)void method getBytecodeProfile
Requesting uncached profile for bci 88 in java.util.LinkedHashMap.afterNodeAccess(java.util.HashMap$Node)void method getExceptionSeen
Requesting uncached profile for bci 98 in java.util.LinkedHashMap.afterNodeAccess(java.util.HashMap$Node)void method getBytecodeProfile
Requesting uncached profile for bci 98 in java.util.LinkedHashMap.afterNodeAccess(java.util.HashMap$Node)void method getBranchTakenProbability
Requesting uncached profile for bci 113 in java.util.LinkedHashMap.afterNodeAccess(java.util.HashMap$Node)void method getBytecodeProfile
Requesting uncached profile for bci 113 in java.util.LinkedHashMap.afterNodeAccess(java.util.HashMap$Node)void method getExceptionSeen
Requesting uncached profile for bci 119 in java.util.LinkedHashMap.afterNodeAccess(java.util.HashMap$Node)void method getBytecodeProfile
Requesting uncached profile for bci 119 in java.util.LinkedHashMap.afterNodeAccess(java.util.HashMap$Node)void method getExceptionSeen
Requesting uncached profile for bci 146 in java.util.LinkedHashMap.afterNodeAccess(java.util.HashMap$Node)void method getBytecodeProfile
Requesting uncached profile for bci 146 in java.util.LinkedHashMap.afterNodeAccess(java.util.HashMap$Node)void method getBranchTakenProbability
Requesting uncached profile for bci 156 in java.util.LinkedHashMap.afterNodeAccess(java.util.HashMap$Node)void method getBytecodeProfile
Requesting uncached profile for bci 156 in java.util.LinkedHashMap.afterNodeAccess(java.util.HashMap$Node)void method getBranchTakenProbability
Requesting uncached profile for bci 160 in java.util.LinkedHashMap.afterNodeAccess(java.util.HashMap$Node)void method getBytecodeProfile
Requesting uncached profile for bci 160 in java.util.LinkedHashMap.afterNodeAccess(java.util.HashMap$Node)void method getTypeProfile
Requesting uncached profile for bci 160 in java.util.LinkedHashMap.afterNodeAccess(java.util.HashMap$Node)void method getExceptionSeen
Requesting uncached profile for bci 167 in java.util.LinkedHashMap.afterNodeAccess(java.util.HashMap$Node)void method getBytecodeProfile
Requesting uncached profile for bci 167 in java.util.LinkedHashMap.afterNodeAccess(java.util.HashMap$Node)void method getExceptionSeen
Requesting uncached profile for bci 174 in java.util.LinkedHashMap.afterNodeAccess(java.util.HashMap$Node)void method getBytecodeProfile
Requesting uncached profile for bci 174 in java.util.LinkedHashMap.afterNodeAccess(java.util.HashMap$Node)void method getExceptionSeen
Requesting uncached profile for bci 182 in java.util.LinkedHashMap.afterNodeAccess(java.util.HashMap$Node)void method getBytecodeProfile
Requesting uncached profile for bci 182 in java.util.LinkedHashMap.afterNodeAccess(java.util.HashMap$Node)void method getExceptionSeen
Requesting uncached profile for bci 187 in java.util.LinkedHashMap.afterNodeAccess(java.util.HashMap$Node)void method getBytecodeProfile
Requesting uncached profile for bci 187 in java.util.LinkedHashMap.afterNodeAccess(java.util.HashMap$Node)void method getBranchTakenProbability
Requesting uncached profile for bci 203 in java.util.LinkedHashMap.afterNodeAccess(java.util.HashMap$Node)void method getBytecodeProfile
Requesting uncached profile for bci 203 in java.util.LinkedHashMap.afterNodeAccess(java.util.HashMap$Node)void method getExceptionSeen
Requesting uncached profile for bci 208 in java.util.LinkedHashMap.afterNodeAccess(java.util.HashMap$Node)void method getBytecodeProfile
Requesting uncached profile for bci 208 in java.util.LinkedHashMap.afterNodeAccess(java.util.HashMap$Node)void method getBranchTakenProbability
Requesting uncached profile for bci 215 in java.util.LinkedHashMap.afterNodeAccess(java.util.HashMap$Node)void method getBytecodeProfile
Requesting uncached profile for bci 215 in java.util.LinkedHashMap.afterNodeAccess(java.util.HashMap$Node)void method getExceptionSeen
Requesting uncached profile for bci 225 in java.util.LinkedHashMap.afterNodeAccess(java.util.HashMap$Node)void method getBytecodeProfile
Requesting uncached profile for bci 225 in java.util.LinkedHashMap.afterNodeAccess(java.util.HashMap$Node)void method getBranchTakenProbability
Requesting uncached profile for bci 240 in java.util.LinkedHashMap.afterNodeAccess(java.util.HashMap$Node)void method getBytecodeProfile
Requesting uncached profile for bci 240 in java.util.LinkedHashMap.afterNodeAccess(java.util.HashMap$Node)void method getExceptionSeen
Requesting uncached profile for bci 246 in java.util.LinkedHashMap.afterNodeAccess(java.util.HashMap$Node)void method getBytecodeProfile
Requesting uncached profile for bci 246 in java.util.LinkedHashMap.afterNodeAccess(java.util.HashMap$Node)void method getExceptionSeen
java.util.HashMap.putVal(int, java.lang.Object, java.lang.Object, boolean, boolean)java.lang.Object -1 codeSignature differs dbf2919c7671581a5fa84aa926d455f6ae0e628182e793243ce54c93b39595ac != 036426704b068240549aaf5016a3e0f4c67d043bcb03972e52048625aff48fa6
java.util.HashMap.putVal(int, java.lang.Object, java.lang.Object, boolean, boolean)java.lang.Object -1 graphSignature differs b9265437d03d4a42e9fece1dff9f23cda41a67ab2095bea3996b55ba88085de1 != 5a74e12f320f5360d51b0bb3946f087ce2dce5afa144b15d312a3acc1621c4cf
java.lang.Integer.intValue()int -1 codeSignature differs d4ce072063a0e5d7b77fa03ca89aafb8f3e3ecf13c518dc1905e344d1e62c58a != 6379912ece14b3e5c494001bcdbf513550438500c9fe64692666ea4804585a5b
[1.635s][info][jfr,startup] Started recording 1. No limit specified, using maxsize=250MB as default.
[1.635s][info][jfr,startup] 
[1.635s][info][jfr,startup] Use jcmd 288971 JFR.dump name=Sieve_noSlow_JFR to copy recording data to file.
Requesting not cached profile for java.lang.StringBuilder.length()int
Requesting not cached profile for java.lang.StringBuilder.length()int
java.lang.StringBuilder.length()int -1 codeSignature differs d4ce072063a0e5d7b77fa03ca89aafb8f3e3ecf13c518dc1905e344d1e62c58a != 6379912ece14b3e5c494001bcdbf513550438500c9fe64692666ea4804585a5b
java.nio.Buffer.position()int -1 codeSignature differs 3f64cd4fafea8a3cef87601314961681d43f2aa75c3a358c1b0ce8d9a1c4731a != f5a100836d3b6c24d5617122379fdd07d38ba4b008ea9ae91e48aa3956773271
Starting Sieve benchmark ...
Sieve.sieve(boolean[], int)int -1 codeSignature differs cc9398fee3b2f9669ed316faa739ce803f3408473b6c0486750adb198faf6e82 != e7884d432214502aa98ea7f288d5f3f0f73fed6588372b9c67b8b9fae679c0bf
Sieve.sieve(boolean[], int)int -1 graphSignature differs 7e80be8bbcc8a8a6f17a8d0826d356ddfb5cd73960fb46deca61c5687b5abb64 != 6029b634320fdd81ec6cbb2a6caea4c407b4bdb34400037c446a7fbf01308e6b
java.util.Arrays.fill(boolean[], boolean)void -1 codeSignature differs 7173c943bc2a7d6ff69f819817d583706333931425cac17eea2022a7dbf91cfe != 4b34df0777d342b924463286277831803728b2de1aaf423ac53ef59f431fd355
java.util.Arrays.fill(boolean[], boolean)void -1 graphSignature differs 34c65a99dad784f8475d0a0590f31f7beeccd5751317745069f001ca1031865a != a28f18271125eb94137ad7c1a3e2e4244ab9031c2d30046bd52be26f376558b0
Sieve.benchmark()java.lang.Object -1 codeSignature differs 8d7e708c0a3b8e1c994fdafe0516426d93c08364f95316898297a778fb5e3bae != 569fb231032d8f3aa237938305a67f02f004726db7bdfb50ff2015c5545aeb62
Sieve.benchmark()java.lang.Object -1 graphSignature differs 2af187699012e02080174113549163ae2fddf9373304b8b653759e970c3df0f7 != 32232ce9e7eafe14d16fcf0dfe7ead77c3067a89b585332a1d1d809d8fbceb30
Sieve.verifyResult(java.lang.Object)boolean -1 codeSignature differs ef254c60cf1705fedd774886a95dcece7dbe440c01521646edf94303ef2d3afd != 1322a3549afc1601547fff9374afa481ca2f3c062b6a02b5d7d176537a4311d6
Sieve: iterations=1 runtime: 204863us
Sieve: iterations=2 runtime: 180080us
Benchmark.innerBenchmarkLoop(int)boolean -1 codeSignature differs 852643709919f89689420a4d352b92bb5f1fa15f0536cb881618ed0dfdd57a39 != ae1fe004ac66cc210e605508e3690cbc1f9de1d57ba433d9bcadeb936bc0a36b
Benchmark.innerBenchmarkLoop(int)boolean -1 graphSignature differs 6f88abe42320b21e82d5b69e59d9cc23048b2436cdcb2afc38b324a1f78d1f16 != 9e04699f9293fc9b63c57138e02cc685adffec6db96bf023308ca622870a9133
Sieve: iterations=3 runtime: 210922us
Sieve: iterations=4 runtime: 185222us
Sieve: iterations=5 runtime: 184847us
Sieve: iterations=6 runtime: 188893us
Sieve: iterations=7 runtime: 184057us
Sieve: iterations=8 runtime: 185225us
Sieve: iterations=9 runtime: 186940us
Sieve: iterations=10 runtime: 184460us
Sieve: iterations=11 runtime: 184369us
Sieve: iterations=12 runtime: 186162us
Sieve: iterations=13 runtime: 184362us
Could not locate BlockSlowdown.json
Skipping Loading (this might cause a fatal crash if GTSlowdown is on)
Sieve: iterations=14 runtime: 183982us
Sieve: iterations=15 runtime: 186697us
Sieve: iterations=16 runtime: 184223us
Sieve: iterations=17 runtime: 184164us
Sieve: iterations=18 runtime: 186436us
Sieve: iterations=19 runtime: 184225us
Sieve: iterations=20 runtime: 184759us
Sieve: iterations=21 runtime: 186454us
Sieve: iterations=22 runtime: 184080us
Sieve: iterations=23 runtime: 184039us
Sieve: iterations=24 runtime: 186373us
Sieve: iterations=25 runtime: 184389us
Sieve: iterations=26 runtime: 184245us
Sieve: iterations=27 runtime: 186439us
Sieve: iterations=28 runtime: 184440us
Sieve: iterations=29 runtime: 184384us
Sieve: iterations=30 runtime: 186402us
Could not locate BlockSlowdown.json
Skipping Loading (this might cause a fatal crash if GTSlowdown is on)
java.nio.Buffer.capacity()int -1 codeSignature differs 138bc711c3bed648b8548df225303894eec321dce856bde9fbb2267d74239e89 != b84da6c168a864b24de57055760067fff8c97c57c508d6b8c6ea52df12fe61fe
Sieve: iterations=31 runtime: 184967us
Sieve: iterations=32 runtime: 183954us
Sieve: iterations=33 runtime: 186492us
Sieve: iterations=34 runtime: 184323us
Sieve: iterations=35 runtime: 184748us
Sieve: iterations=36 runtime: 186403us
Sieve: iterations=37 runtime: 184466us
Sieve: iterations=38 runtime: 184094us
Sieve: iterations=39 runtime: 186263us
Sieve: iterations=40 runtime: 184263us
Sieve: iterations=41 runtime: 184183us
Sieve: iterations=42 runtime: 186866us
Sieve: iterations=43 runtime: 184551us
Sieve: iterations=44 runtime: 184307us
Sieve: iterations=45 runtime: 187684us
Sieve: iterations=46 runtime: 184629us
Sieve: iterations=47 runtime: 184670us
Sieve: iterations=48 runtime: 185041us
Sieve: iterations=49 runtime: 184219us
Sieve: iterations=50 runtime: 184588us
Sieve: iterations=51 runtime: 185384us
Sieve: iterations=52 runtime: 184384us
Sieve: iterations=53 runtime: 184483us
Sieve: iterations=54 runtime: 184873us
Sieve: iterations=55 runtime: 184141us
Sieve: iterations=56 runtime: 184341us
Could not locate BlockSlowdown.json
Skipping Loading (this might cause a fatal crash if GTSlowdown is on)
Sieve: iterations=57 runtime: 185180us
Sieve: iterations=58 runtime: 184429us
Sieve: iterations=59 runtime: 184334us
Sieve: iterations=60 runtime: 185446us
Sieve: iterations=61 runtime: 184277us
Sieve: iterations=62 runtime: 185019us
Sieve: iterations=63 runtime: 185429us
Sieve: iterations=64 runtime: 184544us
Sieve: iterations=65 runtime: 184270us
Sieve: iterations=66 runtime: 185022us
Sieve: iterations=67 runtime: 184998us
Sieve: iterations=68 runtime: 184441us
Sieve: iterations=69 runtime: 185461us
Sieve: iterations=70 runtime: 184345us
Sieve: iterations=71 runtime: 184381us
Sieve: iterations=72 runtime: 184943us
Sieve: iterations=73 runtime: 184154us
Sieve: iterations=74 runtime: 184441us
Sieve: iterations=75 runtime: 185041us
Sieve: iterations=76 runtime: 184448us
Sieve: iterations=77 runtime: 184410us
Sieve: iterations=78 runtime: 184971us
Sieve: iterations=79 runtime: 184554us
Sieve: iterations=80 runtime: 184238us
Sieve: iterations=81 runtime: 184874us
Sieve: iterations=82 runtime: 183942us
Sieve: iterations=83 runtime: 183982us
Sieve: iterations=84 runtime: 185077us
Sieve: iterations=85 runtime: 183930us
Sieve: iterations=86 runtime: 184089us
Sieve: iterations=87 runtime: 184895us
Sieve: iterations=88 runtime: 184460us
Sieve: iterations=89 runtime: 184803us
Sieve: iterations=90 runtime: 185224us
Sieve: iterations=91 runtime: 184259us
Sieve: iterations=92 runtime: 184281us
Sieve: iterations=93 runtime: 184956us
Sieve: iterations=94 runtime: 184319us
Sieve: iterations=95 runtime: 184438us
Sieve: iterations=96 runtime: 184967us
Sieve: iterations=97 runtime: 184169us
Sieve: iterations=98 runtime: 185252us
Sieve: iterations=99 runtime: 184880us
Sieve: iterations=100 runtime: 184032us
Sieve: iterations=101 runtime: 184163us
Sieve: iterations=102 runtime: 184632us
Sieve: iterations=103 runtime: 184144us
Sieve: iterations=104 runtime: 185876us
Sieve: iterations=105 runtime: 185047us
Sieve: iterations=106 runtime: 184490us
Sieve: iterations=107 runtime: 184048us
Sieve: iterations=108 runtime: 184968us
Sieve: iterations=109 runtime: 184446us
Sieve: iterations=110 runtime: 184719us
Sieve: iterations=111 runtime: 185123us
Sieve: iterations=112 runtime: 191027us
Sieve: iterations=113 runtime: 184241us
Sieve: iterations=114 runtime: 184670us
Could not locate BlockSlowdown.json
Skipping Loading (this might cause a fatal crash if GTSlowdown is on)
java.nio.charset.CharsetEncoder.maxBytesPerChar()float -1 codeSignature differs d0dc63dd2361c2989cb14e4cf77bfb3442e0a43d3c92bbd78638646fefb8363f != fc84c03091d44b6099141a22fdb9f6cfabe66e5026a15b0d60a828a10b5481b9
Sieve: iterations=115 runtime: 184340us
Sieve: iterations=116 runtime: 184944us
Sieve: iterations=117 runtime: 185600us
Sieve: iterations=118 runtime: 184207us
Sieve: iterations=119 runtime: 184160us
Sieve: iterations=120 runtime: 184193us
Sieve: iterations=121 runtime: 185391us
Sieve: iterations=122 runtime: 184230us
Sieve: iterations=123 runtime: 185052us
Sieve: iterations=124 runtime: 185052us
Sieve: iterations=125 runtime: 184117us
Sieve: iterations=126 runtime: 184311us
Sieve: iterations=127 runtime: 184938us
Sieve: iterations=128 runtime: 184165us
Sieve: iterations=129 runtime: 184425us
Sieve: iterations=130 runtime: 185437us
Sieve: iterations=131 runtime: 184257us
Sieve: iterations=132 runtime: 184266us
Sieve: iterations=133 runtime: 184677us
Sieve: iterations=134 runtime: 184512us
Sieve: iterations=135 runtime: 184324us
Sieve: iterations=136 runtime: 184847us
Sieve: iterations=137 runtime: 184610us
Sieve: iterations=138 runtime: 185198us
Sieve: iterations=139 runtime: 185868us
Sieve: iterations=140 runtime: 184439us
Sieve: iterations=141 runtime: 184578us
Sieve: iterations=142 runtime: 184926us
Sieve: iterations=143 runtime: 184464us
Sieve: iterations=144 runtime: 184344us
Sieve: iterations=145 runtime: 185064us
Sieve: iterations=146 runtime: 184557us
Sieve: iterations=147 runtime: 184757us
Sieve: iterations=148 runtime: 185164us
Sieve: iterations=149 runtime: 184433us
Sieve: iterations=150 runtime: 184822us
Sieve: iterations=151 runtime: 185375us
Sieve: iterations=152 runtime: 184570us
Sieve: iterations=153 runtime: 184376us
Sieve: iterations=154 runtime: 185247us
Sieve: iterations=155 runtime: 184244us
Sieve: iterations=156 runtime: 184324us
Sieve: iterations=157 runtime: 184888us
Sieve: iterations=158 runtime: 184090us
Sieve: iterations=159 runtime: 184304us
Sieve: iterations=160 runtime: 185095us
Sieve: iterations=161 runtime: 184429us
Sieve: iterations=162 runtime: 184500us
Sieve: iterations=163 runtime: 185048us
Sieve: iterations=164 runtime: 184289us
Sieve: iterations=165 runtime: 184576us
Sieve: iterations=166 runtime: 185055us
Sieve: iterations=167 runtime: 184443us
Sieve: iterations=168 runtime: 184467us
Sieve: iterations=169 runtime: 185152us
Sieve: iterations=170 runtime: 184821us
Sieve: iterations=171 runtime: 184602us
Sieve: iterations=172 runtime: 185050us
Sieve: iterations=173 runtime: 184661us
Sieve: iterations=174 runtime: 184199us
Sieve: iterations=175 runtime: 184978us
Sieve: iterations=176 runtime: 184454us
Sieve: iterations=177 runtime: 184617us
Sieve: iterations=178 runtime: 185122us
Sieve: iterations=179 runtime: 184454us
Sieve: iterations=180 runtime: 184399us
Sieve: iterations=181 runtime: 184840us
Sieve: iterations=182 runtime: 184220us
Sieve: iterations=183 runtime: 184414us
Sieve: iterations=184 runtime: 185317us
Sieve: iterations=185 runtime: 184672us
Sieve: iterations=186 runtime: 184505us
Sieve: iterations=187 runtime: 185070us
Sieve: iterations=188 runtime: 184705us
Sieve: iterations=189 runtime: 184572us
Sieve: iterations=190 runtime: 185231us
Sieve: iterations=191 runtime: 184325us
Sieve: iterations=192 runtime: 184471us
Sieve: iterations=193 runtime: 185469us
Sieve: iterations=194 runtime: 184340us
Sieve: iterations=195 runtime: 184271us
Sieve: iterations=196 runtime: 185189us
Sieve: iterations=197 runtime: 184568us
Sieve: iterations=198 runtime: 184478us
Sieve: iterations=199 runtime: 185168us
Sieve: iterations=200 runtime: 184257us
Sieve: iterations=201 runtime: 184395us
Sieve: iterations=202 runtime: 184681us
Sieve: iterations=203 runtime: 184864us
Sieve: iterations=204 runtime: 184506us
Sieve: iterations=205 runtime: 184154us
Sieve: iterations=206 runtime: 185230us
Sieve: iterations=207 runtime: 184699us
Sieve: iterations=208 runtime: 184485us
Sieve: iterations=209 runtime: 185218us
Sieve: iterations=210 runtime: 184578us
Sieve: iterations=211 runtime: 184313us
Sieve: iterations=212 runtime: 184710us
Sieve: iterations=213 runtime: 184249us
Sieve: iterations=214 runtime: 184094us
Sieve: iterations=215 runtime: 185106us
Sieve: iterations=216 runtime: 184228us
Sieve: iterations=217 runtime: 184411us
Sieve: iterations=218 runtime: 184982us
Sieve: iterations=219 runtime: 184467us
Sieve: iterations=220 runtime: 184459us
Sieve: iterations=221 runtime: 185138us
Sieve: iterations=222 runtime: 185503us
Sieve: iterations=223 runtime: 184616us
Sieve: iterations=224 runtime: 185700us
Sieve: iterations=225 runtime: 184837us
Sieve: iterations=226 runtime: 184239us
Sieve: iterations=227 runtime: 184829us
Sieve: iterations=228 runtime: 184397us
Sieve: iterations=229 runtime: 184394us
Sieve: iterations=230 runtime: 185262us
Sieve: iterations=231 runtime: 184427us
Sieve: iterations=232 runtime: 184357us
Sieve: iterations=233 runtime: 185031us
Sieve: iterations=234 runtime: 184432us
Could not locate BlockSlowdown.json
Skipping Loading (this might cause a fatal crash if GTSlowdown is on)
Sieve: iterations=235 runtime: 185532us
Sieve: iterations=236 runtime: 188375us
Sieve: iterations=237 runtime: 187926us
Sieve: iterations=238 runtime: 184285us
Sieve: iterations=239 runtime: 185019us
Sieve: iterations=240 runtime: 184484us
Sieve: iterations=241 runtime: 184356us
Sieve: iterations=242 runtime: 185242us
Sieve: iterations=243 runtime: 184676us
Sieve: iterations=244 runtime: 184513us
Sieve: iterations=245 runtime: 184971us
Sieve: iterations=246 runtime: 184467us
Sieve: iterations=247 runtime: 184457us
Sieve: iterations=248 runtime: 185003us
Sieve: iterations=249 runtime: 184473us
Sieve: iterations=250 runtime: 184796us
Sieve: iterations=251 runtime: 185129us
Sieve: iterations=252 runtime: 184832us
Sieve: iterations=253 runtime: 184595us
Sieve: iterations=254 runtime: 185539us
Sieve: iterations=255 runtime: 184800us
Sieve: iterations=256 runtime: 185853us
Sieve: iterations=257 runtime: 185236us
Sieve: iterations=258 runtime: 184233us
Sieve: iterations=259 runtime: 183929us
Sieve: iterations=260 runtime: 184892us
Sieve: iterations=261 runtime: 184335us
Sieve: iterations=262 runtime: 184113us
Sieve: iterations=263 runtime: 185185us
Sieve: iterations=264 runtime: 184652us
Sieve: iterations=265 runtime: 184407us
Sieve: iterations=266 runtime: 184889us
Sieve: iterations=267 runtime: 184286us
Sieve: iterations=268 runtime: 184393us
Sieve: iterations=269 runtime: 185149us
Sieve: iterations=270 runtime: 183916us
Sieve: iterations=271 runtime: 184004us
Sieve: iterations=272 runtime: 184729us
Sieve: iterations=273 runtime: 183897us
Sieve: iterations=274 runtime: 183858us
Sieve: iterations=275 runtime: 184762us
Sieve: iterations=276 runtime: 184107us
Sieve: iterations=277 runtime: 184320us
Sieve: iterations=278 runtime: 184791us
Sieve: iterations=279 runtime: 184650us
Sieve: iterations=280 runtime: 184423us
Sieve: iterations=281 runtime: 185034us
Sieve: iterations=282 runtime: 184423us
Sieve: iterations=283 runtime: 184523us
Sieve: iterations=284 runtime: 185474us
Sieve: iterations=285 runtime: 184400us
Sieve: iterations=286 runtime: 184464us
Sieve: iterations=287 runtime: 185295us
Sieve: iterations=288 runtime: 186201us
Sieve: iterations=289 runtime: 184262us
Sieve: iterations=290 runtime: 184306us
Sieve: iterations=291 runtime: 184831us
Sieve: iterations=292 runtime: 184309us
Sieve: iterations=293 runtime: 184194us
Sieve: iterations=294 runtime: 185278us
Sieve: iterations=295 runtime: 184059us
Sieve: iterations=296 runtime: 184267us
Sieve: iterations=297 runtime: 186917us
Sieve: iterations=298 runtime: 184664us
Sieve: iterations=299 runtime: 183960us
Sieve: iterations=300 runtime: 185013us
Sieve: iterations=301 runtime: 184570us
Sieve: iterations=302 runtime: 184399us
Sieve: iterations=303 runtime: 185156us
Sieve: iterations=304 runtime: 184539us
Sieve: iterations=305 runtime: 184982us
Sieve: iterations=306 runtime: 185491us
Sieve: iterations=307 runtime: 184444us
Sieve: iterations=308 runtime: 184434us
Sieve: iterations=309 runtime: 185271us
Sieve: iterations=310 runtime: 184568us
Sieve: iterations=311 runtime: 187748us
Sieve: iterations=312 runtime: 185003us
Sieve: iterations=313 runtime: 184461us
Sieve: iterations=314 runtime: 184582us
Sieve: iterations=315 runtime: 185034us
Sieve: iterations=316 runtime: 184688us
Sieve: iterations=317 runtime: 184521us
Sieve: iterations=318 runtime: 184791us
Sieve: iterations=319 runtime: 184064us
Sieve: iterations=320 runtime: 185210us
Sieve: iterations=321 runtime: 185031us
Sieve: iterations=322 runtime: 184816us
Sieve: iterations=323 runtime: 184198us
Sieve: iterations=324 runtime: 185184us
Sieve: iterations=325 runtime: 184016us
Sieve: iterations=326 runtime: 184414us
Sieve: iterations=327 runtime: 185371us
Sieve: iterations=328 runtime: 184566us
Sieve: iterations=329 runtime: 185073us
Sieve: iterations=330 runtime: 185306us
Sieve: iterations=331 runtime: 184203us
Sieve: iterations=332 runtime: 185172us
Could not locate BlockSlowdown.json
Skipping Loading (this might cause a fatal crash if GTSlowdown is on)
Sieve: iterations=333 runtime: 185623us
Sieve: iterations=334 runtime: 184290us
Sieve: iterations=335 runtime: 184267us
Sieve: iterations=336 runtime: 185255us
Sieve: iterations=337 runtime: 184593us
Sieve: iterations=338 runtime: 185694us
Sieve: iterations=339 runtime: 185165us
Sieve: iterations=340 runtime: 184618us
Sieve: iterations=341 runtime: 184359us
Sieve: iterations=342 runtime: 185171us
Sieve: iterations=343 runtime: 184437us
Sieve: iterations=344 runtime: 184539us
Sieve: iterations=345 runtime: 185189us
Sieve: iterations=346 runtime: 184212us
Sieve: iterations=347 runtime: 184221us
Sieve: iterations=348 runtime: 185737us
Sieve: iterations=349 runtime: 184273us
Sieve: iterations=350 runtime: 184445us
Sieve: iterations=351 runtime: 184970us
Sieve: iterations=352 runtime: 184436us
Sieve: iterations=353 runtime: 184046us
Sieve: iterations=354 runtime: 184885us
Sieve: iterations=355 runtime: 184130us
Sieve: iterations=356 runtime: 184333us
Sieve: iterations=357 runtime: 184830us
Sieve: iterations=358 runtime: 184459us
Sieve: iterations=359 runtime: 184417us
Sieve: iterations=360 runtime: 185366us
Sieve: iterations=361 runtime: 184332us
Sieve: iterations=362 runtime: 184112us
Sieve: iterations=363 runtime: 184630us
Sieve: iterations=364 runtime: 184328us
Sieve: iterations=365 runtime: 184119us
Sieve: iterations=366 runtime: 184822us
Sieve: iterations=367 runtime: 185429us
Sieve: iterations=368 runtime: 184377us
Sieve: iterations=369 runtime: 186107us
Sieve: iterations=370 runtime: 184289us
Sieve: iterations=371 runtime: 184376us
Sieve: iterations=372 runtime: 184931us
Sieve: iterations=373 runtime: 184319us
Sieve: iterations=374 runtime: 184072us
Sieve: iterations=375 runtime: 185864us
Sieve: iterations=376 runtime: 184434us
Sieve: iterations=377 runtime: 184166us
Sieve: iterations=378 runtime: 185082us
Sieve: iterations=379 runtime: 184460us
Sieve: iterations=380 runtime: 184329us
Sieve: iterations=381 runtime: 185053us
Sieve: iterations=382 runtime: 184094us
Sieve: iterations=383 runtime: 184358us
Sieve: iterations=384 runtime: 184484us
Sieve: iterations=385 runtime: 184244us
Sieve: iterations=386 runtime: 184455us
Sieve: iterations=387 runtime: 185494us
Sieve: iterations=388 runtime: 184582us
Sieve: iterations=389 runtime: 184299us
Sieve: iterations=390 runtime: 184857us
Sieve: iterations=391 runtime: 184378us
Sieve: iterations=392 runtime: 184241us
Sieve: iterations=393 runtime: 185034us
Sieve: iterations=394 runtime: 184657us
Sieve: iterations=395 runtime: 184448us
Sieve: iterations=396 runtime: 185132us
Sieve: iterations=397 runtime: 184315us
Sieve: iterations=398 runtime: 184238us
Sieve: iterations=399 runtime: 186489us
Sieve: iterations=400 runtime: 184455us
Sieve: iterations=401 runtime: 184383us
Sieve: iterations=402 runtime: 184784us
Sieve: iterations=403 runtime: 184520us
Sieve: iterations=404 runtime: 184527us
Sieve: iterations=405 runtime: 184945us
Sieve: iterations=406 runtime: 184499us
Sieve: iterations=407 runtime: 184464us
Sieve: iterations=408 runtime: 184908us
Sieve: iterations=409 runtime: 184349us
Sieve: iterations=410 runtime: 184506us
Sieve: iterations=411 runtime: 184619us
Sieve: iterations=412 runtime: 184499us
Sieve: iterations=413 runtime: 185560us
Sieve: iterations=414 runtime: 185274us
Sieve: iterations=415 runtime: 184081us
Sieve: iterations=416 runtime: 184258us
Sieve: iterations=417 runtime: 184918us
Sieve: iterations=418 runtime: 184101us
Sieve: iterations=419 runtime: 183911us
Sieve: iterations=420 runtime: 185685us
Sieve: iterations=421 runtime: 184859us
Sieve: iterations=422 runtime: 184127us
Sieve: iterations=423 runtime: 184109us
Sieve: iterations=424 runtime: 184749us
Sieve: iterations=425 runtime: 184353us
Sieve: iterations=426 runtime: 183961us
Sieve: iterations=427 runtime: 185244us
Sieve: iterations=428 runtime: 185138us
Sieve: iterations=429 runtime: 184337us
Sieve: iterations=430 runtime: 184882us
Sieve: iterations=431 runtime: 184376us
Sieve: iterations=432 runtime: 184296us
Sieve: iterations=433 runtime: 185141us
Sieve: iterations=434 runtime: 184416us
Sieve: iterations=435 runtime: 184183us
Sieve: iterations=436 runtime: 191652us
Sieve: iterations=437 runtime: 184241us
Sieve: iterations=438 runtime: 184323us
Sieve: iterations=439 runtime: 185109us
Sieve: iterations=440 runtime: 184565us
Sieve: iterations=441 runtime: 185067us
Sieve: iterations=442 runtime: 185332us
Sieve: iterations=443 runtime: 184355us
Sieve: iterations=444 runtime: 184503us
Sieve: iterations=445 runtime: 185046us
Sieve: iterations=446 runtime: 184544us
Sieve: iterations=447 runtime: 184596us
Sieve: iterations=448 runtime: 185270us
Sieve: iterations=449 runtime: 184468us
Sieve: iterations=450 runtime: 185388us
Sieve: iterations=451 runtime: 185123us
Sieve: iterations=452 runtime: 184249us
Sieve: iterations=453 runtime: 184336us
Sieve: iterations=454 runtime: 184718us
Sieve: iterations=455 runtime: 183816us
Sieve: iterations=456 runtime: 184138us
Sieve: iterations=457 runtime: 184911us
Sieve: iterations=458 runtime: 184316us
Sieve: iterations=459 runtime: 184317us
Sieve: iterations=460 runtime: 185636us
Sieve: iterations=461 runtime: 184419us
Sieve: iterations=462 runtime: 184258us
Sieve: iterations=463 runtime: 185067us
Sieve: iterations=464 runtime: 184212us
Sieve: iterations=465 runtime: 184188us
Sieve: iterations=466 runtime: 185464us
Sieve: iterations=467 runtime: 184261us
Sieve: iterations=468 runtime: 184709us
Sieve: iterations=469 runtime: 184958us
Sieve: iterations=470 runtime: 184056us
Sieve: iterations=471 runtime: 184305us
Sieve: iterations=472 runtime: 184537us
Sieve: iterations=473 runtime: 184152us
Sieve: iterations=474 runtime: 184263us
Sieve: iterations=475 runtime: 185197us
Sieve: iterations=476 runtime: 184255us
Sieve: iterations=477 runtime: 184550us
Sieve: iterations=478 runtime: 185364us
Sieve: iterations=479 runtime: 184469us
Sieve: iterations=480 runtime: 184472us
Sieve: iterations=481 runtime: 185265us
Sieve: iterations=482 runtime: 184481us
Sieve: iterations=483 runtime: 184051us
Sieve: iterations=484 runtime: 185400us
Sieve: iterations=485 runtime: 184603us
Sieve: iterations=486 runtime: 184398us
Sieve: iterations=487 runtime: 185045us
Sieve: iterations=488 runtime: 184322us
Sieve: iterations=489 runtime: 184291us
Sieve: iterations=490 runtime: 186256us
Sieve: iterations=491 runtime: 184001us
Sieve: iterations=492 runtime: 184137us
Sieve: iterations=493 runtime: 184823us
Sieve: iterations=494 runtime: 184231us
Sieve: iterations=495 runtime: 184970us
Sieve: iterations=496 runtime: 184897us
Sieve: iterations=497 runtime: 184242us
Sieve: iterations=498 runtime: 184444us
Sieve: iterations=499 runtime: 184571us
Sieve: iterations=500 runtime: 184216us
Could not locate BlockSlowdown.json
Skipping Loading (this might cause a fatal crash if GTSlowdown is on)
Sieve: iterations=500 average: 184839us total: 92419505us


Total Runtime: 92419505us
Bubo.RDTSC.Harness.main Total RDTSC cycles: 306398493576
