Could not locate BlockSlowdown.json
Skipping Loading (this might cause a fatal crash if GTSlowdown is on)
[Use -Djdk.graal.LogFile=<path> to redirect Graal log output to a file.]
java.lang.module.ModuleDescriptor.name()java.lang.String -1 codeSignature differs 5be282a10c496d4000571a6844c9c0bc109901813a12d3aea5364efad6a66c85 != 236f622407d0112ac18220ce2f7dd8fc95a4975bd21efedc593a420240b9e35f
java.lang.module.ModuleReference.descriptor()java.lang.module.ModuleDescriptor -1 codeSignature differs 14be906eafbcd0e98db8607fd01b12de837039bcd06c460d0cf8f6394c8cff6d != d74a3d991dcad2ff0132c63a48dc50da7170128a36ef27d42bfbafe23260746e
java.lang.Enum.ordinal()int -1 codeSignature differs d4ce072063a0e5d7b77fa03ca89aafb8f3e3ecf13c518dc1905e344d1e62c58a != 6379912ece14b3e5c494001bcdbf513550438500c9fe64692666ea4804585a5b
java.lang.Class.isPrimitive()boolean -1 codeSignature differs 98ab40cf2ebcc843a57e4548f9a42e2e9f3f439b3cfc72b2a9affe72c8d06a5f != 3e78a4a854866f13977dcbf9876f9c5a148d0cfe8abd55bad528a298e2ab0d37
jdk.internal.util.StrongReferenceKey.get()java.lang.Object -1 codeSignature differs 14be906eafbcd0e98db8607fd01b12de837039bcd06c460d0cf8f6394c8cff6d != d74a3d991dcad2ff0132c63a48dc50da7170128a36ef27d42bfbafe23260746e
java.lang.Class.getClassLoader()java.lang.ClassLoader -1 codeSignature differs 1ec746d9657abb2124f404e47924197593986fc62346c6cd76072c08e29afddf != fc6683d6dbc2e9c193939db2b7b3809c7ed36f548dabbad32ce6a77af2acbb5c
java.lang.invoke.MethodType.returnType()java.lang.Class -1 codeSignature differs 14be906eafbcd0e98db8607fd01b12de837039bcd06c460d0cf8f6394c8cff6d != d74a3d991dcad2ff0132c63a48dc50da7170128a36ef27d42bfbafe23260746e
jdk.internal.classfile.impl.AbstractPoolEntry.index()int -1 codeSignature differs d4ce072063a0e5d7b77fa03ca89aafb8f3e3ecf13c518dc1905e344d1e62c58a != 6379912ece14b3e5c494001bcdbf513550438500c9fe64692666ea4804585a5b
java.lang.invoke.MemberName.getDeclaringClass()java.lang.Class -1 codeSignature differs b46e439bc51650ff335d2a7124f0b0154f260fe1af8ba145c6fd3cf5008c9e4e != 65875f01c4739b3690cfc99e32978813efde10140dd67c4d7a0e3015e243befa
java.lang.invoke.MethodType.form()java.lang.invoke.MethodTypeForm -1 codeSignature differs 5be282a10c496d4000571a6844c9c0bc109901813a12d3aea5364efad6a66c85 != 236f622407d0112ac18220ce2f7dd8fc95a4975bd21efedc593a420240b9e35f
java.util.stream.FindOps$FindSink.cancellationRequested()boolean -1 codeSignature differs 55af0dc4b7688c78180d5f5b00584e4bf66cf93bd60716f9aab49e7a6fd64ac4 != f48625702890d29653fc29959db5796353242ca5005d0c97563dc7641a6e9521
java.lang.Object.<init>()void -1 codeSignature differs fe534d3aac0502b22527b54e744892c09d7496fd765947a3ee3ec9a070d56f92 != 53fed571f2d162d1b06665e593acff62e94c3c2feeb837a313805208a153c804
jdk.internal.module.ModuleReferenceImpl.moduleResolution()jdk.internal.module.ModuleResolution -1 codeSignature differs b76db95b8fd3a055b26c3a6c15023743ea3cd488646d474319964a2e9e13b73e != acecf092198f6e600ae574ae88f94c3dcc124dff78fd33d38e7503cf1de4cb84
java.lang.String.hashCode()int -1 codeSignature differs cd869c87835ef8242ee90410caccd8a61a63cd99231e11f83fcdc76366e70264 != 4af57cd2c352f504d9843ac55232e6c06b59ac42ecb11ac71e7928d819941700
java.lang.module.ModuleDescriptor$Requires.modifiers()java.util.Set -1 codeSignature differs 14be906eafbcd0e98db8607fd01b12de837039bcd06c460d0cf8f6394c8cff6d != d74a3d991dcad2ff0132c63a48dc50da7170128a36ef27d42bfbafe23260746e
java.lang.module.ModuleDescriptor$Requires.name()java.lang.String -1 codeSignature differs 90f01eeb46d88d53d0e4e48ef19445eb3bdf8101a00c7dc3f717a337df9fb41f != 3dca556ce0a4f9f9b2a7bcbcee2ecdeeb626fd493f0993079a0f91070abff97b
java.lang.module.ModuleDescriptor.requires()java.util.Set -1 codeSignature differs 50021c78154f047ad8f88f0733084203e726ca2f3911eed3f4e2615369ae39b2 != 38c64b25607c18539afa677dc017db8b0b2e69cd25c409ff2fbbda9b724f85b9
java.lang.module.ModuleDescriptor.isAutomatic()boolean -1 codeSignature differs 2c5d9434fa6cbff1c0177053ad01774247e7a98383a3d0ee5c4dccbf56bf9e86 != 573ad2b7aa6bd940d385aadba08b49259d18cc84676cb0e7d2bc6bb2b3a188b0
java.util.HashMap$Node.getKey()java.lang.Object -1 codeSignature differs 90f01eeb46d88d53d0e4e48ef19445eb3bdf8101a00c7dc3f717a337df9fb41f != 3dca556ce0a4f9f9b2a7bcbcee2ecdeeb626fd493f0993079a0f91070abff97b
java.util.HashMap$Node.getValue()java.lang.Object -1 codeSignature differs 5be282a10c496d4000571a6844c9c0bc109901813a12d3aea5364efad6a66c85 != 236f622407d0112ac18220ce2f7dd8fc95a4975bd21efedc593a420240b9e35f
java.util.ImmutableCollections$Set12.isEmpty()boolean -1 codeSignature differs d890ffc04cd03ec866061096d7d13d2670cacc5a2328b692374e3523d40574bd != 55a5cc963fc3641936c496e734b67cb2da5b04dc6786193efb958b4650f80fcc
java.lang.module.ModuleDescriptor$Exports.source()java.lang.String -1 codeSignature differs 90f01eeb46d88d53d0e4e48ef19445eb3bdf8101a00c7dc3f717a337df9fb41f != 3dca556ce0a4f9f9b2a7bcbcee2ecdeeb626fd493f0993079a0f91070abff97b
java.lang.module.ModuleDescriptor$Exports.targets()java.util.Set -1 codeSignature differs 5be282a10c496d4000571a6844c9c0bc109901813a12d3aea5364efad6a66c85 != 236f622407d0112ac18220ce2f7dd8fc95a4975bd21efedc593a420240b9e35f
java.lang.module.ModuleDescriptor.provides()java.util.Set -1 codeSignature differs 309d9291f2d3c2a63becdec49b2c74b25af9d7fdc62dad05faf86a64889608fc != ac8620023b60722a9bd4c025af16c863bb01ff2e1485a56d1a0e66cae8c98d9f
java.lang.module.ModuleDescriptor.exports()java.util.Set -1 codeSignature differs 948d21eddb9ad191efbc24290e4e840a30aebb134151b75def9175ab54c0a48c != 64b1f8caa863f256c52a850b78b1f50f6cb4cdbb0fd449ebc0f6c33942f7e576
java.util.ImmutableCollections$SetN$SetNIterator.hasNext()boolean -1 codeSignature differs 014069b9d29ae67f97f8d652b8d7a77d9057cdb393e4e32597c925d7a30bdc82 != 68bedb7c2b89fc57eca6528f835388a812a6a51c19835f3ca5c045deed27b552
java.lang.module.ModuleDescriptor.uses()java.util.Set -1 codeSignature differs e3ce51591a4fee3aaff0c687fbb639bc8c1569c92e84d989cdc906a081a3aa6f != a28d016eade96af94b1490585bd89e875ca450bc08a58e964a7e2d9c660f535c
java.util.ImmutableCollections$SetN$SetNIterator.next()java.lang.Object -1 codeSignature differs e1fe95f08e9a54f528c00088fcbfa159f3bad00b96b954e867ee6f3fb841619e != 1c16e1aaf3c5c4e267d064b4f4a6055cb93c36b45deb929a479843825821be18
java.util.ImmutableCollections$SetN$SetNIterator.next()java.lang.Object -1 graphSignature differs b05d592371fcce917a90fc28debaf21f7e7532d4836b1c9812ac396e129c7095 != dd493989519e7f328311cfecc7abfe1946186eaebdea7e8b59878a8ba9e25a26
java.lang.module.ModuleDescriptor$Provides.service()java.lang.String -1 codeSignature differs 14be906eafbcd0e98db8607fd01b12de837039bcd06c460d0cf8f6394c8cff6d != d74a3d991dcad2ff0132c63a48dc50da7170128a36ef27d42bfbafe23260746e
java.util.HashMap.hash(java.lang.Object)int -1 codeSignature differs ec56b7298a0b02d9a2d3b6c3a062c7e111d6187f8a9106280cffcaf3ad53f736 != 1bc5a2b35e513a6ba6d0039a42e3236ed436177df5dd6956caeee1162e057ea9
java.lang.module.ModuleDescriptor$Exports.isQualified()boolean -1 codeSignature differs 02f414bc595f4efeaafb420b38e0ea97905f6c0415c78c17786c08325618ea37 != 2f4207294e75cb5e74104b57431dbbe7d8d2c0007d409964a0c006607a519383
java.util.HashMap.putVal(int, java.lang.Object, java.lang.Object, boolean, boolean)java.lang.Object -1 codeSignature differs 6b4f04d6538b25bfde8ef0c111e1b4c74c294bdb7ac3424f607028a04d90668e != 68bbf1fc66c24500b6f818ad58da93471846096c55b8002adf9ecfdb844bf242
java.util.HashMap.putVal(int, java.lang.Object, java.lang.Object, boolean, boolean)java.lang.Object -1 graphSignature differs 71c7befc4bcc50903c01cb500806055811a71080bd754d077284439fcd10103c != 5a74e12f320f5360d51b0bb3946f087ce2dce5afa144b15d312a3acc1621c4cf
java.lang.String.equals(java.lang.Object)boolean -1 codeSignature differs f5747f05d8cb43a0e84b3d89443c10d37c72a20d9b0342eb86834299bed80ca6 != 119dc6e6665ec6b4c44f1e420beb3682c6794e4c2205f6f17310bd0f4f948907
java.lang.String.equals(java.lang.Object)boolean -1 graphSignature differs 240f841b413bb8bd2af4877cb3753eac11d3bdc482d702e067df992e72784ebb != 2d841e5f6ff33687ba2a8e89c73735b82c892266d476f740b43f9fc2b4d21873
java.util.KeyValueHolder.getKey()java.lang.Object -1 codeSignature differs 14be906eafbcd0e98db8607fd01b12de837039bcd06c460d0cf8f6394c8cff6d != d74a3d991dcad2ff0132c63a48dc50da7170128a36ef27d42bfbafe23260746e
java.util.KeyValueHolder.getValue()java.lang.Object -1 codeSignature differs 90f01eeb46d88d53d0e4e48ef19445eb3bdf8101a00c7dc3f717a337df9fb41f != 3dca556ce0a4f9f9b2a7bcbcee2ecdeeb626fd493f0993079a0f91070abff97b
java.lang.module.ModuleDescriptor.packages()java.util.Set -1 codeSignature differs 1ec746d9657abb2124f404e47924197593986fc62346c6cd76072c08e29afddf != fc6683d6dbc2e9c193939db2b7b3809c7ed36f548dabbad32ce6a77af2acbb5c
java.lang.module.ResolvedModule.reference()java.lang.module.ModuleReference -1 codeSignature differs 90f01eeb46d88d53d0e4e48ef19445eb3bdf8101a00c7dc3f717a337df9fb41f != 3dca556ce0a4f9f9b2a7bcbcee2ecdeeb626fd493f0993079a0f91070abff97b
java.util.HashMap$Node.<init>(int, java.lang.Object, java.lang.Object, java.util.HashMap$Node)void -1 codeSignature differs ea1116c6e146ceddb2efdd002d8324b703b8b7521ea9ec12a88114adafb6b23f != 4644f5552abc5ce1ce190b7ec6c833597cacf223cdc65a1dfa0cf9c0b46b8244
java.lang.module.ModuleDescriptor$Version.toString()java.lang.String -1 codeSignature differs 14be906eafbcd0e98db8607fd01b12de837039bcd06c460d0cf8f6394c8cff6d != d74a3d991dcad2ff0132c63a48dc50da7170128a36ef27d42bfbafe23260746e
java.lang.AbstractStringBuilder.length()int -1 codeSignature differs d4ce072063a0e5d7b77fa03ca89aafb8f3e3ecf13c518dc1905e344d1e62c58a != 6379912ece14b3e5c494001bcdbf513550438500c9fe64692666ea4804585a5b
java.util.HashMap.newNode(int, java.lang.Object, java.lang.Object, java.util.HashMap$Node)java.util.HashMap$Node -1 codeSignature differs 0b57ad3d0ea1b0de0d3ae4d1256f2a3bf2dacceb94022bee4e70d75bf1848358 != d2c2a415cba31cf48b157817e62dcfa6745f18dc85bdd37bd358d1bb63bfa15d
java.util.HashMap.afterNodeInsertion(boolean)void -1 codeSignature differs fe534d3aac0502b22527b54e744892c09d7496fd765947a3ee3ec9a070d56f92 != 53fed571f2d162d1b06665e593acff62e94c3c2feeb837a313805208a153c804
java.util.HashMap.resize()java.util.HashMap$Node[] -1 codeSignature differs 6c1e3b8d1cd41ad431e612cee73983afa0a8e74d6c35dca84f75d9aa32e9afc4 != a48376d6ff3c45fa42fd331698dd91428955c1e141e3763789b25f83d12c93ba
java.util.HashMap.resize()java.util.HashMap$Node[] -1 graphSignature differs 8621339e67ed630b148c0b60d4ece2a8f5e4dc640c7e625f721a8babedbc3813 != 907f32e8439d3100299993dcad76560e08b0f705baa3a6e36f739c5640084aa9
java.lang.module.ResolvedModule.configuration()java.lang.module.Configuration -1 codeSignature differs 14be906eafbcd0e98db8607fd01b12de837039bcd06c460d0cf8f6394c8cff6d != d74a3d991dcad2ff0132c63a48dc50da7170128a36ef27d42bfbafe23260746e
java.lang.module.ModuleDescriptor.isOpen()boolean -1 codeSignature differs 7251ebfc69511ba11260ce3e5fe8de41e1ee424c1c84ef382507a4b520f46599 != 68c1b93afd5159dbd52f415e41c6f206a35012c76ae6407eef42650396bf8bfc
java.util.HashMap.size()int -1 codeSignature differs 55d12884885f16e44e8204f924f64617688caf405b709d32e1e72896f6c27c3d != 602769ad44793bd98e92b9e62f8542f52d5162d04d5d1c146bc1a1f5f4eab2b1
java.util.zip.ZipCoder$UTF8ZipCoder.isUTF8()boolean -1 codeSignature differs 6e3a14458a0fca90e6a63285514a933585cea592cb622e79b33ddc5df6e0fb66 != f86c5820929a34f03b9429610f522a6efd833767bf69832ae22131f6e690fc71
jdk.internal.classfile.impl.AbstractPoolEntry.width()int -1 codeSignature differs 6e3a14458a0fca90e6a63285514a933585cea592cb622e79b33ddc5df6e0fb66 != f86c5820929a34f03b9429610f522a6efd833767bf69832ae22131f6e690fc71
jdk.internal.classfile.impl.SplitConstantPool.size()int -1 codeSignature differs 1e851f5b2cbf37c0cd46831368dd889b60dff01d7b16161259960e24b264ceb1 != 8842033c3435ba9022b0d14a05ef1a95782e7436e1f26a804596a2590677c40d
java.lang.invoke.MethodType.ptypes()java.lang.Class[] -1 codeSignature differs 90f01eeb46d88d53d0e4e48ef19445eb3bdf8101a00c7dc3f717a337df9fb41f != 3dca556ce0a4f9f9b2a7bcbcee2ecdeeb626fd493f0993079a0f91070abff97b
jdk.internal.classfile.impl.RawBytecodeHelper.bci()int -1 codeSignature differs fe46e3fea17c2bcac25676024acf43715946ed13832c36004058f315d01e6ed3 != f644854fb6e4ffc5fb86a7d696951b13023f6a472bb2253c81909dd20f94fad0
jdk.internal.classfile.impl.AbstractPoolEntry.constantPool()java.lang.classfile.constantpool.ConstantPool -1 codeSignature differs 5be282a10c496d4000571a6844c9c0bc109901813a12d3aea5364efad6a66c85 != 236f622407d0112ac18220ce2f7dd8fc95a4975bd21efedc593a420240b9e35f
java.lang.AbstractStringBuilder.getValue()byte[] -1 codeSignature differs 5be282a10c496d4000571a6844c9c0bc109901813a12d3aea5364efad6a66c85 != 236f622407d0112ac18220ce2f7dd8fc95a4975bd21efedc593a420240b9e35f
jdk.internal.constant.ClassOrInterfaceDescImpl.descriptorString()java.lang.String -1 codeSignature differs 14be906eafbcd0e98db8607fd01b12de837039bcd06c460d0cf8f6394c8cff6d != d74a3d991dcad2ff0132c63a48dc50da7170128a36ef27d42bfbafe23260746e
java.lang.String.value()byte[] -1 codeSignature differs 5be282a10c496d4000571a6844c9c0bc109901813a12d3aea5364efad6a66c85 != 236f622407d0112ac18220ce2f7dd8fc95a4975bd21efedc593a420240b9e35f
jdk.internal.classfile.impl.BufWriterImpl.size()int -1 codeSignature differs fe46e3fea17c2bcac25676024acf43715946ed13832c36004058f315d01e6ed3 != f644854fb6e4ffc5fb86a7d696951b13023f6a472bb2253c81909dd20f94fad0
Could not locate BlockSlowdown.json
Skipping Loading (this might cause a fatal crash if GTSlowdown is on)
java.lang.StringLatin1.equals(byte[], byte[])boolean -1 codeSignature differs 2cfeb7ca81e519d27a2f4886127bbb28eb00282f6a344501abe1cdc2705cba4e != ce6957fde94989d8dfb9f657cd698acb12bd0f01e407ce68915647520f63bd02
java.lang.StringLatin1.equals(byte[], byte[])boolean -1 graphSignature differs f47d0b1647dabd6f0108a1c873e12c6a64939992dcc9e97f79a9e6e1f1af8649 != cda1bda6b067c21da86f5c9b00220a168b94ff95811df6ee0a57435eb4ec0473
jdk.internal.classfile.impl.AbstractDirectBuilder.constantPool()jdk.internal.classfile.impl.SplitConstantPool -1 codeSignature differs 14be906eafbcd0e98db8607fd01b12de837039bcd06c460d0cf8f6394c8cff6d != d74a3d991dcad2ff0132c63a48dc50da7170128a36ef27d42bfbafe23260746e
java.lang.StringLatin1.inflate(byte[], int, char[], int, int)void -1 codeSignature differs d12363b0fa944c3141709d1d15ff92c10bb825ce967b2050b65342abfb7722e9 != 7229d185807c5eb1f821125a028c07df1ddeaa104c27495e511e6ad0d767c33a
java.lang.StringLatin1.inflate(byte[], int, char[], int, int)void -1 graphSignature differs 17e6f3ed6596e5d6840a8a77065c9470c41838c2630b4535538ec163efd33e69 != e838eb1809aadd841c1ff5fe2e7a1043b73670d291c51dcf64d0aae8eaa2b7e0
java.lang.String.coder()byte -1 codeSignature differs f3a73f0f7ffcffdf8962f6b17b32b9d22dceb70a6321ad4e83f092ac924fb640 != 82f5235e2dbc41130ab9f332d81a84c727950ed13b523486e1cf57bd2f9bda2c
java.util.HashMap.hash(java.lang.Object)int -1 codeSignature differs e28e302b769c870b7a7bfc0d923bb3b847551e72e3d7b1267dd663434534109a != 1bc5a2b35e513a6ba6d0039a42e3236ed436177df5dd6956caeee1162e057ea9
java.util.HashMap.hash(java.lang.Object)int -1 graphSignature differs 9218824ad4cc01818c44d11336a534489b7938cafbd5dadeb97b0d4490cd770b != a84a14d9866f5db84bda5d979ff9a6d49d572c1e799301fb27e23863599a9b6a
jdk.internal.util.WeakReferenceKey.hashCode()int -1 codeSignature differs 55d12884885f16e44e8204f924f64617688caf405b709d32e1e72896f6c27c3d != 602769ad44793bd98e92b9e62f8542f52d5162d04d5d1c146bc1a1f5f4eab2b1
java.lang.invoke.MethodTypeForm.erasedType()java.lang.invoke.MethodType -1 codeSignature differs 90f01eeb46d88d53d0e4e48ef19445eb3bdf8101a00c7dc3f717a337df9fb41f != 3dca556ce0a4f9f9b2a7bcbcee2ecdeeb626fd493f0993079a0f91070abff97b
java.nio.Buffer.limit()int -1 codeSignature differs 55d12884885f16e44e8204f924f64617688caf405b709d32e1e72896f6c27c3d != 602769ad44793bd98e92b9e62f8542f52d5162d04d5d1c146bc1a1f5f4eab2b1
jdk.internal.constant.ClassOrInterfaceDescImpl.isClassOrInterface()boolean -1 codeSignature differs 6e3a14458a0fca90e6a63285514a933585cea592cb622e79b33ddc5df6e0fb66 != f86c5820929a34f03b9429610f522a6efd833767bf69832ae22131f6e690fc71
java.util.ArrayList.size()int -1 codeSignature differs fe46e3fea17c2bcac25676024acf43715946ed13832c36004058f315d01e6ed3 != f644854fb6e4ffc5fb86a7d696951b13023f6a472bb2253c81909dd20f94fad0
jdk.internal.classfile.impl.AbstractPoolEntry$ClassEntryImpl.tag()int -1 codeSignature differs 5404769be9f3dbc3cb72c5db1a8ad8dd44853cedba352c69c6db32de21c4dbb9 != 9e72aee727452f3bd7e5755029309d18662e78c7d8f6a3fef1fa786c235c1353
java.lang.String.length()int -1 codeSignature differs 5f2a9f3bb1f4f800ea4f2ad278553dedcfc789fe27a155b26df986828b30ede3 != 65d375b72c5817a4f8af1bcdf77dbdcb452e4f9ceb60cd42724b10772bcfdc62
jdk.internal.classfile.impl.AbstractPoolEntry.hashCode()int -1 codeSignature differs fe46e3fea17c2bcac25676024acf43715946ed13832c36004058f315d01e6ed3 != f644854fb6e4ffc5fb86a7d696951b13023f6a472bb2253c81909dd20f94fad0
jdk.internal.constant.PrimitiveClassDescImpl.descriptorString()java.lang.String -1 codeSignature differs 7722674ec43cccc19227bd0fe31433696da3716816c65b03f1730e1c0254917a != 2859d17d681828116974698ed904c3f2d6f285799222904b89fcd6ff7a2f986f
java.lang.String.equals(java.lang.Object)boolean -1 codeSignature differs bfac87225bafdc58673e804c03dd822bf37abdab95c86ed18af1cb75d90e2a8b != 119dc6e6665ec6b4c44f1e420beb3682c6794e4c2205f6f17310bd0f4f948907
java.lang.String.equals(java.lang.Object)boolean -1 graphSignature differs 3db2bd1e1e18c2bda01c5f5968b4897c6a680343cb60349dd960833af8c8b667 != 2d841e5f6ff33687ba2a8e89c73735b82c892266d476f740b43f9fc2b4d21873
Requesting uncached profile for bci 74 in java.util.HashMap.putVal(int, java.lang.Object, java.lang.Object, boolean, boolean)java.lang.Object method getBytecodeProfile
Requesting uncached profile for bci 74 in java.util.HashMap.putVal(int, java.lang.Object, java.lang.Object, boolean, boolean)java.lang.Object method getExceptionSeen
Requesting uncached profile for bci 81 in java.util.HashMap.putVal(int, java.lang.Object, java.lang.Object, boolean, boolean)java.lang.Object method getBytecodeProfile
Requesting uncached profile for bci 81 in java.util.HashMap.putVal(int, java.lang.Object, java.lang.Object, boolean, boolean)java.lang.Object method getBranchTakenProbability
Requesting uncached profile for bci 85 in java.util.HashMap.putVal(int, java.lang.Object, java.lang.Object, boolean, boolean)java.lang.Object method getBytecodeProfile
Requesting uncached profile for bci 85 in java.util.HashMap.putVal(int, java.lang.Object, java.lang.Object, boolean, boolean)java.lang.Object method getBranchTakenProbability
Requesting uncached profile for bci 91 in java.util.HashMap.putVal(int, java.lang.Object, java.lang.Object, boolean, boolean)java.lang.Object method getBytecodeProfile
Requesting uncached profile for bci 91 in java.util.HashMap.putVal(int, java.lang.Object, java.lang.Object, boolean, boolean)java.lang.Object method getExceptionSeen
Requesting uncached profile for bci 91 in java.util.HashMap.putVal(int, java.lang.Object, java.lang.Object, boolean, boolean)java.lang.Object method getTypeProfile
Requesting uncached profile for bci 94 in java.util.HashMap.putVal(int, java.lang.Object, java.lang.Object, boolean, boolean)java.lang.Object method getBytecodeProfile
Requesting uncached profile for bci 94 in java.util.HashMap.putVal(int, java.lang.Object, java.lang.Object, boolean, boolean)java.lang.Object method getBranchTakenProbability
Requesting not cached profile for java.lang.String.equals(java.lang.Object)boolean
java.util.HashMap.putVal(int, java.lang.Object, java.lang.Object, boolean, boolean)java.lang.Object -1 codeSignature differs 677ec9488c2e36920cbe0b120a59558139610a21ccd11ce8612cfdb609337e1f != 68bbf1fc66c24500b6f818ad58da93471846096c55b8002adf9ecfdb844bf242
java.util.HashMap.putVal(int, java.lang.Object, java.lang.Object, boolean, boolean)java.lang.Object -1 graphSignature differs e7791656fc092c79846de086ac174a77724d28ea37325079a87bb0a5c313e8c0 != 5a74e12f320f5360d51b0bb3946f087ce2dce5afa144b15d312a3acc1621c4cf
Requesting uncached profile for bci 74 in java.util.HashMap.putVal(int, java.lang.Object, java.lang.Object, boolean, boolean)java.lang.Object method getBytecodeProfile
Requesting uncached profile for bci 74 in java.util.HashMap.putVal(int, java.lang.Object, java.lang.Object, boolean, boolean)java.lang.Object method getExceptionSeen
Requesting uncached profile for bci 81 in java.util.HashMap.putVal(int, java.lang.Object, java.lang.Object, boolean, boolean)java.lang.Object method getBytecodeProfile
Requesting uncached profile for bci 81 in java.util.HashMap.putVal(int, java.lang.Object, java.lang.Object, boolean, boolean)java.lang.Object method getBranchTakenProbability
Requesting uncached profile for bci 85 in java.util.HashMap.putVal(int, java.lang.Object, java.lang.Object, boolean, boolean)java.lang.Object method getBytecodeProfile
Requesting uncached profile for bci 85 in java.util.HashMap.putVal(int, java.lang.Object, java.lang.Object, boolean, boolean)java.lang.Object method getBranchTakenProbability
Requesting uncached profile for bci 91 in java.util.HashMap.putVal(int, java.lang.Object, java.lang.Object, boolean, boolean)java.lang.Object method getBytecodeProfile
Requesting uncached profile for bci 91 in java.util.HashMap.putVal(int, java.lang.Object, java.lang.Object, boolean, boolean)java.lang.Object method getExceptionSeen
Requesting uncached profile for bci 91 in java.util.HashMap.putVal(int, java.lang.Object, java.lang.Object, boolean, boolean)java.lang.Object method getTypeProfile
Requesting uncached profile for bci 94 in java.util.HashMap.putVal(int, java.lang.Object, java.lang.Object, boolean, boolean)java.lang.Object method getBytecodeProfile
Requesting uncached profile for bci 94 in java.util.HashMap.putVal(int, java.lang.Object, java.lang.Object, boolean, boolean)java.lang.Object method getBranchTakenProbability
Requesting not cached profile for java.lang.String.equals(java.lang.Object)boolean
java.util.HashMap.putVal(int, java.lang.Object, java.lang.Object, boolean, boolean)java.lang.Object -1 codeSignature differs b635005876c9cf9ac55bd9320b7937cfcf29e3a5b2bd889f612fb7bfb590ab08 != 68bbf1fc66c24500b6f818ad58da93471846096c55b8002adf9ecfdb844bf242
java.util.HashMap.putVal(int, java.lang.Object, java.lang.Object, boolean, boolean)java.lang.Object -1 graphSignature differs 576abc3dfa49e1424478d0e2b2d349b14fb924299f6e92f941a196917569506b != 5a74e12f320f5360d51b0bb3946f087ce2dce5afa144b15d312a3acc1621c4cf
Requesting uncached profile for bci 74 in java.util.HashMap.putVal(int, java.lang.Object, java.lang.Object, boolean, boolean)java.lang.Object method getBytecodeProfile
Requesting uncached profile for bci 74 in java.util.HashMap.putVal(int, java.lang.Object, java.lang.Object, boolean, boolean)java.lang.Object method getExceptionSeen
Requesting uncached profile for bci 81 in java.util.HashMap.putVal(int, java.lang.Object, java.lang.Object, boolean, boolean)java.lang.Object method getBytecodeProfile
Requesting uncached profile for bci 81 in java.util.HashMap.putVal(int, java.lang.Object, java.lang.Object, boolean, boolean)java.lang.Object method getBranchTakenProbability
Requesting uncached profile for bci 85 in java.util.HashMap.putVal(int, java.lang.Object, java.lang.Object, boolean, boolean)java.lang.Object method getBytecodeProfile
Requesting uncached profile for bci 85 in java.util.HashMap.putVal(int, java.lang.Object, java.lang.Object, boolean, boolean)java.lang.Object method getBranchTakenProbability
Requesting uncached profile for bci 91 in java.util.HashMap.putVal(int, java.lang.Object, java.lang.Object, boolean, boolean)java.lang.Object method getBytecodeProfile
Requesting uncached profile for bci 91 in java.util.HashMap.putVal(int, java.lang.Object, java.lang.Object, boolean, boolean)java.lang.Object method getExceptionSeen
Requesting uncached profile for bci 91 in java.util.HashMap.putVal(int, java.lang.Object, java.lang.Object, boolean, boolean)java.lang.Object method getTypeProfile
Requesting uncached profile for bci 94 in java.util.HashMap.putVal(int, java.lang.Object, java.lang.Object, boolean, boolean)java.lang.Object method getBytecodeProfile
Requesting uncached profile for bci 94 in java.util.HashMap.putVal(int, java.lang.Object, java.lang.Object, boolean, boolean)java.lang.Object method getBranchTakenProbability
Requesting not cached profile for java.lang.String.equals(java.lang.Object)boolean
java.util.HashMap.putVal(int, java.lang.Object, java.lang.Object, boolean, boolean)java.lang.Object -1 codeSignature differs 0a240841302131c1809e7ec1777c03d97df52e0a2c01d354de9655f1bc379010 != 68bbf1fc66c24500b6f818ad58da93471846096c55b8002adf9ecfdb844bf242
java.util.HashMap.putVal(int, java.lang.Object, java.lang.Object, boolean, boolean)java.lang.Object -1 graphSignature differs 52bc378255d8c412c74a2b2bf4edc1c93a6e3d3e4c7f8fd4c4a03278b3634e9e != 5a74e12f320f5360d51b0bb3946f087ce2dce5afa144b15d312a3acc1621c4cf
Requesting uncached profile for bci 74 in java.util.HashMap.putVal(int, java.lang.Object, java.lang.Object, boolean, boolean)java.lang.Object method getBytecodeProfile
Requesting uncached profile for bci 74 in java.util.HashMap.putVal(int, java.lang.Object, java.lang.Object, boolean, boolean)java.lang.Object method getExceptionSeen
Requesting uncached profile for bci 81 in java.util.HashMap.putVal(int, java.lang.Object, java.lang.Object, boolean, boolean)java.lang.Object method getBytecodeProfile
Requesting uncached profile for bci 81 in java.util.HashMap.putVal(int, java.lang.Object, java.lang.Object, boolean, boolean)java.lang.Object method getBranchTakenProbability
Requesting uncached profile for bci 85 in java.util.HashMap.putVal(int, java.lang.Object, java.lang.Object, boolean, boolean)java.lang.Object method getBytecodeProfile
Requesting uncached profile for bci 85 in java.util.HashMap.putVal(int, java.lang.Object, java.lang.Object, boolean, boolean)java.lang.Object method getBranchTakenProbability
Requesting uncached profile for bci 91 in java.util.HashMap.putVal(int, java.lang.Object, java.lang.Object, boolean, boolean)java.lang.Object method getBytecodeProfile
Requesting uncached profile for bci 91 in java.util.HashMap.putVal(int, java.lang.Object, java.lang.Object, boolean, boolean)java.lang.Object method getExceptionSeen
Requesting uncached profile for bci 91 in java.util.HashMap.putVal(int, java.lang.Object, java.lang.Object, boolean, boolean)java.lang.Object method getTypeProfile
Requesting uncached profile for bci 94 in java.util.HashMap.putVal(int, java.lang.Object, java.lang.Object, boolean, boolean)java.lang.Object method getBytecodeProfile
Requesting uncached profile for bci 94 in java.util.HashMap.putVal(int, java.lang.Object, java.lang.Object, boolean, boolean)java.lang.Object method getBranchTakenProbability
Requesting uncached profile for bci 229 in java.util.HashMap.putVal(int, java.lang.Object, java.lang.Object, boolean, boolean)java.lang.Object method getBytecodeProfile
Requesting uncached profile for bci 229 in java.util.HashMap.putVal(int, java.lang.Object, java.lang.Object, boolean, boolean)java.lang.Object method getExceptionSeen
Requesting uncached profile for bci 236 in java.util.HashMap.putVal(int, java.lang.Object, java.lang.Object, boolean, boolean)java.lang.Object method getBytecodeProfile
Requesting uncached profile for bci 236 in java.util.HashMap.putVal(int, java.lang.Object, java.lang.Object, boolean, boolean)java.lang.Object method getBranchTakenProbability
Requesting uncached profile for bci 247 in java.util.HashMap.putVal(int, java.lang.Object, java.lang.Object, boolean, boolean)java.lang.Object method getBytecodeProfile
Requesting uncached profile for bci 247 in java.util.HashMap.putVal(int, java.lang.Object, java.lang.Object, boolean, boolean)java.lang.Object method getExceptionSeen
Requesting uncached profile for bci 253 in java.util.HashMap.putVal(int, java.lang.Object, java.lang.Object, boolean, boolean)java.lang.Object method getBytecodeProfile
Requesting uncached profile for bci 253 in java.util.HashMap.putVal(int, java.lang.Object, java.lang.Object, boolean, boolean)java.lang.Object method getTypeProfile
Requesting uncached profile for bci 253 in java.util.HashMap.putVal(int, java.lang.Object, java.lang.Object, boolean, boolean)java.lang.Object method getExceptionSeen
Requesting not cached profile for java.lang.String.equals(java.lang.Object)boolean
Requesting not cached profile for java.util.HashMap.afterNodeAccess(java.util.HashMap$Node)void
Requesting not cached profile for java.util.LinkedHashMap.afterNodeAccess(java.util.HashMap$Node)void
Requesting uncached profile for bci 5 in java.util.LinkedHashMap.afterNodeAccess(java.util.HashMap$Node)void method getBytecodeProfile
Requesting uncached profile for bci 5 in java.util.LinkedHashMap.afterNodeAccess(java.util.HashMap$Node)void method getBranchTakenProbability
Requesting uncached profile for bci 12 in java.util.LinkedHashMap.afterNodeAccess(java.util.HashMap$Node)void method getBytecodeProfile
Requesting uncached profile for bci 12 in java.util.LinkedHashMap.afterNodeAccess(java.util.HashMap$Node)void method getBranchTakenProbability
Requesting uncached profile for bci 19 in java.util.LinkedHashMap.afterNodeAccess(java.util.HashMap$Node)void method getBytecodeProfile
Requesting uncached profile for bci 19 in java.util.LinkedHashMap.afterNodeAccess(java.util.HashMap$Node)void method getBranchTakenProbability
Requesting uncached profile for bci 29 in java.util.LinkedHashMap.afterNodeAccess(java.util.HashMap$Node)void method getBytecodeProfile
Requesting uncached profile for bci 29 in java.util.LinkedHashMap.afterNodeAccess(java.util.HashMap$Node)void method getBranchTakenProbability
Requesting uncached profile for bci 33 in java.util.LinkedHashMap.afterNodeAccess(java.util.HashMap$Node)void method getBytecodeProfile
Requesting uncached profile for bci 33 in java.util.LinkedHashMap.afterNodeAccess(java.util.HashMap$Node)void method getTypeProfile
Requesting uncached profile for bci 33 in java.util.LinkedHashMap.afterNodeAccess(java.util.HashMap$Node)void method getExceptionSeen
Requesting uncached profile for bci 40 in java.util.LinkedHashMap.afterNodeAccess(java.util.HashMap$Node)void method getBytecodeProfile
Requesting uncached profile for bci 40 in java.util.LinkedHashMap.afterNodeAccess(java.util.HashMap$Node)void method getExceptionSeen
Requesting uncached profile for bci 47 in java.util.LinkedHashMap.afterNodeAccess(java.util.HashMap$Node)void method getBytecodeProfile
Requesting uncached profile for bci 47 in java.util.LinkedHashMap.afterNodeAccess(java.util.HashMap$Node)void method getExceptionSeen
Requesting uncached profile for bci 55 in java.util.LinkedHashMap.afterNodeAccess(java.util.HashMap$Node)void method getBytecodeProfile
Requesting uncached profile for bci 55 in java.util.LinkedHashMap.afterNodeAccess(java.util.HashMap$Node)void method getExceptionSeen
Requesting uncached profile for bci 60 in java.util.LinkedHashMap.afterNodeAccess(java.util.HashMap$Node)void method getBytecodeProfile
Requesting uncached profile for bci 60 in java.util.LinkedHashMap.afterNodeAccess(java.util.HashMap$Node)void method getBranchTakenProbability
Requesting uncached profile for bci 76 in java.util.LinkedHashMap.afterNodeAccess(java.util.HashMap$Node)void method getBytecodeProfile
Requesting uncached profile for bci 76 in java.util.LinkedHashMap.afterNodeAccess(java.util.HashMap$Node)void method getExceptionSeen
Requesting uncached profile for bci 81 in java.util.LinkedHashMap.afterNodeAccess(java.util.HashMap$Node)void method getBytecodeProfile
Requesting uncached profile for bci 81 in java.util.LinkedHashMap.afterNodeAccess(java.util.HashMap$Node)void method getBranchTakenProbability
Requesting uncached profile for bci 88 in java.util.LinkedHashMap.afterNodeAccess(java.util.HashMap$Node)void method getBytecodeProfile
Requesting uncached profile for bci 88 in java.util.LinkedHashMap.afterNodeAccess(java.util.HashMap$Node)void method getExceptionSeen
Requesting uncached profile for bci 98 in java.util.LinkedHashMap.afterNodeAccess(java.util.HashMap$Node)void method getBytecodeProfile
Requesting uncached profile for bci 98 in java.util.LinkedHashMap.afterNodeAccess(java.util.HashMap$Node)void method getBranchTakenProbability
Requesting uncached profile for bci 113 in java.util.LinkedHashMap.afterNodeAccess(java.util.HashMap$Node)void method getBytecodeProfile
Requesting uncached profile for bci 113 in java.util.LinkedHashMap.afterNodeAccess(java.util.HashMap$Node)void method getExceptionSeen
Requesting uncached profile for bci 119 in java.util.LinkedHashMap.afterNodeAccess(java.util.HashMap$Node)void method getBytecodeProfile
Requesting uncached profile for bci 119 in java.util.LinkedHashMap.afterNodeAccess(java.util.HashMap$Node)void method getExceptionSeen
Requesting uncached profile for bci 146 in java.util.LinkedHashMap.afterNodeAccess(java.util.HashMap$Node)void method getBytecodeProfile
Requesting uncached profile for bci 146 in java.util.LinkedHashMap.afterNodeAccess(java.util.HashMap$Node)void method getBranchTakenProbability
Requesting uncached profile for bci 156 in java.util.LinkedHashMap.afterNodeAccess(java.util.HashMap$Node)void method getBytecodeProfile
Requesting uncached profile for bci 156 in java.util.LinkedHashMap.afterNodeAccess(java.util.HashMap$Node)void method getBranchTakenProbability
Requesting uncached profile for bci 160 in java.util.LinkedHashMap.afterNodeAccess(java.util.HashMap$Node)void method getBytecodeProfile
Requesting uncached profile for bci 160 in java.util.LinkedHashMap.afterNodeAccess(java.util.HashMap$Node)void method getTypeProfile
Requesting uncached profile for bci 160 in java.util.LinkedHashMap.afterNodeAccess(java.util.HashMap$Node)void method getExceptionSeen
Requesting uncached profile for bci 167 in java.util.LinkedHashMap.afterNodeAccess(java.util.HashMap$Node)void method getBytecodeProfile
Requesting uncached profile for bci 167 in java.util.LinkedHashMap.afterNodeAccess(java.util.HashMap$Node)void method getExceptionSeen
Requesting uncached profile for bci 174 in java.util.LinkedHashMap.afterNodeAccess(java.util.HashMap$Node)void method getBytecodeProfile
Requesting uncached profile for bci 174 in java.util.LinkedHashMap.afterNodeAccess(java.util.HashMap$Node)void method getExceptionSeen
Requesting uncached profile for bci 182 in java.util.LinkedHashMap.afterNodeAccess(java.util.HashMap$Node)void method getBytecodeProfile
Requesting uncached profile for bci 182 in java.util.LinkedHashMap.afterNodeAccess(java.util.HashMap$Node)void method getExceptionSeen
Requesting uncached profile for bci 187 in java.util.LinkedHashMap.afterNodeAccess(java.util.HashMap$Node)void method getBytecodeProfile
Requesting uncached profile for bci 187 in java.util.LinkedHashMap.afterNodeAccess(java.util.HashMap$Node)void method getBranchTakenProbability
Requesting uncached profile for bci 203 in java.util.LinkedHashMap.afterNodeAccess(java.util.HashMap$Node)void method getBytecodeProfile
Requesting uncached profile for bci 203 in java.util.LinkedHashMap.afterNodeAccess(java.util.HashMap$Node)void method getExceptionSeen
Requesting uncached profile for bci 208 in java.util.LinkedHashMap.afterNodeAccess(java.util.HashMap$Node)void method getBytecodeProfile
Requesting uncached profile for bci 208 in java.util.LinkedHashMap.afterNodeAccess(java.util.HashMap$Node)void method getBranchTakenProbability
Requesting uncached profile for bci 215 in java.util.LinkedHashMap.afterNodeAccess(java.util.HashMap$Node)void method getBytecodeProfile
Requesting uncached profile for bci 215 in java.util.LinkedHashMap.afterNodeAccess(java.util.HashMap$Node)void method getExceptionSeen
Requesting uncached profile for bci 225 in java.util.LinkedHashMap.afterNodeAccess(java.util.HashMap$Node)void method getBytecodeProfile
Requesting uncached profile for bci 225 in java.util.LinkedHashMap.afterNodeAccess(java.util.HashMap$Node)void method getBranchTakenProbability
Requesting uncached profile for bci 240 in java.util.LinkedHashMap.afterNodeAccess(java.util.HashMap$Node)void method getBytecodeProfile
Requesting uncached profile for bci 240 in java.util.LinkedHashMap.afterNodeAccess(java.util.HashMap$Node)void method getExceptionSeen
Requesting uncached profile for bci 246 in java.util.LinkedHashMap.afterNodeAccess(java.util.HashMap$Node)void method getBytecodeProfile
Requesting uncached profile for bci 246 in java.util.LinkedHashMap.afterNodeAccess(java.util.HashMap$Node)void method getExceptionSeen
java.util.HashMap.putVal(int, java.lang.Object, java.lang.Object, boolean, boolean)java.lang.Object -1 codeSignature differs 9354e2f8ff1493f6b67fe928ca19a7dbeb28199e84baee496d08cf6c9b481acc != 68bbf1fc66c24500b6f818ad58da93471846096c55b8002adf9ecfdb844bf242
java.util.HashMap.putVal(int, java.lang.Object, java.lang.Object, boolean, boolean)java.lang.Object -1 graphSignature differs 9d7f1739c256adf33f0fe046d888e033f4ba1eafff2e65c15f8992c48a93f670 != 5a74e12f320f5360d51b0bb3946f087ce2dce5afa144b15d312a3acc1621c4cf
Requesting uncached profile for bci 74 in java.util.HashMap.putVal(int, java.lang.Object, java.lang.Object, boolean, boolean)java.lang.Object method getBytecodeProfile
Requesting uncached profile for bci 74 in java.util.HashMap.putVal(int, java.lang.Object, java.lang.Object, boolean, boolean)java.lang.Object method getExceptionSeen
Requesting uncached profile for bci 81 in java.util.HashMap.putVal(int, java.lang.Object, java.lang.Object, boolean, boolean)java.lang.Object method getBytecodeProfile
Requesting uncached profile for bci 81 in java.util.HashMap.putVal(int, java.lang.Object, java.lang.Object, boolean, boolean)java.lang.Object method getBranchTakenProbability
Requesting uncached profile for bci 85 in java.util.HashMap.putVal(int, java.lang.Object, java.lang.Object, boolean, boolean)java.lang.Object method getBytecodeProfile
Requesting uncached profile for bci 85 in java.util.HashMap.putVal(int, java.lang.Object, java.lang.Object, boolean, boolean)java.lang.Object method getBranchTakenProbability
Requesting uncached profile for bci 91 in java.util.HashMap.putVal(int, java.lang.Object, java.lang.Object, boolean, boolean)java.lang.Object method getBytecodeProfile
Requesting uncached profile for bci 91 in java.util.HashMap.putVal(int, java.lang.Object, java.lang.Object, boolean, boolean)java.lang.Object method getExceptionSeen
Requesting uncached profile for bci 91 in java.util.HashMap.putVal(int, java.lang.Object, java.lang.Object, boolean, boolean)java.lang.Object method getTypeProfile
Requesting uncached profile for bci 94 in java.util.HashMap.putVal(int, java.lang.Object, java.lang.Object, boolean, boolean)java.lang.Object method getBytecodeProfile
Requesting uncached profile for bci 94 in java.util.HashMap.putVal(int, java.lang.Object, java.lang.Object, boolean, boolean)java.lang.Object method getBranchTakenProbability
Requesting uncached profile for bci 186 in java.util.HashMap.putVal(int, java.lang.Object, java.lang.Object, boolean, boolean)java.lang.Object method getBytecodeProfile
Requesting uncached profile for bci 186 in java.util.HashMap.putVal(int, java.lang.Object, java.lang.Object, boolean, boolean)java.lang.Object method getExceptionSeen
Requesting uncached profile for bci 193 in java.util.HashMap.putVal(int, java.lang.Object, java.lang.Object, boolean, boolean)java.lang.Object method getBytecodeProfile
Requesting uncached profile for bci 193 in java.util.HashMap.putVal(int, java.lang.Object, java.lang.Object, boolean, boolean)java.lang.Object method getBranchTakenProbability
Requesting uncached profile for bci 197 in java.util.HashMap.putVal(int, java.lang.Object, java.lang.Object, boolean, boolean)java.lang.Object method getBytecodeProfile
Requesting uncached profile for bci 197 in java.util.HashMap.putVal(int, java.lang.Object, java.lang.Object, boolean, boolean)java.lang.Object method getBranchTakenProbability
Requesting uncached profile for bci 203 in java.util.HashMap.putVal(int, java.lang.Object, java.lang.Object, boolean, boolean)java.lang.Object method getBytecodeProfile
Requesting uncached profile for bci 203 in java.util.HashMap.putVal(int, java.lang.Object, java.lang.Object, boolean, boolean)java.lang.Object method getExceptionSeen
Requesting uncached profile for bci 203 in java.util.HashMap.putVal(int, java.lang.Object, java.lang.Object, boolean, boolean)java.lang.Object method getTypeProfile
Requesting uncached profile for bci 206 in java.util.HashMap.putVal(int, java.lang.Object, java.lang.Object, boolean, boolean)java.lang.Object method getBytecodeProfile
Requesting uncached profile for bci 206 in java.util.HashMap.putVal(int, java.lang.Object, java.lang.Object, boolean, boolean)java.lang.Object method getBranchTakenProbability
Requesting uncached profile for bci 229 in java.util.HashMap.putVal(int, java.lang.Object, java.lang.Object, boolean, boolean)java.lang.Object method getBytecodeProfile
Requesting uncached profile for bci 229 in java.util.HashMap.putVal(int, java.lang.Object, java.lang.Object, boolean, boolean)java.lang.Object method getExceptionSeen
Requesting uncached profile for bci 236 in java.util.HashMap.putVal(int, java.lang.Object, java.lang.Object, boolean, boolean)java.lang.Object method getBytecodeProfile
Requesting uncached profile for bci 236 in java.util.HashMap.putVal(int, java.lang.Object, java.lang.Object, boolean, boolean)java.lang.Object method getBranchTakenProbability
Requesting uncached profile for bci 247 in java.util.HashMap.putVal(int, java.lang.Object, java.lang.Object, boolean, boolean)java.lang.Object method getBytecodeProfile
Requesting uncached profile for bci 247 in java.util.HashMap.putVal(int, java.lang.Object, java.lang.Object, boolean, boolean)java.lang.Object method getExceptionSeen
Requesting uncached profile for bci 253 in java.util.HashMap.putVal(int, java.lang.Object, java.lang.Object, boolean, boolean)java.lang.Object method getBytecodeProfile
Requesting uncached profile for bci 253 in java.util.HashMap.putVal(int, java.lang.Object, java.lang.Object, boolean, boolean)java.lang.Object method getTypeProfile
Requesting uncached profile for bci 253 in java.util.HashMap.putVal(int, java.lang.Object, java.lang.Object, boolean, boolean)java.lang.Object method getExceptionSeen
Requesting not cached profile for java.lang.String.equals(java.lang.Object)boolean
Requesting not cached profile for java.util.HashMap.afterNodeAccess(java.util.HashMap$Node)void
Requesting not cached profile for java.util.LinkedHashMap.afterNodeAccess(java.util.HashMap$Node)void
Requesting uncached profile for bci 5 in java.util.LinkedHashMap.afterNodeAccess(java.util.HashMap$Node)void method getBytecodeProfile
Requesting uncached profile for bci 5 in java.util.LinkedHashMap.afterNodeAccess(java.util.HashMap$Node)void method getBranchTakenProbability
Requesting uncached profile for bci 12 in java.util.LinkedHashMap.afterNodeAccess(java.util.HashMap$Node)void method getBytecodeProfile
Requesting uncached profile for bci 12 in java.util.LinkedHashMap.afterNodeAccess(java.util.HashMap$Node)void method getBranchTakenProbability
Requesting uncached profile for bci 19 in java.util.LinkedHashMap.afterNodeAccess(java.util.HashMap$Node)void method getBytecodeProfile
Requesting uncached profile for bci 19 in java.util.LinkedHashMap.afterNodeAccess(java.util.HashMap$Node)void method getBranchTakenProbability
Requesting uncached profile for bci 29 in java.util.LinkedHashMap.afterNodeAccess(java.util.HashMap$Node)void method getBytecodeProfile
Requesting uncached profile for bci 29 in java.util.LinkedHashMap.afterNodeAccess(java.util.HashMap$Node)void method getBranchTakenProbability
Requesting uncached profile for bci 33 in java.util.LinkedHashMap.afterNodeAccess(java.util.HashMap$Node)void method getBytecodeProfile
Requesting uncached profile for bci 33 in java.util.LinkedHashMap.afterNodeAccess(java.util.HashMap$Node)void method getTypeProfile
Requesting uncached profile for bci 33 in java.util.LinkedHashMap.afterNodeAccess(java.util.HashMap$Node)void method getExceptionSeen
Requesting uncached profile for bci 40 in java.util.LinkedHashMap.afterNodeAccess(java.util.HashMap$Node)void method getBytecodeProfile
Requesting uncached profile for bci 40 in java.util.LinkedHashMap.afterNodeAccess(java.util.HashMap$Node)void method getExceptionSeen
Requesting uncached profile for bci 47 in java.util.LinkedHashMap.afterNodeAccess(java.util.HashMap$Node)void method getBytecodeProfile
Requesting uncached profile for bci 47 in java.util.LinkedHashMap.afterNodeAccess(java.util.HashMap$Node)void method getExceptionSeen
Requesting uncached profile for bci 55 in java.util.LinkedHashMap.afterNodeAccess(java.util.HashMap$Node)void method getBytecodeProfile
Requesting uncached profile for bci 55 in java.util.LinkedHashMap.afterNodeAccess(java.util.HashMap$Node)void method getExceptionSeen
Requesting uncached profile for bci 60 in java.util.LinkedHashMap.afterNodeAccess(java.util.HashMap$Node)void method getBytecodeProfile
Requesting uncached profile for bci 60 in java.util.LinkedHashMap.afterNodeAccess(java.util.HashMap$Node)void method getBranchTakenProbability
Requesting uncached profile for bci 76 in java.util.LinkedHashMap.afterNodeAccess(java.util.HashMap$Node)void method getBytecodeProfile
Requesting uncached profile for bci 76 in java.util.LinkedHashMap.afterNodeAccess(java.util.HashMap$Node)void method getExceptionSeen
Requesting uncached profile for bci 81 in java.util.LinkedHashMap.afterNodeAccess(java.util.HashMap$Node)void method getBytecodeProfile
Requesting uncached profile for bci 81 in java.util.LinkedHashMap.afterNodeAccess(java.util.HashMap$Node)void method getBranchTakenProbability
Requesting uncached profile for bci 88 in java.util.LinkedHashMap.afterNodeAccess(java.util.HashMap$Node)void method getBytecodeProfile
Requesting uncached profile for bci 88 in java.util.LinkedHashMap.afterNodeAccess(java.util.HashMap$Node)void method getExceptionSeen
Requesting uncached profile for bci 98 in java.util.LinkedHashMap.afterNodeAccess(java.util.HashMap$Node)void method getBytecodeProfile
Requesting uncached profile for bci 98 in java.util.LinkedHashMap.afterNodeAccess(java.util.HashMap$Node)void method getBranchTakenProbability
Requesting uncached profile for bci 113 in java.util.LinkedHashMap.afterNodeAccess(java.util.HashMap$Node)void method getBytecodeProfile
Requesting uncached profile for bci 113 in java.util.LinkedHashMap.afterNodeAccess(java.util.HashMap$Node)void method getExceptionSeen
Requesting uncached profile for bci 119 in java.util.LinkedHashMap.afterNodeAccess(java.util.HashMap$Node)void method getBytecodeProfile
Requesting uncached profile for bci 119 in java.util.LinkedHashMap.afterNodeAccess(java.util.HashMap$Node)void method getExceptionSeen
Requesting uncached profile for bci 146 in java.util.LinkedHashMap.afterNodeAccess(java.util.HashMap$Node)void method getBytecodeProfile
Requesting uncached profile for bci 146 in java.util.LinkedHashMap.afterNodeAccess(java.util.HashMap$Node)void method getBranchTakenProbability
Requesting uncached profile for bci 156 in java.util.LinkedHashMap.afterNodeAccess(java.util.HashMap$Node)void method getBytecodeProfile
Requesting uncached profile for bci 156 in java.util.LinkedHashMap.afterNodeAccess(java.util.HashMap$Node)void method getBranchTakenProbability
Requesting uncached profile for bci 160 in java.util.LinkedHashMap.afterNodeAccess(java.util.HashMap$Node)void method getBytecodeProfile
Requesting uncached profile for bci 160 in java.util.LinkedHashMap.afterNodeAccess(java.util.HashMap$Node)void method getTypeProfile
Requesting uncached profile for bci 160 in java.util.LinkedHashMap.afterNodeAccess(java.util.HashMap$Node)void method getExceptionSeen
Requesting uncached profile for bci 167 in java.util.LinkedHashMap.afterNodeAccess(java.util.HashMap$Node)void method getBytecodeProfile
Requesting uncached profile for bci 167 in java.util.LinkedHashMap.afterNodeAccess(java.util.HashMap$Node)void method getExceptionSeen
Requesting uncached profile for bci 174 in java.util.LinkedHashMap.afterNodeAccess(java.util.HashMap$Node)void method getBytecodeProfile
Requesting uncached profile for bci 174 in java.util.LinkedHashMap.afterNodeAccess(java.util.HashMap$Node)void method getExceptionSeen
Requesting uncached profile for bci 182 in java.util.LinkedHashMap.afterNodeAccess(java.util.HashMap$Node)void method getBytecodeProfile
Requesting uncached profile for bci 182 in java.util.LinkedHashMap.afterNodeAccess(java.util.HashMap$Node)void method getExceptionSeen
Requesting uncached profile for bci 187 in java.util.LinkedHashMap.afterNodeAccess(java.util.HashMap$Node)void method getBytecodeProfile
Requesting uncached profile for bci 187 in java.util.LinkedHashMap.afterNodeAccess(java.util.HashMap$Node)void method getBranchTakenProbability
Requesting uncached profile for bci 203 in java.util.LinkedHashMap.afterNodeAccess(java.util.HashMap$Node)void method getBytecodeProfile
Requesting uncached profile for bci 203 in java.util.LinkedHashMap.afterNodeAccess(java.util.HashMap$Node)void method getExceptionSeen
Requesting uncached profile for bci 208 in java.util.LinkedHashMap.afterNodeAccess(java.util.HashMap$Node)void method getBytecodeProfile
Requesting uncached profile for bci 208 in java.util.LinkedHashMap.afterNodeAccess(java.util.HashMap$Node)void method getBranchTakenProbability
Requesting uncached profile for bci 215 in java.util.LinkedHashMap.afterNodeAccess(java.util.HashMap$Node)void method getBytecodeProfile
Requesting uncached profile for bci 215 in java.util.LinkedHashMap.afterNodeAccess(java.util.HashMap$Node)void method getExceptionSeen
Requesting uncached profile for bci 225 in java.util.LinkedHashMap.afterNodeAccess(java.util.HashMap$Node)void method getBytecodeProfile
Requesting uncached profile for bci 225 in java.util.LinkedHashMap.afterNodeAccess(java.util.HashMap$Node)void method getBranchTakenProbability
Requesting uncached profile for bci 240 in java.util.LinkedHashMap.afterNodeAccess(java.util.HashMap$Node)void method getBytecodeProfile
Requesting uncached profile for bci 240 in java.util.LinkedHashMap.afterNodeAccess(java.util.HashMap$Node)void method getExceptionSeen
Requesting uncached profile for bci 246 in java.util.LinkedHashMap.afterNodeAccess(java.util.HashMap$Node)void method getBytecodeProfile
Requesting uncached profile for bci 246 in java.util.LinkedHashMap.afterNodeAccess(java.util.HashMap$Node)void method getExceptionSeen
java.util.HashMap.putVal(int, java.lang.Object, java.lang.Object, boolean, boolean)java.lang.Object -1 codeSignature differs e6f0758b0cf65bf16fc65d651a60e07c3f5ed5f6048aca4396f15b3d91489e8b != 68bbf1fc66c24500b6f818ad58da93471846096c55b8002adf9ecfdb844bf242
java.util.HashMap.putVal(int, java.lang.Object, java.lang.Object, boolean, boolean)java.lang.Object -1 graphSignature differs 25cdcbaa530828e04c00358528980f466b9c06bf3b677691d64c48250d1323d2 != 5a74e12f320f5360d51b0bb3946f087ce2dce5afa144b15d312a3acc1621c4cf
java.lang.Integer.intValue()int -1 codeSignature differs d4ce072063a0e5d7b77fa03ca89aafb8f3e3ecf13c518dc1905e344d1e62c58a != 6379912ece14b3e5c494001bcdbf513550438500c9fe64692666ea4804585a5b
[1.639s][info][jfr,startup] Started recording 1. No limit specified, using maxsize=250MB as default.
[1.639s][info][jfr,startup] 
[1.639s][info][jfr,startup] Use jcmd 284945 JFR.dump name=Permute_noSlow_JFR to copy recording data to file.
Requesting not cached profile for java.lang.StringBuilder.length()int
Requesting not cached profile for java.lang.StringBuilder.length()int
java.lang.StringBuilder.length()int -1 codeSignature differs d4ce072063a0e5d7b77fa03ca89aafb8f3e3ecf13c518dc1905e344d1e62c58a != 6379912ece14b3e5c494001bcdbf513550438500c9fe64692666ea4804585a5b
java.nio.Buffer.position()int -1 codeSignature differs 3f64cd4fafea8a3cef87601314961681d43f2aa75c3a358c1b0ce8d9a1c4731a != f5a100836d3b6c24d5617122379fdd07d38ba4b008ea9ae91e48aa3956773271
Starting Permute benchmark ...
Permute.swap(int, int)void -1 codeSignature differs 48412674e470f5fb905115272cf3ae2fa3e24dae50418b77c3ca7f3261d12997 != 07ba270e91ba58125ca4c608da5b8275d4960bec015ee1130fbb414f174cc931
Permute.permute(int)void -1 codeSignature differs 478856a4d3cbb63290b60cc246dbff7659899cefe307afcbe39840824c276c9c != dc773128fabcb65c3b9c2abe50e5bce67f00a56dff970b089b8a7bdca2ed8631
Permute.permute(int)void -1 graphSignature differs abd2e7407c6ce0088940d6659ac59b19874135c563c791346174e1d3d2e4cbd8 != 2f4526a15e076c8b88ff827c2b0e2eca5ae0b810ae1cafa99095f518efabf429
Permute: iterations=1 runtime: 123880us
Permute.benchmark()java.lang.Object -1 codeSignature differs 8a2039213910d2826356b8593e6adda510aaf4626fb757c1b6d2e929c813d98f != bab95dde51de701ffd3c72d131c2b9faf0c91df4cf5880695824bee718035fe4
Permute.verifyResult(java.lang.Object)boolean -1 codeSignature differs fbf9a4230a3a8c432d9d359431d25e547864dc56fc8848d1c47e1fb49b1053b9 != 15b17b3be0912d73715008105f10eaf3ba68166d601f6e22590c6b9a5141a9ba
Permute: iterations=2 runtime: 142230us
Permute: iterations=3 runtime: 98634us
Permute: iterations=4 runtime: 98595us
Permute: iterations=5 runtime: 98578us
Benchmark.innerBenchmarkLoop(int)boolean -1 codeSignature differs cc1a330f8a4e824dd3b0a847b080567a3ee25d827a4648e28b76fd58316d4863 != 0db363af2c24544daa32239fc77ec51c1badf8a92cdc6bdd71df9b03f5ef528f
Benchmark.innerBenchmarkLoop(int)boolean -1 graphSignature differs 8b3ae3a1a8b823b59df7d3586c5c49b80071146e8c8340e1f700396c6378e871 != f2a1cd43368857fe4dfccc17f901764091c4976ee47ed2acb22d5bdae9c382ba
Permute: iterations=6 runtime: 219839us
Permute: iterations=7 runtime: 98384us
Permute: iterations=8 runtime: 98266us
Permute: iterations=9 runtime: 98276us
Permute: iterations=10 runtime: 98263us
Permute: iterations=11 runtime: 98324us
Permute: iterations=12 runtime: 98275us
Permute: iterations=13 runtime: 98391us
Permute: iterations=14 runtime: 98358us
Permute: iterations=15 runtime: 98439us
Permute: iterations=16 runtime: 98343us
Permute: iterations=17 runtime: 98457us
Could not locate BlockSlowdown.json
Skipping Loading (this might cause a fatal crash if GTSlowdown is on)
Permute: iterations=18 runtime: 98371us
Permute: iterations=19 runtime: 98443us
Permute: iterations=20 runtime: 98329us
Permute: iterations=21 runtime: 98528us
Permute: iterations=22 runtime: 98372us
Permute: iterations=23 runtime: 98356us
Permute: iterations=24 runtime: 98745us
Permute: iterations=25 runtime: 98452us
Permute: iterations=26 runtime: 98348us
Permute: iterations=27 runtime: 98393us
Permute: iterations=28 runtime: 98392us
Permute: iterations=29 runtime: 99536us
Permute: iterations=30 runtime: 98303us
java.nio.Buffer.capacity()int -1 codeSignature differs 138bc711c3bed648b8548df225303894eec321dce856bde9fbb2267d74239e89 != b84da6c168a864b24de57055760067fff8c97c57c508d6b8c6ea52df12fe61fe
Permute: iterations=31 runtime: 98351us
Permute: iterations=32 runtime: 98245us
Permute: iterations=33 runtime: 98332us
Permute: iterations=34 runtime: 98252us
Permute: iterations=35 runtime: 98336us
Permute: iterations=36 runtime: 98369us
Permute: iterations=37 runtime: 98375us
Permute: iterations=38 runtime: 98225us
Permute: iterations=39 runtime: 98472us
Permute: iterations=40 runtime: 98257us
Permute: iterations=41 runtime: 98322us
Permute: iterations=42 runtime: 98375us
Permute: iterations=43 runtime: 114168us
Permute: iterations=44 runtime: 98239us
Permute: iterations=45 runtime: 98249us
Permute: iterations=46 runtime: 98207us
Permute: iterations=47 runtime: 98253us
Permute: iterations=48 runtime: 98214us
Permute: iterations=49 runtime: 98194us
Permute: iterations=50 runtime: 98192us
Permute: iterations=51 runtime: 98353us
Permute: iterations=52 runtime: 104280us
Permute: iterations=53 runtime: 101432us
Permute: iterations=54 runtime: 98211us
Permute: iterations=55 runtime: 98339us
Permute: iterations=56 runtime: 98257us
Permute: iterations=57 runtime: 98242us
Permute: iterations=58 runtime: 98232us
Permute: iterations=59 runtime: 98207us
Permute: iterations=60 runtime: 98238us
Permute: iterations=61 runtime: 98212us
Permute: iterations=62 runtime: 98188us
Permute: iterations=63 runtime: 98209us
Permute: iterations=64 runtime: 98181us
Permute: iterations=65 runtime: 98150us
Permute: iterations=66 runtime: 98350us
Permute: iterations=67 runtime: 98197us
Permute: iterations=68 runtime: 98197us
Permute: iterations=69 runtime: 98210us
Permute: iterations=70 runtime: 98224us
Permute: iterations=71 runtime: 98263us
Permute: iterations=72 runtime: 98213us
Permute: iterations=73 runtime: 98235us
Permute: iterations=74 runtime: 98228us
Permute: iterations=75 runtime: 98254us
Permute: iterations=76 runtime: 98276us
Permute: iterations=77 runtime: 98230us
Permute: iterations=78 runtime: 98214us
Permute: iterations=79 runtime: 98207us
Permute: iterations=80 runtime: 98257us
Permute: iterations=81 runtime: 98313us
Permute: iterations=82 runtime: 98215us
Permute: iterations=83 runtime: 98223us
Permute: iterations=84 runtime: 98268us
Permute: iterations=85 runtime: 98209us
Permute: iterations=86 runtime: 98282us
Permute: iterations=87 runtime: 98235us
Permute: iterations=88 runtime: 98252us
Permute: iterations=89 runtime: 98175us
Permute: iterations=90 runtime: 98196us
Permute: iterations=91 runtime: 98214us
Permute: iterations=92 runtime: 98240us
Permute: iterations=93 runtime: 98566us
Permute: iterations=94 runtime: 98439us
Permute: iterations=95 runtime: 98220us
Permute: iterations=96 runtime: 98388us
Permute: iterations=97 runtime: 98141us
Permute: iterations=98 runtime: 98216us
Permute: iterations=99 runtime: 98166us
Permute: iterations=100 runtime: 98177us
Permute: iterations=101 runtime: 98206us
Permute: iterations=102 runtime: 98209us
Permute: iterations=103 runtime: 98262us
Permute: iterations=104 runtime: 98226us
Could not locate BlockSlowdown.json
Skipping Loading (this might cause a fatal crash if GTSlowdown is on)
Permute: iterations=105 runtime: 98348us
Permute: iterations=106 runtime: 98245us
Permute: iterations=107 runtime: 98667us
Permute: iterations=108 runtime: 98140us
Permute: iterations=109 runtime: 98211us
Permute: iterations=110 runtime: 98265us
Permute: iterations=111 runtime: 98318us
Permute: iterations=112 runtime: 98279us
Permute: iterations=113 runtime: 98260us
Permute: iterations=114 runtime: 98214us
Could not locate BlockSlowdown.json
Skipping Loading (this might cause a fatal crash if GTSlowdown is on)
java.nio.charset.CharsetEncoder.maxBytesPerChar()float -1 codeSignature differs d0dc63dd2361c2989cb14e4cf77bfb3442e0a43d3c92bbd78638646fefb8363f != fc84c03091d44b6099141a22fdb9f6cfabe66e5026a15b0d60a828a10b5481b9
Permute: iterations=115 runtime: 98250us
Permute: iterations=116 runtime: 98288us
Permute: iterations=117 runtime: 98198us
Permute: iterations=118 runtime: 98180us
Permute: iterations=119 runtime: 98194us
Permute: iterations=120 runtime: 98226us
Permute: iterations=121 runtime: 98218us
Permute: iterations=122 runtime: 98223us
Permute: iterations=123 runtime: 98228us
Permute: iterations=124 runtime: 98200us
Permute: iterations=125 runtime: 98691us
Permute: iterations=126 runtime: 98358us
Permute: iterations=127 runtime: 98214us
Permute: iterations=128 runtime: 98282us
Permute: iterations=129 runtime: 98193us
Permute: iterations=130 runtime: 98425us
Permute: iterations=131 runtime: 98243us
Permute: iterations=132 runtime: 98254us
Permute: iterations=133 runtime: 98244us
Permute: iterations=134 runtime: 98192us
Permute: iterations=135 runtime: 98252us
Permute: iterations=136 runtime: 98190us
Permute: iterations=137 runtime: 98233us
Permute: iterations=138 runtime: 98215us
Permute: iterations=139 runtime: 98318us
Permute: iterations=140 runtime: 98251us
Permute: iterations=141 runtime: 98310us
Permute: iterations=142 runtime: 98311us
Permute: iterations=143 runtime: 98273us
Permute: iterations=144 runtime: 98611us
Permute: iterations=145 runtime: 98404us
Permute: iterations=146 runtime: 98203us
Permute: iterations=147 runtime: 98234us
Permute: iterations=148 runtime: 98225us
Permute: iterations=149 runtime: 98253us
Permute: iterations=150 runtime: 98263us
Permute: iterations=151 runtime: 98175us
Permute: iterations=152 runtime: 98220us
Permute: iterations=153 runtime: 98206us
Permute: iterations=154 runtime: 98229us
Permute: iterations=155 runtime: 98306us
Permute: iterations=156 runtime: 98314us
Permute: iterations=157 runtime: 98397us
Permute: iterations=158 runtime: 98291us
Permute: iterations=159 runtime: 98265us
Permute: iterations=160 runtime: 98222us
Permute: iterations=161 runtime: 98227us
Permute: iterations=162 runtime: 98189us
Permute: iterations=163 runtime: 98228us
Permute: iterations=164 runtime: 98202us
Permute: iterations=165 runtime: 98234us
Permute: iterations=166 runtime: 98227us
Permute: iterations=167 runtime: 98233us
Permute: iterations=168 runtime: 98151us
Permute: iterations=169 runtime: 98153us
Permute: iterations=170 runtime: 98240us
Permute: iterations=171 runtime: 98337us
Permute: iterations=172 runtime: 98238us
Permute: iterations=173 runtime: 98234us
Permute: iterations=174 runtime: 98234us
Permute: iterations=175 runtime: 98199us
Permute: iterations=176 runtime: 98260us
Permute: iterations=177 runtime: 98257us
Permute: iterations=178 runtime: 98201us
Permute: iterations=179 runtime: 98255us
Permute: iterations=180 runtime: 98220us
Permute: iterations=181 runtime: 98243us
Permute: iterations=182 runtime: 98251us
Permute: iterations=183 runtime: 98220us
Permute: iterations=184 runtime: 98188us
Permute: iterations=185 runtime: 98273us
Permute: iterations=186 runtime: 98280us
Permute: iterations=187 runtime: 98255us
Permute: iterations=188 runtime: 98196us
Permute: iterations=189 runtime: 98159us
Permute: iterations=190 runtime: 98191us
Permute: iterations=191 runtime: 98247us
Permute: iterations=192 runtime: 98218us
Permute: iterations=193 runtime: 98243us
Permute: iterations=194 runtime: 98309us
Permute: iterations=195 runtime: 98621us
Permute: iterations=196 runtime: 98451us
Permute: iterations=197 runtime: 98196us
Permute: iterations=198 runtime: 98248us
Permute: iterations=199 runtime: 98228us
Permute: iterations=200 runtime: 98242us
Permute: iterations=201 runtime: 98335us
Permute: iterations=202 runtime: 98230us
Permute: iterations=203 runtime: 98235us
Permute: iterations=204 runtime: 98215us
Permute: iterations=205 runtime: 98201us
Permute: iterations=206 runtime: 98278us
Permute: iterations=207 runtime: 98245us
Permute: iterations=208 runtime: 98238us
Permute: iterations=209 runtime: 98176us
Permute: iterations=210 runtime: 98278us
Permute: iterations=211 runtime: 98681us
Permute: iterations=212 runtime: 98197us
Permute: iterations=213 runtime: 98245us
Permute: iterations=214 runtime: 98238us
Permute: iterations=215 runtime: 98186us
Permute: iterations=216 runtime: 101692us
Permute: iterations=217 runtime: 98272us
Permute: iterations=218 runtime: 98290us
Permute: iterations=219 runtime: 98227us
Permute: iterations=220 runtime: 98131us
Permute: iterations=221 runtime: 98144us
Permute: iterations=222 runtime: 98211us
Permute: iterations=223 runtime: 98203us
Permute: iterations=224 runtime: 98199us
Permute: iterations=225 runtime: 98217us
Permute: iterations=226 runtime: 98204us
Permute: iterations=227 runtime: 98195us
Permute: iterations=228 runtime: 98503us
Permute: iterations=229 runtime: 98228us
Permute: iterations=230 runtime: 98207us
Permute: iterations=231 runtime: 98183us
Permute: iterations=232 runtime: 98232us
Permute: iterations=233 runtime: 98233us
Permute: iterations=234 runtime: 98232us
Permute: iterations=235 runtime: 98196us
Permute: iterations=236 runtime: 98268us
Permute: iterations=237 runtime: 98200us
Permute: iterations=238 runtime: 98274us
Permute: iterations=239 runtime: 98142us
Permute: iterations=240 runtime: 98202us
Permute: iterations=241 runtime: 98414us
Permute: iterations=242 runtime: 98258us
Permute: iterations=243 runtime: 98227us
Permute: iterations=244 runtime: 98257us
Permute: iterations=245 runtime: 98301us
Permute: iterations=246 runtime: 98547us
Permute: iterations=247 runtime: 98337us
Permute: iterations=248 runtime: 98722us
Permute: iterations=249 runtime: 98262us
Permute: iterations=250 runtime: 98164us
Permute: iterations=251 runtime: 98218us
Permute: iterations=252 runtime: 98226us
Permute: iterations=253 runtime: 98165us
Permute: iterations=254 runtime: 98160us
Permute: iterations=255 runtime: 98203us
Permute: iterations=256 runtime: 98254us
Permute: iterations=257 runtime: 98217us
Permute: iterations=258 runtime: 98292us
Permute: iterations=259 runtime: 98217us
Permute: iterations=260 runtime: 98179us
Permute: iterations=261 runtime: 98191us
Permute: iterations=262 runtime: 98188us
Permute: iterations=263 runtime: 103814us
Permute: iterations=264 runtime: 101905us
Permute: iterations=265 runtime: 98200us
Permute: iterations=266 runtime: 98198us
Permute: iterations=267 runtime: 98160us
Permute: iterations=268 runtime: 98179us
Permute: iterations=269 runtime: 98178us
Permute: iterations=270 runtime: 98254us
Permute: iterations=271 runtime: 98193us
Permute: iterations=272 runtime: 98229us
Permute: iterations=273 runtime: 98263us
Permute: iterations=274 runtime: 98196us
Permute: iterations=275 runtime: 98138us
Permute: iterations=276 runtime: 98206us
Permute: iterations=277 runtime: 98178us
Permute: iterations=278 runtime: 98151us
Permute: iterations=279 runtime: 98236us
Permute: iterations=280 runtime: 98193us
Permute: iterations=281 runtime: 98202us
Permute: iterations=282 runtime: 98164us
Permute: iterations=283 runtime: 98214us
Permute: iterations=284 runtime: 98204us
Permute: iterations=285 runtime: 98186us
Permute: iterations=286 runtime: 98161us
Permute: iterations=287 runtime: 98221us
Permute: iterations=288 runtime: 109245us
Permute: iterations=289 runtime: 104990us
Permute: iterations=290 runtime: 98206us
Permute: iterations=291 runtime: 98139us
Permute: iterations=292 runtime: 98149us
Permute: iterations=293 runtime: 98199us
Permute: iterations=294 runtime: 98226us
Permute: iterations=295 runtime: 98199us
Permute: iterations=296 runtime: 98480us
Permute: iterations=297 runtime: 98647us
Permute: iterations=298 runtime: 98229us
Permute: iterations=299 runtime: 98225us
Permute: iterations=300 runtime: 98199us
Permute: iterations=301 runtime: 98209us
Permute: iterations=302 runtime: 98233us
Permute: iterations=303 runtime: 98182us
Permute: iterations=304 runtime: 98230us
Permute: iterations=305 runtime: 98163us
Permute: iterations=306 runtime: 98158us
Permute: iterations=307 runtime: 98203us
Permute: iterations=308 runtime: 98153us
Permute: iterations=309 runtime: 98219us
Permute: iterations=310 runtime: 98226us
Permute: iterations=311 runtime: 98289us
Permute: iterations=312 runtime: 98213us
Permute: iterations=313 runtime: 98234us
Permute: iterations=314 runtime: 98201us
Permute: iterations=315 runtime: 98094us
Permute: iterations=316 runtime: 98177us
Permute: iterations=317 runtime: 98237us
Permute: iterations=318 runtime: 98232us
Permute: iterations=319 runtime: 98285us
Permute: iterations=320 runtime: 98228us
Permute: iterations=321 runtime: 98325us
Permute: iterations=322 runtime: 98248us
Permute: iterations=323 runtime: 98238us
Permute: iterations=324 runtime: 98258us
Permute: iterations=325 runtime: 98209us
Permute: iterations=326 runtime: 98234us
Permute: iterations=327 runtime: 98297us
Permute: iterations=328 runtime: 98228us
Permute: iterations=329 runtime: 98210us
Permute: iterations=330 runtime: 98190us
Permute: iterations=331 runtime: 98364us
Permute: iterations=332 runtime: 98399us
Permute: iterations=333 runtime: 98198us
Permute: iterations=334 runtime: 98298us
Permute: iterations=335 runtime: 98179us
Permute: iterations=336 runtime: 98156us
Permute: iterations=337 runtime: 98185us
Permute: iterations=338 runtime: 98219us
Permute: iterations=339 runtime: 98189us
Permute: iterations=340 runtime: 98233us
Permute: iterations=341 runtime: 98333us
Permute: iterations=342 runtime: 98385us
Permute: iterations=343 runtime: 98164us
Permute: iterations=344 runtime: 98230us
Permute: iterations=345 runtime: 98216us
Permute: iterations=346 runtime: 98212us
Permute: iterations=347 runtime: 101069us
Permute: iterations=348 runtime: 98656us
Permute: iterations=349 runtime: 98235us
Permute: iterations=350 runtime: 98276us
Permute: iterations=351 runtime: 98094us
Permute: iterations=352 runtime: 98095us
Permute: iterations=353 runtime: 98165us
Permute: iterations=354 runtime: 98203us
Permute: iterations=355 runtime: 98170us
Permute: iterations=356 runtime: 98206us
Permute: iterations=357 runtime: 98173us
Permute: iterations=358 runtime: 98179us
Permute: iterations=359 runtime: 98140us
Permute: iterations=360 runtime: 98253us
Permute: iterations=361 runtime: 98548us
Permute: iterations=362 runtime: 98222us
Permute: iterations=363 runtime: 98231us
Permute: iterations=364 runtime: 98176us
Permute: iterations=365 runtime: 98160us
Permute: iterations=366 runtime: 98180us
Permute: iterations=367 runtime: 98181us
Permute: iterations=368 runtime: 98177us
Permute: iterations=369 runtime: 98180us
Permute: iterations=370 runtime: 98248us
Permute: iterations=371 runtime: 98209us
Permute: iterations=372 runtime: 98188us
Permute: iterations=373 runtime: 98185us
Permute: iterations=374 runtime: 98175us
Permute: iterations=375 runtime: 98162us
Permute: iterations=376 runtime: 98198us
Permute: iterations=377 runtime: 98239us
Permute: iterations=378 runtime: 98195us
Permute: iterations=379 runtime: 98176us
Permute: iterations=380 runtime: 98182us
Permute: iterations=381 runtime: 98280us
Permute: iterations=382 runtime: 98104us
Permute: iterations=383 runtime: 98095us
Permute: iterations=384 runtime: 98176us
Permute: iterations=385 runtime: 98174us
Permute: iterations=386 runtime: 98165us
Permute: iterations=387 runtime: 98164us
Permute: iterations=388 runtime: 98128us
Permute: iterations=389 runtime: 98125us
Permute: iterations=390 runtime: 98140us
Permute: iterations=391 runtime: 98185us
Permute: iterations=392 runtime: 98245us
Permute: iterations=393 runtime: 98211us
Permute: iterations=394 runtime: 98199us
Permute: iterations=395 runtime: 98234us
Permute: iterations=396 runtime: 98208us
Permute: iterations=397 runtime: 98275us
Permute: iterations=398 runtime: 98680us
Permute: iterations=399 runtime: 98424us
Permute: iterations=400 runtime: 98189us
Permute: iterations=401 runtime: 98367us
Permute: iterations=402 runtime: 98219us
Permute: iterations=403 runtime: 98248us
Permute: iterations=404 runtime: 98096us
Permute: iterations=405 runtime: 98116us
Permute: iterations=406 runtime: 98120us
Permute: iterations=407 runtime: 98156us
Permute: iterations=408 runtime: 98107us
Permute: iterations=409 runtime: 98102us
Permute: iterations=410 runtime: 98110us
Permute: iterations=411 runtime: 98091us
Permute: iterations=412 runtime: 98133us
Permute: iterations=413 runtime: 98250us
Permute: iterations=414 runtime: 98164us
Permute: iterations=415 runtime: 98156us
Permute: iterations=416 runtime: 98214us
Permute: iterations=417 runtime: 98207us
Permute: iterations=418 runtime: 98163us
Permute: iterations=419 runtime: 98186us
Permute: iterations=420 runtime: 98273us
Permute: iterations=421 runtime: 98312us
Permute: iterations=422 runtime: 98188us
Permute: iterations=423 runtime: 98270us
Permute: iterations=424 runtime: 98134us
Permute: iterations=425 runtime: 98114us
Permute: iterations=426 runtime: 98135us
Permute: iterations=427 runtime: 98215us
Permute: iterations=428 runtime: 98192us
Permute: iterations=429 runtime: 98191us
Permute: iterations=430 runtime: 98188us
Permute: iterations=431 runtime: 98259us
Permute: iterations=432 runtime: 98216us
Permute: iterations=433 runtime: 98188us
Permute: iterations=434 runtime: 98282us
Permute: iterations=435 runtime: 98307us
Permute: iterations=436 runtime: 98179us
Permute: iterations=437 runtime: 98179us
Permute: iterations=438 runtime: 98160us
Permute: iterations=439 runtime: 98199us
Could not locate BlockSlowdown.json
Skipping Loading (this might cause a fatal crash if GTSlowdown is on)
Permute: iterations=440 runtime: 98254us
Permute: iterations=441 runtime: 98199us
Permute: iterations=442 runtime: 98281us
Permute: iterations=443 runtime: 98194us
Permute: iterations=444 runtime: 98271us
Permute: iterations=445 runtime: 98200us
Permute: iterations=446 runtime: 98274us
Permute: iterations=447 runtime: 98134us
Permute: iterations=448 runtime: 99439us
Permute: iterations=449 runtime: 98770us
Permute: iterations=450 runtime: 98499us
Permute: iterations=451 runtime: 98127us
Permute: iterations=452 runtime: 98140us
Permute: iterations=453 runtime: 98111us
Permute: iterations=454 runtime: 98283us
Permute: iterations=455 runtime: 98199us
Permute: iterations=456 runtime: 98222us
Permute: iterations=457 runtime: 98182us
Permute: iterations=458 runtime: 98190us
Permute: iterations=459 runtime: 98211us
Permute: iterations=460 runtime: 98205us
Permute: iterations=461 runtime: 98227us
Permute: iterations=462 runtime: 98353us
Permute: iterations=463 runtime: 98223us
Permute: iterations=464 runtime: 98271us
Permute: iterations=465 runtime: 98210us
Permute: iterations=466 runtime: 98275us
Permute: iterations=467 runtime: 98203us
Permute: iterations=468 runtime: 98175us
Permute: iterations=469 runtime: 98102us
Permute: iterations=470 runtime: 98137us
Permute: iterations=471 runtime: 98182us
Permute: iterations=472 runtime: 98122us
Permute: iterations=473 runtime: 98130us
Permute: iterations=474 runtime: 98240us
Permute: iterations=475 runtime: 98202us
Permute: iterations=476 runtime: 98225us
Permute: iterations=477 runtime: 98235us
Permute: iterations=478 runtime: 98188us
Permute: iterations=479 runtime: 98166us
Permute: iterations=480 runtime: 98226us
Permute: iterations=481 runtime: 98219us
Permute: iterations=482 runtime: 98347us
Permute: iterations=483 runtime: 98191us
Permute: iterations=484 runtime: 98294us
Permute: iterations=485 runtime: 98109us
Permute: iterations=486 runtime: 98192us
Permute: iterations=487 runtime: 98083us
Could not locate BlockSlowdown.json
Skipping Loading (this might cause a fatal crash if GTSlowdown is on)
java.lang.StringCoding.implEncodeAsciiArray(char[], int, byte[], int, int)int -1 codeSignature differs a4d525ee532749fd09e0ef41f5918e2b891717235a29344d07c74f6112bb4c2c != d55fbea694761fc922a42e91b2b98c835dce3c3f298c1fe7d5ce8aa936963d2d
java.lang.StringCoding.implEncodeAsciiArray(char[], int, byte[], int, int)int -1 graphSignature differs bc8f20c8c772d3cc0eaba9b68bcd84047d761ba16a7aeb64fe90c36d37dcccb7 != 3bdd078c3a9d60d7eff24b6603d8a355db817965321aded167eb2387bae94eb4
Permute: iterations=488 runtime: 98113us
Permute: iterations=489 runtime: 98184us
Permute: iterations=490 runtime: 98113us
Permute: iterations=491 runtime: 98175us
Permute: iterations=492 runtime: 98126us
Permute: iterations=493 runtime: 98127us
Permute: iterations=494 runtime: 98122us
Permute: iterations=495 runtime: 98340us
Permute: iterations=496 runtime: 98223us
Permute: iterations=497 runtime: 98238us
Permute: iterations=498 runtime: 98243us
Permute: iterations=499 runtime: 99673us
Permute: iterations=500 runtime: 98724us
Could not locate BlockSlowdown.json
Skipping Loading (this might cause a fatal crash if GTSlowdown is on)
Permute: iterations=500 average: 98752us total: 49376455us


Total Runtime: 49376455us
Bubo.RDTSC.Harness.main Total RDTSC cycles: 163820836716
