Could not locate BlockSlowdown.json
Skipping Loading (this might cause a fatal crash if GTSlowdown is on)
[Use -Djdk.graal.LogFile=<path> to redirect Graal log output to a file.]
java.lang.module.ModuleDescriptor.name()java.lang.String -1 codeSignature differs 5be282a10c496d4000571a6844c9c0bc109901813a12d3aea5364efad6a66c85 != 236f622407d0112ac18220ce2f7dd8fc95a4975bd21efedc593a420240b9e35f
java.lang.module.ModuleReference.descriptor()java.lang.module.ModuleDescriptor -1 codeSignature differs 14be906eafbcd0e98db8607fd01b12de837039bcd06c460d0cf8f6394c8cff6d != d74a3d991dcad2ff0132c63a48dc50da7170128a36ef27d42bfbafe23260746e
java.lang.Enum.ordinal()int -1 codeSignature differs d4ce072063a0e5d7b77fa03ca89aafb8f3e3ecf13c518dc1905e344d1e62c58a != 6379912ece14b3e5c494001bcdbf513550438500c9fe64692666ea4804585a5b
java.lang.Class.isPrimitive()boolean -1 codeSignature differs 98ab40cf2ebcc843a57e4548f9a42e2e9f3f439b3cfc72b2a9affe72c8d06a5f != 3e78a4a854866f13977dcbf9876f9c5a148d0cfe8abd55bad528a298e2ab0d37
jdk.internal.util.StrongReferenceKey.get()java.lang.Object -1 codeSignature differs 14be906eafbcd0e98db8607fd01b12de837039bcd06c460d0cf8f6394c8cff6d != d74a3d991dcad2ff0132c63a48dc50da7170128a36ef27d42bfbafe23260746e
java.lang.Class.getClassLoader()java.lang.ClassLoader -1 codeSignature differs 1ec746d9657abb2124f404e47924197593986fc62346c6cd76072c08e29afddf != fc6683d6dbc2e9c193939db2b7b3809c7ed36f548dabbad32ce6a77af2acbb5c
java.lang.invoke.MethodType.returnType()java.lang.Class -1 codeSignature differs 14be906eafbcd0e98db8607fd01b12de837039bcd06c460d0cf8f6394c8cff6d != d74a3d991dcad2ff0132c63a48dc50da7170128a36ef27d42bfbafe23260746e
jdk.internal.classfile.impl.AbstractPoolEntry.index()int -1 codeSignature differs d4ce072063a0e5d7b77fa03ca89aafb8f3e3ecf13c518dc1905e344d1e62c58a != 6379912ece14b3e5c494001bcdbf513550438500c9fe64692666ea4804585a5b
java.lang.invoke.MemberName.getDeclaringClass()java.lang.Class -1 codeSignature differs b46e439bc51650ff335d2a7124f0b0154f260fe1af8ba145c6fd3cf5008c9e4e != 65875f01c4739b3690cfc99e32978813efde10140dd67c4d7a0e3015e243befa
java.lang.invoke.MethodType.form()java.lang.invoke.MethodTypeForm -1 codeSignature differs 5be282a10c496d4000571a6844c9c0bc109901813a12d3aea5364efad6a66c85 != 236f622407d0112ac18220ce2f7dd8fc95a4975bd21efedc593a420240b9e35f
java.util.stream.FindOps$FindSink.cancellationRequested()boolean -1 codeSignature differs 55af0dc4b7688c78180d5f5b00584e4bf66cf93bd60716f9aab49e7a6fd64ac4 != f48625702890d29653fc29959db5796353242ca5005d0c97563dc7641a6e9521
java.lang.Object.<init>()void -1 codeSignature differs fe534d3aac0502b22527b54e744892c09d7496fd765947a3ee3ec9a070d56f92 != 53fed571f2d162d1b06665e593acff62e94c3c2feeb837a313805208a153c804
jdk.internal.module.ModuleReferenceImpl.moduleResolution()jdk.internal.module.ModuleResolution -1 codeSignature differs b76db95b8fd3a055b26c3a6c15023743ea3cd488646d474319964a2e9e13b73e != acecf092198f6e600ae574ae88f94c3dcc124dff78fd33d38e7503cf1de4cb84
java.lang.String.hashCode()int -1 codeSignature differs cd869c87835ef8242ee90410caccd8a61a63cd99231e11f83fcdc76366e70264 != 4af57cd2c352f504d9843ac55232e6c06b59ac42ecb11ac71e7928d819941700
java.lang.module.ModuleDescriptor$Requires.modifiers()java.util.Set -1 codeSignature differs 14be906eafbcd0e98db8607fd01b12de837039bcd06c460d0cf8f6394c8cff6d != d74a3d991dcad2ff0132c63a48dc50da7170128a36ef27d42bfbafe23260746e
java.lang.module.ModuleDescriptor$Requires.name()java.lang.String -1 codeSignature differs 90f01eeb46d88d53d0e4e48ef19445eb3bdf8101a00c7dc3f717a337df9fb41f != 3dca556ce0a4f9f9b2a7bcbcee2ecdeeb626fd493f0993079a0f91070abff97b
java.lang.module.ModuleDescriptor.requires()java.util.Set -1 codeSignature differs 50021c78154f047ad8f88f0733084203e726ca2f3911eed3f4e2615369ae39b2 != 38c64b25607c18539afa677dc017db8b0b2e69cd25c409ff2fbbda9b724f85b9
java.lang.module.ModuleDescriptor.isAutomatic()boolean -1 codeSignature differs 2c5d9434fa6cbff1c0177053ad01774247e7a98383a3d0ee5c4dccbf56bf9e86 != 573ad2b7aa6bd940d385aadba08b49259d18cc84676cb0e7d2bc6bb2b3a188b0
java.util.HashMap$Node.getKey()java.lang.Object -1 codeSignature differs 90f01eeb46d88d53d0e4e48ef19445eb3bdf8101a00c7dc3f717a337df9fb41f != 3dca556ce0a4f9f9b2a7bcbcee2ecdeeb626fd493f0993079a0f91070abff97b
java.util.HashMap$Node.getValue()java.lang.Object -1 codeSignature differs 5be282a10c496d4000571a6844c9c0bc109901813a12d3aea5364efad6a66c85 != 236f622407d0112ac18220ce2f7dd8fc95a4975bd21efedc593a420240b9e35f
java.util.ImmutableCollections$Set12.isEmpty()boolean -1 codeSignature differs d890ffc04cd03ec866061096d7d13d2670cacc5a2328b692374e3523d40574bd != 55a5cc963fc3641936c496e734b67cb2da5b04dc6786193efb958b4650f80fcc
java.lang.module.ModuleDescriptor$Exports.source()java.lang.String -1 codeSignature differs 90f01eeb46d88d53d0e4e48ef19445eb3bdf8101a00c7dc3f717a337df9fb41f != 3dca556ce0a4f9f9b2a7bcbcee2ecdeeb626fd493f0993079a0f91070abff97b
java.lang.module.ModuleDescriptor$Exports.targets()java.util.Set -1 codeSignature differs 5be282a10c496d4000571a6844c9c0bc109901813a12d3aea5364efad6a66c85 != 236f622407d0112ac18220ce2f7dd8fc95a4975bd21efedc593a420240b9e35f
java.lang.module.ModuleDescriptor.provides()java.util.Set -1 codeSignature differs 309d9291f2d3c2a63becdec49b2c74b25af9d7fdc62dad05faf86a64889608fc != ac8620023b60722a9bd4c025af16c863bb01ff2e1485a56d1a0e66cae8c98d9f
java.lang.module.ModuleDescriptor.exports()java.util.Set -1 codeSignature differs 948d21eddb9ad191efbc24290e4e840a30aebb134151b75def9175ab54c0a48c != 64b1f8caa863f256c52a850b78b1f50f6cb4cdbb0fd449ebc0f6c33942f7e576
java.util.ImmutableCollections$SetN$SetNIterator.hasNext()boolean -1 codeSignature differs 014069b9d29ae67f97f8d652b8d7a77d9057cdb393e4e32597c925d7a30bdc82 != 68bedb7c2b89fc57eca6528f835388a812a6a51c19835f3ca5c045deed27b552
java.lang.module.ModuleDescriptor.uses()java.util.Set -1 codeSignature differs e3ce51591a4fee3aaff0c687fbb639bc8c1569c92e84d989cdc906a081a3aa6f != a28d016eade96af94b1490585bd89e875ca450bc08a58e964a7e2d9c660f535c
java.util.ImmutableCollections$SetN$SetNIterator.next()java.lang.Object -1 codeSignature differs e1fe95f08e9a54f528c00088fcbfa159f3bad00b96b954e867ee6f3fb841619e != 1c16e1aaf3c5c4e267d064b4f4a6055cb93c36b45deb929a479843825821be18
java.util.ImmutableCollections$SetN$SetNIterator.next()java.lang.Object -1 graphSignature differs b05d592371fcce917a90fc28debaf21f7e7532d4836b1c9812ac396e129c7095 != dd493989519e7f328311cfecc7abfe1946186eaebdea7e8b59878a8ba9e25a26
java.lang.module.ModuleDescriptor$Provides.service()java.lang.String -1 codeSignature differs 14be906eafbcd0e98db8607fd01b12de837039bcd06c460d0cf8f6394c8cff6d != d74a3d991dcad2ff0132c63a48dc50da7170128a36ef27d42bfbafe23260746e
java.util.HashMap.hash(java.lang.Object)int -1 codeSignature differs 76c36cdb4167fb6abba4684356444d0185bcf263a4d7ed375fa60c873377d5a7 != 1bc5a2b35e513a6ba6d0039a42e3236ed436177df5dd6956caeee1162e057ea9
java.lang.module.ModuleDescriptor$Exports.isQualified()boolean -1 codeSignature differs 0196b34738f7481fac3178fe1936969fbfc132320d4d5c27a22a5dc6c2ddc69c != 2f4207294e75cb5e74104b57431dbbe7d8d2c0007d409964a0c006607a519383
java.util.HashMap.putVal(int, java.lang.Object, java.lang.Object, boolean, boolean)java.lang.Object -1 codeSignature differs cd88a764635734e79d7a63a152a344a464f7783f914eb54db9b4a23bc33f0634 != 68bbf1fc66c24500b6f818ad58da93471846096c55b8002adf9ecfdb844bf242
java.util.HashMap.putVal(int, java.lang.Object, java.lang.Object, boolean, boolean)java.lang.Object -1 graphSignature differs 71c7befc4bcc50903c01cb500806055811a71080bd754d077284439fcd10103c != 5a74e12f320f5360d51b0bb3946f087ce2dce5afa144b15d312a3acc1621c4cf
java.lang.String.equals(java.lang.Object)boolean -1 codeSignature differs f5747f05d8cb43a0e84b3d89443c10d37c72a20d9b0342eb86834299bed80ca6 != 119dc6e6665ec6b4c44f1e420beb3682c6794e4c2205f6f17310bd0f4f948907
java.lang.String.equals(java.lang.Object)boolean -1 graphSignature differs 240f841b413bb8bd2af4877cb3753eac11d3bdc482d702e067df992e72784ebb != 2d841e5f6ff33687ba2a8e89c73735b82c892266d476f740b43f9fc2b4d21873
java.util.KeyValueHolder.getKey()java.lang.Object -1 codeSignature differs 14be906eafbcd0e98db8607fd01b12de837039bcd06c460d0cf8f6394c8cff6d != d74a3d991dcad2ff0132c63a48dc50da7170128a36ef27d42bfbafe23260746e
java.util.KeyValueHolder.getValue()java.lang.Object -1 codeSignature differs 90f01eeb46d88d53d0e4e48ef19445eb3bdf8101a00c7dc3f717a337df9fb41f != 3dca556ce0a4f9f9b2a7bcbcee2ecdeeb626fd493f0993079a0f91070abff97b
java.lang.module.ModuleDescriptor.packages()java.util.Set -1 codeSignature differs 1ec746d9657abb2124f404e47924197593986fc62346c6cd76072c08e29afddf != fc6683d6dbc2e9c193939db2b7b3809c7ed36f548dabbad32ce6a77af2acbb5c
java.lang.module.ResolvedModule.reference()java.lang.module.ModuleReference -1 codeSignature differs 90f01eeb46d88d53d0e4e48ef19445eb3bdf8101a00c7dc3f717a337df9fb41f != 3dca556ce0a4f9f9b2a7bcbcee2ecdeeb626fd493f0993079a0f91070abff97b
java.util.HashMap$Node.<init>(int, java.lang.Object, java.lang.Object, java.util.HashMap$Node)void -1 codeSignature differs 58be6a2f22284bb259f33e1a2262538164e71d4ab8cbecfa40748cf1434e9e44 != 4644f5552abc5ce1ce190b7ec6c833597cacf223cdc65a1dfa0cf9c0b46b8244
java.lang.module.ModuleDescriptor$Version.toString()java.lang.String -1 codeSignature differs 14be906eafbcd0e98db8607fd01b12de837039bcd06c460d0cf8f6394c8cff6d != d74a3d991dcad2ff0132c63a48dc50da7170128a36ef27d42bfbafe23260746e
java.lang.AbstractStringBuilder.length()int -1 codeSignature differs d4ce072063a0e5d7b77fa03ca89aafb8f3e3ecf13c518dc1905e344d1e62c58a != 6379912ece14b3e5c494001bcdbf513550438500c9fe64692666ea4804585a5b
java.util.HashMap.newNode(int, java.lang.Object, java.lang.Object, java.util.HashMap$Node)java.util.HashMap$Node -1 codeSignature differs 0b57ad3d0ea1b0de0d3ae4d1256f2a3bf2dacceb94022bee4e70d75bf1848358 != d2c2a415cba31cf48b157817e62dcfa6745f18dc85bdd37bd358d1bb63bfa15d
java.util.HashMap.afterNodeInsertion(boolean)void -1 codeSignature differs fe534d3aac0502b22527b54e744892c09d7496fd765947a3ee3ec9a070d56f92 != 53fed571f2d162d1b06665e593acff62e94c3c2feeb837a313805208a153c804
java.lang.module.ResolvedModule.configuration()java.lang.module.Configuration -1 codeSignature differs 14be906eafbcd0e98db8607fd01b12de837039bcd06c460d0cf8f6394c8cff6d != d74a3d991dcad2ff0132c63a48dc50da7170128a36ef27d42bfbafe23260746e
java.util.HashMap.resize()java.util.HashMap$Node[] -1 codeSignature differs a76edd5efeac73b49ef0de68b67b29690b0f0057e25503a82ceb22877b34ab85 != a48376d6ff3c45fa42fd331698dd91428955c1e141e3763789b25f83d12c93ba
java.util.HashMap.resize()java.util.HashMap$Node[] -1 graphSignature differs 8621339e67ed630b148c0b60d4ece2a8f5e4dc640c7e625f721a8babedbc3813 != 907f32e8439d3100299993dcad76560e08b0f705baa3a6e36f739c5640084aa9
java.lang.module.ModuleDescriptor.isOpen()boolean -1 codeSignature differs 7251ebfc69511ba11260ce3e5fe8de41e1ee424c1c84ef382507a4b520f46599 != 68c1b93afd5159dbd52f415e41c6f206a35012c76ae6407eef42650396bf8bfc
java.util.HashMap.size()int -1 codeSignature differs 55d12884885f16e44e8204f924f64617688caf405b709d32e1e72896f6c27c3d != 602769ad44793bd98e92b9e62f8542f52d5162d04d5d1c146bc1a1f5f4eab2b1
java.util.zip.ZipCoder$UTF8ZipCoder.isUTF8()boolean -1 codeSignature differs 6e3a14458a0fca90e6a63285514a933585cea592cb622e79b33ddc5df6e0fb66 != f86c5820929a34f03b9429610f522a6efd833767bf69832ae22131f6e690fc71
jdk.internal.classfile.impl.AbstractPoolEntry.width()int -1 codeSignature differs 6e3a14458a0fca90e6a63285514a933585cea592cb622e79b33ddc5df6e0fb66 != f86c5820929a34f03b9429610f522a6efd833767bf69832ae22131f6e690fc71
jdk.internal.classfile.impl.SplitConstantPool.size()int -1 codeSignature differs 1e851f5b2cbf37c0cd46831368dd889b60dff01d7b16161259960e24b264ceb1 != 8842033c3435ba9022b0d14a05ef1a95782e7436e1f26a804596a2590677c40d
java.lang.invoke.MethodType.ptypes()java.lang.Class[] -1 codeSignature differs 90f01eeb46d88d53d0e4e48ef19445eb3bdf8101a00c7dc3f717a337df9fb41f != 3dca556ce0a4f9f9b2a7bcbcee2ecdeeb626fd493f0993079a0f91070abff97b
jdk.internal.classfile.impl.RawBytecodeHelper.bci()int -1 codeSignature differs fe46e3fea17c2bcac25676024acf43715946ed13832c36004058f315d01e6ed3 != f644854fb6e4ffc5fb86a7d696951b13023f6a472bb2253c81909dd20f94fad0
jdk.internal.classfile.impl.AbstractPoolEntry.constantPool()java.lang.classfile.constantpool.ConstantPool -1 codeSignature differs 5be282a10c496d4000571a6844c9c0bc109901813a12d3aea5364efad6a66c85 != 236f622407d0112ac18220ce2f7dd8fc95a4975bd21efedc593a420240b9e35f
java.lang.AbstractStringBuilder.getValue()byte[] -1 codeSignature differs 5be282a10c496d4000571a6844c9c0bc109901813a12d3aea5364efad6a66c85 != 236f622407d0112ac18220ce2f7dd8fc95a4975bd21efedc593a420240b9e35f
jdk.internal.constant.ClassOrInterfaceDescImpl.descriptorString()java.lang.String -1 codeSignature differs 14be906eafbcd0e98db8607fd01b12de837039bcd06c460d0cf8f6394c8cff6d != d74a3d991dcad2ff0132c63a48dc50da7170128a36ef27d42bfbafe23260746e
java.lang.String.value()byte[] -1 codeSignature differs 5be282a10c496d4000571a6844c9c0bc109901813a12d3aea5364efad6a66c85 != 236f622407d0112ac18220ce2f7dd8fc95a4975bd21efedc593a420240b9e35f
jdk.internal.classfile.impl.BufWriterImpl.size()int -1 codeSignature differs fe46e3fea17c2bcac25676024acf43715946ed13832c36004058f315d01e6ed3 != f644854fb6e4ffc5fb86a7d696951b13023f6a472bb2253c81909dd20f94fad0
Profiling started
Could not locate BlockSlowdown.json
Skipping Loading (this might cause a fatal crash if GTSlowdown is on)
java.nio.Buffer.limit()int -1 codeSignature differs 55d12884885f16e44e8204f924f64617688caf405b709d32e1e72896f6c27c3d != 602769ad44793bd98e92b9e62f8542f52d5162d04d5d1c146bc1a1f5f4eab2b1
java.lang.StringLatin1.equals(byte[], byte[])boolean -1 codeSignature differs 2cfeb7ca81e519d27a2f4886127bbb28eb00282f6a344501abe1cdc2705cba4e != ce6957fde94989d8dfb9f657cd698acb12bd0f01e407ce68915647520f63bd02
java.lang.StringLatin1.equals(byte[], byte[])boolean -1 graphSignature differs f47d0b1647dabd6f0108a1c873e12c6a64939992dcc9e97f79a9e6e1f1af8649 != cda1bda6b067c21da86f5c9b00220a168b94ff95811df6ee0a57435eb4ec0473
jdk.internal.classfile.impl.AbstractDirectBuilder.constantPool()jdk.internal.classfile.impl.SplitConstantPool -1 codeSignature differs 14be906eafbcd0e98db8607fd01b12de837039bcd06c460d0cf8f6394c8cff6d != d74a3d991dcad2ff0132c63a48dc50da7170128a36ef27d42bfbafe23260746e
java.lang.String.coder()byte -1 codeSignature differs f3a73f0f7ffcffdf8962f6b17b32b9d22dceb70a6321ad4e83f092ac924fb640 != 82f5235e2dbc41130ab9f332d81a84c727950ed13b523486e1cf57bd2f9bda2c
jdk.internal.util.WeakReferenceKey.hashCode()int -1 codeSignature differs 55d12884885f16e44e8204f924f64617688caf405b709d32e1e72896f6c27c3d != 602769ad44793bd98e92b9e62f8542f52d5162d04d5d1c146bc1a1f5f4eab2b1
java.lang.invoke.MethodTypeForm.erasedType()java.lang.invoke.MethodType -1 codeSignature differs 90f01eeb46d88d53d0e4e48ef19445eb3bdf8101a00c7dc3f717a337df9fb41f != 3dca556ce0a4f9f9b2a7bcbcee2ecdeeb626fd493f0993079a0f91070abff97b
jdk.internal.constant.ClassOrInterfaceDescImpl.isClassOrInterface()boolean -1 codeSignature differs 6e3a14458a0fca90e6a63285514a933585cea592cb622e79b33ddc5df6e0fb66 != f86c5820929a34f03b9429610f522a6efd833767bf69832ae22131f6e690fc71
java.util.ArrayList.size()int -1 codeSignature differs fe46e3fea17c2bcac25676024acf43715946ed13832c36004058f315d01e6ed3 != f644854fb6e4ffc5fb86a7d696951b13023f6a472bb2253c81909dd20f94fad0
java.lang.String.length()int -1 codeSignature differs 5f2a9f3bb1f4f800ea4f2ad278553dedcfc789fe27a155b26df986828b30ede3 != 65d375b72c5817a4f8af1bcdf77dbdcb452e4f9ceb60cd42724b10772bcfdc62
Starting Permute benchmark ...
Permute.swap(int, int)void -1 codeSignature differs 48412674e470f5fb905115272cf3ae2fa3e24dae50418b77c3ca7f3261d12997 != 07ba270e91ba58125ca4c608da5b8275d4960bec015ee1130fbb414f174cc931
Permute.permute(int)void -1 codeSignature differs 478856a4d3cbb63290b60cc246dbff7659899cefe307afcbe39840824c276c9c != dc773128fabcb65c3b9c2abe50e5bce67f00a56dff970b089b8a7bdca2ed8631
Permute.permute(int)void -1 graphSignature differs abd2e7407c6ce0088940d6659ac59b19874135c563c791346174e1d3d2e4cbd8 != 2f4526a15e076c8b88ff827c2b0e2eca5ae0b810ae1cafa99095f518efabf429
java.lang.Integer.intValue()int -1 codeSignature differs d4ce072063a0e5d7b77fa03ca89aafb8f3e3ecf13c518dc1905e344d1e62c58a != 6379912ece14b3e5c494001bcdbf513550438500c9fe64692666ea4804585a5b
jdk.internal.classfile.impl.AbstractPoolEntry.hashCode()int -1 codeSignature differs fe46e3fea17c2bcac25676024acf43715946ed13832c36004058f315d01e6ed3 != f644854fb6e4ffc5fb86a7d696951b13023f6a472bb2253c81909dd20f94fad0
jdk.internal.classfile.impl.AbstractPoolEntry$ClassEntryImpl.tag()int -1 codeSignature differs 5404769be9f3dbc3cb72c5db1a8ad8dd44853cedba352c69c6db32de21c4dbb9 != 9e72aee727452f3bd7e5755029309d18662e78c7d8f6a3fef1fa786c235c1353
Permute: iterations=1 runtime: 265783us
Permute.benchmark()java.lang.Object -1 codeSignature differs 23882591d77a6345543500cbe001011cfe47ade7439c3a6ce2b3326c79eee9f9 != bab95dde51de701ffd3c72d131c2b9faf0c91df4cf5880695824bee718035fe4
Permute.verifyResult(java.lang.Object)boolean -1 codeSignature differs 9fd4bc85c13c6a82c422ed8254ac69ed311d8172a24c06731fb2a82f7a9c8af3 != 15b17b3be0912d73715008105f10eaf3ba68166d601f6e22590c6b9a5141a9ba
Permute: iterations=2 runtime: 319621us
Permute: iterations=3 runtime: 173914us
Permute: iterations=4 runtime: 173841us
Permute: iterations=5 runtime: 173360us
Benchmark.innerBenchmarkLoop(int)boolean -1 codeSignature differs 8c52d695becee6be12ce7b40309251c860bb924706ace7820baeb9a25ce22aca != 0db363af2c24544daa32239fc77ec51c1badf8a92cdc6bdd71df9b03f5ef528f
Benchmark.innerBenchmarkLoop(int)boolean -1 graphSignature differs 8b3ae3a1a8b823b59df7d3586c5c49b80071146e8c8340e1f700396c6378e871 != f2a1cd43368857fe4dfccc17f901764091c4976ee47ed2acb22d5bdae9c382ba
Permute: iterations=6 runtime: 567779us
Permute: iterations=7 runtime: 171738us
java.nio.Buffer.position()int -1 codeSignature differs 3f64cd4fafea8a3cef87601314961681d43f2aa75c3a358c1b0ce8d9a1c4731a != f5a100836d3b6c24d5617122379fdd07d38ba4b008ea9ae91e48aa3956773271
Permute: iterations=8 runtime: 171118us
Permute: iterations=9 runtime: 172693us
Permute: iterations=10 runtime: 172410us
Permute: iterations=11 runtime: 171771us
Permute: iterations=12 runtime: 171741us
Permute: iterations=13 runtime: 171608us
Permute: iterations=14 runtime: 172122us
Permute: iterations=15 runtime: 171447us
Permute: iterations=16 runtime: 172453us
Permute: iterations=17 runtime: 171919us
Permute: iterations=18 runtime: 172755us
Permute: iterations=19 runtime: 172268us
Permute: iterations=20 runtime: 174751us
Permute: iterations=21 runtime: 173696us
Permute: iterations=22 runtime: 172140us
Permute: iterations=23 runtime: 171629us
Permute: iterations=24 runtime: 172374us
Permute: iterations=25 runtime: 171725us
Permute: iterations=26 runtime: 171084us
Permute: iterations=27 runtime: 171566us
Permute: iterations=28 runtime: 172078us
Permute: iterations=29 runtime: 172245us
Permute: iterations=30 runtime: 171764us
Permute: iterations=31 runtime: 171710us
Permute: iterations=32 runtime: 171898us
Permute: iterations=33 runtime: 172030us
Permute: iterations=34 runtime: 171223us
Permute: iterations=35 runtime: 171632us
Permute: iterations=36 runtime: 171586us
Permute: iterations=37 runtime: 171351us
Permute: iterations=38 runtime: 171368us
Permute: iterations=39 runtime: 171738us
Permute: iterations=40 runtime: 172201us
Permute: iterations=41 runtime: 172320us
Permute: iterations=42 runtime: 171198us
Permute: iterations=43 runtime: 171309us
Permute: iterations=44 runtime: 171883us
Permute: iterations=45 runtime: 171958us
Permute: iterations=46 runtime: 171537us
Permute: iterations=47 runtime: 172766us
Permute: iterations=48 runtime: 171415us
Permute: iterations=49 runtime: 174285us
Permute: iterations=50 runtime: 174228us
Permute: iterations=51 runtime: 172595us
Permute: iterations=52 runtime: 172489us
Permute: iterations=53 runtime: 170275us
Permute: iterations=54 runtime: 170590us
Permute: iterations=55 runtime: 170729us
Permute: iterations=56 runtime: 171127us
Permute: iterations=57 runtime: 171014us
Permute: iterations=58 runtime: 171221us
Permute: iterations=59 runtime: 171351us
Permute: iterations=60 runtime: 171105us
Permute: iterations=61 runtime: 171093us
Permute: iterations=62 runtime: 171733us
Permute: iterations=63 runtime: 171656us
Permute: iterations=64 runtime: 170681us
Permute: iterations=65 runtime: 170657us
Permute: iterations=66 runtime: 170720us
Permute: iterations=67 runtime: 170631us
Permute: iterations=68 runtime: 170657us
Permute: iterations=69 runtime: 170911us
Permute: iterations=70 runtime: 170599us
Permute: iterations=71 runtime: 171005us
Permute: iterations=72 runtime: 170862us
Permute: iterations=73 runtime: 170632us
Permute: iterations=74 runtime: 170320us
Permute: iterations=75 runtime: 170929us
Permute: iterations=76 runtime: 170970us
Permute: iterations=77 runtime: 171116us
Permute: iterations=78 runtime: 171351us
Could not locate BlockSlowdown.json
Skipping Loading (this might cause a fatal crash if GTSlowdown is on)
java.nio.Buffer.capacity()int -1 codeSignature differs 138bc711c3bed648b8548df225303894eec321dce856bde9fbb2267d74239e89 != b84da6c168a864b24de57055760067fff8c97c57c508d6b8c6ea52df12fe61fe
Permute: iterations=79 runtime: 172939us
Permute: iterations=80 runtime: 171378us
Permute: iterations=81 runtime: 170895us
Permute: iterations=82 runtime: 170637us
Permute: iterations=83 runtime: 170340us
Permute: iterations=84 runtime: 181305us
Permute: iterations=85 runtime: 170478us
Permute: iterations=86 runtime: 170890us
Permute: iterations=87 runtime: 171159us
Permute: iterations=88 runtime: 170625us
Permute: iterations=89 runtime: 171107us
Permute: iterations=90 runtime: 170656us
Permute: iterations=91 runtime: 170773us
Permute: iterations=92 runtime: 170810us
Permute: iterations=93 runtime: 170701us
Permute: iterations=94 runtime: 171058us
Permute: iterations=95 runtime: 170681us
Permute: iterations=96 runtime: 170333us
Permute: iterations=97 runtime: 170247us
Permute: iterations=98 runtime: 170968us
Permute: iterations=99 runtime: 170489us
Permute: iterations=100 runtime: 170591us
Permute: iterations=101 runtime: 171085us
Permute: iterations=102 runtime: 171072us
Permute: iterations=103 runtime: 170870us
Permute: iterations=104 runtime: 170751us
Permute: iterations=105 runtime: 170322us
Permute: iterations=106 runtime: 170470us
Permute: iterations=107 runtime: 171210us
Permute: iterations=108 runtime: 173490us
Permute: iterations=109 runtime: 171583us
Permute: iterations=110 runtime: 171333us
Permute: iterations=111 runtime: 171040us
Permute: iterations=112 runtime: 171903us
Permute: iterations=113 runtime: 171298us
Permute: iterations=114 runtime: 171387us
Could not locate BlockSlowdown.json
Skipping Loading (this might cause a fatal crash if GTSlowdown is on)
java.nio.charset.CharsetEncoder.maxBytesPerChar()float -1 codeSignature differs d0dc63dd2361c2989cb14e4cf77bfb3442e0a43d3c92bbd78638646fefb8363f != fc84c03091d44b6099141a22fdb9f6cfabe66e5026a15b0d60a828a10b5481b9
Permute: iterations=115 runtime: 171240us
Permute: iterations=116 runtime: 172296us
Permute: iterations=117 runtime: 171699us
Permute: iterations=118 runtime: 171477us
Permute: iterations=119 runtime: 170684us
Permute: iterations=120 runtime: 170720us
Permute: iterations=121 runtime: 171438us
Permute: iterations=122 runtime: 171037us
Permute: iterations=123 runtime: 171935us
Permute: iterations=124 runtime: 171472us
Permute: iterations=125 runtime: 171312us
Permute: iterations=126 runtime: 171674us
Permute: iterations=127 runtime: 171975us
Permute: iterations=128 runtime: 172085us
Permute: iterations=129 runtime: 172034us
Permute: iterations=130 runtime: 171528us
Permute: iterations=131 runtime: 171016us
Permute: iterations=132 runtime: 171758us
Permute: iterations=133 runtime: 172025us
Permute: iterations=134 runtime: 171526us
Permute: iterations=135 runtime: 171833us
Permute: iterations=136 runtime: 171631us
Permute: iterations=137 runtime: 173414us
Permute: iterations=138 runtime: 171344us
Permute: iterations=139 runtime: 171514us
Permute: iterations=140 runtime: 171318us
Permute: iterations=141 runtime: 171638us
Permute: iterations=142 runtime: 171185us
Permute: iterations=143 runtime: 171094us
Permute: iterations=144 runtime: 171673us
Permute: iterations=145 runtime: 171892us
Permute: iterations=146 runtime: 171068us
Permute: iterations=147 runtime: 171328us
Permute: iterations=148 runtime: 171577us
Permute: iterations=149 runtime: 171008us
Permute: iterations=150 runtime: 171233us
Permute: iterations=151 runtime: 171487us
Permute: iterations=152 runtime: 170698us
Permute: iterations=153 runtime: 171308us
Permute: iterations=154 runtime: 171101us
Permute: iterations=155 runtime: 171067us
Permute: iterations=156 runtime: 171337us
Permute: iterations=157 runtime: 171022us
Permute: iterations=158 runtime: 171203us
Permute: iterations=159 runtime: 171068us
Permute: iterations=160 runtime: 171048us
Permute: iterations=161 runtime: 170984us
Permute: iterations=162 runtime: 171118us
Permute: iterations=163 runtime: 170661us
Permute: iterations=164 runtime: 171393us
Permute: iterations=165 runtime: 171330us
Permute: iterations=166 runtime: 173954us
Permute: iterations=167 runtime: 172126us
Permute: iterations=168 runtime: 171681us
Permute: iterations=169 runtime: 170662us
Permute: iterations=170 runtime: 171581us
Permute: iterations=171 runtime: 172476us
Permute: iterations=172 runtime: 171836us
Permute: iterations=173 runtime: 171365us
Permute: iterations=174 runtime: 170924us
Permute: iterations=175 runtime: 170571us
Permute: iterations=176 runtime: 170865us
Permute: iterations=177 runtime: 171509us
Permute: iterations=178 runtime: 170736us
Permute: iterations=179 runtime: 171152us
Permute: iterations=180 runtime: 171008us
Permute: iterations=181 runtime: 170760us
Permute: iterations=182 runtime: 170620us
Permute: iterations=183 runtime: 170577us
Permute: iterations=184 runtime: 171011us
Permute: iterations=185 runtime: 171033us
Permute: iterations=186 runtime: 171327us
Permute: iterations=187 runtime: 171748us
Permute: iterations=188 runtime: 170891us
Permute: iterations=189 runtime: 170710us
Permute: iterations=190 runtime: 170904us
Permute: iterations=191 runtime: 171404us
Permute: iterations=192 runtime: 170792us
Permute: iterations=193 runtime: 170448us
Permute: iterations=194 runtime: 170714us
Permute: iterations=195 runtime: 173390us
Permute: iterations=196 runtime: 172479us
Permute: iterations=197 runtime: 171670us
Permute: iterations=198 runtime: 170913us
Permute: iterations=199 runtime: 170709us
Permute: iterations=200 runtime: 170871us
Permute: iterations=201 runtime: 170869us
Permute: iterations=202 runtime: 171154us
Permute: iterations=203 runtime: 171490us
Permute: iterations=204 runtime: 171143us
Permute: iterations=205 runtime: 171255us
Permute: iterations=206 runtime: 170586us
Permute: iterations=207 runtime: 170532us
Permute: iterations=208 runtime: 171267us
Permute: iterations=209 runtime: 171095us
Permute: iterations=210 runtime: 171826us
Permute: iterations=211 runtime: 171621us
Permute: iterations=212 runtime: 170591us
Permute: iterations=213 runtime: 170591us
Permute: iterations=214 runtime: 170805us
Permute: iterations=215 runtime: 170690us
Permute: iterations=216 runtime: 192582us
Permute: iterations=217 runtime: 171391us
Permute: iterations=218 runtime: 171348us
Permute: iterations=219 runtime: 171345us
Permute: iterations=220 runtime: 170940us
Permute: iterations=221 runtime: 170908us
Permute: iterations=222 runtime: 171519us
Permute: iterations=223 runtime: 170732us
Permute: iterations=224 runtime: 173028us
Permute: iterations=225 runtime: 172846us
Permute: iterations=226 runtime: 172281us
Permute: iterations=227 runtime: 171605us
Permute: iterations=228 runtime: 172076us
Permute: iterations=229 runtime: 171961us
Permute: iterations=230 runtime: 171720us
Permute: iterations=231 runtime: 171409us
Permute: iterations=232 runtime: 172115us
Permute: iterations=233 runtime: 171209us
Permute: iterations=234 runtime: 171392us
Permute: iterations=235 runtime: 171852us
Permute: iterations=236 runtime: 171626us
Permute: iterations=237 runtime: 171675us
Permute: iterations=238 runtime: 171660us
Permute: iterations=239 runtime: 171219us
Permute: iterations=240 runtime: 171148us
Permute: iterations=241 runtime: 172170us
Permute: iterations=242 runtime: 171411us
Permute: iterations=243 runtime: 171579us
Permute: iterations=244 runtime: 172158us
Permute: iterations=245 runtime: 172156us
Permute: iterations=246 runtime: 171795us
Permute: iterations=247 runtime: 172385us
Permute: iterations=248 runtime: 172249us
Permute: iterations=249 runtime: 172234us
Permute: iterations=250 runtime: 172066us
Permute: iterations=251 runtime: 171453us
Permute: iterations=252 runtime: 171469us
Permute: iterations=253 runtime: 173387us
Permute: iterations=254 runtime: 173397us
Permute: iterations=255 runtime: 172391us
Permute: iterations=256 runtime: 171816us
Permute: iterations=257 runtime: 171996us
Permute: iterations=258 runtime: 172247us
Permute: iterations=259 runtime: 171756us
Permute: iterations=260 runtime: 171810us
Permute: iterations=261 runtime: 172660us
Permute: iterations=262 runtime: 171800us
Permute: iterations=263 runtime: 172755us
Permute: iterations=264 runtime: 171968us
Permute: iterations=265 runtime: 172115us
Permute: iterations=266 runtime: 172029us
Permute: iterations=267 runtime: 171623us
Permute: iterations=268 runtime: 172302us
Permute: iterations=269 runtime: 172235us
Permute: iterations=270 runtime: 171239us
Permute: iterations=271 runtime: 172467us
Permute: iterations=272 runtime: 171584us
Permute: iterations=273 runtime: 171386us
Permute: iterations=274 runtime: 171778us
Permute: iterations=275 runtime: 171548us
Permute: iterations=276 runtime: 171793us
Permute: iterations=277 runtime: 171978us
Permute: iterations=278 runtime: 171804us
Permute: iterations=279 runtime: 172073us
Permute: iterations=280 runtime: 171421us
Permute: iterations=281 runtime: 171831us
Permute: iterations=282 runtime: 173284us
Permute: iterations=283 runtime: 173197us
Permute: iterations=284 runtime: 171506us
Permute: iterations=285 runtime: 172100us
Permute: iterations=286 runtime: 172330us
Permute: iterations=287 runtime: 172261us
Permute: iterations=288 runtime: 172511us
Permute: iterations=289 runtime: 172366us
Permute: iterations=290 runtime: 172379us
Permute: iterations=291 runtime: 171900us
Permute: iterations=292 runtime: 171843us
Permute: iterations=293 runtime: 172008us
Permute: iterations=294 runtime: 171531us
Permute: iterations=295 runtime: 171888us
Permute: iterations=296 runtime: 171663us
Permute: iterations=297 runtime: 172149us
Permute: iterations=298 runtime: 172272us
Permute: iterations=299 runtime: 171982us
Permute: iterations=300 runtime: 171560us
Permute: iterations=301 runtime: 172002us
Permute: iterations=302 runtime: 171863us
Permute: iterations=303 runtime: 172114us
Permute: iterations=304 runtime: 171940us
Permute: iterations=305 runtime: 172059us
Permute: iterations=306 runtime: 172402us
Permute: iterations=307 runtime: 172056us
Permute: iterations=308 runtime: 171379us
Permute: iterations=309 runtime: 172355us
Permute: iterations=310 runtime: 172025us
Permute: iterations=311 runtime: 173041us
Permute: iterations=312 runtime: 174050us
Permute: iterations=313 runtime: 171734us
Permute: iterations=314 runtime: 171557us
Permute: iterations=315 runtime: 172340us
Permute: iterations=316 runtime: 171907us
Permute: iterations=317 runtime: 171612us
Permute: iterations=318 runtime: 172465us
Permute: iterations=319 runtime: 171600us
Permute: iterations=320 runtime: 172056us
Permute: iterations=321 runtime: 171581us
Permute: iterations=322 runtime: 171369us
Permute: iterations=323 runtime: 171316us
Permute: iterations=324 runtime: 172012us
Permute: iterations=325 runtime: 172164us
Permute: iterations=326 runtime: 172169us
Permute: iterations=327 runtime: 171861us
Permute: iterations=328 runtime: 171990us
Permute: iterations=329 runtime: 171303us
Permute: iterations=330 runtime: 172185us
Permute: iterations=331 runtime: 176728us
Permute: iterations=332 runtime: 172601us
Permute: iterations=333 runtime: 171749us
Permute: iterations=334 runtime: 171687us
Permute: iterations=335 runtime: 171127us
Permute: iterations=336 runtime: 171694us
Permute: iterations=337 runtime: 172004us
Permute: iterations=338 runtime: 172005us
Permute: iterations=339 runtime: 172378us
Permute: iterations=340 runtime: 172692us
Permute: iterations=341 runtime: 173836us
Permute: iterations=342 runtime: 171274us
Permute: iterations=343 runtime: 171587us
Permute: iterations=344 runtime: 171507us
Permute: iterations=345 runtime: 171399us
Permute: iterations=346 runtime: 172197us
Permute: iterations=347 runtime: 193373us
Permute: iterations=348 runtime: 172541us
Permute: iterations=349 runtime: 172233us
Permute: iterations=350 runtime: 172474us
Permute: iterations=351 runtime: 172610us
Permute: iterations=352 runtime: 172198us
Permute: iterations=353 runtime: 172372us
Permute: iterations=354 runtime: 171811us
Permute: iterations=355 runtime: 171536us
Permute: iterations=356 runtime: 171765us
Permute: iterations=357 runtime: 172036us
Permute: iterations=358 runtime: 171740us
Permute: iterations=359 runtime: 172178us
Permute: iterations=360 runtime: 172432us
Permute: iterations=361 runtime: 172368us
Permute: iterations=362 runtime: 172543us
Permute: iterations=363 runtime: 171663us
Permute: iterations=364 runtime: 171876us
Permute: iterations=365 runtime: 171735us
Permute: iterations=366 runtime: 171564us
Permute: iterations=367 runtime: 171665us
Permute: iterations=368 runtime: 171727us
Permute: iterations=369 runtime: 173075us
Permute: iterations=370 runtime: 173559us
Permute: iterations=371 runtime: 171545us
Permute: iterations=372 runtime: 171545us
Permute: iterations=373 runtime: 171589us
Permute: iterations=374 runtime: 171313us
Permute: iterations=375 runtime: 171527us
Permute: iterations=376 runtime: 172002us
Permute: iterations=377 runtime: 172238us
Permute: iterations=378 runtime: 172259us
Permute: iterations=379 runtime: 172177us
Permute: iterations=380 runtime: 171270us
Permute: iterations=381 runtime: 170704us
Permute: iterations=382 runtime: 171375us
Permute: iterations=383 runtime: 171345us
Permute: iterations=384 runtime: 171049us
Permute: iterations=385 runtime: 171485us
Permute: iterations=386 runtime: 170999us
Permute: iterations=387 runtime: 171320us
Permute: iterations=388 runtime: 171475us
Permute: iterations=389 runtime: 171007us
Permute: iterations=390 runtime: 171544us
Permute: iterations=391 runtime: 171978us
Permute: iterations=392 runtime: 171338us
Permute: iterations=393 runtime: 171226us
Permute: iterations=394 runtime: 171683us
Permute: iterations=395 runtime: 171811us
Permute: iterations=396 runtime: 172079us
Permute: iterations=397 runtime: 172423us
Permute: iterations=398 runtime: 172607us
Permute: iterations=399 runtime: 174202us
Permute: iterations=400 runtime: 172771us
Permute: iterations=401 runtime: 171006us
Permute: iterations=402 runtime: 170987us
Permute: iterations=403 runtime: 171035us
Permute: iterations=404 runtime: 170767us
Permute: iterations=405 runtime: 170618us
Permute: iterations=406 runtime: 170825us
Permute: iterations=407 runtime: 170974us
Permute: iterations=408 runtime: 170438us
Permute: iterations=409 runtime: 170600us
Permute: iterations=410 runtime: 170762us
Permute: iterations=411 runtime: 170888us
Permute: iterations=412 runtime: 171235us
Permute: iterations=413 runtime: 171077us
Permute: iterations=414 runtime: 170850us
Permute: iterations=415 runtime: 171377us
Permute: iterations=416 runtime: 170532us
Permute: iterations=417 runtime: 170689us
Permute: iterations=418 runtime: 170853us
Permute: iterations=419 runtime: 170634us
Permute: iterations=420 runtime: 170927us
Permute: iterations=421 runtime: 170902us
Permute: iterations=422 runtime: 170947us
Permute: iterations=423 runtime: 170952us
Permute: iterations=424 runtime: 172172us
Permute: iterations=425 runtime: 171238us
Permute: iterations=426 runtime: 170686us
Permute: iterations=427 runtime: 171475us
Permute: iterations=428 runtime: 172707us
Permute: iterations=429 runtime: 171153us
Permute: iterations=430 runtime: 171136us
Permute: iterations=431 runtime: 170666us
Could not locate BlockSlowdown.json
Skipping Loading (this might cause a fatal crash if GTSlowdown is on)
java.lang.StringLatin1.inflate(byte[], int, char[], int, int)void -1 codeSignature differs d12363b0fa944c3141709d1d15ff92c10bb825ce967b2050b65342abfb7722e9 != 7229d185807c5eb1f821125a028c07df1ddeaa104c27495e511e6ad0d767c33a
java.lang.StringLatin1.inflate(byte[], int, char[], int, int)void -1 graphSignature differs 17e6f3ed6596e5d6840a8a77065c9470c41838c2630b4535538ec163efd33e69 != e838eb1809aadd841c1ff5fe2e7a1043b73670d291c51dcf64d0aae8eaa2b7e0
Permute: iterations=432 runtime: 170751us
Permute: iterations=433 runtime: 181917us
Permute: iterations=434 runtime: 171190us
Permute: iterations=435 runtime: 171144us
Permute: iterations=436 runtime: 170718us
Permute: iterations=437 runtime: 171045us
Permute: iterations=438 runtime: 170686us
Permute: iterations=439 runtime: 171178us
Permute: iterations=440 runtime: 170657us
Permute: iterations=441 runtime: 170747us
Permute: iterations=442 runtime: 170701us
Permute: iterations=443 runtime: 170635us
Permute: iterations=444 runtime: 170967us
Permute: iterations=445 runtime: 170478us
Permute: iterations=446 runtime: 170242us
Permute: iterations=447 runtime: 171201us
Permute: iterations=448 runtime: 170951us
Permute: iterations=449 runtime: 170741us
Permute: iterations=450 runtime: 170900us
Permute: iterations=451 runtime: 171320us
Permute: iterations=452 runtime: 171327us
Permute: iterations=453 runtime: 170709us
Permute: iterations=454 runtime: 170868us
Permute: iterations=455 runtime: 170423us
Permute: iterations=456 runtime: 171163us
Permute: iterations=457 runtime: 173159us
Permute: iterations=458 runtime: 171538us
Permute: iterations=459 runtime: 171105us
Permute: iterations=460 runtime: 171001us
Permute: iterations=461 runtime: 170360us
Permute: iterations=462 runtime: 170440us
Permute: iterations=463 runtime: 170566us
Permute: iterations=464 runtime: 170552us
Permute: iterations=465 runtime: 170380us
Permute: iterations=466 runtime: 171232us
Permute: iterations=467 runtime: 170479us
Permute: iterations=468 runtime: 170895us
Permute: iterations=469 runtime: 171546us
Permute: iterations=470 runtime: 171720us
Permute: iterations=471 runtime: 171355us
Permute: iterations=472 runtime: 171026us
Permute: iterations=473 runtime: 170469us
Permute: iterations=474 runtime: 170946us
Permute: iterations=475 runtime: 170970us
Permute: iterations=476 runtime: 170806us
Permute: iterations=477 runtime: 170486us
Permute: iterations=478 runtime: 171066us
Permute: iterations=479 runtime: 170854us
Could not locate BlockSlowdown.json
Skipping Loading (this might cause a fatal crash if GTSlowdown is on)
java.lang.StringCoding.implEncodeAsciiArray(char[], int, byte[], int, int)int -1 codeSignature differs a4d525ee532749fd09e0ef41f5918e2b891717235a29344d07c74f6112bb4c2c != d55fbea694761fc922a42e91b2b98c835dce3c3f298c1fe7d5ce8aa936963d2d
java.lang.StringCoding.implEncodeAsciiArray(char[], int, byte[], int, int)int -1 graphSignature differs bc8f20c8c772d3cc0eaba9b68bcd84047d761ba16a7aeb64fe90c36d37dcccb7 != 3bdd078c3a9d60d7eff24b6603d8a355db817965321aded167eb2387bae94eb4
Permute: iterations=480 runtime: 170879us
Permute: iterations=481 runtime: 172312us
Permute: iterations=482 runtime: 171866us
Permute: iterations=483 runtime: 171571us
Permute: iterations=484 runtime: 171884us
Permute: iterations=485 runtime: 171863us
Permute: iterations=486 runtime: 173476us
Permute: iterations=487 runtime: 171176us
Permute: iterations=488 runtime: 171629us
Permute: iterations=489 runtime: 172218us
Permute: iterations=490 runtime: 171423us
Permute: iterations=491 runtime: 171941us
Permute: iterations=492 runtime: 171745us
Permute: iterations=493 runtime: 171951us
Permute: iterations=494 runtime: 171807us
Permute: iterations=495 runtime: 171642us
Permute: iterations=496 runtime: 171555us
Permute: iterations=497 runtime: 171297us
Permute: iterations=498 runtime: 171432us
Permute: iterations=499 runtime: 171962us
Permute: iterations=500 runtime: 171608us
Could not locate BlockSlowdown.json
Skipping Loading (this might cause a fatal crash if GTSlowdown is on)
jdk.internal.constant.PrimitiveClassDescImpl.descriptorString()java.lang.String -1 codeSignature differs 7722674ec43cccc19227bd0fe31433696da3716816c65b03f1730e1c0254917a != 2859d17d681828116974698ed904c3f2d6f285799222904b89fcd6ff7a2f986f
Permute: iterations=500 average: 172969us total: 86484878us


Total Runtime: 86484878us
Bubo.RDTSC.Harness.main Total RDTSC cycles: 287215976668
