[Use -Djdk.graal.LogFile=<path> to redirect Graal log output to a file.]
java.lang.module.ModuleDescriptor.name()java.lang.String -1 codeSignature differs 5be282a10c496d4000571a6844c9c0bc109901813a12d3aea5364efad6a66c85 != 236f622407d0112ac18220ce2f7dd8fc95a4975bd21efedc593a420240b9e35f
java.lang.module.ModuleReference.descriptor()java.lang.module.ModuleDescriptor -1 codeSignature differs 14be906eafbcd0e98db8607fd01b12de837039bcd06c460d0cf8f6394c8cff6d != d74a3d991dcad2ff0132c63a48dc50da7170128a36ef27d42bfbafe23260746e
java.lang.Enum.ordinal()int -1 codeSignature differs d4ce072063a0e5d7b77fa03ca89aafb8f3e3ecf13c518dc1905e344d1e62c58a != 6379912ece14b3e5c494001bcdbf513550438500c9fe64692666ea4804585a5b
java.lang.Class.isPrimitive()boolean -1 codeSignature differs 98ab40cf2ebcc843a57e4548f9a42e2e9f3f439b3cfc72b2a9affe72c8d06a5f != 3e78a4a854866f13977dcbf9876f9c5a148d0cfe8abd55bad528a298e2ab0d37
jdk.internal.util.StrongReferenceKey.get()java.lang.Object -1 codeSignature differs 14be906eafbcd0e98db8607fd01b12de837039bcd06c460d0cf8f6394c8cff6d != d74a3d991dcad2ff0132c63a48dc50da7170128a36ef27d42bfbafe23260746e
java.lang.Class.getClassLoader()java.lang.ClassLoader -1 codeSignature differs 1ec746d9657abb2124f404e47924197593986fc62346c6cd76072c08e29afddf != fc6683d6dbc2e9c193939db2b7b3809c7ed36f548dabbad32ce6a77af2acbb5c
java.lang.invoke.MethodType.returnType()java.lang.Class -1 codeSignature differs 14be906eafbcd0e98db8607fd01b12de837039bcd06c460d0cf8f6394c8cff6d != d74a3d991dcad2ff0132c63a48dc50da7170128a36ef27d42bfbafe23260746e
jdk.internal.classfile.impl.AbstractPoolEntry.index()int -1 codeSignature differs d4ce072063a0e5d7b77fa03ca89aafb8f3e3ecf13c518dc1905e344d1e62c58a != 6379912ece14b3e5c494001bcdbf513550438500c9fe64692666ea4804585a5b
java.lang.invoke.MemberName.getDeclaringClass()java.lang.Class -1 codeSignature differs b46e439bc51650ff335d2a7124f0b0154f260fe1af8ba145c6fd3cf5008c9e4e != 65875f01c4739b3690cfc99e32978813efde10140dd67c4d7a0e3015e243befa
java.lang.invoke.MethodType.form()java.lang.invoke.MethodTypeForm -1 codeSignature differs 5be282a10c496d4000571a6844c9c0bc109901813a12d3aea5364efad6a66c85 != 236f622407d0112ac18220ce2f7dd8fc95a4975bd21efedc593a420240b9e35f
java.util.stream.FindOps$FindSink.cancellationRequested()boolean -1 codeSignature differs 55af0dc4b7688c78180d5f5b00584e4bf66cf93bd60716f9aab49e7a6fd64ac4 != f48625702890d29653fc29959db5796353242ca5005d0c97563dc7641a6e9521
java.lang.Object.<init>()void -1 codeSignature differs fe534d3aac0502b22527b54e744892c09d7496fd765947a3ee3ec9a070d56f92 != 53fed571f2d162d1b06665e593acff62e94c3c2feeb837a313805208a153c804
jdk.internal.module.ModuleReferenceImpl.moduleResolution()jdk.internal.module.ModuleResolution -1 codeSignature differs b76db95b8fd3a055b26c3a6c15023743ea3cd488646d474319964a2e9e13b73e != acecf092198f6e600ae574ae88f94c3dcc124dff78fd33d38e7503cf1de4cb84
java.lang.String.hashCode()int -1 codeSignature differs cd869c87835ef8242ee90410caccd8a61a63cd99231e11f83fcdc76366e70264 != 4af57cd2c352f504d9843ac55232e6c06b59ac42ecb11ac71e7928d819941700
java.lang.module.ModuleDescriptor$Requires.modifiers()java.util.Set -1 codeSignature differs 14be906eafbcd0e98db8607fd01b12de837039bcd06c460d0cf8f6394c8cff6d != d74a3d991dcad2ff0132c63a48dc50da7170128a36ef27d42bfbafe23260746e
java.lang.module.ModuleDescriptor$Requires.name()java.lang.String -1 codeSignature differs 90f01eeb46d88d53d0e4e48ef19445eb3bdf8101a00c7dc3f717a337df9fb41f != 3dca556ce0a4f9f9b2a7bcbcee2ecdeeb626fd493f0993079a0f91070abff97b
java.lang.module.ModuleDescriptor.requires()java.util.Set -1 codeSignature differs 50021c78154f047ad8f88f0733084203e726ca2f3911eed3f4e2615369ae39b2 != 38c64b25607c18539afa677dc017db8b0b2e69cd25c409ff2fbbda9b724f85b9
java.lang.module.ModuleDescriptor.isAutomatic()boolean -1 codeSignature differs 2c5d9434fa6cbff1c0177053ad01774247e7a98383a3d0ee5c4dccbf56bf9e86 != 573ad2b7aa6bd940d385aadba08b49259d18cc84676cb0e7d2bc6bb2b3a188b0
java.util.HashMap$Node.getKey()java.lang.Object -1 codeSignature differs 90f01eeb46d88d53d0e4e48ef19445eb3bdf8101a00c7dc3f717a337df9fb41f != 3dca556ce0a4f9f9b2a7bcbcee2ecdeeb626fd493f0993079a0f91070abff97b
java.util.HashMap$Node.getValue()java.lang.Object -1 codeSignature differs 5be282a10c496d4000571a6844c9c0bc109901813a12d3aea5364efad6a66c85 != 236f622407d0112ac18220ce2f7dd8fc95a4975bd21efedc593a420240b9e35f
java.util.ImmutableCollections$Set12.isEmpty()boolean -1 codeSignature differs d890ffc04cd03ec866061096d7d13d2670cacc5a2328b692374e3523d40574bd != 55a5cc963fc3641936c496e734b67cb2da5b04dc6786193efb958b4650f80fcc
java.lang.module.ModuleDescriptor$Exports.source()java.lang.String -1 codeSignature differs 90f01eeb46d88d53d0e4e48ef19445eb3bdf8101a00c7dc3f717a337df9fb41f != 3dca556ce0a4f9f9b2a7bcbcee2ecdeeb626fd493f0993079a0f91070abff97b
java.lang.module.ModuleDescriptor$Exports.targets()java.util.Set -1 codeSignature differs 5be282a10c496d4000571a6844c9c0bc109901813a12d3aea5364efad6a66c85 != 236f622407d0112ac18220ce2f7dd8fc95a4975bd21efedc593a420240b9e35f
java.lang.module.ModuleDescriptor.provides()java.util.Set -1 codeSignature differs 309d9291f2d3c2a63becdec49b2c74b25af9d7fdc62dad05faf86a64889608fc != ac8620023b60722a9bd4c025af16c863bb01ff2e1485a56d1a0e66cae8c98d9f
java.lang.module.ModuleDescriptor.exports()java.util.Set -1 codeSignature differs 948d21eddb9ad191efbc24290e4e840a30aebb134151b75def9175ab54c0a48c != 64b1f8caa863f256c52a850b78b1f50f6cb4cdbb0fd449ebc0f6c33942f7e576
java.util.ImmutableCollections$SetN$SetNIterator.hasNext()boolean -1 codeSignature differs 014069b9d29ae67f97f8d652b8d7a77d9057cdb393e4e32597c925d7a30bdc82 != 68bedb7c2b89fc57eca6528f835388a812a6a51c19835f3ca5c045deed27b552
java.lang.module.ModuleDescriptor.uses()java.util.Set -1 codeSignature differs e3ce51591a4fee3aaff0c687fbb639bc8c1569c92e84d989cdc906a081a3aa6f != a28d016eade96af94b1490585bd89e875ca450bc08a58e964a7e2d9c660f535c
java.util.ImmutableCollections$SetN$SetNIterator.next()java.lang.Object -1 codeSignature differs e1fe95f08e9a54f528c00088fcbfa159f3bad00b96b954e867ee6f3fb841619e != 1c16e1aaf3c5c4e267d064b4f4a6055cb93c36b45deb929a479843825821be18
java.util.ImmutableCollections$SetN$SetNIterator.next()java.lang.Object -1 graphSignature differs b05d592371fcce917a90fc28debaf21f7e7532d4836b1c9812ac396e129c7095 != dd493989519e7f328311cfecc7abfe1946186eaebdea7e8b59878a8ba9e25a26
java.lang.module.ModuleDescriptor$Provides.service()java.lang.String -1 codeSignature differs 14be906eafbcd0e98db8607fd01b12de837039bcd06c460d0cf8f6394c8cff6d != d74a3d991dcad2ff0132c63a48dc50da7170128a36ef27d42bfbafe23260746e
java.util.HashMap.hash(java.lang.Object)int -1 codeSignature differs a62d3661c2a7ce6570cd30df9630972fac20946c9060b06f1a4a0c0eabc46014 != 1bc5a2b35e513a6ba6d0039a42e3236ed436177df5dd6956caeee1162e057ea9
java.lang.module.ModuleDescriptor$Exports.isQualified()boolean -1 codeSignature differs 010ca1dfba4fe4ccd7c093747be0c4c01c49104e69ca3030d4098d757d5071c5 != 2f4207294e75cb5e74104b57431dbbe7d8d2c0007d409964a0c006607a519383
java.util.HashMap.putVal(int, java.lang.Object, java.lang.Object, boolean, boolean)java.lang.Object -1 codeSignature differs f305f23cd8218afd18160662c5328ef3deef0fe68160caaaa803e1f1711e7ba0 != 68bbf1fc66c24500b6f818ad58da93471846096c55b8002adf9ecfdb844bf242
java.util.HashMap.putVal(int, java.lang.Object, java.lang.Object, boolean, boolean)java.lang.Object -1 graphSignature differs 71c7befc4bcc50903c01cb500806055811a71080bd754d077284439fcd10103c != 5a74e12f320f5360d51b0bb3946f087ce2dce5afa144b15d312a3acc1621c4cf
java.lang.String.equals(java.lang.Object)boolean -1 codeSignature differs f5747f05d8cb43a0e84b3d89443c10d37c72a20d9b0342eb86834299bed80ca6 != 119dc6e6665ec6b4c44f1e420beb3682c6794e4c2205f6f17310bd0f4f948907
java.lang.String.equals(java.lang.Object)boolean -1 graphSignature differs 240f841b413bb8bd2af4877cb3753eac11d3bdc482d702e067df992e72784ebb != 2d841e5f6ff33687ba2a8e89c73735b82c892266d476f740b43f9fc2b4d21873
java.util.KeyValueHolder.getKey()java.lang.Object -1 codeSignature differs 14be906eafbcd0e98db8607fd01b12de837039bcd06c460d0cf8f6394c8cff6d != d74a3d991dcad2ff0132c63a48dc50da7170128a36ef27d42bfbafe23260746e
java.util.KeyValueHolder.getValue()java.lang.Object -1 codeSignature differs 90f01eeb46d88d53d0e4e48ef19445eb3bdf8101a00c7dc3f717a337df9fb41f != 3dca556ce0a4f9f9b2a7bcbcee2ecdeeb626fd493f0993079a0f91070abff97b
java.lang.module.ModuleDescriptor.packages()java.util.Set -1 codeSignature differs 1ec746d9657abb2124f404e47924197593986fc62346c6cd76072c08e29afddf != fc6683d6dbc2e9c193939db2b7b3809c7ed36f548dabbad32ce6a77af2acbb5c
java.lang.module.ResolvedModule.reference()java.lang.module.ModuleReference -1 codeSignature differs 90f01eeb46d88d53d0e4e48ef19445eb3bdf8101a00c7dc3f717a337df9fb41f != 3dca556ce0a4f9f9b2a7bcbcee2ecdeeb626fd493f0993079a0f91070abff97b
java.util.HashMap$Node.<init>(int, java.lang.Object, java.lang.Object, java.util.HashMap$Node)void -1 codeSignature differs 3168b32da063edc87e67518507fcb38a07ce065fee79704884f8f3a546b0e5f7 != 4644f5552abc5ce1ce190b7ec6c833597cacf223cdc65a1dfa0cf9c0b46b8244
java.lang.module.ModuleDescriptor$Version.toString()java.lang.String -1 codeSignature differs 14be906eafbcd0e98db8607fd01b12de837039bcd06c460d0cf8f6394c8cff6d != d74a3d991dcad2ff0132c63a48dc50da7170128a36ef27d42bfbafe23260746e
java.lang.AbstractStringBuilder.length()int -1 codeSignature differs d4ce072063a0e5d7b77fa03ca89aafb8f3e3ecf13c518dc1905e344d1e62c58a != 6379912ece14b3e5c494001bcdbf513550438500c9fe64692666ea4804585a5b
java.util.HashMap.newNode(int, java.lang.Object, java.lang.Object, java.util.HashMap$Node)java.util.HashMap$Node -1 codeSignature differs 0b57ad3d0ea1b0de0d3ae4d1256f2a3bf2dacceb94022bee4e70d75bf1848358 != d2c2a415cba31cf48b157817e62dcfa6745f18dc85bdd37bd358d1bb63bfa15d
java.util.HashMap.afterNodeInsertion(boolean)void -1 codeSignature differs fe534d3aac0502b22527b54e744892c09d7496fd765947a3ee3ec9a070d56f92 != 53fed571f2d162d1b06665e593acff62e94c3c2feeb837a313805208a153c804
java.util.HashMap.resize()java.util.HashMap$Node[] -1 codeSignature differs 57a3a77b06039b22890e62598571030795675e9f7ca59b9c9bb6d3f402298a9f != a48376d6ff3c45fa42fd331698dd91428955c1e141e3763789b25f83d12c93ba
java.util.HashMap.resize()java.util.HashMap$Node[] -1 graphSignature differs 8621339e67ed630b148c0b60d4ece2a8f5e4dc640c7e625f721a8babedbc3813 != 907f32e8439d3100299993dcad76560e08b0f705baa3a6e36f739c5640084aa9
java.lang.module.ResolvedModule.configuration()java.lang.module.Configuration -1 codeSignature differs 14be906eafbcd0e98db8607fd01b12de837039bcd06c460d0cf8f6394c8cff6d != d74a3d991dcad2ff0132c63a48dc50da7170128a36ef27d42bfbafe23260746e
java.lang.module.ModuleDescriptor.isOpen()boolean -1 codeSignature differs 7251ebfc69511ba11260ce3e5fe8de41e1ee424c1c84ef382507a4b520f46599 != 68c1b93afd5159dbd52f415e41c6f206a35012c76ae6407eef42650396bf8bfc
java.util.HashMap.size()int -1 codeSignature differs 55d12884885f16e44e8204f924f64617688caf405b709d32e1e72896f6c27c3d != 602769ad44793bd98e92b9e62f8542f52d5162d04d5d1c146bc1a1f5f4eab2b1
java.util.zip.ZipCoder$UTF8ZipCoder.isUTF8()boolean -1 codeSignature differs 6e3a14458a0fca90e6a63285514a933585cea592cb622e79b33ddc5df6e0fb66 != f86c5820929a34f03b9429610f522a6efd833767bf69832ae22131f6e690fc71
jdk.internal.classfile.impl.AbstractPoolEntry.width()int -1 codeSignature differs 6e3a14458a0fca90e6a63285514a933585cea592cb622e79b33ddc5df6e0fb66 != f86c5820929a34f03b9429610f522a6efd833767bf69832ae22131f6e690fc71
jdk.internal.classfile.impl.SplitConstantPool.size()int -1 codeSignature differs 1e851f5b2cbf37c0cd46831368dd889b60dff01d7b16161259960e24b264ceb1 != 8842033c3435ba9022b0d14a05ef1a95782e7436e1f26a804596a2590677c40d
java.lang.invoke.MethodType.ptypes()java.lang.Class[] -1 codeSignature differs 90f01eeb46d88d53d0e4e48ef19445eb3bdf8101a00c7dc3f717a337df9fb41f != 3dca556ce0a4f9f9b2a7bcbcee2ecdeeb626fd493f0993079a0f91070abff97b
jdk.internal.classfile.impl.RawBytecodeHelper.bci()int -1 codeSignature differs fe46e3fea17c2bcac25676024acf43715946ed13832c36004058f315d01e6ed3 != f644854fb6e4ffc5fb86a7d696951b13023f6a472bb2253c81909dd20f94fad0
jdk.internal.classfile.impl.AbstractPoolEntry.constantPool()java.lang.classfile.constantpool.ConstantPool -1 codeSignature differs 5be282a10c496d4000571a6844c9c0bc109901813a12d3aea5364efad6a66c85 != 236f622407d0112ac18220ce2f7dd8fc95a4975bd21efedc593a420240b9e35f
java.lang.AbstractStringBuilder.getValue()byte[] -1 codeSignature differs 5be282a10c496d4000571a6844c9c0bc109901813a12d3aea5364efad6a66c85 != 236f622407d0112ac18220ce2f7dd8fc95a4975bd21efedc593a420240b9e35f
jdk.internal.constant.ClassOrInterfaceDescImpl.descriptorString()java.lang.String -1 codeSignature differs 14be906eafbcd0e98db8607fd01b12de837039bcd06c460d0cf8f6394c8cff6d != d74a3d991dcad2ff0132c63a48dc50da7170128a36ef27d42bfbafe23260746e
java.lang.String.value()byte[] -1 codeSignature differs 5be282a10c496d4000571a6844c9c0bc109901813a12d3aea5364efad6a66c85 != 236f622407d0112ac18220ce2f7dd8fc95a4975bd21efedc593a420240b9e35f
jdk.internal.classfile.impl.BufWriterImpl.size()int -1 codeSignature differs fe46e3fea17c2bcac25676024acf43715946ed13832c36004058f315d01e6ed3 != f644854fb6e4ffc5fb86a7d696951b13023f6a472bb2253c81909dd20f94fad0
Profiling started
java.nio.Buffer.limit()int -1 codeSignature differs 55d12884885f16e44e8204f924f64617688caf405b709d32e1e72896f6c27c3d != 602769ad44793bd98e92b9e62f8542f52d5162d04d5d1c146bc1a1f5f4eab2b1
java.lang.StringLatin1.equals(byte[], byte[])boolean -1 codeSignature differs 2cfeb7ca81e519d27a2f4886127bbb28eb00282f6a344501abe1cdc2705cba4e != ce6957fde94989d8dfb9f657cd698acb12bd0f01e407ce68915647520f63bd02
java.lang.StringLatin1.equals(byte[], byte[])boolean -1 graphSignature differs f47d0b1647dabd6f0108a1c873e12c6a64939992dcc9e97f79a9e6e1f1af8649 != cda1bda6b067c21da86f5c9b00220a168b94ff95811df6ee0a57435eb4ec0473
jdk.internal.classfile.impl.AbstractDirectBuilder.constantPool()jdk.internal.classfile.impl.SplitConstantPool -1 codeSignature differs 14be906eafbcd0e98db8607fd01b12de837039bcd06c460d0cf8f6394c8cff6d != d74a3d991dcad2ff0132c63a48dc50da7170128a36ef27d42bfbafe23260746e
java.lang.String.coder()byte -1 codeSignature differs f3a73f0f7ffcffdf8962f6b17b32b9d22dceb70a6321ad4e83f092ac924fb640 != 82f5235e2dbc41130ab9f332d81a84c727950ed13b523486e1cf57bd2f9bda2c
jdk.internal.util.WeakReferenceKey.hashCode()int -1 codeSignature differs 55d12884885f16e44e8204f924f64617688caf405b709d32e1e72896f6c27c3d != 602769ad44793bd98e92b9e62f8542f52d5162d04d5d1c146bc1a1f5f4eab2b1
java.lang.invoke.MethodTypeForm.erasedType()java.lang.invoke.MethodType -1 codeSignature differs 90f01eeb46d88d53d0e4e48ef19445eb3bdf8101a00c7dc3f717a337df9fb41f != 3dca556ce0a4f9f9b2a7bcbcee2ecdeeb626fd493f0993079a0f91070abff97b
jdk.internal.constant.ClassOrInterfaceDescImpl.isClassOrInterface()boolean -1 codeSignature differs 6e3a14458a0fca90e6a63285514a933585cea592cb622e79b33ddc5df6e0fb66 != f86c5820929a34f03b9429610f522a6efd833767bf69832ae22131f6e690fc71
java.util.ArrayList.size()int -1 codeSignature differs fe46e3fea17c2bcac25676024acf43715946ed13832c36004058f315d01e6ed3 != f644854fb6e4ffc5fb86a7d696951b13023f6a472bb2253c81909dd20f94fad0
java.lang.String.length()int -1 codeSignature differs 5f2a9f3bb1f4f800ea4f2ad278553dedcfc789fe27a155b26df986828b30ede3 != 65d375b72c5817a4f8af1bcdf77dbdcb452e4f9ceb60cd42724b10772bcfdc62
Starting Permute benchmark ...
Permute.swap(int, int)void -1 codeSignature differs 48412674e470f5fb905115272cf3ae2fa3e24dae50418b77c3ca7f3261d12997 != 07ba270e91ba58125ca4c608da5b8275d4960bec015ee1130fbb414f174cc931
Permute.permute(int)void -1 codeSignature differs 63a8058f44de493effd178d063c06c693a40cf9dddb4986d4b211ca11d3356ac != dc773128fabcb65c3b9c2abe50e5bce67f00a56dff970b089b8a7bdca2ed8631
Permute.permute(int)void -1 graphSignature differs abd2e7407c6ce0088940d6659ac59b19874135c563c791346174e1d3d2e4cbd8 != 2f4526a15e076c8b88ff827c2b0e2eca5ae0b810ae1cafa99095f518efabf429
java.lang.Integer.intValue()int -1 codeSignature differs d4ce072063a0e5d7b77fa03ca89aafb8f3e3ecf13c518dc1905e344d1e62c58a != 6379912ece14b3e5c494001bcdbf513550438500c9fe64692666ea4804585a5b
jdk.internal.classfile.impl.AbstractPoolEntry.hashCode()int -1 codeSignature differs fe46e3fea17c2bcac25676024acf43715946ed13832c36004058f315d01e6ed3 != f644854fb6e4ffc5fb86a7d696951b13023f6a472bb2253c81909dd20f94fad0
jdk.internal.classfile.impl.AbstractPoolEntry$ClassEntryImpl.tag()int -1 codeSignature differs 5404769be9f3dbc3cb72c5db1a8ad8dd44853cedba352c69c6db32de21c4dbb9 != 9e72aee727452f3bd7e5755029309d18662e78c7d8f6a3fef1fa786c235c1353
Permute: iterations=1 runtime: 436128us
Permute.benchmark()java.lang.Object -1 codeSignature differs 42d87d42be76dd551ae8658a72b1182dd78bbb9ad79be3083ab41616f300951f != bab95dde51de701ffd3c72d131c2b9faf0c91df4cf5880695824bee718035fe4
Permute.verifyResult(java.lang.Object)boolean -1 codeSignature differs 019391fb84e5d623d311569dc40a5cb85d65f720ccf29a801e5c1ff713b62011 != 15b17b3be0912d73715008105f10eaf3ba68166d601f6e22590c6b9a5141a9ba
Permute: iterations=2 runtime: 478789us
Permute: iterations=3 runtime: 369339us
Permute: iterations=4 runtime: 331213us
Permute: iterations=5 runtime: 332541us
Benchmark.innerBenchmarkLoop(int)boolean -1 codeSignature differs 74f0328c3a8e128e5a957fd557f5933377ed1667b91135f017bf324e3ab0dd8c != 0db363af2c24544daa32239fc77ec51c1badf8a92cdc6bdd71df9b03f5ef528f
Benchmark.innerBenchmarkLoop(int)boolean -1 graphSignature differs 8b3ae3a1a8b823b59df7d3586c5c49b80071146e8c8340e1f700396c6378e871 != f2a1cd43368857fe4dfccc17f901764091c4976ee47ed2acb22d5bdae9c382ba
Permute: iterations=6 runtime: 778642us
Permute: iterations=7 runtime: 332576us
java.nio.Buffer.position()int -1 codeSignature differs 3f64cd4fafea8a3cef87601314961681d43f2aa75c3a358c1b0ce8d9a1c4731a != f5a100836d3b6c24d5617122379fdd07d38ba4b008ea9ae91e48aa3956773271
Permute: iterations=8 runtime: 332155us
Permute: iterations=9 runtime: 332879us
Permute: iterations=10 runtime: 331870us
Permute: iterations=11 runtime: 331671us
Permute: iterations=12 runtime: 331515us
Permute: iterations=13 runtime: 331370us
Permute: iterations=14 runtime: 331678us
Permute: iterations=15 runtime: 331052us
Permute: iterations=16 runtime: 347648us
Permute: iterations=17 runtime: 331535us
Permute: iterations=18 runtime: 331185us
Permute: iterations=19 runtime: 331575us
Permute: iterations=20 runtime: 331894us
Permute: iterations=21 runtime: 332855us
Permute: iterations=22 runtime: 331408us
Permute: iterations=23 runtime: 331524us
Permute: iterations=24 runtime: 331657us
Permute: iterations=25 runtime: 332373us
Permute: iterations=26 runtime: 331338us
Permute: iterations=27 runtime: 330828us
Permute: iterations=28 runtime: 331396us
Permute: iterations=29 runtime: 331825us
Permute: iterations=30 runtime: 331888us
Permute: iterations=31 runtime: 331984us
Permute: iterations=32 runtime: 332135us
Permute: iterations=33 runtime: 330510us
Permute: iterations=34 runtime: 331704us
Permute: iterations=35 runtime: 332293us
Permute: iterations=36 runtime: 332739us
Permute: iterations=37 runtime: 330879us
Permute: iterations=38 runtime: 331677us
Permute: iterations=39 runtime: 331522us
Permute: iterations=40 runtime: 331136us
Permute: iterations=41 runtime: 332041us
Permute: iterations=42 runtime: 331028us
Permute: iterations=43 runtime: 331154us
Permute: iterations=44 runtime: 330848us
Permute: iterations=45 runtime: 331736us
Permute: iterations=46 runtime: 332061us
Permute: iterations=47 runtime: 332277us
Permute: iterations=48 runtime: 331775us
Permute: iterations=49 runtime: 331547us
Permute: iterations=50 runtime: 330930us
Permute: iterations=51 runtime: 332682us
Permute: iterations=52 runtime: 331624us
Permute: iterations=53 runtime: 331124us
Permute: iterations=54 runtime: 331528us
Permute: iterations=55 runtime: 330258us
Permute: iterations=56 runtime: 331686us
Permute: iterations=57 runtime: 331089us
Permute: iterations=58 runtime: 331377us
Permute: iterations=59 runtime: 331285us
Permute: iterations=60 runtime: 381209us
Permute: iterations=61 runtime: 329425us
Permute: iterations=62 runtime: 329840us
Permute: iterations=63 runtime: 329725us
Permute: iterations=64 runtime: 330896us
Permute: iterations=65 runtime: 331063us
Permute: iterations=66 runtime: 332489us
Permute: iterations=67 runtime: 329180us
Permute: iterations=68 runtime: 328955us
Permute: iterations=69 runtime: 328468us
Permute: iterations=70 runtime: 328215us
Permute: iterations=71 runtime: 330212us
Permute: iterations=72 runtime: 328828us
Permute: iterations=73 runtime: 329967us
Permute: iterations=74 runtime: 329905us
Permute: iterations=75 runtime: 329447us
Permute: iterations=76 runtime: 329657us
Permute: iterations=77 runtime: 330867us
Permute: iterations=78 runtime: 330429us
java.nio.Buffer.capacity()int -1 codeSignature differs 138bc711c3bed648b8548df225303894eec321dce856bde9fbb2267d74239e89 != b84da6c168a864b24de57055760067fff8c97c57c508d6b8c6ea52df12fe61fe
Permute: iterations=79 runtime: 330200us
Permute: iterations=80 runtime: 333101us
Permute: iterations=81 runtime: 334384us
Permute: iterations=82 runtime: 332019us
Permute: iterations=83 runtime: 332247us
Permute: iterations=84 runtime: 330390us
Permute: iterations=85 runtime: 331136us
Permute: iterations=86 runtime: 330815us
Permute: iterations=87 runtime: 330533us
Permute: iterations=88 runtime: 330628us
Permute: iterations=89 runtime: 332495us
Permute: iterations=90 runtime: 329677us
Permute: iterations=91 runtime: 331217us
Permute: iterations=92 runtime: 331190us
Permute: iterations=93 runtime: 330203us
Permute: iterations=94 runtime: 332492us
Permute: iterations=95 runtime: 330667us
Permute: iterations=96 runtime: 334564us
Permute: iterations=97 runtime: 332178us
Permute: iterations=98 runtime: 331686us
Permute: iterations=99 runtime: 330201us
Permute: iterations=100 runtime: 330735us
Permute: iterations=101 runtime: 330913us
Permute: iterations=102 runtime: 330900us
Permute: iterations=103 runtime: 330635us
Permute: iterations=104 runtime: 331060us
Permute: iterations=105 runtime: 331834us
Permute: iterations=106 runtime: 331307us
Permute: iterations=107 runtime: 330981us
Permute: iterations=108 runtime: 331723us
Permute: iterations=109 runtime: 332401us
Permute: iterations=110 runtime: 331208us
Permute: iterations=111 runtime: 335142us
Permute: iterations=112 runtime: 331851us
Permute: iterations=113 runtime: 329898us
Permute: iterations=114 runtime: 330725us
java.nio.charset.CharsetEncoder.maxBytesPerChar()float -1 codeSignature differs d0dc63dd2361c2989cb14e4cf77bfb3442e0a43d3c92bbd78638646fefb8363f != fc84c03091d44b6099141a22fdb9f6cfabe66e5026a15b0d60a828a10b5481b9
Permute: iterations=115 runtime: 330519us
Permute: iterations=116 runtime: 332444us
Permute: iterations=117 runtime: 329285us
Permute: iterations=118 runtime: 331442us
Permute: iterations=119 runtime: 330403us
Permute: iterations=120 runtime: 331143us
Permute: iterations=121 runtime: 329423us
Permute: iterations=122 runtime: 329292us
Permute: iterations=123 runtime: 329804us
Permute: iterations=124 runtime: 330277us
Permute: iterations=125 runtime: 328840us
Permute: iterations=126 runtime: 333531us
Permute: iterations=127 runtime: 330773us
Permute: iterations=128 runtime: 335742us
Permute: iterations=129 runtime: 341215us
Permute: iterations=130 runtime: 330618us
Permute: iterations=131 runtime: 329122us
Permute: iterations=132 runtime: 330273us
Permute: iterations=133 runtime: 329225us
Permute: iterations=134 runtime: 328720us
Permute: iterations=135 runtime: 330244us
Permute: iterations=136 runtime: 330032us
Permute: iterations=137 runtime: 329019us
Permute: iterations=138 runtime: 330544us
Permute: iterations=139 runtime: 330061us
Permute: iterations=140 runtime: 329312us
Permute: iterations=141 runtime: 332224us
Permute: iterations=142 runtime: 330334us
Permute: iterations=143 runtime: 329800us
Permute: iterations=144 runtime: 330876us
Permute: iterations=145 runtime: 329582us
Permute: iterations=146 runtime: 328631us
Permute: iterations=147 runtime: 329463us
Permute: iterations=148 runtime: 330157us
Permute: iterations=149 runtime: 328986us
Permute: iterations=150 runtime: 330208us
Permute: iterations=151 runtime: 330762us
Permute: iterations=152 runtime: 329310us
Permute: iterations=153 runtime: 328868us
Permute: iterations=154 runtime: 330248us
Permute: iterations=155 runtime: 329891us
Permute: iterations=156 runtime: 332532us
Permute: iterations=157 runtime: 331347us
Permute: iterations=158 runtime: 330241us
Permute: iterations=159 runtime: 329416us
Permute: iterations=160 runtime: 331065us
Permute: iterations=161 runtime: 331082us
Permute: iterations=162 runtime: 330756us
Permute: iterations=163 runtime: 330015us
Permute: iterations=164 runtime: 330030us
Permute: iterations=165 runtime: 330693us
Permute: iterations=166 runtime: 330344us
Permute: iterations=167 runtime: 330952us
Permute: iterations=168 runtime: 330975us
Permute: iterations=169 runtime: 331329us
Permute: iterations=170 runtime: 330976us
Permute: iterations=171 runtime: 331996us
Permute: iterations=172 runtime: 332279us
Permute: iterations=173 runtime: 330458us
Permute: iterations=174 runtime: 330442us
Permute: iterations=175 runtime: 329638us
Permute: iterations=176 runtime: 329900us
Permute: iterations=177 runtime: 330004us
Permute: iterations=178 runtime: 330963us
Permute: iterations=179 runtime: 329353us
Permute: iterations=180 runtime: 330370us
Permute: iterations=181 runtime: 330030us
Permute: iterations=182 runtime: 329440us
Permute: iterations=183 runtime: 329263us
Permute: iterations=184 runtime: 330423us
Permute: iterations=185 runtime: 330175us
Permute: iterations=186 runtime: 330941us
Permute: iterations=187 runtime: 332688us
Permute: iterations=188 runtime: 330907us
Permute: iterations=189 runtime: 328937us
Permute: iterations=190 runtime: 329847us
Permute: iterations=191 runtime: 330092us
Permute: iterations=192 runtime: 330779us
Permute: iterations=193 runtime: 329604us
Permute: iterations=194 runtime: 330238us
Permute: iterations=195 runtime: 330179us
Permute: iterations=196 runtime: 330371us
Permute: iterations=197 runtime: 329932us
Permute: iterations=198 runtime: 346969us
Permute: iterations=199 runtime: 330470us
Permute: iterations=200 runtime: 330323us
Permute: iterations=201 runtime: 330597us
Permute: iterations=202 runtime: 332595us
Permute: iterations=203 runtime: 329396us
Permute: iterations=204 runtime: 330111us
Permute: iterations=205 runtime: 329835us
Permute: iterations=206 runtime: 329536us
Permute: iterations=207 runtime: 328812us
Permute: iterations=208 runtime: 329530us
Permute: iterations=209 runtime: 329928us
Permute: iterations=210 runtime: 330296us
Permute: iterations=211 runtime: 330513us
Permute: iterations=212 runtime: 329291us
Permute: iterations=213 runtime: 330198us
Permute: iterations=214 runtime: 329592us
Permute: iterations=215 runtime: 329818us
Permute: iterations=216 runtime: 330095us
Permute: iterations=217 runtime: 332816us
Permute: iterations=218 runtime: 330647us
Permute: iterations=219 runtime: 330512us
Permute: iterations=220 runtime: 329156us
Permute: iterations=221 runtime: 330881us
Permute: iterations=222 runtime: 329611us
Permute: iterations=223 runtime: 329241us
Permute: iterations=224 runtime: 329757us
Permute: iterations=225 runtime: 329297us
Permute: iterations=226 runtime: 330901us
Permute: iterations=227 runtime: 330608us
Permute: iterations=228 runtime: 329830us
Permute: iterations=229 runtime: 329681us
Permute: iterations=230 runtime: 330254us
Permute: iterations=231 runtime: 329260us
Permute: iterations=232 runtime: 333383us
Permute: iterations=233 runtime: 330988us
Permute: iterations=234 runtime: 330102us
Permute: iterations=235 runtime: 330431us
Permute: iterations=236 runtime: 330128us
Permute: iterations=237 runtime: 330075us
Permute: iterations=238 runtime: 329336us
Permute: iterations=239 runtime: 329787us
Permute: iterations=240 runtime: 330571us
Permute: iterations=241 runtime: 338977us
Permute: iterations=242 runtime: 329855us
Permute: iterations=243 runtime: 329223us
Permute: iterations=244 runtime: 329382us
Permute: iterations=245 runtime: 330223us
Permute: iterations=246 runtime: 330047us
Permute: iterations=247 runtime: 333971us
Permute: iterations=248 runtime: 330260us
Permute: iterations=249 runtime: 329967us
Permute: iterations=250 runtime: 329744us
Permute: iterations=251 runtime: 329685us
Permute: iterations=252 runtime: 329893us
Permute: iterations=253 runtime: 331131us
Permute: iterations=254 runtime: 331031us
Permute: iterations=255 runtime: 330042us
Permute: iterations=256 runtime: 330162us
Permute: iterations=257 runtime: 330217us
Permute: iterations=258 runtime: 330071us
Permute: iterations=259 runtime: 330923us
Permute: iterations=260 runtime: 330046us
Permute: iterations=261 runtime: 329601us
Permute: iterations=262 runtime: 333348us
Permute: iterations=263 runtime: 330765us
Permute: iterations=264 runtime: 329858us
Permute: iterations=265 runtime: 331206us
Permute: iterations=266 runtime: 330466us
Permute: iterations=267 runtime: 329915us
Permute: iterations=268 runtime: 329539us
Permute: iterations=269 runtime: 330419us
Permute: iterations=270 runtime: 330523us
Permute: iterations=271 runtime: 331402us
Permute: iterations=272 runtime: 330190us
Permute: iterations=273 runtime: 329839us
Permute: iterations=274 runtime: 328977us
Permute: iterations=275 runtime: 330937us
Permute: iterations=276 runtime: 330347us
Permute: iterations=277 runtime: 332239us
Permute: iterations=278 runtime: 331251us
Permute: iterations=279 runtime: 329759us
Permute: iterations=280 runtime: 329190us
Permute: iterations=281 runtime: 330004us
Permute: iterations=282 runtime: 330296us
Permute: iterations=283 runtime: 330293us
Permute: iterations=284 runtime: 329758us
Permute: iterations=285 runtime: 329917us
Permute: iterations=286 runtime: 330466us
Permute: iterations=287 runtime: 330253us
Permute: iterations=288 runtime: 329338us
Permute: iterations=289 runtime: 331326us
Permute: iterations=290 runtime: 330919us
Permute: iterations=291 runtime: 330482us
Permute: iterations=292 runtime: 331794us
Permute: iterations=293 runtime: 332955us
Permute: iterations=294 runtime: 331265us
Permute: iterations=295 runtime: 331588us
Permute: iterations=296 runtime: 331009us
Permute: iterations=297 runtime: 330831us
Permute: iterations=298 runtime: 330741us
Permute: iterations=299 runtime: 330857us
Permute: iterations=300 runtime: 330260us
Permute: iterations=301 runtime: 331330us
Permute: iterations=302 runtime: 331387us
Permute: iterations=303 runtime: 329906us
Permute: iterations=304 runtime: 330162us
Permute: iterations=305 runtime: 329892us
Permute: iterations=306 runtime: 330475us
Permute: iterations=307 runtime: 333395us
Permute: iterations=308 runtime: 332428us
Permute: iterations=309 runtime: 331109us
Permute: iterations=310 runtime: 347941us
Permute: iterations=311 runtime: 330773us
Permute: iterations=312 runtime: 330803us
Permute: iterations=313 runtime: 330672us
Permute: iterations=314 runtime: 330537us
Permute: iterations=315 runtime: 330462us
Permute: iterations=316 runtime: 330617us
Permute: iterations=317 runtime: 331042us
Permute: iterations=318 runtime: 331991us
Permute: iterations=319 runtime: 332096us
Permute: iterations=320 runtime: 331096us
Permute: iterations=321 runtime: 331228us
Permute: iterations=322 runtime: 331283us
Permute: iterations=323 runtime: 333945us
Permute: iterations=324 runtime: 330387us
Permute: iterations=325 runtime: 331027us
Permute: iterations=326 runtime: 331213us
Permute: iterations=327 runtime: 330408us
Permute: iterations=328 runtime: 330450us
Permute: iterations=329 runtime: 329795us
Permute: iterations=330 runtime: 331378us
Permute: iterations=331 runtime: 337442us
Permute: iterations=332 runtime: 333472us
Permute: iterations=333 runtime: 331699us
Permute: iterations=334 runtime: 331122us
Permute: iterations=335 runtime: 331299us
Permute: iterations=336 runtime: 330781us
Permute: iterations=337 runtime: 332517us
Permute: iterations=338 runtime: 334174us
Permute: iterations=339 runtime: 332456us
Permute: iterations=340 runtime: 331579us
Permute: iterations=341 runtime: 332560us
Permute: iterations=342 runtime: 331309us
Permute: iterations=343 runtime: 331227us
Permute: iterations=344 runtime: 332380us
Permute: iterations=345 runtime: 332180us
Permute: iterations=346 runtime: 331529us
Permute: iterations=347 runtime: 330802us
Permute: iterations=348 runtime: 331288us
Permute: iterations=349 runtime: 331350us
Permute: iterations=350 runtime: 330450us
Permute: iterations=351 runtime: 331756us
Permute: iterations=352 runtime: 331285us
Permute: iterations=353 runtime: 333150us
Permute: iterations=354 runtime: 332365us
Permute: iterations=355 runtime: 332013us
Permute: iterations=356 runtime: 331556us
Permute: iterations=357 runtime: 331205us
Permute: iterations=358 runtime: 330367us
Permute: iterations=359 runtime: 331418us
Permute: iterations=360 runtime: 331684us
Permute: iterations=361 runtime: 331453us
Permute: iterations=362 runtime: 329664us
Permute: iterations=363 runtime: 329897us
Permute: iterations=364 runtime: 330117us
Permute: iterations=365 runtime: 330688us
Permute: iterations=366 runtime: 330161us
Permute: iterations=367 runtime: 331582us
Permute: iterations=368 runtime: 333876us
Permute: iterations=369 runtime: 332364us
Permute: iterations=370 runtime: 330878us
Permute: iterations=371 runtime: 330293us
Permute: iterations=372 runtime: 331157us
Permute: iterations=373 runtime: 329437us
Permute: iterations=374 runtime: 329324us
Permute: iterations=375 runtime: 330657us
Permute: iterations=376 runtime: 330513us
Permute: iterations=377 runtime: 329839us
Permute: iterations=378 runtime: 329967us
Permute: iterations=379 runtime: 347415us
Permute: iterations=380 runtime: 330122us
Permute: iterations=381 runtime: 331965us
Permute: iterations=382 runtime: 331377us
Permute: iterations=383 runtime: 334413us
Permute: iterations=384 runtime: 331098us
Permute: iterations=385 runtime: 330396us
Permute: iterations=386 runtime: 331916us
Permute: iterations=387 runtime: 331896us
Permute: iterations=388 runtime: 331373us
Permute: iterations=389 runtime: 330654us
Permute: iterations=390 runtime: 330401us
Permute: iterations=391 runtime: 330233us
Permute: iterations=392 runtime: 331200us
Permute: iterations=393 runtime: 330073us
Permute: iterations=394 runtime: 329994us
Permute: iterations=395 runtime: 331700us
Permute: iterations=396 runtime: 330443us
Permute: iterations=397 runtime: 330627us
Permute: iterations=398 runtime: 336066us
Permute: iterations=399 runtime: 331205us
Permute: iterations=400 runtime: 331633us
Permute: iterations=401 runtime: 331671us
Permute: iterations=402 runtime: 329680us
Permute: iterations=403 runtime: 331116us
Permute: iterations=404 runtime: 331185us
Permute: iterations=405 runtime: 330687us
Permute: iterations=406 runtime: 331020us
Permute: iterations=407 runtime: 330667us
Permute: iterations=408 runtime: 330355us
Permute: iterations=409 runtime: 330639us
Permute: iterations=410 runtime: 331132us
Permute: iterations=411 runtime: 331875us
Permute: iterations=412 runtime: 330594us
Permute: iterations=413 runtime: 333821us
Permute: iterations=414 runtime: 331986us
Permute: iterations=415 runtime: 331690us
Permute: iterations=416 runtime: 331630us
Permute: iterations=417 runtime: 330716us
Permute: iterations=418 runtime: 330979us
Permute: iterations=419 runtime: 330225us
Permute: iterations=420 runtime: 331545us
Permute: iterations=421 runtime: 331492us
Permute: iterations=422 runtime: 339717us
Permute: iterations=423 runtime: 331691us
Permute: iterations=424 runtime: 330514us
Permute: iterations=425 runtime: 329426us
Permute: iterations=426 runtime: 331823us
Permute: iterations=427 runtime: 332233us
Permute: iterations=428 runtime: 334893us
Permute: iterations=429 runtime: 330604us
Permute: iterations=430 runtime: 331471us
Permute: iterations=431 runtime: 330799us
java.lang.StringLatin1.inflate(byte[], int, char[], int, int)void -1 codeSignature differs d12363b0fa944c3141709d1d15ff92c10bb825ce967b2050b65342abfb7722e9 != 7229d185807c5eb1f821125a028c07df1ddeaa104c27495e511e6ad0d767c33a
java.lang.StringLatin1.inflate(byte[], int, char[], int, int)void -1 graphSignature differs 17e6f3ed6596e5d6840a8a77065c9470c41838c2630b4535538ec163efd33e69 != e838eb1809aadd841c1ff5fe2e7a1043b73670d291c51dcf64d0aae8eaa2b7e0
Permute: iterations=432 runtime: 330971us
Permute: iterations=433 runtime: 332502us
Permute: iterations=434 runtime: 331552us
Permute: iterations=435 runtime: 331014us
Permute: iterations=436 runtime: 331290us
Permute: iterations=437 runtime: 332566us
Permute: iterations=438 runtime: 330950us
Permute: iterations=439 runtime: 331359us
Permute: iterations=440 runtime: 331703us
Permute: iterations=441 runtime: 332554us
Permute: iterations=442 runtime: 331592us
Permute: iterations=443 runtime: 334995us
Permute: iterations=444 runtime: 332530us
Permute: iterations=445 runtime: 331263us
Permute: iterations=446 runtime: 331004us
Permute: iterations=447 runtime: 331269us
Permute: iterations=448 runtime: 331244us
Permute: iterations=449 runtime: 331463us
Permute: iterations=450 runtime: 332793us
Permute: iterations=451 runtime: 332783us
Permute: iterations=452 runtime: 332402us
Permute: iterations=453 runtime: 331830us
Permute: iterations=454 runtime: 331434us
Permute: iterations=455 runtime: 332043us
Permute: iterations=456 runtime: 332450us
Permute: iterations=457 runtime: 332261us
Permute: iterations=458 runtime: 334739us
Permute: iterations=459 runtime: 332302us
Permute: iterations=460 runtime: 331598us
Permute: iterations=461 runtime: 331067us
Permute: iterations=462 runtime: 332872us
Permute: iterations=463 runtime: 332243us
Permute: iterations=464 runtime: 331660us
Permute: iterations=465 runtime: 330833us
Permute: iterations=466 runtime: 331016us
Permute: iterations=467 runtime: 331506us
Permute: iterations=468 runtime: 331428us
Permute: iterations=469 runtime: 330533us
Permute: iterations=470 runtime: 331428us
Permute: iterations=471 runtime: 332036us
Permute: iterations=472 runtime: 331341us
Permute: iterations=473 runtime: 334499us
Permute: iterations=474 runtime: 333328us
Permute: iterations=475 runtime: 331413us
Permute: iterations=476 runtime: 332248us
Permute: iterations=477 runtime: 332321us
Permute: iterations=478 runtime: 331526us
Permute: iterations=479 runtime: 329972us
java.lang.StringCoding.implEncodeAsciiArray(char[], int, byte[], int, int)int -1 codeSignature differs a4d525ee532749fd09e0ef41f5918e2b891717235a29344d07c74f6112bb4c2c != d55fbea694761fc922a42e91b2b98c835dce3c3f298c1fe7d5ce8aa936963d2d
java.lang.StringCoding.implEncodeAsciiArray(char[], int, byte[], int, int)int -1 graphSignature differs bc8f20c8c772d3cc0eaba9b68bcd84047d761ba16a7aeb64fe90c36d37dcccb7 != 3bdd078c3a9d60d7eff24b6603d8a355db817965321aded167eb2387bae94eb4
Permute: iterations=480 runtime: 331782us
Permute: iterations=481 runtime: 333334us
Permute: iterations=482 runtime: 332039us
Permute: iterations=483 runtime: 330789us
Permute: iterations=484 runtime: 331190us
Permute: iterations=485 runtime: 331808us
Permute: iterations=486 runtime: 331296us
Permute: iterations=487 runtime: 332263us
Permute: iterations=488 runtime: 334915us
Permute: iterations=489 runtime: 335835us
Permute: iterations=490 runtime: 331725us
Permute: iterations=491 runtime: 339350us
Permute: iterations=492 runtime: 340592us
Permute: iterations=493 runtime: 331693us
Permute: iterations=494 runtime: 330880us
Permute: iterations=495 runtime: 330636us
Permute: iterations=496 runtime: 330995us
Permute: iterations=497 runtime: 331304us
Permute: iterations=498 runtime: 331300us
Permute: iterations=499 runtime: 331298us
Permute: iterations=500 runtime: 332384us
jdk.internal.constant.PrimitiveClassDescImpl.descriptorString()java.lang.String -1 codeSignature differs 7722674ec43cccc19227bd0fe31433696da3716816c65b03f1730e1c0254917a != 2859d17d681828116974698ed904c3f2d6f285799222904b89fcd6ff7a2f986f
Permute: iterations=500 average: 332839us total: 166419585us


Total Runtime: 166419585us
Bubo.RDTSC.Harness.main Total RDTSC cycles: 552037968268
