Could not locate BlockSlowdown.json
Skipping Loading (this might cause a fatal crash if GTSlowdown is on)
[Use -Djdk.graal.LogFile=<path> to redirect Graal log output to a file.]
java.lang.module.ModuleDescriptor.name()java.lang.String -1 codeSignature differs 5be282a10c496d4000571a6844c9c0bc109901813a12d3aea5364efad6a66c85 != 236f622407d0112ac18220ce2f7dd8fc95a4975bd21efedc593a420240b9e35f
java.lang.module.ModuleReference.descriptor()java.lang.module.ModuleDescriptor -1 codeSignature differs 14be906eafbcd0e98db8607fd01b12de837039bcd06c460d0cf8f6394c8cff6d != d74a3d991dcad2ff0132c63a48dc50da7170128a36ef27d42bfbafe23260746e
java.lang.Enum.ordinal()int -1 codeSignature differs d4ce072063a0e5d7b77fa03ca89aafb8f3e3ecf13c518dc1905e344d1e62c58a != 6379912ece14b3e5c494001bcdbf513550438500c9fe64692666ea4804585a5b
java.lang.Class.isPrimitive()boolean -1 codeSignature differs 98ab40cf2ebcc843a57e4548f9a42e2e9f3f439b3cfc72b2a9affe72c8d06a5f != 3e78a4a854866f13977dcbf9876f9c5a148d0cfe8abd55bad528a298e2ab0d37
jdk.internal.util.StrongReferenceKey.get()java.lang.Object -1 codeSignature differs 14be906eafbcd0e98db8607fd01b12de837039bcd06c460d0cf8f6394c8cff6d != d74a3d991dcad2ff0132c63a48dc50da7170128a36ef27d42bfbafe23260746e
java.lang.Class.getClassLoader()java.lang.ClassLoader -1 codeSignature differs 1ec746d9657abb2124f404e47924197593986fc62346c6cd76072c08e29afddf != fc6683d6dbc2e9c193939db2b7b3809c7ed36f548dabbad32ce6a77af2acbb5c
java.lang.invoke.MethodType.returnType()java.lang.Class -1 codeSignature differs 14be906eafbcd0e98db8607fd01b12de837039bcd06c460d0cf8f6394c8cff6d != d74a3d991dcad2ff0132c63a48dc50da7170128a36ef27d42bfbafe23260746e
jdk.internal.classfile.impl.AbstractPoolEntry.index()int -1 codeSignature differs d4ce072063a0e5d7b77fa03ca89aafb8f3e3ecf13c518dc1905e344d1e62c58a != 6379912ece14b3e5c494001bcdbf513550438500c9fe64692666ea4804585a5b
java.lang.invoke.MemberName.getDeclaringClass()java.lang.Class -1 codeSignature differs b46e439bc51650ff335d2a7124f0b0154f260fe1af8ba145c6fd3cf5008c9e4e != 65875f01c4739b3690cfc99e32978813efde10140dd67c4d7a0e3015e243befa
java.lang.invoke.MethodType.form()java.lang.invoke.MethodTypeForm -1 codeSignature differs 5be282a10c496d4000571a6844c9c0bc109901813a12d3aea5364efad6a66c85 != 236f622407d0112ac18220ce2f7dd8fc95a4975bd21efedc593a420240b9e35f
java.util.stream.FindOps$FindSink.cancellationRequested()boolean -1 codeSignature differs 55af0dc4b7688c78180d5f5b00584e4bf66cf93bd60716f9aab49e7a6fd64ac4 != f48625702890d29653fc29959db5796353242ca5005d0c97563dc7641a6e9521
java.lang.Object.<init>()void -1 codeSignature differs fe534d3aac0502b22527b54e744892c09d7496fd765947a3ee3ec9a070d56f92 != 53fed571f2d162d1b06665e593acff62e94c3c2feeb837a313805208a153c804
jdk.internal.module.ModuleReferenceImpl.moduleResolution()jdk.internal.module.ModuleResolution -1 codeSignature differs b76db95b8fd3a055b26c3a6c15023743ea3cd488646d474319964a2e9e13b73e != acecf092198f6e600ae574ae88f94c3dcc124dff78fd33d38e7503cf1de4cb84
java.lang.String.hashCode()int -1 codeSignature differs cd869c87835ef8242ee90410caccd8a61a63cd99231e11f83fcdc76366e70264 != 4af57cd2c352f504d9843ac55232e6c06b59ac42ecb11ac71e7928d819941700
java.lang.module.ModuleDescriptor$Requires.modifiers()java.util.Set -1 codeSignature differs 14be906eafbcd0e98db8607fd01b12de837039bcd06c460d0cf8f6394c8cff6d != d74a3d991dcad2ff0132c63a48dc50da7170128a36ef27d42bfbafe23260746e
java.lang.module.ModuleDescriptor$Requires.name()java.lang.String -1 codeSignature differs 90f01eeb46d88d53d0e4e48ef19445eb3bdf8101a00c7dc3f717a337df9fb41f != 3dca556ce0a4f9f9b2a7bcbcee2ecdeeb626fd493f0993079a0f91070abff97b
java.lang.module.ModuleDescriptor.requires()java.util.Set -1 codeSignature differs 50021c78154f047ad8f88f0733084203e726ca2f3911eed3f4e2615369ae39b2 != 38c64b25607c18539afa677dc017db8b0b2e69cd25c409ff2fbbda9b724f85b9
java.lang.module.ModuleDescriptor.isAutomatic()boolean -1 codeSignature differs 2c5d9434fa6cbff1c0177053ad01774247e7a98383a3d0ee5c4dccbf56bf9e86 != 573ad2b7aa6bd940d385aadba08b49259d18cc84676cb0e7d2bc6bb2b3a188b0
java.util.HashMap$Node.getKey()java.lang.Object -1 codeSignature differs 90f01eeb46d88d53d0e4e48ef19445eb3bdf8101a00c7dc3f717a337df9fb41f != 3dca556ce0a4f9f9b2a7bcbcee2ecdeeb626fd493f0993079a0f91070abff97b
java.util.HashMap$Node.getValue()java.lang.Object -1 codeSignature differs 5be282a10c496d4000571a6844c9c0bc109901813a12d3aea5364efad6a66c85 != 236f622407d0112ac18220ce2f7dd8fc95a4975bd21efedc593a420240b9e35f
java.util.ImmutableCollections$Set12.isEmpty()boolean -1 codeSignature differs d890ffc04cd03ec866061096d7d13d2670cacc5a2328b692374e3523d40574bd != 55a5cc963fc3641936c496e734b67cb2da5b04dc6786193efb958b4650f80fcc
java.lang.module.ModuleDescriptor$Exports.source()java.lang.String -1 codeSignature differs 90f01eeb46d88d53d0e4e48ef19445eb3bdf8101a00c7dc3f717a337df9fb41f != 3dca556ce0a4f9f9b2a7bcbcee2ecdeeb626fd493f0993079a0f91070abff97b
java.lang.module.ModuleDescriptor$Exports.targets()java.util.Set -1 codeSignature differs 5be282a10c496d4000571a6844c9c0bc109901813a12d3aea5364efad6a66c85 != 236f622407d0112ac18220ce2f7dd8fc95a4975bd21efedc593a420240b9e35f
java.lang.module.ModuleDescriptor.provides()java.util.Set -1 codeSignature differs 309d9291f2d3c2a63becdec49b2c74b25af9d7fdc62dad05faf86a64889608fc != ac8620023b60722a9bd4c025af16c863bb01ff2e1485a56d1a0e66cae8c98d9f
java.lang.module.ModuleDescriptor.exports()java.util.Set -1 codeSignature differs 948d21eddb9ad191efbc24290e4e840a30aebb134151b75def9175ab54c0a48c != 64b1f8caa863f256c52a850b78b1f50f6cb4cdbb0fd449ebc0f6c33942f7e576
java.util.ImmutableCollections$SetN$SetNIterator.hasNext()boolean -1 codeSignature differs 014069b9d29ae67f97f8d652b8d7a77d9057cdb393e4e32597c925d7a30bdc82 != 68bedb7c2b89fc57eca6528f835388a812a6a51c19835f3ca5c045deed27b552
java.lang.module.ModuleDescriptor.uses()java.util.Set -1 codeSignature differs e3ce51591a4fee3aaff0c687fbb639bc8c1569c92e84d989cdc906a081a3aa6f != a28d016eade96af94b1490585bd89e875ca450bc08a58e964a7e2d9c660f535c
java.util.ImmutableCollections$SetN$SetNIterator.next()java.lang.Object -1 codeSignature differs 4e76ba541038849bb8e0e4a415648ce3141893b6aa5afc50d33cb7741470db08 != 9ada83417ac793d7136a278090746c2f10c77204a30d308441be04e5065b2590
java.util.ImmutableCollections$SetN$SetNIterator.next()java.lang.Object -1 graphSignature differs cc325e064e7585e0e6736addc07d3b5b1a1e9ec52f960e7777496af159b5096f != 920e12a7ee41cc3a0a3487d03bd48833bfc4e8d416bdbae7234f8ba199084b4d
java.lang.module.ModuleDescriptor$Provides.service()java.lang.String -1 codeSignature differs 14be906eafbcd0e98db8607fd01b12de837039bcd06c460d0cf8f6394c8cff6d != d74a3d991dcad2ff0132c63a48dc50da7170128a36ef27d42bfbafe23260746e
java.util.HashMap.hash(java.lang.Object)int -1 codeSignature differs 87b52a639bd2699d3f07b93174f01450620e6c9a9c06d5ce5d17b877fe831d06 != a62d3661c2a7ce6570cd30df9630972fac20946c9060b06f1a4a0c0eabc46014
java.lang.module.ModuleDescriptor$Exports.isQualified()boolean -1 codeSignature differs ea7f79762ab6c9cb21554916a0e0d38f9c81612abda0faba96563366d940019b != 71777ed3505c60db3f8c98e49ee6987fdaf66e719803a01402415c20e10937b6
java.util.HashMap.putVal(int, java.lang.Object, java.lang.Object, boolean, boolean)java.lang.Object -1 codeSignature differs a46c61c31ad8fd0256fe06714e5b238ea75a9df08cadc75f5becb09b1617fbbf != b445b8aa4504823c56b305b91a5adb75278a1d54e8a18f7e9a91ff66102d5a2c
java.util.HashMap.putVal(int, java.lang.Object, java.lang.Object, boolean, boolean)java.lang.Object -1 graphSignature differs 71c7befc4bcc50903c01cb500806055811a71080bd754d077284439fcd10103c != 5a74e12f320f5360d51b0bb3946f087ce2dce5afa144b15d312a3acc1621c4cf
java.lang.String.equals(java.lang.Object)boolean -1 codeSignature differs f5747f05d8cb43a0e84b3d89443c10d37c72a20d9b0342eb86834299bed80ca6 != 119dc6e6665ec6b4c44f1e420beb3682c6794e4c2205f6f17310bd0f4f948907
java.lang.String.equals(java.lang.Object)boolean -1 graphSignature differs 240f841b413bb8bd2af4877cb3753eac11d3bdc482d702e067df992e72784ebb != 2d841e5f6ff33687ba2a8e89c73735b82c892266d476f740b43f9fc2b4d21873
java.util.KeyValueHolder.getKey()java.lang.Object -1 codeSignature differs 14be906eafbcd0e98db8607fd01b12de837039bcd06c460d0cf8f6394c8cff6d != d74a3d991dcad2ff0132c63a48dc50da7170128a36ef27d42bfbafe23260746e
java.util.KeyValueHolder.getValue()java.lang.Object -1 codeSignature differs 90f01eeb46d88d53d0e4e48ef19445eb3bdf8101a00c7dc3f717a337df9fb41f != 3dca556ce0a4f9f9b2a7bcbcee2ecdeeb626fd493f0993079a0f91070abff97b
java.lang.module.ModuleDescriptor.packages()java.util.Set -1 codeSignature differs 1ec746d9657abb2124f404e47924197593986fc62346c6cd76072c08e29afddf != fc6683d6dbc2e9c193939db2b7b3809c7ed36f548dabbad32ce6a77af2acbb5c
java.lang.module.ResolvedModule.reference()java.lang.module.ModuleReference -1 codeSignature differs 90f01eeb46d88d53d0e4e48ef19445eb3bdf8101a00c7dc3f717a337df9fb41f != 3dca556ce0a4f9f9b2a7bcbcee2ecdeeb626fd493f0993079a0f91070abff97b
java.util.HashMap$Node.<init>(int, java.lang.Object, java.lang.Object, java.util.HashMap$Node)void -1 codeSignature differs c25da7847bdc174182dde05114c613b8f5956d103726abaa3de1fe919a4bed0c != 97a0f0bae9e09fd5a3b667c90bc907a349ec7447037c91ae906692ac09607f87
java.lang.module.ModuleDescriptor$Version.toString()java.lang.String -1 codeSignature differs 14be906eafbcd0e98db8607fd01b12de837039bcd06c460d0cf8f6394c8cff6d != d74a3d991dcad2ff0132c63a48dc50da7170128a36ef27d42bfbafe23260746e
java.lang.AbstractStringBuilder.length()int -1 codeSignature differs d4ce072063a0e5d7b77fa03ca89aafb8f3e3ecf13c518dc1905e344d1e62c58a != 6379912ece14b3e5c494001bcdbf513550438500c9fe64692666ea4804585a5b
java.util.HashMap.newNode(int, java.lang.Object, java.lang.Object, java.util.HashMap$Node)java.util.HashMap$Node -1 codeSignature differs 0b57ad3d0ea1b0de0d3ae4d1256f2a3bf2dacceb94022bee4e70d75bf1848358 != d2c2a415cba31cf48b157817e62dcfa6745f18dc85bdd37bd358d1bb63bfa15d
java.util.HashMap.afterNodeInsertion(boolean)void -1 codeSignature differs fe534d3aac0502b22527b54e744892c09d7496fd765947a3ee3ec9a070d56f92 != 53fed571f2d162d1b06665e593acff62e94c3c2feeb837a313805208a153c804
java.lang.module.ResolvedModule.configuration()java.lang.module.Configuration -1 codeSignature differs 14be906eafbcd0e98db8607fd01b12de837039bcd06c460d0cf8f6394c8cff6d != d74a3d991dcad2ff0132c63a48dc50da7170128a36ef27d42bfbafe23260746e
java.util.HashMap.resize()java.util.HashMap$Node[] -1 codeSignature differs f6a4c47d91f54a1a6e97a6bf58de6760901f8974599a5f8d4cbee29780788df0 != c01c6d3c5bd65e8e7058c58be1a81840b7be6ecfb4a92a7e0332347062641143
java.util.HashMap.resize()java.util.HashMap$Node[] -1 graphSignature differs 8621339e67ed630b148c0b60d4ece2a8f5e4dc640c7e625f721a8babedbc3813 != 907f32e8439d3100299993dcad76560e08b0f705baa3a6e36f739c5640084aa9
java.lang.module.ModuleDescriptor.isOpen()boolean -1 codeSignature differs 7251ebfc69511ba11260ce3e5fe8de41e1ee424c1c84ef382507a4b520f46599 != 68c1b93afd5159dbd52f415e41c6f206a35012c76ae6407eef42650396bf8bfc
java.util.HashMap.size()int -1 codeSignature differs 55d12884885f16e44e8204f924f64617688caf405b709d32e1e72896f6c27c3d != 602769ad44793bd98e92b9e62f8542f52d5162d04d5d1c146bc1a1f5f4eab2b1
java.util.zip.ZipCoder$UTF8ZipCoder.isUTF8()boolean -1 codeSignature differs 6e3a14458a0fca90e6a63285514a933585cea592cb622e79b33ddc5df6e0fb66 != f86c5820929a34f03b9429610f522a6efd833767bf69832ae22131f6e690fc71
jdk.internal.util.ArraysSupport.unsignedHashCode(int, byte[], int, int)int -1 codeSignature differs 06bcb22c7433974659ec369e601868b8675e2939ee169c0428d5719d65d37d7d != 4d5957074f035392f4f1040fa7b9c8e8516cc366cc99a9663ff8e211636027cb
jdk.internal.util.ArraysSupport.unsignedHashCode(int, byte[], int, int)int -1 graphSignature differs 19b74d2985bd215adc18bbf16eb571f75605eb5502bcec63b71bd357cc668d6e != ec48f9da76be66a6b56b9242fa5c79b96c5a2b790a5832893550f14895067602
jdk.internal.classfile.impl.AbstractPoolEntry.width()int -1 codeSignature differs 6e3a14458a0fca90e6a63285514a933585cea592cb622e79b33ddc5df6e0fb66 != f86c5820929a34f03b9429610f522a6efd833767bf69832ae22131f6e690fc71
jdk.internal.classfile.impl.SplitConstantPool.size()int -1 codeSignature differs 1e851f5b2cbf37c0cd46831368dd889b60dff01d7b16161259960e24b264ceb1 != 8842033c3435ba9022b0d14a05ef1a95782e7436e1f26a804596a2590677c40d
java.lang.invoke.MethodType.ptypes()java.lang.Class[] -1 codeSignature differs 90f01eeb46d88d53d0e4e48ef19445eb3bdf8101a00c7dc3f717a337df9fb41f != 3dca556ce0a4f9f9b2a7bcbcee2ecdeeb626fd493f0993079a0f91070abff97b
jdk.internal.classfile.impl.RawBytecodeHelper.bci()int -1 codeSignature differs fe46e3fea17c2bcac25676024acf43715946ed13832c36004058f315d01e6ed3 != f644854fb6e4ffc5fb86a7d696951b13023f6a472bb2253c81909dd20f94fad0
jdk.internal.classfile.impl.AbstractPoolEntry.constantPool()java.lang.classfile.constantpool.ConstantPool -1 codeSignature differs 5be282a10c496d4000571a6844c9c0bc109901813a12d3aea5364efad6a66c85 != 236f622407d0112ac18220ce2f7dd8fc95a4975bd21efedc593a420240b9e35f
java.lang.AbstractStringBuilder.getValue()byte[] -1 codeSignature differs 5be282a10c496d4000571a6844c9c0bc109901813a12d3aea5364efad6a66c85 != 236f622407d0112ac18220ce2f7dd8fc95a4975bd21efedc593a420240b9e35f
jdk.internal.constant.ClassOrInterfaceDescImpl.descriptorString()java.lang.String -1 codeSignature differs 14be906eafbcd0e98db8607fd01b12de837039bcd06c460d0cf8f6394c8cff6d != d74a3d991dcad2ff0132c63a48dc50da7170128a36ef27d42bfbafe23260746e
java.lang.String.value()byte[] -1 codeSignature differs 5be282a10c496d4000571a6844c9c0bc109901813a12d3aea5364efad6a66c85 != 236f622407d0112ac18220ce2f7dd8fc95a4975bd21efedc593a420240b9e35f
jdk.internal.classfile.impl.BufWriterImpl.size()int -1 codeSignature differs fe46e3fea17c2bcac25676024acf43715946ed13832c36004058f315d01e6ed3 != f644854fb6e4ffc5fb86a7d696951b13023f6a472bb2253c81909dd20f94fad0
Profiling started
Could not locate BlockSlowdown.json
Skipping Loading (this might cause a fatal crash if GTSlowdown is on)
java.nio.Buffer.limit()int -1 codeSignature differs 55d12884885f16e44e8204f924f64617688caf405b709d32e1e72896f6c27c3d != 602769ad44793bd98e92b9e62f8542f52d5162d04d5d1c146bc1a1f5f4eab2b1
java.lang.StringLatin1.equals(byte[], byte[])boolean -1 codeSignature differs 2cfeb7ca81e519d27a2f4886127bbb28eb00282f6a344501abe1cdc2705cba4e != ce6957fde94989d8dfb9f657cd698acb12bd0f01e407ce68915647520f63bd02
java.lang.StringLatin1.equals(byte[], byte[])boolean -1 graphSignature differs f47d0b1647dabd6f0108a1c873e12c6a64939992dcc9e97f79a9e6e1f1af8649 != cda1bda6b067c21da86f5c9b00220a168b94ff95811df6ee0a57435eb4ec0473
jdk.internal.classfile.impl.AbstractDirectBuilder.constantPool()jdk.internal.classfile.impl.SplitConstantPool -1 codeSignature differs 14be906eafbcd0e98db8607fd01b12de837039bcd06c460d0cf8f6394c8cff6d != d74a3d991dcad2ff0132c63a48dc50da7170128a36ef27d42bfbafe23260746e
java.lang.String.coder()byte -1 codeSignature differs f3a73f0f7ffcffdf8962f6b17b32b9d22dceb70a6321ad4e83f092ac924fb640 != 82f5235e2dbc41130ab9f332d81a84c727950ed13b523486e1cf57bd2f9bda2c
jdk.internal.util.WeakReferenceKey.hashCode()int -1 codeSignature differs 55d12884885f16e44e8204f924f64617688caf405b709d32e1e72896f6c27c3d != 602769ad44793bd98e92b9e62f8542f52d5162d04d5d1c146bc1a1f5f4eab2b1
java.lang.invoke.MethodTypeForm.erasedType()java.lang.invoke.MethodType -1 codeSignature differs 90f01eeb46d88d53d0e4e48ef19445eb3bdf8101a00c7dc3f717a337df9fb41f != 3dca556ce0a4f9f9b2a7bcbcee2ecdeeb626fd493f0993079a0f91070abff97b
java.util.zip.Inflater$InflaterZStreamRef.address()long -1 codeSignature differs 6775e09a923d4a8abe8298f2b15f8be238b37428c67c56453b241b1ba16d6df1 != aab6a04fbf2d5da418698ecc437d4f03bc8f43cb4ff78a70d6a307a4476014d1
jdk.internal.constant.ClassOrInterfaceDescImpl.isClassOrInterface()boolean -1 codeSignature differs 6e3a14458a0fca90e6a63285514a933585cea592cb622e79b33ddc5df6e0fb66 != f86c5820929a34f03b9429610f522a6efd833767bf69832ae22131f6e690fc71
java.util.ArrayList.size()int -1 codeSignature differs fe46e3fea17c2bcac25676024acf43715946ed13832c36004058f315d01e6ed3 != f644854fb6e4ffc5fb86a7d696951b13023f6a472bb2253c81909dd20f94fad0
java.lang.String.length()int -1 codeSignature differs 5f2a9f3bb1f4f800ea4f2ad278553dedcfc789fe27a155b26df986828b30ede3 != 65d375b72c5817a4f8af1bcdf77dbdcb452e4f9ceb60cd42724b10772bcfdc62
Starting CD benchmark ...
java.security.ProtectionDomain.getCodeSource()java.security.CodeSource -1 codeSignature differs 90f01eeb46d88d53d0e4e48ef19445eb3bdf8101a00c7dc3f717a337df9fb41f != 3dca556ce0a4f9f9b2a7bcbcee2ecdeeb626fd493f0993079a0f91070abff97b
cd.CallSign.compareTo(java.lang.Object)int -1 codeSignature differs fe1a2cd52fd2463d6b132a7c5f8fb0a9b28d9b7a67c0c2353d1453d0b8214b42 != 86a1be8b7ebb44495648ff016ab4a4df74e1797df156348ba1af4a408ec4724a
cd.CallSign.compareTo(cd.CallSign)int -1 codeSignature differs 8945d7a7b84c3b5869886db78a23179413a9a76e778a1b0eaa75e104022abb0b != 81d906dd415fcc182e07a1ddbcb62b95b243fcf47f43484c9a9867b2c241a00f
cd.RedBlackTree.treeInsert(java.lang.Comparable, java.lang.Object)cd.RedBlackTree$InsertResult -1 codeSignature differs 0dd0ac0ca09909fe73ab35e6de8fcd9a809c5589274c0bf6ae07618d083994da != cef88df8a412585242052b135171d05527f8993c861eafa93c54321858628cce
cd.RedBlackTree.treeInsert(java.lang.Comparable, java.lang.Object)cd.RedBlackTree$InsertResult -1 graphSignature differs ac7fd8d05e3f8dddee2e8a817eb6dcef0b2da09f278d2f12d4e831285e132796 != e8cdf4e16a3df313ffd16074f6d5c4dd662fe0e68637622319d77fb79df292a8
java.lang.Boolean.booleanValue()boolean -1 codeSignature differs 55af0dc4b7688c78180d5f5b00584e4bf66cf93bd60716f9aab49e7a6fd64ac4 != f48625702890d29653fc29959db5796353242ca5005d0c97563dc7641a6e9521
cd.RedBlackTree.findNode(java.lang.Comparable)cd.RedBlackTree$Node -1 codeSignature differs 064d83c39009b424cac3af533e9e5685dd0c91ccda84ff1eb4d20f60a66372ce != 500c21ef925a42664128e7963e609807368521d1944667eccf50744628bf45f7
cd.RedBlackTree.findNode(java.lang.Comparable)cd.RedBlackTree$Node -1 graphSignature differs 2cb437476799ff296ab3a77ff88bc16273ccc0cff30764d4c336070cd21f6af1 != bce9022fb26bb560ee551cd4da4f770f7d6a6698b6340c104a3918eff60d5ffa
cd.Vector2D.<init>(double, double)void -1 codeSignature differs 77642d4d17d65d3704341683209d902d851bd7709e53de1675d75105f3add8ec != b813df5ab32799e30f82c96c795a071bbb59b3689f0346f6ae87ed546e7751f2
cd.CollisionDetector.recurse(cd.RedBlackTree, cd.RedBlackTree, cd.Vector2D, cd.Motion)void -1 codeSignature differs 7669dc5d7b0651aa942513e19dd773f2dec4f539bb1918843f913a36cee3df7b != dc9e85eec4f4271275cc880445c8baabe7ffcbe9bfed84a20a113afc03b1e57b
cd.CollisionDetector.recurse(cd.RedBlackTree, cd.RedBlackTree, cd.Vector2D, cd.Motion)void -1 graphSignature differs 74a735173b31023db2e1a8bac33a506347f09e8f72477bfb92e3b51d5bdfdb7a != 74cc8574ad5393ca4651f98e544552e2e5c112697d8938c6a92274a40a7e8a86
cd.CollisionDetector.isInVoxel(cd.Vector2D, cd.Motion)boolean -1 codeSignature differs dd8aa35a801e873b44713c47671dc024bc4def2d1fddb189687b0eb4716e015f != 3870ff29541fd067b5ed517644bd4ec370b75724e480ee87ecbed2e852967c70
cd.CollisionDetector.isInVoxel(cd.Vector2D, cd.Motion)boolean -1 graphSignature differs dc56d1f1075d187e8a6c7a40623981ec77d5427baf5e0322150c6adba4aa5b4b != b4b76765bfe3bedb2def2e17f9020b500fd9eb4b9c7683bf804467fc2d8fee2d
cd.RedBlackTree.put(java.lang.Comparable, java.lang.Object)java.lang.Object -1 codeSignature differs 580a5cfd1bc0a8e6b901a0ee98234ea2abbb0b6b77952f0e19c5b89d0122fcb5 != baef13fbd94d426b97ea24acad6c68d76c41e7cf7e9791709dce956fd8083bb1
cd.RedBlackTree.put(java.lang.Comparable, java.lang.Object)java.lang.Object -1 graphSignature differs 037d860eff396c3223fbcc93cda75302425a7f0ca5c7829073e2ed1dc2e0957b != fb9c1555df0605ed492afde40a21f2dd939d99f9cf9c1b2a2f06a39381adb954
som.Vector.size()int -1 codeSignature differs 18406ee787f53eac3ce459cfdd005727f83bab77abfd8e7959f44c6d4fa42097 != 19f4b166b240e2219b73994bef09491c67f7c9fd18788936c779139f7756c09a
som.Vector.at(int)java.lang.Object -1 codeSignature differs 59ebee4145d36b5cfd2873445674bb9c4e3f63558620b089051a8d074d658199 != de1c3735850e37ec62f58761d0cfd15cf32175bfecb9ff5bd54de0aed9154ed1
som.Vector.append(java.lang.Object)void -1 codeSignature differs 742c5c8bbf2ccfc8ca6eca422876f74517ecdc3248b60bb603386ed63e604eea != 5cfccca539a31e109774cb4540fc1581d67f379e31df98eb6d9d68d6ba0831d9
cd.Vector3D.<init>(double, double, double)void -1 codeSignature differs b2da907d2d23b56838e033112f3c3acf3a607f887be6c2d7ce838d9e38c302bc != 0b1b3246d6e52768765d12ee4cb9ce55ef07739883bc44a06601bc75084ba89b
cd.RedBlackTree.get(java.lang.Comparable)java.lang.Object -1 codeSignature differs f8dacf969d2a0b3c66688e0cb4748c6f77d760b58c9bbb0a8c7f3cff324cee2c != b4147e977e7c60715074401203bbc4165cdf39052a66550f3c4f62f084ed92d4
cd.RedBlackTree$Entry.<init>(java.lang.Object, java.lang.Object)void -1 codeSignature differs a3ede4e7ccc905148ff8a153e3e69ade64ea2c040cca85227d398696c1380740 != 8b0fd9c14b71939425442c1d828883e537cd20dcdc8087b2955d46134e7b5684
cd.RedBlackTree$Node.successor()cd.RedBlackTree$Node -1 codeSignature differs bc414120e8867d6407276a2dd421e954c5141d8e368aec54a9a7c3587f2429af != 04bdc8ba3698e02e9a3717fd7b973484626d341d832c74be83a7d8601ecf836c
cd.RedBlackTree$Node.successor()cd.RedBlackTree$Node -1 graphSignature differs 194a448d7c26bbadf3e0df819d3dbbb57fa5ce2d412900325016b1bd2b88953d != dcd2b43f1941d6e5dfed92890aa26f90526c5885dcd3e7de0a4578f5531de4f9
cd.Aircraft.<init>(cd.CallSign, cd.Vector3D)void -1 codeSignature differs a3ede4e7ccc905148ff8a153e3e69ade64ea2c040cca85227d398696c1380740 != 8b0fd9c14b71939425442c1d828883e537cd20dcdc8087b2955d46134e7b5684
cd.Motion.<init>(cd.CallSign, cd.Vector3D, cd.Vector3D)void -1 codeSignature differs 6c19a54e67dd231705d1a5b17bd888065e30ff04e56d650c92fb97d445003eef != 8623565e72a7c912ca13d435f043527c6212ffd5d1183e5963364eb35095ef8b
cd.CollisionDetector$RemoveAbsentAircraft.apply(java.lang.Object)void -1 codeSignature differs 6bf5b29ab8638caa18a408e23c729498daaf640e41b387b56381322c3b890f17 != 3e3351f145d15ea40ac004a606a83473553344d0e46947cd490ae8311fcead9e
cd.CollisionDetector$RemoveAbsentAircraft.apply(java.lang.Object)void -1 graphSignature differs 21c0fc185db4f8fed8385570cf5db6dd585b6e64dcf8b0f537cef8109c2d5ff8 != 64d2774c1ab94d7aa1644ba979a6ca5c6263a21e21d0486ad8b654987eb028ea
cd.CollisionDetector$RemoveAbsentAircraft.apply(cd.RedBlackTree$Entry)void -1 codeSignature differs 791b5c458231f6f4e9432a92dc8c13b2d75b32037d484eba884f70f654b358c8 != 910184419fdf1675046cda29fd354f1e6cb60ad7e64da3fd23791e51d65858df
cd.CollisionDetector$RemoveAbsentAircraft.apply(cd.RedBlackTree$Entry)void -1 graphSignature differs 467c06b3d642996f5986a9a9e5dba589b35b2f6645b88f2e47336f12224d97de != 8d5168936f17bc6f38467d60c820357c3cf66b69ddb046abff5c32292a0c159e
cd.RedBlackTree.<init>()void -1 codeSignature differs 35127c46a5a3c32f92b11f5fc3e36d4c4aa2759de61a93fdf8c3577ff227c8e7 != 5f3f9721837b9bba4c167598c7f2f503ee6be9137e35b82cd38273386313db7c
cd.Vector3D.minus(cd.Vector3D)cd.Vector3D -1 codeSignature differs 20361323c907f06551d14045a8abcbf0451d38c1d6d67307fb56b137a88491ee != 0a7dd6e83a250f64f7be550df3efdf03ba12f3a549281cd09f59727535ddacd6
cd.CollisionDetector.handleNewFrame(som.Vector)som.Vector -1 codeSignature differs 3e946d26b571f7977effe50cd3dc3728f2b2296976d1f9fe575a72401d7e7426 != 41ff607af30325c621ed9e4a7e53ecb300c716d2f5fcf28562e217e7bd9de02a
cd.CollisionDetector.handleNewFrame(som.Vector)som.Vector -1 graphSignature differs a68e6eb43aa4a5008f435f3b41b1d256ff8e95d11981cdf8f784381688839782 != 82da39854491faf13214836d0fea28070a264ea8dfe0126099cbc3ce9a3e0f6b
cd.CollisionDetector.putIntoMap(cd.RedBlackTree, cd.Vector2D, cd.Motion)void -1 codeSignature differs 2b60dd4341d8023d5f2f32f255393b32b0dce5d9b993041a7f4fe8f812a8c7ce != c4fa9d3dd93c863fef80ad931a4f7c11213b7b3e61cb952877e51056156beaa5
cd.CollisionDetector.putIntoMap(cd.RedBlackTree, cd.Vector2D, cd.Motion)void -1 graphSignature differs 71411e8675cd7e63f7981c9f731c02474cb32cb938985e2f29f6ef3f344f5977 != a201206e6ff14ba60c58fb2be15b334ebce6557143d69ac975a7fab19552a804
cd.Vector3D.dot(cd.Vector3D)double -1 codeSignature differs 2769edd4a98d0df8f6a2c750ecc397db8ddc50d16e5156b579281996e240b606 != 3acd48abcf76eb0d6ce16d76a69ff9257c9cc423a0809f8cbf12aa500eec1b8b
cd.RedBlackTree.forEach(som.ForEachInterface)void -1 codeSignature differs 1ac4b8b9bc51cbb3511dca97b908ab3dde078da6764543d84661006eb576ef40 != 9f7a63ac409f8ae69601d17fc50462eb238965f3eb81a315d318b1d7c6d9d6eb
cd.RedBlackTree.forEach(som.ForEachInterface)void -1 graphSignature differs ce36c6941508c0e1ec54a04ea94e697168950f74549370345e8030471d1db177 != 80c28ef7b8913d126bfb7f5bd5d3ae95686615561f217b9d564d42f3b8c0674c
cd.CollisionDetector$CollectCollisions.apply(java.lang.Object)void -1 codeSignature differs 48343ebee064bd8073beb8a67fbce7c968da3e4124435859cf017dccd6d11069 != 7c23a515b797a70f1a894153cbae0fd69284287b05e96e829a9191ca63d04ba3
cd.CollisionDetector$CollectCollisions.apply(cd.RedBlackTree$Entry)void -1 codeSignature differs a801f2fe46fff28193bf1b209b696417235d415fe1933545a9ebb42fef59ccf1 != 144e687ba963eaa49a3d350b5ac25fbbe07f9a046e129402456999bef84b3a89
cd.Motion.delta()cd.Vector3D -1 codeSignature differs 9a49d3dc20c8f59b956fe7f73b7151620211d4677f118a5f83877d91f13f59a7 != d69f193e0e4c3df444ffb05fe6cb5ebf90ad6d7be601731b2302e3fa9cbcb56e
cd.Vector3D.squaredMagnitude()double -1 codeSignature differs 27e5ec14ad8acea78cd47780e4fc5b6d74969142475ea7395090daab76cfaaa3 != 2d47e507a7e494b7c12a33e7b714d86bcc4a45d0676c5031f3ed51e885ab9a32
cd.CollisionDetector.reduceCollisionSet(som.Vector)som.Vector -1 codeSignature differs e8f0aa0ef1af18d9ea732d080ae06bc3204f350c4b2569cd7cb66cdc59438627 != a73db40f0663ab3ae014d12be361292df164044e29d3966efd51ed5bdd8398e3
cd.CollisionDetector.reduceCollisionSet(som.Vector)som.Vector -1 graphSignature differs c0cf6a276063454ad198e1bc038ae5f609631c036a80a7e3ae7a83a17f58af49 != 318d4e3ecb1c65a10b758209be10a6bf270f9efd4130661b866b2189ce744e0b
cd.Vector3D.times(double)cd.Vector3D -1 codeSignature differs f659d01ea9385ae5cac897c649c3e439c6b8a3670eb1ee96e1bf1d46c71eb22c != 3c5f18bed6566bd1f0d0066442f7b728d947d4291007ed3b9a97df15cca13eca
cd.Vector3D.plus(cd.Vector3D)cd.Vector3D -1 codeSignature differs 71482c2eff429ade1d651b0a3d40bb6630e1ba53066ace9a1a920eba485ee3ab != 913964a178bc22ca4798f097a7e1f20fc010d11ce133b10be39168f5e7fee137
cd.Motion.findIntersection(cd.Motion)cd.Vector3D -1 codeSignature differs 29313c29a1c99287040d47e7950ab218b16cf8e7c1b2a99812660426a3fc4ae8 != 586fc39b5954607302d4650bc9bf12d0ccae394f2a82a6e0079f18c9a6d97def
cd.Simulator.simulate(double)som.Vector -1 codeSignature differs c2fcc6a6446c0fb1b185586a2fc378b6c2b54ccaad9004f6a2c1c7b360439cc3 != 20f639229722cbee799237cbadb7bda9ffbd9e992c6a98d39de377d6f6c3b0f7
cd.Simulator.simulate(double)som.Vector -1 graphSignature differs 9d968b3faa78cddd96bec37c48a58dae7452786a2bf2ec0406792524f05b1a97 != 3b44c09075a407acb993c38b1a09a4b06565f70914fdd2370233829a5e71eb23
cd.RedBlackTree.rightRotate(cd.RedBlackTree$Node)cd.RedBlackTree$Node -1 codeSignature differs 93c7d38c81bb41fec467b97164ed05eea30079f120f6d92e7cd51e089c226e38 != 15e4f2f2e2cba8e02bf9f0662bea146d38c72fa653d14a4e351779b1d2aa9e85
jdk.internal.classfile.impl.AbstractPoolEntry.hashCode()int -1 codeSignature differs fe46e3fea17c2bcac25676024acf43715946ed13832c36004058f315d01e6ed3 != f644854fb6e4ffc5fb86a7d696951b13023f6a472bb2253c81909dd20f94fad0
jdk.internal.classfile.impl.AbstractPoolEntry$ClassEntryImpl.tag()int -1 codeSignature differs 5404769be9f3dbc3cb72c5db1a8ad8dd44853cedba352c69c6db32de21c4dbb9 != 9e72aee727452f3bd7e5755029309d18662e78c7d8f6a3fef1fa786c235c1353
CD: iterations=1 runtime: 1219051us
CD: iterations=2 runtime: 231626us
java.util.Arrays.copyOf(java.lang.Object[], int, java.lang.Class)java.lang.Object[] -1 codeSignature differs dc2de2f4b05cb6155ec8489c753cea1c54f7d467886e523dfe420661518fb0ab != ac3adca8b2c39a910583f0bce08b9a91399c86000aef2a6df9fe3617a895b907
java.util.Arrays.copyOf(java.lang.Object[], int, java.lang.Class)java.lang.Object[] -1 graphSignature differs 9d3152a12f349c14f190e78c2a842afd95b07d37fdf61e1e72b0da5ca14722c6 != 93813dceaac1b720fe1c2a6be459e2809b36f179462af16dd7d40620c2acc4df
CD: iterations=3 runtime: 243514us
CD: iterations=4 runtime: 222704us
CD: iterations=5 runtime: 223171us
CD: iterations=6 runtime: 224731us
cd.CallSign.<init>(int)void -1 codeSignature differs 79501822c6ab4c9b0d280255fe98a197cd3e4d400db1695b0a7c8a478d01042f != f4921c3cc4fa379eabe5b2b13aa66ec7ca50b67eb98e881c919765ac016ee4ff
CD: iterations=7 runtime: 227944us
java.nio.Buffer.position()int -1 codeSignature differs 3f64cd4fafea8a3cef87601314961681d43f2aa75c3a358c1b0ce8d9a1c4731a != f5a100836d3b6c24d5617122379fdd07d38ba4b008ea9ae91e48aa3956773271
CD: iterations=8 runtime: 227136us
CD: iterations=9 runtime: 220929us
CD: iterations=10 runtime: 222986us
CD: iterations=11 runtime: 222113us
CD: iterations=12 runtime: 223249us
CD: iterations=13 runtime: 223384us
CD: iterations=14 runtime: 224683us
CD: iterations=15 runtime: 223918us
CD: iterations=16 runtime: 224617us
CD: iterations=17 runtime: 221159us
CD: iterations=18 runtime: 221245us
CD: iterations=19 runtime: 220064us
CD: iterations=20 runtime: 221782us
Could not locate BlockSlowdown.json
Skipping Loading (this might cause a fatal crash if GTSlowdown is on)
cd.Simulator.<init>(int)void -1 codeSignature differs 33e60070ac61d104f328cb4abf958cbb594089adf71b22349648792a5c8fdd81 != 5bd2e02f5a18e438fd6815872d8e3496c6983599c82b8817f584414872fcbefe
cd.Simulator.<init>(int)void -1 graphSignature differs a28ba8342fd43680e6821472783034a3982dccab282d403a9ab9f3ff394ff010 != dbbc65ae198dfceb5662d8b4ccb1dde865d4108c57b912bf4503c6d393d869f6
CD: iterations=21 runtime: 316399us
CD: iterations=22 runtime: 220704us
CD: iterations=23 runtime: 221306us
CD: iterations=24 runtime: 221624us
CD: iterations=25 runtime: 222154us
CD: iterations=26 runtime: 220280us
CD: iterations=27 runtime: 221336us
CD: iterations=28 runtime: 220825us
CD: iterations=29 runtime: 222465us
CD: iterations=30 runtime: 224368us
CD: iterations=31 runtime: 222195us
CD: iterations=32 runtime: 221868us
CD: iterations=33 runtime: 221643us
CD: iterations=34 runtime: 230526us
CD: iterations=35 runtime: 221916us
CD: iterations=36 runtime: 221636us
CD: iterations=37 runtime: 220452us
CD: iterations=38 runtime: 222402us
CD: iterations=39 runtime: 221947us
CD: iterations=40 runtime: 221927us
CD: iterations=41 runtime: 221517us
CD: iterations=42 runtime: 219870us
CD: iterations=43 runtime: 221230us
CD: iterations=44 runtime: 220608us
CD: iterations=45 runtime: 220382us
CD: iterations=46 runtime: 221357us
CD: iterations=47 runtime: 221610us
CD: iterations=48 runtime: 222437us
CD: iterations=49 runtime: 222099us
CD: iterations=50 runtime: 222214us
CD: iterations=51 runtime: 220822us
CD: iterations=52 runtime: 223977us
CD: iterations=53 runtime: 222168us
CD: iterations=54 runtime: 220330us
CD: iterations=55 runtime: 221294us
CD: iterations=56 runtime: 218633us
CD: iterations=57 runtime: 219540us
CD: iterations=58 runtime: 219478us
CD: iterations=59 runtime: 218160us
CD: iterations=60 runtime: 220677us
CD: iterations=61 runtime: 218951us
CD: iterations=62 runtime: 219016us
CD: iterations=63 runtime: 220250us
CD: iterations=64 runtime: 220399us
CD: iterations=65 runtime: 221746us
CD: iterations=66 runtime: 221505us
CD: iterations=67 runtime: 222808us
CD: iterations=68 runtime: 221033us
CD: iterations=69 runtime: 220917us
CD: iterations=70 runtime: 220963us
CD: iterations=71 runtime: 222018us
CD: iterations=72 runtime: 222224us
CD: iterations=73 runtime: 222218us
CD: iterations=74 runtime: 221606us
CD: iterations=75 runtime: 227320us
CD: iterations=76 runtime: 220601us
CD: iterations=77 runtime: 220663us
CD: iterations=78 runtime: 220541us
Could not locate BlockSlowdown.json
Skipping Loading (this might cause a fatal crash if GTSlowdown is on)
java.nio.Buffer.capacity()int -1 codeSignature differs 138bc711c3bed648b8548df225303894eec321dce856bde9fbb2267d74239e89 != b84da6c168a864b24de57055760067fff8c97c57c508d6b8c6ea52df12fe61fe
CD: iterations=79 runtime: 220738us
CD: iterations=80 runtime: 230793us
CD: iterations=81 runtime: 221796us
CD: iterations=82 runtime: 221320us
CD: iterations=83 runtime: 222370us
CD: iterations=84 runtime: 222177us
CD: iterations=85 runtime: 220479us
CD: iterations=86 runtime: 220930us
CD: iterations=87 runtime: 220659us
CD: iterations=88 runtime: 222921us
CD: iterations=89 runtime: 221832us
CD: iterations=90 runtime: 221701us
CD: iterations=91 runtime: 223064us
CD: iterations=92 runtime: 222022us
CD: iterations=93 runtime: 220355us
CD: iterations=94 runtime: 220964us
CD: iterations=95 runtime: 219724us
CD: iterations=96 runtime: 220619us
CD: iterations=97 runtime: 223164us
CD: iterations=98 runtime: 222431us
CD: iterations=99 runtime: 222466us
CD: iterations=100 runtime: 223025us
CD: iterations=101 runtime: 220187us
CD: iterations=102 runtime: 218908us
Could not locate BlockSlowdown.json
Skipping Loading (this might cause a fatal crash if GTSlowdown is on)
CD.benchmark(int)int -1 codeSignature differs b602802dba11ad25eb3e9f8348287c40c9b01fcefae198344233474538386b4a != af07f178bde20ee5a02f51093499822fcf2748c6c6d60252b45478266f165b9b
CD.benchmark(int)int -1 graphSignature differs 0b9e9ec26db99e354a2f3bcfeefe0a42047bcecd78092ca78567f418af3be609 != ee20196c861eaf19b81b99424a243a0a5ab66930086f3915f1cf96951070ced2
CD: iterations=103 runtime: 493715us
CD: iterations=104 runtime: 222882us
CD: iterations=105 runtime: 220401us
CD: iterations=106 runtime: 220744us
CD: iterations=107 runtime: 221225us
CD: iterations=108 runtime: 221283us
CD: iterations=109 runtime: 221046us
CD: iterations=110 runtime: 219976us
CD: iterations=111 runtime: 221941us
CD: iterations=112 runtime: 220507us
CD: iterations=113 runtime: 221027us
CD: iterations=114 runtime: 220995us
Could not locate BlockSlowdown.json
Skipping Loading (this might cause a fatal crash if GTSlowdown is on)
java.nio.charset.CharsetEncoder.maxBytesPerChar()float -1 codeSignature differs d0dc63dd2361c2989cb14e4cf77bfb3442e0a43d3c92bbd78638646fefb8363f != fc84c03091d44b6099141a22fdb9f6cfabe66e5026a15b0d60a828a10b5481b9
CD: iterations=115 runtime: 221838us
CD: iterations=116 runtime: 221740us
CD: iterations=117 runtime: 220922us
CD: iterations=118 runtime: 224922us
CD: iterations=119 runtime: 224462us
CD: iterations=120 runtime: 221260us
CD: iterations=121 runtime: 220590us
CD: iterations=122 runtime: 221392us
CD: iterations=123 runtime: 221567us
CD: iterations=124 runtime: 221518us
CD: iterations=125 runtime: 221712us
CD: iterations=126 runtime: 222117us
CD: iterations=127 runtime: 219930us
CD: iterations=128 runtime: 220341us
CD: iterations=129 runtime: 220161us
CD: iterations=130 runtime: 220372us
CD: iterations=131 runtime: 221401us
CD: iterations=132 runtime: 221611us
CD: iterations=133 runtime: 221086us
CD: iterations=134 runtime: 221567us
CD: iterations=135 runtime: 220513us
CD: iterations=136 runtime: 240485us
CD: iterations=137 runtime: 221220us
CD: iterations=138 runtime: 221229us
CD: iterations=139 runtime: 220294us
CD: iterations=140 runtime: 220978us
CD: iterations=141 runtime: 225661us
CD: iterations=142 runtime: 223310us
CD: iterations=143 runtime: 219820us
CD: iterations=144 runtime: 222567us
CD: iterations=145 runtime: 220278us
CD: iterations=146 runtime: 221311us
CD: iterations=147 runtime: 221978us
CD: iterations=148 runtime: 221895us
CD: iterations=149 runtime: 221989us
CD: iterations=150 runtime: 221857us
CD: iterations=151 runtime: 222113us
CD: iterations=152 runtime: 220056us
CD: iterations=153 runtime: 220559us
CD: iterations=154 runtime: 222298us
CD: iterations=155 runtime: 220860us
CD: iterations=156 runtime: 225102us
CD: iterations=157 runtime: 222075us
CD: iterations=158 runtime: 221439us
CD: iterations=159 runtime: 221099us
CD: iterations=160 runtime: 220158us
CD: iterations=161 runtime: 221127us
CD: iterations=162 runtime: 220830us
CD: iterations=163 runtime: 222925us
CD: iterations=164 runtime: 223432us
CD: iterations=165 runtime: 220777us
CD: iterations=166 runtime: 222576us
CD: iterations=167 runtime: 223128us
CD: iterations=168 runtime: 221921us
CD: iterations=169 runtime: 220437us
CD: iterations=170 runtime: 220486us
CD: iterations=171 runtime: 222535us
CD: iterations=172 runtime: 221335us
CD: iterations=173 runtime: 221181us
CD: iterations=174 runtime: 222856us
CD: iterations=175 runtime: 222412us
CD: iterations=176 runtime: 222060us
CD: iterations=177 runtime: 219926us
CD: iterations=178 runtime: 220809us
CD: iterations=179 runtime: 222984us
CD: iterations=180 runtime: 224779us
CD: iterations=181 runtime: 220745us
CD: iterations=182 runtime: 223317us
CD: iterations=183 runtime: 221830us
CD: iterations=184 runtime: 222591us
CD: iterations=185 runtime: 219868us
CD: iterations=186 runtime: 223739us
CD: iterations=187 runtime: 221058us
CD: iterations=188 runtime: 221276us
CD: iterations=189 runtime: 222235us
CD: iterations=190 runtime: 220756us
CD: iterations=191 runtime: 221216us
CD: iterations=192 runtime: 221467us
CD: iterations=193 runtime: 221954us
CD: iterations=194 runtime: 220289us
CD: iterations=195 runtime: 220698us
CD: iterations=196 runtime: 219986us
CD: iterations=197 runtime: 220967us
CD: iterations=198 runtime: 220947us
CD: iterations=199 runtime: 220455us
CD: iterations=200 runtime: 221539us
CD: iterations=201 runtime: 220551us
CD: iterations=202 runtime: 219818us
CD: iterations=203 runtime: 220412us
CD: iterations=204 runtime: 222452us
CD: iterations=205 runtime: 220760us
CD: iterations=206 runtime: 219918us
CD: iterations=207 runtime: 220935us
CD: iterations=208 runtime: 222056us
CD: iterations=209 runtime: 226745us
CD: iterations=210 runtime: 220741us
CD: iterations=211 runtime: 219337us
CD: iterations=212 runtime: 219734us
CD: iterations=213 runtime: 220767us
CD: iterations=214 runtime: 220077us
CD: iterations=215 runtime: 220174us
CD: iterations=216 runtime: 220793us
CD: iterations=217 runtime: 220454us
CD: iterations=218 runtime: 221619us
CD: iterations=219 runtime: 219856us
CD: iterations=220 runtime: 220197us
CD: iterations=221 runtime: 220257us
CD: iterations=222 runtime: 220990us
CD: iterations=223 runtime: 221557us
CD: iterations=224 runtime: 219994us
CD: iterations=225 runtime: 220900us
CD: iterations=226 runtime: 221230us
CD: iterations=227 runtime: 219763us
CD: iterations=228 runtime: 221866us
CD: iterations=229 runtime: 219351us
CD: iterations=230 runtime: 221460us
CD: iterations=231 runtime: 225294us
CD: iterations=232 runtime: 221942us
CD: iterations=233 runtime: 220428us
CD: iterations=234 runtime: 221006us
CD: iterations=235 runtime: 239833us
CD: iterations=236 runtime: 220001us
CD: iterations=237 runtime: 219717us
CD: iterations=238 runtime: 219919us
CD: iterations=239 runtime: 220389us
CD: iterations=240 runtime: 221094us
CD: iterations=241 runtime: 220858us
CD: iterations=242 runtime: 220304us
CD: iterations=243 runtime: 220402us
CD: iterations=244 runtime: 219119us
CD: iterations=245 runtime: 221308us
CD: iterations=246 runtime: 220432us
CD: iterations=247 runtime: 219886us
CD: iterations=248 runtime: 222533us
CD: iterations=249 runtime: 220818us
CD: iterations=250 runtime: 220617us
CD: iterations=251 runtime: 220931us
CD: iterations=252 runtime: 221589us
CD: iterations=253 runtime: 218849us
CD: iterations=254 runtime: 228192us
CD: iterations=255 runtime: 220360us
CD: iterations=256 runtime: 221140us
CD: iterations=257 runtime: 220364us
CD: iterations=258 runtime: 220331us
CD: iterations=259 runtime: 221664us
CD: iterations=260 runtime: 220774us
CD: iterations=261 runtime: 220505us
CD: iterations=262 runtime: 220611us
CD: iterations=263 runtime: 220523us
CD: iterations=264 runtime: 218816us
CD: iterations=265 runtime: 220398us
CD: iterations=266 runtime: 219923us
CD: iterations=267 runtime: 220436us
CD: iterations=268 runtime: 222571us
CD: iterations=269 runtime: 221601us
CD: iterations=270 runtime: 222458us
CD: iterations=271 runtime: 219256us
CD: iterations=272 runtime: 220750us
CD: iterations=273 runtime: 220618us
CD: iterations=274 runtime: 220265us
CD: iterations=275 runtime: 221290us
CD: iterations=276 runtime: 223022us
CD: iterations=277 runtime: 225835us
CD: iterations=278 runtime: 219782us
CD: iterations=279 runtime: 219479us
CD: iterations=280 runtime: 219466us
CD: iterations=281 runtime: 220744us
CD: iterations=282 runtime: 220283us
CD: iterations=283 runtime: 221032us
CD: iterations=284 runtime: 220789us
CD: iterations=285 runtime: 220648us
CD: iterations=286 runtime: 219337us
CD: iterations=287 runtime: 220568us
CD: iterations=288 runtime: 220798us
CD: iterations=289 runtime: 220474us
CD: iterations=290 runtime: 220612us
CD: iterations=291 runtime: 219894us
CD: iterations=292 runtime: 220288us
CD: iterations=293 runtime: 224790us
CD: iterations=294 runtime: 220679us
CD: iterations=295 runtime: 219920us
CD: iterations=296 runtime: 219364us
CD: iterations=297 runtime: 222063us
CD: iterations=298 runtime: 220939us
CD: iterations=299 runtime: 225883us
CD: iterations=300 runtime: 221114us
CD: iterations=301 runtime: 219977us
CD: iterations=302 runtime: 220856us
CD: iterations=303 runtime: 229130us
CD: iterations=304 runtime: 220394us
CD: iterations=305 runtime: 220878us
CD: iterations=306 runtime: 219734us
CD: iterations=307 runtime: 221406us
CD: iterations=308 runtime: 221334us
CD: iterations=309 runtime: 221415us
CD: iterations=310 runtime: 220829us
CD: iterations=311 runtime: 221035us
CD: iterations=312 runtime: 219864us
CD: iterations=313 runtime: 219812us
CD: iterations=314 runtime: 220908us
CD: iterations=315 runtime: 222753us
CD: iterations=316 runtime: 221089us
CD: iterations=317 runtime: 221620us
CD: iterations=318 runtime: 221406us
CD: iterations=319 runtime: 220373us
CD: iterations=320 runtime: 220357us
CD: iterations=321 runtime: 221648us
CD: iterations=322 runtime: 223988us
CD: iterations=323 runtime: 220418us
CD: iterations=324 runtime: 220338us
CD: iterations=325 runtime: 220385us
CD: iterations=326 runtime: 221447us
CD: iterations=327 runtime: 220777us
CD: iterations=328 runtime: 218408us
CD: iterations=329 runtime: 219508us
CD: iterations=330 runtime: 220689us
CD: iterations=331 runtime: 221082us
CD: iterations=332 runtime: 220562us
CD: iterations=333 runtime: 220504us
CD: iterations=334 runtime: 220476us
CD: iterations=335 runtime: 221060us
CD: iterations=336 runtime: 220479us
CD: iterations=337 runtime: 219921us
CD: iterations=338 runtime: 224092us
CD: iterations=339 runtime: 219863us
CD: iterations=340 runtime: 220678us
CD: iterations=341 runtime: 220828us
CD: iterations=342 runtime: 220381us
CD: iterations=343 runtime: 221672us
CD: iterations=344 runtime: 224428us
CD: iterations=345 runtime: 220648us
CD: iterations=346 runtime: 220473us
CD: iterations=347 runtime: 220169us
CD: iterations=348 runtime: 220936us
CD: iterations=349 runtime: 221635us
CD: iterations=350 runtime: 220350us
CD: iterations=351 runtime: 220459us
CD: iterations=352 runtime: 221337us
CD: iterations=353 runtime: 221530us
CD: iterations=354 runtime: 219219us
CD: iterations=355 runtime: 218938us
CD: iterations=356 runtime: 219753us
CD: iterations=357 runtime: 219801us
CD: iterations=358 runtime: 220684us
CD: iterations=359 runtime: 220093us
CD: iterations=360 runtime: 220667us
CD: iterations=361 runtime: 223597us
CD: iterations=362 runtime: 219151us
CD: iterations=363 runtime: 218816us
CD: iterations=364 runtime: 219418us
CD: iterations=365 runtime: 219968us
CD: iterations=366 runtime: 220900us
CD: iterations=367 runtime: 224757us
CD: iterations=368 runtime: 219926us
CD: iterations=369 runtime: 220018us
CD: iterations=370 runtime: 218858us
CD: iterations=371 runtime: 218839us
CD: iterations=372 runtime: 221228us
CD: iterations=373 runtime: 219212us
CD: iterations=374 runtime: 219565us
CD: iterations=375 runtime: 219408us
CD: iterations=376 runtime: 219655us
CD: iterations=377 runtime: 219079us
CD: iterations=378 runtime: 219609us
CD: iterations=379 runtime: 218430us
CD: iterations=380 runtime: 218026us
CD: iterations=381 runtime: 218994us
CD: iterations=382 runtime: 218132us
CD: iterations=383 runtime: 220044us
CD: iterations=384 runtime: 220671us
CD: iterations=385 runtime: 220013us
CD: iterations=386 runtime: 221539us
CD: iterations=387 runtime: 218182us
CD: iterations=388 runtime: 218163us
CD: iterations=389 runtime: 219969us
CD: iterations=390 runtime: 224570us
CD: iterations=391 runtime: 220141us
CD: iterations=392 runtime: 219291us
CD: iterations=393 runtime: 219963us
CD: iterations=394 runtime: 220769us
CD: iterations=395 runtime: 219527us
CD: iterations=396 runtime: 219375us
CD: iterations=397 runtime: 219571us
CD: iterations=398 runtime: 219118us
CD: iterations=399 runtime: 219271us
CD: iterations=400 runtime: 219212us
CD: iterations=401 runtime: 219941us
CD: iterations=402 runtime: 220273us
CD: iterations=403 runtime: 220989us
CD: iterations=404 runtime: 218523us
CD: iterations=405 runtime: 219233us
CD: iterations=406 runtime: 220380us
Could not locate BlockSlowdown.json
Skipping Loading (this might cause a fatal crash if GTSlowdown is on)
java.lang.StringLatin1.inflate(byte[], int, char[], int, int)void -1 codeSignature differs d12363b0fa944c3141709d1d15ff92c10bb825ce967b2050b65342abfb7722e9 != 7229d185807c5eb1f821125a028c07df1ddeaa104c27495e511e6ad0d767c33a
java.lang.StringLatin1.inflate(byte[], int, char[], int, int)void -1 graphSignature differs 17e6f3ed6596e5d6840a8a77065c9470c41838c2630b4535538ec163efd33e69 != e838eb1809aadd841c1ff5fe2e7a1043b73670d291c51dcf64d0aae8eaa2b7e0
CD: iterations=407 runtime: 236962us
CD: iterations=408 runtime: 220205us
CD: iterations=409 runtime: 219320us
CD: iterations=410 runtime: 219812us
CD: iterations=411 runtime: 219770us
CD: iterations=412 runtime: 224991us
CD: iterations=413 runtime: 219751us
CD: iterations=414 runtime: 218950us
CD: iterations=415 runtime: 218912us
CD: iterations=416 runtime: 220266us
CD: iterations=417 runtime: 220121us
CD: iterations=418 runtime: 219296us
CD: iterations=419 runtime: 219174us
CD: iterations=420 runtime: 219375us
CD: iterations=421 runtime: 217964us
CD: iterations=422 runtime: 218533us
CD: iterations=423 runtime: 219774us
CD: iterations=424 runtime: 220594us
CD: iterations=425 runtime: 219391us
CD: iterations=426 runtime: 219787us
CD: iterations=427 runtime: 219944us
CD: iterations=428 runtime: 219828us
CD: iterations=429 runtime: 218836us
CD: iterations=430 runtime: 219294us
CD: iterations=431 runtime: 218872us
CD: iterations=432 runtime: 218527us
CD: iterations=433 runtime: 219599us
CD: iterations=434 runtime: 219241us
CD: iterations=435 runtime: 227004us
CD: iterations=436 runtime: 219743us
CD: iterations=437 runtime: 219928us
CD: iterations=438 runtime: 218577us
CD: iterations=439 runtime: 219144us
CD: iterations=440 runtime: 220399us
CD: iterations=441 runtime: 219396us
CD: iterations=442 runtime: 219573us
CD: iterations=443 runtime: 220593us
CD: iterations=444 runtime: 219554us
CD: iterations=445 runtime: 225716us
CD: iterations=446 runtime: 217936us
CD: iterations=447 runtime: 218239us
CD: iterations=448 runtime: 221515us
CD: iterations=449 runtime: 220190us
CD: iterations=450 runtime: 220169us
CD: iterations=451 runtime: 220442us
CD: iterations=452 runtime: 219444us
CD: iterations=453 runtime: 219656us
CD: iterations=454 runtime: 219212us
CD: iterations=455 runtime: 218223us
CD: iterations=456 runtime: 220234us
CD: iterations=457 runtime: 220411us
CD: iterations=458 runtime: 224940us
CD: iterations=459 runtime: 220279us
CD: iterations=460 runtime: 219807us
CD: iterations=461 runtime: 219829us
CD: iterations=462 runtime: 220263us
CD: iterations=463 runtime: 218327us
CD: iterations=464 runtime: 218917us
CD: iterations=465 runtime: 220548us
CD: iterations=466 runtime: 219671us
CD: iterations=467 runtime: 219525us
CD: iterations=468 runtime: 220662us
CD: iterations=469 runtime: 219845us
CD: iterations=470 runtime: 220886us
CD: iterations=471 runtime: 219107us
CD: iterations=472 runtime: 218931us
CD: iterations=473 runtime: 219932us
CD: iterations=474 runtime: 222859us
CD: iterations=475 runtime: 220138us
CD: iterations=476 runtime: 220055us
CD: iterations=477 runtime: 219908us
CD: iterations=478 runtime: 220190us
CD: iterations=479 runtime: 221176us
CD: iterations=480 runtime: 221850us
CD: iterations=481 runtime: 219533us
CD: iterations=482 runtime: 217746us
CD: iterations=483 runtime: 218268us
CD: iterations=484 runtime: 220177us
CD: iterations=485 runtime: 220322us
CD: iterations=486 runtime: 219158us
CD: iterations=487 runtime: 219715us
CD: iterations=488 runtime: 218174us
CD: iterations=489 runtime: 218817us
CD: iterations=490 runtime: 219895us
CD: iterations=491 runtime: 219994us
CD: iterations=492 runtime: 220013us
CD: iterations=493 runtime: 219668us
CD: iterations=494 runtime: 220648us
CD: iterations=495 runtime: 219700us
CD: iterations=496 runtime: 219989us
CD: iterations=497 runtime: 219713us
CD: iterations=498 runtime: 218775us
CD: iterations=499 runtime: 219347us
CD: iterations=500 runtime: 218665us
Could not locate BlockSlowdown.json
Skipping Loading (this might cause a fatal crash if GTSlowdown is on)
jdk.internal.constant.PrimitiveClassDescImpl.descriptorString()java.lang.String -1 codeSignature differs 7722674ec43cccc19227bd0fe31433696da3716816c65b03f1730e1c0254917a != 2859d17d681828116974698ed904c3f2d6f285799222904b89fcd6ff7a2f986f
CD: iterations=500 average: 223858us total: 111929489us


Total Runtime: 111929489us
Bubo.RDTSC.Harness.main Total RDTSC cycles: 371542539180
