Could not locate BlockSlowdown.json
Skipping Loading (this might cause a fatal crash if GTSlowdown is on)
[Use -Djdk.graal.LogFile=<path> to redirect Graal log output to a file.]
java.lang.module.ModuleDescriptor.name()java.lang.String -1 codeSignature differs 5be282a10c496d4000571a6844c9c0bc109901813a12d3aea5364efad6a66c85 != 236f622407d0112ac18220ce2f7dd8fc95a4975bd21efedc593a420240b9e35f
java.lang.module.ModuleReference.descriptor()java.lang.module.ModuleDescriptor -1 codeSignature differs 14be906eafbcd0e98db8607fd01b12de837039bcd06c460d0cf8f6394c8cff6d != d74a3d991dcad2ff0132c63a48dc50da7170128a36ef27d42bfbafe23260746e
java.lang.Enum.ordinal()int -1 codeSignature differs d4ce072063a0e5d7b77fa03ca89aafb8f3e3ecf13c518dc1905e344d1e62c58a != 6379912ece14b3e5c494001bcdbf513550438500c9fe64692666ea4804585a5b
java.lang.Class.isPrimitive()boolean -1 codeSignature differs 98ab40cf2ebcc843a57e4548f9a42e2e9f3f439b3cfc72b2a9affe72c8d06a5f != 3e78a4a854866f13977dcbf9876f9c5a148d0cfe8abd55bad528a298e2ab0d37
jdk.internal.util.StrongReferenceKey.get()java.lang.Object -1 codeSignature differs 14be906eafbcd0e98db8607fd01b12de837039bcd06c460d0cf8f6394c8cff6d != d74a3d991dcad2ff0132c63a48dc50da7170128a36ef27d42bfbafe23260746e
java.lang.Class.getClassLoader()java.lang.ClassLoader -1 codeSignature differs 1ec746d9657abb2124f404e47924197593986fc62346c6cd76072c08e29afddf != fc6683d6dbc2e9c193939db2b7b3809c7ed36f548dabbad32ce6a77af2acbb5c
java.lang.invoke.MethodType.returnType()java.lang.Class -1 codeSignature differs 14be906eafbcd0e98db8607fd01b12de837039bcd06c460d0cf8f6394c8cff6d != d74a3d991dcad2ff0132c63a48dc50da7170128a36ef27d42bfbafe23260746e
jdk.internal.classfile.impl.AbstractPoolEntry.index()int -1 codeSignature differs d4ce072063a0e5d7b77fa03ca89aafb8f3e3ecf13c518dc1905e344d1e62c58a != 6379912ece14b3e5c494001bcdbf513550438500c9fe64692666ea4804585a5b
java.lang.invoke.MemberName.getDeclaringClass()java.lang.Class -1 codeSignature differs b46e439bc51650ff335d2a7124f0b0154f260fe1af8ba145c6fd3cf5008c9e4e != 65875f01c4739b3690cfc99e32978813efde10140dd67c4d7a0e3015e243befa
java.lang.invoke.MethodType.form()java.lang.invoke.MethodTypeForm -1 codeSignature differs 5be282a10c496d4000571a6844c9c0bc109901813a12d3aea5364efad6a66c85 != 236f622407d0112ac18220ce2f7dd8fc95a4975bd21efedc593a420240b9e35f
java.util.stream.FindOps$FindSink.cancellationRequested()boolean -1 codeSignature differs 55af0dc4b7688c78180d5f5b00584e4bf66cf93bd60716f9aab49e7a6fd64ac4 != f48625702890d29653fc29959db5796353242ca5005d0c97563dc7641a6e9521
java.lang.Object.<init>()void -1 codeSignature differs fe534d3aac0502b22527b54e744892c09d7496fd765947a3ee3ec9a070d56f92 != 53fed571f2d162d1b06665e593acff62e94c3c2feeb837a313805208a153c804
jdk.internal.module.ModuleReferenceImpl.moduleResolution()jdk.internal.module.ModuleResolution -1 codeSignature differs b76db95b8fd3a055b26c3a6c15023743ea3cd488646d474319964a2e9e13b73e != acecf092198f6e600ae574ae88f94c3dcc124dff78fd33d38e7503cf1de4cb84
java.lang.String.hashCode()int -1 codeSignature differs cd869c87835ef8242ee90410caccd8a61a63cd99231e11f83fcdc76366e70264 != 4af57cd2c352f504d9843ac55232e6c06b59ac42ecb11ac71e7928d819941700
java.lang.module.ModuleDescriptor$Requires.modifiers()java.util.Set -1 codeSignature differs 14be906eafbcd0e98db8607fd01b12de837039bcd06c460d0cf8f6394c8cff6d != d74a3d991dcad2ff0132c63a48dc50da7170128a36ef27d42bfbafe23260746e
java.lang.module.ModuleDescriptor$Requires.name()java.lang.String -1 codeSignature differs 90f01eeb46d88d53d0e4e48ef19445eb3bdf8101a00c7dc3f717a337df9fb41f != 3dca556ce0a4f9f9b2a7bcbcee2ecdeeb626fd493f0993079a0f91070abff97b
java.lang.module.ModuleDescriptor.requires()java.util.Set -1 codeSignature differs 50021c78154f047ad8f88f0733084203e726ca2f3911eed3f4e2615369ae39b2 != 38c64b25607c18539afa677dc017db8b0b2e69cd25c409ff2fbbda9b724f85b9
java.lang.module.ModuleDescriptor.isAutomatic()boolean -1 codeSignature differs 2c5d9434fa6cbff1c0177053ad01774247e7a98383a3d0ee5c4dccbf56bf9e86 != 573ad2b7aa6bd940d385aadba08b49259d18cc84676cb0e7d2bc6bb2b3a188b0
java.util.HashMap$Node.getKey()java.lang.Object -1 codeSignature differs 90f01eeb46d88d53d0e4e48ef19445eb3bdf8101a00c7dc3f717a337df9fb41f != 3dca556ce0a4f9f9b2a7bcbcee2ecdeeb626fd493f0993079a0f91070abff97b
java.util.HashMap$Node.getValue()java.lang.Object -1 codeSignature differs 5be282a10c496d4000571a6844c9c0bc109901813a12d3aea5364efad6a66c85 != 236f622407d0112ac18220ce2f7dd8fc95a4975bd21efedc593a420240b9e35f
java.util.ImmutableCollections$Set12.isEmpty()boolean -1 codeSignature differs d890ffc04cd03ec866061096d7d13d2670cacc5a2328b692374e3523d40574bd != 55a5cc963fc3641936c496e734b67cb2da5b04dc6786193efb958b4650f80fcc
java.lang.module.ModuleDescriptor$Exports.source()java.lang.String -1 codeSignature differs 90f01eeb46d88d53d0e4e48ef19445eb3bdf8101a00c7dc3f717a337df9fb41f != 3dca556ce0a4f9f9b2a7bcbcee2ecdeeb626fd493f0993079a0f91070abff97b
java.lang.module.ModuleDescriptor$Exports.targets()java.util.Set -1 codeSignature differs 5be282a10c496d4000571a6844c9c0bc109901813a12d3aea5364efad6a66c85 != 236f622407d0112ac18220ce2f7dd8fc95a4975bd21efedc593a420240b9e35f
java.lang.module.ModuleDescriptor.provides()java.util.Set -1 codeSignature differs 309d9291f2d3c2a63becdec49b2c74b25af9d7fdc62dad05faf86a64889608fc != ac8620023b60722a9bd4c025af16c863bb01ff2e1485a56d1a0e66cae8c98d9f
java.lang.module.ModuleDescriptor.exports()java.util.Set -1 codeSignature differs 948d21eddb9ad191efbc24290e4e840a30aebb134151b75def9175ab54c0a48c != 64b1f8caa863f256c52a850b78b1f50f6cb4cdbb0fd449ebc0f6c33942f7e576
java.util.ImmutableCollections$SetN$SetNIterator.hasNext()boolean -1 codeSignature differs 014069b9d29ae67f97f8d652b8d7a77d9057cdb393e4e32597c925d7a30bdc82 != 68bedb7c2b89fc57eca6528f835388a812a6a51c19835f3ca5c045deed27b552
java.lang.module.ModuleDescriptor.uses()java.util.Set -1 codeSignature differs e3ce51591a4fee3aaff0c687fbb639bc8c1569c92e84d989cdc906a081a3aa6f != a28d016eade96af94b1490585bd89e875ca450bc08a58e964a7e2d9c660f535c
java.util.ImmutableCollections$SetN$SetNIterator.next()java.lang.Object -1 codeSignature differs 4e76ba541038849bb8e0e4a415648ce3141893b6aa5afc50d33cb7741470db08 != 9ada83417ac793d7136a278090746c2f10c77204a30d308441be04e5065b2590
java.util.ImmutableCollections$SetN$SetNIterator.next()java.lang.Object -1 graphSignature differs cc325e064e7585e0e6736addc07d3b5b1a1e9ec52f960e7777496af159b5096f != 920e12a7ee41cc3a0a3487d03bd48833bfc4e8d416bdbae7234f8ba199084b4d
java.lang.module.ModuleDescriptor$Provides.service()java.lang.String -1 codeSignature differs 14be906eafbcd0e98db8607fd01b12de837039bcd06c460d0cf8f6394c8cff6d != d74a3d991dcad2ff0132c63a48dc50da7170128a36ef27d42bfbafe23260746e
java.util.HashMap.hash(java.lang.Object)int -1 codeSignature differs ddcc64d3efe350ad78815c0ffdbd03ff83ef47d0136131003a90da6e50edae01 != a62d3661c2a7ce6570cd30df9630972fac20946c9060b06f1a4a0c0eabc46014
java.lang.module.ModuleDescriptor$Exports.isQualified()boolean -1 codeSignature differs e7fe78a721551084e387c3a39e017e3f9086bec66631161007d19ab2d1afac2d != 71777ed3505c60db3f8c98e49ee6987fdaf66e719803a01402415c20e10937b6
java.util.HashMap.putVal(int, java.lang.Object, java.lang.Object, boolean, boolean)java.lang.Object -1 codeSignature differs 28e401a60ef8e3f35a99bd4fd71aef148ba5022d8643232dd2294cd60098dfba != b445b8aa4504823c56b305b91a5adb75278a1d54e8a18f7e9a91ff66102d5a2c
java.util.HashMap.putVal(int, java.lang.Object, java.lang.Object, boolean, boolean)java.lang.Object -1 graphSignature differs 71c7befc4bcc50903c01cb500806055811a71080bd754d077284439fcd10103c != 5a74e12f320f5360d51b0bb3946f087ce2dce5afa144b15d312a3acc1621c4cf
java.lang.String.equals(java.lang.Object)boolean -1 codeSignature differs f5747f05d8cb43a0e84b3d89443c10d37c72a20d9b0342eb86834299bed80ca6 != 119dc6e6665ec6b4c44f1e420beb3682c6794e4c2205f6f17310bd0f4f948907
java.lang.String.equals(java.lang.Object)boolean -1 graphSignature differs 240f841b413bb8bd2af4877cb3753eac11d3bdc482d702e067df992e72784ebb != 2d841e5f6ff33687ba2a8e89c73735b82c892266d476f740b43f9fc2b4d21873
java.util.KeyValueHolder.getKey()java.lang.Object -1 codeSignature differs 14be906eafbcd0e98db8607fd01b12de837039bcd06c460d0cf8f6394c8cff6d != d74a3d991dcad2ff0132c63a48dc50da7170128a36ef27d42bfbafe23260746e
java.util.KeyValueHolder.getValue()java.lang.Object -1 codeSignature differs 90f01eeb46d88d53d0e4e48ef19445eb3bdf8101a00c7dc3f717a337df9fb41f != 3dca556ce0a4f9f9b2a7bcbcee2ecdeeb626fd493f0993079a0f91070abff97b
java.lang.module.ModuleDescriptor.packages()java.util.Set -1 codeSignature differs 1ec746d9657abb2124f404e47924197593986fc62346c6cd76072c08e29afddf != fc6683d6dbc2e9c193939db2b7b3809c7ed36f548dabbad32ce6a77af2acbb5c
java.lang.module.ResolvedModule.reference()java.lang.module.ModuleReference -1 codeSignature differs 90f01eeb46d88d53d0e4e48ef19445eb3bdf8101a00c7dc3f717a337df9fb41f != 3dca556ce0a4f9f9b2a7bcbcee2ecdeeb626fd493f0993079a0f91070abff97b
java.util.HashMap$Node.<init>(int, java.lang.Object, java.lang.Object, java.util.HashMap$Node)void -1 codeSignature differs 8fc20b868c42d93984d0f6ce07444734caea57037e431cad623ccc3dfd63d5b1 != 97a0f0bae9e09fd5a3b667c90bc907a349ec7447037c91ae906692ac09607f87
java.lang.module.ModuleDescriptor$Version.toString()java.lang.String -1 codeSignature differs 14be906eafbcd0e98db8607fd01b12de837039bcd06c460d0cf8f6394c8cff6d != d74a3d991dcad2ff0132c63a48dc50da7170128a36ef27d42bfbafe23260746e
java.lang.AbstractStringBuilder.length()int -1 codeSignature differs d4ce072063a0e5d7b77fa03ca89aafb8f3e3ecf13c518dc1905e344d1e62c58a != 6379912ece14b3e5c494001bcdbf513550438500c9fe64692666ea4804585a5b
java.util.HashMap.newNode(int, java.lang.Object, java.lang.Object, java.util.HashMap$Node)java.util.HashMap$Node -1 codeSignature differs 0b57ad3d0ea1b0de0d3ae4d1256f2a3bf2dacceb94022bee4e70d75bf1848358 != d2c2a415cba31cf48b157817e62dcfa6745f18dc85bdd37bd358d1bb63bfa15d
java.util.HashMap.afterNodeInsertion(boolean)void -1 codeSignature differs fe534d3aac0502b22527b54e744892c09d7496fd765947a3ee3ec9a070d56f92 != 53fed571f2d162d1b06665e593acff62e94c3c2feeb837a313805208a153c804
java.lang.module.ResolvedModule.configuration()java.lang.module.Configuration -1 codeSignature differs 14be906eafbcd0e98db8607fd01b12de837039bcd06c460d0cf8f6394c8cff6d != d74a3d991dcad2ff0132c63a48dc50da7170128a36ef27d42bfbafe23260746e
java.util.HashMap.resize()java.util.HashMap$Node[] -1 codeSignature differs a185f51e499bd25d3aa0638094bdf840d59aa65cbc6f98e48ef1fd83c38c86fb != c01c6d3c5bd65e8e7058c58be1a81840b7be6ecfb4a92a7e0332347062641143
java.util.HashMap.resize()java.util.HashMap$Node[] -1 graphSignature differs 8621339e67ed630b148c0b60d4ece2a8f5e4dc640c7e625f721a8babedbc3813 != 907f32e8439d3100299993dcad76560e08b0f705baa3a6e36f739c5640084aa9
java.lang.module.ModuleDescriptor.isOpen()boolean -1 codeSignature differs 7251ebfc69511ba11260ce3e5fe8de41e1ee424c1c84ef382507a4b520f46599 != 68c1b93afd5159dbd52f415e41c6f206a35012c76ae6407eef42650396bf8bfc
java.util.HashMap.size()int -1 codeSignature differs 55d12884885f16e44e8204f924f64617688caf405b709d32e1e72896f6c27c3d != 602769ad44793bd98e92b9e62f8542f52d5162d04d5d1c146bc1a1f5f4eab2b1
java.util.zip.ZipCoder$UTF8ZipCoder.isUTF8()boolean -1 codeSignature differs 6e3a14458a0fca90e6a63285514a933585cea592cb622e79b33ddc5df6e0fb66 != f86c5820929a34f03b9429610f522a6efd833767bf69832ae22131f6e690fc71
jdk.internal.util.ArraysSupport.unsignedHashCode(int, byte[], int, int)int -1 codeSignature differs 06bcb22c7433974659ec369e601868b8675e2939ee169c0428d5719d65d37d7d != 4d5957074f035392f4f1040fa7b9c8e8516cc366cc99a9663ff8e211636027cb
jdk.internal.util.ArraysSupport.unsignedHashCode(int, byte[], int, int)int -1 graphSignature differs 19b74d2985bd215adc18bbf16eb571f75605eb5502bcec63b71bd357cc668d6e != ec48f9da76be66a6b56b9242fa5c79b96c5a2b790a5832893550f14895067602
jdk.internal.classfile.impl.AbstractPoolEntry.width()int -1 codeSignature differs 6e3a14458a0fca90e6a63285514a933585cea592cb622e79b33ddc5df6e0fb66 != f86c5820929a34f03b9429610f522a6efd833767bf69832ae22131f6e690fc71
jdk.internal.classfile.impl.SplitConstantPool.size()int -1 codeSignature differs 1e851f5b2cbf37c0cd46831368dd889b60dff01d7b16161259960e24b264ceb1 != 8842033c3435ba9022b0d14a05ef1a95782e7436e1f26a804596a2590677c40d
java.lang.invoke.MethodType.ptypes()java.lang.Class[] -1 codeSignature differs 90f01eeb46d88d53d0e4e48ef19445eb3bdf8101a00c7dc3f717a337df9fb41f != 3dca556ce0a4f9f9b2a7bcbcee2ecdeeb626fd493f0993079a0f91070abff97b
jdk.internal.classfile.impl.RawBytecodeHelper.bci()int -1 codeSignature differs fe46e3fea17c2bcac25676024acf43715946ed13832c36004058f315d01e6ed3 != f644854fb6e4ffc5fb86a7d696951b13023f6a472bb2253c81909dd20f94fad0
jdk.internal.classfile.impl.AbstractPoolEntry.constantPool()java.lang.classfile.constantpool.ConstantPool -1 codeSignature differs 5be282a10c496d4000571a6844c9c0bc109901813a12d3aea5364efad6a66c85 != 236f622407d0112ac18220ce2f7dd8fc95a4975bd21efedc593a420240b9e35f
java.lang.AbstractStringBuilder.getValue()byte[] -1 codeSignature differs 5be282a10c496d4000571a6844c9c0bc109901813a12d3aea5364efad6a66c85 != 236f622407d0112ac18220ce2f7dd8fc95a4975bd21efedc593a420240b9e35f
jdk.internal.constant.ClassOrInterfaceDescImpl.descriptorString()java.lang.String -1 codeSignature differs 14be906eafbcd0e98db8607fd01b12de837039bcd06c460d0cf8f6394c8cff6d != d74a3d991dcad2ff0132c63a48dc50da7170128a36ef27d42bfbafe23260746e
java.lang.String.value()byte[] -1 codeSignature differs 5be282a10c496d4000571a6844c9c0bc109901813a12d3aea5364efad6a66c85 != 236f622407d0112ac18220ce2f7dd8fc95a4975bd21efedc593a420240b9e35f
jdk.internal.classfile.impl.BufWriterImpl.size()int -1 codeSignature differs fe46e3fea17c2bcac25676024acf43715946ed13832c36004058f315d01e6ed3 != f644854fb6e4ffc5fb86a7d696951b13023f6a472bb2253c81909dd20f94fad0
Could not locate BlockSlowdown.json
Skipping Loading (this might cause a fatal crash if GTSlowdown is on)
java.lang.StringLatin1.equals(byte[], byte[])boolean -1 codeSignature differs 2cfeb7ca81e519d27a2f4886127bbb28eb00282f6a344501abe1cdc2705cba4e != ce6957fde94989d8dfb9f657cd698acb12bd0f01e407ce68915647520f63bd02
java.lang.StringLatin1.equals(byte[], byte[])boolean -1 graphSignature differs f47d0b1647dabd6f0108a1c873e12c6a64939992dcc9e97f79a9e6e1f1af8649 != cda1bda6b067c21da86f5c9b00220a168b94ff95811df6ee0a57435eb4ec0473
jdk.internal.classfile.impl.AbstractDirectBuilder.constantPool()jdk.internal.classfile.impl.SplitConstantPool -1 codeSignature differs 14be906eafbcd0e98db8607fd01b12de837039bcd06c460d0cf8f6394c8cff6d != d74a3d991dcad2ff0132c63a48dc50da7170128a36ef27d42bfbafe23260746e
java.lang.StringLatin1.inflate(byte[], int, char[], int, int)void -1 codeSignature differs d12363b0fa944c3141709d1d15ff92c10bb825ce967b2050b65342abfb7722e9 != 7229d185807c5eb1f821125a028c07df1ddeaa104c27495e511e6ad0d767c33a
java.lang.StringLatin1.inflate(byte[], int, char[], int, int)void -1 graphSignature differs 17e6f3ed6596e5d6840a8a77065c9470c41838c2630b4535538ec163efd33e69 != e838eb1809aadd841c1ff5fe2e7a1043b73670d291c51dcf64d0aae8eaa2b7e0
java.lang.String.coder()byte -1 codeSignature differs f3a73f0f7ffcffdf8962f6b17b32b9d22dceb70a6321ad4e83f092ac924fb640 != 82f5235e2dbc41130ab9f332d81a84c727950ed13b523486e1cf57bd2f9bda2c
java.util.HashMap.hash(java.lang.Object)int -1 codeSignature differs 8ceaf7d188c5e8f36d2cdb20f7768316f48ca14d595bd9b53533a5c62b284a89 != a62d3661c2a7ce6570cd30df9630972fac20946c9060b06f1a4a0c0eabc46014
java.util.HashMap.hash(java.lang.Object)int -1 graphSignature differs 9218824ad4cc01818c44d11336a534489b7938cafbd5dadeb97b0d4490cd770b != a84a14d9866f5db84bda5d979ff9a6d49d572c1e799301fb27e23863599a9b6a
jdk.internal.util.WeakReferenceKey.hashCode()int -1 codeSignature differs 55d12884885f16e44e8204f924f64617688caf405b709d32e1e72896f6c27c3d != 602769ad44793bd98e92b9e62f8542f52d5162d04d5d1c146bc1a1f5f4eab2b1
java.lang.invoke.MethodTypeForm.erasedType()java.lang.invoke.MethodType -1 codeSignature differs 90f01eeb46d88d53d0e4e48ef19445eb3bdf8101a00c7dc3f717a337df9fb41f != 3dca556ce0a4f9f9b2a7bcbcee2ecdeeb626fd493f0993079a0f91070abff97b
java.nio.Buffer.limit()int -1 codeSignature differs 55d12884885f16e44e8204f924f64617688caf405b709d32e1e72896f6c27c3d != 602769ad44793bd98e92b9e62f8542f52d5162d04d5d1c146bc1a1f5f4eab2b1
jdk.internal.constant.ClassOrInterfaceDescImpl.isClassOrInterface()boolean -1 codeSignature differs 6e3a14458a0fca90e6a63285514a933585cea592cb622e79b33ddc5df6e0fb66 != f86c5820929a34f03b9429610f522a6efd833767bf69832ae22131f6e690fc71
java.util.ArrayList.size()int -1 codeSignature differs fe46e3fea17c2bcac25676024acf43715946ed13832c36004058f315d01e6ed3 != f644854fb6e4ffc5fb86a7d696951b13023f6a472bb2253c81909dd20f94fad0
jdk.internal.classfile.impl.AbstractPoolEntry$ClassEntryImpl.tag()int -1 codeSignature differs 5404769be9f3dbc3cb72c5db1a8ad8dd44853cedba352c69c6db32de21c4dbb9 != 9e72aee727452f3bd7e5755029309d18662e78c7d8f6a3fef1fa786c235c1353
java.lang.String.length()int -1 codeSignature differs 5f2a9f3bb1f4f800ea4f2ad278553dedcfc789fe27a155b26df986828b30ede3 != 65d375b72c5817a4f8af1bcdf77dbdcb452e4f9ceb60cd42724b10772bcfdc62
jdk.internal.classfile.impl.AbstractPoolEntry.hashCode()int -1 codeSignature differs fe46e3fea17c2bcac25676024acf43715946ed13832c36004058f315d01e6ed3 != f644854fb6e4ffc5fb86a7d696951b13023f6a472bb2253c81909dd20f94fad0
jdk.internal.constant.PrimitiveClassDescImpl.descriptorString()java.lang.String -1 codeSignature differs 7722674ec43cccc19227bd0fe31433696da3716816c65b03f1730e1c0254917a != 2859d17d681828116974698ed904c3f2d6f285799222904b89fcd6ff7a2f986f
java.lang.String.equals(java.lang.Object)boolean -1 codeSignature differs bfac87225bafdc58673e804c03dd822bf37abdab95c86ed18af1cb75d90e2a8b != 119dc6e6665ec6b4c44f1e420beb3682c6794e4c2205f6f17310bd0f4f948907
java.lang.String.equals(java.lang.Object)boolean -1 graphSignature differs 3db2bd1e1e18c2bda01c5f5968b4897c6a680343cb60349dd960833af8c8b667 != 2d841e5f6ff33687ba2a8e89c73735b82c892266d476f740b43f9fc2b4d21873
Requesting uncached profile for bci 74 in java.util.HashMap.putVal(int, java.lang.Object, java.lang.Object, boolean, boolean)java.lang.Object method getBytecodeProfile
Requesting uncached profile for bci 74 in java.util.HashMap.putVal(int, java.lang.Object, java.lang.Object, boolean, boolean)java.lang.Object method getExceptionSeen
Requesting uncached profile for bci 81 in java.util.HashMap.putVal(int, java.lang.Object, java.lang.Object, boolean, boolean)java.lang.Object method getBytecodeProfile
Requesting uncached profile for bci 81 in java.util.HashMap.putVal(int, java.lang.Object, java.lang.Object, boolean, boolean)java.lang.Object method getBranchTakenProbability
Requesting uncached profile for bci 85 in java.util.HashMap.putVal(int, java.lang.Object, java.lang.Object, boolean, boolean)java.lang.Object method getBytecodeProfile
Requesting uncached profile for bci 85 in java.util.HashMap.putVal(int, java.lang.Object, java.lang.Object, boolean, boolean)java.lang.Object method getBranchTakenProbability
Requesting uncached profile for bci 91 in java.util.HashMap.putVal(int, java.lang.Object, java.lang.Object, boolean, boolean)java.lang.Object method getBytecodeProfile
Requesting uncached profile for bci 91 in java.util.HashMap.putVal(int, java.lang.Object, java.lang.Object, boolean, boolean)java.lang.Object method getExceptionSeen
Requesting uncached profile for bci 91 in java.util.HashMap.putVal(int, java.lang.Object, java.lang.Object, boolean, boolean)java.lang.Object method getTypeProfile
Requesting uncached profile for bci 94 in java.util.HashMap.putVal(int, java.lang.Object, java.lang.Object, boolean, boolean)java.lang.Object method getBytecodeProfile
Requesting uncached profile for bci 94 in java.util.HashMap.putVal(int, java.lang.Object, java.lang.Object, boolean, boolean)java.lang.Object method getBranchTakenProbability
Requesting not cached profile for java.lang.String.equals(java.lang.Object)boolean
java.util.HashMap.putVal(int, java.lang.Object, java.lang.Object, boolean, boolean)java.lang.Object -1 codeSignature differs 0bf374edff098f5421d2136a7e6a98d2b63c1712a216cbeaa161b3d28901d71a != b445b8aa4504823c56b305b91a5adb75278a1d54e8a18f7e9a91ff66102d5a2c
java.util.HashMap.putVal(int, java.lang.Object, java.lang.Object, boolean, boolean)java.lang.Object -1 graphSignature differs e7791656fc092c79846de086ac174a77724d28ea37325079a87bb0a5c313e8c0 != 5a74e12f320f5360d51b0bb3946f087ce2dce5afa144b15d312a3acc1621c4cf
Requesting uncached profile for bci 74 in java.util.HashMap.putVal(int, java.lang.Object, java.lang.Object, boolean, boolean)java.lang.Object method getBytecodeProfile
Requesting uncached profile for bci 74 in java.util.HashMap.putVal(int, java.lang.Object, java.lang.Object, boolean, boolean)java.lang.Object method getExceptionSeen
Requesting uncached profile for bci 81 in java.util.HashMap.putVal(int, java.lang.Object, java.lang.Object, boolean, boolean)java.lang.Object method getBytecodeProfile
Requesting uncached profile for bci 81 in java.util.HashMap.putVal(int, java.lang.Object, java.lang.Object, boolean, boolean)java.lang.Object method getBranchTakenProbability
Requesting uncached profile for bci 85 in java.util.HashMap.putVal(int, java.lang.Object, java.lang.Object, boolean, boolean)java.lang.Object method getBytecodeProfile
Requesting uncached profile for bci 85 in java.util.HashMap.putVal(int, java.lang.Object, java.lang.Object, boolean, boolean)java.lang.Object method getBranchTakenProbability
Requesting uncached profile for bci 91 in java.util.HashMap.putVal(int, java.lang.Object, java.lang.Object, boolean, boolean)java.lang.Object method getBytecodeProfile
Requesting uncached profile for bci 91 in java.util.HashMap.putVal(int, java.lang.Object, java.lang.Object, boolean, boolean)java.lang.Object method getExceptionSeen
Requesting uncached profile for bci 91 in java.util.HashMap.putVal(int, java.lang.Object, java.lang.Object, boolean, boolean)java.lang.Object method getTypeProfile
Requesting uncached profile for bci 94 in java.util.HashMap.putVal(int, java.lang.Object, java.lang.Object, boolean, boolean)java.lang.Object method getBytecodeProfile
Requesting uncached profile for bci 94 in java.util.HashMap.putVal(int, java.lang.Object, java.lang.Object, boolean, boolean)java.lang.Object method getBranchTakenProbability
Requesting not cached profile for java.lang.String.equals(java.lang.Object)boolean
java.util.HashMap.putVal(int, java.lang.Object, java.lang.Object, boolean, boolean)java.lang.Object -1 codeSignature differs 1ead2f4bff2cf9dc607aaeec1f2c90184e6210849801d53534160c5244cf7b99 != b445b8aa4504823c56b305b91a5adb75278a1d54e8a18f7e9a91ff66102d5a2c
java.util.HashMap.putVal(int, java.lang.Object, java.lang.Object, boolean, boolean)java.lang.Object -1 graphSignature differs 576abc3dfa49e1424478d0e2b2d349b14fb924299f6e92f941a196917569506b != 5a74e12f320f5360d51b0bb3946f087ce2dce5afa144b15d312a3acc1621c4cf
java.lang.Boolean.booleanValue()boolean -1 codeSignature differs 55af0dc4b7688c78180d5f5b00584e4bf66cf93bd60716f9aab49e7a6fd64ac4 != f48625702890d29653fc29959db5796353242ca5005d0c97563dc7641a6e9521
Requesting uncached profile for bci 74 in java.util.HashMap.putVal(int, java.lang.Object, java.lang.Object, boolean, boolean)java.lang.Object method getBytecodeProfile
Requesting uncached profile for bci 74 in java.util.HashMap.putVal(int, java.lang.Object, java.lang.Object, boolean, boolean)java.lang.Object method getExceptionSeen
Requesting uncached profile for bci 81 in java.util.HashMap.putVal(int, java.lang.Object, java.lang.Object, boolean, boolean)java.lang.Object method getBytecodeProfile
Requesting uncached profile for bci 81 in java.util.HashMap.putVal(int, java.lang.Object, java.lang.Object, boolean, boolean)java.lang.Object method getBranchTakenProbability
Requesting uncached profile for bci 85 in java.util.HashMap.putVal(int, java.lang.Object, java.lang.Object, boolean, boolean)java.lang.Object method getBytecodeProfile
Requesting uncached profile for bci 85 in java.util.HashMap.putVal(int, java.lang.Object, java.lang.Object, boolean, boolean)java.lang.Object method getBranchTakenProbability
Requesting uncached profile for bci 91 in java.util.HashMap.putVal(int, java.lang.Object, java.lang.Object, boolean, boolean)java.lang.Object method getBytecodeProfile
Requesting uncached profile for bci 91 in java.util.HashMap.putVal(int, java.lang.Object, java.lang.Object, boolean, boolean)java.lang.Object method getExceptionSeen
Requesting uncached profile for bci 91 in java.util.HashMap.putVal(int, java.lang.Object, java.lang.Object, boolean, boolean)java.lang.Object method getTypeProfile
Requesting uncached profile for bci 94 in java.util.HashMap.putVal(int, java.lang.Object, java.lang.Object, boolean, boolean)java.lang.Object method getBytecodeProfile
Requesting uncached profile for bci 94 in java.util.HashMap.putVal(int, java.lang.Object, java.lang.Object, boolean, boolean)java.lang.Object method getBranchTakenProbability
Requesting not cached profile for java.lang.String.equals(java.lang.Object)boolean
java.util.HashMap.putVal(int, java.lang.Object, java.lang.Object, boolean, boolean)java.lang.Object -1 codeSignature differs a201cc501359778f611edb56ba06506780711633809e606bb68738ce016bd30f != b445b8aa4504823c56b305b91a5adb75278a1d54e8a18f7e9a91ff66102d5a2c
java.util.HashMap.putVal(int, java.lang.Object, java.lang.Object, boolean, boolean)java.lang.Object -1 graphSignature differs 52bc378255d8c412c74a2b2bf4edc1c93a6e3d3e4c7f8fd4c4a03278b3634e9e != 5a74e12f320f5360d51b0bb3946f087ce2dce5afa144b15d312a3acc1621c4cf
Requesting uncached profile for bci 74 in java.util.HashMap.putVal(int, java.lang.Object, java.lang.Object, boolean, boolean)java.lang.Object method getBytecodeProfile
Requesting uncached profile for bci 74 in java.util.HashMap.putVal(int, java.lang.Object, java.lang.Object, boolean, boolean)java.lang.Object method getExceptionSeen
Requesting uncached profile for bci 81 in java.util.HashMap.putVal(int, java.lang.Object, java.lang.Object, boolean, boolean)java.lang.Object method getBytecodeProfile
Requesting uncached profile for bci 81 in java.util.HashMap.putVal(int, java.lang.Object, java.lang.Object, boolean, boolean)java.lang.Object method getBranchTakenProbability
Requesting uncached profile for bci 85 in java.util.HashMap.putVal(int, java.lang.Object, java.lang.Object, boolean, boolean)java.lang.Object method getBytecodeProfile
Requesting uncached profile for bci 85 in java.util.HashMap.putVal(int, java.lang.Object, java.lang.Object, boolean, boolean)java.lang.Object method getBranchTakenProbability
Requesting uncached profile for bci 91 in java.util.HashMap.putVal(int, java.lang.Object, java.lang.Object, boolean, boolean)java.lang.Object method getBytecodeProfile
Requesting uncached profile for bci 91 in java.util.HashMap.putVal(int, java.lang.Object, java.lang.Object, boolean, boolean)java.lang.Object method getExceptionSeen
Requesting uncached profile for bci 91 in java.util.HashMap.putVal(int, java.lang.Object, java.lang.Object, boolean, boolean)java.lang.Object method getTypeProfile
Requesting uncached profile for bci 94 in java.util.HashMap.putVal(int, java.lang.Object, java.lang.Object, boolean, boolean)java.lang.Object method getBytecodeProfile
Requesting uncached profile for bci 94 in java.util.HashMap.putVal(int, java.lang.Object, java.lang.Object, boolean, boolean)java.lang.Object method getBranchTakenProbability
Requesting uncached profile for bci 229 in java.util.HashMap.putVal(int, java.lang.Object, java.lang.Object, boolean, boolean)java.lang.Object method getBytecodeProfile
Requesting uncached profile for bci 229 in java.util.HashMap.putVal(int, java.lang.Object, java.lang.Object, boolean, boolean)java.lang.Object method getExceptionSeen
Requesting uncached profile for bci 236 in java.util.HashMap.putVal(int, java.lang.Object, java.lang.Object, boolean, boolean)java.lang.Object method getBytecodeProfile
Requesting uncached profile for bci 236 in java.util.HashMap.putVal(int, java.lang.Object, java.lang.Object, boolean, boolean)java.lang.Object method getBranchTakenProbability
Requesting uncached profile for bci 247 in java.util.HashMap.putVal(int, java.lang.Object, java.lang.Object, boolean, boolean)java.lang.Object method getBytecodeProfile
Requesting uncached profile for bci 247 in java.util.HashMap.putVal(int, java.lang.Object, java.lang.Object, boolean, boolean)java.lang.Object method getExceptionSeen
Requesting uncached profile for bci 253 in java.util.HashMap.putVal(int, java.lang.Object, java.lang.Object, boolean, boolean)java.lang.Object method getBytecodeProfile
Requesting uncached profile for bci 253 in java.util.HashMap.putVal(int, java.lang.Object, java.lang.Object, boolean, boolean)java.lang.Object method getTypeProfile
Requesting uncached profile for bci 253 in java.util.HashMap.putVal(int, java.lang.Object, java.lang.Object, boolean, boolean)java.lang.Object method getExceptionSeen
Requesting not cached profile for java.lang.String.equals(java.lang.Object)boolean
Requesting not cached profile for java.util.HashMap.afterNodeAccess(java.util.HashMap$Node)void
Requesting not cached profile for java.util.LinkedHashMap.afterNodeAccess(java.util.HashMap$Node)void
Requesting uncached profile for bci 5 in java.util.LinkedHashMap.afterNodeAccess(java.util.HashMap$Node)void method getBytecodeProfile
Requesting uncached profile for bci 5 in java.util.LinkedHashMap.afterNodeAccess(java.util.HashMap$Node)void method getBranchTakenProbability
Requesting uncached profile for bci 12 in java.util.LinkedHashMap.afterNodeAccess(java.util.HashMap$Node)void method getBytecodeProfile
Requesting uncached profile for bci 12 in java.util.LinkedHashMap.afterNodeAccess(java.util.HashMap$Node)void method getBranchTakenProbability
Requesting uncached profile for bci 19 in java.util.LinkedHashMap.afterNodeAccess(java.util.HashMap$Node)void method getBytecodeProfile
Requesting uncached profile for bci 19 in java.util.LinkedHashMap.afterNodeAccess(java.util.HashMap$Node)void method getBranchTakenProbability
Requesting uncached profile for bci 29 in java.util.LinkedHashMap.afterNodeAccess(java.util.HashMap$Node)void method getBytecodeProfile
Requesting uncached profile for bci 29 in java.util.LinkedHashMap.afterNodeAccess(java.util.HashMap$Node)void method getBranchTakenProbability
Requesting uncached profile for bci 33 in java.util.LinkedHashMap.afterNodeAccess(java.util.HashMap$Node)void method getBytecodeProfile
Requesting uncached profile for bci 33 in java.util.LinkedHashMap.afterNodeAccess(java.util.HashMap$Node)void method getTypeProfile
Requesting uncached profile for bci 33 in java.util.LinkedHashMap.afterNodeAccess(java.util.HashMap$Node)void method getExceptionSeen
Requesting uncached profile for bci 40 in java.util.LinkedHashMap.afterNodeAccess(java.util.HashMap$Node)void method getBytecodeProfile
Requesting uncached profile for bci 40 in java.util.LinkedHashMap.afterNodeAccess(java.util.HashMap$Node)void method getExceptionSeen
Requesting uncached profile for bci 47 in java.util.LinkedHashMap.afterNodeAccess(java.util.HashMap$Node)void method getBytecodeProfile
Requesting uncached profile for bci 47 in java.util.LinkedHashMap.afterNodeAccess(java.util.HashMap$Node)void method getExceptionSeen
Requesting uncached profile for bci 55 in java.util.LinkedHashMap.afterNodeAccess(java.util.HashMap$Node)void method getBytecodeProfile
Requesting uncached profile for bci 55 in java.util.LinkedHashMap.afterNodeAccess(java.util.HashMap$Node)void method getExceptionSeen
Requesting uncached profile for bci 60 in java.util.LinkedHashMap.afterNodeAccess(java.util.HashMap$Node)void method getBytecodeProfile
Requesting uncached profile for bci 60 in java.util.LinkedHashMap.afterNodeAccess(java.util.HashMap$Node)void method getBranchTakenProbability
Requesting uncached profile for bci 76 in java.util.LinkedHashMap.afterNodeAccess(java.util.HashMap$Node)void method getBytecodeProfile
Requesting uncached profile for bci 76 in java.util.LinkedHashMap.afterNodeAccess(java.util.HashMap$Node)void method getExceptionSeen
Requesting uncached profile for bci 81 in java.util.LinkedHashMap.afterNodeAccess(java.util.HashMap$Node)void method getBytecodeProfile
Requesting uncached profile for bci 81 in java.util.LinkedHashMap.afterNodeAccess(java.util.HashMap$Node)void method getBranchTakenProbability
Requesting uncached profile for bci 88 in java.util.LinkedHashMap.afterNodeAccess(java.util.HashMap$Node)void method getBytecodeProfile
Requesting uncached profile for bci 88 in java.util.LinkedHashMap.afterNodeAccess(java.util.HashMap$Node)void method getExceptionSeen
Requesting uncached profile for bci 98 in java.util.LinkedHashMap.afterNodeAccess(java.util.HashMap$Node)void method getBytecodeProfile
Requesting uncached profile for bci 98 in java.util.LinkedHashMap.afterNodeAccess(java.util.HashMap$Node)void method getBranchTakenProbability
Requesting uncached profile for bci 113 in java.util.LinkedHashMap.afterNodeAccess(java.util.HashMap$Node)void method getBytecodeProfile
Requesting uncached profile for bci 113 in java.util.LinkedHashMap.afterNodeAccess(java.util.HashMap$Node)void method getExceptionSeen
Requesting uncached profile for bci 119 in java.util.LinkedHashMap.afterNodeAccess(java.util.HashMap$Node)void method getBytecodeProfile
Requesting uncached profile for bci 119 in java.util.LinkedHashMap.afterNodeAccess(java.util.HashMap$Node)void method getExceptionSeen
Requesting uncached profile for bci 146 in java.util.LinkedHashMap.afterNodeAccess(java.util.HashMap$Node)void method getBytecodeProfile
Requesting uncached profile for bci 146 in java.util.LinkedHashMap.afterNodeAccess(java.util.HashMap$Node)void method getBranchTakenProbability
Requesting uncached profile for bci 156 in java.util.LinkedHashMap.afterNodeAccess(java.util.HashMap$Node)void method getBytecodeProfile
Requesting uncached profile for bci 156 in java.util.LinkedHashMap.afterNodeAccess(java.util.HashMap$Node)void method getBranchTakenProbability
Requesting uncached profile for bci 160 in java.util.LinkedHashMap.afterNodeAccess(java.util.HashMap$Node)void method getBytecodeProfile
Requesting uncached profile for bci 160 in java.util.LinkedHashMap.afterNodeAccess(java.util.HashMap$Node)void method getTypeProfile
Requesting uncached profile for bci 160 in java.util.LinkedHashMap.afterNodeAccess(java.util.HashMap$Node)void method getExceptionSeen
Requesting uncached profile for bci 167 in java.util.LinkedHashMap.afterNodeAccess(java.util.HashMap$Node)void method getBytecodeProfile
Requesting uncached profile for bci 167 in java.util.LinkedHashMap.afterNodeAccess(java.util.HashMap$Node)void method getExceptionSeen
Requesting uncached profile for bci 174 in java.util.LinkedHashMap.afterNodeAccess(java.util.HashMap$Node)void method getBytecodeProfile
Requesting uncached profile for bci 174 in java.util.LinkedHashMap.afterNodeAccess(java.util.HashMap$Node)void method getExceptionSeen
Requesting uncached profile for bci 182 in java.util.LinkedHashMap.afterNodeAccess(java.util.HashMap$Node)void method getBytecodeProfile
Requesting uncached profile for bci 182 in java.util.LinkedHashMap.afterNodeAccess(java.util.HashMap$Node)void method getExceptionSeen
Requesting uncached profile for bci 187 in java.util.LinkedHashMap.afterNodeAccess(java.util.HashMap$Node)void method getBytecodeProfile
Requesting uncached profile for bci 187 in java.util.LinkedHashMap.afterNodeAccess(java.util.HashMap$Node)void method getBranchTakenProbability
Requesting uncached profile for bci 203 in java.util.LinkedHashMap.afterNodeAccess(java.util.HashMap$Node)void method getBytecodeProfile
Requesting uncached profile for bci 203 in java.util.LinkedHashMap.afterNodeAccess(java.util.HashMap$Node)void method getExceptionSeen
Requesting uncached profile for bci 208 in java.util.LinkedHashMap.afterNodeAccess(java.util.HashMap$Node)void method getBytecodeProfile
Requesting uncached profile for bci 208 in java.util.LinkedHashMap.afterNodeAccess(java.util.HashMap$Node)void method getBranchTakenProbability
Requesting uncached profile for bci 215 in java.util.LinkedHashMap.afterNodeAccess(java.util.HashMap$Node)void method getBytecodeProfile
Requesting uncached profile for bci 215 in java.util.LinkedHashMap.afterNodeAccess(java.util.HashMap$Node)void method getExceptionSeen
Requesting uncached profile for bci 225 in java.util.LinkedHashMap.afterNodeAccess(java.util.HashMap$Node)void method getBytecodeProfile
Requesting uncached profile for bci 225 in java.util.LinkedHashMap.afterNodeAccess(java.util.HashMap$Node)void method getBranchTakenProbability
Requesting uncached profile for bci 240 in java.util.LinkedHashMap.afterNodeAccess(java.util.HashMap$Node)void method getBytecodeProfile
Requesting uncached profile for bci 240 in java.util.LinkedHashMap.afterNodeAccess(java.util.HashMap$Node)void method getExceptionSeen
Requesting uncached profile for bci 246 in java.util.LinkedHashMap.afterNodeAccess(java.util.HashMap$Node)void method getBytecodeProfile
Requesting uncached profile for bci 246 in java.util.LinkedHashMap.afterNodeAccess(java.util.HashMap$Node)void method getExceptionSeen
java.util.HashMap.putVal(int, java.lang.Object, java.lang.Object, boolean, boolean)java.lang.Object -1 codeSignature differs 3fe6b99a6305202b73bb7aa6bf1cad1418186efcb7c430b2937179ad5378b3df != b445b8aa4504823c56b305b91a5adb75278a1d54e8a18f7e9a91ff66102d5a2c
java.util.HashMap.putVal(int, java.lang.Object, java.lang.Object, boolean, boolean)java.lang.Object -1 graphSignature differs 9d7f1739c256adf33f0fe046d888e033f4ba1eafff2e65c15f8992c48a93f670 != 5a74e12f320f5360d51b0bb3946f087ce2dce5afa144b15d312a3acc1621c4cf
Requesting uncached profile for bci 74 in java.util.HashMap.putVal(int, java.lang.Object, java.lang.Object, boolean, boolean)java.lang.Object method getBytecodeProfile
Requesting uncached profile for bci 74 in java.util.HashMap.putVal(int, java.lang.Object, java.lang.Object, boolean, boolean)java.lang.Object method getExceptionSeen
Requesting uncached profile for bci 81 in java.util.HashMap.putVal(int, java.lang.Object, java.lang.Object, boolean, boolean)java.lang.Object method getBytecodeProfile
Requesting uncached profile for bci 81 in java.util.HashMap.putVal(int, java.lang.Object, java.lang.Object, boolean, boolean)java.lang.Object method getBranchTakenProbability
Requesting uncached profile for bci 85 in java.util.HashMap.putVal(int, java.lang.Object, java.lang.Object, boolean, boolean)java.lang.Object method getBytecodeProfile
Requesting uncached profile for bci 85 in java.util.HashMap.putVal(int, java.lang.Object, java.lang.Object, boolean, boolean)java.lang.Object method getBranchTakenProbability
Requesting uncached profile for bci 91 in java.util.HashMap.putVal(int, java.lang.Object, java.lang.Object, boolean, boolean)java.lang.Object method getBytecodeProfile
Requesting uncached profile for bci 91 in java.util.HashMap.putVal(int, java.lang.Object, java.lang.Object, boolean, boolean)java.lang.Object method getExceptionSeen
Requesting uncached profile for bci 91 in java.util.HashMap.putVal(int, java.lang.Object, java.lang.Object, boolean, boolean)java.lang.Object method getTypeProfile
Requesting uncached profile for bci 94 in java.util.HashMap.putVal(int, java.lang.Object, java.lang.Object, boolean, boolean)java.lang.Object method getBytecodeProfile
Requesting uncached profile for bci 94 in java.util.HashMap.putVal(int, java.lang.Object, java.lang.Object, boolean, boolean)java.lang.Object method getBranchTakenProbability
Requesting uncached profile for bci 186 in java.util.HashMap.putVal(int, java.lang.Object, java.lang.Object, boolean, boolean)java.lang.Object method getBytecodeProfile
Requesting uncached profile for bci 186 in java.util.HashMap.putVal(int, java.lang.Object, java.lang.Object, boolean, boolean)java.lang.Object method getExceptionSeen
Requesting uncached profile for bci 193 in java.util.HashMap.putVal(int, java.lang.Object, java.lang.Object, boolean, boolean)java.lang.Object method getBytecodeProfile
Requesting uncached profile for bci 193 in java.util.HashMap.putVal(int, java.lang.Object, java.lang.Object, boolean, boolean)java.lang.Object method getBranchTakenProbability
Requesting uncached profile for bci 197 in java.util.HashMap.putVal(int, java.lang.Object, java.lang.Object, boolean, boolean)java.lang.Object method getBytecodeProfile
Requesting uncached profile for bci 197 in java.util.HashMap.putVal(int, java.lang.Object, java.lang.Object, boolean, boolean)java.lang.Object method getBranchTakenProbability
Requesting uncached profile for bci 203 in java.util.HashMap.putVal(int, java.lang.Object, java.lang.Object, boolean, boolean)java.lang.Object method getBytecodeProfile
Requesting uncached profile for bci 203 in java.util.HashMap.putVal(int, java.lang.Object, java.lang.Object, boolean, boolean)java.lang.Object method getExceptionSeen
Requesting uncached profile for bci 203 in java.util.HashMap.putVal(int, java.lang.Object, java.lang.Object, boolean, boolean)java.lang.Object method getTypeProfile
Requesting uncached profile for bci 206 in java.util.HashMap.putVal(int, java.lang.Object, java.lang.Object, boolean, boolean)java.lang.Object method getBytecodeProfile
Requesting uncached profile for bci 206 in java.util.HashMap.putVal(int, java.lang.Object, java.lang.Object, boolean, boolean)java.lang.Object method getBranchTakenProbability
Requesting uncached profile for bci 229 in java.util.HashMap.putVal(int, java.lang.Object, java.lang.Object, boolean, boolean)java.lang.Object method getBytecodeProfile
Requesting uncached profile for bci 229 in java.util.HashMap.putVal(int, java.lang.Object, java.lang.Object, boolean, boolean)java.lang.Object method getExceptionSeen
Requesting uncached profile for bci 236 in java.util.HashMap.putVal(int, java.lang.Object, java.lang.Object, boolean, boolean)java.lang.Object method getBytecodeProfile
Requesting uncached profile for bci 236 in java.util.HashMap.putVal(int, java.lang.Object, java.lang.Object, boolean, boolean)java.lang.Object method getBranchTakenProbability
Requesting uncached profile for bci 247 in java.util.HashMap.putVal(int, java.lang.Object, java.lang.Object, boolean, boolean)java.lang.Object method getBytecodeProfile
Requesting uncached profile for bci 247 in java.util.HashMap.putVal(int, java.lang.Object, java.lang.Object, boolean, boolean)java.lang.Object method getExceptionSeen
Requesting uncached profile for bci 253 in java.util.HashMap.putVal(int, java.lang.Object, java.lang.Object, boolean, boolean)java.lang.Object method getBytecodeProfile
Requesting uncached profile for bci 253 in java.util.HashMap.putVal(int, java.lang.Object, java.lang.Object, boolean, boolean)java.lang.Object method getTypeProfile
Requesting uncached profile for bci 253 in java.util.HashMap.putVal(int, java.lang.Object, java.lang.Object, boolean, boolean)java.lang.Object method getExceptionSeen
Requesting not cached profile for java.lang.String.equals(java.lang.Object)boolean
Requesting not cached profile for java.util.HashMap.afterNodeAccess(java.util.HashMap$Node)void
Requesting not cached profile for java.util.LinkedHashMap.afterNodeAccess(java.util.HashMap$Node)void
Requesting uncached profile for bci 5 in java.util.LinkedHashMap.afterNodeAccess(java.util.HashMap$Node)void method getBytecodeProfile
Requesting uncached profile for bci 5 in java.util.LinkedHashMap.afterNodeAccess(java.util.HashMap$Node)void method getBranchTakenProbability
Requesting uncached profile for bci 12 in java.util.LinkedHashMap.afterNodeAccess(java.util.HashMap$Node)void method getBytecodeProfile
Requesting uncached profile for bci 12 in java.util.LinkedHashMap.afterNodeAccess(java.util.HashMap$Node)void method getBranchTakenProbability
Requesting uncached profile for bci 19 in java.util.LinkedHashMap.afterNodeAccess(java.util.HashMap$Node)void method getBytecodeProfile
Requesting uncached profile for bci 19 in java.util.LinkedHashMap.afterNodeAccess(java.util.HashMap$Node)void method getBranchTakenProbability
Requesting uncached profile for bci 29 in java.util.LinkedHashMap.afterNodeAccess(java.util.HashMap$Node)void method getBytecodeProfile
Requesting uncached profile for bci 29 in java.util.LinkedHashMap.afterNodeAccess(java.util.HashMap$Node)void method getBranchTakenProbability
Requesting uncached profile for bci 33 in java.util.LinkedHashMap.afterNodeAccess(java.util.HashMap$Node)void method getBytecodeProfile
Requesting uncached profile for bci 33 in java.util.LinkedHashMap.afterNodeAccess(java.util.HashMap$Node)void method getTypeProfile
Requesting uncached profile for bci 33 in java.util.LinkedHashMap.afterNodeAccess(java.util.HashMap$Node)void method getExceptionSeen
Requesting uncached profile for bci 40 in java.util.LinkedHashMap.afterNodeAccess(java.util.HashMap$Node)void method getBytecodeProfile
Requesting uncached profile for bci 40 in java.util.LinkedHashMap.afterNodeAccess(java.util.HashMap$Node)void method getExceptionSeen
Requesting uncached profile for bci 47 in java.util.LinkedHashMap.afterNodeAccess(java.util.HashMap$Node)void method getBytecodeProfile
Requesting uncached profile for bci 47 in java.util.LinkedHashMap.afterNodeAccess(java.util.HashMap$Node)void method getExceptionSeen
Requesting uncached profile for bci 55 in java.util.LinkedHashMap.afterNodeAccess(java.util.HashMap$Node)void method getBytecodeProfile
Requesting uncached profile for bci 55 in java.util.LinkedHashMap.afterNodeAccess(java.util.HashMap$Node)void method getExceptionSeen
Requesting uncached profile for bci 60 in java.util.LinkedHashMap.afterNodeAccess(java.util.HashMap$Node)void method getBytecodeProfile
Requesting uncached profile for bci 60 in java.util.LinkedHashMap.afterNodeAccess(java.util.HashMap$Node)void method getBranchTakenProbability
Requesting uncached profile for bci 76 in java.util.LinkedHashMap.afterNodeAccess(java.util.HashMap$Node)void method getBytecodeProfile
Requesting uncached profile for bci 76 in java.util.LinkedHashMap.afterNodeAccess(java.util.HashMap$Node)void method getExceptionSeen
Requesting uncached profile for bci 81 in java.util.LinkedHashMap.afterNodeAccess(java.util.HashMap$Node)void method getBytecodeProfile
Requesting uncached profile for bci 81 in java.util.LinkedHashMap.afterNodeAccess(java.util.HashMap$Node)void method getBranchTakenProbability
Requesting uncached profile for bci 88 in java.util.LinkedHashMap.afterNodeAccess(java.util.HashMap$Node)void method getBytecodeProfile
Requesting uncached profile for bci 88 in java.util.LinkedHashMap.afterNodeAccess(java.util.HashMap$Node)void method getExceptionSeen
Requesting uncached profile for bci 98 in java.util.LinkedHashMap.afterNodeAccess(java.util.HashMap$Node)void method getBytecodeProfile
Requesting uncached profile for bci 98 in java.util.LinkedHashMap.afterNodeAccess(java.util.HashMap$Node)void method getBranchTakenProbability
Requesting uncached profile for bci 113 in java.util.LinkedHashMap.afterNodeAccess(java.util.HashMap$Node)void method getBytecodeProfile
Requesting uncached profile for bci 113 in java.util.LinkedHashMap.afterNodeAccess(java.util.HashMap$Node)void method getExceptionSeen
Requesting uncached profile for bci 119 in java.util.LinkedHashMap.afterNodeAccess(java.util.HashMap$Node)void method getBytecodeProfile
Requesting uncached profile for bci 119 in java.util.LinkedHashMap.afterNodeAccess(java.util.HashMap$Node)void method getExceptionSeen
Requesting uncached profile for bci 146 in java.util.LinkedHashMap.afterNodeAccess(java.util.HashMap$Node)void method getBytecodeProfile
Requesting uncached profile for bci 146 in java.util.LinkedHashMap.afterNodeAccess(java.util.HashMap$Node)void method getBranchTakenProbability
Requesting uncached profile for bci 156 in java.util.LinkedHashMap.afterNodeAccess(java.util.HashMap$Node)void method getBytecodeProfile
Requesting uncached profile for bci 156 in java.util.LinkedHashMap.afterNodeAccess(java.util.HashMap$Node)void method getBranchTakenProbability
Requesting uncached profile for bci 160 in java.util.LinkedHashMap.afterNodeAccess(java.util.HashMap$Node)void method getBytecodeProfile
Requesting uncached profile for bci 160 in java.util.LinkedHashMap.afterNodeAccess(java.util.HashMap$Node)void method getTypeProfile
Requesting uncached profile for bci 160 in java.util.LinkedHashMap.afterNodeAccess(java.util.HashMap$Node)void method getExceptionSeen
Requesting uncached profile for bci 167 in java.util.LinkedHashMap.afterNodeAccess(java.util.HashMap$Node)void method getBytecodeProfile
Requesting uncached profile for bci 167 in java.util.LinkedHashMap.afterNodeAccess(java.util.HashMap$Node)void method getExceptionSeen
Requesting uncached profile for bci 174 in java.util.LinkedHashMap.afterNodeAccess(java.util.HashMap$Node)void method getBytecodeProfile
Requesting uncached profile for bci 174 in java.util.LinkedHashMap.afterNodeAccess(java.util.HashMap$Node)void method getExceptionSeen
Requesting uncached profile for bci 182 in java.util.LinkedHashMap.afterNodeAccess(java.util.HashMap$Node)void method getBytecodeProfile
Requesting uncached profile for bci 182 in java.util.LinkedHashMap.afterNodeAccess(java.util.HashMap$Node)void method getExceptionSeen
Requesting uncached profile for bci 187 in java.util.LinkedHashMap.afterNodeAccess(java.util.HashMap$Node)void method getBytecodeProfile
Requesting uncached profile for bci 187 in java.util.LinkedHashMap.afterNodeAccess(java.util.HashMap$Node)void method getBranchTakenProbability
Requesting uncached profile for bci 203 in java.util.LinkedHashMap.afterNodeAccess(java.util.HashMap$Node)void method getBytecodeProfile
Requesting uncached profile for bci 203 in java.util.LinkedHashMap.afterNodeAccess(java.util.HashMap$Node)void method getExceptionSeen
Requesting uncached profile for bci 208 in java.util.LinkedHashMap.afterNodeAccess(java.util.HashMap$Node)void method getBytecodeProfile
Requesting uncached profile for bci 208 in java.util.LinkedHashMap.afterNodeAccess(java.util.HashMap$Node)void method getBranchTakenProbability
Requesting uncached profile for bci 215 in java.util.LinkedHashMap.afterNodeAccess(java.util.HashMap$Node)void method getBytecodeProfile
Requesting uncached profile for bci 215 in java.util.LinkedHashMap.afterNodeAccess(java.util.HashMap$Node)void method getExceptionSeen
Requesting uncached profile for bci 225 in java.util.LinkedHashMap.afterNodeAccess(java.util.HashMap$Node)void method getBytecodeProfile
Requesting uncached profile for bci 225 in java.util.LinkedHashMap.afterNodeAccess(java.util.HashMap$Node)void method getBranchTakenProbability
Requesting uncached profile for bci 240 in java.util.LinkedHashMap.afterNodeAccess(java.util.HashMap$Node)void method getBytecodeProfile
Requesting uncached profile for bci 240 in java.util.LinkedHashMap.afterNodeAccess(java.util.HashMap$Node)void method getExceptionSeen
Requesting uncached profile for bci 246 in java.util.LinkedHashMap.afterNodeAccess(java.util.HashMap$Node)void method getBytecodeProfile
Requesting uncached profile for bci 246 in java.util.LinkedHashMap.afterNodeAccess(java.util.HashMap$Node)void method getExceptionSeen
java.util.HashMap.putVal(int, java.lang.Object, java.lang.Object, boolean, boolean)java.lang.Object -1 codeSignature differs 87a2f9f718abc614987b3c8c603a32141fc3a8791a0c782dc9bd351036e23694 != b445b8aa4504823c56b305b91a5adb75278a1d54e8a18f7e9a91ff66102d5a2c
java.util.HashMap.putVal(int, java.lang.Object, java.lang.Object, boolean, boolean)java.lang.Object -1 graphSignature differs 25cdcbaa530828e04c00358528980f466b9c06bf3b677691d64c48250d1323d2 != 5a74e12f320f5360d51b0bb3946f087ce2dce5afa144b15d312a3acc1621c4cf
[1.662s][info][jfr,startup] Started recording 1. No limit specified, using maxsize=250MB as default.
[1.662s][info][jfr,startup] 
[1.662s][info][jfr,startup] Use jcmd 298912 JFR.dump name=CD_noSlow_JFR to copy recording data to file.
java.util.Arrays.copyOf(java.lang.Object[], int, java.lang.Class)java.lang.Object[] -1 codeSignature differs 9a08cb22f4fb6b2af911b47370b3fd0a6285daff1a5051e9830d5ad970850c7f != ac3adca8b2c39a910583f0bce08b9a91399c86000aef2a6df9fe3617a895b907
java.util.Arrays.copyOf(java.lang.Object[], int, java.lang.Class)java.lang.Object[] -1 graphSignature differs 9d3152a12f349c14f190e78c2a842afd95b07d37fdf61e1e72b0da5ca14722c6 != 93813dceaac1b720fe1c2a6be459e2809b36f179462af16dd7d40620c2acc4df
Requesting not cached profile for java.lang.StringBuilder.length()int
Requesting not cached profile for java.lang.StringBuilder.length()int
java.lang.StringBuilder.length()int -1 codeSignature differs d4ce072063a0e5d7b77fa03ca89aafb8f3e3ecf13c518dc1905e344d1e62c58a != 6379912ece14b3e5c494001bcdbf513550438500c9fe64692666ea4804585a5b
java.nio.Buffer.position()int -1 codeSignature differs 3f64cd4fafea8a3cef87601314961681d43f2aa75c3a358c1b0ce8d9a1c4731a != f5a100836d3b6c24d5617122379fdd07d38ba4b008ea9ae91e48aa3956773271
java.util.zip.Inflater$InflaterZStreamRef.address()long -1 codeSignature differs 6775e09a923d4a8abe8298f2b15f8be238b37428c67c56453b241b1ba16d6df1 != aab6a04fbf2d5da418698ecc437d4f03bc8f43cb4ff78a70d6a307a4476014d1
Starting CD benchmark ...
java.security.ProtectionDomain.getCodeSource()java.security.CodeSource -1 codeSignature differs 90f01eeb46d88d53d0e4e48ef19445eb3bdf8101a00c7dc3f717a337df9fb41f != 3dca556ce0a4f9f9b2a7bcbcee2ecdeeb626fd493f0993079a0f91070abff97b
cd.CallSign.compareTo(java.lang.Object)int -1 codeSignature differs 0cc91d50b9310eabb796516f3b0842bdaa10f8c7d6692618763763df149f24e1 != 86a1be8b7ebb44495648ff016ab4a4df74e1797df156348ba1af4a408ec4724a
cd.CallSign.compareTo(cd.CallSign)int -1 codeSignature differs 8945d7a7b84c3b5869886db78a23179413a9a76e778a1b0eaa75e104022abb0b != 81d906dd415fcc182e07a1ddbcb62b95b243fcf47f43484c9a9867b2c241a00f
cd.RedBlackTree.treeInsert(java.lang.Comparable, java.lang.Object)cd.RedBlackTree$InsertResult -1 codeSignature differs 47e0351ec8d3445ac6cf4ebb31304415f08e9de5c41833402f400a4d3fdfb094 != cef88df8a412585242052b135171d05527f8993c861eafa93c54321858628cce
cd.RedBlackTree.treeInsert(java.lang.Comparable, java.lang.Object)cd.RedBlackTree$InsertResult -1 graphSignature differs ac7fd8d05e3f8dddee2e8a817eb6dcef0b2da09f278d2f12d4e831285e132796 != e8cdf4e16a3df313ffd16074f6d5c4dd662fe0e68637622319d77fb79df292a8
cd.RedBlackTree.findNode(java.lang.Comparable)cd.RedBlackTree$Node -1 codeSignature differs 6772923242e47dfe40c1d37164103a6257ac9becbb95d498e75d2025bdd61f31 != 500c21ef925a42664128e7963e609807368521d1944667eccf50744628bf45f7
cd.RedBlackTree.findNode(java.lang.Comparable)cd.RedBlackTree$Node -1 graphSignature differs 2cb437476799ff296ab3a77ff88bc16273ccc0cff30764d4c336070cd21f6af1 != bce9022fb26bb560ee551cd4da4f770f7d6a6698b6340c104a3918eff60d5ffa
cd.Vector2D.<init>(double, double)void -1 codeSignature differs 77642d4d17d65d3704341683209d902d851bd7709e53de1675d75105f3add8ec != b813df5ab32799e30f82c96c795a071bbb59b3689f0346f6ae87ed546e7751f2
cd.CollisionDetector.recurse(cd.RedBlackTree, cd.RedBlackTree, cd.Vector2D, cd.Motion)void -1 codeSignature differs 7669dc5d7b0651aa942513e19dd773f2dec4f539bb1918843f913a36cee3df7b != dc9e85eec4f4271275cc880445c8baabe7ffcbe9bfed84a20a113afc03b1e57b
cd.CollisionDetector.recurse(cd.RedBlackTree, cd.RedBlackTree, cd.Vector2D, cd.Motion)void -1 graphSignature differs 74a735173b31023db2e1a8bac33a506347f09e8f72477bfb92e3b51d5bdfdb7a != 74cc8574ad5393ca4651f98e544552e2e5c112697d8938c6a92274a40a7e8a86
cd.CollisionDetector.isInVoxel(cd.Vector2D, cd.Motion)boolean -1 codeSignature differs dd8aa35a801e873b44713c47671dc024bc4def2d1fddb189687b0eb4716e015f != 3870ff29541fd067b5ed517644bd4ec370b75724e480ee87ecbed2e852967c70
cd.CollisionDetector.isInVoxel(cd.Vector2D, cd.Motion)boolean -1 graphSignature differs dc56d1f1075d187e8a6c7a40623981ec77d5427baf5e0322150c6adba4aa5b4b != b4b76765bfe3bedb2def2e17f9020b500fd9eb4b9c7683bf804467fc2d8fee2d
cd.RedBlackTree.put(java.lang.Comparable, java.lang.Object)java.lang.Object -1 codeSignature differs 095ec5a95f4a88d7f6d2f315190cbf9aa646692f8218d139371bb7277f8c3961 != baef13fbd94d426b97ea24acad6c68d76c41e7cf7e9791709dce956fd8083bb1
cd.RedBlackTree.put(java.lang.Comparable, java.lang.Object)java.lang.Object -1 graphSignature differs 037d860eff396c3223fbcc93cda75302425a7f0ca5c7829073e2ed1dc2e0957b != fb9c1555df0605ed492afde40a21f2dd939d99f9cf9c1b2a2f06a39381adb954
som.Vector.size()int -1 codeSignature differs 18406ee787f53eac3ce459cfdd005727f83bab77abfd8e7959f44c6d4fa42097 != 19f4b166b240e2219b73994bef09491c67f7c9fd18788936c779139f7756c09a
som.Vector.at(int)java.lang.Object -1 codeSignature differs 59ebee4145d36b5cfd2873445674bb9c4e3f63558620b089051a8d074d658199 != de1c3735850e37ec62f58761d0cfd15cf32175bfecb9ff5bd54de0aed9154ed1
som.Vector.append(java.lang.Object)void -1 codeSignature differs 9da2146ed151ba44280be545d1e480de513aecbd4634cf5326ba4d5618074983 != 5cfccca539a31e109774cb4540fc1581d67f379e31df98eb6d9d68d6ba0831d9
cd.Vector3D.<init>(double, double, double)void -1 codeSignature differs b2da907d2d23b56838e033112f3c3acf3a607f887be6c2d7ce838d9e38c302bc != 0b1b3246d6e52768765d12ee4cb9ce55ef07739883bc44a06601bc75084ba89b
cd.RedBlackTree.get(java.lang.Comparable)java.lang.Object -1 codeSignature differs f8dacf969d2a0b3c66688e0cb4748c6f77d760b58c9bbb0a8c7f3cff324cee2c != b4147e977e7c60715074401203bbc4165cdf39052a66550f3c4f62f084ed92d4
cd.RedBlackTree$Entry.<init>(java.lang.Object, java.lang.Object)void -1 codeSignature differs 2e5c870a90cf95e2807e8dec2ba07d4abd6e2bb8bdb6dcbd1262dd7dcee6b15a != 8b0fd9c14b71939425442c1d828883e537cd20dcdc8087b2955d46134e7b5684
cd.RedBlackTree$Node.successor()cd.RedBlackTree$Node -1 codeSignature differs bc414120e8867d6407276a2dd421e954c5141d8e368aec54a9a7c3587f2429af != 04bdc8ba3698e02e9a3717fd7b973484626d341d832c74be83a7d8601ecf836c
cd.RedBlackTree$Node.successor()cd.RedBlackTree$Node -1 graphSignature differs 194a448d7c26bbadf3e0df819d3dbbb57fa5ce2d412900325016b1bd2b88953d != dcd2b43f1941d6e5dfed92890aa26f90526c5885dcd3e7de0a4578f5531de4f9
cd.Aircraft.<init>(cd.CallSign, cd.Vector3D)void -1 codeSignature differs 2e5c870a90cf95e2807e8dec2ba07d4abd6e2bb8bdb6dcbd1262dd7dcee6b15a != 8b0fd9c14b71939425442c1d828883e537cd20dcdc8087b2955d46134e7b5684
cd.Motion.<init>(cd.CallSign, cd.Vector3D, cd.Vector3D)void -1 codeSignature differs 819d31cdc5787ae09a568da4c26fda35a5b8fc2b92872d27c8509031ca8c463a != 8623565e72a7c912ca13d435f043527c6212ffd5d1183e5963364eb35095ef8b
cd.CollisionDetector$RemoveAbsentAircraft.apply(java.lang.Object)void -1 codeSignature differs c3646295b2f6528ab895fdf5346ff7e17be06c90791f213af29b9001833c5f64 != 3e3351f145d15ea40ac004a606a83473553344d0e46947cd490ae8311fcead9e
cd.CollisionDetector$RemoveAbsentAircraft.apply(java.lang.Object)void -1 graphSignature differs 21c0fc185db4f8fed8385570cf5db6dd585b6e64dcf8b0f537cef8109c2d5ff8 != 64d2774c1ab94d7aa1644ba979a6ca5c6263a21e21d0486ad8b654987eb028ea
cd.CollisionDetector$RemoveAbsentAircraft.apply(cd.RedBlackTree$Entry)void -1 codeSignature differs 5c239bd55fdd0ea74ae6ee0c99817e21a2f93f6cc4b34ce043d566a7b1fd3ce4 != 910184419fdf1675046cda29fd354f1e6cb60ad7e64da3fd23791e51d65858df
cd.CollisionDetector$RemoveAbsentAircraft.apply(cd.RedBlackTree$Entry)void -1 graphSignature differs 467c06b3d642996f5986a9a9e5dba589b35b2f6645b88f2e47336f12224d97de != 8d5168936f17bc6f38467d60c820357c3cf66b69ddb046abff5c32292a0c159e
cd.RedBlackTree.<init>()void -1 codeSignature differs 35127c46a5a3c32f92b11f5fc3e36d4c4aa2759de61a93fdf8c3577ff227c8e7 != 5f3f9721837b9bba4c167598c7f2f503ee6be9137e35b82cd38273386313db7c
cd.Vector3D.minus(cd.Vector3D)cd.Vector3D -1 codeSignature differs 20361323c907f06551d14045a8abcbf0451d38c1d6d67307fb56b137a88491ee != 0a7dd6e83a250f64f7be550df3efdf03ba12f3a549281cd09f59727535ddacd6
cd.CollisionDetector.handleNewFrame(som.Vector)som.Vector -1 codeSignature differs c6610723b2fd5553b43cc9a4fe3850060f4e975fd1602dad2a5702a6a0e828d0 != 41ff607af30325c621ed9e4a7e53ecb300c716d2f5fcf28562e217e7bd9de02a
cd.CollisionDetector.handleNewFrame(som.Vector)som.Vector -1 graphSignature differs a68e6eb43aa4a5008f435f3b41b1d256ff8e95d11981cdf8f784381688839782 != 82da39854491faf13214836d0fea28070a264ea8dfe0126099cbc3ce9a3e0f6b
cd.CollisionDetector.putIntoMap(cd.RedBlackTree, cd.Vector2D, cd.Motion)void -1 codeSignature differs d0cbf6d2272154aebc9981f21ec0c272b35e88d1911689d0f9bd70a9eb9fe6ba != c4fa9d3dd93c863fef80ad931a4f7c11213b7b3e61cb952877e51056156beaa5
cd.CollisionDetector.putIntoMap(cd.RedBlackTree, cd.Vector2D, cd.Motion)void -1 graphSignature differs 71411e8675cd7e63f7981c9f731c02474cb32cb938985e2f29f6ef3f344f5977 != a201206e6ff14ba60c58fb2be15b334ebce6557143d69ac975a7fab19552a804
cd.Vector3D.dot(cd.Vector3D)double -1 codeSignature differs 2769edd4a98d0df8f6a2c750ecc397db8ddc50d16e5156b579281996e240b606 != 3acd48abcf76eb0d6ce16d76a69ff9257c9cc423a0809f8cbf12aa500eec1b8b
cd.RedBlackTree.forEach(som.ForEachInterface)void -1 codeSignature differs f1c99adfc33c795cced233038c20ba6f03eb6d73e00e5bb78248fc4d235803b9 != 9f7a63ac409f8ae69601d17fc50462eb238965f3eb81a315d318b1d7c6d9d6eb
cd.RedBlackTree.forEach(som.ForEachInterface)void -1 graphSignature differs ce36c6941508c0e1ec54a04ea94e697168950f74549370345e8030471d1db177 != 80c28ef7b8913d126bfb7f5bd5d3ae95686615561f217b9d564d42f3b8c0674c
cd.CollisionDetector$CollectCollisions.apply(java.lang.Object)void -1 codeSignature differs e68ae62fce1cc0a278818221280f0322a356d7b8473deb9f3eefc2aae743ddec != 7c23a515b797a70f1a894153cbae0fd69284287b05e96e829a9191ca63d04ba3
cd.CollisionDetector$CollectCollisions.apply(cd.RedBlackTree$Entry)void -1 codeSignature differs 795bdf7b0b592009fbee56498635e7a3860baf0d814a655cda0fdacedf205520 != 144e687ba963eaa49a3d350b5ac25fbbe07f9a046e129402456999bef84b3a89
cd.Motion.delta()cd.Vector3D -1 codeSignature differs 9a49d3dc20c8f59b956fe7f73b7151620211d4677f118a5f83877d91f13f59a7 != d69f193e0e4c3df444ffb05fe6cb5ebf90ad6d7be601731b2302e3fa9cbcb56e
cd.Vector3D.squaredMagnitude()double -1 codeSignature differs 27e5ec14ad8acea78cd47780e4fc5b6d74969142475ea7395090daab76cfaaa3 != 2d47e507a7e494b7c12a33e7b714d86bcc4a45d0676c5031f3ed51e885ab9a32
cd.CollisionDetector.reduceCollisionSet(som.Vector)som.Vector -1 codeSignature differs 659c5b36df56208bcb874b05a7a8e3a04c11e469fdd2f83f2c7465cb23475731 != a73db40f0663ab3ae014d12be361292df164044e29d3966efd51ed5bdd8398e3
cd.CollisionDetector.reduceCollisionSet(som.Vector)som.Vector -1 graphSignature differs c0cf6a276063454ad198e1bc038ae5f609631c036a80a7e3ae7a83a17f58af49 != 318d4e3ecb1c65a10b758209be10a6bf270f9efd4130661b866b2189ce744e0b
cd.Vector3D.times(double)cd.Vector3D -1 codeSignature differs f659d01ea9385ae5cac897c649c3e439c6b8a3670eb1ee96e1bf1d46c71eb22c != 3c5f18bed6566bd1f0d0066442f7b728d947d4291007ed3b9a97df15cca13eca
cd.Vector3D.plus(cd.Vector3D)cd.Vector3D -1 codeSignature differs 71482c2eff429ade1d651b0a3d40bb6630e1ba53066ace9a1a920eba485ee3ab != 913964a178bc22ca4798f097a7e1f20fc010d11ce133b10be39168f5e7fee137
cd.Motion.findIntersection(cd.Motion)cd.Vector3D -1 codeSignature differs 29313c29a1c99287040d47e7950ab218b16cf8e7c1b2a99812660426a3fc4ae8 != 586fc39b5954607302d4650bc9bf12d0ccae394f2a82a6e0079f18c9a6d97def
cd.Simulator.simulate(double)som.Vector -1 codeSignature differs 151b0109614d8392606e1eafeaed269d6e18582a769d9c405c728ff98c9eb308 != 20f639229722cbee799237cbadb7bda9ffbd9e992c6a98d39de377d6f6c3b0f7
cd.Simulator.simulate(double)som.Vector -1 graphSignature differs 9d968b3faa78cddd96bec37c48a58dae7452786a2bf2ec0406792524f05b1a97 != 3b44c09075a407acb993c38b1a09a4b06565f70914fdd2370233829a5e71eb23
cd.RedBlackTree.rightRotate(cd.RedBlackTree$Node)cd.RedBlackTree$Node -1 codeSignature differs 8cb3d8e90803ad2b74365c351fc345fb0743458126828fcedca6eba5a1c7a752 != 15e4f2f2e2cba8e02bf9f0662bea146d38c72fa653d14a4e351779b1d2aa9e85
CD: iterations=1 runtime: 503377us
CD: iterations=2 runtime: 120666us
CD: iterations=3 runtime: 117968us
CD: iterations=4 runtime: 118306us
CD: iterations=5 runtime: 120511us
CD: iterations=6 runtime: 117920us
cd.CallSign.<init>(int)void -1 codeSignature differs 79501822c6ab4c9b0d280255fe98a197cd3e4d400db1695b0a7c8a478d01042f != f4921c3cc4fa379eabe5b2b13aa66ec7ca50b67eb98e881c919765ac016ee4ff
CD: iterations=7 runtime: 118399us
CD: iterations=8 runtime: 117280us
CD: iterations=9 runtime: 115187us
CD: iterations=10 runtime: 119858us
CD: iterations=11 runtime: 116833us
CD: iterations=12 runtime: 117053us
CD: iterations=13 runtime: 115592us
CD: iterations=14 runtime: 116651us
CD: iterations=15 runtime: 117030us
CD: iterations=16 runtime: 117221us
CD: iterations=17 runtime: 115418us
Could not locate BlockSlowdown.json
Skipping Loading (this might cause a fatal crash if GTSlowdown is on)
CD: iterations=18 runtime: 120860us
CD: iterations=19 runtime: 117184us
CD: iterations=20 runtime: 116938us
cd.Simulator.<init>(int)void -1 codeSignature differs 5eb1a0887356358b91c07f8527be6beddd985c39fec01aeb264c4de5540b3599 != 5bd2e02f5a18e438fd6815872d8e3496c6983599c82b8817f584414872fcbefe
cd.Simulator.<init>(int)void -1 graphSignature differs a28ba8342fd43680e6821472783034a3982dccab282d403a9ab9f3ff394ff010 != dbbc65ae198dfceb5662d8b4ccb1dde865d4108c57b912bf4503c6d393d869f6
CD: iterations=21 runtime: 142483us
CD: iterations=22 runtime: 115691us
CD: iterations=23 runtime: 115948us
CD: iterations=24 runtime: 115321us
CD: iterations=25 runtime: 115242us
CD: iterations=26 runtime: 115782us
CD: iterations=27 runtime: 115721us
CD: iterations=28 runtime: 115295us
CD: iterations=29 runtime: 115437us
CD: iterations=30 runtime: 115728us
java.nio.Buffer.capacity()int -1 codeSignature differs 138bc711c3bed648b8548df225303894eec321dce856bde9fbb2267d74239e89 != b84da6c168a864b24de57055760067fff8c97c57c508d6b8c6ea52df12fe61fe
CD: iterations=31 runtime: 115962us
CD: iterations=32 runtime: 115398us
CD: iterations=33 runtime: 115848us
CD: iterations=34 runtime: 115810us
CD: iterations=35 runtime: 116035us
CD: iterations=36 runtime: 115473us
CD: iterations=37 runtime: 115592us
CD: iterations=38 runtime: 115871us
CD: iterations=39 runtime: 115907us
CD: iterations=40 runtime: 116131us
CD: iterations=41 runtime: 116381us
CD: iterations=42 runtime: 117202us
CD: iterations=43 runtime: 116324us
CD: iterations=44 runtime: 116197us
CD: iterations=45 runtime: 116509us
CD: iterations=46 runtime: 117011us
CD: iterations=47 runtime: 116139us
CD: iterations=48 runtime: 116006us
CD: iterations=49 runtime: 116639us
CD: iterations=50 runtime: 116678us
CD: iterations=51 runtime: 115775us
CD: iterations=52 runtime: 116155us
CD: iterations=53 runtime: 116483us
CD: iterations=54 runtime: 116447us
CD: iterations=55 runtime: 116139us
CD: iterations=56 runtime: 116418us
CD: iterations=57 runtime: 116887us
CD: iterations=58 runtime: 116143us
CD: iterations=59 runtime: 116806us
CD: iterations=60 runtime: 116457us
CD: iterations=61 runtime: 118274us
CD: iterations=62 runtime: 118097us
CD: iterations=63 runtime: 117060us
CD: iterations=64 runtime: 116735us
CD: iterations=65 runtime: 115963us
CD: iterations=66 runtime: 115943us
CD: iterations=67 runtime: 116572us
CD: iterations=68 runtime: 116107us
CD: iterations=69 runtime: 116314us
CD: iterations=70 runtime: 123344us
CD: iterations=71 runtime: 116177us
CD: iterations=72 runtime: 116020us
CD: iterations=73 runtime: 115446us
CD: iterations=74 runtime: 115619us
CD: iterations=75 runtime: 115987us
CD: iterations=76 runtime: 115715us
CD: iterations=77 runtime: 115253us
CD: iterations=78 runtime: 116042us
CD: iterations=79 runtime: 115789us
CD: iterations=80 runtime: 115546us
CD: iterations=81 runtime: 116023us
CD: iterations=82 runtime: 115841us
CD: iterations=83 runtime: 116273us
CD: iterations=84 runtime: 115617us
CD: iterations=85 runtime: 115786us
CD: iterations=86 runtime: 115911us
Could not locate BlockSlowdown.json
Skipping Loading (this might cause a fatal crash if GTSlowdown is on)
CD: iterations=87 runtime: 115612us
CD: iterations=88 runtime: 115285us
CD: iterations=89 runtime: 115859us
CD: iterations=90 runtime: 116273us
CD: iterations=91 runtime: 115659us
CD: iterations=92 runtime: 115868us
CD: iterations=93 runtime: 115873us
CD: iterations=94 runtime: 116194us
CD: iterations=95 runtime: 115557us
CD: iterations=96 runtime: 115542us
CD: iterations=97 runtime: 115881us
CD: iterations=98 runtime: 115668us
CD: iterations=99 runtime: 115326us
CD: iterations=100 runtime: 115995us
CD: iterations=101 runtime: 116103us
CD: iterations=102 runtime: 115569us
Could not locate BlockSlowdown.json
Skipping Loading (this might cause a fatal crash if GTSlowdown is on)
CD.benchmark(int)int -1 codeSignature differs 3826a6dea18af5dae29b04944e8570e5bdc020a348157703063712f67183ba56 != af07f178bde20ee5a02f51093499822fcf2748c6c6d60252b45478266f165b9b
CD.benchmark(int)int -1 graphSignature differs 0b9e9ec26db99e354a2f3bcfeefe0a42047bcecd78092ca78567f418af3be609 != ee20196c861eaf19b81b99424a243a0a5ab66930086f3915f1cf96951070ced2
CD: iterations=103 runtime: 212120us
CD: iterations=104 runtime: 118737us
CD: iterations=105 runtime: 117376us
CD: iterations=106 runtime: 116443us
CD: iterations=107 runtime: 116288us
CD: iterations=108 runtime: 116457us
CD: iterations=109 runtime: 116269us
CD: iterations=110 runtime: 115674us
CD: iterations=111 runtime: 116012us
CD: iterations=112 runtime: 116104us
CD: iterations=113 runtime: 115630us
CD: iterations=114 runtime: 115537us
Could not locate BlockSlowdown.json
Skipping Loading (this might cause a fatal crash if GTSlowdown is on)
java.nio.charset.CharsetEncoder.maxBytesPerChar()float -1 codeSignature differs d0dc63dd2361c2989cb14e4cf77bfb3442e0a43d3c92bbd78638646fefb8363f != fc84c03091d44b6099141a22fdb9f6cfabe66e5026a15b0d60a828a10b5481b9
CD: iterations=115 runtime: 116183us
CD: iterations=116 runtime: 116129us
CD: iterations=117 runtime: 115632us
CD: iterations=118 runtime: 116003us
CD: iterations=119 runtime: 116079us
CD: iterations=120 runtime: 116131us
CD: iterations=121 runtime: 115745us
CD: iterations=122 runtime: 115653us
CD: iterations=123 runtime: 116117us
CD: iterations=124 runtime: 115713us
CD: iterations=125 runtime: 115694us
CD: iterations=126 runtime: 115821us
CD: iterations=127 runtime: 116644us
CD: iterations=128 runtime: 115502us
CD: iterations=129 runtime: 115871us
CD: iterations=130 runtime: 115716us
CD: iterations=131 runtime: 116312us
CD: iterations=132 runtime: 115574us
CD: iterations=133 runtime: 115878us
CD: iterations=134 runtime: 116243us
CD: iterations=135 runtime: 116418us
CD: iterations=136 runtime: 115527us
CD: iterations=137 runtime: 115878us
CD: iterations=138 runtime: 116066us
CD: iterations=139 runtime: 115637us
CD: iterations=140 runtime: 115899us
CD: iterations=141 runtime: 116063us
CD: iterations=142 runtime: 116230us
CD: iterations=143 runtime: 115604us
CD: iterations=144 runtime: 115527us
CD: iterations=145 runtime: 115897us
CD: iterations=146 runtime: 116851us
CD: iterations=147 runtime: 117205us
CD: iterations=148 runtime: 116204us
CD: iterations=149 runtime: 115949us
CD: iterations=150 runtime: 115593us
CD: iterations=151 runtime: 115405us
CD: iterations=152 runtime: 115835us
CD: iterations=153 runtime: 116264us
CD: iterations=154 runtime: 115635us
CD: iterations=155 runtime: 115293us
CD: iterations=156 runtime: 115829us
CD: iterations=157 runtime: 116305us
CD: iterations=158 runtime: 115775us
CD: iterations=159 runtime: 115587us
CD: iterations=160 runtime: 116024us
CD: iterations=161 runtime: 115954us
CD: iterations=162 runtime: 115005us
CD: iterations=163 runtime: 115717us
CD: iterations=164 runtime: 116062us
CD: iterations=165 runtime: 116348us
CD: iterations=166 runtime: 115428us
CD: iterations=167 runtime: 115958us
CD: iterations=168 runtime: 116145us
CD: iterations=169 runtime: 115599us
CD: iterations=170 runtime: 115498us
CD: iterations=171 runtime: 115868us
CD: iterations=172 runtime: 116446us
CD: iterations=173 runtime: 115709us
CD: iterations=174 runtime: 115594us
CD: iterations=175 runtime: 115910us
CD: iterations=176 runtime: 115452us
CD: iterations=177 runtime: 115283us
CD: iterations=178 runtime: 115776us
CD: iterations=179 runtime: 116026us
CD: iterations=180 runtime: 115754us
CD: iterations=181 runtime: 115964us
CD: iterations=182 runtime: 116893us
CD: iterations=183 runtime: 116510us
CD: iterations=184 runtime: 116924us
CD: iterations=185 runtime: 115738us
CD: iterations=186 runtime: 116990us
CD: iterations=187 runtime: 115777us
CD: iterations=188 runtime: 114997us
CD: iterations=189 runtime: 116433us
CD: iterations=190 runtime: 117619us
CD: iterations=191 runtime: 116910us
CD: iterations=192 runtime: 115697us
CD: iterations=193 runtime: 120728us
CD: iterations=194 runtime: 118001us
CD: iterations=195 runtime: 118208us
CD: iterations=196 runtime: 116874us
CD: iterations=197 runtime: 116602us
CD: iterations=198 runtime: 116359us
CD: iterations=199 runtime: 115967us
CD: iterations=200 runtime: 118262us
CD: iterations=201 runtime: 116252us
CD: iterations=202 runtime: 116679us
CD: iterations=203 runtime: 115775us
CD: iterations=204 runtime: 116052us
CD: iterations=205 runtime: 117460us
CD: iterations=206 runtime: 115861us
CD: iterations=207 runtime: 115656us
CD: iterations=208 runtime: 115819us
CD: iterations=209 runtime: 119179us
CD: iterations=210 runtime: 116183us
CD: iterations=211 runtime: 115891us
CD: iterations=212 runtime: 154374us
CD: iterations=213 runtime: 115911us
CD: iterations=214 runtime: 115689us
CD: iterations=215 runtime: 116752us
CD: iterations=216 runtime: 116561us
CD: iterations=217 runtime: 116465us
CD: iterations=218 runtime: 122356us
CD: iterations=219 runtime: 117163us
CD: iterations=220 runtime: 118547us
CD: iterations=221 runtime: 126642us
CD: iterations=222 runtime: 134205us
CD: iterations=223 runtime: 117075us
CD: iterations=224 runtime: 117108us
CD: iterations=225 runtime: 116557us
CD: iterations=226 runtime: 117488us
CD: iterations=227 runtime: 117416us
CD: iterations=228 runtime: 116887us
CD: iterations=229 runtime: 117182us
CD: iterations=230 runtime: 117918us
CD: iterations=231 runtime: 119921us
CD: iterations=232 runtime: 120892us
CD: iterations=233 runtime: 119843us
CD: iterations=234 runtime: 117840us
CD: iterations=235 runtime: 118967us
CD: iterations=236 runtime: 117522us
CD: iterations=237 runtime: 151215us
CD: iterations=238 runtime: 118240us
CD: iterations=239 runtime: 116111us
CD: iterations=240 runtime: 115627us
CD: iterations=241 runtime: 116178us
CD: iterations=242 runtime: 116355us
CD: iterations=243 runtime: 115607us
CD: iterations=244 runtime: 115585us
CD: iterations=245 runtime: 115947us
CD: iterations=246 runtime: 116727us
CD: iterations=247 runtime: 115946us
CD: iterations=248 runtime: 116159us
CD: iterations=249 runtime: 116159us
CD: iterations=250 runtime: 115832us
CD: iterations=251 runtime: 115897us
CD: iterations=252 runtime: 116157us
CD: iterations=253 runtime: 116443us
CD: iterations=254 runtime: 116992us
CD: iterations=255 runtime: 115796us
CD: iterations=256 runtime: 115963us
CD: iterations=257 runtime: 116392us
CD: iterations=258 runtime: 115694us
CD: iterations=259 runtime: 116137us
CD: iterations=260 runtime: 116120us
CD: iterations=261 runtime: 115700us
CD: iterations=262 runtime: 116510us
CD: iterations=263 runtime: 116022us
CD: iterations=264 runtime: 116047us
CD: iterations=265 runtime: 121226us
CD: iterations=266 runtime: 128172us
CD: iterations=267 runtime: 115974us
CD: iterations=268 runtime: 116788us
CD: iterations=269 runtime: 115786us
CD: iterations=270 runtime: 115750us
CD: iterations=271 runtime: 116189us
CD: iterations=272 runtime: 116684us
CD: iterations=273 runtime: 115889us
CD: iterations=274 runtime: 117248us
CD: iterations=275 runtime: 118934us
CD: iterations=276 runtime: 116480us
CD: iterations=277 runtime: 115858us
CD: iterations=278 runtime: 116714us
CD: iterations=279 runtime: 116601us
CD: iterations=280 runtime: 116059us
CD: iterations=281 runtime: 115979us
CD: iterations=282 runtime: 153375us
CD: iterations=283 runtime: 116998us
CD: iterations=284 runtime: 116779us
CD: iterations=285 runtime: 117002us
CD: iterations=286 runtime: 116833us
CD: iterations=287 runtime: 116350us
CD: iterations=288 runtime: 116251us
CD: iterations=289 runtime: 117066us
CD: iterations=290 runtime: 117022us
CD: iterations=291 runtime: 116418us
CD: iterations=292 runtime: 116096us
CD: iterations=293 runtime: 116634us
CD: iterations=294 runtime: 116947us
CD: iterations=295 runtime: 116507us
CD: iterations=296 runtime: 116925us
CD: iterations=297 runtime: 117016us
CD: iterations=298 runtime: 116903us
CD: iterations=299 runtime: 116327us
CD: iterations=300 runtime: 116602us
CD: iterations=301 runtime: 116750us
CD: iterations=302 runtime: 116350us
CD: iterations=303 runtime: 116405us
CD: iterations=304 runtime: 116833us
CD: iterations=305 runtime: 117418us
CD: iterations=306 runtime: 116331us
CD: iterations=307 runtime: 116232us
CD: iterations=308 runtime: 116402us
CD: iterations=309 runtime: 116848us
CD: iterations=310 runtime: 116402us
CD: iterations=311 runtime: 116453us
CD: iterations=312 runtime: 116586us
CD: iterations=313 runtime: 116357us
CD: iterations=314 runtime: 116129us
CD: iterations=315 runtime: 116549us
CD: iterations=316 runtime: 117539us
CD: iterations=317 runtime: 117942us
CD: iterations=318 runtime: 117167us
CD: iterations=319 runtime: 117017us
CD: iterations=320 runtime: 117067us
CD: iterations=321 runtime: 116750us
CD: iterations=322 runtime: 116580us
CD: iterations=323 runtime: 116956us
CD: iterations=324 runtime: 116469us
CD: iterations=325 runtime: 115748us
CD: iterations=326 runtime: 116125us
CD: iterations=327 runtime: 116503us
CD: iterations=328 runtime: 115981us
CD: iterations=329 runtime: 116129us
CD: iterations=330 runtime: 116654us
CD: iterations=331 runtime: 116765us
CD: iterations=332 runtime: 116494us
CD: iterations=333 runtime: 116595us
CD: iterations=334 runtime: 117296us
CD: iterations=335 runtime: 117516us
CD: iterations=336 runtime: 116588us
CD: iterations=337 runtime: 116699us
CD: iterations=338 runtime: 116594us
CD: iterations=339 runtime: 116487us
CD: iterations=340 runtime: 116370us
CD: iterations=341 runtime: 116900us
CD: iterations=342 runtime: 117053us
CD: iterations=343 runtime: 116469us
CD: iterations=344 runtime: 116498us
CD: iterations=345 runtime: 116971us
CD: iterations=346 runtime: 117287us
CD: iterations=347 runtime: 116493us
CD: iterations=348 runtime: 116666us
CD: iterations=349 runtime: 116807us
CD: iterations=350 runtime: 116442us
CD: iterations=351 runtime: 116476us
CD: iterations=352 runtime: 116492us
CD: iterations=353 runtime: 117057us
CD: iterations=354 runtime: 116634us
CD: iterations=355 runtime: 116807us
CD: iterations=356 runtime: 116691us
CD: iterations=357 runtime: 116816us
CD: iterations=358 runtime: 116512us
CD: iterations=359 runtime: 117448us
CD: iterations=360 runtime: 118225us
CD: iterations=361 runtime: 118266us
CD: iterations=362 runtime: 116481us
CD: iterations=363 runtime: 116724us
CD: iterations=364 runtime: 117235us
CD: iterations=365 runtime: 116597us
CD: iterations=366 runtime: 116159us
CD: iterations=367 runtime: 116967us
Could not locate BlockSlowdown.json
Skipping Loading (this might cause a fatal crash if GTSlowdown is on)
CD: iterations=368 runtime: 117600us
CD: iterations=369 runtime: 116539us
CD: iterations=370 runtime: 116583us
CD: iterations=371 runtime: 116798us
CD: iterations=372 runtime: 117443us
CD: iterations=373 runtime: 116556us
CD: iterations=374 runtime: 117652us
CD: iterations=375 runtime: 117188us
CD: iterations=376 runtime: 116193us
CD: iterations=377 runtime: 116508us
CD: iterations=378 runtime: 117097us
CD: iterations=379 runtime: 117091us
CD: iterations=380 runtime: 116162us
CD: iterations=381 runtime: 116714us
CD: iterations=382 runtime: 117020us
CD: iterations=383 runtime: 117463us
CD: iterations=384 runtime: 116592us
CD: iterations=385 runtime: 116796us
CD: iterations=386 runtime: 117067us
CD: iterations=387 runtime: 116806us
CD: iterations=388 runtime: 116306us
CD: iterations=389 runtime: 116403us
CD: iterations=390 runtime: 117118us
CD: iterations=391 runtime: 116744us
CD: iterations=392 runtime: 116252us
CD: iterations=393 runtime: 117064us
CD: iterations=394 runtime: 117367us
CD: iterations=395 runtime: 116333us
CD: iterations=396 runtime: 116265us
CD: iterations=397 runtime: 116794us
CD: iterations=398 runtime: 117210us
CD: iterations=399 runtime: 116371us
CD: iterations=400 runtime: 116542us
CD: iterations=401 runtime: 117071us
CD: iterations=402 runtime: 117321us
CD: iterations=403 runtime: 117411us
CD: iterations=404 runtime: 117061us
CD: iterations=405 runtime: 116802us
CD: iterations=406 runtime: 116779us
CD: iterations=407 runtime: 116069us
CD: iterations=408 runtime: 116570us
CD: iterations=409 runtime: 116962us
CD: iterations=410 runtime: 116322us
CD: iterations=411 runtime: 116675us
CD: iterations=412 runtime: 117222us
CD: iterations=413 runtime: 116696us
CD: iterations=414 runtime: 116453us
CD: iterations=415 runtime: 116387us
CD: iterations=416 runtime: 116573us
CD: iterations=417 runtime: 116651us
CD: iterations=418 runtime: 116152us
CD: iterations=419 runtime: 116826us
CD: iterations=420 runtime: 116901us
CD: iterations=421 runtime: 116409us
CD: iterations=422 runtime: 116699us
CD: iterations=423 runtime: 116748us
CD: iterations=424 runtime: 116422us
CD: iterations=425 runtime: 115819us
CD: iterations=426 runtime: 116657us
CD: iterations=427 runtime: 116815us
CD: iterations=428 runtime: 116594us
CD: iterations=429 runtime: 116719us
CD: iterations=430 runtime: 117062us
CD: iterations=431 runtime: 117401us
CD: iterations=432 runtime: 116585us
CD: iterations=433 runtime: 116569us
CD: iterations=434 runtime: 116980us
CD: iterations=435 runtime: 117373us
CD: iterations=436 runtime: 116432us
CD: iterations=437 runtime: 116268us
CD: iterations=438 runtime: 116959us
CD: iterations=439 runtime: 116601us
CD: iterations=440 runtime: 115874us
CD: iterations=441 runtime: 117062us
CD: iterations=442 runtime: 117203us
CD: iterations=443 runtime: 116359us
CD: iterations=444 runtime: 116586us
CD: iterations=445 runtime: 118837us
CD: iterations=446 runtime: 119200us
CD: iterations=447 runtime: 116637us
CD: iterations=448 runtime: 116719us
CD: iterations=449 runtime: 117587us
CD: iterations=450 runtime: 116713us
CD: iterations=451 runtime: 116932us
CD: iterations=452 runtime: 117123us
CD: iterations=453 runtime: 117602us
CD: iterations=454 runtime: 116948us
CD: iterations=455 runtime: 116754us
CD: iterations=456 runtime: 117233us
CD: iterations=457 runtime: 117573us
CD: iterations=458 runtime: 116985us
CD: iterations=459 runtime: 116713us
CD: iterations=460 runtime: 117398us
CD: iterations=461 runtime: 117813us
CD: iterations=462 runtime: 124197us
CD: iterations=463 runtime: 124480us
CD: iterations=464 runtime: 117194us
CD: iterations=465 runtime: 116504us
CD: iterations=466 runtime: 116494us
CD: iterations=467 runtime: 116772us
CD: iterations=468 runtime: 117154us
CD: iterations=469 runtime: 116088us
CD: iterations=470 runtime: 116104us
CD: iterations=471 runtime: 116544us
CD: iterations=472 runtime: 116576us
CD: iterations=473 runtime: 116296us
CD: iterations=474 runtime: 116411us
CD: iterations=475 runtime: 116732us
CD: iterations=476 runtime: 116731us
CD: iterations=477 runtime: 116264us
CD: iterations=478 runtime: 116553us
CD: iterations=479 runtime: 116711us
CD: iterations=480 runtime: 116448us
CD: iterations=481 runtime: 116595us
CD: iterations=482 runtime: 116956us
CD: iterations=483 runtime: 117013us
CD: iterations=484 runtime: 116262us
CD: iterations=485 runtime: 117000us
CD: iterations=486 runtime: 116844us
CD: iterations=487 runtime: 118164us
CD: iterations=488 runtime: 118020us
CD: iterations=489 runtime: 117635us
CD: iterations=490 runtime: 117778us
CD: iterations=491 runtime: 116601us
CD: iterations=492 runtime: 117447us
CD: iterations=493 runtime: 117200us
CD: iterations=494 runtime: 117822us
CD: iterations=495 runtime: 117013us
CD: iterations=496 runtime: 116945us
CD: iterations=497 runtime: 117499us
CD: iterations=498 runtime: 117716us
CD: iterations=499 runtime: 116925us
CD: iterations=500 runtime: 117252us
Could not locate BlockSlowdown.json
Skipping Loading (this might cause a fatal crash if GTSlowdown is on)
CD: iterations=500 average: 117949us total: 58974934us


Total Runtime: 58974934us
Bubo.RDTSC.Harness.main Total RDTSC cycles: 195616808712
