Could not locate BlockSlowdown.json
Skipping Loading (this might cause a fatal crash if GTSlowdown is on)
Could not locate BlockSlowdown.json
Skipping Loading (this might cause a fatal crash if GTSlowdown is on)
Starting Json benchmark ...
Json: iterations=1 runtime: 405187us
Json: iterations=2 runtime: 83539us
Json: iterations=3 runtime: 97722us
Json: iterations=4 runtime: 79111us
Json: iterations=5 runtime: 82268us
Json: iterations=6 runtime: 79131us
Json: iterations=7 runtime: 78931us
Json: iterations=8 runtime: 78947us
Json: iterations=9 runtime: 78981us
Json: iterations=10 runtime: 81641us
Json: iterations=11 runtime: 78943us
Json: iterations=12 runtime: 79972us
Json: iterations=13 runtime: 78916us
Json: iterations=14 runtime: 78933us
Json: iterations=15 runtime: 78908us
Json: iterations=16 runtime: 77651us
Json: iterations=17 runtime: 80436us
Json: iterations=18 runtime: 78684us
Json: iterations=19 runtime: 78470us
Json: iterations=20 runtime: 79017us
Json: iterations=21 runtime: 78596us
Json: iterations=22 runtime: 78465us
Json: iterations=23 runtime: 108912us
Json: iterations=24 runtime: 78371us
Json: iterations=25 runtime: 77519us
Json: iterations=26 runtime: 78271us
Json: iterations=27 runtime: 78098us
Json: iterations=28 runtime: 78204us
Json: iterations=29 runtime: 77993us
Json: iterations=30 runtime: 77547us
Json: iterations=31 runtime: 77996us
Json: iterations=32 runtime: 80662us
Json: iterations=33 runtime: 77944us
Json: iterations=34 runtime: 77435us
Json: iterations=35 runtime: 78098us
Json: iterations=36 runtime: 77867us
Json: iterations=37 runtime: 77921us
Json: iterations=38 runtime: 77949us
Json: iterations=39 runtime: 77387us
Json: iterations=40 runtime: 77927us
Json: iterations=41 runtime: 77968us
Json: iterations=42 runtime: 78024us
Json: iterations=43 runtime: 77392us
Json: iterations=44 runtime: 78053us
Json: iterations=45 runtime: 77893us
Json: iterations=46 runtime: 78020us
Json: iterations=47 runtime: 78441us
Json: iterations=48 runtime: 77432us
Json: iterations=49 runtime: 78056us
Json: iterations=50 runtime: 77950us
Json: iterations=51 runtime: 77988us
Json: iterations=52 runtime: 77935us
Json: iterations=53 runtime: 77389us
Json: iterations=54 runtime: 77830us
Json: iterations=55 runtime: 77961us
Json: iterations=56 runtime: 77910us
Json: iterations=57 runtime: 77372us
Json: iterations=58 runtime: 77923us
Json: iterations=59 runtime: 78002us
Json: iterations=60 runtime: 77877us
Json: iterations=61 runtime: 77995us
Json: iterations=62 runtime: 77428us
Json: iterations=63 runtime: 77873us
Json: iterations=64 runtime: 77995us
Json: iterations=65 runtime: 77852us
Json: iterations=66 runtime: 77384us
Json: iterations=67 runtime: 77896us
Could not locate BlockSlowdown.json
Skipping Loading (this might cause a fatal crash if GTSlowdown is on)
Json: iterations=68 runtime: 130269us
Json: iterations=69 runtime: 78306us
Json: iterations=70 runtime: 77659us
Json: iterations=71 runtime: 77494us
Json: iterations=72 runtime: 77895us
Json: iterations=73 runtime: 77737us
Json: iterations=74 runtime: 78002us
Json: iterations=75 runtime: 77837us
Json: iterations=76 runtime: 77396us
Json: iterations=77 runtime: 77935us
Json: iterations=78 runtime: 77843us
Json: iterations=79 runtime: 77801us
Json: iterations=80 runtime: 78613us
Json: iterations=81 runtime: 95192us
Json: iterations=82 runtime: 78441us
Json: iterations=83 runtime: 78230us
Json: iterations=84 runtime: 78164us
Json: iterations=85 runtime: 77352us
Json: iterations=86 runtime: 77910us
Json: iterations=87 runtime: 77816us
Json: iterations=88 runtime: 78053us
Json: iterations=89 runtime: 77359us
Json: iterations=90 runtime: 78105us
Could not locate BlockSlowdown.json
Skipping Loading (this might cause a fatal crash if GTSlowdown is on)
Json: iterations=91 runtime: 77993us
Json: iterations=92 runtime: 78095us
Json: iterations=93 runtime: 77950us
Json: iterations=94 runtime: 77353us
Json: iterations=95 runtime: 77893us
Json: iterations=96 runtime: 77826us
Json: iterations=97 runtime: 77944us
Json: iterations=98 runtime: 77404us
Json: iterations=99 runtime: 77986us
Json: iterations=100 runtime: 77881us
Json: iterations=101 runtime: 78230us
Json: iterations=102 runtime: 77942us
Json: iterations=103 runtime: 77363us
Json: iterations=104 runtime: 78027us
Json: iterations=105 runtime: 78135us
Json: iterations=106 runtime: 78118us
Json: iterations=107 runtime: 77950us
Json: iterations=108 runtime: 77514us
Json: iterations=109 runtime: 78054us
Json: iterations=110 runtime: 77956us
Json: iterations=111 runtime: 77924us
Json: iterations=112 runtime: 77385us
Json: iterations=113 runtime: 77845us
Json: iterations=114 runtime: 77880us
Json: iterations=115 runtime: 78068us
Json: iterations=116 runtime: 78216us
Json: iterations=117 runtime: 77375us
Json: iterations=118 runtime: 78029us
Json: iterations=119 runtime: 77849us
Json: iterations=120 runtime: 77876us
Json: iterations=121 runtime: 77323us
Json: iterations=122 runtime: 77947us
Json: iterations=123 runtime: 78162us
Json: iterations=124 runtime: 77954us
Json: iterations=125 runtime: 77871us
Json: iterations=126 runtime: 77395us
Could not locate BlockSlowdown.json
Skipping Loading (this might cause a fatal crash if GTSlowdown is on)
Json: iterations=127 runtime: 77854us
Json: iterations=128 runtime: 78268us
Json: iterations=129 runtime: 78140us
Json: iterations=130 runtime: 78102us
Json: iterations=131 runtime: 77508us
Json: iterations=132 runtime: 77928us
Json: iterations=133 runtime: 78166us
Json: iterations=134 runtime: 78260us
Json: iterations=135 runtime: 77414us
Json: iterations=136 runtime: 83162us
Json: iterations=137 runtime: 78185us
Json: iterations=138 runtime: 77800us
Json: iterations=139 runtime: 77908us
Json: iterations=140 runtime: 77352us
Json: iterations=141 runtime: 77826us
Json: iterations=142 runtime: 77989us
Json: iterations=143 runtime: 77828us
Json: iterations=144 runtime: 77582us
Json: iterations=145 runtime: 78216us
Json: iterations=146 runtime: 78515us
Json: iterations=147 runtime: 78119us
Json: iterations=148 runtime: 77845us
Json: iterations=149 runtime: 77259us
Json: iterations=150 runtime: 77943us
Json: iterations=151 runtime: 77940us
Json: iterations=152 runtime: 77978us
Json: iterations=153 runtime: 77426us
Json: iterations=154 runtime: 77776us
Json: iterations=155 runtime: 77904us
Json: iterations=156 runtime: 78011us
Json: iterations=157 runtime: 77902us
Json: iterations=158 runtime: 77434us
Json: iterations=159 runtime: 77811us
Json: iterations=160 runtime: 77822us
Json: iterations=161 runtime: 77887us
Json: iterations=162 runtime: 77823us
Json: iterations=163 runtime: 77407us
Json: iterations=164 runtime: 77838us
Json: iterations=165 runtime: 77773us
Json: iterations=166 runtime: 78030us
Json: iterations=167 runtime: 77454us
Json: iterations=168 runtime: 77821us
Json: iterations=169 runtime: 78095us
Json: iterations=170 runtime: 78047us
Json: iterations=171 runtime: 77860us
Json: iterations=172 runtime: 77464us
Json: iterations=173 runtime: 77857us
Json: iterations=174 runtime: 77864us
Json: iterations=175 runtime: 77880us
Json: iterations=176 runtime: 77381us
Json: iterations=177 runtime: 77933us
Json: iterations=178 runtime: 77850us
Json: iterations=179 runtime: 77817us
Json: iterations=180 runtime: 77798us
Json: iterations=181 runtime: 77379us
Json: iterations=182 runtime: 77881us
Json: iterations=183 runtime: 77879us
Json: iterations=184 runtime: 77873us
Json: iterations=185 runtime: 78089us
Json: iterations=186 runtime: 77437us
Json: iterations=187 runtime: 77880us
Json: iterations=188 runtime: 77906us
Json: iterations=189 runtime: 77878us
Json: iterations=190 runtime: 77367us
Json: iterations=191 runtime: 77950us
Json: iterations=192 runtime: 77876us
Json: iterations=193 runtime: 77826us
Json: iterations=194 runtime: 77777us
Json: iterations=195 runtime: 77397us
Json: iterations=196 runtime: 77986us
Json: iterations=197 runtime: 77997us
Json: iterations=198 runtime: 77905us
Json: iterations=199 runtime: 77405us
Json: iterations=200 runtime: 77873us
Json: iterations=201 runtime: 77966us
Json: iterations=202 runtime: 77905us
Json: iterations=203 runtime: 77803us
Json: iterations=204 runtime: 77407us
Could not locate BlockSlowdown.json
Skipping Loading (this might cause a fatal crash if GTSlowdown is on)
Json: iterations=205 runtime: 168118us
Json: iterations=206 runtime: 77980us
Json: iterations=207 runtime: 77965us
Json: iterations=208 runtime: 77605us
Json: iterations=209 runtime: 78097us
Json: iterations=210 runtime: 78120us
Json: iterations=211 runtime: 78159us
Json: iterations=212 runtime: 77826us
Json: iterations=213 runtime: 77431us
Json: iterations=214 runtime: 78045us
Json: iterations=215 runtime: 77895us
Json: iterations=216 runtime: 77992us
Json: iterations=217 runtime: 77717us
Json: iterations=218 runtime: 77499us
Json: iterations=219 runtime: 77848us
Json: iterations=220 runtime: 77751us
Json: iterations=221 runtime: 77716us
Json: iterations=222 runtime: 77370us
Json: iterations=223 runtime: 77856us
Json: iterations=224 runtime: 77976us
Json: iterations=225 runtime: 77837us
Json: iterations=226 runtime: 77896us
Json: iterations=227 runtime: 77331us
Json: iterations=228 runtime: 77866us
Json: iterations=229 runtime: 77785us
Json: iterations=230 runtime: 77774us
Json: iterations=231 runtime: 77375us
Json: iterations=232 runtime: 77815us
Json: iterations=233 runtime: 77830us
Json: iterations=234 runtime: 77751us
Json: iterations=235 runtime: 77839us
Json: iterations=236 runtime: 77331us
Json: iterations=237 runtime: 77869us
Json: iterations=238 runtime: 77915us
Json: iterations=239 runtime: 77805us
Json: iterations=240 runtime: 77897us
Json: iterations=241 runtime: 77340us
Json: iterations=242 runtime: 77997us
Json: iterations=243 runtime: 77760us
Json: iterations=244 runtime: 77856us
Json: iterations=245 runtime: 77351us
Json: iterations=246 runtime: 77784us
Json: iterations=247 runtime: 77723us
Json: iterations=248 runtime: 77806us
Json: iterations=249 runtime: 77915us
Json: iterations=250 runtime: 77340us
Json: iterations=251 runtime: 77869us
Json: iterations=252 runtime: 77786us
Json: iterations=253 runtime: 77827us
Json: iterations=254 runtime: 77338us
Json: iterations=255 runtime: 77815us
Json: iterations=256 runtime: 77845us
Json: iterations=257 runtime: 78045us
Json: iterations=258 runtime: 77745us
Json: iterations=259 runtime: 77304us
Json: iterations=260 runtime: 77927us
Json: iterations=261 runtime: 77746us
Json: iterations=262 runtime: 77764us
Json: iterations=263 runtime: 77937us
Json: iterations=264 runtime: 77413us
Json: iterations=265 runtime: 77963us
Json: iterations=266 runtime: 77759us
Json: iterations=267 runtime: 78009us
Json: iterations=268 runtime: 77367us
Json: iterations=269 runtime: 77799us
Json: iterations=270 runtime: 77769us
Json: iterations=271 runtime: 78155us
Json: iterations=272 runtime: 78114us
Json: iterations=273 runtime: 77318us
Json: iterations=274 runtime: 78090us
Json: iterations=275 runtime: 78045us
Json: iterations=276 runtime: 77911us
Json: iterations=277 runtime: 77420us
Json: iterations=278 runtime: 77968us
Json: iterations=279 runtime: 77955us
Json: iterations=280 runtime: 77854us
Json: iterations=281 runtime: 77783us
Json: iterations=282 runtime: 77405us
Json: iterations=283 runtime: 77731us
Json: iterations=284 runtime: 77959us
Json: iterations=285 runtime: 77965us
Json: iterations=286 runtime: 77426us
Json: iterations=287 runtime: 77755us
Json: iterations=288 runtime: 77809us
Json: iterations=289 runtime: 77756us
Json: iterations=290 runtime: 78055us
Json: iterations=291 runtime: 77341us
Json: iterations=292 runtime: 77858us
Json: iterations=293 runtime: 77812us
Json: iterations=294 runtime: 77916us
Json: iterations=295 runtime: 77759us
Json: iterations=296 runtime: 77495us
Json: iterations=297 runtime: 77902us
Json: iterations=298 runtime: 77811us
Json: iterations=299 runtime: 77820us
Json: iterations=300 runtime: 77434us
Json: iterations=301 runtime: 77740us
Json: iterations=302 runtime: 77854us
Json: iterations=303 runtime: 77814us
Json: iterations=304 runtime: 77917us
Json: iterations=305 runtime: 77424us
Json: iterations=306 runtime: 77855us
Json: iterations=307 runtime: 77843us
Json: iterations=308 runtime: 77882us
Json: iterations=309 runtime: 77363us
Json: iterations=310 runtime: 77793us
Json: iterations=311 runtime: 77811us
Json: iterations=312 runtime: 77751us
Json: iterations=313 runtime: 77758us
Json: iterations=314 runtime: 77391us
Json: iterations=315 runtime: 77750us
Json: iterations=316 runtime: 77760us
Json: iterations=317 runtime: 78066us
Json: iterations=318 runtime: 77782us
Json: iterations=319 runtime: 77412us
Json: iterations=320 runtime: 77807us
Json: iterations=321 runtime: 77819us
Json: iterations=322 runtime: 77762us
Json: iterations=323 runtime: 77330us
Json: iterations=324 runtime: 77991us
Json: iterations=325 runtime: 77904us
Json: iterations=326 runtime: 77759us
Json: iterations=327 runtime: 77784us
Json: iterations=328 runtime: 77392us
Json: iterations=329 runtime: 77797us
Json: iterations=330 runtime: 77838us
Json: iterations=331 runtime: 77862us
Json: iterations=332 runtime: 77407us
Json: iterations=333 runtime: 77960us
Json: iterations=334 runtime: 77853us
Json: iterations=335 runtime: 78026us
Json: iterations=336 runtime: 78169us
Json: iterations=337 runtime: 77241us
Json: iterations=338 runtime: 78072us
Json: iterations=339 runtime: 78030us
Json: iterations=340 runtime: 78455us
Json: iterations=341 runtime: 77821us
Json: iterations=342 runtime: 78497us
Json: iterations=343 runtime: 78431us
Json: iterations=344 runtime: 78329us
Json: iterations=345 runtime: 78685us
Json: iterations=346 runtime: 77785us
Json: iterations=347 runtime: 77857us
Json: iterations=348 runtime: 77771us
Json: iterations=349 runtime: 77665us
Json: iterations=350 runtime: 77677us
Json: iterations=351 runtime: 77137us
Json: iterations=352 runtime: 77932us
Json: iterations=353 runtime: 77618us
Json: iterations=354 runtime: 77659us
Json: iterations=355 runtime: 77223us
Json: iterations=356 runtime: 78382us
Json: iterations=357 runtime: 78230us
Json: iterations=358 runtime: 78351us
Json: iterations=359 runtime: 78341us
Json: iterations=360 runtime: 77746us
Json: iterations=361 runtime: 78448us
Json: iterations=362 runtime: 78452us
Json: iterations=363 runtime: 78560us
Json: iterations=364 runtime: 77213us
Json: iterations=365 runtime: 77711us
Json: iterations=366 runtime: 77993us
Json: iterations=367 runtime: 77715us
Json: iterations=368 runtime: 77835us
Json: iterations=369 runtime: 77797us
Json: iterations=370 runtime: 78404us
Json: iterations=371 runtime: 78529us
Json: iterations=372 runtime: 78336us
Json: iterations=373 runtime: 78255us
Json: iterations=374 runtime: 77778us
Json: iterations=375 runtime: 78398us
Json: iterations=376 runtime: 78297us
Json: iterations=377 runtime: 78395us
Json: iterations=378 runtime: 77759us
Json: iterations=379 runtime: 78323us
Json: iterations=380 runtime: 78504us
Json: iterations=381 runtime: 78393us
Json: iterations=382 runtime: 78237us
Json: iterations=383 runtime: 77951us
Json: iterations=384 runtime: 78231us
Json: iterations=385 runtime: 78508us
Json: iterations=386 runtime: 78725us
Json: iterations=387 runtime: 77817us
Json: iterations=388 runtime: 78567us
Json: iterations=389 runtime: 78463us
Json: iterations=390 runtime: 78354us
Json: iterations=391 runtime: 78344us
Json: iterations=392 runtime: 77772us
Json: iterations=393 runtime: 78381us
Json: iterations=394 runtime: 77790us
Json: iterations=395 runtime: 77863us
Json: iterations=396 runtime: 77244us
Json: iterations=397 runtime: 77779us
Json: iterations=398 runtime: 77878us
Json: iterations=399 runtime: 78204us
Json: iterations=400 runtime: 79311us
Json: iterations=401 runtime: 77423us
Json: iterations=402 runtime: 78365us
Json: iterations=403 runtime: 78067us
Json: iterations=404 runtime: 77851us
Json: iterations=405 runtime: 77994us
Json: iterations=406 runtime: 77362us
Json: iterations=407 runtime: 77915us
Json: iterations=408 runtime: 77846us
Json: iterations=409 runtime: 77742us
Json: iterations=410 runtime: 77248us
Json: iterations=411 runtime: 77725us
Json: iterations=412 runtime: 78138us
Json: iterations=413 runtime: 77922us
Json: iterations=414 runtime: 77822us
Json: iterations=415 runtime: 77272us
Json: iterations=416 runtime: 77875us
Json: iterations=417 runtime: 77981us
Json: iterations=418 runtime: 77782us
Json: iterations=419 runtime: 77311us
Json: iterations=420 runtime: 77942us
Json: iterations=421 runtime: 77827us
Json: iterations=422 runtime: 77938us
Json: iterations=423 runtime: 77645us
Json: iterations=424 runtime: 77347us
Json: iterations=425 runtime: 77969us
Json: iterations=426 runtime: 77689us
Json: iterations=427 runtime: 77699us
Json: iterations=428 runtime: 81119us
Json: iterations=429 runtime: 83022us
Could not locate BlockSlowdown.json
Skipping Loading (this might cause a fatal crash if GTSlowdown is on)
Json: iterations=430 runtime: 78402us
Json: iterations=431 runtime: 78079us
Json: iterations=432 runtime: 77803us
Json: iterations=433 runtime: 77138us
Json: iterations=434 runtime: 77652us
Json: iterations=435 runtime: 77926us
Json: iterations=436 runtime: 77608us
Json: iterations=437 runtime: 77677us
Json: iterations=438 runtime: 77133us
Json: iterations=439 runtime: 77935us
Json: iterations=440 runtime: 78025us
Json: iterations=441 runtime: 77822us
Json: iterations=442 runtime: 77162us
Json: iterations=443 runtime: 77794us
Json: iterations=444 runtime: 77717us
Json: iterations=445 runtime: 77658us
Json: iterations=446 runtime: 77650us
Json: iterations=447 runtime: 77301us
Json: iterations=448 runtime: 77723us
Json: iterations=449 runtime: 77663us
Json: iterations=450 runtime: 77595us
Json: iterations=451 runtime: 77097us
Json: iterations=452 runtime: 77557us
Json: iterations=453 runtime: 77882us
Json: iterations=454 runtime: 77723us
Json: iterations=455 runtime: 78014us
Json: iterations=456 runtime: 77128us
Json: iterations=457 runtime: 77828us
Json: iterations=458 runtime: 77849us
Json: iterations=459 runtime: 77730us
Json: iterations=460 runtime: 77771us
Json: iterations=461 runtime: 77216us
Json: iterations=462 runtime: 77535us
Json: iterations=463 runtime: 77817us
Json: iterations=464 runtime: 77956us
Json: iterations=465 runtime: 77217us
Json: iterations=466 runtime: 78319us
Json: iterations=467 runtime: 78262us
Json: iterations=468 runtime: 78231us
Json: iterations=469 runtime: 78009us
Json: iterations=470 runtime: 77149us
Json: iterations=471 runtime: 77903us
Json: iterations=472 runtime: 77991us
Json: iterations=473 runtime: 77959us
Json: iterations=474 runtime: 77171us
Json: iterations=475 runtime: 78106us
Json: iterations=476 runtime: 78132us
Json: iterations=477 runtime: 78063us
Json: iterations=478 runtime: 77983us
Json: iterations=479 runtime: 77221us
Json: iterations=480 runtime: 78172us
Json: iterations=481 runtime: 78150us
Json: iterations=482 runtime: 77990us
Json: iterations=483 runtime: 77794us
Json: iterations=484 runtime: 77245us
Json: iterations=485 runtime: 77871us
Json: iterations=486 runtime: 78017us
Json: iterations=487 runtime: 77970us
Json: iterations=488 runtime: 77218us
Json: iterations=489 runtime: 77706us
Json: iterations=490 runtime: 77845us
Json: iterations=491 runtime: 77860us
Json: iterations=492 runtime: 77911us
Json: iterations=493 runtime: 77185us
Json: iterations=494 runtime: 78078us
Json: iterations=495 runtime: 77834us
Json: iterations=496 runtime: 77948us
Json: iterations=497 runtime: 77213us
Json: iterations=498 runtime: 78020us
Json: iterations=499 runtime: 77742us
Json: iterations=500 runtime: 77611us
Could not locate BlockSlowdown.json
Skipping Loading (this might cause a fatal crash if GTSlowdown is on)
Json: iterations=500 average: 79013us total: 39506983us


Total Runtime: 39506983us
Bubo.RDTSC.Harness.main Total RDTSC cycles: 131121343046
Comp 52 (java.util.ImmutableCollections$SetN$SetNIterator.next()) loops:
Found Encoding : 0:-1
└── Loop 0
  loop 0 Cycles: 237134 || Activation Count:4234| LoopCallCount: 0 |  Source: -at java.util.ImmutableCollections$SetN$SetNIterator.next(ImmutableCollections.java:1213) [bci: 21] | -at java.util.ImmutableCollections$SetN$SetNIterator.next(ImmutableCollections.java:1223) [bci: 65]
Comp 57 (java.util.HashMap.putVal(int,) loops:
Found Encoding : 0:-1
└── Loop 0
  loop 0 Cycles: 6438 || Activation Count:162| LoopCallCount: 0 |  Source: -at java.util.HashMap.putVal(HashMap.java:648) [bci: 134] | -at java.util.HashMap.putVal(HashMap.java:649) [bci: 145]
Comp 58 (java.lang.String.equals(Object)) loops:
Found Encoding : 0:-1
└── Loop 0
  loop 0 Cycles: 3574 || Activation Count:49| LoopCallCount: 0 |  Source: -at java.lang.StringLatin1.equals(StringLatin1.java:100) [bci: 9]
-at java.lang.String.equals(String.java:1926) [bci: 44] | -at java.lang.StringLatin1.equals(StringLatin1.java:105) [bci: 32]
-at java.lang.String.equals(String.java:1926) [bci: 44]
Comp 75 (java.util.HashMap.resize()) loops:
Found Encoding : 2:-1,0:-1,1:0
├── Loop 2
└── Loop 0
    └── Loop 1
  loop 0 Cycles: 27218 || Activation Count:9| LoopCallCount: 0 |  Source: -at java.util.HashMap.resize(HashMap.java:714) [bci: 151] | -at java.util.HashMap.resize(HashMap.java:755) [bci: 353]
  loop 1 Cycles: 7498 || Activation Count:80| LoopCallCount: 0 |  Source: -at java.util.HashMap.resize(HashMap.java:727) [bci: 235] | -at java.util.HashMap.resize(HashMap.java:743) [bci: 309]
  loop 2 Cycles: 13804 || Activation Count:246| LoopCallCount: 0 |  Source: -at jdk.graal.compiler.hotspot.replacements.HotSpotAllocationSnippets.allocateArray(KlassPointer, int, int, int, AllocationSnippets$FillContent, int, boolean, boolean, boolean, boolean, HotSpotAllocationSnippets$HotSpotAllocationProfilingData, boolea
Comp 84 (jdk.internal.util.ArraysSupport.unsignedHashCode(int,) loops:
Found Encoding : 0:-1,1:-1,2:-1
├── Loop 0
├── Loop 1
└── Loop 2
  loop 0 Cycles: 502 || Activation Count:1| LoopCallCount: 0 |  Source: -at jdk.internal.util.ArraysSupport.unsignedHashCode(ArraysSupport.java:378) [bci: 8] | -at jdk.internal.util.ArraysSupport.unsignedHashCode(ArraysSupport.java:381) [bci: 34]
  loop 1 Cycles: 96 || Activation Count:1| LoopCallCount: 0 |  Source: Source Missing | -at jdk.internal.util.ArraysSupport.unsignedHashCode(ArraysSupport.java:381) [bci: 34]
  loop 2 Cycles: 88 || Activation Count:1| LoopCallCount: 0 |  Source: Source Missing | -at jdk.internal.util.ArraysSupport.unsignedHashCode(ArraysSupport.java:381) [bci: 34]
Comp 85 (jdk.internal.util.ArraysSupport.unsignedHashCode(int,-Re-Comp) loops:
Found Encoding : 0:-1,1:-1,2:-1
├── Loop 0
├── Loop 1
└── Loop 2
  loop 0 Cycles: 72422 || Activation Count:1643| LoopCallCount: 0 |  Source: -at jdk.internal.util.ArraysSupport.unsignedHashCode(ArraysSupport.java:378) [bci: 8] | -at jdk.internal.util.ArraysSupport.unsignedHashCode(ArraysSupport.java:381) [bci: 34]
  loop 1 Cycles: 104440 || Activation Count:1643| LoopCallCount: 0 |  Source: Source Missing | -at jdk.internal.util.ArraysSupport.unsignedHashCode(ArraysSupport.java:381) [bci: 34]
  loop 2 Cycles: 92868 || Activation Count:1643| LoopCallCount: 0 |  Source: Source Missing | -at jdk.internal.util.ArraysSupport.unsignedHashCode(ArraysSupport.java:381) [bci: 34]
Comp 87 (java.lang.StringCoding.countPositives(byte[],) loops:
Found Encoding : 0:-1
└── Loop 0
  loop 0 Cycles: 382 || Activation Count:1| LoopCallCount: 0 |  Source: -at java.lang.StringCoding.countPositives(StringCoding.java:92) [bci: 7] | -at java.lang.StringCoding.countPositives(StringCoding.java:97) [bci: 31]
Comp 88 (java.lang.StringCoding.countPositives(byte[],-Re-Comp) loops:
Found Encoding : 0:-1
└── Loop 0
  loop 0 Cycles: 12250 || Activation Count:84| LoopCallCount: 0 |  Source: -at java.lang.StringCoding.countPositives(StringCoding.java:92) [bci: 7] | -at java.lang.StringCoding.countPositives(StringCoding.java:97) [bci: 31]
Comp 138 (java.lang.StringLatin1.equals(byte[],) loops:
Found Encoding : 0:-1
└── Loop 0
  loop 0 Cycles: 228304 || Activation Count:4137| LoopCallCount: 0 |  Source: -at java.lang.StringLatin1.equals(StringLatin1.java:100) [bci: 9] | -at java.lang.StringLatin1.equals(StringLatin1.java:105) [bci: 32]
Comp 140 (java.util.Properties$LineReader.readLine()) loops:
Found Encoding : 5:-1,3:-1,4:3,0:-1,1:0,2:1
├── Loop 5
├── Loop 3
│   └── Loop 4
└── Loop 0
    └── Loop 1
        └── Loop 2
  loop 1 Cycles: 231466 || Activation Count:90| LoopCallCount: 1 |  Source: -at java.util.Properties$LineReader.readLine(Properties.java:538) [bci: 219] | -at java.util.Properties$LineReader.readLine(Properties.java:543) [bci: 259]
  loop 2 Cycles: 12094 || Activation Count:91| LoopCallCount: 0 |  Source: -at java.util.Properties$LineReader.readLine(Properties.java:540) [bci: 224] | -at java.util.Properties$LineReader.readLine(Properties.java:543) [bci: 259]
  loop 5 Cycles: 730 || Activation Count:1| LoopCallCount: 0 |  Source: -at java.util.Properties$LineReader.readLine(Properties.java:540) [bci: 224] | -at java.util.Properties$LineReader.readLine(Properties.java:543) [bci: 259]
Comp 141 (java.util.Properties$LineReader.readLine()-Re-Comp) loops:
Found Encoding : 0:-1,1:0,2:1
└── Loop 0
    └── Loop 1
        └── Loop 2
  loop 1 Cycles: 3456 || Activation Count:14| LoopCallCount: 1 |  Source: -at java.util.Properties$LineReader.readLine(Properties.java:538) [bci: 219] | -at java.util.Properties$LineReader.readLine(Properties.java:543) [bci: 259]
  loop 2 Cycles: 1770 || Activation Count:14| LoopCallCount: 0 |  Source: -at java.util.Properties$LineReader.readLine(Properties.java:540) [bci: 224] | -at java.util.Properties$LineReader.readLine(Properties.java:545) [bci: 262]
Comp 142 (java.util.Properties$LineReader.readLine()-Re-Comp) loops:
Found Encoding : 5:-1,3:-1,4:3,0:-1,1:0,2:1
├── Loop 5
├── Loop 3
│   └── Loop 4
└── Loop 0
    └── Loop 1
        └── Loop 2
  loop 0 Cycles: 38330 || Activation Count:1| LoopCallCount: 2 |  Source: -at java.util.Properties$LineReader.readLine(Properties.java:504) [bci: 53] | -at java.util.Properties$LineReader.readLine(Properties.java:615) [bci: 577]
  loop 1 Cycles: 27216 || Activation Count:131| LoopCallCount: 1 |  Source: -at java.util.Properties$LineReader.readLine(Properties.java:538) [bci: 219] | -at java.util.Properties$LineReader.readLine(Properties.java:543) [bci: 259]
  loop 2 Cycles: 15118 || Activation Count:131| LoopCallCount: 0 |  Source: -at java.util.Properties$LineReader.readLine(Properties.java:540) [bci: 224] | -at java.util.Properties$LineReader.readLine(Properties.java:543) [bci: 259]
  loop 5 Cycles: 700 || Activation Count:1| LoopCallCount: 0 |  Source: -at java.util.Properties$LineReader.readLine(Properties.java:540) [bci: 224] | -at java.util.Properties$LineReader.readLine(Properties.java:543) [bci: 259]
Comp 143 (java.util.Properties$LineReader.readLine()-Re-Comp) loops:
Found Encoding : 0:-1,1:0,2:1
└── Loop 0
    └── Loop 1
        └── Loop 2
  loop 0 Cycles: 341360 || Activation Count:6| LoopCallCount: 2 |  Source: -at java.util.Properties$LineReader.readLine(Properties.java:504) [bci: 53] | -at java.util.Properties$LineReader.readLine(Properties.java:615) [bci: 577]
  loop 1 Cycles: 401710 || Activation Count:374| LoopCallCount: 1 |  Source: -at java.util.Properties$LineReader.readLine(Properties.java:538) [bci: 219] | -at java.util.Properties$LineReader.readLine(Properties.java:543) [bci: 259]
  loop 2 Cycles: 47844 || Activation Count:377| LoopCallCount: 0 |  Source: -at java.util.Properties$LineReader.readLine(Properties.java:540) [bci: 224] | -at java.util.Properties$LineReader.readLine(Properties.java:545) [bci: 262]
Comp 171 (java.lang.String.equals(Object)-Re-Comp) loops:
Found Encoding : 0:-1
└── Loop 0
  loop 0 Cycles: 6188994 || Activation Count:130545| LoopCallCount: 0 |  Source: -at java.lang.StringLatin1.equals(StringLatin1.java:100) [bci: 9]
-at java.lang.String.equals(String.java:1926) [bci: 44] | -at java.lang.StringLatin1.equals(StringLatin1.java:105) [bci: 32]
-at java.lang.String.equals(String.java:1926) [bci: 44]
Comp 186 (json.JsonPureStringParser.subStringFromTo(int,) loops:
Found Encoding : 1:-1,0:-1,2:-1
├── Loop 1
├── Loop 0
└── Loop 2
  loop 0 Cycles: 4307867004 || Activation Count:133047824| LoopCallCount: 0 |  Source: -at json.JsonPureStringParser.subStringFromTo(int, int) [bci: 16] | -at json.JsonPureStringParser.subStringFromTo(int, int) [bci: 42]
  loop 1 Cycles: 3523735196 || Activation Count:133044281| LoopCallCount: 0 |  Source: -at jdk.graal.compiler.hotspot.replacements.HotSpotAllocationSnippets.allocateArray(KlassPointer, int, int, int, AllocationSnippets$FillContent, int, boolean, boolean, boolean, boolean, HotSpotAllocationSnippets$HotSpotAllocationProfilingData, boole
Comp 187 (json.JsonPureStringParser.readStringInternal()) loops:
Found Encoding : 0:-1
└── Loop 0
  loop 0 Cycles: 23619750794 || Activation Count:97448130| LoopCallCount: 2 |  Source: -at json.JsonPureStringParser.readStringInternal() [bci: 8] | -at json.JsonPureStringParser.readStringInternal() [bci: 54]
Comp 198 (json.JsonPureStringParser.readArray()) loops:
Found Encoding : 3:-1,2:-1,0:-1,1:-1
├── Loop 3
├── Loop 2
├── Loop 0
└── Loop 1
  loop 0 Cycles: 317795870086 || Activation Count:26997278| LoopCallCount: 6 |  Source: -at json.JsonPureStringParser.readArray() [bci: 27] | -at json.JsonPureStringParser.readChar(String) [bci: 11]
-at json.JsonPureStringParser.readArray() [bci: 47]
  loop 1 Cycles: 39524020 || Activation Count:599789| LoopCallCount: 0 |  Source: -at jdk.graal.compiler.hotspot.replacements.HotSpotAllocationSnippets.allocateArray(KlassPointer, int, int, int, AllocationSnippets$FillContent, int, boolean, boolean, boolean, boolean, HotSpotAllocationSnippets$HotSpotAllocationProfilingData, boole
  loop 2 Cycles: 1636716764 || Activation Count:26991838| LoopCallCount: 0 |  Source: -at jdk.graal.compiler.hotspot.replacements.HotSpotAllocationSnippets.allocateArray(KlassPointer, int, int, int, AllocationSnippets$FillContent, int, boolean, boolean, boolean, boolean, HotSpotAllocationSnippets$HotSpotAllocationProfilingData, boole
  loop 3 Cycles: 3465650 || Activation Count:49994| LoopCallCount: 0 |  Source: -at jdk.graal.compiler.hotspot.replacements.HotSpotAllocationSnippets.allocateArray(KlassPointer, int, int, int, AllocationSnippets$FillContent, int, boolean, boolean, boolean, boolean, HotSpotAllocationSnippets$HotSpotAllocationProfilingData, boole
Comp 201 (json.JsonPureStringParser.readNumber()) loops:
Found Encoding : 0:-1
└── Loop 0
  loop 0 Cycles: 5667446118 || Activation Count:33095246| LoopCallCount: 3 |  Source: -at json.JsonPureStringParser.readNumber() [bci: 39] | -at json.JsonPureStringParser.readDigit() [bci: 7]
-at json.JsonPureStringParser.readNumber() [bci: 40]
Comp 209 (som.Vector.<init>()) loops:
Found Encoding : 0:-1
└── Loop 0
  loop 0 Cycles: 188444 || Activation Count:3176| LoopCallCount: 0 |  Source: -at jdk.graal.compiler.hotspot.replacements.HotSpotAllocationSnippets.allocateArray(KlassPointer, int, int, int, AllocationSnippets$FillContent, int, boolean, boolean, boolean, boolean, HotSpotAllocationSnippets$HotSpotAllocationProfilingData, boole
Comp 211 (json.JsonPureStringParser.readObject()) loops:
Found Encoding : 1:-1,4:-1,5:-1,0:-1,2:-1,3:-1
├── Loop 1
├── Loop 4
├── Loop 5
├── Loop 0
├── Loop 2
└── Loop 3
  loop 0 Cycles: 219098086830 || Activation Count:6996804| LoopCallCount: 10 |  Source: -at json.JsonPureStringParser.readObject() [bci: 27] | -at json.JsonPureStringParser.readChar(String) [bci: 11]
-at json.JsonPureStringParser.readObject() [bci: 77]
  loop 1 Cycles: 361728126 || Activation Count:7845086| LoopCallCount: 0 |  Source: -at jdk.graal.compiler.hotspot.replacements.HotSpotAllocationSnippets.allocateArray(KlassPointer, int, int, int, AllocationSnippets$FillContent, int, boolean, boolean, boolean, boolean, HotSpotAllocationSnippets$HotSpotAllocationProfilingData, boole
  loop 2 Cycles: 53174816 || Activation Count:849522| LoopCallCount: 0 |  Source: -at jdk.graal.compiler.hotspot.replacements.HotSpotAllocationSnippets.allocateArray(KlassPointer, int, int, int, AllocationSnippets$FillContent, int, boolean, boolean, boolean, boolean, HotSpotAllocationSnippets$HotSpotAllocationProfilingData, boole
  loop 3 Cycles: 36438090 || Activation Count:849337| LoopCallCount: 0 |  Source: -at jdk.graal.compiler.hotspot.replacements.HotSpotAllocationSnippets.allocateArray(KlassPointer, int, int, int, AllocationSnippets$FillContent, int, boolean, boolean, boolean, boolean, HotSpotAllocationSnippets$HotSpotAllocationProfilingData, boole
  loop 4 Cycles: 451069498 || Activation Count:6995186| LoopCallCount: 0 |  Source: -at jdk.graal.compiler.hotspot.replacements.HotSpotAllocationSnippets.allocateArray(KlassPointer, int, int, int, AllocationSnippets$FillContent, int, boolean, boolean, boolean, boolean, HotSpotAllocationSnippets$HotSpotAllocationProfilingData, boole
  loop 5 Cycles: 296327058 || Activation Count:6995736| LoopCallCount: 0 |  Source: -at jdk.graal.compiler.hotspot.replacements.HotSpotAllocationSnippets.allocateArray(KlassPointer, int, int, int, AllocationSnippets$FillContent, int, boolean, boolean, boolean, boolean, HotSpotAllocationSnippets$HotSpotAllocationProfilingData, boole
Comp 234 (java.util.Arrays.copyOf(Object[],) loops:
Found Encoding : 0:-1
└── Loop 0
  loop 0 Cycles: 18407116 || Activation Count:93578| LoopCallCount: 0 |  Source: -at jdk.graal.compiler.hotspot.replacements.HotSpotAllocationSnippets.allocateArray(KlassPointer, int, int, int, AllocationSnippets$FillContent, int, boolean, boolean, boolean, boolean, HotSpotAllocationSnippets$HotSpotAllocationProfilingData, boole
Comp 247 (Benchmark.innerBenchmarkLoop(int)) loops:
Found Encoding : 0:-1
└── Loop 0
  loop 0 Cycles: 46285278 || Activation Count:1| LoopCallCount: 2 |  Source: -at Benchmark.innerBenchmarkLoop(int) [bci: 2] | -at Benchmark.innerBenchmarkLoop(int) [bci: 26]
Comp 248 (Benchmark.innerBenchmarkLoop(int)-Re-Comp) loops:
Found Encoding : 0:-1
└── Loop 0
  loop 0 Cycles: 75295849798 || Activation Count:295| LoopCallCount: 2 |  Source: -at Benchmark.innerBenchmarkLoop(int) [bci: 2] | -at Benchmark.innerBenchmarkLoop(int) [bci: 26]
Comp 249 (java.lang.StringLatin1.inflate(byte[],) loops:
Found Encoding : 0:-1,1:-1,2:-1
├── Loop 0
├── Loop 1
└── Loop 2
  loop 0 Cycles: 37292 || Activation Count:148| LoopCallCount: 0 |  Source: -at java.lang.StringLatin1.inflate(StringLatin1.java:767) [bci: 3] | -at java.lang.StringLatin1.inflate(StringLatin1.java:770) [bci: 33]
  loop 1 Cycles: 12532 || Activation Count:148| LoopCallCount: 0 |  Source: Source Missing | -at java.lang.StringLatin1.inflate(StringLatin1.java:770) [bci: 33]
  loop 2 Cycles: 9354 || Activation Count:148| LoopCallCount: 0 |  Source: Source Missing | -at java.lang.StringLatin1.inflate(StringLatin1.java:770) [bci: 33]
