Could not locate BlockSlowdown.json
Skipping Loading (this might cause a fatal crash if GTSlowdown is on)
Could not locate BlockSlowdown.json
Skipping Loading (this might cause a fatal crash if GTSlowdown is on)
Starting Json benchmark ...
Json: iterations=1 runtime: 392664us
Json: iterations=2 runtime: 64367us
Json: iterations=3 runtime: 79803us
Json: iterations=4 runtime: 60787us
Json: iterations=5 runtime: 63933us
Json: iterations=6 runtime: 61109us
Json: iterations=7 runtime: 60698us
Json: iterations=8 runtime: 60431us
Json: iterations=9 runtime: 60489us
Json: iterations=10 runtime: 61846us
Json: iterations=11 runtime: 61914us
Json: iterations=12 runtime: 61489us
Json: iterations=13 runtime: 60329us
Json: iterations=14 runtime: 60307us
Json: iterations=15 runtime: 59231us
Json: iterations=16 runtime: 60358us
Json: iterations=17 runtime: 61792us
Json: iterations=18 runtime: 60048us
Json: iterations=19 runtime: 59800us
Json: iterations=20 runtime: 59272us
Json: iterations=21 runtime: 60248us
Json: iterations=22 runtime: 60499us
Json: iterations=23 runtime: 87326us
Json: iterations=24 runtime: 59074us
Json: iterations=25 runtime: 59902us
Json: iterations=26 runtime: 59776us
Json: iterations=27 runtime: 59866us
Json: iterations=28 runtime: 59077us
Json: iterations=29 runtime: 59969us
Json: iterations=30 runtime: 59732us
Json: iterations=31 runtime: 59634us
Json: iterations=32 runtime: 59059us
Json: iterations=33 runtime: 62128us
Json: iterations=34 runtime: 59598us
Json: iterations=35 runtime: 59450us
Json: iterations=36 runtime: 59638us
Json: iterations=37 runtime: 58894us
Json: iterations=38 runtime: 59459us
Json: iterations=39 runtime: 59374us
Json: iterations=40 runtime: 59508us
Json: iterations=41 runtime: 58862us
Json: iterations=42 runtime: 59420us
Json: iterations=43 runtime: 59476us
Json: iterations=44 runtime: 59652us
Json: iterations=45 runtime: 59057us
Json: iterations=46 runtime: 59330us
Json: iterations=47 runtime: 59352us
Json: iterations=48 runtime: 59444us
Json: iterations=49 runtime: 59345us
Json: iterations=50 runtime: 58955us
Json: iterations=51 runtime: 59643us
Json: iterations=52 runtime: 59670us
Json: iterations=53 runtime: 59436us
Json: iterations=54 runtime: 58894us
Json: iterations=55 runtime: 59534us
Json: iterations=56 runtime: 59424us
Json: iterations=57 runtime: 59339us
Json: iterations=58 runtime: 58945us
Json: iterations=59 runtime: 59418us
Json: iterations=60 runtime: 59388us
Json: iterations=61 runtime: 59478us
Json: iterations=62 runtime: 58929us
Json: iterations=63 runtime: 59485us
Json: iterations=64 runtime: 59516us
Json: iterations=65 runtime: 59381us
Json: iterations=66 runtime: 59503us
Json: iterations=67 runtime: 58894us
Could not locate BlockSlowdown.json
Skipping Loading (this might cause a fatal crash if GTSlowdown is on)
Json: iterations=68 runtime: 110737us
Json: iterations=69 runtime: 59667us
Json: iterations=70 runtime: 59283us
Json: iterations=71 runtime: 58758us
Json: iterations=72 runtime: 59225us
Json: iterations=73 runtime: 59211us
Json: iterations=74 runtime: 59335us
Json: iterations=75 runtime: 58794us
Json: iterations=76 runtime: 59241us
Json: iterations=77 runtime: 59307us
Json: iterations=78 runtime: 59366us
Json: iterations=79 runtime: 59170us
Json: iterations=80 runtime: 58814us
Json: iterations=81 runtime: 59653us
Json: iterations=82 runtime: 59269us
Json: iterations=83 runtime: 59143us
Json: iterations=84 runtime: 58810us
Json: iterations=85 runtime: 59803us
Json: iterations=86 runtime: 59804us
Json: iterations=87 runtime: 59638us
Json: iterations=88 runtime: 59234us
Json: iterations=89 runtime: 59578us
Json: iterations=90 runtime: 59711us
Could not locate BlockSlowdown.json
Skipping Loading (this might cause a fatal crash if GTSlowdown is on)
Json: iterations=91 runtime: 59450us
Json: iterations=92 runtime: 59567us
Json: iterations=93 runtime: 58859us
Json: iterations=94 runtime: 59356us
Json: iterations=95 runtime: 59156us
Json: iterations=96 runtime: 59140us
Json: iterations=97 runtime: 58863us
Json: iterations=98 runtime: 59316us
Json: iterations=99 runtime: 59425us
Json: iterations=100 runtime: 59397us
Json: iterations=101 runtime: 58788us
Json: iterations=102 runtime: 59265us
Json: iterations=103 runtime: 59212us
Json: iterations=104 runtime: 59214us
Json: iterations=105 runtime: 58784us
Json: iterations=106 runtime: 59475us
Json: iterations=107 runtime: 59304us
Json: iterations=108 runtime: 59333us
Json: iterations=109 runtime: 59240us
Json: iterations=110 runtime: 58754us
Json: iterations=111 runtime: 59245us
Json: iterations=112 runtime: 59327us
Json: iterations=113 runtime: 59263us
Json: iterations=114 runtime: 58861us
Json: iterations=115 runtime: 59333us
Json: iterations=116 runtime: 59363us
Json: iterations=117 runtime: 59126us
Json: iterations=118 runtime: 58792us
Json: iterations=119 runtime: 59389us
Json: iterations=120 runtime: 59380us
Json: iterations=121 runtime: 59277us
Json: iterations=122 runtime: 59346us
Json: iterations=123 runtime: 58796us
Json: iterations=124 runtime: 59491us
Json: iterations=125 runtime: 59382us
Json: iterations=126 runtime: 59252us
Could not locate BlockSlowdown.json
Skipping Loading (this might cause a fatal crash if GTSlowdown is on)
Json: iterations=127 runtime: 58805us
Json: iterations=128 runtime: 59671us
Json: iterations=129 runtime: 59284us
Json: iterations=130 runtime: 59217us
Json: iterations=131 runtime: 58768us
Json: iterations=132 runtime: 59330us
Json: iterations=133 runtime: 59398us
Json: iterations=134 runtime: 59238us
Json: iterations=135 runtime: 59367us
Json: iterations=136 runtime: 58801us
Json: iterations=137 runtime: 59151us
Json: iterations=138 runtime: 59290us
Json: iterations=139 runtime: 59299us
Json: iterations=140 runtime: 58804us
Json: iterations=141 runtime: 59268us
Json: iterations=142 runtime: 59387us
Json: iterations=143 runtime: 59200us
Json: iterations=144 runtime: 58831us
Json: iterations=145 runtime: 59404us
Json: iterations=146 runtime: 59360us
Json: iterations=147 runtime: 59506us
Json: iterations=148 runtime: 58788us
Json: iterations=149 runtime: 59220us
Json: iterations=150 runtime: 59417us
Json: iterations=151 runtime: 59355us
Json: iterations=152 runtime: 59251us
Json: iterations=153 runtime: 58840us
Json: iterations=154 runtime: 59236us
Json: iterations=155 runtime: 59282us
Json: iterations=156 runtime: 59421us
Json: iterations=157 runtime: 58851us
Json: iterations=158 runtime: 59480us
Json: iterations=159 runtime: 59260us
Json: iterations=160 runtime: 59246us
Json: iterations=161 runtime: 58808us
Json: iterations=162 runtime: 59401us
Json: iterations=163 runtime: 59294us
Json: iterations=164 runtime: 59202us
Json: iterations=165 runtime: 59535us
Json: iterations=166 runtime: 58857us
Json: iterations=167 runtime: 59352us
Json: iterations=168 runtime: 59312us
Json: iterations=169 runtime: 60106us
Json: iterations=170 runtime: 59011us
Json: iterations=171 runtime: 59398us
Json: iterations=172 runtime: 59699us
Json: iterations=173 runtime: 59670us
Json: iterations=174 runtime: 58971us
Json: iterations=175 runtime: 59369us
Json: iterations=176 runtime: 59270us
Json: iterations=177 runtime: 59344us
Json: iterations=178 runtime: 58827us
Json: iterations=179 runtime: 59429us
Json: iterations=180 runtime: 59301us
Json: iterations=181 runtime: 59489us
Json: iterations=182 runtime: 59348us
Json: iterations=183 runtime: 58893us
Json: iterations=184 runtime: 59225us
Json: iterations=185 runtime: 59280us
Json: iterations=186 runtime: 59183us
Json: iterations=187 runtime: 58800us
Json: iterations=188 runtime: 59438us
Json: iterations=189 runtime: 59390us
Json: iterations=190 runtime: 60015us
Json: iterations=191 runtime: 58970us
Json: iterations=192 runtime: 60175us
Json: iterations=193 runtime: 60107us
Json: iterations=194 runtime: 59911us
Json: iterations=195 runtime: 59406us
Json: iterations=196 runtime: 58777us
Json: iterations=197 runtime: 59327us
Json: iterations=198 runtime: 61837us
Json: iterations=199 runtime: 59792us
Json: iterations=200 runtime: 58784us
Json: iterations=201 runtime: 59612us
Json: iterations=202 runtime: 59424us
Json: iterations=203 runtime: 59495us
Json: iterations=204 runtime: 58770us
Could not locate BlockSlowdown.json
Skipping Loading (this might cause a fatal crash if GTSlowdown is on)
Json: iterations=205 runtime: 148362us
Json: iterations=206 runtime: 59578us
Json: iterations=207 runtime: 59664us
Json: iterations=208 runtime: 59786us
Json: iterations=209 runtime: 58893us
Json: iterations=210 runtime: 59490us
Json: iterations=211 runtime: 59462us
Json: iterations=212 runtime: 59985us
Json: iterations=213 runtime: 59073us
Json: iterations=214 runtime: 59694us
Json: iterations=215 runtime: 59499us
Json: iterations=216 runtime: 59274us
Json: iterations=217 runtime: 58953us
Json: iterations=218 runtime: 59519us
Json: iterations=219 runtime: 59440us
Json: iterations=220 runtime: 59462us
Json: iterations=221 runtime: 58818us
Json: iterations=222 runtime: 59601us
Json: iterations=223 runtime: 59750us
Json: iterations=224 runtime: 59491us
Json: iterations=225 runtime: 59650us
Json: iterations=226 runtime: 58881us
Json: iterations=227 runtime: 59546us
Json: iterations=228 runtime: 59616us
Json: iterations=229 runtime: 59620us
Json: iterations=230 runtime: 58822us
Json: iterations=231 runtime: 59664us
Json: iterations=232 runtime: 59360us
Json: iterations=233 runtime: 59672us
Json: iterations=234 runtime: 58845us
Json: iterations=235 runtime: 59511us
Json: iterations=236 runtime: 59398us
Json: iterations=237 runtime: 59752us
Json: iterations=238 runtime: 59429us
Json: iterations=239 runtime: 58873us
Json: iterations=240 runtime: 59316us
Json: iterations=241 runtime: 59309us
Json: iterations=242 runtime: 59343us
Json: iterations=243 runtime: 58866us
Json: iterations=244 runtime: 59280us
Json: iterations=245 runtime: 59270us
Json: iterations=246 runtime: 59396us
Json: iterations=247 runtime: 59043us
Json: iterations=248 runtime: 59344us
Json: iterations=249 runtime: 59284us
Json: iterations=250 runtime: 59396us
Json: iterations=251 runtime: 58874us
Json: iterations=252 runtime: 60014us
Json: iterations=253 runtime: 59781us
Json: iterations=254 runtime: 59626us
Json: iterations=255 runtime: 59907us
Json: iterations=256 runtime: 59325us
Json: iterations=257 runtime: 59564us
Json: iterations=258 runtime: 59391us
Json: iterations=259 runtime: 59210us
Json: iterations=260 runtime: 59136us
Json: iterations=261 runtime: 59413us
Json: iterations=262 runtime: 59721us
Json: iterations=263 runtime: 59240us
Json: iterations=264 runtime: 58955us
Json: iterations=265 runtime: 59286us
Json: iterations=266 runtime: 59331us
Json: iterations=267 runtime: 59308us
Json: iterations=268 runtime: 59393us
Json: iterations=269 runtime: 58792us
Json: iterations=270 runtime: 59373us
Json: iterations=271 runtime: 59299us
Json: iterations=272 runtime: 59333us
Json: iterations=273 runtime: 58820us
Json: iterations=274 runtime: 59353us
Json: iterations=275 runtime: 59315us
Json: iterations=276 runtime: 59337us
Json: iterations=277 runtime: 58970us
Json: iterations=278 runtime: 59365us
Json: iterations=279 runtime: 59262us
Json: iterations=280 runtime: 59484us
Json: iterations=281 runtime: 59358us
Json: iterations=282 runtime: 58851us
Json: iterations=283 runtime: 59703us
Json: iterations=284 runtime: 59429us
Json: iterations=285 runtime: 59194us
Json: iterations=286 runtime: 64560us
Json: iterations=287 runtime: 64627us
Json: iterations=288 runtime: 61591us
Json: iterations=289 runtime: 59404us
Json: iterations=290 runtime: 58941us
Json: iterations=291 runtime: 59245us
Json: iterations=292 runtime: 59438us
Json: iterations=293 runtime: 59147us
Json: iterations=294 runtime: 58937us
Json: iterations=295 runtime: 59300us
Json: iterations=296 runtime: 59413us
Json: iterations=297 runtime: 59338us
Json: iterations=298 runtime: 59352us
Json: iterations=299 runtime: 58831us
Json: iterations=300 runtime: 59349us
Json: iterations=301 runtime: 59362us
Json: iterations=302 runtime: 59458us
Json: iterations=303 runtime: 58849us
Json: iterations=304 runtime: 59350us
Json: iterations=305 runtime: 59223us
Json: iterations=306 runtime: 59447us
Json: iterations=307 runtime: 58886us
Json: iterations=308 runtime: 59403us
Json: iterations=309 runtime: 59194us
Json: iterations=310 runtime: 59280us
Json: iterations=311 runtime: 59703us
Json: iterations=312 runtime: 58858us
Json: iterations=313 runtime: 59374us
Json: iterations=314 runtime: 59452us
Json: iterations=315 runtime: 59370us
Json: iterations=316 runtime: 58861us
Json: iterations=317 runtime: 59257us
Json: iterations=318 runtime: 59311us
Json: iterations=319 runtime: 59385us
Json: iterations=320 runtime: 58881us
Json: iterations=321 runtime: 59392us
Json: iterations=322 runtime: 59410us
Json: iterations=323 runtime: 59324us
Json: iterations=324 runtime: 59306us
Json: iterations=325 runtime: 58826us
Json: iterations=326 runtime: 59294us
Json: iterations=327 runtime: 59265us
Json: iterations=328 runtime: 59382us
Json: iterations=329 runtime: 58790us
Json: iterations=330 runtime: 59434us
Json: iterations=331 runtime: 59544us
Json: iterations=332 runtime: 59337us
Json: iterations=333 runtime: 58798us
Json: iterations=334 runtime: 59568us
Json: iterations=335 runtime: 59347us
Json: iterations=336 runtime: 60240us
Json: iterations=337 runtime: 59091us
Json: iterations=338 runtime: 59746us
Json: iterations=339 runtime: 59795us
Json: iterations=340 runtime: 59915us
Json: iterations=341 runtime: 59646us
Json: iterations=342 runtime: 58816us
Json: iterations=343 runtime: 59252us
Json: iterations=344 runtime: 59607us
Json: iterations=345 runtime: 59417us
Json: iterations=346 runtime: 58840us
Json: iterations=347 runtime: 59356us
Json: iterations=348 runtime: 59470us
Json: iterations=349 runtime: 59237us
Json: iterations=350 runtime: 58817us
Json: iterations=351 runtime: 59221us
Json: iterations=352 runtime: 59249us
Json: iterations=353 runtime: 59675us
Json: iterations=354 runtime: 59178us
Json: iterations=355 runtime: 58802us
Json: iterations=356 runtime: 59293us
Json: iterations=357 runtime: 59451us
Json: iterations=358 runtime: 59241us
Json: iterations=359 runtime: 58773us
Json: iterations=360 runtime: 59358us
Json: iterations=361 runtime: 59294us
Json: iterations=362 runtime: 59294us
Json: iterations=363 runtime: 58779us
Json: iterations=364 runtime: 59448us
Json: iterations=365 runtime: 59391us
Json: iterations=366 runtime: 59314us
Json: iterations=367 runtime: 58807us
Json: iterations=368 runtime: 59589us
Json: iterations=369 runtime: 59435us
Json: iterations=370 runtime: 59274us
Json: iterations=371 runtime: 59385us
Json: iterations=372 runtime: 58807us
Json: iterations=373 runtime: 59509us
Json: iterations=374 runtime: 59352us
Json: iterations=375 runtime: 59284us
Json: iterations=376 runtime: 58891us
Json: iterations=377 runtime: 59207us
Json: iterations=378 runtime: 59306us
Json: iterations=379 runtime: 59339us
Json: iterations=380 runtime: 58801us
Json: iterations=381 runtime: 59237us
Json: iterations=382 runtime: 59444us
Json: iterations=383 runtime: 59267us
Json: iterations=384 runtime: 59273us
Json: iterations=385 runtime: 58829us
Json: iterations=386 runtime: 59285us
Json: iterations=387 runtime: 59284us
Json: iterations=388 runtime: 59177us
Json: iterations=389 runtime: 58706us
Json: iterations=390 runtime: 59358us
Json: iterations=391 runtime: 59390us
Json: iterations=392 runtime: 59367us
Json: iterations=393 runtime: 58747us
Json: iterations=394 runtime: 59293us
Json: iterations=395 runtime: 59399us
Json: iterations=396 runtime: 59126us
Json: iterations=397 runtime: 59140us
Json: iterations=398 runtime: 58813us
Json: iterations=399 runtime: 59393us
Json: iterations=400 runtime: 59243us
Json: iterations=401 runtime: 59173us
Json: iterations=402 runtime: 58844us
Json: iterations=403 runtime: 59345us
Json: iterations=404 runtime: 59189us
Json: iterations=405 runtime: 59289us
Json: iterations=406 runtime: 58862us
Json: iterations=407 runtime: 59485us
Json: iterations=408 runtime: 59211us
Json: iterations=409 runtime: 59341us
Json: iterations=410 runtime: 58788us
Json: iterations=411 runtime: 59205us
Json: iterations=412 runtime: 59285us
Json: iterations=413 runtime: 59184us
Json: iterations=414 runtime: 59322us
Json: iterations=415 runtime: 58857us
Json: iterations=416 runtime: 59369us
Json: iterations=417 runtime: 59357us
Json: iterations=418 runtime: 59376us
Json: iterations=419 runtime: 58820us
Json: iterations=420 runtime: 60901us
Json: iterations=421 runtime: 59837us
Json: iterations=422 runtime: 59652us
Json: iterations=423 runtime: 59178us
Json: iterations=424 runtime: 59874us
Json: iterations=425 runtime: 59717us
Json: iterations=426 runtime: 59443us
Json: iterations=427 runtime: 59135us
Json: iterations=428 runtime: 58900us
Json: iterations=429 runtime: 59275us
Could not locate BlockSlowdown.json
Skipping Loading (this might cause a fatal crash if GTSlowdown is on)
Json: iterations=430 runtime: 59242us
Json: iterations=431 runtime: 59629us
Json: iterations=432 runtime: 58961us
Json: iterations=433 runtime: 59245us
Json: iterations=434 runtime: 59215us
Json: iterations=435 runtime: 59270us
Json: iterations=436 runtime: 58837us
Json: iterations=437 runtime: 59284us
Json: iterations=438 runtime: 59188us
Json: iterations=439 runtime: 59257us
Json: iterations=440 runtime: 59393us
Json: iterations=441 runtime: 58787us
Json: iterations=442 runtime: 59362us
Json: iterations=443 runtime: 59251us
Json: iterations=444 runtime: 59624us
Json: iterations=445 runtime: 58755us
Json: iterations=446 runtime: 59335us
Json: iterations=447 runtime: 59630us
Json: iterations=448 runtime: 59481us
Json: iterations=449 runtime: 58834us
Json: iterations=450 runtime: 59184us
Json: iterations=451 runtime: 59236us
Json: iterations=452 runtime: 59603us
Json: iterations=453 runtime: 58759us
Json: iterations=454 runtime: 59321us
Json: iterations=455 runtime: 59264us
Json: iterations=456 runtime: 59596us
Json: iterations=457 runtime: 59476us
Json: iterations=458 runtime: 58931us
Json: iterations=459 runtime: 59414us
Json: iterations=460 runtime: 59511us
Json: iterations=461 runtime: 59266us
Json: iterations=462 runtime: 58933us
Json: iterations=463 runtime: 59330us
Json: iterations=464 runtime: 59707us
Json: iterations=465 runtime: 59330us
Json: iterations=466 runtime: 58896us
Json: iterations=467 runtime: 59769us
Json: iterations=468 runtime: 59474us
Json: iterations=469 runtime: 59329us
Json: iterations=470 runtime: 59353us
Json: iterations=471 runtime: 58836us
Json: iterations=472 runtime: 59577us
Json: iterations=473 runtime: 59458us
Json: iterations=474 runtime: 59382us
Json: iterations=475 runtime: 58805us
Json: iterations=476 runtime: 59492us
Json: iterations=477 runtime: 59524us
Json: iterations=478 runtime: 59405us
Json: iterations=479 runtime: 58912us
Json: iterations=480 runtime: 59619us
Json: iterations=481 runtime: 59263us
Json: iterations=482 runtime: 59411us
Json: iterations=483 runtime: 58818us
Json: iterations=484 runtime: 59379us
Json: iterations=485 runtime: 59366us
Json: iterations=486 runtime: 59450us
Json: iterations=487 runtime: 59243us
Json: iterations=488 runtime: 58808us
Json: iterations=489 runtime: 59675us
Json: iterations=490 runtime: 59581us
Json: iterations=491 runtime: 59216us
Json: iterations=492 runtime: 58872us
Json: iterations=493 runtime: 59300us
Json: iterations=494 runtime: 59430us
Json: iterations=495 runtime: 59378us
Json: iterations=496 runtime: 58868us
Json: iterations=497 runtime: 59307us
Json: iterations=498 runtime: 59513us
Json: iterations=499 runtime: 59383us
Json: iterations=500 runtime: 59467us
Could not locate BlockSlowdown.json
Skipping Loading (this might cause a fatal crash if GTSlowdown is on)
Json: iterations=500 average: 60443us total: 30221714us


Total Runtime: 30221714us
Bubo.RDTSC.Harness.main Total RDTSC cycles: 100342871926
