Could not locate BlockSlowdown.json
Skipping Loading (this might cause a fatal crash if GTSlowdown is on)
[Use -Djdk.graal.LogFile=<path> to redirect Graal log output to a file.]
Requesting uncached profile for bci 44 in java.util.ImmutableCollections$SetN$SetNIterator.next()java.lang.Object method getBytecodeProfile
Requesting uncached profile for bci 44 in java.util.ImmutableCollections$SetN$SetNIterator.next()java.lang.Object method getBranchTakenProbability
java.util.ImmutableCollections$SetN$SetNIterator.next()java.lang.Object -1 graphSignature differs cc325e064e7585e0e6736addc07d3b5b1a1e9ec52f960e7777496af159b5096f != dd493989519e7f328311cfecc7abfe1946186eaebdea7e8b59878a8ba9e25a26
java.util.HashMap.putVal(int, java.lang.Object, java.lang.Object, boolean, boolean)java.lang.Object -1 graphSignature differs ee09f2c8e8aef299f145f669ac6d290ab921c200bee62674b2ab14a5f207c19a != 5a74e12f320f5360d51b0bb3946f087ce2dce5afa144b15d312a3acc1621c4cf
java.lang.String.equals(java.lang.Object)boolean -1 graphSignature differs 240f841b413bb8bd2af4877cb3753eac11d3bdc482d702e067df992e72784ebb != 2d841e5f6ff33687ba2a8e89c73735b82c892266d476f740b43f9fc2b4d21873
java.util.HashMap.resize()java.util.HashMap$Node[] -1 graphSignature differs 8621339e67ed630b148c0b60d4ece2a8f5e4dc640c7e625f721a8babedbc3813 != 907f32e8439d3100299993dcad76560e08b0f705baa3a6e36f739c5640084aa9
Could not locate BlockSlowdown.json
Skipping Loading (this might cause a fatal crash if GTSlowdown is on)
java.lang.StringLatin1.equals(byte[], byte[])boolean -1 graphSignature differs f47d0b1647dabd6f0108a1c873e12c6a64939992dcc9e97f79a9e6e1f1af8649 != cda1bda6b067c21da86f5c9b00220a168b94ff95811df6ee0a57435eb4ec0473
Starting Permute benchmark ...
Permute.permute(int)void -1 graphSignature differs abd2e7407c6ce0088940d6659ac59b19874135c563c791346174e1d3d2e4cbd8 != 2f4526a15e076c8b88ff827c2b0e2eca5ae0b810ae1cafa99095f518efabf429
Permute: iterations=1 runtime: 412526us
Permute: iterations=2 runtime: 427330us
Permute: iterations=3 runtime: 382054us
Permute: iterations=4 runtime: 380753us
Permute: iterations=5 runtime: 380390us
Could not locate BlockSlowdown.json
Skipping Loading (this might cause a fatal crash if GTSlowdown is on)
Benchmark.innerBenchmarkLoop(int)boolean -1 graphSignature differs 8b3ae3a1a8b823b59df7d3586c5c49b80071146e8c8340e1f700396c6378e871 != f2a1cd43368857fe4dfccc17f901764091c4976ee47ed2acb22d5bdae9c382ba
Permute: iterations=6 runtime: 517681us
Permute: iterations=7 runtime: 379489us
Permute: iterations=8 runtime: 380432us
Permute: iterations=9 runtime: 380257us
Permute: iterations=10 runtime: 380565us
Permute: iterations=11 runtime: 380109us
Permute: iterations=12 runtime: 379782us
Permute: iterations=13 runtime: 380396us
Permute: iterations=14 runtime: 379688us
Permute: iterations=15 runtime: 380615us
Permute: iterations=16 runtime: 381480us
Permute: iterations=17 runtime: 380525us
Permute: iterations=18 runtime: 380078us
Permute: iterations=19 runtime: 379956us
Could not locate BlockSlowdown.json
Skipping Loading (this might cause a fatal crash if GTSlowdown is on)
Permute: iterations=20 runtime: 379765us
Permute: iterations=21 runtime: 380121us
Permute: iterations=22 runtime: 379913us
Permute: iterations=23 runtime: 380558us
Permute: iterations=24 runtime: 379897us
Permute: iterations=25 runtime: 379815us
Permute: iterations=26 runtime: 380637us
Permute: iterations=27 runtime: 379780us
Permute: iterations=28 runtime: 379987us
Permute: iterations=29 runtime: 387791us
Permute: iterations=30 runtime: 380231us
Permute: iterations=31 runtime: 380354us
Permute: iterations=32 runtime: 380238us
Permute: iterations=33 runtime: 380114us
Permute: iterations=34 runtime: 380148us
Permute: iterations=35 runtime: 380383us
Permute: iterations=36 runtime: 380145us
Permute: iterations=37 runtime: 380508us
Permute: iterations=38 runtime: 380492us
Permute: iterations=39 runtime: 380239us
Permute: iterations=40 runtime: 380546us
Permute: iterations=41 runtime: 380047us
Permute: iterations=42 runtime: 381900us
Permute: iterations=43 runtime: 380569us
Permute: iterations=44 runtime: 379927us
Permute: iterations=45 runtime: 380295us
Permute: iterations=46 runtime: 380237us
Permute: iterations=47 runtime: 380319us
Permute: iterations=48 runtime: 379874us
Permute: iterations=49 runtime: 380281us
Permute: iterations=50 runtime: 380010us
Permute: iterations=51 runtime: 380246us
Permute: iterations=52 runtime: 380307us
Permute: iterations=53 runtime: 380172us
Permute: iterations=54 runtime: 380392us
Permute: iterations=55 runtime: 381445us
Permute: iterations=56 runtime: 380196us
Permute: iterations=57 runtime: 380659us
Permute: iterations=58 runtime: 380422us
Permute: iterations=59 runtime: 380486us
Permute: iterations=60 runtime: 380299us
Permute: iterations=61 runtime: 380229us
Permute: iterations=62 runtime: 380600us
Permute: iterations=63 runtime: 379897us
Permute: iterations=64 runtime: 380121us
Permute: iterations=65 runtime: 380409us
Permute: iterations=66 runtime: 380554us
Permute: iterations=67 runtime: 380426us
Permute: iterations=68 runtime: 381810us
Permute: iterations=69 runtime: 380377us
Permute: iterations=70 runtime: 380219us
Permute: iterations=71 runtime: 380122us
Permute: iterations=72 runtime: 380348us
Permute: iterations=73 runtime: 380229us
Permute: iterations=74 runtime: 380168us
Permute: iterations=75 runtime: 380319us
Permute: iterations=76 runtime: 380306us
Permute: iterations=77 runtime: 380380us
Permute: iterations=78 runtime: 380152us
Permute: iterations=79 runtime: 380162us
Permute: iterations=80 runtime: 380008us
Permute: iterations=81 runtime: 380948us
Permute: iterations=82 runtime: 381279us
Permute: iterations=83 runtime: 380156us
Permute: iterations=84 runtime: 380296us
Permute: iterations=85 runtime: 379996us
Permute: iterations=86 runtime: 380363us
Permute: iterations=87 runtime: 380252us
Permute: iterations=88 runtime: 380211us
Permute: iterations=89 runtime: 380594us
Permute: iterations=90 runtime: 385255us
Could not locate BlockSlowdown.json
Skipping Loading (this might cause a fatal crash if GTSlowdown is on)
Permute: iterations=91 runtime: 380265us
Permute: iterations=92 runtime: 380286us
Permute: iterations=93 runtime: 380192us
Permute: iterations=94 runtime: 381145us
Permute: iterations=95 runtime: 381193us
Permute: iterations=96 runtime: 379971us
Permute: iterations=97 runtime: 380479us
Permute: iterations=98 runtime: 380571us
Permute: iterations=99 runtime: 380033us
Permute: iterations=100 runtime: 380381us
Permute: iterations=101 runtime: 380483us
Permute: iterations=102 runtime: 380108us
Permute: iterations=103 runtime: 380479us
Permute: iterations=104 runtime: 380188us
Permute: iterations=105 runtime: 380487us
Permute: iterations=106 runtime: 380364us
Permute: iterations=107 runtime: 380233us
Permute: iterations=108 runtime: 381307us
Permute: iterations=109 runtime: 380249us
Permute: iterations=110 runtime: 380458us
Permute: iterations=111 runtime: 380352us
Permute: iterations=112 runtime: 380087us
Permute: iterations=113 runtime: 380128us
Permute: iterations=114 runtime: 380565us
Permute: iterations=115 runtime: 380483us
Permute: iterations=116 runtime: 380415us
Permute: iterations=117 runtime: 380014us
Permute: iterations=118 runtime: 380355us
Permute: iterations=119 runtime: 380649us
Permute: iterations=120 runtime: 380498us
Permute: iterations=121 runtime: 381878us
Permute: iterations=122 runtime: 380564us
Permute: iterations=123 runtime: 379999us
Permute: iterations=124 runtime: 380350us
Permute: iterations=125 runtime: 380174us
Permute: iterations=126 runtime: 380743us
Could not locate BlockSlowdown.json
Skipping Loading (this might cause a fatal crash if GTSlowdown is on)
Permute: iterations=127 runtime: 383024us
Permute: iterations=128 runtime: 379908us
Permute: iterations=129 runtime: 380589us
Permute: iterations=130 runtime: 380384us
Permute: iterations=131 runtime: 380228us
Permute: iterations=132 runtime: 380500us
Permute: iterations=133 runtime: 380088us
Permute: iterations=134 runtime: 389917us
Permute: iterations=135 runtime: 380026us
Permute: iterations=136 runtime: 380131us
Permute: iterations=137 runtime: 380265us
Permute: iterations=138 runtime: 379957us
Permute: iterations=139 runtime: 380208us
Permute: iterations=140 runtime: 379901us
Permute: iterations=141 runtime: 379896us
Permute: iterations=142 runtime: 380124us
Permute: iterations=143 runtime: 380179us
Permute: iterations=144 runtime: 379966us
Permute: iterations=145 runtime: 380295us
Permute: iterations=146 runtime: 380650us
Permute: iterations=147 runtime: 380478us
Permute: iterations=148 runtime: 380263us
Permute: iterations=149 runtime: 380340us
Permute: iterations=150 runtime: 380148us
Permute: iterations=151 runtime: 380344us
Permute: iterations=152 runtime: 380294us
Permute: iterations=153 runtime: 380175us
Permute: iterations=154 runtime: 380323us
Permute: iterations=155 runtime: 380250us
Permute: iterations=156 runtime: 380274us
Permute: iterations=157 runtime: 380326us
Permute: iterations=158 runtime: 380388us
Permute: iterations=159 runtime: 380347us
Permute: iterations=160 runtime: 381103us
Permute: iterations=161 runtime: 380114us
Permute: iterations=162 runtime: 380363us
Permute: iterations=163 runtime: 380426us
Permute: iterations=164 runtime: 380214us
Permute: iterations=165 runtime: 380287us
Permute: iterations=166 runtime: 380763us
Permute: iterations=167 runtime: 380297us
Permute: iterations=168 runtime: 380064us
Permute: iterations=169 runtime: 380042us
Permute: iterations=170 runtime: 379999us
Permute: iterations=171 runtime: 380090us
Permute: iterations=172 runtime: 380269us
Permute: iterations=173 runtime: 380928us
Permute: iterations=174 runtime: 380984us
Permute: iterations=175 runtime: 380168us
Permute: iterations=176 runtime: 380013us
Permute: iterations=177 runtime: 380417us
Permute: iterations=178 runtime: 394839us
Permute: iterations=179 runtime: 380576us
Permute: iterations=180 runtime: 379732us
Permute: iterations=181 runtime: 385209us
Permute: iterations=182 runtime: 380401us
Permute: iterations=183 runtime: 380571us
Permute: iterations=184 runtime: 380445us
Permute: iterations=185 runtime: 380209us
Permute: iterations=186 runtime: 381032us
Permute: iterations=187 runtime: 380881us
Permute: iterations=188 runtime: 379636us
Permute: iterations=189 runtime: 380176us
Permute: iterations=190 runtime: 380175us
Permute: iterations=191 runtime: 379844us
Permute: iterations=192 runtime: 379872us
Permute: iterations=193 runtime: 380120us
Permute: iterations=194 runtime: 379759us
Permute: iterations=195 runtime: 380567us
Permute: iterations=196 runtime: 380017us
Permute: iterations=197 runtime: 380148us
Permute: iterations=198 runtime: 379954us
Permute: iterations=199 runtime: 379887us
Permute: iterations=200 runtime: 381170us
Permute: iterations=201 runtime: 380198us
Permute: iterations=202 runtime: 379703us
Permute: iterations=203 runtime: 380634us
Permute: iterations=204 runtime: 379763us
Permute: iterations=205 runtime: 380236us
Permute: iterations=206 runtime: 380377us
Permute: iterations=207 runtime: 380148us
Permute: iterations=208 runtime: 379885us
Permute: iterations=209 runtime: 380165us
Permute: iterations=210 runtime: 380402us
Permute: iterations=211 runtime: 380690us
Permute: iterations=212 runtime: 380395us
Permute: iterations=213 runtime: 380781us
Permute: iterations=214 runtime: 380138us
Permute: iterations=215 runtime: 380326us
Permute: iterations=216 runtime: 380133us
Permute: iterations=217 runtime: 380134us
Permute: iterations=218 runtime: 380139us
Permute: iterations=219 runtime: 380331us
Permute: iterations=220 runtime: 380161us
Permute: iterations=221 runtime: 380431us
Permute: iterations=222 runtime: 380314us
Permute: iterations=223 runtime: 379999us
Permute: iterations=224 runtime: 380209us
Permute: iterations=225 runtime: 380142us
Permute: iterations=226 runtime: 381390us
Permute: iterations=227 runtime: 380332us
Permute: iterations=228 runtime: 379539us
Permute: iterations=229 runtime: 379176us
Permute: iterations=230 runtime: 379153us
Permute: iterations=231 runtime: 379192us
Permute: iterations=232 runtime: 379166us
Permute: iterations=233 runtime: 379188us
Permute: iterations=234 runtime: 379154us
Permute: iterations=235 runtime: 379152us
Permute: iterations=236 runtime: 379193us
Permute: iterations=237 runtime: 379842us
Permute: iterations=238 runtime: 379821us
Permute: iterations=239 runtime: 380302us
Permute: iterations=240 runtime: 380275us
Permute: iterations=241 runtime: 380404us
Permute: iterations=242 runtime: 384306us
Permute: iterations=243 runtime: 379171us
Permute: iterations=244 runtime: 379197us
Permute: iterations=245 runtime: 379146us
Permute: iterations=246 runtime: 379187us
Permute: iterations=247 runtime: 379524us
Permute: iterations=248 runtime: 379854us
Permute: iterations=249 runtime: 379835us
Permute: iterations=250 runtime: 379861us
Permute: iterations=251 runtime: 379838us
Permute: iterations=252 runtime: 379975us
Permute: iterations=253 runtime: 380474us
Permute: iterations=254 runtime: 380551us
Permute: iterations=255 runtime: 380535us
Permute: iterations=256 runtime: 380653us
Permute: iterations=257 runtime: 380577us
Permute: iterations=258 runtime: 379821us
Permute: iterations=259 runtime: 379802us
Permute: iterations=260 runtime: 379825us
Permute: iterations=261 runtime: 379855us
Permute: iterations=262 runtime: 379832us
Permute: iterations=263 runtime: 380130us
Permute: iterations=264 runtime: 380535us
Permute: iterations=265 runtime: 380661us
Permute: iterations=266 runtime: 380500us
Permute: iterations=267 runtime: 379986us
Permute: iterations=268 runtime: 380131us
Permute: iterations=269 runtime: 380411us
Permute: iterations=270 runtime: 380075us
Permute: iterations=271 runtime: 380316us
Permute: iterations=272 runtime: 380397us
Permute: iterations=273 runtime: 379797us
Permute: iterations=274 runtime: 379512us
Permute: iterations=275 runtime: 379688us
Permute: iterations=276 runtime: 379778us
Permute: iterations=277 runtime: 380189us
Permute: iterations=278 runtime: 380344us
Permute: iterations=279 runtime: 380680us
Permute: iterations=280 runtime: 379693us
Permute: iterations=281 runtime: 380287us
Permute: iterations=282 runtime: 380276us
Permute: iterations=283 runtime: 380231us
Permute: iterations=284 runtime: 380020us
Permute: iterations=285 runtime: 382113us
Permute: iterations=286 runtime: 380378us
Permute: iterations=287 runtime: 380283us
Permute: iterations=288 runtime: 380300us
Permute: iterations=289 runtime: 380067us
Permute: iterations=290 runtime: 380327us
Permute: iterations=291 runtime: 380248us
Permute: iterations=292 runtime: 380956us
Permute: iterations=293 runtime: 379256us
Permute: iterations=294 runtime: 380271us
Permute: iterations=295 runtime: 379888us
Permute: iterations=296 runtime: 379702us
Permute: iterations=297 runtime: 379936us
Permute: iterations=298 runtime: 380209us
Permute: iterations=299 runtime: 380537us
Permute: iterations=300 runtime: 380349us
Permute: iterations=301 runtime: 380205us
Permute: iterations=302 runtime: 380147us
Permute: iterations=303 runtime: 380110us
Permute: iterations=304 runtime: 380113us
Permute: iterations=305 runtime: 380222us
Permute: iterations=306 runtime: 380183us
Permute: iterations=307 runtime: 380215us
Permute: iterations=308 runtime: 380859us
Permute: iterations=309 runtime: 379970us
Permute: iterations=310 runtime: 379782us
Permute: iterations=311 runtime: 380056us
Permute: iterations=312 runtime: 379911us
Permute: iterations=313 runtime: 380040us
Permute: iterations=314 runtime: 379655us
Permute: iterations=315 runtime: 379845us
Permute: iterations=316 runtime: 380233us
Permute: iterations=317 runtime: 379889us
Permute: iterations=318 runtime: 380376us
Permute: iterations=319 runtime: 380378us
Permute: iterations=320 runtime: 379826us
Permute: iterations=321 runtime: 379372us
Permute: iterations=322 runtime: 379960us
Permute: iterations=323 runtime: 380186us
Permute: iterations=324 runtime: 379693us
Permute: iterations=325 runtime: 380281us
Permute: iterations=326 runtime: 379939us
Permute: iterations=327 runtime: 379557us
Permute: iterations=328 runtime: 380272us
Permute: iterations=329 runtime: 379896us
Permute: iterations=330 runtime: 379850us
Permute: iterations=331 runtime: 382218us
Permute: iterations=332 runtime: 379862us
Permute: iterations=333 runtime: 380341us
Permute: iterations=334 runtime: 380441us
Permute: iterations=335 runtime: 380093us
Permute: iterations=336 runtime: 379739us
Permute: iterations=337 runtime: 379549us
Permute: iterations=338 runtime: 379838us
Permute: iterations=339 runtime: 380068us
Permute: iterations=340 runtime: 380305us
Permute: iterations=341 runtime: 380219us
Permute: iterations=342 runtime: 379837us
Permute: iterations=343 runtime: 379752us
Permute: iterations=344 runtime: 384913us
Permute: iterations=345 runtime: 380211us
Permute: iterations=346 runtime: 380154us
Permute: iterations=347 runtime: 380514us
Permute: iterations=348 runtime: 380043us
Permute: iterations=349 runtime: 380295us
Permute: iterations=350 runtime: 380523us
Permute: iterations=351 runtime: 380396us
Permute: iterations=352 runtime: 380083us
Permute: iterations=353 runtime: 380189us
Permute: iterations=354 runtime: 380451us
Permute: iterations=355 runtime: 380180us
Permute: iterations=356 runtime: 380196us
Permute: iterations=357 runtime: 380788us
Permute: iterations=358 runtime: 380454us
Permute: iterations=359 runtime: 380216us
Permute: iterations=360 runtime: 380207us
Permute: iterations=361 runtime: 380388us
Permute: iterations=362 runtime: 380475us
Permute: iterations=363 runtime: 380110us
Permute: iterations=364 runtime: 379771us
Permute: iterations=365 runtime: 380355us
Permute: iterations=366 runtime: 380415us
Permute: iterations=367 runtime: 379962us
Permute: iterations=368 runtime: 380110us
Permute: iterations=369 runtime: 393429us
Permute: iterations=370 runtime: 380776us
Permute: iterations=371 runtime: 380654us
Permute: iterations=372 runtime: 380285us
Permute: iterations=373 runtime: 380590us
Permute: iterations=374 runtime: 380159us
Permute: iterations=375 runtime: 380683us
Permute: iterations=376 runtime: 380475us
Permute: iterations=377 runtime: 380170us
Permute: iterations=378 runtime: 379954us
Permute: iterations=379 runtime: 380549us
Permute: iterations=380 runtime: 380042us
Permute: iterations=381 runtime: 380258us
Permute: iterations=382 runtime: 380134us
Permute: iterations=383 runtime: 380351us
Permute: iterations=384 runtime: 381118us
Permute: iterations=385 runtime: 379982us
Permute: iterations=386 runtime: 380422us
Permute: iterations=387 runtime: 380279us
Permute: iterations=388 runtime: 380252us
Permute: iterations=389 runtime: 380018us
Permute: iterations=390 runtime: 380068us
Permute: iterations=391 runtime: 380596us
Permute: iterations=392 runtime: 380450us
Permute: iterations=393 runtime: 380081us
Permute: iterations=394 runtime: 380108us
Permute: iterations=395 runtime: 380030us
Permute: iterations=396 runtime: 380402us
Permute: iterations=397 runtime: 381394us
Permute: iterations=398 runtime: 379858us
Permute: iterations=399 runtime: 380340us
Permute: iterations=400 runtime: 379867us
Permute: iterations=401 runtime: 380024us
Permute: iterations=402 runtime: 379802us
Permute: iterations=403 runtime: 380663us
Permute: iterations=404 runtime: 381205us
Permute: iterations=405 runtime: 384210us
Permute: iterations=406 runtime: 380692us
Permute: iterations=407 runtime: 379938us
Permute: iterations=408 runtime: 379836us
Permute: iterations=409 runtime: 380177us
Permute: iterations=410 runtime: 381055us
Permute: iterations=411 runtime: 380242us
Permute: iterations=412 runtime: 380491us
Permute: iterations=413 runtime: 380540us
Permute: iterations=414 runtime: 380558us
Permute: iterations=415 runtime: 379992us
Permute: iterations=416 runtime: 379843us
Could not locate BlockSlowdown.json
Skipping Loading (this might cause a fatal crash if GTSlowdown is on)
java.lang.StringLatin1.inflate(byte[], int, char[], int, int)void -1 graphSignature differs 17e6f3ed6596e5d6840a8a77065c9470c41838c2630b4535538ec163efd33e69 != e838eb1809aadd841c1ff5fe2e7a1043b73670d291c51dcf64d0aae8eaa2b7e0
Permute: iterations=417 runtime: 380310us
Permute: iterations=418 runtime: 380235us
Permute: iterations=419 runtime: 380326us
Permute: iterations=420 runtime: 380355us
Permute: iterations=421 runtime: 381070us
Permute: iterations=422 runtime: 380198us
Permute: iterations=423 runtime: 381213us
Permute: iterations=424 runtime: 380382us
Permute: iterations=425 runtime: 379998us
Permute: iterations=426 runtime: 380168us
Permute: iterations=427 runtime: 380190us
Permute: iterations=428 runtime: 380388us
Permute: iterations=429 runtime: 380585us
Permute: iterations=430 runtime: 380248us
Permute: iterations=431 runtime: 380576us
Permute: iterations=432 runtime: 380157us
Permute: iterations=433 runtime: 380416us
Permute: iterations=434 runtime: 380506us
Permute: iterations=435 runtime: 380176us
Permute: iterations=436 runtime: 381139us
Permute: iterations=437 runtime: 380463us
Permute: iterations=438 runtime: 380286us
Permute: iterations=439 runtime: 380399us
Permute: iterations=440 runtime: 380056us
Permute: iterations=441 runtime: 380529us
Permute: iterations=442 runtime: 380059us
Permute: iterations=443 runtime: 382304us
Permute: iterations=444 runtime: 379714us
Permute: iterations=445 runtime: 380343us
Permute: iterations=446 runtime: 380276us
Permute: iterations=447 runtime: 380380us
Permute: iterations=448 runtime: 380310us
Permute: iterations=449 runtime: 380885us
Permute: iterations=450 runtime: 380720us
Permute: iterations=451 runtime: 380209us
Permute: iterations=452 runtime: 380401us
Permute: iterations=453 runtime: 380605us
Permute: iterations=454 runtime: 380268us
Permute: iterations=455 runtime: 380560us
Permute: iterations=456 runtime: 380397us
Permute: iterations=457 runtime: 380453us
Permute: iterations=458 runtime: 380568us
Permute: iterations=459 runtime: 380534us
Permute: iterations=460 runtime: 380498us
Permute: iterations=461 runtime: 380183us
Permute: iterations=462 runtime: 380958us
Permute: iterations=463 runtime: 381197us
Permute: iterations=464 runtime: 380495us
Permute: iterations=465 runtime: 380682us
Permute: iterations=466 runtime: 379718us
Permute: iterations=467 runtime: 380321us
Permute: iterations=468 runtime: 379885us
Permute: iterations=469 runtime: 380142us
Permute: iterations=470 runtime: 379760us
Permute: iterations=471 runtime: 380553us
Permute: iterations=472 runtime: 380154us
Permute: iterations=473 runtime: 379674us
Permute: iterations=474 runtime: 379798us
Permute: iterations=475 runtime: 380486us
Permute: iterations=476 runtime: 381234us
Permute: iterations=477 runtime: 379890us
Permute: iterations=478 runtime: 379796us
Permute: iterations=479 runtime: 380411us
Permute: iterations=480 runtime: 379968us
Permute: iterations=481 runtime: 379797us
Permute: iterations=482 runtime: 380135us
Permute: iterations=483 runtime: 380709us
Permute: iterations=484 runtime: 379892us
Permute: iterations=485 runtime: 379539us
Permute: iterations=486 runtime: 380440us
Permute: iterations=487 runtime: 380459us
Permute: iterations=488 runtime: 379831us
Permute: iterations=489 runtime: 381183us
Could not locate BlockSlowdown.json
Skipping Loading (this might cause a fatal crash if GTSlowdown is on)
java.lang.StringCoding.implEncodeAsciiArray(char[], int, byte[], int, int)int -1 graphSignature differs bc8f20c8c772d3cc0eaba9b68bcd84047d761ba16a7aeb64fe90c36d37dcccb7 != 3bdd078c3a9d60d7eff24b6603d8a355db817965321aded167eb2387bae94eb4
Permute: iterations=490 runtime: 379916us
Permute: iterations=491 runtime: 380427us
Permute: iterations=492 runtime: 380060us
Permute: iterations=493 runtime: 380446us
Permute: iterations=494 runtime: 380266us
Permute: iterations=495 runtime: 380368us
Permute: iterations=496 runtime: 379798us
Permute: iterations=497 runtime: 380071us
Permute: iterations=498 runtime: 380119us
Permute: iterations=499 runtime: 380112us
Permute: iterations=500 runtime: 379797us
Could not locate BlockSlowdown.json
Skipping Loading (this might cause a fatal crash if GTSlowdown is on)
Permute: iterations=500 average: 380831us total: 190415746us


Total Runtime: 190415746us
Bubo.RDTSC.Harness.main Total RDTSC cycles: 631017344136
Comp 52 (java.util.ImmutableCollections$SetN$SetNIterator.next()) loops:
Found Encoding : 0:-1
└── Loop 0
  loop 0 Cycles: 245716 || Activation Count:4234| LoopCallCount: 0 |  Source: -at java.util.ImmutableCollections$SetN$SetNIterator.next(ImmutableCollections.java:1213) [bci: 21] | -at java.util.ImmutableCollections$SetN$SetNIterator.next(ImmutableCollections.java:1223) [bci: 65]
Comp 57 (java.util.HashMap.putVal(int,) loops:
Found Encoding : 0:-1
└── Loop 0
  loop 0 Cycles: 6862 || Activation Count:184| LoopCallCount: 0 |  Source: -at java.util.HashMap.putVal(HashMap.java:648) [bci: 134] | -at java.util.HashMap.putVal(HashMap.java:649) [bci: 145]
Comp 58 (java.lang.String.equals(Object)) loops:
Found Encoding : 0:-1
└── Loop 0
  loop 0 Cycles: 3358 || Activation Count:49| LoopCallCount: 0 |  Source: -at java.lang.StringLatin1.equals(StringLatin1.java:100) [bci: 9]
-at java.lang.String.equals(String.java:1926) [bci: 44] | -at java.lang.StringLatin1.equals(StringLatin1.java:105) [bci: 32]
-at java.lang.String.equals(String.java:1926) [bci: 44]
Comp 69 (java.util.HashMap.resize()) loops:
Found Encoding : 2:-1,0:-1,1:0
├── Loop 2
└── Loop 0
    └── Loop 1
  loop 0 Cycles: 25330 || Activation Count:12| LoopCallCount: 0 |  Source: -at java.util.HashMap.resize(HashMap.java:714) [bci: 151] | -at java.util.HashMap.resize(HashMap.java:755) [bci: 353]
  loop 1 Cycles: 5822 || Activation Count:75| LoopCallCount: 0 |  Source: -at java.util.HashMap.resize(HashMap.java:727) [bci: 235] | -at java.util.HashMap.resize(HashMap.java:743) [bci: 309]
  loop 2 Cycles: 14612 || Activation Count:245| LoopCallCount: 0 |  Source: -at jdk.graal.compiler.hotspot.replacements.HotSpotAllocationSnippets.allocateArray(KlassPointer, int, int, int, AllocationSnippets$FillContent, int, boolean, boolean, boolean, boolean, HotSpotAllocationSnippets$HotSpotAllocationProfilingData, boolea
Comp 84 (jdk.internal.util.ArraysSupport.unsignedHashCode(int,) loops:
Found Encoding : 0:-1,1:-1,2:-1
├── Loop 0
├── Loop 1
└── Loop 2
  loop 0 Cycles: 660 || Activation Count:1| LoopCallCount: 0 |  Source: -at jdk.internal.util.ArraysSupport.unsignedHashCode(ArraysSupport.java:378) [bci: 8] | -at jdk.internal.util.ArraysSupport.unsignedHashCode(ArraysSupport.java:381) [bci: 34]
  loop 1 Cycles: 28 || Activation Count:1| LoopCallCount: 0 |  Source: Source Missing | -at jdk.internal.util.ArraysSupport.unsignedHashCode(ArraysSupport.java:381) [bci: 34]
  loop 2 Cycles: 82 || Activation Count:1| LoopCallCount: 0 |  Source: Source Missing | -at jdk.internal.util.ArraysSupport.unsignedHashCode(ArraysSupport.java:381) [bci: 34]
Comp 85 (jdk.internal.util.ArraysSupport.unsignedHashCode(int,-Re-Comp) loops:
Found Encoding : 0:-1,1:-1,2:-1
├── Loop 0
├── Loop 1
└── Loop 2
  loop 0 Cycles: 85742 || Activation Count:1675| LoopCallCount: 0 |  Source: -at jdk.internal.util.ArraysSupport.unsignedHashCode(ArraysSupport.java:378) [bci: 8] | -at jdk.internal.util.ArraysSupport.unsignedHashCode(ArraysSupport.java:381) [bci: 34]
  loop 1 Cycles: 123166 || Activation Count:1675| LoopCallCount: 0 |  Source: Source Missing | -at jdk.internal.util.ArraysSupport.unsignedHashCode(ArraysSupport.java:381) [bci: 34]
  loop 2 Cycles: 97178 || Activation Count:1675| LoopCallCount: 0 |  Source: Source Missing | -at jdk.internal.util.ArraysSupport.unsignedHashCode(ArraysSupport.java:381) [bci: 34]
Comp 87 (java.lang.StringCoding.countPositives(byte[],) loops:
Found Encoding : 0:-1
└── Loop 0
  loop 0 Cycles: 454 || Activation Count:1| LoopCallCount: 0 |  Source: -at java.lang.StringCoding.countPositives(StringCoding.java:92) [bci: 7] | -at java.lang.StringCoding.countPositives(StringCoding.java:97) [bci: 31]
Comp 88 (java.lang.StringCoding.countPositives(byte[],-Re-Comp) loops:
Found Encoding : 0:-1
└── Loop 0
  loop 0 Cycles: 10434 || Activation Count:66| LoopCallCount: 0 |  Source: -at java.lang.StringCoding.countPositives(StringCoding.java:92) [bci: 7] | -at java.lang.StringCoding.countPositives(StringCoding.java:97) [bci: 31]
Comp 138 (java.lang.StringLatin1.equals(byte[],) loops:
Found Encoding : 0:-1
└── Loop 0
  loop 0 Cycles: 17022 || Activation Count:114| LoopCallCount: 0 |  Source: -at java.lang.StringLatin1.equals(StringLatin1.java:100) [bci: 9] | -at java.lang.StringLatin1.equals(StringLatin1.java:105) [bci: 32]
Comp 140 (java.util.Properties$LineReader.readLine()) loops:
Found Encoding : 5:-1,3:-1,4:3,0:-1,1:0,2:1
├── Loop 5
├── Loop 3
│   └── Loop 4
└── Loop 0
    └── Loop 1
        └── Loop 2
  loop 1 Cycles: 259944 || Activation Count:90| LoopCallCount: 1 |  Source: -at java.util.Properties$LineReader.readLine(Properties.java:538) [bci: 219] | -at java.util.Properties$LineReader.readLine(Properties.java:543) [bci: 259]
  loop 2 Cycles: 12212 || Activation Count:91| LoopCallCount: 0 |  Source: -at java.util.Properties$LineReader.readLine(Properties.java:540) [bci: 224] | -at java.util.Properties$LineReader.readLine(Properties.java:543) [bci: 259]
  loop 5 Cycles: 758 || Activation Count:1| LoopCallCount: 0 |  Source: -at java.util.Properties$LineReader.readLine(Properties.java:540) [bci: 224] | -at java.util.Properties$LineReader.readLine(Properties.java:543) [bci: 259]
Comp 141 (java.util.Properties$LineReader.readLine()-Re-Comp) loops:
Found Encoding : 0:-1,1:0,2:1
└── Loop 0
    └── Loop 1
        └── Loop 2
  loop 1 Cycles: 3328 || Activation Count:14| LoopCallCount: 1 |  Source: -at java.util.Properties$LineReader.readLine(Properties.java:538) [bci: 219] | -at java.util.Properties$LineReader.readLine(Properties.java:543) [bci: 259]
  loop 2 Cycles: 1746 || Activation Count:14| LoopCallCount: 0 |  Source: -at java.util.Properties$LineReader.readLine(Properties.java:540) [bci: 224] | -at java.util.Properties$LineReader.readLine(Properties.java:545) [bci: 262]
Comp 142 (java.util.Properties$LineReader.readLine()-Re-Comp) loops:
Found Encoding : 5:-1,3:-1,4:3,0:-1,1:0,2:1
├── Loop 5
├── Loop 3
│   └── Loop 4
└── Loop 0
    └── Loop 1
        └── Loop 2
  loop 0 Cycles: 38098 || Activation Count:1| LoopCallCount: 2 |  Source: -at java.util.Properties$LineReader.readLine(Properties.java:504) [bci: 53] | -at java.util.Properties$LineReader.readLine(Properties.java:615) [bci: 577]
  loop 1 Cycles: 27646 || Activation Count:131| LoopCallCount: 1 |  Source: -at java.util.Properties$LineReader.readLine(Properties.java:538) [bci: 219] | -at java.util.Properties$LineReader.readLine(Properties.java:543) [bci: 259]
  loop 2 Cycles: 15184 || Activation Count:131| LoopCallCount: 0 |  Source: -at java.util.Properties$LineReader.readLine(Properties.java:540) [bci: 224] | -at java.util.Properties$LineReader.readLine(Properties.java:543) [bci: 259]
  loop 5 Cycles: 664 || Activation Count:1| LoopCallCount: 0 |  Source: -at java.util.Properties$LineReader.readLine(Properties.java:540) [bci: 224] | -at java.util.Properties$LineReader.readLine(Properties.java:543) [bci: 259]
Comp 143 (java.util.Properties$LineReader.readLine()-Re-Comp) loops:
Found Encoding : 0:-1,1:0,2:1
└── Loop 0
    └── Loop 1
        └── Loop 2
  loop 0 Cycles: 343172 || Activation Count:6| LoopCallCount: 2 |  Source: -at java.util.Properties$LineReader.readLine(Properties.java:504) [bci: 53] | -at java.util.Properties$LineReader.readLine(Properties.java:615) [bci: 577]
  loop 1 Cycles: 402166 || Activation Count:374| LoopCallCount: 1 |  Source: -at java.util.Properties$LineReader.readLine(Properties.java:538) [bci: 219] | -at java.util.Properties$LineReader.readLine(Properties.java:543) [bci: 259]
  loop 2 Cycles: 48082 || Activation Count:377| LoopCallCount: 0 |  Source: -at java.util.Properties$LineReader.readLine(Properties.java:540) [bci: 224] | -at java.util.Properties$LineReader.readLine(Properties.java:545) [bci: 262]
Comp 169 (Permute.permute(int)) loops:
Found Encoding : 0:-1
└── Loop 0
  loop 0 Cycles: 1873335470664 || Activation Count:6334997163| LoopCallCount: 1 |  Source: -at Permute.permute(int) [bci: 25] | -at Permute.permute(int) [bci: 52]
Comp 184 (Benchmark.innerBenchmarkLoop(int)) loops:
Found Encoding : 0:-1
└── Loop 0
  loop 0 Cycles: 186276722 || Activation Count:1| LoopCallCount: 2 |  Source: -at Benchmark.innerBenchmarkLoop(int) [bci: 2] | -at Benchmark.innerBenchmarkLoop(int) [bci: 26]
Comp 185 (Benchmark.innerBenchmarkLoop(int)-Re-Comp) loops:
Found Encoding : 0:-1
└── Loop 0
  loop 0 Cycles: 622196391698 || Activation Count:494| LoopCallCount: 2 |  Source: -at Benchmark.innerBenchmarkLoop(int) [bci: 2] | -at Benchmark.innerBenchmarkLoop(int) [bci: 26]
Comp 193 (java.lang.StringLatin1.inflate(byte[],) loops:
Found Encoding : 0:-1,1:-1,2:-1
├── Loop 0
├── Loop 1
└── Loop 2
  loop 0 Cycles: 35572 || Activation Count:174| LoopCallCount: 0 |  Source: -at java.lang.StringLatin1.inflate(StringLatin1.java:767) [bci: 3] | -at java.lang.StringLatin1.inflate(StringLatin1.java:770) [bci: 33]
  loop 1 Cycles: 12364 || Activation Count:174| LoopCallCount: 0 |  Source: Source Missing | -at java.lang.StringLatin1.inflate(StringLatin1.java:770) [bci: 33]
  loop 2 Cycles: 12116 || Activation Count:174| LoopCallCount: 0 |  Source: Source Missing | -at java.lang.StringLatin1.inflate(StringLatin1.java:770) [bci: 33]
Comp 194 (java.lang.StringCoding.implEncodeAsciiArray(char[],) loops:
Found Encoding : 0:-1
└── Loop 0
  loop 0 Cycles: 664 || Activation Count:1| LoopCallCount: 0 |  Source: -at java.lang.StringCoding.implEncodeAsciiArray(StringCoding.java:118) [bci: 3] | -at java.lang.StringCoding.implEncodeAsciiArray(StringCoding.java:124) [bci: 44]
Comp 195 (java.lang.StringCoding.implEncodeAsciiArray(char[],-Re-Comp) loops:
Found Encoding : 0:-1
└── Loop 0
  loop 0 Cycles: 3978 || Activation Count:14| LoopCallCount: 0 |  Source: -at java.lang.StringCoding.implEncodeAsciiArray(StringCoding.java:118) [bci: 3] | -at java.lang.StringCoding.implEncodeAsciiArray(StringCoding.java:124) [bci: 44]
