Could not locate BlockSlowdown.json
Skipping Loading (this might cause a fatal crash if GTSlowdown is on)
Could not locate BlockSlowdown.json
Skipping Loading (this might cause a fatal crash if GTSlowdown is on)
Starting Permute benchmark ...
Permute: iterations=1 runtime: 129023us
Permute: iterations=2 runtime: 154281us
Permute: iterations=3 runtime: 117774us
Permute: iterations=4 runtime: 117762us
Permute: iterations=5 runtime: 117872us
Permute: iterations=6 runtime: 246273us
Permute: iterations=7 runtime: 99382us
Permute: iterations=8 runtime: 99404us
Permute: iterations=9 runtime: 99446us
Permute: iterations=10 runtime: 99322us
Permute: iterations=11 runtime: 99357us
Permute: iterations=12 runtime: 99536us
Permute: iterations=13 runtime: 99725us
Permute: iterations=14 runtime: 186278us
Permute: iterations=15 runtime: 99284us
Permute: iterations=16 runtime: 99325us
Permute: iterations=17 runtime: 99294us
Permute: iterations=18 runtime: 99308us
Permute: iterations=19 runtime: 99418us
Permute: iterations=20 runtime: 99324us
Permute: iterations=21 runtime: 99280us
Permute: iterations=22 runtime: 99242us
Permute: iterations=23 runtime: 99261us
Permute: iterations=24 runtime: 99285us
Permute: iterations=25 runtime: 99278us
Permute: iterations=26 runtime: 99279us
Permute: iterations=27 runtime: 99364us
Permute: iterations=28 runtime: 99324us
Permute: iterations=29 runtime: 99299us
Permute: iterations=30 runtime: 99324us
Permute: iterations=31 runtime: 99369us
Permute: iterations=32 runtime: 99301us
Permute: iterations=33 runtime: 99285us
Permute: iterations=34 runtime: 99421us
Permute: iterations=35 runtime: 99296us
Permute: iterations=36 runtime: 99324us
Permute: iterations=37 runtime: 99312us
Permute: iterations=38 runtime: 99369us
Permute: iterations=39 runtime: 99308us
Permute: iterations=40 runtime: 99282us
Permute: iterations=41 runtime: 99315us
Permute: iterations=42 runtime: 99332us
Permute: iterations=43 runtime: 99294us
Permute: iterations=44 runtime: 99334us
Permute: iterations=45 runtime: 99320us
Permute: iterations=46 runtime: 99427us
Permute: iterations=47 runtime: 99285us
Permute: iterations=48 runtime: 99316us
Permute: iterations=49 runtime: 99415us
Permute: iterations=50 runtime: 99313us
Permute: iterations=51 runtime: 99277us
Permute: iterations=52 runtime: 99328us
Permute: iterations=53 runtime: 99335us
Permute: iterations=54 runtime: 99332us
Permute: iterations=55 runtime: 99310us
Permute: iterations=56 runtime: 99311us
Permute: iterations=57 runtime: 99299us
Permute: iterations=58 runtime: 99350us
Permute: iterations=59 runtime: 99252us
Permute: iterations=60 runtime: 99263us
Permute: iterations=61 runtime: 99311us
Permute: iterations=62 runtime: 99545us
Permute: iterations=63 runtime: 99480us
Permute: iterations=64 runtime: 99376us
Permute: iterations=65 runtime: 99238us
Permute: iterations=66 runtime: 99251us
Permute: iterations=67 runtime: 99268us
Permute: iterations=68 runtime: 99312us
Permute: iterations=69 runtime: 99292us
Permute: iterations=70 runtime: 99215us
Permute: iterations=71 runtime: 99243us
Permute: iterations=72 runtime: 99244us
Permute: iterations=73 runtime: 99280us
Permute: iterations=74 runtime: 99281us
Permute: iterations=75 runtime: 99281us
Permute: iterations=76 runtime: 99291us
Permute: iterations=77 runtime: 99277us
Permute: iterations=78 runtime: 99269us
Permute: iterations=79 runtime: 99370us
Permute: iterations=80 runtime: 99252us
Permute: iterations=81 runtime: 99268us
Permute: iterations=82 runtime: 99296us
Permute: iterations=83 runtime: 99278us
Permute: iterations=84 runtime: 99276us
Permute: iterations=85 runtime: 99239us
Permute: iterations=86 runtime: 99281us
Permute: iterations=87 runtime: 99256us
Permute: iterations=88 runtime: 99296us
Permute: iterations=89 runtime: 99257us
Permute: iterations=90 runtime: 99282us
Could not locate BlockSlowdown.json
Skipping Loading (this might cause a fatal crash if GTSlowdown is on)
Permute: iterations=91 runtime: 99294us
Permute: iterations=92 runtime: 99256us
Permute: iterations=93 runtime: 99266us
Permute: iterations=94 runtime: 99336us
Permute: iterations=95 runtime: 99246us
Permute: iterations=96 runtime: 99278us
Permute: iterations=97 runtime: 99280us
Permute: iterations=98 runtime: 99322us
Permute: iterations=99 runtime: 99303us
Permute: iterations=100 runtime: 99254us
Permute: iterations=101 runtime: 99256us
Permute: iterations=102 runtime: 99272us
Permute: iterations=103 runtime: 99323us
Permute: iterations=104 runtime: 99284us
Permute: iterations=105 runtime: 99270us
Permute: iterations=106 runtime: 99322us
Permute: iterations=107 runtime: 99260us
Permute: iterations=108 runtime: 99336us
Permute: iterations=109 runtime: 99285us
Permute: iterations=110 runtime: 99294us
Permute: iterations=111 runtime: 99230us
Permute: iterations=112 runtime: 99628us
Permute: iterations=113 runtime: 99572us
Permute: iterations=114 runtime: 99519us
Permute: iterations=115 runtime: 99382us
Permute: iterations=116 runtime: 99230us
Permute: iterations=117 runtime: 99250us
Permute: iterations=118 runtime: 99247us
Permute: iterations=119 runtime: 99242us
Permute: iterations=120 runtime: 99263us
Permute: iterations=121 runtime: 99241us
Permute: iterations=122 runtime: 99287us
Permute: iterations=123 runtime: 99416us
Permute: iterations=124 runtime: 99279us
Permute: iterations=125 runtime: 99255us
Permute: iterations=126 runtime: 99216us
Could not locate BlockSlowdown.json
Skipping Loading (this might cause a fatal crash if GTSlowdown is on)
Permute: iterations=127 runtime: 99253us
Permute: iterations=128 runtime: 99253us
Permute: iterations=129 runtime: 99236us
Permute: iterations=130 runtime: 99232us
Permute: iterations=131 runtime: 99241us
Permute: iterations=132 runtime: 99244us
Permute: iterations=133 runtime: 99263us
Permute: iterations=134 runtime: 99220us
Permute: iterations=135 runtime: 99263us
Permute: iterations=136 runtime: 99253us
Permute: iterations=137 runtime: 99261us
Permute: iterations=138 runtime: 99405us
Permute: iterations=139 runtime: 99277us
Permute: iterations=140 runtime: 99246us
Permute: iterations=141 runtime: 99264us
Permute: iterations=142 runtime: 99240us
Permute: iterations=143 runtime: 99252us
Permute: iterations=144 runtime: 99300us
Permute: iterations=145 runtime: 99273us
Permute: iterations=146 runtime: 99293us
Permute: iterations=147 runtime: 99290us
Permute: iterations=148 runtime: 99291us
Permute: iterations=149 runtime: 99294us
Permute: iterations=150 runtime: 99312us
Permute: iterations=151 runtime: 99268us
Permute: iterations=152 runtime: 99285us
Permute: iterations=153 runtime: 99401us
Permute: iterations=154 runtime: 99318us
Permute: iterations=155 runtime: 99283us
Permute: iterations=156 runtime: 99278us
Permute: iterations=157 runtime: 99222us
Permute: iterations=158 runtime: 99247us
Permute: iterations=159 runtime: 99263us
Permute: iterations=160 runtime: 99274us
Permute: iterations=161 runtime: 99289us
Permute: iterations=162 runtime: 99435us
Permute: iterations=163 runtime: 99683us
Permute: iterations=164 runtime: 99294us
Permute: iterations=165 runtime: 99273us
Permute: iterations=166 runtime: 99237us
Permute: iterations=167 runtime: 99251us
Permute: iterations=168 runtime: 99395us
Permute: iterations=169 runtime: 99283us
Permute: iterations=170 runtime: 99303us
Permute: iterations=171 runtime: 99268us
Permute: iterations=172 runtime: 99284us
Permute: iterations=173 runtime: 99276us
Permute: iterations=174 runtime: 99337us
Permute: iterations=175 runtime: 99221us
Permute: iterations=176 runtime: 99262us
Permute: iterations=177 runtime: 99275us
Permute: iterations=178 runtime: 99250us
Permute: iterations=179 runtime: 99239us
Permute: iterations=180 runtime: 99275us
Permute: iterations=181 runtime: 99270us
Permute: iterations=182 runtime: 99238us
Permute: iterations=183 runtime: 99343us
Permute: iterations=184 runtime: 99259us
Permute: iterations=185 runtime: 99227us
Permute: iterations=186 runtime: 99236us
Permute: iterations=187 runtime: 99231us
Permute: iterations=188 runtime: 99265us
Permute: iterations=189 runtime: 99247us
Permute: iterations=190 runtime: 99233us
Permute: iterations=191 runtime: 99319us
Permute: iterations=192 runtime: 99294us
Permute: iterations=193 runtime: 99228us
Permute: iterations=194 runtime: 99224us
Permute: iterations=195 runtime: 99266us
Permute: iterations=196 runtime: 99240us
Permute: iterations=197 runtime: 99226us
Permute: iterations=198 runtime: 99374us
Permute: iterations=199 runtime: 99255us
Permute: iterations=200 runtime: 99228us
Permute: iterations=201 runtime: 99230us
Permute: iterations=202 runtime: 99266us
Permute: iterations=203 runtime: 99331us
Permute: iterations=204 runtime: 99245us
Permute: iterations=205 runtime: 99306us
Permute: iterations=206 runtime: 99315us
Permute: iterations=207 runtime: 99289us
Permute: iterations=208 runtime: 99288us
Permute: iterations=209 runtime: 99254us
Permute: iterations=210 runtime: 99351us
Permute: iterations=211 runtime: 99292us
Permute: iterations=212 runtime: 99352us
Permute: iterations=213 runtime: 99714us
Permute: iterations=214 runtime: 99340us
Permute: iterations=215 runtime: 99216us
Permute: iterations=216 runtime: 99227us
Permute: iterations=217 runtime: 99221us
Permute: iterations=218 runtime: 99232us
Permute: iterations=219 runtime: 99230us
Permute: iterations=220 runtime: 99196us
Permute: iterations=221 runtime: 99262us
Permute: iterations=222 runtime: 99257us
Permute: iterations=223 runtime: 99269us
Permute: iterations=224 runtime: 99209us
Permute: iterations=225 runtime: 99284us
Permute: iterations=226 runtime: 99202us
Permute: iterations=227 runtime: 99253us
Permute: iterations=228 runtime: 99329us
Permute: iterations=229 runtime: 99274us
Permute: iterations=230 runtime: 99246us
Permute: iterations=231 runtime: 99224us
Permute: iterations=232 runtime: 99266us
Permute: iterations=233 runtime: 99298us
Permute: iterations=234 runtime: 99233us
Permute: iterations=235 runtime: 99226us
Permute: iterations=236 runtime: 99268us
Permute: iterations=237 runtime: 99265us
Permute: iterations=238 runtime: 105020us
Permute: iterations=239 runtime: 121526us
Permute: iterations=240 runtime: 99678us
Permute: iterations=241 runtime: 99447us
Permute: iterations=242 runtime: 99406us
Permute: iterations=243 runtime: 99492us
Permute: iterations=244 runtime: 103096us
Permute: iterations=245 runtime: 116093us
Permute: iterations=246 runtime: 99319us
Permute: iterations=247 runtime: 99364us
Permute: iterations=248 runtime: 99382us
Permute: iterations=249 runtime: 99383us
Permute: iterations=250 runtime: 99431us
Permute: iterations=251 runtime: 99392us
Permute: iterations=252 runtime: 99317us
Permute: iterations=253 runtime: 99335us
Permute: iterations=254 runtime: 99352us
Permute: iterations=255 runtime: 99381us
Permute: iterations=256 runtime: 99338us
Permute: iterations=257 runtime: 99336us
Permute: iterations=258 runtime: 99432us
Permute: iterations=259 runtime: 99331us
Permute: iterations=260 runtime: 99324us
Permute: iterations=261 runtime: 99343us
Permute: iterations=262 runtime: 99443us
Permute: iterations=263 runtime: 99674us
Permute: iterations=264 runtime: 99564us
Permute: iterations=265 runtime: 99393us
Permute: iterations=266 runtime: 99364us
Permute: iterations=267 runtime: 99331us
Permute: iterations=268 runtime: 99332us
Permute: iterations=269 runtime: 99369us
Permute: iterations=270 runtime: 99447us
Permute: iterations=271 runtime: 99342us
Permute: iterations=272 runtime: 99361us
Permute: iterations=273 runtime: 99468us
Permute: iterations=274 runtime: 99367us
Permute: iterations=275 runtime: 99344us
Permute: iterations=276 runtime: 99368us
Permute: iterations=277 runtime: 99411us
Permute: iterations=278 runtime: 99364us
Permute: iterations=279 runtime: 99362us
Permute: iterations=280 runtime: 99382us
Permute: iterations=281 runtime: 99370us
Permute: iterations=282 runtime: 99345us
Permute: iterations=283 runtime: 99354us
Permute: iterations=284 runtime: 99326us
Permute: iterations=285 runtime: 99364us
Permute: iterations=286 runtime: 99336us
Permute: iterations=287 runtime: 99358us
Permute: iterations=288 runtime: 99476us
Permute: iterations=289 runtime: 99366us
Permute: iterations=290 runtime: 99435us
Permute: iterations=291 runtime: 99362us
Permute: iterations=292 runtime: 99343us
Permute: iterations=293 runtime: 99367us
Permute: iterations=294 runtime: 99320us
Permute: iterations=295 runtime: 99350us
Permute: iterations=296 runtime: 99383us
Permute: iterations=297 runtime: 99341us
Permute: iterations=298 runtime: 99346us
Permute: iterations=299 runtime: 99325us
Permute: iterations=300 runtime: 99391us
Permute: iterations=301 runtime: 99342us
Permute: iterations=302 runtime: 99327us
Permute: iterations=303 runtime: 99465us
Permute: iterations=304 runtime: 99363us
Permute: iterations=305 runtime: 99363us
Permute: iterations=306 runtime: 99348us
Permute: iterations=307 runtime: 99337us
Permute: iterations=308 runtime: 99348us
Permute: iterations=309 runtime: 99363us
Permute: iterations=310 runtime: 99376us
Permute: iterations=311 runtime: 99391us
Permute: iterations=312 runtime: 99417us
Permute: iterations=313 runtime: 99596us
Permute: iterations=314 runtime: 99734us
Permute: iterations=315 runtime: 99400us
Permute: iterations=316 runtime: 99378us
Permute: iterations=317 runtime: 99380us
Permute: iterations=318 runtime: 99479us
Permute: iterations=319 runtime: 99305us
Permute: iterations=320 runtime: 99336us
Permute: iterations=321 runtime: 99343us
Permute: iterations=322 runtime: 99368us
Permute: iterations=323 runtime: 99355us
Permute: iterations=324 runtime: 99357us
Permute: iterations=325 runtime: 99356us
Permute: iterations=326 runtime: 99357us
Permute: iterations=327 runtime: 99360us
Permute: iterations=328 runtime: 99314us
Permute: iterations=329 runtime: 99311us
Permute: iterations=330 runtime: 99437us
Permute: iterations=331 runtime: 99313us
Permute: iterations=332 runtime: 99359us
Permute: iterations=333 runtime: 100720us
Permute: iterations=334 runtime: 98826us
Permute: iterations=335 runtime: 98822us
Permute: iterations=336 runtime: 98858us
Permute: iterations=337 runtime: 98822us
Permute: iterations=338 runtime: 98802us
Permute: iterations=339 runtime: 98788us
Permute: iterations=340 runtime: 98850us
Permute: iterations=341 runtime: 98839us
Permute: iterations=342 runtime: 98908us
Permute: iterations=343 runtime: 98812us
Permute: iterations=344 runtime: 98839us
Permute: iterations=345 runtime: 98830us
Permute: iterations=346 runtime: 98834us
Permute: iterations=347 runtime: 98832us
Permute: iterations=348 runtime: 98831us
Permute: iterations=349 runtime: 98769us
Permute: iterations=350 runtime: 98837us
Permute: iterations=351 runtime: 98834us
Permute: iterations=352 runtime: 98815us
Permute: iterations=353 runtime: 98794us
Permute: iterations=354 runtime: 98840us
Permute: iterations=355 runtime: 98805us
Permute: iterations=356 runtime: 98783us
Permute: iterations=357 runtime: 98841us
Permute: iterations=358 runtime: 98775us
Permute: iterations=359 runtime: 98783us
Permute: iterations=360 runtime: 98833us
Permute: iterations=361 runtime: 98796us
Permute: iterations=362 runtime: 98860us
Permute: iterations=363 runtime: 98958us
Permute: iterations=364 runtime: 99317us
Permute: iterations=365 runtime: 98924us
Permute: iterations=366 runtime: 98884us
Permute: iterations=367 runtime: 98913us
Permute: iterations=368 runtime: 98903us
Permute: iterations=369 runtime: 98892us
Permute: iterations=370 runtime: 99058us
Permute: iterations=371 runtime: 98896us
Permute: iterations=372 runtime: 98859us
Permute: iterations=373 runtime: 98843us
Permute: iterations=374 runtime: 98878us
Permute: iterations=375 runtime: 98858us
Permute: iterations=376 runtime: 98884us
Permute: iterations=377 runtime: 98898us
Permute: iterations=378 runtime: 98898us
Permute: iterations=379 runtime: 98883us
Permute: iterations=380 runtime: 98875us
Permute: iterations=381 runtime: 98859us
Permute: iterations=382 runtime: 98903us
Permute: iterations=383 runtime: 98904us
Permute: iterations=384 runtime: 98921us
Permute: iterations=385 runtime: 98852us
Permute: iterations=386 runtime: 98940us
Permute: iterations=387 runtime: 126660us
Permute: iterations=388 runtime: 113068us
Permute: iterations=389 runtime: 98689us
Permute: iterations=390 runtime: 98781us
Permute: iterations=391 runtime: 98710us
Permute: iterations=392 runtime: 98731us
Permute: iterations=393 runtime: 98769us
Permute: iterations=394 runtime: 98712us
Permute: iterations=395 runtime: 98700us
Permute: iterations=396 runtime: 98717us
Permute: iterations=397 runtime: 98778us
Permute: iterations=398 runtime: 98725us
Permute: iterations=399 runtime: 98717us
Permute: iterations=400 runtime: 98672us
Permute: iterations=401 runtime: 98735us
Could not locate BlockSlowdown.json
Skipping Loading (this might cause a fatal crash if GTSlowdown is on)
Permute: iterations=402 runtime: 98724us
Permute: iterations=403 runtime: 98733us
Permute: iterations=404 runtime: 98715us
Permute: iterations=405 runtime: 98700us
Permute: iterations=406 runtime: 98751us
Permute: iterations=407 runtime: 98718us
Permute: iterations=408 runtime: 98814us
Permute: iterations=409 runtime: 98697us
Permute: iterations=410 runtime: 98839us
Permute: iterations=411 runtime: 98770us
Permute: iterations=412 runtime: 98863us
Permute: iterations=413 runtime: 99014us
Permute: iterations=414 runtime: 99284us
Permute: iterations=415 runtime: 98897us
Permute: iterations=416 runtime: 98854us
Permute: iterations=417 runtime: 98851us
Permute: iterations=418 runtime: 98842us
Permute: iterations=419 runtime: 98816us
Permute: iterations=420 runtime: 98879us
Permute: iterations=421 runtime: 98846us
Permute: iterations=422 runtime: 98879us
Permute: iterations=423 runtime: 98874us
Permute: iterations=424 runtime: 98827us
Permute: iterations=425 runtime: 98858us
Permute: iterations=426 runtime: 98791us
Permute: iterations=427 runtime: 98903us
Permute: iterations=428 runtime: 98848us
Permute: iterations=429 runtime: 98818us
Permute: iterations=430 runtime: 98890us
Permute: iterations=431 runtime: 98932us
Permute: iterations=432 runtime: 98848us
Permute: iterations=433 runtime: 98874us
Permute: iterations=434 runtime: 98822us
Permute: iterations=435 runtime: 98881us
Permute: iterations=436 runtime: 98820us
Permute: iterations=437 runtime: 98884us
Permute: iterations=438 runtime: 98852us
Permute: iterations=439 runtime: 98852us
Permute: iterations=440 runtime: 98854us
Permute: iterations=441 runtime: 98830us
Permute: iterations=442 runtime: 98881us
Permute: iterations=443 runtime: 98839us
Permute: iterations=444 runtime: 98866us
Permute: iterations=445 runtime: 98876us
Permute: iterations=446 runtime: 98858us
Permute: iterations=447 runtime: 98863us
Permute: iterations=448 runtime: 98835us
Permute: iterations=449 runtime: 98834us
Permute: iterations=450 runtime: 98770us
Permute: iterations=451 runtime: 98941us
Permute: iterations=452 runtime: 98816us
Permute: iterations=453 runtime: 98789us
Permute: iterations=454 runtime: 98838us
Permute: iterations=455 runtime: 98792us
Permute: iterations=456 runtime: 98779us
Permute: iterations=457 runtime: 98838us
Permute: iterations=458 runtime: 98769us
Permute: iterations=459 runtime: 98777us
Permute: iterations=460 runtime: 98757us
Permute: iterations=461 runtime: 98781us
Permute: iterations=462 runtime: 98857us
Permute: iterations=463 runtime: 98817us
Permute: iterations=464 runtime: 100252us
Permute: iterations=465 runtime: 99061us
Permute: iterations=466 runtime: 98840us
Permute: iterations=467 runtime: 98808us
Permute: iterations=468 runtime: 98819us
Permute: iterations=469 runtime: 98826us
Permute: iterations=470 runtime: 98808us
Permute: iterations=471 runtime: 98893us
Permute: iterations=472 runtime: 98837us
Permute: iterations=473 runtime: 98813us
Permute: iterations=474 runtime: 98814us
Permute: iterations=475 runtime: 98825us
Permute: iterations=476 runtime: 98773us
Permute: iterations=477 runtime: 98844us
Permute: iterations=478 runtime: 98778us
Permute: iterations=479 runtime: 98777us
Permute: iterations=480 runtime: 98808us
Permute: iterations=481 runtime: 98775us
Permute: iterations=482 runtime: 98815us
Permute: iterations=483 runtime: 98822us
Permute: iterations=484 runtime: 98782us
Permute: iterations=485 runtime: 98818us
Permute: iterations=486 runtime: 98826us
Permute: iterations=487 runtime: 98819us
Permute: iterations=488 runtime: 98782us
Permute: iterations=489 runtime: 98847us
Permute: iterations=490 runtime: 98768us
Permute: iterations=491 runtime: 102245us
Permute: iterations=492 runtime: 98807us
Permute: iterations=493 runtime: 98809us
Permute: iterations=494 runtime: 98862us
Permute: iterations=495 runtime: 98815us
Permute: iterations=496 runtime: 98811us
Permute: iterations=497 runtime: 98834us
Permute: iterations=498 runtime: 98819us
Permute: iterations=499 runtime: 98762us
Permute: iterations=500 runtime: 98788us
Could not locate BlockSlowdown.json
Skipping Loading (this might cause a fatal crash if GTSlowdown is on)
Permute: iterations=500 average: 100100us total: 50050267us


Total Runtime: 50050267us
Bubo.RDTSC.Harness.main Total RDTSC cycles: 166047708426
