Could not locate BlockSlowdown.json
Skipping Loading (this might cause a fatal crash if GTSlowdown is on)
Could not locate BlockSlowdown.json
Skipping Loading (this might cause a fatal crash if GTSlowdown is on)
Starting Sieve benchmark ...
Sieve: iterations=1 runtime: 200355us
Sieve: iterations=2 runtime: 181288us
Sieve: iterations=3 runtime: 200551us
Sieve: iterations=4 runtime: 182975us
Sieve: iterations=5 runtime: 180746us
Sieve: iterations=6 runtime: 181242us
Sieve: iterations=7 runtime: 182786us
Sieve: iterations=8 runtime: 180385us
Sieve: iterations=9 runtime: 180484us
Sieve: iterations=10 runtime: 181825us
Sieve: iterations=11 runtime: 180244us
Sieve: iterations=12 runtime: 180607us
Sieve: iterations=13 runtime: 182065us
Sieve: iterations=14 runtime: 180072us
Sieve: iterations=15 runtime: 180110us
Sieve: iterations=16 runtime: 181837us
Sieve: iterations=17 runtime: 180487us
Sieve: iterations=18 runtime: 180419us
Sieve: iterations=19 runtime: 182118us
Could not locate BlockSlowdown.json
Skipping Loading (this might cause a fatal crash if GTSlowdown is on)
Sieve: iterations=20 runtime: 180517us
Sieve: iterations=21 runtime: 180888us
Sieve: iterations=22 runtime: 182010us
Sieve: iterations=23 runtime: 180401us
Sieve: iterations=24 runtime: 180313us
Sieve: iterations=25 runtime: 181905us
Sieve: iterations=26 runtime: 180439us
Sieve: iterations=27 runtime: 180297us
Sieve: iterations=28 runtime: 182038us
Sieve: iterations=29 runtime: 180330us
Sieve: iterations=30 runtime: 180331us
Sieve: iterations=31 runtime: 182201us
Sieve: iterations=32 runtime: 180159us
Sieve: iterations=33 runtime: 182018us
Sieve: iterations=34 runtime: 186944us
Sieve: iterations=35 runtime: 180221us
Sieve: iterations=36 runtime: 180218us
Sieve: iterations=37 runtime: 181363us
Sieve: iterations=38 runtime: 180016us
Sieve: iterations=39 runtime: 180073us
Sieve: iterations=40 runtime: 181442us
Sieve: iterations=41 runtime: 180162us
Sieve: iterations=42 runtime: 180110us
Sieve: iterations=43 runtime: 181898us
Sieve: iterations=44 runtime: 180436us
Sieve: iterations=45 runtime: 180370us
Sieve: iterations=46 runtime: 182412us
Sieve: iterations=47 runtime: 180451us
Sieve: iterations=48 runtime: 180319us
Sieve: iterations=49 runtime: 181272us
Sieve: iterations=50 runtime: 180430us
Sieve: iterations=51 runtime: 180206us
Sieve: iterations=52 runtime: 181228us
Sieve: iterations=53 runtime: 180351us
Sieve: iterations=54 runtime: 180520us
Sieve: iterations=55 runtime: 181581us
Sieve: iterations=56 runtime: 180260us
Sieve: iterations=57 runtime: 180287us
Sieve: iterations=58 runtime: 181401us
Sieve: iterations=59 runtime: 180496us
Sieve: iterations=60 runtime: 180086us
Sieve: iterations=61 runtime: 181024us
Sieve: iterations=62 runtime: 180191us
Sieve: iterations=63 runtime: 180103us
Sieve: iterations=64 runtime: 181393us
Sieve: iterations=65 runtime: 180371us
Sieve: iterations=66 runtime: 180267us
Sieve: iterations=67 runtime: 181261us
Sieve: iterations=68 runtime: 180312us
Sieve: iterations=69 runtime: 180076us
Sieve: iterations=70 runtime: 180741us
Sieve: iterations=71 runtime: 180220us
Sieve: iterations=72 runtime: 180270us
Sieve: iterations=73 runtime: 181094us
Sieve: iterations=74 runtime: 180396us
Sieve: iterations=75 runtime: 180252us
Sieve: iterations=76 runtime: 181203us
Sieve: iterations=77 runtime: 180487us
Sieve: iterations=78 runtime: 180561us
Sieve: iterations=79 runtime: 181122us
Sieve: iterations=80 runtime: 180527us
Sieve: iterations=81 runtime: 180623us
Sieve: iterations=82 runtime: 181256us
Sieve: iterations=83 runtime: 180625us
Sieve: iterations=84 runtime: 180341us
Sieve: iterations=85 runtime: 181036us
Sieve: iterations=86 runtime: 180277us
Sieve: iterations=87 runtime: 180241us
Sieve: iterations=88 runtime: 180822us
Sieve: iterations=89 runtime: 180040us
Sieve: iterations=90 runtime: 180380us
Could not locate BlockSlowdown.json
Skipping Loading (this might cause a fatal crash if GTSlowdown is on)
Sieve: iterations=91 runtime: 181096us
Sieve: iterations=92 runtime: 180753us
Sieve: iterations=93 runtime: 180234us
Sieve: iterations=94 runtime: 180825us
Sieve: iterations=95 runtime: 180010us
Sieve: iterations=96 runtime: 179948us
Sieve: iterations=97 runtime: 180717us
Sieve: iterations=98 runtime: 180190us
Sieve: iterations=99 runtime: 180290us
Sieve: iterations=100 runtime: 181105us
Sieve: iterations=101 runtime: 180271us
Sieve: iterations=102 runtime: 180326us
Sieve: iterations=103 runtime: 181293us
Sieve: iterations=104 runtime: 180307us
Sieve: iterations=105 runtime: 180291us
Sieve: iterations=106 runtime: 180808us
Sieve: iterations=107 runtime: 180655us
Sieve: iterations=108 runtime: 180643us
Sieve: iterations=109 runtime: 180948us
Sieve: iterations=110 runtime: 180670us
Sieve: iterations=111 runtime: 180245us
Sieve: iterations=112 runtime: 180842us
Sieve: iterations=113 runtime: 180428us
Sieve: iterations=114 runtime: 180480us
Sieve: iterations=115 runtime: 180970us
Sieve: iterations=116 runtime: 180623us
Sieve: iterations=117 runtime: 180617us
Sieve: iterations=118 runtime: 181307us
Sieve: iterations=119 runtime: 180546us
Sieve: iterations=120 runtime: 180380us
Sieve: iterations=121 runtime: 180314us
Sieve: iterations=122 runtime: 181542us
Sieve: iterations=123 runtime: 180455us
Sieve: iterations=124 runtime: 180466us
Sieve: iterations=125 runtime: 181036us
Sieve: iterations=126 runtime: 180417us
Could not locate BlockSlowdown.json
Skipping Loading (this might cause a fatal crash if GTSlowdown is on)
Sieve: iterations=127 runtime: 180431us
Sieve: iterations=128 runtime: 181103us
Sieve: iterations=129 runtime: 180600us
Sieve: iterations=130 runtime: 180287us
Sieve: iterations=131 runtime: 181222us
Sieve: iterations=132 runtime: 180364us
Sieve: iterations=133 runtime: 180513us
Sieve: iterations=134 runtime: 181042us
Sieve: iterations=135 runtime: 180297us
Sieve: iterations=136 runtime: 180499us
Sieve: iterations=137 runtime: 180864us
Sieve: iterations=138 runtime: 180297us
Sieve: iterations=139 runtime: 180200us
Sieve: iterations=140 runtime: 180951us
Sieve: iterations=141 runtime: 180604us
Sieve: iterations=142 runtime: 180452us
Sieve: iterations=143 runtime: 181206us
Sieve: iterations=144 runtime: 180265us
Sieve: iterations=145 runtime: 180454us
Sieve: iterations=146 runtime: 181169us
Sieve: iterations=147 runtime: 180504us
Sieve: iterations=148 runtime: 180204us
Sieve: iterations=149 runtime: 180753us
Sieve: iterations=150 runtime: 180470us
Sieve: iterations=151 runtime: 180307us
Sieve: iterations=152 runtime: 180605us
Sieve: iterations=153 runtime: 180220us
Sieve: iterations=154 runtime: 180328us
Sieve: iterations=155 runtime: 181075us
Sieve: iterations=156 runtime: 180558us
Sieve: iterations=157 runtime: 180287us
Sieve: iterations=158 runtime: 181266us
Sieve: iterations=159 runtime: 180431us
Sieve: iterations=160 runtime: 180514us
Sieve: iterations=161 runtime: 188417us
Sieve: iterations=162 runtime: 180770us
Sieve: iterations=163 runtime: 180316us
Sieve: iterations=164 runtime: 181431us
Sieve: iterations=165 runtime: 180790us
Sieve: iterations=166 runtime: 180504us
Sieve: iterations=167 runtime: 181073us
Sieve: iterations=168 runtime: 180421us
Sieve: iterations=169 runtime: 180240us
Sieve: iterations=170 runtime: 180662us
Sieve: iterations=171 runtime: 180294us
Sieve: iterations=172 runtime: 180056us
Sieve: iterations=173 runtime: 180872us
Sieve: iterations=174 runtime: 180623us
Sieve: iterations=175 runtime: 180468us
Sieve: iterations=176 runtime: 180979us
Sieve: iterations=177 runtime: 180721us
Sieve: iterations=178 runtime: 179919us
Sieve: iterations=179 runtime: 180945us
Sieve: iterations=180 runtime: 180348us
Sieve: iterations=181 runtime: 180413us
Sieve: iterations=182 runtime: 180641us
Sieve: iterations=183 runtime: 180247us
Sieve: iterations=184 runtime: 180342us
Sieve: iterations=185 runtime: 180766us
Sieve: iterations=186 runtime: 180242us
Sieve: iterations=187 runtime: 180610us
Sieve: iterations=188 runtime: 181269us
Sieve: iterations=189 runtime: 180240us
Sieve: iterations=190 runtime: 180591us
Sieve: iterations=191 runtime: 180973us
Sieve: iterations=192 runtime: 180519us
Sieve: iterations=193 runtime: 180576us
Sieve: iterations=194 runtime: 180698us
Sieve: iterations=195 runtime: 180352us
Sieve: iterations=196 runtime: 180445us
Sieve: iterations=197 runtime: 180977us
Sieve: iterations=198 runtime: 180845us
Sieve: iterations=199 runtime: 180428us
Sieve: iterations=200 runtime: 180808us
Sieve: iterations=201 runtime: 180499us
Sieve: iterations=202 runtime: 180233us
Sieve: iterations=203 runtime: 180401us
Sieve: iterations=204 runtime: 181314us
Sieve: iterations=205 runtime: 180569us
Sieve: iterations=206 runtime: 180501us
Sieve: iterations=207 runtime: 180757us
Sieve: iterations=208 runtime: 180426us
Sieve: iterations=209 runtime: 180298us
Sieve: iterations=210 runtime: 181069us
Sieve: iterations=211 runtime: 180676us
Sieve: iterations=212 runtime: 180486us
Sieve: iterations=213 runtime: 180798us
Sieve: iterations=214 runtime: 180264us
Sieve: iterations=215 runtime: 180330us
Sieve: iterations=216 runtime: 180898us
Sieve: iterations=217 runtime: 180269us
Sieve: iterations=218 runtime: 180439us
Sieve: iterations=219 runtime: 181289us
Sieve: iterations=220 runtime: 180650us
Sieve: iterations=221 runtime: 180270us
Sieve: iterations=222 runtime: 180979us
Sieve: iterations=223 runtime: 180634us
Sieve: iterations=224 runtime: 180548us
Sieve: iterations=225 runtime: 181100us
Sieve: iterations=226 runtime: 180155us
Sieve: iterations=227 runtime: 180123us
Sieve: iterations=228 runtime: 181150us
Sieve: iterations=229 runtime: 180488us
Sieve: iterations=230 runtime: 180602us
Sieve: iterations=231 runtime: 181191us
Sieve: iterations=232 runtime: 180285us
Sieve: iterations=233 runtime: 180273us
Sieve: iterations=234 runtime: 181412us
Sieve: iterations=235 runtime: 180468us
Sieve: iterations=236 runtime: 180288us
Sieve: iterations=237 runtime: 180890us
Sieve: iterations=238 runtime: 182104us
Sieve: iterations=239 runtime: 182967us
Sieve: iterations=240 runtime: 181284us
Sieve: iterations=241 runtime: 180708us
Sieve: iterations=242 runtime: 180797us
Sieve: iterations=243 runtime: 181196us
Sieve: iterations=244 runtime: 180162us
Sieve: iterations=245 runtime: 180355us
Sieve: iterations=246 runtime: 180804us
Sieve: iterations=247 runtime: 180454us
Sieve: iterations=248 runtime: 180309us
Sieve: iterations=249 runtime: 180384us
Sieve: iterations=250 runtime: 180048us
Sieve: iterations=251 runtime: 180636us
Sieve: iterations=252 runtime: 181159us
Sieve: iterations=253 runtime: 180490us
Sieve: iterations=254 runtime: 180418us
Sieve: iterations=255 runtime: 180914us
Sieve: iterations=256 runtime: 180146us
Sieve: iterations=257 runtime: 180381us
Sieve: iterations=258 runtime: 180964us
Sieve: iterations=259 runtime: 180426us
Sieve: iterations=260 runtime: 180515us
Sieve: iterations=261 runtime: 181032us
Sieve: iterations=262 runtime: 180905us
Sieve: iterations=263 runtime: 180934us
Sieve: iterations=264 runtime: 181504us
Sieve: iterations=265 runtime: 180435us
Sieve: iterations=266 runtime: 180313us
Sieve: iterations=267 runtime: 180861us
Sieve: iterations=268 runtime: 180634us
Sieve: iterations=269 runtime: 180432us
Sieve: iterations=270 runtime: 180863us
Sieve: iterations=271 runtime: 180433us
Sieve: iterations=272 runtime: 180163us
Sieve: iterations=273 runtime: 180937us
Sieve: iterations=274 runtime: 180257us
Sieve: iterations=275 runtime: 180269us
Sieve: iterations=276 runtime: 180644us
Sieve: iterations=277 runtime: 180093us
Sieve: iterations=278 runtime: 179935us
Sieve: iterations=279 runtime: 180341us
Sieve: iterations=280 runtime: 180094us
Sieve: iterations=281 runtime: 180456us
Sieve: iterations=282 runtime: 180463us
Sieve: iterations=283 runtime: 180475us
Sieve: iterations=284 runtime: 180335us
Sieve: iterations=285 runtime: 180015us
Sieve: iterations=286 runtime: 180590us
Sieve: iterations=287 runtime: 180072us
Sieve: iterations=288 runtime: 180453us
Sieve: iterations=289 runtime: 180863us
Sieve: iterations=290 runtime: 180328us
Sieve: iterations=291 runtime: 180357us
Sieve: iterations=292 runtime: 180545us
Sieve: iterations=293 runtime: 180141us
Sieve: iterations=294 runtime: 180106us
Sieve: iterations=295 runtime: 181422us
Sieve: iterations=296 runtime: 180592us
Sieve: iterations=297 runtime: 180201us
Sieve: iterations=298 runtime: 180850us
Sieve: iterations=299 runtime: 180114us
Sieve: iterations=300 runtime: 180276us
Sieve: iterations=301 runtime: 181084us
Sieve: iterations=302 runtime: 180337us
Sieve: iterations=303 runtime: 180348us
Sieve: iterations=304 runtime: 180965us
Sieve: iterations=305 runtime: 180331us
Sieve: iterations=306 runtime: 180290us
Sieve: iterations=307 runtime: 181237us
Sieve: iterations=308 runtime: 180253us
Sieve: iterations=309 runtime: 180275us
Sieve: iterations=310 runtime: 181135us
Sieve: iterations=311 runtime: 180166us
Sieve: iterations=312 runtime: 179999us
Sieve: iterations=313 runtime: 180768us
Sieve: iterations=314 runtime: 180093us
Sieve: iterations=315 runtime: 180194us
Sieve: iterations=316 runtime: 180911us
Sieve: iterations=317 runtime: 180233us
Sieve: iterations=318 runtime: 180346us
Sieve: iterations=319 runtime: 181155us
Sieve: iterations=320 runtime: 180393us
Sieve: iterations=321 runtime: 180428us
Sieve: iterations=322 runtime: 181312us
Sieve: iterations=323 runtime: 180431us
Sieve: iterations=324 runtime: 180498us
Sieve: iterations=325 runtime: 181126us
Sieve: iterations=326 runtime: 180404us
Sieve: iterations=327 runtime: 180438us
Sieve: iterations=328 runtime: 180818us
Sieve: iterations=329 runtime: 180393us
Sieve: iterations=330 runtime: 180215us
Sieve: iterations=331 runtime: 180636us
Sieve: iterations=332 runtime: 180237us
Sieve: iterations=333 runtime: 179997us
Sieve: iterations=334 runtime: 180771us
Sieve: iterations=335 runtime: 180418us
Sieve: iterations=336 runtime: 180627us
Sieve: iterations=337 runtime: 181418us
Sieve: iterations=338 runtime: 180467us
Sieve: iterations=339 runtime: 180334us
Sieve: iterations=340 runtime: 180977us
Sieve: iterations=341 runtime: 180388us
Sieve: iterations=342 runtime: 180507us
Sieve: iterations=343 runtime: 180913us
Sieve: iterations=344 runtime: 180354us
Sieve: iterations=345 runtime: 180156us
Sieve: iterations=346 runtime: 180942us
Sieve: iterations=347 runtime: 180160us
Sieve: iterations=348 runtime: 180422us
Sieve: iterations=349 runtime: 181259us
Sieve: iterations=350 runtime: 180373us
Sieve: iterations=351 runtime: 249205us
Sieve: iterations=352 runtime: 181471us
Sieve: iterations=353 runtime: 193671us
Sieve: iterations=354 runtime: 180577us
Sieve: iterations=355 runtime: 180943us
Sieve: iterations=356 runtime: 180096us
Sieve: iterations=357 runtime: 180345us
Sieve: iterations=358 runtime: 180999us
Sieve: iterations=359 runtime: 180415us
Sieve: iterations=360 runtime: 180345us
Sieve: iterations=361 runtime: 181163us
Sieve: iterations=362 runtime: 180186us
Sieve: iterations=363 runtime: 179974us
Sieve: iterations=364 runtime: 180911us
Sieve: iterations=365 runtime: 180817us
Sieve: iterations=366 runtime: 180491us
Sieve: iterations=367 runtime: 180553us
Sieve: iterations=368 runtime: 180857us
Sieve: iterations=369 runtime: 180306us
Sieve: iterations=370 runtime: 180173us
Sieve: iterations=371 runtime: 180476us
Sieve: iterations=372 runtime: 179865us
Sieve: iterations=373 runtime: 180085us
Sieve: iterations=374 runtime: 180898us
Sieve: iterations=375 runtime: 180313us
Sieve: iterations=376 runtime: 180451us
Sieve: iterations=377 runtime: 181331us
Sieve: iterations=378 runtime: 180457us
Sieve: iterations=379 runtime: 180525us
Sieve: iterations=380 runtime: 181045us
Sieve: iterations=381 runtime: 180094us
Sieve: iterations=382 runtime: 180212us
Sieve: iterations=383 runtime: 180464us
Sieve: iterations=384 runtime: 179972us
Sieve: iterations=385 runtime: 180210us
Sieve: iterations=386 runtime: 180344us
Sieve: iterations=387 runtime: 180239us
Sieve: iterations=388 runtime: 180267us
Sieve: iterations=389 runtime: 180986us
Sieve: iterations=390 runtime: 180289us
Sieve: iterations=391 runtime: 180394us
Sieve: iterations=392 runtime: 180807us
Sieve: iterations=393 runtime: 180150us
Sieve: iterations=394 runtime: 180022us
Sieve: iterations=395 runtime: 180957us
Sieve: iterations=396 runtime: 180198us
Sieve: iterations=397 runtime: 180219us
Sieve: iterations=398 runtime: 192093us
Sieve: iterations=399 runtime: 180485us
Sieve: iterations=400 runtime: 180106us
Sieve: iterations=401 runtime: 191657us
Sieve: iterations=402 runtime: 180121us
Sieve: iterations=403 runtime: 180131us
Sieve: iterations=404 runtime: 181314us
Sieve: iterations=405 runtime: 180720us
Sieve: iterations=406 runtime: 180527us
Sieve: iterations=407 runtime: 181072us
Sieve: iterations=408 runtime: 180489us
Sieve: iterations=409 runtime: 180560us
Sieve: iterations=410 runtime: 181688us
Sieve: iterations=411 runtime: 180896us
Could not locate BlockSlowdown.json
Skipping Loading (this might cause a fatal crash if GTSlowdown is on)
Sieve: iterations=412 runtime: 180046us
Sieve: iterations=413 runtime: 181303us
Sieve: iterations=414 runtime: 180600us
Sieve: iterations=415 runtime: 180447us
Sieve: iterations=416 runtime: 181201us
Sieve: iterations=417 runtime: 180155us
Sieve: iterations=418 runtime: 180124us
Sieve: iterations=419 runtime: 181051us
Sieve: iterations=420 runtime: 180557us
Sieve: iterations=421 runtime: 180569us
Sieve: iterations=422 runtime: 181258us
Sieve: iterations=423 runtime: 180305us
Sieve: iterations=424 runtime: 180448us
Sieve: iterations=425 runtime: 181311us
Sieve: iterations=426 runtime: 180409us
Sieve: iterations=427 runtime: 180465us
Sieve: iterations=428 runtime: 181505us
Sieve: iterations=429 runtime: 180444us
Sieve: iterations=430 runtime: 180316us
Sieve: iterations=431 runtime: 180781us
Sieve: iterations=432 runtime: 180522us
Sieve: iterations=433 runtime: 180117us
Sieve: iterations=434 runtime: 180842us
Sieve: iterations=435 runtime: 180262us
Sieve: iterations=436 runtime: 180349us
Sieve: iterations=437 runtime: 181014us
Sieve: iterations=438 runtime: 180265us
Sieve: iterations=439 runtime: 180341us
Sieve: iterations=440 runtime: 181067us
Sieve: iterations=441 runtime: 180497us
Sieve: iterations=442 runtime: 180525us
Sieve: iterations=443 runtime: 180958us
Sieve: iterations=444 runtime: 180513us
Sieve: iterations=445 runtime: 180321us
Sieve: iterations=446 runtime: 181224us
Sieve: iterations=447 runtime: 180080us
Sieve: iterations=448 runtime: 180231us
Sieve: iterations=449 runtime: 180947us
Sieve: iterations=450 runtime: 180498us
Sieve: iterations=451 runtime: 180571us
Sieve: iterations=452 runtime: 180408us
Sieve: iterations=453 runtime: 180943us
Sieve: iterations=454 runtime: 180532us
Sieve: iterations=455 runtime: 180170us
Sieve: iterations=456 runtime: 181505us
Sieve: iterations=457 runtime: 180706us
Sieve: iterations=458 runtime: 180574us
Sieve: iterations=459 runtime: 181474us
Sieve: iterations=460 runtime: 180641us
Sieve: iterations=461 runtime: 180244us
Sieve: iterations=462 runtime: 180958us
Sieve: iterations=463 runtime: 180322us
Sieve: iterations=464 runtime: 180216us
Sieve: iterations=465 runtime: 181762us
Sieve: iterations=466 runtime: 180841us
Sieve: iterations=467 runtime: 180296us
Sieve: iterations=468 runtime: 181598us
Sieve: iterations=469 runtime: 180469us
Sieve: iterations=470 runtime: 180471us
Sieve: iterations=471 runtime: 181304us
Sieve: iterations=472 runtime: 180585us
Sieve: iterations=473 runtime: 180377us
Sieve: iterations=474 runtime: 181192us
Sieve: iterations=475 runtime: 180350us
Sieve: iterations=476 runtime: 180421us
Sieve: iterations=477 runtime: 181215us
Sieve: iterations=478 runtime: 187938us
Sieve: iterations=479 runtime: 180331us
Sieve: iterations=480 runtime: 181011us
Sieve: iterations=481 runtime: 180506us
Sieve: iterations=482 runtime: 180497us
Sieve: iterations=483 runtime: 180885us
Sieve: iterations=484 runtime: 180292us
Sieve: iterations=485 runtime: 179831us
Sieve: iterations=486 runtime: 181264us
Sieve: iterations=487 runtime: 180312us
Sieve: iterations=488 runtime: 180431us
Sieve: iterations=489 runtime: 181423us
Sieve: iterations=490 runtime: 180652us
Sieve: iterations=491 runtime: 180446us
Sieve: iterations=492 runtime: 180909us
Sieve: iterations=493 runtime: 180109us
Sieve: iterations=494 runtime: 180407us
Sieve: iterations=495 runtime: 180749us
Sieve: iterations=496 runtime: 180415us
Sieve: iterations=497 runtime: 180513us
Sieve: iterations=498 runtime: 181184us
Sieve: iterations=499 runtime: 180353us
Sieve: iterations=500 runtime: 180269us
Could not locate BlockSlowdown.json
Skipping Loading (this might cause a fatal crash if GTSlowdown is on)
Sieve: iterations=500 average: 180960us total: 90480404us


Total Runtime: 90480404us
Bubo.RDTSC.Harness.main Total RDTSC cycles: 299996717442
