Could not locate BlockSlowdown.json
Skipping Loading (this might cause a fatal crash if GTSlowdown is on)
Could not locate BlockSlowdown.json
Skipping Loading (this might cause a fatal crash if GTSlowdown is on)
Starting Sieve benchmark ...
Sieve: iterations=1 runtime: 285598us
Sieve: iterations=2 runtime: 263144us
Sieve: iterations=3 runtime: 272241us
Sieve: iterations=4 runtime: 256883us
Sieve: iterations=5 runtime: 254266us
Sieve: iterations=6 runtime: 255116us
Sieve: iterations=7 runtime: 256430us
Sieve: iterations=8 runtime: 253520us
Sieve: iterations=9 runtime: 253238us
Sieve: iterations=10 runtime: 255407us
Sieve: iterations=11 runtime: 253938us
Sieve: iterations=12 runtime: 253966us
Sieve: iterations=13 runtime: 255535us
Sieve: iterations=14 runtime: 254940us
Sieve: iterations=15 runtime: 256002us
Sieve: iterations=16 runtime: 255522us
Sieve: iterations=17 runtime: 253904us
Sieve: iterations=18 runtime: 254040us
Sieve: iterations=19 runtime: 255447us
Sieve: iterations=20 runtime: 253489us
Sieve: iterations=21 runtime: 254359us
Sieve: iterations=22 runtime: 255645us
Sieve: iterations=23 runtime: 253221us
Sieve: iterations=24 runtime: 253553us
Sieve: iterations=25 runtime: 254824us
Sieve: iterations=26 runtime: 253737us
Sieve: iterations=27 runtime: 253532us
Sieve: iterations=28 runtime: 255207us
Sieve: iterations=29 runtime: 253295us
Sieve: iterations=30 runtime: 253327us
Sieve: iterations=31 runtime: 255018us
Sieve: iterations=32 runtime: 253682us
Sieve: iterations=33 runtime: 254122us
Sieve: iterations=34 runtime: 255334us
Sieve: iterations=35 runtime: 253944us
Sieve: iterations=36 runtime: 253919us
Sieve: iterations=37 runtime: 255208us
Sieve: iterations=38 runtime: 254101us
Sieve: iterations=39 runtime: 253564us
Sieve: iterations=40 runtime: 255426us
Sieve: iterations=41 runtime: 253725us
Sieve: iterations=42 runtime: 253894us
Sieve: iterations=43 runtime: 255797us
Sieve: iterations=44 runtime: 254043us
Sieve: iterations=45 runtime: 253951us
Sieve: iterations=46 runtime: 255949us
Sieve: iterations=47 runtime: 253580us
Sieve: iterations=48 runtime: 253932us
Sieve: iterations=49 runtime: 254606us
Sieve: iterations=50 runtime: 253319us
Sieve: iterations=51 runtime: 253612us
Sieve: iterations=52 runtime: 255302us
Sieve: iterations=53 runtime: 254052us
Sieve: iterations=54 runtime: 254078us
Sieve: iterations=55 runtime: 254812us
Sieve: iterations=56 runtime: 254477us
Sieve: iterations=57 runtime: 254546us
Sieve: iterations=58 runtime: 254686us
Sieve: iterations=59 runtime: 253818us
Sieve: iterations=60 runtime: 254057us
Sieve: iterations=61 runtime: 254861us
Sieve: iterations=62 runtime: 253667us
Sieve: iterations=63 runtime: 253940us
Sieve: iterations=64 runtime: 254719us
Sieve: iterations=65 runtime: 254303us
Sieve: iterations=66 runtime: 254299us
Sieve: iterations=67 runtime: 254583us
Sieve: iterations=68 runtime: 254207us
Sieve: iterations=69 runtime: 254333us
Sieve: iterations=70 runtime: 255386us
Sieve: iterations=71 runtime: 254638us
Sieve: iterations=72 runtime: 254151us
Sieve: iterations=73 runtime: 254756us
Sieve: iterations=74 runtime: 254428us
Sieve: iterations=75 runtime: 254563us
Sieve: iterations=76 runtime: 255031us
Sieve: iterations=77 runtime: 253651us
Sieve: iterations=78 runtime: 253653us
Sieve: iterations=79 runtime: 254993us
Sieve: iterations=80 runtime: 254704us
Sieve: iterations=81 runtime: 255105us
Sieve: iterations=82 runtime: 255446us
Sieve: iterations=83 runtime: 253848us
Sieve: iterations=84 runtime: 254004us
Sieve: iterations=85 runtime: 254624us
Sieve: iterations=86 runtime: 253855us
Sieve: iterations=87 runtime: 253780us
Sieve: iterations=88 runtime: 254804us
Sieve: iterations=89 runtime: 254699us
Sieve: iterations=90 runtime: 254330us
Could not locate BlockSlowdown.json
Skipping Loading (this might cause a fatal crash if GTSlowdown is on)
Sieve: iterations=91 runtime: 254920us
Sieve: iterations=92 runtime: 254564us
Sieve: iterations=93 runtime: 254117us
Sieve: iterations=94 runtime: 254686us
Sieve: iterations=95 runtime: 254245us
Sieve: iterations=96 runtime: 254005us
Sieve: iterations=97 runtime: 254908us
Sieve: iterations=98 runtime: 254638us
Sieve: iterations=99 runtime: 254143us
Sieve: iterations=100 runtime: 254676us
Sieve: iterations=101 runtime: 254069us
Sieve: iterations=102 runtime: 254030us
Sieve: iterations=103 runtime: 254754us
Sieve: iterations=104 runtime: 253479us
Sieve: iterations=105 runtime: 257350us
Sieve: iterations=106 runtime: 255270us
Sieve: iterations=107 runtime: 252999us
Sieve: iterations=108 runtime: 253168us
Sieve: iterations=109 runtime: 254061us
Sieve: iterations=110 runtime: 254162us
Sieve: iterations=111 runtime: 254116us
Sieve: iterations=112 runtime: 254828us
Sieve: iterations=113 runtime: 254509us
Sieve: iterations=114 runtime: 253809us
Sieve: iterations=115 runtime: 254826us
Sieve: iterations=116 runtime: 254032us
Sieve: iterations=117 runtime: 253749us
Sieve: iterations=118 runtime: 254754us
Sieve: iterations=119 runtime: 254798us
Sieve: iterations=120 runtime: 254201us
Sieve: iterations=121 runtime: 254310us
Sieve: iterations=122 runtime: 255177us
Sieve: iterations=123 runtime: 254114us
Sieve: iterations=124 runtime: 254182us
Sieve: iterations=125 runtime: 255080us
Sieve: iterations=126 runtime: 254018us
Could not locate BlockSlowdown.json
Skipping Loading (this might cause a fatal crash if GTSlowdown is on)
Sieve: iterations=127 runtime: 253775us
Sieve: iterations=128 runtime: 255123us
Sieve: iterations=129 runtime: 253332us
Sieve: iterations=130 runtime: 253458us
Sieve: iterations=131 runtime: 254429us
Sieve: iterations=132 runtime: 253814us
Sieve: iterations=133 runtime: 253293us
Sieve: iterations=134 runtime: 255571us
Sieve: iterations=135 runtime: 254263us
Sieve: iterations=136 runtime: 253624us
Sieve: iterations=137 runtime: 255001us
Sieve: iterations=138 runtime: 253708us
Sieve: iterations=139 runtime: 253376us
Sieve: iterations=140 runtime: 254924us
Sieve: iterations=141 runtime: 253921us
Sieve: iterations=142 runtime: 253886us
Sieve: iterations=143 runtime: 254229us
Sieve: iterations=144 runtime: 253578us
Sieve: iterations=145 runtime: 253619us
Sieve: iterations=146 runtime: 254615us
Sieve: iterations=147 runtime: 253746us
Sieve: iterations=148 runtime: 253560us
Sieve: iterations=149 runtime: 254427us
Sieve: iterations=150 runtime: 253842us
Sieve: iterations=151 runtime: 253504us
Sieve: iterations=152 runtime: 255136us
Sieve: iterations=153 runtime: 254555us
Sieve: iterations=154 runtime: 254333us
Sieve: iterations=155 runtime: 255412us
Sieve: iterations=156 runtime: 254495us
Sieve: iterations=157 runtime: 253868us
Sieve: iterations=158 runtime: 254815us
Sieve: iterations=159 runtime: 253728us
Sieve: iterations=160 runtime: 254393us
Sieve: iterations=161 runtime: 255271us
Sieve: iterations=162 runtime: 254589us
Sieve: iterations=163 runtime: 254276us
Sieve: iterations=164 runtime: 254410us
Sieve: iterations=165 runtime: 253268us
Sieve: iterations=166 runtime: 253489us
Sieve: iterations=167 runtime: 254951us
Sieve: iterations=168 runtime: 254844us
Sieve: iterations=169 runtime: 254106us
Sieve: iterations=170 runtime: 253968us
Sieve: iterations=171 runtime: 253445us
Sieve: iterations=172 runtime: 253754us
Sieve: iterations=173 runtime: 254656us
Sieve: iterations=174 runtime: 253744us
Sieve: iterations=175 runtime: 253701us
Sieve: iterations=176 runtime: 254690us
Sieve: iterations=177 runtime: 254116us
Sieve: iterations=178 runtime: 254095us
Sieve: iterations=179 runtime: 254946us
Sieve: iterations=180 runtime: 253700us
Sieve: iterations=181 runtime: 253709us
Sieve: iterations=182 runtime: 254849us
Sieve: iterations=183 runtime: 254182us
Sieve: iterations=184 runtime: 254090us
Sieve: iterations=185 runtime: 254515us
Sieve: iterations=186 runtime: 254312us
Sieve: iterations=187 runtime: 254241us
Sieve: iterations=188 runtime: 255146us
Sieve: iterations=189 runtime: 254039us
Sieve: iterations=190 runtime: 253747us
Sieve: iterations=191 runtime: 254619us
Sieve: iterations=192 runtime: 253713us
Sieve: iterations=193 runtime: 254058us
Sieve: iterations=194 runtime: 260397us
Sieve: iterations=195 runtime: 254013us
Sieve: iterations=196 runtime: 254424us
Sieve: iterations=197 runtime: 254769us
Sieve: iterations=198 runtime: 254207us
Sieve: iterations=199 runtime: 253679us
Sieve: iterations=200 runtime: 254385us
Sieve: iterations=201 runtime: 253451us
Sieve: iterations=202 runtime: 253599us
Sieve: iterations=203 runtime: 253075us
Sieve: iterations=204 runtime: 255155us
Sieve: iterations=205 runtime: 253967us
Sieve: iterations=206 runtime: 253894us
Sieve: iterations=207 runtime: 254834us
Sieve: iterations=208 runtime: 254165us
Sieve: iterations=209 runtime: 254323us
Sieve: iterations=210 runtime: 255325us
Sieve: iterations=211 runtime: 254283us
Sieve: iterations=212 runtime: 253973us
Sieve: iterations=213 runtime: 254780us
Sieve: iterations=214 runtime: 253840us
Sieve: iterations=215 runtime: 253500us
Sieve: iterations=216 runtime: 254325us
Sieve: iterations=217 runtime: 254158us
Sieve: iterations=218 runtime: 254360us
Sieve: iterations=219 runtime: 254994us
Sieve: iterations=220 runtime: 254136us
Sieve: iterations=221 runtime: 253696us
Sieve: iterations=222 runtime: 255139us
Sieve: iterations=223 runtime: 254346us
Sieve: iterations=224 runtime: 254396us
Sieve: iterations=225 runtime: 254890us
Sieve: iterations=226 runtime: 253793us
Sieve: iterations=227 runtime: 253810us
Sieve: iterations=228 runtime: 254882us
Sieve: iterations=229 runtime: 253519us
Sieve: iterations=230 runtime: 253718us
Sieve: iterations=231 runtime: 254698us
Sieve: iterations=232 runtime: 254827us
Sieve: iterations=233 runtime: 254594us
Sieve: iterations=234 runtime: 254984us
Sieve: iterations=235 runtime: 254169us
Sieve: iterations=236 runtime: 253956us
Sieve: iterations=237 runtime: 253719us
Sieve: iterations=238 runtime: 253233us
Sieve: iterations=239 runtime: 253364us
Sieve: iterations=240 runtime: 254249us
Sieve: iterations=241 runtime: 253907us
Sieve: iterations=242 runtime: 254150us
Sieve: iterations=243 runtime: 255385us
Sieve: iterations=244 runtime: 254647us
Sieve: iterations=245 runtime: 254268us
Sieve: iterations=246 runtime: 255013us
Sieve: iterations=247 runtime: 254570us
Sieve: iterations=248 runtime: 254240us
Sieve: iterations=249 runtime: 254984us
Sieve: iterations=250 runtime: 256635us
Sieve: iterations=251 runtime: 253588us
Sieve: iterations=252 runtime: 254719us
Sieve: iterations=253 runtime: 254195us
Sieve: iterations=254 runtime: 254077us
Sieve: iterations=255 runtime: 254551us
Sieve: iterations=256 runtime: 253813us
Sieve: iterations=257 runtime: 253840us
Sieve: iterations=258 runtime: 254956us
Sieve: iterations=259 runtime: 253588us
Sieve: iterations=260 runtime: 253080us
Sieve: iterations=261 runtime: 254112us
Sieve: iterations=262 runtime: 254335us
Sieve: iterations=263 runtime: 254146us
Sieve: iterations=264 runtime: 255317us
Sieve: iterations=265 runtime: 254369us
Sieve: iterations=266 runtime: 254136us
Sieve: iterations=267 runtime: 254858us
Sieve: iterations=268 runtime: 254363us
Sieve: iterations=269 runtime: 253941us
Sieve: iterations=270 runtime: 254763us
Sieve: iterations=271 runtime: 253992us
Sieve: iterations=272 runtime: 254227us
Sieve: iterations=273 runtime: 254858us
Sieve: iterations=274 runtime: 253996us
Sieve: iterations=275 runtime: 253949us
Sieve: iterations=276 runtime: 254226us
Sieve: iterations=277 runtime: 253656us
Sieve: iterations=278 runtime: 253877us
Sieve: iterations=279 runtime: 254283us
Sieve: iterations=280 runtime: 253997us
Sieve: iterations=281 runtime: 253623us
Sieve: iterations=282 runtime: 254341us
Sieve: iterations=283 runtime: 254763us
Sieve: iterations=284 runtime: 254299us
Sieve: iterations=285 runtime: 253987us
Sieve: iterations=286 runtime: 254793us
Sieve: iterations=287 runtime: 254512us
Sieve: iterations=288 runtime: 254679us
Sieve: iterations=289 runtime: 255096us
Sieve: iterations=290 runtime: 254165us
Sieve: iterations=291 runtime: 254171us
Sieve: iterations=292 runtime: 254437us
Sieve: iterations=293 runtime: 254190us
Sieve: iterations=294 runtime: 253982us
Sieve: iterations=295 runtime: 255133us
Sieve: iterations=296 runtime: 254228us
Sieve: iterations=297 runtime: 254223us
Sieve: iterations=298 runtime: 254556us
Sieve: iterations=299 runtime: 253243us
Sieve: iterations=300 runtime: 253655us
Sieve: iterations=301 runtime: 254735us
Sieve: iterations=302 runtime: 254156us
Sieve: iterations=303 runtime: 254651us
Sieve: iterations=304 runtime: 254920us
Sieve: iterations=305 runtime: 253959us
Sieve: iterations=306 runtime: 253940us
Sieve: iterations=307 runtime: 254558us
Sieve: iterations=308 runtime: 254188us
Sieve: iterations=309 runtime: 253326us
Sieve: iterations=310 runtime: 254720us
Sieve: iterations=311 runtime: 254013us
Sieve: iterations=312 runtime: 253578us
Sieve: iterations=313 runtime: 253561us
Sieve: iterations=314 runtime: 252852us
Sieve: iterations=315 runtime: 252835us
Sieve: iterations=316 runtime: 253616us
Sieve: iterations=317 runtime: 253928us
Sieve: iterations=318 runtime: 253839us
Sieve: iterations=319 runtime: 254138us
Sieve: iterations=320 runtime: 253259us
Sieve: iterations=321 runtime: 253354us
Sieve: iterations=322 runtime: 254198us
Sieve: iterations=323 runtime: 253668us
Sieve: iterations=324 runtime: 253768us
Sieve: iterations=325 runtime: 254845us
Sieve: iterations=326 runtime: 254358us
Sieve: iterations=327 runtime: 254015us
Sieve: iterations=328 runtime: 254469us
Sieve: iterations=329 runtime: 254095us
Sieve: iterations=330 runtime: 254241us
Sieve: iterations=331 runtime: 254657us
Sieve: iterations=332 runtime: 254084us
Sieve: iterations=333 runtime: 254091us
Sieve: iterations=334 runtime: 254024us
Sieve: iterations=335 runtime: 253557us
Sieve: iterations=336 runtime: 253532us
Sieve: iterations=337 runtime: 254069us
Sieve: iterations=338 runtime: 253786us
Sieve: iterations=339 runtime: 253813us
Sieve: iterations=340 runtime: 253973us
Sieve: iterations=341 runtime: 258778us
Sieve: iterations=342 runtime: 253060us
Sieve: iterations=343 runtime: 253360us
Sieve: iterations=344 runtime: 252979us
Sieve: iterations=345 runtime: 252879us
Sieve: iterations=346 runtime: 253669us
Sieve: iterations=347 runtime: 253286us
Sieve: iterations=348 runtime: 253047us
Sieve: iterations=349 runtime: 253221us
Sieve: iterations=350 runtime: 252919us
Sieve: iterations=351 runtime: 253324us
Sieve: iterations=352 runtime: 254147us
Sieve: iterations=353 runtime: 254161us
Sieve: iterations=354 runtime: 253811us
Sieve: iterations=355 runtime: 254711us
Sieve: iterations=356 runtime: 254739us
Sieve: iterations=357 runtime: 254155us
Sieve: iterations=358 runtime: 254382us
Sieve: iterations=359 runtime: 254359us
Sieve: iterations=360 runtime: 254372us
Sieve: iterations=361 runtime: 254654us
Sieve: iterations=362 runtime: 253985us
Sieve: iterations=363 runtime: 253901us
Sieve: iterations=364 runtime: 254661us
Sieve: iterations=365 runtime: 253819us
Sieve: iterations=366 runtime: 253809us
Sieve: iterations=367 runtime: 254160us
Sieve: iterations=368 runtime: 254156us
Sieve: iterations=369 runtime: 253964us
Sieve: iterations=370 runtime: 254675us
Sieve: iterations=371 runtime: 254926us
Sieve: iterations=372 runtime: 253402us
Sieve: iterations=373 runtime: 253131us
Sieve: iterations=374 runtime: 255011us
Sieve: iterations=375 runtime: 253811us
Sieve: iterations=376 runtime: 254044us
Sieve: iterations=377 runtime: 254221us
Sieve: iterations=378 runtime: 253356us
Sieve: iterations=379 runtime: 253548us
Sieve: iterations=380 runtime: 254578us
Sieve: iterations=381 runtime: 254474us
Sieve: iterations=382 runtime: 254223us
Sieve: iterations=383 runtime: 254930us
Sieve: iterations=384 runtime: 254310us
Sieve: iterations=385 runtime: 254663us
Sieve: iterations=386 runtime: 254611us
Sieve: iterations=387 runtime: 253763us
Sieve: iterations=388 runtime: 253994us
Sieve: iterations=389 runtime: 254476us
Sieve: iterations=390 runtime: 253824us
Sieve: iterations=391 runtime: 254133us
Sieve: iterations=392 runtime: 254460us
Sieve: iterations=393 runtime: 254072us
Sieve: iterations=394 runtime: 254217us
Sieve: iterations=395 runtime: 255258us
Sieve: iterations=396 runtime: 254779us
Sieve: iterations=397 runtime: 253760us
Sieve: iterations=398 runtime: 254558us
Sieve: iterations=399 runtime: 253935us
Sieve: iterations=400 runtime: 253517us
Sieve: iterations=401 runtime: 254270us
Sieve: iterations=402 runtime: 254014us
Sieve: iterations=403 runtime: 253740us
Sieve: iterations=404 runtime: 253807us
Sieve: iterations=405 runtime: 253483us
Sieve: iterations=406 runtime: 253878us
Sieve: iterations=407 runtime: 254530us
Sieve: iterations=408 runtime: 254249us
Sieve: iterations=409 runtime: 253921us
Sieve: iterations=410 runtime: 254474us
Sieve: iterations=411 runtime: 253962us
Could not locate BlockSlowdown.json
Skipping Loading (this might cause a fatal crash if GTSlowdown is on)
Sieve: iterations=412 runtime: 253512us
Sieve: iterations=413 runtime: 254717us
Sieve: iterations=414 runtime: 253690us
Sieve: iterations=415 runtime: 253536us
Sieve: iterations=416 runtime: 254594us
Sieve: iterations=417 runtime: 254370us
Sieve: iterations=418 runtime: 254261us
Sieve: iterations=419 runtime: 254648us
Sieve: iterations=420 runtime: 254252us
Sieve: iterations=421 runtime: 253393us
Sieve: iterations=422 runtime: 254084us
Sieve: iterations=423 runtime: 253711us
Sieve: iterations=424 runtime: 253513us
Sieve: iterations=425 runtime: 254011us
Sieve: iterations=426 runtime: 253774us
Sieve: iterations=427 runtime: 253909us
Sieve: iterations=428 runtime: 253973us
Sieve: iterations=429 runtime: 253544us
Sieve: iterations=430 runtime: 253614us
Sieve: iterations=431 runtime: 256946us
Sieve: iterations=432 runtime: 256365us
Sieve: iterations=433 runtime: 253900us
Sieve: iterations=434 runtime: 254307us
Sieve: iterations=435 runtime: 253274us
Sieve: iterations=436 runtime: 253494us
Sieve: iterations=437 runtime: 254509us
Sieve: iterations=438 runtime: 253889us
Sieve: iterations=439 runtime: 254246us
Sieve: iterations=440 runtime: 254830us
Sieve: iterations=441 runtime: 254573us
Sieve: iterations=442 runtime: 254386us
Sieve: iterations=443 runtime: 254961us
Sieve: iterations=444 runtime: 254785us
Sieve: iterations=445 runtime: 254524us
Sieve: iterations=446 runtime: 254796us
Sieve: iterations=447 runtime: 253733us
Sieve: iterations=448 runtime: 254159us
Sieve: iterations=449 runtime: 254817us
Sieve: iterations=450 runtime: 254365us
Sieve: iterations=451 runtime: 253393us
Sieve: iterations=452 runtime: 253578us
Sieve: iterations=453 runtime: 254811us
Sieve: iterations=454 runtime: 253986us
Sieve: iterations=455 runtime: 253937us
Sieve: iterations=456 runtime: 254812us
Sieve: iterations=457 runtime: 254486us
Sieve: iterations=458 runtime: 254270us
Sieve: iterations=459 runtime: 254780us
Sieve: iterations=460 runtime: 254324us
Sieve: iterations=461 runtime: 254540us
Sieve: iterations=462 runtime: 254736us
Sieve: iterations=463 runtime: 254007us
Sieve: iterations=464 runtime: 254077us
Sieve: iterations=465 runtime: 254410us
Sieve: iterations=466 runtime: 253728us
Sieve: iterations=467 runtime: 253682us
Sieve: iterations=468 runtime: 253861us
Sieve: iterations=469 runtime: 253883us
Sieve: iterations=470 runtime: 253569us
Sieve: iterations=471 runtime: 254209us
Sieve: iterations=472 runtime: 253231us
Sieve: iterations=473 runtime: 253672us
Sieve: iterations=474 runtime: 253600us
Sieve: iterations=475 runtime: 253036us
Sieve: iterations=476 runtime: 253116us
Sieve: iterations=477 runtime: 253341us
Sieve: iterations=478 runtime: 253366us
Sieve: iterations=479 runtime: 253836us
Sieve: iterations=480 runtime: 254072us
Sieve: iterations=481 runtime: 253623us
Sieve: iterations=482 runtime: 253411us
Sieve: iterations=483 runtime: 254081us
Sieve: iterations=484 runtime: 254261us
Sieve: iterations=485 runtime: 254017us
Sieve: iterations=486 runtime: 256810us
Sieve: iterations=487 runtime: 253355us
Sieve: iterations=488 runtime: 253784us
Sieve: iterations=489 runtime: 254785us
Sieve: iterations=490 runtime: 253826us
Sieve: iterations=491 runtime: 253815us
Sieve: iterations=492 runtime: 254383us
Sieve: iterations=493 runtime: 253781us
Sieve: iterations=494 runtime: 253504us
Sieve: iterations=495 runtime: 254160us
Sieve: iterations=496 runtime: 254087us
Sieve: iterations=497 runtime: 254099us
Sieve: iterations=498 runtime: 254575us
Sieve: iterations=499 runtime: 254287us
Sieve: iterations=500 runtime: 253575us
Could not locate BlockSlowdown.json
Skipping Loading (this might cause a fatal crash if GTSlowdown is on)
Sieve: iterations=500 average: 254355us total: 127177614us


Total Runtime: 127177614us
Bubo.RDTSC.Harness.main Total RDTSC cycles: 421516887738
Comp 52 (java.util.ImmutableCollections$SetN$SetNIterator.next()) loops:
Found Encoding : 0:-1
└── Loop 0
  loop 0 Cycles: 242408 || Activation Count:4227| LoopCallCount: 0 |  Source: -at java.util.ImmutableCollections$SetN$SetNIterator.next(ImmutableCollections.java:1213) [bci: 21] | -at java.util.ImmutableCollections$SetN$SetNIterator.next(ImmutableCollections.java:1223) [bci: 65]
Comp 57 (java.util.HashMap.putVal(int,) loops:
Found Encoding : 0:-1
└── Loop 0
  loop 0 Cycles: 7100 || Activation Count:177| LoopCallCount: 0 |  Source: -at java.util.HashMap.putVal(HashMap.java:648) [bci: 134] | -at java.util.HashMap.putVal(HashMap.java:649) [bci: 145]
Comp 58 (java.lang.String.equals(Object)) loops:
Found Encoding : 0:-1
└── Loop 0
  loop 0 Cycles: 3862 || Activation Count:49| LoopCallCount: 0 |  Source: -at java.lang.StringLatin1.equals(StringLatin1.java:100) [bci: 9]
-at java.lang.String.equals(String.java:1926) [bci: 44] | -at java.lang.StringLatin1.equals(StringLatin1.java:105) [bci: 32]
-at java.lang.String.equals(String.java:1926) [bci: 44]
Comp 73 (java.util.HashMap.resize()) loops:
Found Encoding : 2:-1,0:-1,1:0
├── Loop 2
└── Loop 0
    └── Loop 1
  loop 0 Cycles: 24390 || Activation Count:7| LoopCallCount: 0 |  Source: -at java.util.HashMap.resize(HashMap.java:714) [bci: 151] | -at java.util.HashMap.resize(HashMap.java:755) [bci: 353]
  loop 1 Cycles: 6538 || Activation Count:75| LoopCallCount: 0 |  Source: -at java.util.HashMap.resize(HashMap.java:727) [bci: 235] | -at java.util.HashMap.resize(HashMap.java:743) [bci: 309]
  loop 2 Cycles: 13456 || Activation Count:245| LoopCallCount: 0 |  Source: -at jdk.graal.compiler.hotspot.replacements.HotSpotAllocationSnippets.allocateArray(KlassPointer, int, int, int, AllocationSnippets$FillContent, int, boolean, boolean, boolean, boolean, HotSpotAllocationSnippets$HotSpotAllocationProfilingData, boolea
Comp 84 (jdk.internal.util.ArraysSupport.unsignedHashCode(int,) loops:
Found Encoding : 0:-1,1:-1,2:-1
├── Loop 0
├── Loop 1
└── Loop 2
  loop 0 Cycles: 412 || Activation Count:1| LoopCallCount: 0 |  Source: -at jdk.internal.util.ArraysSupport.unsignedHashCode(ArraysSupport.java:378) [bci: 8] | -at jdk.internal.util.ArraysSupport.unsignedHashCode(ArraysSupport.java:381) [bci: 34]
  loop 1 Cycles: 96 || Activation Count:1| LoopCallCount: 0 |  Source: Source Missing | -at jdk.internal.util.ArraysSupport.unsignedHashCode(ArraysSupport.java:381) [bci: 34]
  loop 2 Cycles: 90 || Activation Count:1| LoopCallCount: 0 |  Source: Source Missing | -at jdk.internal.util.ArraysSupport.unsignedHashCode(ArraysSupport.java:381) [bci: 34]
Comp 85 (jdk.internal.util.ArraysSupport.unsignedHashCode(int,-Re-Comp) loops:
Found Encoding : 0:-1,1:-1,2:-1
├── Loop 0
├── Loop 1
└── Loop 2
  loop 0 Cycles: 89944 || Activation Count:1676| LoopCallCount: 0 |  Source: -at jdk.internal.util.ArraysSupport.unsignedHashCode(ArraysSupport.java:378) [bci: 8] | -at jdk.internal.util.ArraysSupport.unsignedHashCode(ArraysSupport.java:381) [bci: 34]
  loop 1 Cycles: 111430 || Activation Count:1676| LoopCallCount: 0 |  Source: Source Missing | -at jdk.internal.util.ArraysSupport.unsignedHashCode(ArraysSupport.java:381) [bci: 34]
  loop 2 Cycles: 95194 || Activation Count:1676| LoopCallCount: 0 |  Source: Source Missing | -at jdk.internal.util.ArraysSupport.unsignedHashCode(ArraysSupport.java:381) [bci: 34]
Comp 87 (java.lang.StringCoding.countPositives(byte[],) loops:
Found Encoding : 0:-1
└── Loop 0
  loop 0 Cycles: 418 || Activation Count:1| LoopCallCount: 0 |  Source: -at java.lang.StringCoding.countPositives(StringCoding.java:92) [bci: 7] | -at java.lang.StringCoding.countPositives(StringCoding.java:97) [bci: 31]
Comp 88 (java.lang.StringCoding.countPositives(byte[],-Re-Comp) loops:
Found Encoding : 0:-1
└── Loop 0
  loop 0 Cycles: 10934 || Activation Count:66| LoopCallCount: 0 |  Source: -at java.lang.StringCoding.countPositives(StringCoding.java:92) [bci: 7] | -at java.lang.StringCoding.countPositives(StringCoding.java:97) [bci: 31]
Comp 138 (java.lang.StringLatin1.equals(byte[],) loops:
Found Encoding : 0:-1
└── Loop 0
  loop 0 Cycles: 18622 || Activation Count:116| LoopCallCount: 0 |  Source: -at java.lang.StringLatin1.equals(StringLatin1.java:100) [bci: 9] | -at java.lang.StringLatin1.equals(StringLatin1.java:105) [bci: 32]
Comp 140 (java.util.Properties$LineReader.readLine()) loops:
Found Encoding : 5:-1,3:-1,4:3,0:-1,1:0,2:1
├── Loop 5
├── Loop 3
│   └── Loop 4
└── Loop 0
    └── Loop 1
        └── Loop 2
  loop 1 Cycles: 239150 || Activation Count:90| LoopCallCount: 1 |  Source: -at java.util.Properties$LineReader.readLine(Properties.java:538) [bci: 219] | -at java.util.Properties$LineReader.readLine(Properties.java:543) [bci: 259]
  loop 2 Cycles: 12142 || Activation Count:91| LoopCallCount: 0 |  Source: -at java.util.Properties$LineReader.readLine(Properties.java:540) [bci: 224] | -at java.util.Properties$LineReader.readLine(Properties.java:543) [bci: 259]
  loop 5 Cycles: 642 || Activation Count:1| LoopCallCount: 0 |  Source: -at java.util.Properties$LineReader.readLine(Properties.java:540) [bci: 224] | -at java.util.Properties$LineReader.readLine(Properties.java:543) [bci: 259]
Comp 141 (java.util.Properties$LineReader.readLine()-Re-Comp) loops:
Found Encoding : 0:-1,1:0,2:1
└── Loop 0
    └── Loop 1
        └── Loop 2
  loop 1 Cycles: 3538 || Activation Count:14| LoopCallCount: 1 |  Source: -at java.util.Properties$LineReader.readLine(Properties.java:538) [bci: 219] | -at java.util.Properties$LineReader.readLine(Properties.java:543) [bci: 259]
  loop 2 Cycles: 1776 || Activation Count:14| LoopCallCount: 0 |  Source: -at java.util.Properties$LineReader.readLine(Properties.java:540) [bci: 224] | -at java.util.Properties$LineReader.readLine(Properties.java:545) [bci: 262]
Comp 142 (java.util.Properties$LineReader.readLine()-Re-Comp) loops:
Found Encoding : 5:-1,3:-1,4:3,0:-1,1:0,2:1
├── Loop 5
├── Loop 3
│   └── Loop 4
└── Loop 0
    └── Loop 1
        └── Loop 2
  loop 0 Cycles: 37922 || Activation Count:1| LoopCallCount: 2 |  Source: -at java.util.Properties$LineReader.readLine(Properties.java:504) [bci: 53] | -at java.util.Properties$LineReader.readLine(Properties.java:615) [bci: 577]
  loop 1 Cycles: 27460 || Activation Count:131| LoopCallCount: 1 |  Source: -at java.util.Properties$LineReader.readLine(Properties.java:538) [bci: 219] | -at java.util.Properties$LineReader.readLine(Properties.java:543) [bci: 259]
  loop 2 Cycles: 15050 || Activation Count:131| LoopCallCount: 0 |  Source: -at java.util.Properties$LineReader.readLine(Properties.java:540) [bci: 224] | -at java.util.Properties$LineReader.readLine(Properties.java:543) [bci: 259]
  loop 5 Cycles: 1426 || Activation Count:1| LoopCallCount: 0 |  Source: -at java.util.Properties$LineReader.readLine(Properties.java:540) [bci: 224] | -at java.util.Properties$LineReader.readLine(Properties.java:543) [bci: 259]
Comp 143 (java.util.Properties$LineReader.readLine()-Re-Comp) loops:
Found Encoding : 0:-1,1:0,2:1
└── Loop 0
    └── Loop 1
        └── Loop 2
  loop 0 Cycles: 326270 || Activation Count:6| LoopCallCount: 2 |  Source: -at java.util.Properties$LineReader.readLine(Properties.java:504) [bci: 53] | -at java.util.Properties$LineReader.readLine(Properties.java:615) [bci: 577]
  loop 1 Cycles: 386462 || Activation Count:374| LoopCallCount: 1 |  Source: -at java.util.Properties$LineReader.readLine(Properties.java:538) [bci: 219] | -at java.util.Properties$LineReader.readLine(Properties.java:543) [bci: 259]
  loop 2 Cycles: 48624 || Activation Count:377| LoopCallCount: 0 |  Source: -at java.util.Properties$LineReader.readLine(Properties.java:540) [bci: 224] | -at java.util.Properties$LineReader.readLine(Properties.java:545) [bci: 262]
Comp 168 (Sieve.sieve(boolean[],) loops:
Found Encoding : 1:-1,0:-1,2:0
├── Loop 1
└── Loop 0
    └── Loop 2
  loop 0 Cycles: 76774 || Activation Count:1| LoopCallCount: 0 |  Source: -at Sieve.sieve(boolean[], int) [bci: 5] | -at Sieve.sieve(boolean[], int) [bci: 59]
  loop 1 Cycles: 2002 || Activation Count:1| LoopCallCount: 0 |  Source: Source Missing | -at Sieve.sieve(boolean[], int) [bci: 53]
  loop 2 Cycles: 25320 || Activation Count:364| LoopCallCount: 0 |  Source: Source Missing | -at Sieve.sieve(boolean[], int) [bci: 53]
Comp 169 (Sieve.sieve(boolean[],-Re-Comp) loops:
Found Encoding : 0:-1,1:0
└── Loop 0
    └── Loop 1
  loop 0 Cycles: 509461828 || Activation Count:6782| LoopCallCount: 0 |  Source: -at Sieve.sieve(boolean[], int) [bci: 5] | -at Sieve.sieve(boolean[], int) [bci: 59]
  loop 1 Cycles: 250225052 || Activation Count:2488994| LoopCallCount: 0 |  Source: -at Sieve.sieve(boolean[], int) [bci: 30] | -at Sieve.sieve(boolean[], int) [bci: 53]
Comp 170 (java.util.Arrays.fill(boolean[],) loops:
Found Encoding : 0:-1,1:-1,2:-1
├── Loop 0
├── Loop 1
└── Loop 2
  loop 0 Cycles: 1334 || Activation Count:1| LoopCallCount: 0 |  Source: Source Missing | -at java.util.Arrays.fill(Arrays.java:3320) [bci: 20]
  loop 1 Cycles: 4986 || Activation Count:1| LoopCallCount: 0 |  Source: Source Missing | -at java.util.Arrays.fill(Arrays.java:3320) [bci: 20]
  loop 2 Cycles: 82 || Activation Count:1| LoopCallCount: 0 |  Source: Source Missing | -at java.util.Arrays.fill(Arrays.java:3320) [bci: 20]
Comp 171 (java.util.Arrays.fill(boolean[],-Re-Comp) loops:
Found Encoding : 0:-1,1:-1,2:-1
├── Loop 0
├── Loop 1
└── Loop 2
  loop 0 Cycles: 287350 || Activation Count:6779| LoopCallCount: 0 |  Source: -at java.util.Arrays.fill(Arrays.java:3318) [bci: 5] | -at java.util.Arrays.fill(Arrays.java:3320) [bci: 20]
  loop 1 Cycles: 34772654 || Activation Count:6779| LoopCallCount: 0 |  Source: Source Missing | -at java.util.Arrays.fill(Arrays.java:3320) [bci: 20]
  loop 2 Cycles: 173972 || Activation Count:6779| LoopCallCount: 0 |  Source: Source Missing | -at java.util.Arrays.fill(Arrays.java:3320) [bci: 20]
Comp 174 (Sieve.benchmark()) loops:
Found Encoding : 0:-1,3:-1,4:-1,1:-1,2:1
├── Loop 0
├── Loop 3
├── Loop 4
└── Loop 1
    └── Loop 2
  loop 0 Cycles: 797092 || Activation Count:13696| LoopCallCount: 0 |  Source: -at java.util.Arrays.fill(Arrays.java:3318) [bci: 5]
-at Sieve.benchmark() [bci: 8] | -at java.util.Arrays.fill(Arrays.java:3320) [bci: 20]
-at Sieve.benchmark() [bci: 8]
  loop 1 Cycles: 1101786246 || Activation Count:13696| LoopCallCount: 0 |  Source: -at Sieve.sieve(boolean[], int) [bci: 5]
-at Sieve.benchmark() [bci: 16] | -at Sieve.sieve(boolean[], int) [bci: 59]
-at Sieve.benchmark() [bci: 16]
  loop 2 Cycles: 536976526 || Activation Count:5026432| LoopCallCount: 0 |  Source: -at Sieve.sieve(boolean[], int) [bci: 30]
-at Sieve.benchmark() [bci: 16] | -at Sieve.sieve(boolean[], int) [bci: 53]
-at Sieve.benchmark() [bci: 16]
  loop 3 Cycles: 69427376 || Activation Count:13696| LoopCallCount: 0 |  Source: Source Missing | -at java.util.Arrays.fill(Arrays.java:3320) [bci: 20]
-at Sieve.benchmark() [bci: 8]
  loop 4 Cycles: 354504 || Activation Count:13696| LoopCallCount: 0 |  Source: Source Missing | -at java.util.Arrays.fill(Arrays.java:3320) [bci: 20]
-at Sieve.benchmark() [bci: 8]
Comp 186 (Benchmark.innerBenchmarkLoop(int)) loops:
Found Encoding : 1:-1,7:-1,8:-1,2:-1,3:2,0:-1,4:0,9:0,10:0,5:0,6:5
├── Loop 1
├── Loop 7
├── Loop 8
├── Loop 2
│   └── Loop 3
└── Loop 0
    ├── Loop 4
    ├── Loop 9
    ├── Loop 10
    └── Loop 5
        └── Loop 6
  loop 0 Cycles: 796217518 || Activation Count:1| LoopCallCount: 1 |  Source: -at Benchmark.innerBenchmarkLoop(int) [bci: 2] | -at Benchmark.innerBenchmarkLoop(int) [bci: 26]
  loop 1 Cycles: 894 || Activation Count:1| LoopCallCount: 0 |  Source: -at java.util.Arrays.fill(Arrays.java:3318) [bci: 5]
-at Sieve.benchmark() [bci: 8]
-at Benchmark.innerBenchmarkLoop(int) [bci: 9] | -at java.util.Arrays.fill(Arrays.java:3320) [bci: 20]
-at Sieve.benchmark() [bci: 8]
-at Benchmark.innerBenchmarkLoo
  loop 2 Cycles: 90072 || Activation Count:1| LoopCallCount: 0 |  Source: -at Sieve.sieve(boolean[], int) [bci: 5]
-at Sieve.benchmark() [bci: 16]
-at Benchmark.innerBenchmarkLoop(int) [bci: 9] | -at Sieve.sieve(boolean[], int) [bci: 59]
-at Sieve.benchmark() [bci: 16]
-at Benchmark.innerBenchmarkLoop(int) [bci: 9]
  loop 3 Cycles: 41996 || Activation Count:367| LoopCallCount: 0 |  Source: -at Sieve.sieve(boolean[], int) [bci: 30]
-at Sieve.benchmark() [bci: 16]
-at Benchmark.innerBenchmarkLoop(int) [bci: 9] | -at Sieve.sieve(boolean[], int) [bci: 53]
-at Sieve.benchmark() [bci: 16]
-at Benchmark.innerBenchmarkLoop(int) [bci: 9]
  loop 4 Cycles: 452020 || Activation Count:9519| LoopCallCount: 0 |  Source: -at java.util.Arrays.fill(Arrays.java:3318) [bci: 5]
-at Sieve.benchmark() [bci: 8]
-at Benchmark.innerBenchmarkLoop(int) [bci: 9] | -at java.util.Arrays.fill(Arrays.java:3320) [bci: 20]
-at Sieve.benchmark() [bci: 8]
-at Benchmark.innerBenchmarkLoo
  loop 5 Cycles: 731163742 || Activation Count:9519| LoopCallCount: 0 |  Source: -at Sieve.sieve(boolean[], int) [bci: 5]
-at Sieve.benchmark() [bci: 16]
-at Benchmark.innerBenchmarkLoop(int) [bci: 9] | -at Sieve.sieve(boolean[], int) [bci: 59]
-at Sieve.benchmark() [bci: 16]
-at Benchmark.innerBenchmarkLoop(int) [bci: 9]
  loop 6 Cycles: 364589576 || Activation Count:3493473| LoopCallCount: 0 |  Source: -at Sieve.sieve(boolean[], int) [bci: 30]
-at Sieve.benchmark() [bci: 16]
-at Benchmark.innerBenchmarkLoop(int) [bci: 9] | -at Sieve.sieve(boolean[], int) [bci: 53]
-at Sieve.benchmark() [bci: 16]
-at Benchmark.innerBenchmarkLoop(int) [bci: 9]
  loop 7 Cycles: 5078 || Activation Count:1| LoopCallCount: 0 |  Source: Source Missing | -at java.util.Arrays.fill(Arrays.java:3320) [bci: 20]
-at Sieve.benchmark() [bci: 8]
-at Benchmark.innerBenchmarkLoop(int) [bci: 9]
  loop 8 Cycles: 84 || Activation Count:1| LoopCallCount: 0 |  Source: Source Missing | -at java.util.Arrays.fill(Arrays.java:3320) [bci: 20]
-at Sieve.benchmark() [bci: 8]
-at Benchmark.innerBenchmarkLoop(int) [bci: 9]
  loop 9 Cycles: 48264468 || Activation Count:9519| LoopCallCount: 0 |  Source: Source Missing | -at java.util.Arrays.fill(Arrays.java:3320) [bci: 20]
-at Sieve.benchmark() [bci: 8]
-at Benchmark.innerBenchmarkLoop(int) [bci: 9]
  loop 10 Cycles: 283742 || Activation Count:9519| LoopCallCount: 0 |  Source: Source Missing | -at java.util.Arrays.fill(Arrays.java:3320) [bci: 20]
-at Sieve.benchmark() [bci: 8]
-at Benchmark.innerBenchmarkLoop(int) [bci: 9]
Comp 187 (Benchmark.innerBenchmarkLoop(int)-Re-Comp) loops:
Found Encoding : 0:-1,1:0,4:0,5:0,2:0,3:2
└── Loop 0
    ├── Loop 1
    ├── Loop 4
    ├── Loop 5
    └── Loop 2
        └── Loop 3
  loop 0 Cycles: 418491901592 || Activation Count:497| LoopCallCount: 1 |  Source: -at Benchmark.innerBenchmarkLoop(int) [bci: 2] | -at Benchmark.innerBenchmarkLoop(int) [bci: 26]
  loop 1 Cycles: 292046528 || Activation Count:4970000| LoopCallCount: 0 |  Source: -at java.util.Arrays.fill(Arrays.java:3318) [bci: 5]
-at Sieve.benchmark() [bci: 8]
-at Benchmark.innerBenchmarkLoop(int) [bci: 9] | -at java.util.Arrays.fill(Arrays.java:3320) [bci: 20]
-at Sieve.benchmark() [bci: 8]
-at Benchmark.innerBenchmarkLoo
  loop 2 Cycles: 386831465044 || Activation Count:4970000| LoopCallCount: 0 |  Source: -at Sieve.sieve(boolean[], int) [bci: 5]
-at Sieve.benchmark() [bci: 16]
-at Benchmark.innerBenchmarkLoop(int) [bci: 9] | -at Sieve.sieve(boolean[], int) [bci: 59]
-at Sieve.benchmark() [bci: 16]
-at Benchmark.innerBenchmarkLoop(int) [bci: 9]
  loop 3 Cycles: 196293603180 || Activation Count:1823990000| LoopCallCount: 0 |  Source: -at Sieve.sieve(boolean[], int) [bci: 30]
-at Sieve.benchmark() [bci: 16]
-at Benchmark.innerBenchmarkLoop(int) [bci: 9] | -at Sieve.sieve(boolean[], int) [bci: 53]
-at Sieve.benchmark() [bci: 16]
-at Benchmark.innerBenchmarkLoop(int) [bci: 9]
  loop 4 Cycles: 25192270178 || Activation Count:4970000| LoopCallCount: 0 |  Source: Source Missing | -at java.util.Arrays.fill(Arrays.java:3320) [bci: 20]
-at Sieve.benchmark() [bci: 8]
-at Benchmark.innerBenchmarkLoop(int) [bci: 9]
  loop 5 Cycles: 191704662 || Activation Count:4970000| LoopCallCount: 0 |  Source: Source Missing | -at java.util.Arrays.fill(Arrays.java:3320) [bci: 20]
-at Sieve.benchmark() [bci: 8]
-at Benchmark.innerBenchmarkLoop(int) [bci: 9]
Comp 195 (java.lang.StringLatin1.inflate(byte[],) loops:
Found Encoding : 0:-1,1:-1,2:-1
├── Loop 0
├── Loop 1
└── Loop 2
  loop 0 Cycles: 60484 || Activation Count:184| LoopCallCount: 0 |  Source: -at java.lang.StringLatin1.inflate(StringLatin1.java:767) [bci: 3] | -at java.lang.StringLatin1.inflate(StringLatin1.java:770) [bci: 33]
  loop 1 Cycles: 16186 || Activation Count:184| LoopCallCount: 0 |  Source: Source Missing | -at java.lang.StringLatin1.inflate(StringLatin1.java:770) [bci: 33]
  loop 2 Cycles: 13788 || Activation Count:184| LoopCallCount: 0 |  Source: Source Missing | -at java.lang.StringLatin1.inflate(StringLatin1.java:770) [bci: 33]
