Could not locate BlockSlowdown.json
Skipping Loading (this might cause a fatal crash if GTSlowdown is on)
Could not locate BlockSlowdown.json
Skipping Loading (this might cause a fatal crash if GTSlowdown is on)
Starting NBody benchmark ...
NBody: iterations=1 runtime: 186493us
NBody: iterations=2 runtime: 107739us
NBody: iterations=3 runtime: 178821us
NBody: iterations=4 runtime: 108398us
NBody: iterations=5 runtime: 108700us
NBody: iterations=6 runtime: 108864us
NBody: iterations=7 runtime: 110331us
NBody: iterations=8 runtime: 110525us
NBody: iterations=9 runtime: 110711us
NBody: iterations=10 runtime: 110821us
NBody: iterations=11 runtime: 110452us
NBody: iterations=12 runtime: 110464us
NBody: iterations=13 runtime: 110447us
NBody: iterations=14 runtime: 110549us
NBody: iterations=15 runtime: 108763us
NBody: iterations=16 runtime: 110471us
NBody: iterations=17 runtime: 110646us
NBody: iterations=18 runtime: 109160us
NBody: iterations=19 runtime: 109799us
NBody: iterations=20 runtime: 112255us
NBody: iterations=21 runtime: 108089us
NBody: iterations=22 runtime: 110632us
NBody: iterations=23 runtime: 108331us
NBody: iterations=24 runtime: 108316us
NBody: iterations=25 runtime: 107509us
NBody: iterations=26 runtime: 107206us
NBody: iterations=27 runtime: 108067us
NBody: iterations=28 runtime: 109030us
NBody: iterations=29 runtime: 109163us
NBody: iterations=30 runtime: 109628us
NBody: iterations=31 runtime: 107018us
NBody: iterations=32 runtime: 106945us
NBody: iterations=33 runtime: 108330us
NBody: iterations=34 runtime: 108312us
NBody: iterations=35 runtime: 108319us
NBody: iterations=36 runtime: 108324us
NBody: iterations=37 runtime: 108312us
NBody: iterations=38 runtime: 108315us
NBody: iterations=39 runtime: 108457us
NBody: iterations=40 runtime: 107539us
NBody: iterations=41 runtime: 108313us
NBody: iterations=42 runtime: 109422us
NBody: iterations=43 runtime: 108047us
NBody: iterations=44 runtime: 108141us
NBody: iterations=45 runtime: 108238us
NBody: iterations=46 runtime: 108318us
NBody: iterations=47 runtime: 108312us
NBody: iterations=48 runtime: 108043us
NBody: iterations=49 runtime: 107819us
NBody: iterations=50 runtime: 108328us
NBody: iterations=51 runtime: 107794us
NBody: iterations=52 runtime: 108109us
NBody: iterations=53 runtime: 108299us
NBody: iterations=54 runtime: 107868us
NBody: iterations=55 runtime: 108389us
NBody: iterations=56 runtime: 108229us
NBody: iterations=57 runtime: 108242us
NBody: iterations=58 runtime: 107591us
NBody: iterations=59 runtime: 108346us
NBody: iterations=60 runtime: 108342us
NBody: iterations=61 runtime: 108388us
NBody: iterations=62 runtime: 107829us
NBody: iterations=63 runtime: 108341us
NBody: iterations=64 runtime: 107434us
NBody: iterations=65 runtime: 107883us
NBody: iterations=66 runtime: 108386us
NBody: iterations=67 runtime: 107837us
NBody: iterations=68 runtime: 108389us
NBody: iterations=69 runtime: 107833us
NBody: iterations=70 runtime: 107488us
NBody: iterations=71 runtime: 108303us
NBody: iterations=72 runtime: 108072us
NBody: iterations=73 runtime: 107089us
NBody: iterations=74 runtime: 108339us
NBody: iterations=75 runtime: 108255us
NBody: iterations=76 runtime: 107954us
NBody: iterations=77 runtime: 108339us
NBody: iterations=78 runtime: 108145us
NBody: iterations=79 runtime: 108294us
NBody: iterations=80 runtime: 108116us
NBody: iterations=81 runtime: 107696us
NBody: iterations=82 runtime: 108386us
NBody: iterations=83 runtime: 108383us
NBody: iterations=84 runtime: 108380us
NBody: iterations=85 runtime: 108389us
NBody: iterations=86 runtime: 107188us
NBody: iterations=87 runtime: 108060us
NBody: iterations=88 runtime: 108387us
NBody: iterations=89 runtime: 108502us
NBody: iterations=90 runtime: 108349us
Could not locate BlockSlowdown.json
Skipping Loading (this might cause a fatal crash if GTSlowdown is on)
NBody: iterations=91 runtime: 108329us
NBody: iterations=92 runtime: 107632us
NBody: iterations=93 runtime: 108340us
NBody: iterations=94 runtime: 108067us
NBody: iterations=95 runtime: 108354us
NBody: iterations=96 runtime: 108277us
NBody: iterations=97 runtime: 108188us
NBody: iterations=98 runtime: 108244us
NBody: iterations=99 runtime: 108358us
NBody: iterations=100 runtime: 108324us
NBody: iterations=101 runtime: 107808us
NBody: iterations=102 runtime: 108340us
NBody: iterations=103 runtime: 107616us
NBody: iterations=104 runtime: 108333us
NBody: iterations=105 runtime: 108171us
NBody: iterations=106 runtime: 107681us
NBody: iterations=107 runtime: 107933us
NBody: iterations=108 runtime: 108366us
NBody: iterations=109 runtime: 108333us
NBody: iterations=110 runtime: 108327us
NBody: iterations=111 runtime: 108344us
NBody: iterations=112 runtime: 108233us
NBody: iterations=113 runtime: 107712us
NBody: iterations=114 runtime: 107584us
NBody: iterations=115 runtime: 108383us
NBody: iterations=116 runtime: 108055us
NBody: iterations=117 runtime: 107977us
NBody: iterations=118 runtime: 108347us
NBody: iterations=119 runtime: 108376us
NBody: iterations=120 runtime: 108347us
NBody: iterations=121 runtime: 108154us
NBody: iterations=122 runtime: 108326us
NBody: iterations=123 runtime: 108232us
NBody: iterations=124 runtime: 107721us
NBody: iterations=125 runtime: 108393us
NBody: iterations=126 runtime: 108237us
Could not locate BlockSlowdown.json
Skipping Loading (this might cause a fatal crash if GTSlowdown is on)
NBody: iterations=127 runtime: 108366us
NBody: iterations=128 runtime: 109314us
NBody: iterations=129 runtime: 108364us
NBody: iterations=130 runtime: 108319us
NBody: iterations=131 runtime: 108464us
NBody: iterations=132 runtime: 108179us
NBody: iterations=133 runtime: 108273us
NBody: iterations=134 runtime: 108293us
NBody: iterations=135 runtime: 108382us
NBody: iterations=136 runtime: 108157us
NBody: iterations=137 runtime: 107807us
NBody: iterations=138 runtime: 108414us
NBody: iterations=139 runtime: 108352us
NBody: iterations=140 runtime: 108380us
NBody: iterations=141 runtime: 107987us
NBody: iterations=142 runtime: 108192us
NBody: iterations=143 runtime: 108290us
NBody: iterations=144 runtime: 108109us
NBody: iterations=145 runtime: 107663us
NBody: iterations=146 runtime: 108305us
NBody: iterations=147 runtime: 107767us
NBody: iterations=148 runtime: 107865us
NBody: iterations=149 runtime: 107948us
NBody: iterations=150 runtime: 108211us
NBody: iterations=151 runtime: 108349us
NBody: iterations=152 runtime: 108181us
NBody: iterations=153 runtime: 108360us
NBody: iterations=154 runtime: 108312us
NBody: iterations=155 runtime: 108342us
NBody: iterations=156 runtime: 108320us
NBody: iterations=157 runtime: 108332us
NBody: iterations=158 runtime: 108327us
NBody: iterations=159 runtime: 108353us
NBody: iterations=160 runtime: 108366us
NBody: iterations=161 runtime: 108353us
NBody: iterations=162 runtime: 107680us
NBody: iterations=163 runtime: 108020us
NBody: iterations=164 runtime: 108364us
NBody: iterations=165 runtime: 108337us
NBody: iterations=166 runtime: 108364us
NBody: iterations=167 runtime: 108382us
NBody: iterations=168 runtime: 108384us
NBody: iterations=169 runtime: 108320us
NBody: iterations=170 runtime: 107680us
NBody: iterations=171 runtime: 107500us
NBody: iterations=172 runtime: 108343us
NBody: iterations=173 runtime: 108351us
NBody: iterations=174 runtime: 108357us
NBody: iterations=175 runtime: 108384us
NBody: iterations=176 runtime: 108355us
NBody: iterations=177 runtime: 108351us
NBody: iterations=178 runtime: 107839us
NBody: iterations=179 runtime: 108156us
NBody: iterations=180 runtime: 108315us
NBody: iterations=181 runtime: 108422us
NBody: iterations=182 runtime: 112773us
NBody: iterations=183 runtime: 122792us
NBody: iterations=184 runtime: 108372us
NBody: iterations=185 runtime: 107667us
NBody: iterations=186 runtime: 108458us
NBody: iterations=187 runtime: 108413us
NBody: iterations=188 runtime: 108212us
NBody: iterations=189 runtime: 108010us
NBody: iterations=190 runtime: 108059us
NBody: iterations=191 runtime: 108354us
NBody: iterations=192 runtime: 107569us
NBody: iterations=193 runtime: 108393us
NBody: iterations=194 runtime: 108351us
NBody: iterations=195 runtime: 108252us
NBody: iterations=196 runtime: 108347us
NBody: iterations=197 runtime: 107977us
NBody: iterations=198 runtime: 107685us
NBody: iterations=199 runtime: 108083us
NBody: iterations=200 runtime: 108309us
NBody: iterations=201 runtime: 108327us
NBody: iterations=202 runtime: 108370us
NBody: iterations=203 runtime: 108333us
NBody: iterations=204 runtime: 108180us
NBody: iterations=205 runtime: 108439us
NBody: iterations=206 runtime: 108431us
NBody: iterations=207 runtime: 108052us
NBody: iterations=208 runtime: 108324us
NBody: iterations=209 runtime: 108289us
NBody: iterations=210 runtime: 108339us
NBody: iterations=211 runtime: 108293us
NBody: iterations=212 runtime: 107528us
NBody: iterations=213 runtime: 108372us
NBody: iterations=214 runtime: 107918us
NBody: iterations=215 runtime: 107997us
NBody: iterations=216 runtime: 108098us
NBody: iterations=217 runtime: 108393us
NBody: iterations=218 runtime: 108289us
NBody: iterations=219 runtime: 108061us
NBody: iterations=220 runtime: 108295us
NBody: iterations=221 runtime: 108339us
NBody: iterations=222 runtime: 107333us
NBody: iterations=223 runtime: 108249us
NBody: iterations=224 runtime: 108368us
NBody: iterations=225 runtime: 108293us
NBody: iterations=226 runtime: 108443us
NBody: iterations=227 runtime: 108514us
NBody: iterations=228 runtime: 107995us
NBody: iterations=229 runtime: 108353us
NBody: iterations=230 runtime: 108372us
NBody: iterations=231 runtime: 108221us
NBody: iterations=232 runtime: 108143us
NBody: iterations=233 runtime: 108287us
NBody: iterations=234 runtime: 108134us
NBody: iterations=235 runtime: 108149us
NBody: iterations=236 runtime: 108350us
NBody: iterations=237 runtime: 108229us
NBody: iterations=238 runtime: 108274us
NBody: iterations=239 runtime: 107713us
NBody: iterations=240 runtime: 108335us
NBody: iterations=241 runtime: 108337us
NBody: iterations=242 runtime: 108050us
NBody: iterations=243 runtime: 107762us
NBody: iterations=244 runtime: 108248us
NBody: iterations=245 runtime: 107711us
NBody: iterations=246 runtime: 107331us
NBody: iterations=247 runtime: 107959us
NBody: iterations=248 runtime: 108353us
NBody: iterations=249 runtime: 108353us
NBody: iterations=250 runtime: 108305us
NBody: iterations=251 runtime: 108333us
NBody: iterations=252 runtime: 108346us
NBody: iterations=253 runtime: 108387us
NBody: iterations=254 runtime: 108359us
NBody: iterations=255 runtime: 107503us
NBody: iterations=256 runtime: 107557us
NBody: iterations=257 runtime: 108346us
NBody: iterations=258 runtime: 108380us
NBody: iterations=259 runtime: 108363us
NBody: iterations=260 runtime: 108260us
NBody: iterations=261 runtime: 108161us
NBody: iterations=262 runtime: 108424us
NBody: iterations=263 runtime: 108269us
NBody: iterations=264 runtime: 107477us
NBody: iterations=265 runtime: 108361us
NBody: iterations=266 runtime: 108319us
NBody: iterations=267 runtime: 108355us
NBody: iterations=268 runtime: 108381us
NBody: iterations=269 runtime: 108379us
NBody: iterations=270 runtime: 108362us
NBody: iterations=271 runtime: 108111us
NBody: iterations=272 runtime: 108410us
NBody: iterations=273 runtime: 108871us
NBody: iterations=274 runtime: 108583us
NBody: iterations=275 runtime: 108556us
NBody: iterations=276 runtime: 107170us
NBody: iterations=277 runtime: 108291us
NBody: iterations=278 runtime: 108370us
NBody: iterations=279 runtime: 108558us
NBody: iterations=280 runtime: 108535us
NBody: iterations=281 runtime: 111190us
NBody: iterations=282 runtime: 108545us
NBody: iterations=283 runtime: 108264us
NBody: iterations=284 runtime: 108593us
NBody: iterations=285 runtime: 108551us
NBody: iterations=286 runtime: 108588us
NBody: iterations=287 runtime: 107908us
NBody: iterations=288 runtime: 108007us
NBody: iterations=289 runtime: 108487us
NBody: iterations=290 runtime: 107840us
NBody: iterations=291 runtime: 108491us
NBody: iterations=292 runtime: 108571us
NBody: iterations=293 runtime: 108120us
NBody: iterations=294 runtime: 111066us
NBody: iterations=295 runtime: 108600us
NBody: iterations=296 runtime: 108584us
NBody: iterations=297 runtime: 108647us
NBody: iterations=298 runtime: 108418us
NBody: iterations=299 runtime: 107532us
NBody: iterations=300 runtime: 107941us
NBody: iterations=301 runtime: 108590us
NBody: iterations=302 runtime: 108395us
NBody: iterations=303 runtime: 108374us
NBody: iterations=304 runtime: 108538us
NBody: iterations=305 runtime: 108589us
NBody: iterations=306 runtime: 108246us
NBody: iterations=307 runtime: 110395us
NBody: iterations=308 runtime: 108436us
NBody: iterations=309 runtime: 108576us
NBody: iterations=310 runtime: 108575us
NBody: iterations=311 runtime: 107866us
NBody: iterations=312 runtime: 108203us
NBody: iterations=313 runtime: 118277us
NBody: iterations=314 runtime: 108567us
NBody: iterations=315 runtime: 108516us
NBody: iterations=316 runtime: 108069us
NBody: iterations=317 runtime: 108500us
NBody: iterations=318 runtime: 108604us
NBody: iterations=319 runtime: 108592us
NBody: iterations=320 runtime: 108532us
NBody: iterations=321 runtime: 108426us
NBody: iterations=322 runtime: 111097us
NBody: iterations=323 runtime: 107909us
NBody: iterations=324 runtime: 108487us
NBody: iterations=325 runtime: 108566us
NBody: iterations=326 runtime: 108550us
NBody: iterations=327 runtime: 108308us
NBody: iterations=328 runtime: 108622us
NBody: iterations=329 runtime: 107394us
NBody: iterations=330 runtime: 108410us
NBody: iterations=331 runtime: 108563us
NBody: iterations=332 runtime: 108397us
NBody: iterations=333 runtime: 108711us
NBody: iterations=334 runtime: 108447us
NBody: iterations=335 runtime: 109479us
NBody: iterations=336 runtime: 109654us
NBody: iterations=337 runtime: 108579us
NBody: iterations=338 runtime: 108561us
NBody: iterations=339 runtime: 108561us
NBody: iterations=340 runtime: 108183us
NBody: iterations=341 runtime: 107088us
NBody: iterations=342 runtime: 108395us
NBody: iterations=343 runtime: 107435us
NBody: iterations=344 runtime: 108070us
NBody: iterations=345 runtime: 108505us
NBody: iterations=346 runtime: 108313us
NBody: iterations=347 runtime: 108046us
NBody: iterations=348 runtime: 108574us
NBody: iterations=349 runtime: 108515us
NBody: iterations=350 runtime: 111178us
NBody: iterations=351 runtime: 108569us
NBody: iterations=352 runtime: 108533us
NBody: iterations=353 runtime: 108549us
NBody: iterations=354 runtime: 108506us
NBody: iterations=355 runtime: 108552us
NBody: iterations=356 runtime: 108555us
NBody: iterations=357 runtime: 107709us
NBody: iterations=358 runtime: 108408us
NBody: iterations=359 runtime: 108600us
NBody: iterations=360 runtime: 108551us
NBody: iterations=361 runtime: 108501us
NBody: iterations=362 runtime: 108196us
NBody: iterations=363 runtime: 107757us
NBody: iterations=364 runtime: 108111us
NBody: iterations=365 runtime: 112229us
NBody: iterations=366 runtime: 108617us
NBody: iterations=367 runtime: 108559us
NBody: iterations=368 runtime: 108394us
NBody: iterations=369 runtime: 108644us
NBody: iterations=370 runtime: 108355us
NBody: iterations=371 runtime: 108004us
NBody: iterations=372 runtime: 108240us
NBody: iterations=373 runtime: 108552us
NBody: iterations=374 runtime: 108403us
NBody: iterations=375 runtime: 108493us
NBody: iterations=376 runtime: 108387us
NBody: iterations=377 runtime: 108487us
NBody: iterations=378 runtime: 108405us
NBody: iterations=379 runtime: 111144us
NBody: iterations=380 runtime: 108608us
NBody: iterations=381 runtime: 108534us
NBody: iterations=382 runtime: 108497us
NBody: iterations=383 runtime: 107753us
NBody: iterations=384 runtime: 108609us
NBody: iterations=385 runtime: 108398us
NBody: iterations=386 runtime: 108350us
NBody: iterations=387 runtime: 108278us
NBody: iterations=388 runtime: 108514us
NBody: iterations=389 runtime: 108660us
NBody: iterations=390 runtime: 108491us
NBody: iterations=391 runtime: 108551us
NBody: iterations=392 runtime: 111341us
NBody: iterations=393 runtime: 108747us
NBody: iterations=394 runtime: 108837us
NBody: iterations=395 runtime: 107929us
NBody: iterations=396 runtime: 108465us
NBody: iterations=397 runtime: 108579us
NBody: iterations=398 runtime: 108547us
NBody: iterations=399 runtime: 108621us
NBody: iterations=400 runtime: 108540us
NBody: iterations=401 runtime: 108418us
NBody: iterations=402 runtime: 108537us
NBody: iterations=403 runtime: 107588us
NBody: iterations=404 runtime: 108356us
NBody: iterations=405 runtime: 108599us
NBody: iterations=406 runtime: 110885us
NBody: iterations=407 runtime: 108791us
NBody: iterations=408 runtime: 108448us
NBody: iterations=409 runtime: 108057us
NBody: iterations=410 runtime: 108528us
NBody: iterations=411 runtime: 108511us
Could not locate BlockSlowdown.json
Skipping Loading (this might cause a fatal crash if GTSlowdown is on)
NBody: iterations=412 runtime: 108635us
NBody: iterations=413 runtime: 108591us
NBody: iterations=414 runtime: 111339us
NBody: iterations=415 runtime: 108388us
NBody: iterations=416 runtime: 108477us
NBody: iterations=417 runtime: 107796us
NBody: iterations=418 runtime: 108526us
NBody: iterations=419 runtime: 108560us
NBody: iterations=420 runtime: 108396us
NBody: iterations=421 runtime: 108505us
NBody: iterations=422 runtime: 107964us
NBody: iterations=423 runtime: 107553us
NBody: iterations=424 runtime: 108564us
NBody: iterations=425 runtime: 108500us
NBody: iterations=426 runtime: 108526us
NBody: iterations=427 runtime: 108563us
NBody: iterations=428 runtime: 111153us
NBody: iterations=429 runtime: 109238us
NBody: iterations=430 runtime: 107589us
NBody: iterations=431 runtime: 107833us
NBody: iterations=432 runtime: 108193us
NBody: iterations=433 runtime: 108565us
NBody: iterations=434 runtime: 108569us
NBody: iterations=435 runtime: 108504us
NBody: iterations=436 runtime: 108531us
NBody: iterations=437 runtime: 108544us
NBody: iterations=438 runtime: 108119us
NBody: iterations=439 runtime: 108103us
NBody: iterations=440 runtime: 108577us
NBody: iterations=441 runtime: 108490us
NBody: iterations=442 runtime: 111177us
NBody: iterations=443 runtime: 108418us
NBody: iterations=444 runtime: 108781us
NBody: iterations=445 runtime: 108549us
NBody: iterations=446 runtime: 107848us
NBody: iterations=447 runtime: 107790us
NBody: iterations=448 runtime: 108564us
NBody: iterations=449 runtime: 108495us
NBody: iterations=450 runtime: 108237us
NBody: iterations=451 runtime: 108374us
NBody: iterations=452 runtime: 108245us
NBody: iterations=453 runtime: 108196us
NBody: iterations=454 runtime: 107667us
NBody: iterations=455 runtime: 110865us
NBody: iterations=456 runtime: 108335us
NBody: iterations=457 runtime: 108611us
NBody: iterations=458 runtime: 107411us
NBody: iterations=459 runtime: 108542us
NBody: iterations=460 runtime: 108465us
NBody: iterations=461 runtime: 108391us
NBody: iterations=462 runtime: 108565us
NBody: iterations=463 runtime: 108020us
NBody: iterations=464 runtime: 108545us
NBody: iterations=465 runtime: 108528us
NBody: iterations=466 runtime: 108562us
NBody: iterations=467 runtime: 108416us
NBody: iterations=468 runtime: 108684us
NBody: iterations=469 runtime: 108398us
NBody: iterations=470 runtime: 111152us
NBody: iterations=471 runtime: 107643us
NBody: iterations=472 runtime: 108419us
NBody: iterations=473 runtime: 108558us
NBody: iterations=474 runtime: 107661us
NBody: iterations=475 runtime: 108539us
NBody: iterations=476 runtime: 108571us
NBody: iterations=477 runtime: 108541us
NBody: iterations=478 runtime: 108548us
NBody: iterations=479 runtime: 108569us
NBody: iterations=480 runtime: 108535us
NBody: iterations=481 runtime: 108693us
NBody: iterations=482 runtime: 108344us
NBody: iterations=483 runtime: 111166us
NBody: iterations=484 runtime: 108325us
NBody: iterations=485 runtime: 108588us
NBody: iterations=486 runtime: 108112us
NBody: iterations=487 runtime: 108219us
NBody: iterations=488 runtime: 108534us
NBody: iterations=489 runtime: 107697us
NBody: iterations=490 runtime: 108223us
NBody: iterations=491 runtime: 108639us
NBody: iterations=492 runtime: 111104us
NBody: iterations=493 runtime: 108596us
NBody: iterations=494 runtime: 108381us
NBody: iterations=495 runtime: 108314us
NBody: iterations=496 runtime: 108582us
NBody: iterations=497 runtime: 108256us
NBody: iterations=498 runtime: 108398us
NBody: iterations=499 runtime: 107730us
NBody: iterations=500 runtime: 108086us
Could not locate BlockSlowdown.json
Skipping Loading (this might cause a fatal crash if GTSlowdown is on)
NBody: iterations=500 average: 108782us total: 54391177us


Total Runtime: 54391177us
Bubo.RDTSC.Harness.main Total RDTSC cycles: 180418121208
