Could not locate BlockSlowdown.json
Skipping Loading (this might cause a fatal crash if GTSlowdown is on)
Could not locate BlockSlowdown.json
Skipping Loading (this might cause a fatal crash if GTSlowdown is on)
Starting NBody benchmark ...
NBody: iterations=1 runtime: 425635us
NBody: iterations=2 runtime: 108089us
NBody: iterations=3 runtime: 411280us
NBody: iterations=4 runtime: 108326us
NBody: iterations=5 runtime: 107408us
NBody: iterations=6 runtime: 108315us
NBody: iterations=7 runtime: 108325us
NBody: iterations=8 runtime: 108319us
NBody: iterations=9 runtime: 108311us
NBody: iterations=10 runtime: 107797us
NBody: iterations=11 runtime: 108316us
NBody: iterations=12 runtime: 108220us
NBody: iterations=13 runtime: 107387us
NBody: iterations=14 runtime: 107399us
NBody: iterations=15 runtime: 107387us
NBody: iterations=16 runtime: 107383us
NBody: iterations=17 runtime: 108317us
NBody: iterations=18 runtime: 108316us
NBody: iterations=19 runtime: 107264us
NBody: iterations=20 runtime: 108402us
NBody: iterations=21 runtime: 108338us
NBody: iterations=22 runtime: 107391us
NBody: iterations=23 runtime: 108335us
NBody: iterations=24 runtime: 107970us
NBody: iterations=25 runtime: 108320us
NBody: iterations=26 runtime: 108343us
NBody: iterations=27 runtime: 108306us
NBody: iterations=28 runtime: 108324us
NBody: iterations=29 runtime: 108334us
NBody: iterations=30 runtime: 107933us
NBody: iterations=31 runtime: 108320us
NBody: iterations=32 runtime: 112261us
NBody: iterations=33 runtime: 114681us
NBody: iterations=34 runtime: 108310us
NBody: iterations=35 runtime: 108177us
NBody: iterations=36 runtime: 108307us
NBody: iterations=37 runtime: 108331us
NBody: iterations=38 runtime: 108379us
NBody: iterations=39 runtime: 108482us
NBody: iterations=40 runtime: 108334us
NBody: iterations=41 runtime: 107401us
NBody: iterations=42 runtime: 108323us
NBody: iterations=43 runtime: 108311us
NBody: iterations=44 runtime: 108309us
NBody: iterations=45 runtime: 107395us
NBody: iterations=46 runtime: 107275us
NBody: iterations=47 runtime: 108317us
NBody: iterations=48 runtime: 108310us
NBody: iterations=49 runtime: 108324us
NBody: iterations=50 runtime: 108309us
NBody: iterations=51 runtime: 106354us
NBody: iterations=52 runtime: 108310us
NBody: iterations=53 runtime: 108336us
NBody: iterations=54 runtime: 108311us
NBody: iterations=55 runtime: 107421us
NBody: iterations=56 runtime: 108316us
NBody: iterations=57 runtime: 108337us
NBody: iterations=58 runtime: 108329us
NBody: iterations=59 runtime: 108309us
NBody: iterations=60 runtime: 108351us
NBody: iterations=61 runtime: 106318us
NBody: iterations=62 runtime: 108319us
NBody: iterations=63 runtime: 108318us
NBody: iterations=64 runtime: 108343us
NBody: iterations=65 runtime: 108293us
NBody: iterations=66 runtime: 108174us
NBody: iterations=67 runtime: 108308us
NBody: iterations=68 runtime: 108319us
NBody: iterations=69 runtime: 108358us
NBody: iterations=70 runtime: 108384us
NBody: iterations=71 runtime: 108336us
NBody: iterations=72 runtime: 108306us
NBody: iterations=73 runtime: 107392us
NBody: iterations=74 runtime: 108318us
NBody: iterations=75 runtime: 107397us
NBody: iterations=76 runtime: 108315us
NBody: iterations=77 runtime: 108326us
NBody: iterations=78 runtime: 107903us
NBody: iterations=79 runtime: 108314us
NBody: iterations=80 runtime: 108320us
NBody: iterations=81 runtime: 108396us
NBody: iterations=82 runtime: 107403us
NBody: iterations=83 runtime: 107256us
NBody: iterations=84 runtime: 107606us
NBody: iterations=85 runtime: 108377us
NBody: iterations=86 runtime: 108335us
NBody: iterations=87 runtime: 108338us
NBody: iterations=88 runtime: 108327us
NBody: iterations=89 runtime: 108117us
NBody: iterations=90 runtime: 108316us
Could not locate BlockSlowdown.json
Skipping Loading (this might cause a fatal crash if GTSlowdown is on)
NBody: iterations=91 runtime: 107399us
NBody: iterations=92 runtime: 108319us
NBody: iterations=93 runtime: 108321us
NBody: iterations=94 runtime: 108251us
NBody: iterations=95 runtime: 108314us
NBody: iterations=96 runtime: 107387us
NBody: iterations=97 runtime: 107261us
NBody: iterations=98 runtime: 107560us
NBody: iterations=99 runtime: 107271us
NBody: iterations=100 runtime: 108313us
NBody: iterations=101 runtime: 107397us
NBody: iterations=102 runtime: 107268us
NBody: iterations=103 runtime: 108323us
NBody: iterations=104 runtime: 106369us
NBody: iterations=105 runtime: 108316us
NBody: iterations=106 runtime: 107242us
NBody: iterations=107 runtime: 107771us
NBody: iterations=108 runtime: 108299us
NBody: iterations=109 runtime: 108308us
NBody: iterations=110 runtime: 108302us
NBody: iterations=111 runtime: 108310us
NBody: iterations=112 runtime: 108325us
NBody: iterations=113 runtime: 108318us
NBody: iterations=114 runtime: 107377us
NBody: iterations=115 runtime: 108316us
NBody: iterations=116 runtime: 106885us
NBody: iterations=117 runtime: 108321us
NBody: iterations=118 runtime: 108315us
NBody: iterations=119 runtime: 108323us
NBody: iterations=120 runtime: 108323us
NBody: iterations=121 runtime: 107552us
NBody: iterations=122 runtime: 108315us
NBody: iterations=123 runtime: 108311us
NBody: iterations=124 runtime: 108332us
NBody: iterations=125 runtime: 107255us
NBody: iterations=126 runtime: 108322us
Could not locate BlockSlowdown.json
Skipping Loading (this might cause a fatal crash if GTSlowdown is on)
NBody: iterations=127 runtime: 108402us
NBody: iterations=128 runtime: 108324us
NBody: iterations=129 runtime: 108329us
NBody: iterations=130 runtime: 108319us
NBody: iterations=131 runtime: 108479us
NBody: iterations=132 runtime: 108329us
NBody: iterations=133 runtime: 108323us
NBody: iterations=134 runtime: 107260us
NBody: iterations=135 runtime: 107400us
NBody: iterations=136 runtime: 108307us
NBody: iterations=137 runtime: 108313us
NBody: iterations=138 runtime: 108313us
NBody: iterations=139 runtime: 107392us
NBody: iterations=140 runtime: 108315us
NBody: iterations=141 runtime: 107398us
NBody: iterations=142 runtime: 108456us
NBody: iterations=143 runtime: 108325us
NBody: iterations=144 runtime: 108319us
NBody: iterations=145 runtime: 108319us
NBody: iterations=146 runtime: 108319us
NBody: iterations=147 runtime: 108318us
NBody: iterations=148 runtime: 108322us
NBody: iterations=149 runtime: 108317us
NBody: iterations=150 runtime: 108330us
NBody: iterations=151 runtime: 108314us
NBody: iterations=152 runtime: 107563us
NBody: iterations=153 runtime: 108324us
NBody: iterations=154 runtime: 108310us
NBody: iterations=155 runtime: 108313us
NBody: iterations=156 runtime: 107254us
NBody: iterations=157 runtime: 108313us
NBody: iterations=158 runtime: 107274us
NBody: iterations=159 runtime: 108317us
NBody: iterations=160 runtime: 108305us
NBody: iterations=161 runtime: 108308us
NBody: iterations=162 runtime: 108323us
NBody: iterations=163 runtime: 108317us
NBody: iterations=164 runtime: 108350us
NBody: iterations=165 runtime: 107660us
NBody: iterations=166 runtime: 107390us
NBody: iterations=167 runtime: 108316us
NBody: iterations=168 runtime: 108317us
NBody: iterations=169 runtime: 108318us
NBody: iterations=170 runtime: 108308us
NBody: iterations=171 runtime: 108317us
NBody: iterations=172 runtime: 108316us
NBody: iterations=173 runtime: 107467us
NBody: iterations=174 runtime: 108312us
NBody: iterations=175 runtime: 107267us
NBody: iterations=176 runtime: 107392us
NBody: iterations=177 runtime: 108441us
NBody: iterations=178 runtime: 107340us
NBody: iterations=179 runtime: 107268us
NBody: iterations=180 runtime: 107400us
NBody: iterations=181 runtime: 107284us
NBody: iterations=182 runtime: 108318us
NBody: iterations=183 runtime: 107379us
NBody: iterations=184 runtime: 108317us
NBody: iterations=185 runtime: 108312us
NBody: iterations=186 runtime: 108310us
NBody: iterations=187 runtime: 108317us
NBody: iterations=188 runtime: 107459us
NBody: iterations=189 runtime: 107265us
NBody: iterations=190 runtime: 108329us
NBody: iterations=191 runtime: 108302us
NBody: iterations=192 runtime: 108307us
NBody: iterations=193 runtime: 107250us
NBody: iterations=194 runtime: 107264us
NBody: iterations=195 runtime: 108324us
NBody: iterations=196 runtime: 107279us
NBody: iterations=197 runtime: 108312us
NBody: iterations=198 runtime: 106357us
NBody: iterations=199 runtime: 108318us
NBody: iterations=200 runtime: 107785us
NBody: iterations=201 runtime: 108305us
NBody: iterations=202 runtime: 107266us
NBody: iterations=203 runtime: 108381us
NBody: iterations=204 runtime: 108311us
NBody: iterations=205 runtime: 107390us
NBody: iterations=206 runtime: 107414us
NBody: iterations=207 runtime: 108314us
NBody: iterations=208 runtime: 107389us
NBody: iterations=209 runtime: 107612us
NBody: iterations=210 runtime: 108316us
NBody: iterations=211 runtime: 108312us
NBody: iterations=212 runtime: 108320us
NBody: iterations=213 runtime: 108303us
NBody: iterations=214 runtime: 108164us
NBody: iterations=215 runtime: 108312us
NBody: iterations=216 runtime: 108318us
NBody: iterations=217 runtime: 108310us
NBody: iterations=218 runtime: 107398us
NBody: iterations=219 runtime: 106828us
NBody: iterations=220 runtime: 108314us
NBody: iterations=221 runtime: 107260us
NBody: iterations=222 runtime: 107262us
NBody: iterations=223 runtime: 108374us
NBody: iterations=224 runtime: 108438us
NBody: iterations=225 runtime: 107402us
NBody: iterations=226 runtime: 108317us
NBody: iterations=227 runtime: 107397us
NBody: iterations=228 runtime: 108316us
NBody: iterations=229 runtime: 108310us
NBody: iterations=230 runtime: 107757us
NBody: iterations=231 runtime: 108312us
NBody: iterations=232 runtime: 108345us
NBody: iterations=233 runtime: 108320us
NBody: iterations=234 runtime: 107503us
NBody: iterations=235 runtime: 108314us
NBody: iterations=236 runtime: 107393us
NBody: iterations=237 runtime: 108330us
NBody: iterations=238 runtime: 107808us
NBody: iterations=239 runtime: 108347us
NBody: iterations=240 runtime: 108313us
NBody: iterations=241 runtime: 107288us
NBody: iterations=242 runtime: 108312us
NBody: iterations=243 runtime: 108320us
NBody: iterations=244 runtime: 123207us
NBody: iterations=245 runtime: 113092us
NBody: iterations=246 runtime: 108331us
NBody: iterations=247 runtime: 108324us
NBody: iterations=248 runtime: 108326us
NBody: iterations=249 runtime: 108465us
NBody: iterations=250 runtime: 108312us
NBody: iterations=251 runtime: 106349us
NBody: iterations=252 runtime: 107953us
NBody: iterations=253 runtime: 107249us
NBody: iterations=254 runtime: 108324us
NBody: iterations=255 runtime: 107276us
NBody: iterations=256 runtime: 108318us
NBody: iterations=257 runtime: 108317us
NBody: iterations=258 runtime: 108363us
NBody: iterations=259 runtime: 108322us
NBody: iterations=260 runtime: 108308us
NBody: iterations=261 runtime: 107412us
NBody: iterations=262 runtime: 108308us
NBody: iterations=263 runtime: 107386us
NBody: iterations=264 runtime: 108332us
NBody: iterations=265 runtime: 108312us
NBody: iterations=266 runtime: 108328us
NBody: iterations=267 runtime: 108321us
NBody: iterations=268 runtime: 108311us
NBody: iterations=269 runtime: 107472us
NBody: iterations=270 runtime: 107492us
NBody: iterations=271 runtime: 108336us
NBody: iterations=272 runtime: 108322us
NBody: iterations=273 runtime: 107273us
NBody: iterations=274 runtime: 107267us
NBody: iterations=275 runtime: 108212us
NBody: iterations=276 runtime: 108312us
NBody: iterations=277 runtime: 107927us
NBody: iterations=278 runtime: 108320us
NBody: iterations=279 runtime: 108320us
NBody: iterations=280 runtime: 107531us
NBody: iterations=281 runtime: 107261us
NBody: iterations=282 runtime: 108323us
NBody: iterations=283 runtime: 108323us
NBody: iterations=284 runtime: 108325us
NBody: iterations=285 runtime: 108202us
NBody: iterations=286 runtime: 108333us
NBody: iterations=287 runtime: 107399us
NBody: iterations=288 runtime: 108310us
NBody: iterations=289 runtime: 108337us
NBody: iterations=290 runtime: 108312us
NBody: iterations=291 runtime: 108311us
NBody: iterations=292 runtime: 108316us
NBody: iterations=293 runtime: 108325us
NBody: iterations=294 runtime: 108060us
NBody: iterations=295 runtime: 108427us
NBody: iterations=296 runtime: 108303us
NBody: iterations=297 runtime: 108311us
NBody: iterations=298 runtime: 107811us
NBody: iterations=299 runtime: 107261us
NBody: iterations=300 runtime: 107407us
NBody: iterations=301 runtime: 108353us
NBody: iterations=302 runtime: 108323us
NBody: iterations=303 runtime: 108317us
NBody: iterations=304 runtime: 108333us
NBody: iterations=305 runtime: 108313us
NBody: iterations=306 runtime: 108333us
NBody: iterations=307 runtime: 107261us
NBody: iterations=308 runtime: 108317us
NBody: iterations=309 runtime: 107399us
NBody: iterations=310 runtime: 107317us
NBody: iterations=311 runtime: 108308us
NBody: iterations=312 runtime: 108311us
NBody: iterations=313 runtime: 108324us
NBody: iterations=314 runtime: 108316us
NBody: iterations=315 runtime: 107266us
NBody: iterations=316 runtime: 107304us
NBody: iterations=317 runtime: 108315us
NBody: iterations=318 runtime: 108318us
NBody: iterations=319 runtime: 108317us
NBody: iterations=320 runtime: 108319us
NBody: iterations=321 runtime: 108328us
NBody: iterations=322 runtime: 108329us
NBody: iterations=323 runtime: 108326us
NBody: iterations=324 runtime: 108333us
NBody: iterations=325 runtime: 108309us
NBody: iterations=326 runtime: 108320us
NBody: iterations=327 runtime: 107265us
NBody: iterations=328 runtime: 107388us
NBody: iterations=329 runtime: 108321us
NBody: iterations=330 runtime: 108323us
NBody: iterations=331 runtime: 107275us
NBody: iterations=332 runtime: 108333us
NBody: iterations=333 runtime: 108400us
NBody: iterations=334 runtime: 106357us
NBody: iterations=335 runtime: 107402us
NBody: iterations=336 runtime: 108314us
NBody: iterations=337 runtime: 108323us
NBody: iterations=338 runtime: 108314us
NBody: iterations=339 runtime: 108321us
NBody: iterations=340 runtime: 108323us
NBody: iterations=341 runtime: 107254us
NBody: iterations=342 runtime: 108340us
NBody: iterations=343 runtime: 108308us
NBody: iterations=344 runtime: 106324us
NBody: iterations=345 runtime: 108302us
NBody: iterations=346 runtime: 108298us
NBody: iterations=347 runtime: 108308us
NBody: iterations=348 runtime: 108297us
NBody: iterations=349 runtime: 107144us
NBody: iterations=350 runtime: 108301us
NBody: iterations=351 runtime: 108321us
NBody: iterations=352 runtime: 108336us
NBody: iterations=353 runtime: 107269us
NBody: iterations=354 runtime: 107278us
NBody: iterations=355 runtime: 107389us
NBody: iterations=356 runtime: 108452us
NBody: iterations=357 runtime: 107391us
NBody: iterations=358 runtime: 108318us
NBody: iterations=359 runtime: 107270us
NBody: iterations=360 runtime: 108314us
NBody: iterations=361 runtime: 108313us
NBody: iterations=362 runtime: 107379us
NBody: iterations=363 runtime: 107718us
NBody: iterations=364 runtime: 108323us
NBody: iterations=365 runtime: 108321us
NBody: iterations=366 runtime: 108313us
NBody: iterations=367 runtime: 108320us
NBody: iterations=368 runtime: 108311us
NBody: iterations=369 runtime: 107396us
NBody: iterations=370 runtime: 107404us
NBody: iterations=371 runtime: 108320us
NBody: iterations=372 runtime: 108326us
NBody: iterations=373 runtime: 107269us
NBody: iterations=374 runtime: 108313us
NBody: iterations=375 runtime: 107258us
NBody: iterations=376 runtime: 108316us
NBody: iterations=377 runtime: 107613us
NBody: iterations=378 runtime: 106364us
NBody: iterations=379 runtime: 107269us
NBody: iterations=380 runtime: 108340us
NBody: iterations=381 runtime: 108308us
NBody: iterations=382 runtime: 108321us
NBody: iterations=383 runtime: 108316us
NBody: iterations=384 runtime: 108311us
NBody: iterations=385 runtime: 108310us
NBody: iterations=386 runtime: 108322us
NBody: iterations=387 runtime: 108311us
NBody: iterations=388 runtime: 108311us
NBody: iterations=389 runtime: 108321us
NBody: iterations=390 runtime: 106372us
NBody: iterations=391 runtime: 108320us
NBody: iterations=392 runtime: 108309us
NBody: iterations=393 runtime: 108306us
NBody: iterations=394 runtime: 108400us
NBody: iterations=395 runtime: 108307us
NBody: iterations=396 runtime: 108308us
NBody: iterations=397 runtime: 108318us
NBody: iterations=398 runtime: 108313us
NBody: iterations=399 runtime: 108340us
NBody: iterations=400 runtime: 108325us
NBody: iterations=401 runtime: 107389us
NBody: iterations=402 runtime: 107705us
NBody: iterations=403 runtime: 108312us
NBody: iterations=404 runtime: 108320us
NBody: iterations=405 runtime: 108301us
NBody: iterations=406 runtime: 108312us
NBody: iterations=407 runtime: 107273us
NBody: iterations=408 runtime: 108402us
NBody: iterations=409 runtime: 108398us
NBody: iterations=410 runtime: 108312us
NBody: iterations=411 runtime: 108331us
Could not locate BlockSlowdown.json
Skipping Loading (this might cause a fatal crash if GTSlowdown is on)
NBody: iterations=412 runtime: 107390us
NBody: iterations=413 runtime: 108348us
NBody: iterations=414 runtime: 108316us
NBody: iterations=415 runtime: 108304us
NBody: iterations=416 runtime: 108331us
NBody: iterations=417 runtime: 108394us
NBody: iterations=418 runtime: 108341us
NBody: iterations=419 runtime: 108306us
NBody: iterations=420 runtime: 108314us
NBody: iterations=421 runtime: 107255us
NBody: iterations=422 runtime: 108320us
NBody: iterations=423 runtime: 108321us
NBody: iterations=424 runtime: 108318us
NBody: iterations=425 runtime: 108309us
NBody: iterations=426 runtime: 108309us
NBody: iterations=427 runtime: 106893us
NBody: iterations=428 runtime: 107392us
NBody: iterations=429 runtime: 107649us
NBody: iterations=430 runtime: 108316us
NBody: iterations=431 runtime: 107386us
NBody: iterations=432 runtime: 108327us
NBody: iterations=433 runtime: 107389us
NBody: iterations=434 runtime: 106589us
NBody: iterations=435 runtime: 108316us
NBody: iterations=436 runtime: 108344us
NBody: iterations=437 runtime: 108316us
NBody: iterations=438 runtime: 108313us
NBody: iterations=439 runtime: 107394us
NBody: iterations=440 runtime: 108386us
NBody: iterations=441 runtime: 108312us
NBody: iterations=442 runtime: 108317us
NBody: iterations=443 runtime: 108310us
NBody: iterations=444 runtime: 107267us
NBody: iterations=445 runtime: 106900us
NBody: iterations=446 runtime: 108326us
NBody: iterations=447 runtime: 108091us
NBody: iterations=448 runtime: 108325us
NBody: iterations=449 runtime: 108318us
NBody: iterations=450 runtime: 107929us
NBody: iterations=451 runtime: 108327us
NBody: iterations=452 runtime: 118635us
NBody: iterations=453 runtime: 118317us
NBody: iterations=454 runtime: 108389us
NBody: iterations=455 runtime: 108431us
NBody: iterations=456 runtime: 108072us
NBody: iterations=457 runtime: 107265us
NBody: iterations=458 runtime: 108312us
NBody: iterations=459 runtime: 108327us
NBody: iterations=460 runtime: 108310us
NBody: iterations=461 runtime: 108334us
NBody: iterations=462 runtime: 108315us
NBody: iterations=463 runtime: 108319us
NBody: iterations=464 runtime: 108314us
NBody: iterations=465 runtime: 108335us
NBody: iterations=466 runtime: 108320us
NBody: iterations=467 runtime: 108315us
NBody: iterations=468 runtime: 107264us
NBody: iterations=469 runtime: 108328us
NBody: iterations=470 runtime: 106375us
NBody: iterations=471 runtime: 107475us
NBody: iterations=472 runtime: 107752us
NBody: iterations=473 runtime: 107264us
NBody: iterations=474 runtime: 107953us
NBody: iterations=475 runtime: 107282us
NBody: iterations=476 runtime: 108313us
NBody: iterations=477 runtime: 108317us
NBody: iterations=478 runtime: 108318us
NBody: iterations=479 runtime: 108327us
NBody: iterations=480 runtime: 108314us
NBody: iterations=481 runtime: 106666us
NBody: iterations=482 runtime: 108311us
NBody: iterations=483 runtime: 108308us
NBody: iterations=484 runtime: 108328us
NBody: iterations=485 runtime: 108298us
NBody: iterations=486 runtime: 107263us
NBody: iterations=487 runtime: 106311us
NBody: iterations=488 runtime: 108300us
NBody: iterations=489 runtime: 108294us
NBody: iterations=490 runtime: 108289us
NBody: iterations=491 runtime: 108314us
NBody: iterations=492 runtime: 108305us
NBody: iterations=493 runtime: 108309us
NBody: iterations=494 runtime: 107879us
NBody: iterations=495 runtime: 108308us
NBody: iterations=496 runtime: 108318us
NBody: iterations=497 runtime: 108297us
NBody: iterations=498 runtime: 107378us
NBody: iterations=499 runtime: 108298us
NBody: iterations=500 runtime: 107410us
Could not locate BlockSlowdown.json
Skipping Loading (this might cause a fatal crash if GTSlowdown is on)
NBody: iterations=500 average: 109359us total: 54679831us


Total Runtime: 54679831us
Bubo.RDTSC.Harness.main Total RDTSC cycles: 181355168552
Comp 52 (java.util.ImmutableCollections$SetN$SetNIterator.next()) loops:
Found Encoding : 0:-1
└── Loop 0
  loop 0 Cycles: 244446 || Activation Count:4229| LoopCallCount: 0 |  Source: -at java.util.ImmutableCollections$SetN$SetNIterator.next(ImmutableCollections.java:1213) [bci: 21] | -at java.util.ImmutableCollections$SetN$SetNIterator.next(ImmutableCollections.java:1223) [bci: 65]
Comp 57 (java.util.HashMap.putVal(int,) loops:
Found Encoding : 0:-1
└── Loop 0
  loop 0 Cycles: 6674 || Activation Count:165| LoopCallCount: 0 |  Source: -at java.util.HashMap.putVal(HashMap.java:648) [bci: 134] | -at java.util.HashMap.putVal(HashMap.java:649) [bci: 145]
Comp 58 (java.lang.String.equals(Object)) loops:
Found Encoding : 0:-1
└── Loop 0
  loop 0 Cycles: 4280 || Activation Count:49| LoopCallCount: 0 |  Source: -at java.lang.StringLatin1.equals(StringLatin1.java:100) [bci: 9]
-at java.lang.String.equals(String.java:1926) [bci: 44] | -at java.lang.StringLatin1.equals(StringLatin1.java:105) [bci: 32]
-at java.lang.String.equals(String.java:1926) [bci: 44]
Comp 70 (java.util.HashMap.resize()) loops:
Found Encoding : 2:-1,0:-1,1:0
├── Loop 2
└── Loop 0
    └── Loop 1
  loop 0 Cycles: 38726 || Activation Count:9| LoopCallCount: 0 |  Source: -at java.util.HashMap.resize(HashMap.java:714) [bci: 151] | -at java.util.HashMap.resize(HashMap.java:755) [bci: 353]
  loop 1 Cycles: 10666 || Activation Count:84| LoopCallCount: 0 |  Source: -at java.util.HashMap.resize(HashMap.java:727) [bci: 235] | -at java.util.HashMap.resize(HashMap.java:743) [bci: 309]
  loop 2 Cycles: 14536 || Activation Count:246| LoopCallCount: 0 |  Source: -at jdk.graal.compiler.hotspot.replacements.HotSpotAllocationSnippets.allocateArray(KlassPointer, int, int, int, AllocationSnippets$FillContent, int, boolean, boolean, boolean, boolean, HotSpotAllocationSnippets$HotSpotAllocationProfilingData, boolea
Comp 84 (jdk.internal.util.ArraysSupport.unsignedHashCode(int,) loops:
Found Encoding : 0:-1,1:-1,2:-1
├── Loop 0
├── Loop 1
└── Loop 2
  loop 0 Cycles: 340 || Activation Count:1| LoopCallCount: 0 |  Source: -at jdk.internal.util.ArraysSupport.unsignedHashCode(ArraysSupport.java:378) [bci: 8] | -at jdk.internal.util.ArraysSupport.unsignedHashCode(ArraysSupport.java:381) [bci: 34]
  loop 1 Cycles: 98 || Activation Count:1| LoopCallCount: 0 |  Source: Source Missing | -at jdk.internal.util.ArraysSupport.unsignedHashCode(ArraysSupport.java:381) [bci: 34]
  loop 2 Cycles: 88 || Activation Count:1| LoopCallCount: 0 |  Source: Source Missing | -at jdk.internal.util.ArraysSupport.unsignedHashCode(ArraysSupport.java:381) [bci: 34]
Comp 85 (jdk.internal.util.ArraysSupport.unsignedHashCode(int,-Re-Comp) loops:
Found Encoding : 0:-1,1:-1,2:-1
├── Loop 0
├── Loop 1
└── Loop 2
  loop 0 Cycles: 83924 || Activation Count:1693| LoopCallCount: 0 |  Source: -at jdk.internal.util.ArraysSupport.unsignedHashCode(ArraysSupport.java:378) [bci: 8] | -at jdk.internal.util.ArraysSupport.unsignedHashCode(ArraysSupport.java:381) [bci: 34]
  loop 1 Cycles: 113284 || Activation Count:1693| LoopCallCount: 0 |  Source: Source Missing | -at jdk.internal.util.ArraysSupport.unsignedHashCode(ArraysSupport.java:381) [bci: 34]
  loop 2 Cycles: 99066 || Activation Count:1693| LoopCallCount: 0 |  Source: Source Missing | -at jdk.internal.util.ArraysSupport.unsignedHashCode(ArraysSupport.java:381) [bci: 34]
Comp 87 (java.lang.StringCoding.countPositives(byte[],) loops:
Found Encoding : 0:-1
└── Loop 0
  loop 0 Cycles: 434 || Activation Count:1| LoopCallCount: 0 |  Source: -at java.lang.StringCoding.countPositives(StringCoding.java:92) [bci: 7] | -at java.lang.StringCoding.countPositives(StringCoding.java:97) [bci: 31]
Comp 88 (java.lang.StringCoding.countPositives(byte[],-Re-Comp) loops:
Found Encoding : 0:-1
└── Loop 0
  loop 0 Cycles: 12078 || Activation Count:75| LoopCallCount: 0 |  Source: -at java.lang.StringCoding.countPositives(StringCoding.java:92) [bci: 7] | -at java.lang.StringCoding.countPositives(StringCoding.java:97) [bci: 31]
Comp 138 (java.lang.StringLatin1.equals(byte[],) loops:
Found Encoding : 0:-1
└── Loop 0
  loop 0 Cycles: 21620 || Activation Count:123| LoopCallCount: 0 |  Source: -at java.lang.StringLatin1.equals(StringLatin1.java:100) [bci: 9] | -at java.lang.StringLatin1.equals(StringLatin1.java:105) [bci: 32]
Comp 140 (java.util.Properties$LineReader.readLine()) loops:
Found Encoding : 5:-1,3:-1,4:3,0:-1,1:0,2:1
├── Loop 5
├── Loop 3
│   └── Loop 4
└── Loop 0
    └── Loop 1
        └── Loop 2
  loop 1 Cycles: 267830 || Activation Count:90| LoopCallCount: 1 |  Source: -at java.util.Properties$LineReader.readLine(Properties.java:538) [bci: 219] | -at java.util.Properties$LineReader.readLine(Properties.java:543) [bci: 259]
  loop 2 Cycles: 11976 || Activation Count:91| LoopCallCount: 0 |  Source: -at java.util.Properties$LineReader.readLine(Properties.java:540) [bci: 224] | -at java.util.Properties$LineReader.readLine(Properties.java:543) [bci: 259]
  loop 5 Cycles: 830 || Activation Count:1| LoopCallCount: 0 |  Source: -at java.util.Properties$LineReader.readLine(Properties.java:540) [bci: 224] | -at java.util.Properties$LineReader.readLine(Properties.java:543) [bci: 259]
Comp 141 (java.util.Properties$LineReader.readLine()-Re-Comp) loops:
Found Encoding : 0:-1,1:0,2:1
└── Loop 0
    └── Loop 1
        └── Loop 2
  loop 1 Cycles: 3590 || Activation Count:14| LoopCallCount: 1 |  Source: -at java.util.Properties$LineReader.readLine(Properties.java:538) [bci: 219] | -at java.util.Properties$LineReader.readLine(Properties.java:543) [bci: 259]
  loop 2 Cycles: 1970 || Activation Count:14| LoopCallCount: 0 |  Source: -at java.util.Properties$LineReader.readLine(Properties.java:540) [bci: 224] | -at java.util.Properties$LineReader.readLine(Properties.java:545) [bci: 262]
Comp 142 (java.util.Properties$LineReader.readLine()-Re-Comp) loops:
Found Encoding : 5:-1,3:-1,4:3,0:-1,1:0,2:1
├── Loop 5
├── Loop 3
│   └── Loop 4
└── Loop 0
    └── Loop 1
        └── Loop 2
  loop 0 Cycles: 39014 || Activation Count:1| LoopCallCount: 2 |  Source: -at java.util.Properties$LineReader.readLine(Properties.java:504) [bci: 53] | -at java.util.Properties$LineReader.readLine(Properties.java:615) [bci: 577]
  loop 1 Cycles: 28540 || Activation Count:131| LoopCallCount: 1 |  Source: -at java.util.Properties$LineReader.readLine(Properties.java:538) [bci: 219] | -at java.util.Properties$LineReader.readLine(Properties.java:543) [bci: 259]
  loop 2 Cycles: 15524 || Activation Count:131| LoopCallCount: 0 |  Source: -at java.util.Properties$LineReader.readLine(Properties.java:540) [bci: 224] | -at java.util.Properties$LineReader.readLine(Properties.java:543) [bci: 259]
  loop 5 Cycles: 1078 || Activation Count:1| LoopCallCount: 0 |  Source: -at java.util.Properties$LineReader.readLine(Properties.java:540) [bci: 224] | -at java.util.Properties$LineReader.readLine(Properties.java:543) [bci: 259]
Comp 143 (java.util.Properties$LineReader.readLine()-Re-Comp) loops:
Found Encoding : 0:-1,1:0,2:1
└── Loop 0
    └── Loop 1
        └── Loop 2
  loop 0 Cycles: 401152 || Activation Count:6| LoopCallCount: 2 |  Source: -at java.util.Properties$LineReader.readLine(Properties.java:504) [bci: 53] | -at java.util.Properties$LineReader.readLine(Properties.java:615) [bci: 577]
  loop 1 Cycles: 462370 || Activation Count:374| LoopCallCount: 1 |  Source: -at java.util.Properties$LineReader.readLine(Properties.java:538) [bci: 219] | -at java.util.Properties$LineReader.readLine(Properties.java:543) [bci: 259]
  loop 2 Cycles: 48136 || Activation Count:377| LoopCallCount: 0 |  Source: -at java.util.Properties$LineReader.readLine(Properties.java:540) [bci: 224] | -at java.util.Properties$LineReader.readLine(Properties.java:545) [bci: 262]
Comp 181 (nbody.NBodySystem.advance(double)) loops:
Found Encoding : 0:-1,1:0,2:-1
├── Loop 0
│   └── Loop 1
└── Loop 2
  loop 0 Cycles: 28140450 || Activation Count:35020| LoopCallCount: 0 |  Source: -at nbody.NBodySystem.advance(double) [bci: 2] | -at nbody.NBodySystem.advance(double) [bci: 261]
  loop 1 Cycles: 9888384 || Activation Count:175100| LoopCallCount: 0 |  Source: -at nbody.NBodySystem.advance(double) [bci: 24] | -at nbody.NBodySystem.advance(double) [bci: 255]
  loop 2 Cycles: 1057102 || Activation Count:35020| LoopCallCount: 0 |  Source: -at nbody.NBodySystem.advance(double) [bci: 273] | -at nbody.NBodySystem.advance(double) [bci: 346]
Comp 182 (NBody.innerBenchmarkLoop(int)) loops:
Found Encoding : 1:-1,2:1,3:-1,0:-1,4:0,5:4,6:0
├── Loop 1
│   └── Loop 2
├── Loop 3
└── Loop 0
    ├── Loop 4
    │   └── Loop 5
    └── Loop 6
  loop 1 Cycles: 3098 || Activation Count:1| LoopCallCount: 0 |  Source: -at nbody.NBodySystem.advance(double) [bci: 2]
-at NBody.innerBenchmarkLoop(int) [bci: 19] | -at nbody.NBodySystem.advance(double) [bci: 261]
-at NBody.innerBenchmarkLoop(int) [bci: 19]
  loop 2 Cycles: 1194 || Activation Count:5| LoopCallCount: 0 |  Source: -at nbody.NBodySystem.advance(double) [bci: 24]
-at NBody.innerBenchmarkLoop(int) [bci: 19] | -at nbody.NBodySystem.advance(double) [bci: 255]
-at NBody.innerBenchmarkLoop(int) [bci: 19]
  loop 3 Cycles: 200 || Activation Count:1| LoopCallCount: 0 |  Source: -at nbody.NBodySystem.advance(double) [bci: 273]
-at NBody.innerBenchmarkLoop(int) [bci: 19] | -at nbody.NBodySystem.advance(double) [bci: 346]
-at NBody.innerBenchmarkLoop(int) [bci: 19]
  loop 4 Cycles: 977914298 || Activation Count:1179519| LoopCallCount: 0 |  Source: -at nbody.NBodySystem.advance(double) [bci: 2]
-at NBody.innerBenchmarkLoop(int) [bci: 19] | -at nbody.NBodySystem.advance(double) [bci: 261]
-at NBody.innerBenchmarkLoop(int) [bci: 19]
  loop 5 Cycles: 340492376 || Activation Count:5897595| LoopCallCount: 0 |  Source: -at nbody.NBodySystem.advance(double) [bci: 24]
-at NBody.innerBenchmarkLoop(int) [bci: 19] | -at nbody.NBodySystem.advance(double) [bci: 255]
-at NBody.innerBenchmarkLoop(int) [bci: 19]
  loop 6 Cycles: 35672678 || Activation Count:1179519| LoopCallCount: 0 |  Source: -at nbody.NBodySystem.advance(double) [bci: 273]
-at NBody.innerBenchmarkLoop(int) [bci: 19] | -at nbody.NBodySystem.advance(double) [bci: 346]
-at NBody.innerBenchmarkLoop(int) [bci: 19]
Comp 194 (NBody.innerBenchmarkLoop(int)-Re-Comp) loops:
Found Encoding : 1:-1,2:1,3:-1,0:-1,10:-1,11:-1,6:-1,7:6,8:7,9:6,4:-1,5:4
├── Loop 1
│   └── Loop 2
├── Loop 3
├── Loop 0
├── Loop 10
├── Loop 11
├── Loop 6
│   ├── Loop 7
│   │   └── Loop 8
│   └── Loop 9
└── Loop 4
    └── Loop 5
  loop 1 Cycles: 2308 || Activation Count:1| LoopCallCount: 0 |  Source: -at nbody.NBodySystem.advance(double) [bci: 2]
-at NBody.innerBenchmarkLoop(int) [bci: 19] | -at nbody.NBodySystem.advance(double) [bci: 261]
-at NBody.innerBenchmarkLoop(int) [bci: 19]
  loop 2 Cycles: 756 || Activation Count:5| LoopCallCount: 0 |  Source: -at nbody.NBodySystem.advance(double) [bci: 24]
-at NBody.innerBenchmarkLoop(int) [bci: 19] | -at nbody.NBodySystem.advance(double) [bci: 255]
-at NBody.innerBenchmarkLoop(int) [bci: 19]
  loop 3 Cycles: 224 || Activation Count:1| LoopCallCount: 0 |  Source: -at nbody.NBodySystem.advance(double) [bci: 273]
-at NBody.innerBenchmarkLoop(int) [bci: 19] | -at nbody.NBodySystem.advance(double) [bci: 346]
-at NBody.innerBenchmarkLoop(int) [bci: 19]
  loop 4 Cycles: 960 || Activation Count:1| LoopCallCount: 0 |  Source: -at nbody.NBodySystem.energy() [bci: 4]
-at NBody.innerBenchmarkLoop(int) [bci: 30] | -at nbody.NBodySystem.energy() [bci: 183]
-at NBody.innerBenchmarkLoop(int) [bci: 30]
  loop 5 Cycles: 488 || Activation Count:5| LoopCallCount: 0 |  Source: -at nbody.NBodySystem.energy() [bci: 74]
-at NBody.innerBenchmarkLoop(int) [bci: 30] | -at nbody.NBodySystem.energy() [bci: 177]
-at NBody.innerBenchmarkLoop(int) [bci: 30]
  loop 6 Cycles: 1147100506 || Activation Count:1| LoopCallCount: 0 |  Source: Source Missing | -at NBody.innerBenchmarkLoop(int) [bci: 28]
  loop 7 Cycles: 944540804 || Activation Count:1184639| LoopCallCount: 0 |  Source: -at nbody.NBodySystem.advance(double) [bci: 2]
-at NBody.innerBenchmarkLoop(int) [bci: 19] | -at nbody.NBodySystem.advance(double) [bci: 261]
-at NBody.innerBenchmarkLoop(int) [bci: 19]
  loop 8 Cycles: 338778522 || Activation Count:5923195| LoopCallCount: 0 |  Source: -at nbody.NBodySystem.advance(double) [bci: 24]
-at NBody.innerBenchmarkLoop(int) [bci: 19] | -at nbody.NBodySystem.advance(double) [bci: 255]
-at NBody.innerBenchmarkLoop(int) [bci: 19]
  loop 9 Cycles: 35868528 || Activation Count:1184639| LoopCallCount: 0 |  Source: -at nbody.NBodySystem.advance(double) [bci: 273]
-at NBody.innerBenchmarkLoop(int) [bci: 19] | -at nbody.NBodySystem.advance(double) [bci: 346]
-at NBody.innerBenchmarkLoop(int) [bci: 19]
Comp 195 (NBody.innerBenchmarkLoop(int)-Re-Comp) loops:
Found Encoding : 0:-1
└── Loop 0
  loop 0 Cycles: 177969656034 || Activation Count:497| LoopCallCount: 0 |  Source: -at NBody.innerBenchmarkLoop(int) [bci: 10] | -at NBody.innerBenchmarkLoop(int) [bci: 28]
Comp 203 (java.lang.StringLatin1.inflate(byte[],) loops:
Found Encoding : 0:-1,1:-1,2:-1
├── Loop 0
├── Loop 1
└── Loop 2
  loop 0 Cycles: 6024 || Activation Count:184| LoopCallCount: 0 |  Source: -at java.lang.StringLatin1.inflate(StringLatin1.java:767) [bci: 3] | -at java.lang.StringLatin1.inflate(StringLatin1.java:770) [bci: 33]
  loop 1 Cycles: 8128 || Activation Count:184| LoopCallCount: 0 |  Source: Source Missing | -at java.lang.StringLatin1.inflate(StringLatin1.java:770) [bci: 33]
  loop 2 Cycles: 6826 || Activation Count:184| LoopCallCount: 0 |  Source: Source Missing | -at java.lang.StringLatin1.inflate(StringLatin1.java:770) [bci: 33]
