[Use -Djdk.graal.LogFile=<path> to redirect Graal log output to a file.]
java.lang.module.ModuleDescriptor.name()java.lang.String -1 codeSignature differs 5be282a10c496d4000571a6844c9c0bc109901813a12d3aea5364efad6a66c85 != 236f622407d0112ac18220ce2f7dd8fc95a4975bd21efedc593a420240b9e35f
java.lang.module.ModuleReference.descriptor()java.lang.module.ModuleDescriptor -1 codeSignature differs 14be906eafbcd0e98db8607fd01b12de837039bcd06c460d0cf8f6394c8cff6d != d74a3d991dcad2ff0132c63a48dc50da7170128a36ef27d42bfbafe23260746e
java.lang.Enum.ordinal()int -1 codeSignature differs d4ce072063a0e5d7b77fa03ca89aafb8f3e3ecf13c518dc1905e344d1e62c58a != 6379912ece14b3e5c494001bcdbf513550438500c9fe64692666ea4804585a5b
java.lang.Class.isPrimitive()boolean -1 codeSignature differs 98ab40cf2ebcc843a57e4548f9a42e2e9f3f439b3cfc72b2a9affe72c8d06a5f != 3e78a4a854866f13977dcbf9876f9c5a148d0cfe8abd55bad528a298e2ab0d37
jdk.internal.util.StrongReferenceKey.get()java.lang.Object -1 codeSignature differs 14be906eafbcd0e98db8607fd01b12de837039bcd06c460d0cf8f6394c8cff6d != d74a3d991dcad2ff0132c63a48dc50da7170128a36ef27d42bfbafe23260746e
java.lang.Class.getClassLoader()java.lang.ClassLoader -1 codeSignature differs 1ec746d9657abb2124f404e47924197593986fc62346c6cd76072c08e29afddf != fc6683d6dbc2e9c193939db2b7b3809c7ed36f548dabbad32ce6a77af2acbb5c
java.lang.invoke.MethodType.returnType()java.lang.Class -1 codeSignature differs 14be906eafbcd0e98db8607fd01b12de837039bcd06c460d0cf8f6394c8cff6d != d74a3d991dcad2ff0132c63a48dc50da7170128a36ef27d42bfbafe23260746e
jdk.internal.classfile.impl.AbstractPoolEntry.index()int -1 codeSignature differs d4ce072063a0e5d7b77fa03ca89aafb8f3e3ecf13c518dc1905e344d1e62c58a != 6379912ece14b3e5c494001bcdbf513550438500c9fe64692666ea4804585a5b
java.lang.invoke.MemberName.getDeclaringClass()java.lang.Class -1 codeSignature differs b46e439bc51650ff335d2a7124f0b0154f260fe1af8ba145c6fd3cf5008c9e4e != 65875f01c4739b3690cfc99e32978813efde10140dd67c4d7a0e3015e243befa
java.lang.invoke.MethodType.form()java.lang.invoke.MethodTypeForm -1 codeSignature differs 5be282a10c496d4000571a6844c9c0bc109901813a12d3aea5364efad6a66c85 != 236f622407d0112ac18220ce2f7dd8fc95a4975bd21efedc593a420240b9e35f
java.util.stream.FindOps$FindSink.cancellationRequested()boolean -1 codeSignature differs 55af0dc4b7688c78180d5f5b00584e4bf66cf93bd60716f9aab49e7a6fd64ac4 != f48625702890d29653fc29959db5796353242ca5005d0c97563dc7641a6e9521
java.lang.Object.<init>()void -1 codeSignature differs fe534d3aac0502b22527b54e744892c09d7496fd765947a3ee3ec9a070d56f92 != 53fed571f2d162d1b06665e593acff62e94c3c2feeb837a313805208a153c804
jdk.internal.module.ModuleReferenceImpl.moduleResolution()jdk.internal.module.ModuleResolution -1 codeSignature differs b76db95b8fd3a055b26c3a6c15023743ea3cd488646d474319964a2e9e13b73e != acecf092198f6e600ae574ae88f94c3dcc124dff78fd33d38e7503cf1de4cb84
java.lang.String.hashCode()int -1 codeSignature differs cd869c87835ef8242ee90410caccd8a61a63cd99231e11f83fcdc76366e70264 != 4af57cd2c352f504d9843ac55232e6c06b59ac42ecb11ac71e7928d819941700
java.lang.module.ModuleDescriptor$Requires.modifiers()java.util.Set -1 codeSignature differs 14be906eafbcd0e98db8607fd01b12de837039bcd06c460d0cf8f6394c8cff6d != d74a3d991dcad2ff0132c63a48dc50da7170128a36ef27d42bfbafe23260746e
java.lang.module.ModuleDescriptor$Requires.name()java.lang.String -1 codeSignature differs 90f01eeb46d88d53d0e4e48ef19445eb3bdf8101a00c7dc3f717a337df9fb41f != 3dca556ce0a4f9f9b2a7bcbcee2ecdeeb626fd493f0993079a0f91070abff97b
java.lang.module.ModuleDescriptor.requires()java.util.Set -1 codeSignature differs 50021c78154f047ad8f88f0733084203e726ca2f3911eed3f4e2615369ae39b2 != 38c64b25607c18539afa677dc017db8b0b2e69cd25c409ff2fbbda9b724f85b9
java.lang.module.ModuleDescriptor.isAutomatic()boolean -1 codeSignature differs 2c5d9434fa6cbff1c0177053ad01774247e7a98383a3d0ee5c4dccbf56bf9e86 != 573ad2b7aa6bd940d385aadba08b49259d18cc84676cb0e7d2bc6bb2b3a188b0
java.util.HashMap$Node.getKey()java.lang.Object -1 codeSignature differs 90f01eeb46d88d53d0e4e48ef19445eb3bdf8101a00c7dc3f717a337df9fb41f != 3dca556ce0a4f9f9b2a7bcbcee2ecdeeb626fd493f0993079a0f91070abff97b
java.util.HashMap$Node.getValue()java.lang.Object -1 codeSignature differs 5be282a10c496d4000571a6844c9c0bc109901813a12d3aea5364efad6a66c85 != 236f622407d0112ac18220ce2f7dd8fc95a4975bd21efedc593a420240b9e35f
java.util.ImmutableCollections$Set12.isEmpty()boolean -1 codeSignature differs d890ffc04cd03ec866061096d7d13d2670cacc5a2328b692374e3523d40574bd != 55a5cc963fc3641936c496e734b67cb2da5b04dc6786193efb958b4650f80fcc
java.lang.module.ModuleDescriptor$Exports.source()java.lang.String -1 codeSignature differs 90f01eeb46d88d53d0e4e48ef19445eb3bdf8101a00c7dc3f717a337df9fb41f != 3dca556ce0a4f9f9b2a7bcbcee2ecdeeb626fd493f0993079a0f91070abff97b
java.lang.module.ModuleDescriptor$Exports.targets()java.util.Set -1 codeSignature differs 5be282a10c496d4000571a6844c9c0bc109901813a12d3aea5364efad6a66c85 != 236f622407d0112ac18220ce2f7dd8fc95a4975bd21efedc593a420240b9e35f
java.lang.module.ModuleDescriptor.provides()java.util.Set -1 codeSignature differs 309d9291f2d3c2a63becdec49b2c74b25af9d7fdc62dad05faf86a64889608fc != ac8620023b60722a9bd4c025af16c863bb01ff2e1485a56d1a0e66cae8c98d9f
java.lang.module.ModuleDescriptor.exports()java.util.Set -1 codeSignature differs 948d21eddb9ad191efbc24290e4e840a30aebb134151b75def9175ab54c0a48c != 64b1f8caa863f256c52a850b78b1f50f6cb4cdbb0fd449ebc0f6c33942f7e576
java.util.ImmutableCollections$SetN$SetNIterator.hasNext()boolean -1 codeSignature differs 014069b9d29ae67f97f8d652b8d7a77d9057cdb393e4e32597c925d7a30bdc82 != 68bedb7c2b89fc57eca6528f835388a812a6a51c19835f3ca5c045deed27b552
java.lang.module.ModuleDescriptor.uses()java.util.Set -1 codeSignature differs e3ce51591a4fee3aaff0c687fbb639bc8c1569c92e84d989cdc906a081a3aa6f != a28d016eade96af94b1490585bd89e875ca450bc08a58e964a7e2d9c660f535c
java.util.ImmutableCollections$SetN$SetNIterator.next()java.lang.Object -1 codeSignature differs e1fe95f08e9a54f528c00088fcbfa159f3bad00b96b954e867ee6f3fb841619e != 1c16e1aaf3c5c4e267d064b4f4a6055cb93c36b45deb929a479843825821be18
java.util.ImmutableCollections$SetN$SetNIterator.next()java.lang.Object -1 graphSignature differs b05d592371fcce917a90fc28debaf21f7e7532d4836b1c9812ac396e129c7095 != dd493989519e7f328311cfecc7abfe1946186eaebdea7e8b59878a8ba9e25a26
java.lang.module.ModuleDescriptor$Provides.service()java.lang.String -1 codeSignature differs 14be906eafbcd0e98db8607fd01b12de837039bcd06c460d0cf8f6394c8cff6d != d74a3d991dcad2ff0132c63a48dc50da7170128a36ef27d42bfbafe23260746e
java.util.HashMap.hash(java.lang.Object)int -1 codeSignature differs c6903dad5908bc9eaf7cdb32a913fe5dbc605b73fb97bd9761958ef11ba2a06f != 0459be08d7d59f17790bb83bcc46509fcf1f00b1099292fc7f628e6641879922
java.lang.module.ModuleDescriptor$Exports.isQualified()boolean -1 codeSignature differs 565db9e33e694a1b0362d2f063d5bbfe78f37a1a7948c00a1eddc4a4bd5a072a != d4ab38f0778882122e56a15e07ea4ffeb954e889404baa4e18a7d9aad8cee0ad
java.util.HashMap.putVal(int, java.lang.Object, java.lang.Object, boolean, boolean)java.lang.Object -1 codeSignature differs 4a80b89ec496500d2ccb4aa9edaf7307e3381c43bed7a33e8e2e91e7cb5ff395 != 9c290f3df4fdf3d9f6f1d2b1dce2fd58697769b6f05b84b4ed983aaaef48862e
java.util.HashMap.putVal(int, java.lang.Object, java.lang.Object, boolean, boolean)java.lang.Object -1 graphSignature differs 71c7befc4bcc50903c01cb500806055811a71080bd754d077284439fcd10103c != 5a74e12f320f5360d51b0bb3946f087ce2dce5afa144b15d312a3acc1621c4cf
java.lang.String.equals(java.lang.Object)boolean -1 codeSignature differs f5747f05d8cb43a0e84b3d89443c10d37c72a20d9b0342eb86834299bed80ca6 != 119dc6e6665ec6b4c44f1e420beb3682c6794e4c2205f6f17310bd0f4f948907
java.lang.String.equals(java.lang.Object)boolean -1 graphSignature differs 240f841b413bb8bd2af4877cb3753eac11d3bdc482d702e067df992e72784ebb != 2d841e5f6ff33687ba2a8e89c73735b82c892266d476f740b43f9fc2b4d21873
java.util.KeyValueHolder.getKey()java.lang.Object -1 codeSignature differs 14be906eafbcd0e98db8607fd01b12de837039bcd06c460d0cf8f6394c8cff6d != d74a3d991dcad2ff0132c63a48dc50da7170128a36ef27d42bfbafe23260746e
java.util.KeyValueHolder.getValue()java.lang.Object -1 codeSignature differs 90f01eeb46d88d53d0e4e48ef19445eb3bdf8101a00c7dc3f717a337df9fb41f != 3dca556ce0a4f9f9b2a7bcbcee2ecdeeb626fd493f0993079a0f91070abff97b
java.lang.module.ModuleDescriptor.packages()java.util.Set -1 codeSignature differs 1ec746d9657abb2124f404e47924197593986fc62346c6cd76072c08e29afddf != fc6683d6dbc2e9c193939db2b7b3809c7ed36f548dabbad32ce6a77af2acbb5c
java.lang.module.ResolvedModule.reference()java.lang.module.ModuleReference -1 codeSignature differs 90f01eeb46d88d53d0e4e48ef19445eb3bdf8101a00c7dc3f717a337df9fb41f != 3dca556ce0a4f9f9b2a7bcbcee2ecdeeb626fd493f0993079a0f91070abff97b
java.util.HashMap$Node.<init>(int, java.lang.Object, java.lang.Object, java.util.HashMap$Node)void -1 codeSignature differs 4de361c445f1981f5d80bf128928a9013eaca37a45db622676530435055a45c0 != a8aef4e0a5a11e39bb041f0f275dbdd809efacb4905d4deb18ef1f57422eee99
java.lang.module.ModuleDescriptor$Version.toString()java.lang.String -1 codeSignature differs 14be906eafbcd0e98db8607fd01b12de837039bcd06c460d0cf8f6394c8cff6d != d74a3d991dcad2ff0132c63a48dc50da7170128a36ef27d42bfbafe23260746e
java.lang.AbstractStringBuilder.length()int -1 codeSignature differs d4ce072063a0e5d7b77fa03ca89aafb8f3e3ecf13c518dc1905e344d1e62c58a != 6379912ece14b3e5c494001bcdbf513550438500c9fe64692666ea4804585a5b
java.util.HashMap.newNode(int, java.lang.Object, java.lang.Object, java.util.HashMap$Node)java.util.HashMap$Node -1 codeSignature differs 0b57ad3d0ea1b0de0d3ae4d1256f2a3bf2dacceb94022bee4e70d75bf1848358 != d2c2a415cba31cf48b157817e62dcfa6745f18dc85bdd37bd358d1bb63bfa15d
java.util.HashMap.afterNodeInsertion(boolean)void -1 codeSignature differs fe534d3aac0502b22527b54e744892c09d7496fd765947a3ee3ec9a070d56f92 != 53fed571f2d162d1b06665e593acff62e94c3c2feeb837a313805208a153c804
java.util.HashMap.resize()java.util.HashMap$Node[] -1 codeSignature differs c4f46381b356349aa6293b37302a6648f14a1b6d28e7b70df9396b00cd1b506d != e244b9ff9f7cbf62ced00b2f7ac41c838c3537a8d61d9940c1b8170f97452e0e
java.util.HashMap.resize()java.util.HashMap$Node[] -1 graphSignature differs 8621339e67ed630b148c0b60d4ece2a8f5e4dc640c7e625f721a8babedbc3813 != 907f32e8439d3100299993dcad76560e08b0f705baa3a6e36f739c5640084aa9
java.lang.module.ResolvedModule.configuration()java.lang.module.Configuration -1 codeSignature differs 14be906eafbcd0e98db8607fd01b12de837039bcd06c460d0cf8f6394c8cff6d != d74a3d991dcad2ff0132c63a48dc50da7170128a36ef27d42bfbafe23260746e
java.lang.module.ModuleDescriptor.isOpen()boolean -1 codeSignature differs 7251ebfc69511ba11260ce3e5fe8de41e1ee424c1c84ef382507a4b520f46599 != 68c1b93afd5159dbd52f415e41c6f206a35012c76ae6407eef42650396bf8bfc
java.util.HashMap.size()int -1 codeSignature differs 55d12884885f16e44e8204f924f64617688caf405b709d32e1e72896f6c27c3d != 602769ad44793bd98e92b9e62f8542f52d5162d04d5d1c146bc1a1f5f4eab2b1
java.util.zip.ZipCoder$UTF8ZipCoder.isUTF8()boolean -1 codeSignature differs 6e3a14458a0fca90e6a63285514a933585cea592cb622e79b33ddc5df6e0fb66 != f86c5820929a34f03b9429610f522a6efd833767bf69832ae22131f6e690fc71
jdk.internal.classfile.impl.AbstractPoolEntry.width()int -1 codeSignature differs 6e3a14458a0fca90e6a63285514a933585cea592cb622e79b33ddc5df6e0fb66 != f86c5820929a34f03b9429610f522a6efd833767bf69832ae22131f6e690fc71
jdk.internal.classfile.impl.SplitConstantPool.size()int -1 codeSignature differs 1e851f5b2cbf37c0cd46831368dd889b60dff01d7b16161259960e24b264ceb1 != 8842033c3435ba9022b0d14a05ef1a95782e7436e1f26a804596a2590677c40d
java.lang.invoke.MethodType.ptypes()java.lang.Class[] -1 codeSignature differs 90f01eeb46d88d53d0e4e48ef19445eb3bdf8101a00c7dc3f717a337df9fb41f != 3dca556ce0a4f9f9b2a7bcbcee2ecdeeb626fd493f0993079a0f91070abff97b
jdk.internal.classfile.impl.RawBytecodeHelper.bci()int -1 codeSignature differs fe46e3fea17c2bcac25676024acf43715946ed13832c36004058f315d01e6ed3 != f644854fb6e4ffc5fb86a7d696951b13023f6a472bb2253c81909dd20f94fad0
jdk.internal.classfile.impl.AbstractPoolEntry.constantPool()java.lang.classfile.constantpool.ConstantPool -1 codeSignature differs 5be282a10c496d4000571a6844c9c0bc109901813a12d3aea5364efad6a66c85 != 236f622407d0112ac18220ce2f7dd8fc95a4975bd21efedc593a420240b9e35f
java.lang.AbstractStringBuilder.getValue()byte[] -1 codeSignature differs 5be282a10c496d4000571a6844c9c0bc109901813a12d3aea5364efad6a66c85 != 236f622407d0112ac18220ce2f7dd8fc95a4975bd21efedc593a420240b9e35f
jdk.internal.constant.ClassOrInterfaceDescImpl.descriptorString()java.lang.String -1 codeSignature differs 14be906eafbcd0e98db8607fd01b12de837039bcd06c460d0cf8f6394c8cff6d != d74a3d991dcad2ff0132c63a48dc50da7170128a36ef27d42bfbafe23260746e
java.lang.String.value()byte[] -1 codeSignature differs 5be282a10c496d4000571a6844c9c0bc109901813a12d3aea5364efad6a66c85 != 236f622407d0112ac18220ce2f7dd8fc95a4975bd21efedc593a420240b9e35f
jdk.internal.classfile.impl.BufWriterImpl.size()int -1 codeSignature differs fe46e3fea17c2bcac25676024acf43715946ed13832c36004058f315d01e6ed3 != f644854fb6e4ffc5fb86a7d696951b13023f6a472bb2253c81909dd20f94fad0
Profiling started
java.nio.Buffer.limit()int -1 codeSignature differs 55d12884885f16e44e8204f924f64617688caf405b709d32e1e72896f6c27c3d != 602769ad44793bd98e92b9e62f8542f52d5162d04d5d1c146bc1a1f5f4eab2b1
java.lang.StringLatin1.equals(byte[], byte[])boolean -1 codeSignature differs 2cfeb7ca81e519d27a2f4886127bbb28eb00282f6a344501abe1cdc2705cba4e != ce6957fde94989d8dfb9f657cd698acb12bd0f01e407ce68915647520f63bd02
java.lang.StringLatin1.equals(byte[], byte[])boolean -1 graphSignature differs f47d0b1647dabd6f0108a1c873e12c6a64939992dcc9e97f79a9e6e1f1af8649 != cda1bda6b067c21da86f5c9b00220a168b94ff95811df6ee0a57435eb4ec0473
jdk.internal.classfile.impl.AbstractDirectBuilder.constantPool()jdk.internal.classfile.impl.SplitConstantPool -1 codeSignature differs 14be906eafbcd0e98db8607fd01b12de837039bcd06c460d0cf8f6394c8cff6d != d74a3d991dcad2ff0132c63a48dc50da7170128a36ef27d42bfbafe23260746e
java.lang.String.coder()byte -1 codeSignature differs f3a73f0f7ffcffdf8962f6b17b32b9d22dceb70a6321ad4e83f092ac924fb640 != 82f5235e2dbc41130ab9f332d81a84c727950ed13b523486e1cf57bd2f9bda2c
jdk.internal.util.WeakReferenceKey.hashCode()int -1 codeSignature differs 55d12884885f16e44e8204f924f64617688caf405b709d32e1e72896f6c27c3d != 602769ad44793bd98e92b9e62f8542f52d5162d04d5d1c146bc1a1f5f4eab2b1
java.lang.invoke.MethodTypeForm.erasedType()java.lang.invoke.MethodType -1 codeSignature differs 90f01eeb46d88d53d0e4e48ef19445eb3bdf8101a00c7dc3f717a337df9fb41f != 3dca556ce0a4f9f9b2a7bcbcee2ecdeeb626fd493f0993079a0f91070abff97b
java.util.zip.Inflater$InflaterZStreamRef.address()long -1 codeSignature differs 6775e09a923d4a8abe8298f2b15f8be238b37428c67c56453b241b1ba16d6df1 != aab6a04fbf2d5da418698ecc437d4f03bc8f43cb4ff78a70d6a307a4476014d1
jdk.internal.constant.ClassOrInterfaceDescImpl.isClassOrInterface()boolean -1 codeSignature differs 6e3a14458a0fca90e6a63285514a933585cea592cb622e79b33ddc5df6e0fb66 != f86c5820929a34f03b9429610f522a6efd833767bf69832ae22131f6e690fc71
java.util.ArrayList.size()int -1 codeSignature differs fe46e3fea17c2bcac25676024acf43715946ed13832c36004058f315d01e6ed3 != f644854fb6e4ffc5fb86a7d696951b13023f6a472bb2253c81909dd20f94fad0
java.lang.String.length()int -1 codeSignature differs 5f2a9f3bb1f4f800ea4f2ad278553dedcfc789fe27a155b26df986828b30ede3 != 65d375b72c5817a4f8af1bcdf77dbdcb452e4f9ceb60cd42724b10772bcfdc62
Starting Richards benchmark ...
richards.TaskControlBlock.getIdentity()int -1 codeSignature differs fe46e3fea17c2bcac25676024acf43715946ed13832c36004058f315d01e6ed3 != f644854fb6e4ffc5fb86a7d696951b13023f6a472bb2253c81909dd20f94fad0
richards.Packet.setLink(richards.Packet)void -1 codeSignature differs 1db8f7a4ecfef4ed6c45c229a32eea2beea04b546b633714db0f953a5b985c9b != d6f8049af95339d279201c9f8b34de4d172b4df952f3c7f3c39b9bb808b353ca
richards.TaskControlBlock.getLink()richards.TaskControlBlock -1 codeSignature differs b46e439bc51650ff335d2a7124f0b0154f260fe1af8ba145c6fd3cf5008c9e4e != 65875f01c4739b3690cfc99e32978813efde10140dd67c4d7a0e3015e243befa
richards.Packet.getLink()richards.Packet -1 codeSignature differs b46e439bc51650ff335d2a7124f0b0154f260fe1af8ba145c6fd3cf5008c9e4e != 65875f01c4739b3690cfc99e32978813efde10140dd67c4d7a0e3015e243befa
richards.TaskControlBlock.getPriority()int -1 codeSignature differs 1e851f5b2cbf37c0cd46831368dd889b60dff01d7b16161259960e24b264ceb1 != 8842033c3435ba9022b0d14a05ef1a95782e7436e1f26a804596a2590677c40d
richards.WorkerTaskDataRecord.getCount()int -1 codeSignature differs fe46e3fea17c2bcac25676024acf43715946ed13832c36004058f315d01e6ed3 != f644854fb6e4ffc5fb86a7d696951b13023f6a472bb2253c81909dd20f94fad0
richards.Packet.setIdentity(int)void -1 codeSignature differs 79501822c6ab4c9b0d280255fe98a197cd3e4d400db1695b0a7c8a478d01042f != f4921c3cc4fa379eabe5b2b13aa66ec7ca50b67eb98e881c919765ac016ee4ff
richards.TaskState.setTaskWaiting(boolean)void -1 codeSignature differs f198f815186b4325deabccaa4f5e04e6332d64c63796e6c006bb8dfd97358ec1 != bbdc9b84ecd72fc6ce3c9d91d513c7263560ef28e2a0add325896ad9db4b56a0
richards.HandlerTaskDataRecord.workIn()richards.Packet -1 codeSignature differs 14be906eafbcd0e98db8607fd01b12de837039bcd06c460d0cf8f6394c8cff6d != d74a3d991dcad2ff0132c63a48dc50da7170128a36ef27d42bfbafe23260746e
richards.Packet.getIdentity()int -1 codeSignature differs d4ce072063a0e5d7b77fa03ca89aafb8f3e3ecf13c518dc1905e344d1e62c58a != 6379912ece14b3e5c494001bcdbf513550438500c9fe64692666ea4804585a5b
richards.Packet.setDatum(int)void -1 codeSignature differs e7aeb631057fafbc176286bc5f3937d747fba38c7a52e0bfda062b1ed2e0525c != 2a975ada8f877b867bf443269767a08cc7c499da3a4653cbd510bb8430c94196
richards.Packet.getDatum()int -1 codeSignature differs 1e851f5b2cbf37c0cd46831368dd889b60dff01d7b16161259960e24b264ceb1 != 8842033c3435ba9022b0d14a05ef1a95782e7436e1f26a804596a2590677c40d
richards.Packet.getData()int[] -1 codeSignature differs 7722674ec43cccc19227bd0fe31433696da3716816c65b03f1730e1c0254917a != 2859d17d681828116974698ed904c3f2d6f285799222904b89fcd6ff7a2f986f
richards.TaskState.setTaskHolding(boolean)void -1 codeSignature differs 3eba512134d154ea06ff31c5c703c0f7b1b1fc0bc409fd642726e0224e1dc9a3 != 11ce665f6195cdec3deb28656f3a6cc31f92a88e44c7c8d65f402a7ecdf04536
richards.IdleTaskDataRecord.getCount()int -1 codeSignature differs fe46e3fea17c2bcac25676024acf43715946ed13832c36004058f315d01e6ed3 != f644854fb6e4ffc5fb86a7d696951b13023f6a472bb2253c81909dd20f94fad0
richards.IdleTaskDataRecord.getControl()int -1 codeSignature differs d4ce072063a0e5d7b77fa03ca89aafb8f3e3ecf13c518dc1905e344d1e62c58a != 6379912ece14b3e5c494001bcdbf513550438500c9fe64692666ea4804585a5b
richards.DeviceTaskDataRecord.setPending(richards.Packet)void -1 codeSignature differs 7fac3eca80800439713b5f258c5b4aba4fd1b062f14203c0ac19884acda58743 != e5c67429c4727b1390929be572dde244acdbecad7e9cc1c9611f9e2a844298fd
richards.DeviceTaskDataRecord.getPending()richards.Packet -1 codeSignature differs 14be906eafbcd0e98db8607fd01b12de837039bcd06c460d0cf8f6394c8cff6d != d74a3d991dcad2ff0132c63a48dc50da7170128a36ef27d42bfbafe23260746e
richards.HandlerTaskDataRecord.deviceIn()richards.Packet -1 codeSignature differs 90f01eeb46d88d53d0e4e48ef19445eb3bdf8101a00c7dc3f717a337df9fb41f != 3dca556ce0a4f9f9b2a7bcbcee2ecdeeb626fd493f0993079a0f91070abff97b
richards.TaskState.setPacketPending(boolean)void -1 codeSignature differs b96515f8b2353b258f3d4c5f10f3b4ce49e6e2eeccf857534c215137108b2db4 != a32e96820cd2e0fdb78524971b99ab47b72fe271ce501ce5b044237ad6bdf860
richards.Packet.getKind()int -1 codeSignature differs fe46e3fea17c2bcac25676024acf43715946ed13832c36004058f315d01e6ed3 != f644854fb6e4ffc5fb86a7d696951b13023f6a472bb2253c81909dd20f94fad0
richards.WorkerTaskDataRecord.setCount(int)void -1 codeSignature differs 134827963dbcfbd43a5b53d05caccb32271939cbb18d9cc4f963f2c2a1bc3c31 != 40b7ec0ccf64ea62bf73857d29a289f5af7656cc8f0587cfdbc79fbbdd4b99b8
richards.IdleTaskDataRecord.setCount(int)void -1 codeSignature differs 134827963dbcfbd43a5b53d05caccb32271939cbb18d9cc4f963f2c2a1bc3c31 != 40b7ec0ccf64ea62bf73857d29a289f5af7656cc8f0587cfdbc79fbbdd4b99b8
richards.IdleTaskDataRecord.setControl(int)void -1 codeSignature differs 79501822c6ab4c9b0d280255fe98a197cd3e4d400db1695b0a7c8a478d01042f != f4921c3cc4fa379eabe5b2b13aa66ec7ca50b67eb98e881c919765ac016ee4ff
richards.HandlerTaskDataRecord.deviceIn(richards.Packet)void -1 codeSignature differs bec6565840aed1593e41775b29fd8c3d5dfe08b76922d3547af6615789375b6f != d839c8033a47c8b246f2482027c6bcc7e1b160adf3f5fcca637014a5996e49b9
richards.WorkerTaskDataRecord.getDestination()int -1 codeSignature differs d4ce072063a0e5d7b77fa03ca89aafb8f3e3ecf13c518dc1905e344d1e62c58a != 6379912ece14b3e5c494001bcdbf513550438500c9fe64692666ea4804585a5b
richards.WorkerTaskDataRecord.setDestination(int)void -1 codeSignature differs 79501822c6ab4c9b0d280255fe98a197cd3e4d400db1695b0a7c8a478d01042f != f4921c3cc4fa379eabe5b2b13aa66ec7ca50b67eb98e881c919765ac016ee4ff
richards.HandlerTaskDataRecord.workIn(richards.Packet)void -1 codeSignature differs 7fac3eca80800439713b5f258c5b4aba4fd1b062f14203c0ac19884acda58743 != e5c67429c4727b1390929be572dde244acdbecad7e9cc1c9611f9e2a844298fd
richards.TaskState.isTaskHoldingOrWaiting()boolean -1 codeSignature differs e74bd5e9d0766783f246f4e1008e2cc023c8884be216fe28e30562b73a3dfb51 != fa795ffc3b1384650d95dcb3ae192bfdac7d686b7ead7f2ba7a2a86b4e5390fd
richards.TaskControlBlock.runTask()richards.TaskControlBlock -1 codeSignature differs b999e954499b94e0373888a98d152c640ebf15a940dc75027cb3ca31884ffa4d != 3419f92306350a2226e81bc5358dfa6e06f6c3305cae0ca084a272b777539672
richards.TaskState.isWaitingWithPacket()boolean -1 codeSignature differs befaddef27dc70232a5224d6f9cebf2b31c342f75e5d2a96cca222b6b031f131 != 7f271c65a8fd02e51178f481c4b245e766990e96f454f5b45882662e2a367fb1
richards.Scheduler.schedule()void -1 codeSignature differs 973d488a08686ba24f8531c99ea979de6ccc24d6e652e7b4d4ec393bae50d5d2 != 1736f69cf4ba25ceb6eb681d61f326bd8e9de2138e34f03ab7dacb712cb6d1e3
richards.Scheduler.schedule()void -1 graphSignature differs e772134ac30fb56671e1f45bc8c41f9973ceb13c5d703e128a5a435dbda84164 != 510d3d5c9ef8749c1c91f26ff7689965c027086cca0308c913907e61e27c419c
richards.Scheduler.findTask(int)richards.TaskControlBlock -1 codeSignature differs 97eb7fd32a85fd179d8c4a70127a8d06503822dc2dcd018981c90b5c41b3160c != 06bc92cdf2ef13bf544e0cec022cd6e4b2b445252124109d14892cf9ab355d2b
richards.Scheduler$DeviceProcessFunction.apply(richards.Packet, richards.RBObject)richards.TaskControlBlock -1 codeSignature differs fbbe3d0becdc92723797e21e6373d6134bd34a008713de4582516cf7e0457e99 != 1116c5ebe64351eadc425310ad4fbb4d3795be73e831aeca3bf85d4867c7e98f
richards.Scheduler$DeviceProcessFunction.apply(richards.Packet, richards.RBObject)richards.TaskControlBlock -1 graphSignature differs 3bd11b6676c85ba70b99599ed816d290d77f37a59edb9c6f3529305e1333afcd != 7ffdb827434d020a9680c36ac2819ba1f5917adfba5ef3a49ba4b133fb1adbe2
richards.Scheduler$HandlerProcessFunction.apply(richards.Packet, richards.RBObject)richards.TaskControlBlock -1 codeSignature differs e164004608568176c6fa8b6e9272b246f1ffc6052e878cdbcb8cdc8571832bea != ce51e528d26050b7c87ab4eb088e3ff1cb7e6bf115f2d281927656ce74a66568
richards.Scheduler$HandlerProcessFunction.apply(richards.Packet, richards.RBObject)richards.TaskControlBlock -1 graphSignature differs 63f3b42a6f928b30dae7f163001ce780176381acc0c1151108eaf5a635382d11 != 879dad9a8739d29413036de15b17fec825630f36fd16d777b56f0b3139471d5f
richards.Scheduler.markWaiting()richards.TaskControlBlock -1 codeSignature differs f64c913b3ddfe7c0558d323b1dd874ec416d6391026af756e6987b2e45f18022 != 7dd90d53848dfbc0f43f29996b2cc006a26a440dafd1d726955471d770a610b8
richards.Scheduler.queuePacket(richards.Packet)richards.TaskControlBlock -1 codeSignature differs d1bba17dcf4fa2d80f2204f80df09e24c66b1c670654495c2cb94f853b1e6de0 != 7f4e339722d4d7ae69baad70e92e0efe8376b98a56af88e458ac61e8f2685e58
richards.Scheduler.queuePacket(richards.Packet)richards.TaskControlBlock -1 graphSignature differs 68641cf5f1cfb0ea49b3713cd670080c47d39b2d14a37a98e96e5ffb1c20fdb1 != 2faceeb7111a75c37c3b79109fa853a6cfd5fb38e9d873a80ea42ef02fcf481e
richards.TaskControlBlock.addInputAndCheckPriority(richards.Packet, richards.TaskControlBlock)richards.TaskControlBlock -1 codeSignature differs feb9fd75b71522be10c78beae8e057ccc7d6af0ffa312af90ba00c5bce707df8 != 48c9ecea2e54316c14ea28c58c776a2d22797c33c1d58a0880dc8879dd07cbe4
richards.TaskControlBlock.addInputAndCheckPriority(richards.Packet, richards.TaskControlBlock)richards.TaskControlBlock -1 graphSignature differs 78b9b151016ef7bcb56022aa32dd870f659d06a4fdd4ca19f0f296bc51655f29 != 43658eb87c53460ef6c3e6531c5e87512fab70299ebc13ab4b82c0708ee195c7
richards.Scheduler$IdleProcessFunction.apply(richards.Packet, richards.RBObject)richards.TaskControlBlock -1 codeSignature differs 005db0b5055aa38ee634c4a24cc21dc1811d956ab66a8cd0828b8919a687d2ce != d42d74663a7dbfe598d900b6771c2955c69d30bb189eafc17f18a9e194919b08
richards.Scheduler.release(int)richards.TaskControlBlock -1 codeSignature differs 61d60c5ef84a352d5717983a51b65bdf830ef911d5d6f0a134ef889c8b074b2c != 2ccec82263b45cf70e852ce62a584467bb233982a5bccefd47a8e6e1d948d884
richards.Scheduler$WorkerProcessFunction.apply(richards.Packet, richards.RBObject)richards.TaskControlBlock -1 codeSignature differs 1a52072b6e68e15a33608c5aa08338fe466a62cc2ebef4d826fdc69d8f71d0c6 != 5ccdc9343b9e3b3a6fa29d1beb4d8dbef54f22f08dc12864215e1e71314f3088
richards.Scheduler$WorkerProcessFunction.apply(richards.Packet, richards.RBObject)richards.TaskControlBlock -1 graphSignature differs 341bfcb47f5f11e8e21c81c62069897b38f7138c4c5c5bf2320261cac07a74cd != 0f63ae0110a5c83c076eec79b10c48d100ff0ebc9c1ddc43957597bc291c1614
richards.TaskState.isPacketPending()boolean -1 codeSignature differs 55af0dc4b7688c78180d5f5b00584e4bf66cf93bd60716f9aab49e7a6fd64ac4 != f48625702890d29653fc29959db5796353242ca5005d0c97563dc7641a6e9521
richards.TaskState.isTaskWaiting()boolean -1 codeSignature differs de8da6811e70924d81d787688a3d8c1e3e0b743369260c967e159ff353b4c919 != 290949ed5ce679bcab08bb6f4311aba3d1d972b245e776611e4305d8b38673c6
richards.TaskState.isTaskHolding()boolean -1 codeSignature differs 3e57dd2582e500cd6396db730695622515af1c7369fbb1da06467590c99d58a6 != 7aca0e2afe91ff7cd1cb5b7237fbe0871cfb3c363ddf87d1ccbb162fea1a565d
jdk.internal.classfile.impl.AbstractPoolEntry.hashCode()int -1 codeSignature differs fe46e3fea17c2bcac25676024acf43715946ed13832c36004058f315d01e6ed3 != f644854fb6e4ffc5fb86a7d696951b13023f6a472bb2253c81909dd20f94fad0
jdk.internal.classfile.impl.AbstractPoolEntry$ClassEntryImpl.tag()int -1 codeSignature differs 5404769be9f3dbc3cb72c5db1a8ad8dd44853cedba352c69c6db32de21c4dbb9 != 9e72aee727452f3bd7e5755029309d18662e78c7d8f6a3fef1fa786c235c1353
Richards: iterations=1 runtime: 570022us
java.lang.Boolean.booleanValue()boolean -1 codeSignature differs 55af0dc4b7688c78180d5f5b00584e4bf66cf93bd60716f9aab49e7a6fd64ac4 != f48625702890d29653fc29959db5796353242ca5005d0c97563dc7641a6e9521
Richards: iterations=2 runtime: 258115us
richards.RBObject.<init>()void -1 codeSignature differs fe534d3aac0502b22527b54e744892c09d7496fd765947a3ee3ec9a070d56f92 != 53fed571f2d162d1b06665e593acff62e94c3c2feeb837a313805208a153c804
Richards: iterations=3 runtime: 258444us
Richards: iterations=4 runtime: 255353us
Richards: iterations=5 runtime: 254805us
richards.TaskState.<init>()void -1 codeSignature differs fe534d3aac0502b22527b54e744892c09d7496fd765947a3ee3ec9a070d56f92 != 53fed571f2d162d1b06665e593acff62e94c3c2feeb837a313805208a153c804
Richards: iterations=6 runtime: 257230us
Richards: iterations=7 runtime: 254357us
java.nio.Buffer.position()int -1 codeSignature differs 3f64cd4fafea8a3cef87601314961681d43f2aa75c3a358c1b0ce8d9a1c4731a != f5a100836d3b6c24d5617122379fdd07d38ba4b008ea9ae91e48aa3956773271
Richards: iterations=8 runtime: 254733us
richards.Scheduler.createPacket(richards.Packet, int, int)richards.Packet -1 codeSignature differs 411732a179338dcd83fc49997ba3dae2e4213eb521207bcb4ef7bbce2af31e99 != 056bc0024675e9356c894b7a535f07d556c070583fda2f506848372043750847
richards.Packet.<init>(richards.Packet, int, int)void -1 codeSignature differs 9db587d1ad126317cb3ebe25363023c60355ca0c7f9baab528e4f3992026b651 != aafc4e5ece14c255947ae291b03e6dead347d62e3461ee30cb458dff8fe9c0db
Richards: iterations=9 runtime: 271577us
Richards: iterations=10 runtime: 257510us
Richards: iterations=11 runtime: 254425us
richards.ProcessFunction.<init>()void -1 codeSignature differs fe534d3aac0502b22527b54e744892c09d7496fd765947a3ee3ec9a070d56f92 != 53fed571f2d162d1b06665e593acff62e94c3c2feeb837a313805208a153c804
richards.Scheduler.createTask(int, int, richards.Packet, richards.TaskState, richards.ProcessFunction, richards.RBObject)void -1 codeSignature differs c035323c53d5530857393f1dc423d16c38b7d15aff68ef003f59869910067fd6 != bc3846f67079e1465a7d6e6067b71dcf46e5d34ba9527023806708565904d948
richards.TaskControlBlock.<init>(richards.TaskControlBlock, int, int, richards.Packet, richards.TaskState, richards.ProcessFunction, richards.RBObject)void -1 codeSignature differs 28470b808bd450e4ee4eefd92bce9f56a807147b87db0e7649ccb9c12f7973b1 != 0d8284fc7ea02c5b42e7fa208a6a28d0d82b95a4c291adf76daddd1becd56f68
Richards: iterations=12 runtime: 272445us
Richards: iterations=13 runtime: 253785us
Richards: iterations=14 runtime: 254131us
Richards: iterations=15 runtime: 254502us
Richards: iterations=16 runtime: 254372us
Richards: iterations=17 runtime: 254318us
Richards: iterations=18 runtime: 254720us
Richards: iterations=19 runtime: 254850us
java.util.Arrays.fill(java.lang.Object[], java.lang.Object)void -1 codeSignature differs 85684ebd755ef20e2c3162ebbd069951f6f3d207c4f736f1c5dda7186d8deea9 != ca289c3633cc1bb30e2482af97a321b254a0f179bce9fc1336dac80c79927b6b
java.util.Arrays.fill(java.lang.Object[], java.lang.Object)void -1 graphSignature differs f4be4e44604cfa872d3049125dbcf828421f1cd0523e8ede44e3a9f002b8112c != ba9e59aea4752da7836f0334c7ebcea5be1705c36048130418cdc1983abf6592
Richards: iterations=20 runtime: 289054us
Richards: iterations=21 runtime: 255843us
Richards: iterations=22 runtime: 255212us
richards.TaskState.waitingWithPacket()void -1 codeSignature differs ec069e330b74b52d45ac481f5dc878452593f3123b1d6a3d5731983893e5c40d != cd6cc0b99f437d780e41b3fc133e65bb126cf256bae33a86026e5c305f3c1dd3
Richards: iterations=23 runtime: 269444us
Richards: iterations=24 runtime: 254280us
Richards: iterations=25 runtime: 254611us
Richards: iterations=26 runtime: 254703us
Richards: iterations=27 runtime: 254567us
Richards: iterations=28 runtime: 254787us
Richards: iterations=29 runtime: 255768us
Richards: iterations=30 runtime: 257164us
Richards: iterations=31 runtime: 254822us
Richards: iterations=32 runtime: 255692us
Richards: iterations=33 runtime: 255115us
richards.Scheduler.createHandler(int, int, richards.Packet, richards.TaskState)void -1 codeSignature differs 908e1570f8fc8e8ebd43e490e3e7df274c68f8fbdca7211bee879b99d039f0df != f1c48d62c700fbe9a584a5523a9823e8e4d10302b4bf0db5968400ce6127de2e
richards.HandlerTaskDataRecord.<init>()void -1 codeSignature differs 1c521e3043ef2db5eea2aef00fbd78a0de62ffa35c62e55ef45d89cd153859ea != 671ad34233dfa97db05172ed997a9caef367088d736f55d7eb1095af438d5f49
richards.Scheduler$HandlerProcessFunction.<init>(richards.Scheduler)void -1 codeSignature differs 7fac3eca80800439713b5f258c5b4aba4fd1b062f14203c0ac19884acda58743 != e5c67429c4727b1390929be572dde244acdbecad7e9cc1c9611f9e2a844298fd
richards.TaskState.waiting()void -1 codeSignature differs 952ee5220303aaaaa755dce8566a549bd8e4c806739493bb213e6459f9c89ac6 != 4cad2488cf6b7ea7c98fb700be7880b7f70760d6809de8ab21548b9c52e30bde
richards.Scheduler.createDevice(int, int, richards.Packet, richards.TaskState)void -1 codeSignature differs 80df949a5987162ac92a9e63f477befbc9ae80c846a5931abdbd80e2e644eb47 != c7e9d17833258bb64ea451f6ed2b9af02a542b46835f375e608debd5f0a677ec
richards.DeviceTaskDataRecord.<init>()void -1 codeSignature differs 35127c46a5a3c32f92b11f5fc3e36d4c4aa2759de61a93fdf8c3577ff227c8e7 != 5f3f9721837b9bba4c167598c7f2f503ee6be9137e35b82cd38273386313db7c
richards.Scheduler$DeviceProcessFunction.<init>(richards.Scheduler)void -1 codeSignature differs 7fac3eca80800439713b5f258c5b4aba4fd1b062f14203c0ac19884acda58743 != e5c67429c4727b1390929be572dde244acdbecad7e9cc1c9611f9e2a844298fd
Richards: iterations=34 runtime: 327234us
Richards: iterations=35 runtime: 254165us
Richards: iterations=36 runtime: 253559us
Richards: iterations=37 runtime: 253678us
Richards: iterations=38 runtime: 253852us
Richards: iterations=39 runtime: 254008us
Richards: iterations=40 runtime: 253686us
Richards: iterations=41 runtime: 254907us
Richards: iterations=42 runtime: 253558us
Richards: iterations=43 runtime: 253887us
Richards: iterations=44 runtime: 263837us
Richards: iterations=45 runtime: 264220us
richards.Scheduler.holdSelf()richards.TaskControlBlock -1 codeSignature differs b054b4a8aa2f75819ce546aa90d3ec29daf4d2b761466de9ba53c4d32f7adffe != e75b4b3f32e51d2296f2cb1c0c06ac99bca3b040f81e7a07e73981a78e234576
Richards: iterations=46 runtime: 278823us
Richards: iterations=47 runtime: 255184us
Richards: iterations=48 runtime: 254222us
Richards: iterations=49 runtime: 301714us
Richards: iterations=50 runtime: 254893us
Richards: iterations=51 runtime: 253806us
Richards: iterations=52 runtime: 253607us
richards.TaskState.running()void -1 codeSignature differs dc0b2cec491a6c411068afdc016b146b9620075370028074a8a985b0fe7581bd != b648d7dfee9c042b77cc7b18b2107a41dd70b96d578d8f3f2edf2e7de25ba57e
Richards: iterations=53 runtime: 273197us
Richards: iterations=54 runtime: 254911us
Richards: iterations=55 runtime: 253399us
Richards: iterations=56 runtime: 253439us
Richards: iterations=57 runtime: 254350us
Richards: iterations=58 runtime: 253542us
Richards: iterations=59 runtime: 253611us
Richards: iterations=60 runtime: 252985us
Richards: iterations=61 runtime: 252183us
Richards: iterations=62 runtime: 253455us
Richards: iterations=63 runtime: 252722us
Richards: iterations=64 runtime: 254356us
Richards: iterations=65 runtime: 252437us
Richards: iterations=66 runtime: 254409us
Richards: iterations=67 runtime: 253285us
Richards.benchmark()java.lang.Object -1 codeSignature differs 2fcdecedc844db3449fc182ee4f671b31ff0dd0c50a3c002a66c66d4e2bc218d != cf0f5b0393c8dbd135d319e8f975ecca7dc39870dedbf749f529cb91a75d82aa
richards.Scheduler.<init>()void -1 codeSignature differs b5282efc5ae4367ac14e5e7b0f04fa43e67d854ea9c0ec1989be2f876b450172 != cfccaad5b2e4876399ec65eebe825ab0a384d884cb1796161dbac259dc67fe15
richards.Scheduler.start()boolean -1 codeSignature differs a5571b397879ae9ae2186db9475f1f6695f190b3993ecb545eacbf2c07c1e046 != 403581cd091adca51f4c4d695c95eec1a124944edd3aabc298d35ff54ef475f1
richards.Scheduler.createIdler(int, int, richards.Packet, richards.TaskState)void -1 codeSignature differs 707defe86ed1558a8538c7977dc0dd34db30f1dc6708cd089fdd0382ec6cf4d7 != 8902d9adfe775b7f27b1d5f57df576c985ee6cda31f80841df2003de77c73c79
richards.IdleTaskDataRecord.<init>()void -1 codeSignature differs be5aa6b74960c4fc9359c31b85789d914cfdd02f182d79021f181506c5311cc5 != 736e54af8ad8f549c5cd2b1c1b6e3c1c0adae0e83d7761524bf20f72e9ce273b
richards.Scheduler$IdleProcessFunction.<init>(richards.Scheduler)void -1 codeSignature differs 7fac3eca80800439713b5f258c5b4aba4fd1b062f14203c0ac19884acda58743 != e5c67429c4727b1390929be572dde244acdbecad7e9cc1c9611f9e2a844298fd
richards.Scheduler.createWorker(int, int, richards.Packet, richards.TaskState)void -1 codeSignature differs 44444bbcb6bb3d3ea70a031a36058f0d9c0bd4b14f910999074f40351ff82f19 != 7b2dc9ccfb4c86c3d80410f22407dc69dcce23d6768865867dca3cf07625f89c
richards.WorkerTaskDataRecord.<init>()void -1 codeSignature differs 37a112da76390d8ac233378b90ff72808d580ae54ff29742032badc527a1564f != f91e8df46db93e2c0aa592110fad05e6d8f36eb81f3393088e52ff7a996805c8
richards.Scheduler$WorkerProcessFunction.<init>(richards.Scheduler)void -1 codeSignature differs 7fac3eca80800439713b5f258c5b4aba4fd1b062f14203c0ac19884acda58743 != e5c67429c4727b1390929be572dde244acdbecad7e9cc1c9611f9e2a844298fd
Richards.verifyResult(java.lang.Object)boolean -1 codeSignature differs 1732662b3bfd662e158973362eef0ca2aec998f18fba79a16e181c5501fa1297 != 441519b3af91c452c0ea8e815786801c3d5a6efb48f49fbc6ca3593dd83f3bda
Richards: iterations=68 runtime: 486483us
Richards: iterations=69 runtime: 253486us
Richards: iterations=70 runtime: 252802us
Richards: iterations=71 runtime: 253680us
Richards: iterations=72 runtime: 252851us
Richards: iterations=73 runtime: 252873us
Richards: iterations=74 runtime: 252660us
Richards: iterations=75 runtime: 253860us
Richards: iterations=76 runtime: 253151us
Richards: iterations=77 runtime: 253863us
Richards: iterations=78 runtime: 252288us
java.nio.Buffer.capacity()int -1 codeSignature differs 138bc711c3bed648b8548df225303894eec321dce856bde9fbb2267d74239e89 != b84da6c168a864b24de57055760067fff8c97c57c508d6b8c6ea52df12fe61fe
Richards: iterations=79 runtime: 252951us
Richards: iterations=80 runtime: 253353us
Richards: iterations=81 runtime: 253919us
Richards: iterations=82 runtime: 252628us
Richards: iterations=83 runtime: 253204us
Richards: iterations=84 runtime: 251594us
Richards: iterations=85 runtime: 252896us
Richards: iterations=86 runtime: 253084us
Richards: iterations=87 runtime: 256857us
Richards: iterations=88 runtime: 253365us
Richards: iterations=89 runtime: 253021us
Richards: iterations=90 runtime: 253454us
Richards: iterations=91 runtime: 253469us
Richards: iterations=92 runtime: 253575us
Richards: iterations=93 runtime: 253069us
Richards: iterations=94 runtime: 253955us
Richards: iterations=95 runtime: 253893us
Richards: iterations=96 runtime: 252554us
Richards: iterations=97 runtime: 252068us
Richards: iterations=98 runtime: 254043us
Richards: iterations=99 runtime: 263629us
Richards: iterations=100 runtime: 253092us
Richards: iterations=101 runtime: 253358us
Richards: iterations=102 runtime: 253278us
Richards: iterations=103 runtime: 252849us
Richards: iterations=104 runtime: 253812us
Richards: iterations=105 runtime: 253133us
Richards: iterations=106 runtime: 254439us
Richards: iterations=107 runtime: 257844us
Richards: iterations=108 runtime: 255652us
Richards: iterations=109 runtime: 254266us
Richards: iterations=110 runtime: 255279us
Richards: iterations=111 runtime: 253982us
Richards: iterations=112 runtime: 254210us
Richards: iterations=113 runtime: 254070us
Richards: iterations=114 runtime: 253432us
java.nio.charset.CharsetEncoder.maxBytesPerChar()float -1 codeSignature differs d0dc63dd2361c2989cb14e4cf77bfb3442e0a43d3c92bbd78638646fefb8363f != fc84c03091d44b6099141a22fdb9f6cfabe66e5026a15b0d60a828a10b5481b9
Richards: iterations=115 runtime: 254224us
Richards: iterations=116 runtime: 255085us
Richards: iterations=117 runtime: 254962us
Richards: iterations=118 runtime: 253686us
Richards: iterations=119 runtime: 254056us
Richards: iterations=120 runtime: 255485us
Richards: iterations=121 runtime: 254899us
Richards: iterations=122 runtime: 254429us
Richards: iterations=123 runtime: 254885us
Richards: iterations=124 runtime: 255412us
Richards: iterations=125 runtime: 254096us
Richards: iterations=126 runtime: 257114us
Richards: iterations=127 runtime: 254354us
Richards: iterations=128 runtime: 255491us
Richards: iterations=129 runtime: 254084us
Richards: iterations=130 runtime: 253645us
Richards: iterations=131 runtime: 254562us
Richards: iterations=132 runtime: 253819us
Richards: iterations=133 runtime: 254202us
Richards: iterations=134 runtime: 254352us
Richards: iterations=135 runtime: 254401us
Richards: iterations=136 runtime: 253948us
Richards: iterations=137 runtime: 254818us
Richards: iterations=138 runtime: 254419us
Richards: iterations=139 runtime: 253646us
Richards: iterations=140 runtime: 254957us
Richards: iterations=141 runtime: 253595us
Richards: iterations=142 runtime: 254010us
Richards: iterations=143 runtime: 256373us
Richards: iterations=144 runtime: 253396us
Richards: iterations=145 runtime: 253640us
Richards: iterations=146 runtime: 257987us
Richards: iterations=147 runtime: 254610us
Richards: iterations=148 runtime: 253590us
Richards: iterations=149 runtime: 254479us
Richards: iterations=150 runtime: 254880us
Richards: iterations=151 runtime: 254517us
Richards: iterations=152 runtime: 254962us
Richards: iterations=153 runtime: 254409us
Richards: iterations=154 runtime: 254810us
Richards: iterations=155 runtime: 254618us
Richards: iterations=156 runtime: 254420us
Richards: iterations=157 runtime: 255347us
Richards: iterations=158 runtime: 253387us
Richards: iterations=159 runtime: 253945us
Richards: iterations=160 runtime: 254650us
Richards: iterations=161 runtime: 253418us
Richards: iterations=162 runtime: 253940us
Richards: iterations=163 runtime: 257545us
Richards: iterations=164 runtime: 254582us
Richards: iterations=165 runtime: 257072us
Richards: iterations=166 runtime: 255798us
Richards: iterations=167 runtime: 255298us
Richards: iterations=168 runtime: 253943us
Richards: iterations=169 runtime: 253793us
Richards: iterations=170 runtime: 253908us
Richards: iterations=171 runtime: 254138us
Richards: iterations=172 runtime: 253923us
Richards: iterations=173 runtime: 254383us
Richards: iterations=174 runtime: 254251us
Richards: iterations=175 runtime: 253754us
Richards: iterations=176 runtime: 254449us
Richards: iterations=177 runtime: 253691us
Richards: iterations=178 runtime: 254530us
Richards: iterations=179 runtime: 255136us
Richards: iterations=180 runtime: 254901us
Richards: iterations=181 runtime: 254342us
Richards: iterations=182 runtime: 257337us
Richards: iterations=183 runtime: 255301us
Richards: iterations=184 runtime: 254474us
Richards: iterations=185 runtime: 257647us
Richards: iterations=186 runtime: 254896us
Richards: iterations=187 runtime: 253960us
Richards: iterations=188 runtime: 253694us
Richards: iterations=189 runtime: 254348us
Richards: iterations=190 runtime: 273942us
Richards: iterations=191 runtime: 254061us
Richards: iterations=192 runtime: 254394us
Richards: iterations=193 runtime: 254391us
Richards: iterations=194 runtime: 253874us
Richards: iterations=195 runtime: 253777us
Richards: iterations=196 runtime: 254064us
Richards: iterations=197 runtime: 254568us
Richards: iterations=198 runtime: 254493us
Richards: iterations=199 runtime: 254652us
Richards: iterations=200 runtime: 253155us
Richards: iterations=201 runtime: 254187us
Richards: iterations=202 runtime: 256376us
Richards: iterations=203 runtime: 254125us
Richards: iterations=204 runtime: 253730us
Benchmark.innerBenchmarkLoop(int)boolean -1 codeSignature differs d928c3cefcf5b824170212f7c8e5bdbd530f8c86fdb1dababb3f596f36efe176 != 42f4b0137ee31d6b6c10552c0682430735f8e6075c6c4fc0754ccf675313485b
Benchmark.innerBenchmarkLoop(int)boolean -1 graphSignature differs b7a6c44ff5543cd63efc25636730584f5b694c5a4bb49979e737d7828f91dd50 != 0e282be464f565154beb509b2eaa3a67f4ea90af97ae7636409234ca5d2371c3
Richards: iterations=205 runtime: 397932us
Richards: iterations=206 runtime: 253328us
Richards: iterations=207 runtime: 253289us
Richards: iterations=208 runtime: 253539us
Richards: iterations=209 runtime: 252763us
Richards: iterations=210 runtime: 252901us
Richards: iterations=211 runtime: 251813us
Richards: iterations=212 runtime: 253078us
Richards: iterations=213 runtime: 252752us
Richards: iterations=214 runtime: 253270us
Richards: iterations=215 runtime: 252683us
Richards: iterations=216 runtime: 253083us
Richards: iterations=217 runtime: 253620us
Richards: iterations=218 runtime: 252924us
Richards: iterations=219 runtime: 252749us
Richards: iterations=220 runtime: 252694us
Richards: iterations=221 runtime: 252774us
Richards: iterations=222 runtime: 252810us
Richards: iterations=223 runtime: 253039us
Richards: iterations=224 runtime: 255781us
Richards: iterations=225 runtime: 252576us
Richards: iterations=226 runtime: 253165us
Richards: iterations=227 runtime: 253663us
Richards: iterations=228 runtime: 253867us
Richards: iterations=229 runtime: 252895us
Richards: iterations=230 runtime: 252958us
Richards: iterations=231 runtime: 253134us
Richards: iterations=232 runtime: 253243us
Richards: iterations=233 runtime: 254022us
Richards: iterations=234 runtime: 253819us
Richards: iterations=235 runtime: 253192us
Richards: iterations=236 runtime: 254490us
Richards: iterations=237 runtime: 253574us
Richards: iterations=238 runtime: 253064us
Richards: iterations=239 runtime: 253640us
Richards: iterations=240 runtime: 254304us
Richards: iterations=241 runtime: 253706us
Richards: iterations=242 runtime: 253314us
Richards: iterations=243 runtime: 255177us
Richards: iterations=244 runtime: 255561us
Richards: iterations=245 runtime: 253942us
Richards: iterations=246 runtime: 254066us
Richards: iterations=247 runtime: 252967us
Richards: iterations=248 runtime: 253555us
Richards: iterations=249 runtime: 253168us
Richards: iterations=250 runtime: 253383us
Richards: iterations=251 runtime: 254051us
Richards: iterations=252 runtime: 254112us
Richards: iterations=253 runtime: 253464us
Richards: iterations=254 runtime: 253976us
Richards: iterations=255 runtime: 253696us
Richards: iterations=256 runtime: 254183us
Richards: iterations=257 runtime: 253972us
Richards: iterations=258 runtime: 252475us
Richards: iterations=259 runtime: 253821us
Richards: iterations=260 runtime: 254156us
Richards: iterations=261 runtime: 254551us
Richards: iterations=262 runtime: 253518us
Richards: iterations=263 runtime: 268748us
Richards: iterations=264 runtime: 253898us
Richards: iterations=265 runtime: 253705us
Richards: iterations=266 runtime: 253639us
Richards: iterations=267 runtime: 253914us
Richards: iterations=268 runtime: 253340us
Richards: iterations=269 runtime: 253621us
Richards: iterations=270 runtime: 253373us
Richards: iterations=271 runtime: 253690us
Richards: iterations=272 runtime: 253523us
Richards: iterations=273 runtime: 253661us
Richards: iterations=274 runtime: 253766us
Richards: iterations=275 runtime: 254582us
Richards: iterations=276 runtime: 253454us
Richards: iterations=277 runtime: 253894us
Richards: iterations=278 runtime: 253743us
Richards: iterations=279 runtime: 253536us
Richards: iterations=280 runtime: 272569us
Richards: iterations=281 runtime: 253087us
Richards: iterations=282 runtime: 253263us
Richards: iterations=283 runtime: 257175us
Richards: iterations=284 runtime: 253674us
Richards: iterations=285 runtime: 254359us
Richards: iterations=286 runtime: 253741us
Richards: iterations=287 runtime: 253811us
Richards: iterations=288 runtime: 254432us
Richards: iterations=289 runtime: 253957us
Richards: iterations=290 runtime: 253521us
Richards: iterations=291 runtime: 253215us
Richards: iterations=292 runtime: 253584us
Richards: iterations=293 runtime: 253980us
Richards: iterations=294 runtime: 254024us
Richards: iterations=295 runtime: 253586us
Richards: iterations=296 runtime: 253672us
Richards: iterations=297 runtime: 252805us
Richards: iterations=298 runtime: 252995us
Richards: iterations=299 runtime: 254354us
Richards: iterations=300 runtime: 253983us
Richards: iterations=301 runtime: 252899us
Richards: iterations=302 runtime: 255784us
Richards: iterations=303 runtime: 259613us
Richards: iterations=304 runtime: 253587us
Richards: iterations=305 runtime: 253994us
Richards: iterations=306 runtime: 253334us
Richards: iterations=307 runtime: 253773us
Richards: iterations=308 runtime: 253807us
Richards: iterations=309 runtime: 253953us
Richards: iterations=310 runtime: 253744us
Richards: iterations=311 runtime: 253823us
Richards: iterations=312 runtime: 253706us
Richards: iterations=313 runtime: 254375us
Richards: iterations=314 runtime: 253751us
Richards: iterations=315 runtime: 253244us
Richards: iterations=316 runtime: 253070us
Richards: iterations=317 runtime: 252835us
Richards: iterations=318 runtime: 253416us
Richards: iterations=319 runtime: 253711us
Richards: iterations=320 runtime: 254122us
Richards: iterations=321 runtime: 253938us
Richards: iterations=322 runtime: 256922us
Richards: iterations=323 runtime: 253655us
Richards: iterations=324 runtime: 253583us
Richards: iterations=325 runtime: 253282us
Richards: iterations=326 runtime: 253552us
Richards: iterations=327 runtime: 253934us
Richards: iterations=328 runtime: 253561us
Richards: iterations=329 runtime: 252673us
Richards: iterations=330 runtime: 254143us
Richards: iterations=331 runtime: 253751us
Richards: iterations=332 runtime: 253341us
Richards: iterations=333 runtime: 253612us
Richards: iterations=334 runtime: 277968us
Richards: iterations=335 runtime: 256657us
Richards: iterations=336 runtime: 254639us
Richards: iterations=337 runtime: 254821us
Richards: iterations=338 runtime: 254726us
Richards: iterations=339 runtime: 255061us
Richards: iterations=340 runtime: 254189us
Richards: iterations=341 runtime: 256399us
Richards: iterations=342 runtime: 259230us
Richards: iterations=343 runtime: 256578us
Richards: iterations=344 runtime: 255979us
Richards: iterations=345 runtime: 256156us
Richards: iterations=346 runtime: 256492us
Richards: iterations=347 runtime: 255667us
Richards: iterations=348 runtime: 255795us
Richards: iterations=349 runtime: 255399us
Richards: iterations=350 runtime: 255530us
Richards: iterations=351 runtime: 255244us
Richards: iterations=352 runtime: 255103us
Richards: iterations=353 runtime: 255341us
Richards: iterations=354 runtime: 255480us
Richards: iterations=355 runtime: 254693us
Richards: iterations=356 runtime: 254320us
Richards: iterations=357 runtime: 254444us
Richards: iterations=358 runtime: 254533us
Richards: iterations=359 runtime: 254183us
Richards: iterations=360 runtime: 254542us
Richards: iterations=361 runtime: 257660us
Richards: iterations=362 runtime: 255939us
Richards: iterations=363 runtime: 254949us
Richards: iterations=364 runtime: 255334us
Richards: iterations=365 runtime: 255354us
Richards: iterations=366 runtime: 255525us
Richards: iterations=367 runtime: 255208us
Richards: iterations=368 runtime: 255020us
Richards: iterations=369 runtime: 255744us
Richards: iterations=370 runtime: 255056us
Richards: iterations=371 runtime: 255844us
Richards: iterations=372 runtime: 255583us
Richards: iterations=373 runtime: 255263us
Richards: iterations=374 runtime: 255570us
Richards: iterations=375 runtime: 255130us
Richards: iterations=376 runtime: 256288us
Richards: iterations=377 runtime: 255772us
Richards: iterations=378 runtime: 255320us
Richards: iterations=379 runtime: 255099us
Richards: iterations=380 runtime: 255217us
Richards: iterations=381 runtime: 260024us
Richards: iterations=382 runtime: 256281us
Richards: iterations=383 runtime: 256029us
Richards: iterations=384 runtime: 255462us
Richards: iterations=385 runtime: 255558us
Richards: iterations=386 runtime: 255438us
Richards: iterations=387 runtime: 255653us
Richards: iterations=388 runtime: 255124us
Richards: iterations=389 runtime: 255306us
Richards: iterations=390 runtime: 255853us
Richards: iterations=391 runtime: 255247us
Richards: iterations=392 runtime: 255396us
Richards: iterations=393 runtime: 255747us
Richards: iterations=394 runtime: 255918us
Richards: iterations=395 runtime: 254903us
Richards: iterations=396 runtime: 255020us
Richards: iterations=397 runtime: 255481us
Richards: iterations=398 runtime: 255808us
Richards: iterations=399 runtime: 255228us
Richards: iterations=400 runtime: 259358us
Richards: iterations=401 runtime: 256448us
Richards: iterations=402 runtime: 256158us
Richards: iterations=403 runtime: 256004us
Richards: iterations=404 runtime: 255501us
Richards: iterations=405 runtime: 255990us
Richards: iterations=406 runtime: 255735us
Richards: iterations=407 runtime: 255719us
Richards: iterations=408 runtime: 256107us
Richards: iterations=409 runtime: 255760us
Richards: iterations=410 runtime: 255944us
Richards: iterations=411 runtime: 255627us
Richards: iterations=412 runtime: 256206us
Richards: iterations=413 runtime: 255818us
Richards: iterations=414 runtime: 255763us
Richards: iterations=415 runtime: 255748us
Richards: iterations=416 runtime: 256380us
Richards: iterations=417 runtime: 255559us
Richards: iterations=418 runtime: 255584us
Richards: iterations=419 runtime: 255424us
Richards: iterations=420 runtime: 260795us
Richards: iterations=421 runtime: 255857us
java.lang.StringLatin1.inflate(byte[], int, char[], int, int)void -1 codeSignature differs d12363b0fa944c3141709d1d15ff92c10bb825ce967b2050b65342abfb7722e9 != 7229d185807c5eb1f821125a028c07df1ddeaa104c27495e511e6ad0d767c33a
java.lang.StringLatin1.inflate(byte[], int, char[], int, int)void -1 graphSignature differs 17e6f3ed6596e5d6840a8a77065c9470c41838c2630b4535538ec163efd33e69 != e838eb1809aadd841c1ff5fe2e7a1043b73670d291c51dcf64d0aae8eaa2b7e0
Richards: iterations=422 runtime: 256140us
Richards: iterations=423 runtime: 256277us
Richards: iterations=424 runtime: 275432us
Richards: iterations=425 runtime: 255871us
Richards: iterations=426 runtime: 255764us
Richards: iterations=427 runtime: 255093us
Richards: iterations=428 runtime: 256025us
Richards: iterations=429 runtime: 255304us
Richards: iterations=430 runtime: 255366us
Richards: iterations=431 runtime: 255699us
Richards: iterations=432 runtime: 255445us
Richards: iterations=433 runtime: 255254us
Richards: iterations=434 runtime: 259348us
Richards: iterations=435 runtime: 255776us
Richards: iterations=436 runtime: 255210us
Richards: iterations=437 runtime: 256444us
Richards: iterations=438 runtime: 255641us
Richards: iterations=439 runtime: 260996us
Richards: iterations=440 runtime: 256029us
Richards: iterations=441 runtime: 255916us
Richards: iterations=442 runtime: 256276us
Richards: iterations=443 runtime: 256077us
Richards: iterations=444 runtime: 255945us
Richards: iterations=445 runtime: 255741us
Richards: iterations=446 runtime: 256132us
Richards: iterations=447 runtime: 256007us
Richards: iterations=448 runtime: 256206us
Richards: iterations=449 runtime: 255981us
Richards: iterations=450 runtime: 256637us
Richards: iterations=451 runtime: 255980us
Richards: iterations=452 runtime: 256009us
Richards: iterations=453 runtime: 256039us
Richards: iterations=454 runtime: 255476us
Richards: iterations=455 runtime: 255017us
Richards: iterations=456 runtime: 255283us
Richards: iterations=457 runtime: 255779us
Richards: iterations=458 runtime: 257986us
Richards: iterations=459 runtime: 258471us
Richards: iterations=460 runtime: 255294us
Richards: iterations=461 runtime: 255593us
Richards: iterations=462 runtime: 254810us
Richards: iterations=463 runtime: 255251us
Richards: iterations=464 runtime: 255650us
Richards: iterations=465 runtime: 255654us
Richards: iterations=466 runtime: 255332us
Richards: iterations=467 runtime: 255481us
Richards: iterations=468 runtime: 254964us
java.lang.StringCoding.implEncodeAsciiArray(char[], int, byte[], int, int)int -1 codeSignature differs a4d525ee532749fd09e0ef41f5918e2b891717235a29344d07c74f6112bb4c2c != d55fbea694761fc922a42e91b2b98c835dce3c3f298c1fe7d5ce8aa936963d2d
java.lang.StringCoding.implEncodeAsciiArray(char[], int, byte[], int, int)int -1 graphSignature differs bc8f20c8c772d3cc0eaba9b68bcd84047d761ba16a7aeb64fe90c36d37dcccb7 != 3bdd078c3a9d60d7eff24b6603d8a355db817965321aded167eb2387bae94eb4
Richards: iterations=469 runtime: 254795us
Richards: iterations=470 runtime: 255785us
Richards: iterations=471 runtime: 255489us
Richards: iterations=472 runtime: 255347us
Richards: iterations=473 runtime: 255403us
Richards: iterations=474 runtime: 256006us
Richards: iterations=475 runtime: 255286us
Richards: iterations=476 runtime: 255594us
Richards: iterations=477 runtime: 255278us
Richards: iterations=478 runtime: 263053us
Richards: iterations=479 runtime: 255597us
Richards: iterations=480 runtime: 255893us
Richards: iterations=481 runtime: 255740us
Richards: iterations=482 runtime: 256186us
Richards: iterations=483 runtime: 255712us
Richards: iterations=484 runtime: 255481us
Richards: iterations=485 runtime: 255375us
Richards: iterations=486 runtime: 255855us
Richards: iterations=487 runtime: 255925us
Richards: iterations=488 runtime: 255745us
Richards: iterations=489 runtime: 255953us
Richards: iterations=490 runtime: 255374us
Richards: iterations=491 runtime: 255418us
Richards: iterations=492 runtime: 254690us
Richards: iterations=493 runtime: 254562us
Richards: iterations=494 runtime: 255513us
Richards: iterations=495 runtime: 255207us
Richards: iterations=496 runtime: 254672us
Richards: iterations=497 runtime: 257741us
Richards: iterations=498 runtime: 258655us
Richards: iterations=499 runtime: 255439us
Richards: iterations=500 runtime: 255664us
jdk.internal.constant.PrimitiveClassDescImpl.descriptorString()java.lang.String -1 codeSignature differs 7722674ec43cccc19227bd0fe31433696da3716816c65b03f1730e1c0254917a != 2859d17d681828116974698ed904c3f2d6f285799222904b89fcd6ff7a2f986f
Richards: iterations=500 average: 256806us total: 128403191us


Total Runtime: 128403191us
Bubo.RDTSC.Harness.main Total RDTSC cycles: 426152765012
