[Use -Djdk.graal.LogFile=<path> to redirect Graal log output to a file.]
java.lang.module.ModuleDescriptor.name()java.lang.String -1 codeSignature differs 5be282a10c496d4000571a6844c9c0bc109901813a12d3aea5364efad6a66c85 != 236f622407d0112ac18220ce2f7dd8fc95a4975bd21efedc593a420240b9e35f
java.lang.module.ModuleReference.descriptor()java.lang.module.ModuleDescriptor -1 codeSignature differs 14be906eafbcd0e98db8607fd01b12de837039bcd06c460d0cf8f6394c8cff6d != d74a3d991dcad2ff0132c63a48dc50da7170128a36ef27d42bfbafe23260746e
java.lang.Enum.ordinal()int -1 codeSignature differs d4ce072063a0e5d7b77fa03ca89aafb8f3e3ecf13c518dc1905e344d1e62c58a != 6379912ece14b3e5c494001bcdbf513550438500c9fe64692666ea4804585a5b
java.lang.Class.isPrimitive()boolean -1 codeSignature differs 98ab40cf2ebcc843a57e4548f9a42e2e9f3f439b3cfc72b2a9affe72c8d06a5f != 3e78a4a854866f13977dcbf9876f9c5a148d0cfe8abd55bad528a298e2ab0d37
jdk.internal.util.StrongReferenceKey.get()java.lang.Object -1 codeSignature differs 14be906eafbcd0e98db8607fd01b12de837039bcd06c460d0cf8f6394c8cff6d != d74a3d991dcad2ff0132c63a48dc50da7170128a36ef27d42bfbafe23260746e
java.lang.Class.getClassLoader()java.lang.ClassLoader -1 codeSignature differs 1ec746d9657abb2124f404e47924197593986fc62346c6cd76072c08e29afddf != fc6683d6dbc2e9c193939db2b7b3809c7ed36f548dabbad32ce6a77af2acbb5c
java.lang.invoke.MethodType.returnType()java.lang.Class -1 codeSignature differs 14be906eafbcd0e98db8607fd01b12de837039bcd06c460d0cf8f6394c8cff6d != d74a3d991dcad2ff0132c63a48dc50da7170128a36ef27d42bfbafe23260746e
jdk.internal.classfile.impl.AbstractPoolEntry.index()int -1 codeSignature differs d4ce072063a0e5d7b77fa03ca89aafb8f3e3ecf13c518dc1905e344d1e62c58a != 6379912ece14b3e5c494001bcdbf513550438500c9fe64692666ea4804585a5b
java.lang.invoke.MemberName.getDeclaringClass()java.lang.Class -1 codeSignature differs b46e439bc51650ff335d2a7124f0b0154f260fe1af8ba145c6fd3cf5008c9e4e != 65875f01c4739b3690cfc99e32978813efde10140dd67c4d7a0e3015e243befa
java.lang.invoke.MethodType.form()java.lang.invoke.MethodTypeForm -1 codeSignature differs 5be282a10c496d4000571a6844c9c0bc109901813a12d3aea5364efad6a66c85 != 236f622407d0112ac18220ce2f7dd8fc95a4975bd21efedc593a420240b9e35f
java.util.stream.FindOps$FindSink.cancellationRequested()boolean -1 codeSignature differs 55af0dc4b7688c78180d5f5b00584e4bf66cf93bd60716f9aab49e7a6fd64ac4 != f48625702890d29653fc29959db5796353242ca5005d0c97563dc7641a6e9521
java.lang.Object.<init>()void -1 codeSignature differs fe534d3aac0502b22527b54e744892c09d7496fd765947a3ee3ec9a070d56f92 != 53fed571f2d162d1b06665e593acff62e94c3c2feeb837a313805208a153c804
jdk.internal.module.ModuleReferenceImpl.moduleResolution()jdk.internal.module.ModuleResolution -1 codeSignature differs b76db95b8fd3a055b26c3a6c15023743ea3cd488646d474319964a2e9e13b73e != acecf092198f6e600ae574ae88f94c3dcc124dff78fd33d38e7503cf1de4cb84
java.lang.String.hashCode()int -1 codeSignature differs cd869c87835ef8242ee90410caccd8a61a63cd99231e11f83fcdc76366e70264 != 4af57cd2c352f504d9843ac55232e6c06b59ac42ecb11ac71e7928d819941700
java.lang.module.ModuleDescriptor$Requires.modifiers()java.util.Set -1 codeSignature differs 14be906eafbcd0e98db8607fd01b12de837039bcd06c460d0cf8f6394c8cff6d != d74a3d991dcad2ff0132c63a48dc50da7170128a36ef27d42bfbafe23260746e
java.lang.module.ModuleDescriptor$Requires.name()java.lang.String -1 codeSignature differs 90f01eeb46d88d53d0e4e48ef19445eb3bdf8101a00c7dc3f717a337df9fb41f != 3dca556ce0a4f9f9b2a7bcbcee2ecdeeb626fd493f0993079a0f91070abff97b
java.lang.module.ModuleDescriptor.requires()java.util.Set -1 codeSignature differs 50021c78154f047ad8f88f0733084203e726ca2f3911eed3f4e2615369ae39b2 != 38c64b25607c18539afa677dc017db8b0b2e69cd25c409ff2fbbda9b724f85b9
java.lang.module.ModuleDescriptor.isAutomatic()boolean -1 codeSignature differs 2c5d9434fa6cbff1c0177053ad01774247e7a98383a3d0ee5c4dccbf56bf9e86 != 573ad2b7aa6bd940d385aadba08b49259d18cc84676cb0e7d2bc6bb2b3a188b0
java.util.HashMap$Node.getKey()java.lang.Object -1 codeSignature differs 90f01eeb46d88d53d0e4e48ef19445eb3bdf8101a00c7dc3f717a337df9fb41f != 3dca556ce0a4f9f9b2a7bcbcee2ecdeeb626fd493f0993079a0f91070abff97b
java.util.HashMap$Node.getValue()java.lang.Object -1 codeSignature differs 5be282a10c496d4000571a6844c9c0bc109901813a12d3aea5364efad6a66c85 != 236f622407d0112ac18220ce2f7dd8fc95a4975bd21efedc593a420240b9e35f
java.util.ImmutableCollections$Set12.isEmpty()boolean -1 codeSignature differs d890ffc04cd03ec866061096d7d13d2670cacc5a2328b692374e3523d40574bd != 55a5cc963fc3641936c496e734b67cb2da5b04dc6786193efb958b4650f80fcc
java.lang.module.ModuleDescriptor$Exports.source()java.lang.String -1 codeSignature differs 90f01eeb46d88d53d0e4e48ef19445eb3bdf8101a00c7dc3f717a337df9fb41f != 3dca556ce0a4f9f9b2a7bcbcee2ecdeeb626fd493f0993079a0f91070abff97b
java.lang.module.ModuleDescriptor$Exports.targets()java.util.Set -1 codeSignature differs 5be282a10c496d4000571a6844c9c0bc109901813a12d3aea5364efad6a66c85 != 236f622407d0112ac18220ce2f7dd8fc95a4975bd21efedc593a420240b9e35f
java.lang.module.ModuleDescriptor.provides()java.util.Set -1 codeSignature differs 309d9291f2d3c2a63becdec49b2c74b25af9d7fdc62dad05faf86a64889608fc != ac8620023b60722a9bd4c025af16c863bb01ff2e1485a56d1a0e66cae8c98d9f
java.lang.module.ModuleDescriptor.exports()java.util.Set -1 codeSignature differs 948d21eddb9ad191efbc24290e4e840a30aebb134151b75def9175ab54c0a48c != 64b1f8caa863f256c52a850b78b1f50f6cb4cdbb0fd449ebc0f6c33942f7e576
java.util.ImmutableCollections$SetN$SetNIterator.hasNext()boolean -1 codeSignature differs 014069b9d29ae67f97f8d652b8d7a77d9057cdb393e4e32597c925d7a30bdc82 != 68bedb7c2b89fc57eca6528f835388a812a6a51c19835f3ca5c045deed27b552
java.lang.module.ModuleDescriptor.uses()java.util.Set -1 codeSignature differs e3ce51591a4fee3aaff0c687fbb639bc8c1569c92e84d989cdc906a081a3aa6f != a28d016eade96af94b1490585bd89e875ca450bc08a58e964a7e2d9c660f535c
java.util.ImmutableCollections$SetN$SetNIterator.next()java.lang.Object -1 codeSignature differs e1fe95f08e9a54f528c00088fcbfa159f3bad00b96b954e867ee6f3fb841619e != 1c16e1aaf3c5c4e267d064b4f4a6055cb93c36b45deb929a479843825821be18
java.util.ImmutableCollections$SetN$SetNIterator.next()java.lang.Object -1 graphSignature differs b05d592371fcce917a90fc28debaf21f7e7532d4836b1c9812ac396e129c7095 != dd493989519e7f328311cfecc7abfe1946186eaebdea7e8b59878a8ba9e25a26
java.lang.module.ModuleDescriptor$Provides.service()java.lang.String -1 codeSignature differs 14be906eafbcd0e98db8607fd01b12de837039bcd06c460d0cf8f6394c8cff6d != d74a3d991dcad2ff0132c63a48dc50da7170128a36ef27d42bfbafe23260746e
java.util.HashMap.hash(java.lang.Object)int -1 codeSignature differs 07335cad4bf69597bdbb69e2ac1603d7f2304fd8341d703522ed402e0c56eaec != 9467e95cb3f0374bc97ee7ab1622d895e80c8d5717e23b33c814ba52697d6c29
java.lang.module.ModuleDescriptor$Exports.isQualified()boolean -1 codeSignature differs 40ed1a855cd348ef6ec40f8539d6f7708cc37dbd50c3e1d8b9af91ef4d2a72ed != ca0e19b005c8dff1c001a85e3c2da33b4134231a20493aba6d1bf74f958196d4
java.util.HashMap.putVal(int, java.lang.Object, java.lang.Object, boolean, boolean)java.lang.Object -1 codeSignature differs bcea8e8faf1b696be7f5e4f0d03fd6fdc52c25ceff5dc90d8c287f59b33c5029 != 3f75fa5d868d47d2441c5868dcde32e18128748de404df771154e0185e2ae8d4
java.util.HashMap.putVal(int, java.lang.Object, java.lang.Object, boolean, boolean)java.lang.Object -1 graphSignature differs 71c7befc4bcc50903c01cb500806055811a71080bd754d077284439fcd10103c != 5a74e12f320f5360d51b0bb3946f087ce2dce5afa144b15d312a3acc1621c4cf
java.lang.String.equals(java.lang.Object)boolean -1 codeSignature differs f5747f05d8cb43a0e84b3d89443c10d37c72a20d9b0342eb86834299bed80ca6 != 119dc6e6665ec6b4c44f1e420beb3682c6794e4c2205f6f17310bd0f4f948907
java.lang.String.equals(java.lang.Object)boolean -1 graphSignature differs 240f841b413bb8bd2af4877cb3753eac11d3bdc482d702e067df992e72784ebb != 2d841e5f6ff33687ba2a8e89c73735b82c892266d476f740b43f9fc2b4d21873
java.util.KeyValueHolder.getKey()java.lang.Object -1 codeSignature differs 14be906eafbcd0e98db8607fd01b12de837039bcd06c460d0cf8f6394c8cff6d != d74a3d991dcad2ff0132c63a48dc50da7170128a36ef27d42bfbafe23260746e
java.util.KeyValueHolder.getValue()java.lang.Object -1 codeSignature differs 90f01eeb46d88d53d0e4e48ef19445eb3bdf8101a00c7dc3f717a337df9fb41f != 3dca556ce0a4f9f9b2a7bcbcee2ecdeeb626fd493f0993079a0f91070abff97b
java.lang.module.ModuleDescriptor.packages()java.util.Set -1 codeSignature differs 1ec746d9657abb2124f404e47924197593986fc62346c6cd76072c08e29afddf != fc6683d6dbc2e9c193939db2b7b3809c7ed36f548dabbad32ce6a77af2acbb5c
java.lang.module.ResolvedModule.reference()java.lang.module.ModuleReference -1 codeSignature differs 90f01eeb46d88d53d0e4e48ef19445eb3bdf8101a00c7dc3f717a337df9fb41f != 3dca556ce0a4f9f9b2a7bcbcee2ecdeeb626fd493f0993079a0f91070abff97b
java.util.HashMap$Node.<init>(int, java.lang.Object, java.lang.Object, java.util.HashMap$Node)void -1 codeSignature differs 3c94eef608a09cbb8a0e1ca9b747dc7c5a1083d73296a50853ce57dad143de21 != 89452adc20b56b415d4143fe408f6723f30ab9cdca941ab708e8b004a35b8149
java.lang.module.ModuleDescriptor$Version.toString()java.lang.String -1 codeSignature differs 14be906eafbcd0e98db8607fd01b12de837039bcd06c460d0cf8f6394c8cff6d != d74a3d991dcad2ff0132c63a48dc50da7170128a36ef27d42bfbafe23260746e
java.lang.AbstractStringBuilder.length()int -1 codeSignature differs d4ce072063a0e5d7b77fa03ca89aafb8f3e3ecf13c518dc1905e344d1e62c58a != 6379912ece14b3e5c494001bcdbf513550438500c9fe64692666ea4804585a5b
java.util.HashMap.newNode(int, java.lang.Object, java.lang.Object, java.util.HashMap$Node)java.util.HashMap$Node -1 codeSignature differs 0b57ad3d0ea1b0de0d3ae4d1256f2a3bf2dacceb94022bee4e70d75bf1848358 != d2c2a415cba31cf48b157817e62dcfa6745f18dc85bdd37bd358d1bb63bfa15d
java.util.HashMap.afterNodeInsertion(boolean)void -1 codeSignature differs fe534d3aac0502b22527b54e744892c09d7496fd765947a3ee3ec9a070d56f92 != 53fed571f2d162d1b06665e593acff62e94c3c2feeb837a313805208a153c804
java.util.HashMap.resize()java.util.HashMap$Node[] -1 codeSignature differs f0f35a9cd5053efd109de13fabb805809cad90275b30f35ed6248ed08166e2af != 773f33e40c01604a86946d819f315e07df8f21603ee3222b324e6875f9372fd4
java.util.HashMap.resize()java.util.HashMap$Node[] -1 graphSignature differs 8621339e67ed630b148c0b60d4ece2a8f5e4dc640c7e625f721a8babedbc3813 != 907f32e8439d3100299993dcad76560e08b0f705baa3a6e36f739c5640084aa9
java.lang.module.ResolvedModule.configuration()java.lang.module.Configuration -1 codeSignature differs 14be906eafbcd0e98db8607fd01b12de837039bcd06c460d0cf8f6394c8cff6d != d74a3d991dcad2ff0132c63a48dc50da7170128a36ef27d42bfbafe23260746e
java.lang.module.ModuleDescriptor.isOpen()boolean -1 codeSignature differs 7251ebfc69511ba11260ce3e5fe8de41e1ee424c1c84ef382507a4b520f46599 != 68c1b93afd5159dbd52f415e41c6f206a35012c76ae6407eef42650396bf8bfc
java.util.HashMap.size()int -1 codeSignature differs 55d12884885f16e44e8204f924f64617688caf405b709d32e1e72896f6c27c3d != 602769ad44793bd98e92b9e62f8542f52d5162d04d5d1c146bc1a1f5f4eab2b1
java.util.zip.ZipCoder$UTF8ZipCoder.isUTF8()boolean -1 codeSignature differs 6e3a14458a0fca90e6a63285514a933585cea592cb622e79b33ddc5df6e0fb66 != f86c5820929a34f03b9429610f522a6efd833767bf69832ae22131f6e690fc71
jdk.internal.classfile.impl.AbstractPoolEntry.width()int -1 codeSignature differs 6e3a14458a0fca90e6a63285514a933585cea592cb622e79b33ddc5df6e0fb66 != f86c5820929a34f03b9429610f522a6efd833767bf69832ae22131f6e690fc71
jdk.internal.classfile.impl.SplitConstantPool.size()int -1 codeSignature differs 1e851f5b2cbf37c0cd46831368dd889b60dff01d7b16161259960e24b264ceb1 != 8842033c3435ba9022b0d14a05ef1a95782e7436e1f26a804596a2590677c40d
java.lang.invoke.MethodType.ptypes()java.lang.Class[] -1 codeSignature differs 90f01eeb46d88d53d0e4e48ef19445eb3bdf8101a00c7dc3f717a337df9fb41f != 3dca556ce0a4f9f9b2a7bcbcee2ecdeeb626fd493f0993079a0f91070abff97b
jdk.internal.classfile.impl.RawBytecodeHelper.bci()int -1 codeSignature differs fe46e3fea17c2bcac25676024acf43715946ed13832c36004058f315d01e6ed3 != f644854fb6e4ffc5fb86a7d696951b13023f6a472bb2253c81909dd20f94fad0
jdk.internal.classfile.impl.AbstractPoolEntry.constantPool()java.lang.classfile.constantpool.ConstantPool -1 codeSignature differs 5be282a10c496d4000571a6844c9c0bc109901813a12d3aea5364efad6a66c85 != 236f622407d0112ac18220ce2f7dd8fc95a4975bd21efedc593a420240b9e35f
java.lang.AbstractStringBuilder.getValue()byte[] -1 codeSignature differs 5be282a10c496d4000571a6844c9c0bc109901813a12d3aea5364efad6a66c85 != 236f622407d0112ac18220ce2f7dd8fc95a4975bd21efedc593a420240b9e35f
jdk.internal.constant.ClassOrInterfaceDescImpl.descriptorString()java.lang.String -1 codeSignature differs 14be906eafbcd0e98db8607fd01b12de837039bcd06c460d0cf8f6394c8cff6d != d74a3d991dcad2ff0132c63a48dc50da7170128a36ef27d42bfbafe23260746e
java.lang.String.value()byte[] -1 codeSignature differs 5be282a10c496d4000571a6844c9c0bc109901813a12d3aea5364efad6a66c85 != 236f622407d0112ac18220ce2f7dd8fc95a4975bd21efedc593a420240b9e35f
jdk.internal.classfile.impl.BufWriterImpl.size()int -1 codeSignature differs fe46e3fea17c2bcac25676024acf43715946ed13832c36004058f315d01e6ed3 != f644854fb6e4ffc5fb86a7d696951b13023f6a472bb2253c81909dd20f94fad0
java.lang.StringLatin1.equals(byte[], byte[])boolean -1 codeSignature differs 2cfeb7ca81e519d27a2f4886127bbb28eb00282f6a344501abe1cdc2705cba4e != ce6957fde94989d8dfb9f657cd698acb12bd0f01e407ce68915647520f63bd02
java.lang.StringLatin1.equals(byte[], byte[])boolean -1 graphSignature differs f47d0b1647dabd6f0108a1c873e12c6a64939992dcc9e97f79a9e6e1f1af8649 != cda1bda6b067c21da86f5c9b00220a168b94ff95811df6ee0a57435eb4ec0473
jdk.internal.classfile.impl.AbstractDirectBuilder.constantPool()jdk.internal.classfile.impl.SplitConstantPool -1 codeSignature differs 14be906eafbcd0e98db8607fd01b12de837039bcd06c460d0cf8f6394c8cff6d != d74a3d991dcad2ff0132c63a48dc50da7170128a36ef27d42bfbafe23260746e
java.lang.StringLatin1.inflate(byte[], int, char[], int, int)void -1 codeSignature differs d12363b0fa944c3141709d1d15ff92c10bb825ce967b2050b65342abfb7722e9 != 7229d185807c5eb1f821125a028c07df1ddeaa104c27495e511e6ad0d767c33a
java.lang.StringLatin1.inflate(byte[], int, char[], int, int)void -1 graphSignature differs 17e6f3ed6596e5d6840a8a77065c9470c41838c2630b4535538ec163efd33e69 != e838eb1809aadd841c1ff5fe2e7a1043b73670d291c51dcf64d0aae8eaa2b7e0
java.lang.String.coder()byte -1 codeSignature differs f3a73f0f7ffcffdf8962f6b17b32b9d22dceb70a6321ad4e83f092ac924fb640 != 82f5235e2dbc41130ab9f332d81a84c727950ed13b523486e1cf57bd2f9bda2c
java.util.HashMap.hash(java.lang.Object)int -1 codeSignature differs 9d9a6c58aedfde4237306b4e2c97880af7951607fb8805b18c14722f48013527 != 9467e95cb3f0374bc97ee7ab1622d895e80c8d5717e23b33c814ba52697d6c29
java.util.HashMap.hash(java.lang.Object)int -1 graphSignature differs 9218824ad4cc01818c44d11336a534489b7938cafbd5dadeb97b0d4490cd770b != a84a14d9866f5db84bda5d979ff9a6d49d572c1e799301fb27e23863599a9b6a
jdk.internal.util.WeakReferenceKey.hashCode()int -1 codeSignature differs 55d12884885f16e44e8204f924f64617688caf405b709d32e1e72896f6c27c3d != 602769ad44793bd98e92b9e62f8542f52d5162d04d5d1c146bc1a1f5f4eab2b1
java.lang.invoke.MethodTypeForm.erasedType()java.lang.invoke.MethodType -1 codeSignature differs 90f01eeb46d88d53d0e4e48ef19445eb3bdf8101a00c7dc3f717a337df9fb41f != 3dca556ce0a4f9f9b2a7bcbcee2ecdeeb626fd493f0993079a0f91070abff97b
java.nio.Buffer.limit()int -1 codeSignature differs 55d12884885f16e44e8204f924f64617688caf405b709d32e1e72896f6c27c3d != 602769ad44793bd98e92b9e62f8542f52d5162d04d5d1c146bc1a1f5f4eab2b1
jdk.internal.constant.ClassOrInterfaceDescImpl.isClassOrInterface()boolean -1 codeSignature differs 6e3a14458a0fca90e6a63285514a933585cea592cb622e79b33ddc5df6e0fb66 != f86c5820929a34f03b9429610f522a6efd833767bf69832ae22131f6e690fc71
java.util.ArrayList.size()int -1 codeSignature differs fe46e3fea17c2bcac25676024acf43715946ed13832c36004058f315d01e6ed3 != f644854fb6e4ffc5fb86a7d696951b13023f6a472bb2253c81909dd20f94fad0
jdk.internal.classfile.impl.AbstractPoolEntry$ClassEntryImpl.tag()int -1 codeSignature differs 5404769be9f3dbc3cb72c5db1a8ad8dd44853cedba352c69c6db32de21c4dbb9 != 9e72aee727452f3bd7e5755029309d18662e78c7d8f6a3fef1fa786c235c1353
java.lang.String.length()int -1 codeSignature differs 5f2a9f3bb1f4f800ea4f2ad278553dedcfc789fe27a155b26df986828b30ede3 != 65d375b72c5817a4f8af1bcdf77dbdcb452e4f9ceb60cd42724b10772bcfdc62
jdk.internal.classfile.impl.AbstractPoolEntry.hashCode()int -1 codeSignature differs fe46e3fea17c2bcac25676024acf43715946ed13832c36004058f315d01e6ed3 != f644854fb6e4ffc5fb86a7d696951b13023f6a472bb2253c81909dd20f94fad0
jdk.internal.constant.PrimitiveClassDescImpl.descriptorString()java.lang.String -1 codeSignature differs 7722674ec43cccc19227bd0fe31433696da3716816c65b03f1730e1c0254917a != 2859d17d681828116974698ed904c3f2d6f285799222904b89fcd6ff7a2f986f
java.lang.String.equals(java.lang.Object)boolean -1 codeSignature differs bfac87225bafdc58673e804c03dd822bf37abdab95c86ed18af1cb75d90e2a8b != 119dc6e6665ec6b4c44f1e420beb3682c6794e4c2205f6f17310bd0f4f948907
java.lang.String.equals(java.lang.Object)boolean -1 graphSignature differs 3db2bd1e1e18c2bda01c5f5968b4897c6a680343cb60349dd960833af8c8b667 != 2d841e5f6ff33687ba2a8e89c73735b82c892266d476f740b43f9fc2b4d21873
Requesting uncached profile for bci 74 in java.util.HashMap.putVal(int, java.lang.Object, java.lang.Object, boolean, boolean)java.lang.Object method getBytecodeProfile
Requesting uncached profile for bci 74 in java.util.HashMap.putVal(int, java.lang.Object, java.lang.Object, boolean, boolean)java.lang.Object method getExceptionSeen
Requesting uncached profile for bci 81 in java.util.HashMap.putVal(int, java.lang.Object, java.lang.Object, boolean, boolean)java.lang.Object method getBytecodeProfile
Requesting uncached profile for bci 81 in java.util.HashMap.putVal(int, java.lang.Object, java.lang.Object, boolean, boolean)java.lang.Object method getBranchTakenProbability
Requesting uncached profile for bci 85 in java.util.HashMap.putVal(int, java.lang.Object, java.lang.Object, boolean, boolean)java.lang.Object method getBytecodeProfile
Requesting uncached profile for bci 85 in java.util.HashMap.putVal(int, java.lang.Object, java.lang.Object, boolean, boolean)java.lang.Object method getBranchTakenProbability
Requesting uncached profile for bci 91 in java.util.HashMap.putVal(int, java.lang.Object, java.lang.Object, boolean, boolean)java.lang.Object method getBytecodeProfile
Requesting uncached profile for bci 91 in java.util.HashMap.putVal(int, java.lang.Object, java.lang.Object, boolean, boolean)java.lang.Object method getExceptionSeen
Requesting uncached profile for bci 91 in java.util.HashMap.putVal(int, java.lang.Object, java.lang.Object, boolean, boolean)java.lang.Object method getTypeProfile
Requesting uncached profile for bci 94 in java.util.HashMap.putVal(int, java.lang.Object, java.lang.Object, boolean, boolean)java.lang.Object method getBytecodeProfile
Requesting uncached profile for bci 94 in java.util.HashMap.putVal(int, java.lang.Object, java.lang.Object, boolean, boolean)java.lang.Object method getBranchTakenProbability
Requesting not cached profile for java.lang.String.equals(java.lang.Object)boolean
java.util.HashMap.putVal(int, java.lang.Object, java.lang.Object, boolean, boolean)java.lang.Object -1 codeSignature differs a2d898fcd103227c7be14b1332834754a151a9b6212737c433745a93c5c371fd != 3f75fa5d868d47d2441c5868dcde32e18128748de404df771154e0185e2ae8d4
java.util.HashMap.putVal(int, java.lang.Object, java.lang.Object, boolean, boolean)java.lang.Object -1 graphSignature differs e7791656fc092c79846de086ac174a77724d28ea37325079a87bb0a5c313e8c0 != 5a74e12f320f5360d51b0bb3946f087ce2dce5afa144b15d312a3acc1621c4cf
Requesting uncached profile for bci 74 in java.util.HashMap.putVal(int, java.lang.Object, java.lang.Object, boolean, boolean)java.lang.Object method getBytecodeProfile
Requesting uncached profile for bci 74 in java.util.HashMap.putVal(int, java.lang.Object, java.lang.Object, boolean, boolean)java.lang.Object method getExceptionSeen
Requesting uncached profile for bci 81 in java.util.HashMap.putVal(int, java.lang.Object, java.lang.Object, boolean, boolean)java.lang.Object method getBytecodeProfile
Requesting uncached profile for bci 81 in java.util.HashMap.putVal(int, java.lang.Object, java.lang.Object, boolean, boolean)java.lang.Object method getBranchTakenProbability
Requesting uncached profile for bci 85 in java.util.HashMap.putVal(int, java.lang.Object, java.lang.Object, boolean, boolean)java.lang.Object method getBytecodeProfile
Requesting uncached profile for bci 85 in java.util.HashMap.putVal(int, java.lang.Object, java.lang.Object, boolean, boolean)java.lang.Object method getBranchTakenProbability
Requesting uncached profile for bci 91 in java.util.HashMap.putVal(int, java.lang.Object, java.lang.Object, boolean, boolean)java.lang.Object method getBytecodeProfile
Requesting uncached profile for bci 91 in java.util.HashMap.putVal(int, java.lang.Object, java.lang.Object, boolean, boolean)java.lang.Object method getExceptionSeen
Requesting uncached profile for bci 91 in java.util.HashMap.putVal(int, java.lang.Object, java.lang.Object, boolean, boolean)java.lang.Object method getTypeProfile
Requesting uncached profile for bci 94 in java.util.HashMap.putVal(int, java.lang.Object, java.lang.Object, boolean, boolean)java.lang.Object method getBytecodeProfile
Requesting uncached profile for bci 94 in java.util.HashMap.putVal(int, java.lang.Object, java.lang.Object, boolean, boolean)java.lang.Object method getBranchTakenProbability
Requesting not cached profile for java.lang.String.equals(java.lang.Object)boolean
java.util.HashMap.putVal(int, java.lang.Object, java.lang.Object, boolean, boolean)java.lang.Object -1 codeSignature differs 81925ae60864a1ca892f2273f2c2d7785a250d37df5afec92656667ddb4b59e1 != 3f75fa5d868d47d2441c5868dcde32e18128748de404df771154e0185e2ae8d4
java.util.HashMap.putVal(int, java.lang.Object, java.lang.Object, boolean, boolean)java.lang.Object -1 graphSignature differs 576abc3dfa49e1424478d0e2b2d349b14fb924299f6e92f941a196917569506b != 5a74e12f320f5360d51b0bb3946f087ce2dce5afa144b15d312a3acc1621c4cf
Requesting uncached profile for bci 74 in java.util.HashMap.putVal(int, java.lang.Object, java.lang.Object, boolean, boolean)java.lang.Object method getBytecodeProfile
Requesting uncached profile for bci 74 in java.util.HashMap.putVal(int, java.lang.Object, java.lang.Object, boolean, boolean)java.lang.Object method getExceptionSeen
Requesting uncached profile for bci 81 in java.util.HashMap.putVal(int, java.lang.Object, java.lang.Object, boolean, boolean)java.lang.Object method getBytecodeProfile
Requesting uncached profile for bci 81 in java.util.HashMap.putVal(int, java.lang.Object, java.lang.Object, boolean, boolean)java.lang.Object method getBranchTakenProbability
Requesting uncached profile for bci 85 in java.util.HashMap.putVal(int, java.lang.Object, java.lang.Object, boolean, boolean)java.lang.Object method getBytecodeProfile
Requesting uncached profile for bci 85 in java.util.HashMap.putVal(int, java.lang.Object, java.lang.Object, boolean, boolean)java.lang.Object method getBranchTakenProbability
Requesting uncached profile for bci 91 in java.util.HashMap.putVal(int, java.lang.Object, java.lang.Object, boolean, boolean)java.lang.Object method getBytecodeProfile
Requesting uncached profile for bci 91 in java.util.HashMap.putVal(int, java.lang.Object, java.lang.Object, boolean, boolean)java.lang.Object method getExceptionSeen
Requesting uncached profile for bci 91 in java.util.HashMap.putVal(int, java.lang.Object, java.lang.Object, boolean, boolean)java.lang.Object method getTypeProfile
Requesting uncached profile for bci 94 in java.util.HashMap.putVal(int, java.lang.Object, java.lang.Object, boolean, boolean)java.lang.Object method getBytecodeProfile
Requesting uncached profile for bci 94 in java.util.HashMap.putVal(int, java.lang.Object, java.lang.Object, boolean, boolean)java.lang.Object method getBranchTakenProbability
Requesting not cached profile for java.lang.String.equals(java.lang.Object)boolean
java.util.HashMap.putVal(int, java.lang.Object, java.lang.Object, boolean, boolean)java.lang.Object -1 codeSignature differs 6972268a34a447e480aa1a9f74dc411aa1502fd8ed022fda1a2983d113c13d47 != 3f75fa5d868d47d2441c5868dcde32e18128748de404df771154e0185e2ae8d4
java.util.HashMap.putVal(int, java.lang.Object, java.lang.Object, boolean, boolean)java.lang.Object -1 graphSignature differs 52bc378255d8c412c74a2b2bf4edc1c93a6e3d3e4c7f8fd4c4a03278b3634e9e != 5a74e12f320f5360d51b0bb3946f087ce2dce5afa144b15d312a3acc1621c4cf
Requesting uncached profile for bci 74 in java.util.HashMap.putVal(int, java.lang.Object, java.lang.Object, boolean, boolean)java.lang.Object method getBytecodeProfile
Requesting uncached profile for bci 74 in java.util.HashMap.putVal(int, java.lang.Object, java.lang.Object, boolean, boolean)java.lang.Object method getExceptionSeen
Requesting uncached profile for bci 81 in java.util.HashMap.putVal(int, java.lang.Object, java.lang.Object, boolean, boolean)java.lang.Object method getBytecodeProfile
Requesting uncached profile for bci 81 in java.util.HashMap.putVal(int, java.lang.Object, java.lang.Object, boolean, boolean)java.lang.Object method getBranchTakenProbability
Requesting uncached profile for bci 85 in java.util.HashMap.putVal(int, java.lang.Object, java.lang.Object, boolean, boolean)java.lang.Object method getBytecodeProfile
Requesting uncached profile for bci 85 in java.util.HashMap.putVal(int, java.lang.Object, java.lang.Object, boolean, boolean)java.lang.Object method getBranchTakenProbability
Requesting uncached profile for bci 91 in java.util.HashMap.putVal(int, java.lang.Object, java.lang.Object, boolean, boolean)java.lang.Object method getBytecodeProfile
Requesting uncached profile for bci 91 in java.util.HashMap.putVal(int, java.lang.Object, java.lang.Object, boolean, boolean)java.lang.Object method getExceptionSeen
Requesting uncached profile for bci 91 in java.util.HashMap.putVal(int, java.lang.Object, java.lang.Object, boolean, boolean)java.lang.Object method getTypeProfile
Requesting uncached profile for bci 94 in java.util.HashMap.putVal(int, java.lang.Object, java.lang.Object, boolean, boolean)java.lang.Object method getBytecodeProfile
Requesting uncached profile for bci 94 in java.util.HashMap.putVal(int, java.lang.Object, java.lang.Object, boolean, boolean)java.lang.Object method getBranchTakenProbability
Requesting uncached profile for bci 229 in java.util.HashMap.putVal(int, java.lang.Object, java.lang.Object, boolean, boolean)java.lang.Object method getBytecodeProfile
Requesting uncached profile for bci 229 in java.util.HashMap.putVal(int, java.lang.Object, java.lang.Object, boolean, boolean)java.lang.Object method getExceptionSeen
Requesting uncached profile for bci 236 in java.util.HashMap.putVal(int, java.lang.Object, java.lang.Object, boolean, boolean)java.lang.Object method getBytecodeProfile
Requesting uncached profile for bci 236 in java.util.HashMap.putVal(int, java.lang.Object, java.lang.Object, boolean, boolean)java.lang.Object method getBranchTakenProbability
Requesting uncached profile for bci 247 in java.util.HashMap.putVal(int, java.lang.Object, java.lang.Object, boolean, boolean)java.lang.Object method getBytecodeProfile
Requesting uncached profile for bci 247 in java.util.HashMap.putVal(int, java.lang.Object, java.lang.Object, boolean, boolean)java.lang.Object method getExceptionSeen
Requesting uncached profile for bci 253 in java.util.HashMap.putVal(int, java.lang.Object, java.lang.Object, boolean, boolean)java.lang.Object method getBytecodeProfile
Requesting uncached profile for bci 253 in java.util.HashMap.putVal(int, java.lang.Object, java.lang.Object, boolean, boolean)java.lang.Object method getTypeProfile
Requesting uncached profile for bci 253 in java.util.HashMap.putVal(int, java.lang.Object, java.lang.Object, boolean, boolean)java.lang.Object method getExceptionSeen
Requesting not cached profile for java.lang.String.equals(java.lang.Object)boolean
Requesting not cached profile for java.util.HashMap.afterNodeAccess(java.util.HashMap$Node)void
Requesting not cached profile for java.util.LinkedHashMap.afterNodeAccess(java.util.HashMap$Node)void
Requesting uncached profile for bci 5 in java.util.LinkedHashMap.afterNodeAccess(java.util.HashMap$Node)void method getBytecodeProfile
Requesting uncached profile for bci 5 in java.util.LinkedHashMap.afterNodeAccess(java.util.HashMap$Node)void method getBranchTakenProbability
Requesting uncached profile for bci 12 in java.util.LinkedHashMap.afterNodeAccess(java.util.HashMap$Node)void method getBytecodeProfile
Requesting uncached profile for bci 12 in java.util.LinkedHashMap.afterNodeAccess(java.util.HashMap$Node)void method getBranchTakenProbability
Requesting uncached profile for bci 19 in java.util.LinkedHashMap.afterNodeAccess(java.util.HashMap$Node)void method getBytecodeProfile
Requesting uncached profile for bci 19 in java.util.LinkedHashMap.afterNodeAccess(java.util.HashMap$Node)void method getBranchTakenProbability
Requesting uncached profile for bci 29 in java.util.LinkedHashMap.afterNodeAccess(java.util.HashMap$Node)void method getBytecodeProfile
Requesting uncached profile for bci 29 in java.util.LinkedHashMap.afterNodeAccess(java.util.HashMap$Node)void method getBranchTakenProbability
Requesting uncached profile for bci 33 in java.util.LinkedHashMap.afterNodeAccess(java.util.HashMap$Node)void method getBytecodeProfile
Requesting uncached profile for bci 33 in java.util.LinkedHashMap.afterNodeAccess(java.util.HashMap$Node)void method getTypeProfile
Requesting uncached profile for bci 33 in java.util.LinkedHashMap.afterNodeAccess(java.util.HashMap$Node)void method getExceptionSeen
Requesting uncached profile for bci 40 in java.util.LinkedHashMap.afterNodeAccess(java.util.HashMap$Node)void method getBytecodeProfile
Requesting uncached profile for bci 40 in java.util.LinkedHashMap.afterNodeAccess(java.util.HashMap$Node)void method getExceptionSeen
Requesting uncached profile for bci 47 in java.util.LinkedHashMap.afterNodeAccess(java.util.HashMap$Node)void method getBytecodeProfile
Requesting uncached profile for bci 47 in java.util.LinkedHashMap.afterNodeAccess(java.util.HashMap$Node)void method getExceptionSeen
Requesting uncached profile for bci 55 in java.util.LinkedHashMap.afterNodeAccess(java.util.HashMap$Node)void method getBytecodeProfile
Requesting uncached profile for bci 55 in java.util.LinkedHashMap.afterNodeAccess(java.util.HashMap$Node)void method getExceptionSeen
Requesting uncached profile for bci 60 in java.util.LinkedHashMap.afterNodeAccess(java.util.HashMap$Node)void method getBytecodeProfile
Requesting uncached profile for bci 60 in java.util.LinkedHashMap.afterNodeAccess(java.util.HashMap$Node)void method getBranchTakenProbability
Requesting uncached profile for bci 76 in java.util.LinkedHashMap.afterNodeAccess(java.util.HashMap$Node)void method getBytecodeProfile
Requesting uncached profile for bci 76 in java.util.LinkedHashMap.afterNodeAccess(java.util.HashMap$Node)void method getExceptionSeen
Requesting uncached profile for bci 81 in java.util.LinkedHashMap.afterNodeAccess(java.util.HashMap$Node)void method getBytecodeProfile
Requesting uncached profile for bci 81 in java.util.LinkedHashMap.afterNodeAccess(java.util.HashMap$Node)void method getBranchTakenProbability
Requesting uncached profile for bci 88 in java.util.LinkedHashMap.afterNodeAccess(java.util.HashMap$Node)void method getBytecodeProfile
Requesting uncached profile for bci 88 in java.util.LinkedHashMap.afterNodeAccess(java.util.HashMap$Node)void method getExceptionSeen
Requesting uncached profile for bci 98 in java.util.LinkedHashMap.afterNodeAccess(java.util.HashMap$Node)void method getBytecodeProfile
Requesting uncached profile for bci 98 in java.util.LinkedHashMap.afterNodeAccess(java.util.HashMap$Node)void method getBranchTakenProbability
Requesting uncached profile for bci 113 in java.util.LinkedHashMap.afterNodeAccess(java.util.HashMap$Node)void method getBytecodeProfile
Requesting uncached profile for bci 113 in java.util.LinkedHashMap.afterNodeAccess(java.util.HashMap$Node)void method getExceptionSeen
Requesting uncached profile for bci 119 in java.util.LinkedHashMap.afterNodeAccess(java.util.HashMap$Node)void method getBytecodeProfile
Requesting uncached profile for bci 119 in java.util.LinkedHashMap.afterNodeAccess(java.util.HashMap$Node)void method getExceptionSeen
Requesting uncached profile for bci 146 in java.util.LinkedHashMap.afterNodeAccess(java.util.HashMap$Node)void method getBytecodeProfile
Requesting uncached profile for bci 146 in java.util.LinkedHashMap.afterNodeAccess(java.util.HashMap$Node)void method getBranchTakenProbability
Requesting uncached profile for bci 156 in java.util.LinkedHashMap.afterNodeAccess(java.util.HashMap$Node)void method getBytecodeProfile
Requesting uncached profile for bci 156 in java.util.LinkedHashMap.afterNodeAccess(java.util.HashMap$Node)void method getBranchTakenProbability
Requesting uncached profile for bci 160 in java.util.LinkedHashMap.afterNodeAccess(java.util.HashMap$Node)void method getBytecodeProfile
Requesting uncached profile for bci 160 in java.util.LinkedHashMap.afterNodeAccess(java.util.HashMap$Node)void method getTypeProfile
Requesting uncached profile for bci 160 in java.util.LinkedHashMap.afterNodeAccess(java.util.HashMap$Node)void method getExceptionSeen
Requesting uncached profile for bci 167 in java.util.LinkedHashMap.afterNodeAccess(java.util.HashMap$Node)void method getBytecodeProfile
Requesting uncached profile for bci 167 in java.util.LinkedHashMap.afterNodeAccess(java.util.HashMap$Node)void method getExceptionSeen
Requesting uncached profile for bci 174 in java.util.LinkedHashMap.afterNodeAccess(java.util.HashMap$Node)void method getBytecodeProfile
Requesting uncached profile for bci 174 in java.util.LinkedHashMap.afterNodeAccess(java.util.HashMap$Node)void method getExceptionSeen
Requesting uncached profile for bci 182 in java.util.LinkedHashMap.afterNodeAccess(java.util.HashMap$Node)void method getBytecodeProfile
Requesting uncached profile for bci 182 in java.util.LinkedHashMap.afterNodeAccess(java.util.HashMap$Node)void method getExceptionSeen
Requesting uncached profile for bci 187 in java.util.LinkedHashMap.afterNodeAccess(java.util.HashMap$Node)void method getBytecodeProfile
Requesting uncached profile for bci 187 in java.util.LinkedHashMap.afterNodeAccess(java.util.HashMap$Node)void method getBranchTakenProbability
Requesting uncached profile for bci 203 in java.util.LinkedHashMap.afterNodeAccess(java.util.HashMap$Node)void method getBytecodeProfile
Requesting uncached profile for bci 203 in java.util.LinkedHashMap.afterNodeAccess(java.util.HashMap$Node)void method getExceptionSeen
Requesting uncached profile for bci 208 in java.util.LinkedHashMap.afterNodeAccess(java.util.HashMap$Node)void method getBytecodeProfile
Requesting uncached profile for bci 208 in java.util.LinkedHashMap.afterNodeAccess(java.util.HashMap$Node)void method getBranchTakenProbability
Requesting uncached profile for bci 215 in java.util.LinkedHashMap.afterNodeAccess(java.util.HashMap$Node)void method getBytecodeProfile
Requesting uncached profile for bci 215 in java.util.LinkedHashMap.afterNodeAccess(java.util.HashMap$Node)void method getExceptionSeen
Requesting uncached profile for bci 225 in java.util.LinkedHashMap.afterNodeAccess(java.util.HashMap$Node)void method getBytecodeProfile
Requesting uncached profile for bci 225 in java.util.LinkedHashMap.afterNodeAccess(java.util.HashMap$Node)void method getBranchTakenProbability
Requesting uncached profile for bci 240 in java.util.LinkedHashMap.afterNodeAccess(java.util.HashMap$Node)void method getBytecodeProfile
Requesting uncached profile for bci 240 in java.util.LinkedHashMap.afterNodeAccess(java.util.HashMap$Node)void method getExceptionSeen
Requesting uncached profile for bci 246 in java.util.LinkedHashMap.afterNodeAccess(java.util.HashMap$Node)void method getBytecodeProfile
Requesting uncached profile for bci 246 in java.util.LinkedHashMap.afterNodeAccess(java.util.HashMap$Node)void method getExceptionSeen
java.util.HashMap.putVal(int, java.lang.Object, java.lang.Object, boolean, boolean)java.lang.Object -1 codeSignature differs 8776bc9ab9d096e691ddab40644d45cfcb206648b3b813ebb03f3732c2aaf39f != 3f75fa5d868d47d2441c5868dcde32e18128748de404df771154e0185e2ae8d4
java.util.HashMap.putVal(int, java.lang.Object, java.lang.Object, boolean, boolean)java.lang.Object -1 graphSignature differs 9d7f1739c256adf33f0fe046d888e033f4ba1eafff2e65c15f8992c48a93f670 != 5a74e12f320f5360d51b0bb3946f087ce2dce5afa144b15d312a3acc1621c4cf
Requesting uncached profile for bci 74 in java.util.HashMap.putVal(int, java.lang.Object, java.lang.Object, boolean, boolean)java.lang.Object method getBytecodeProfile
Requesting uncached profile for bci 74 in java.util.HashMap.putVal(int, java.lang.Object, java.lang.Object, boolean, boolean)java.lang.Object method getExceptionSeen
Requesting uncached profile for bci 81 in java.util.HashMap.putVal(int, java.lang.Object, java.lang.Object, boolean, boolean)java.lang.Object method getBytecodeProfile
Requesting uncached profile for bci 81 in java.util.HashMap.putVal(int, java.lang.Object, java.lang.Object, boolean, boolean)java.lang.Object method getBranchTakenProbability
Requesting uncached profile for bci 85 in java.util.HashMap.putVal(int, java.lang.Object, java.lang.Object, boolean, boolean)java.lang.Object method getBytecodeProfile
Requesting uncached profile for bci 85 in java.util.HashMap.putVal(int, java.lang.Object, java.lang.Object, boolean, boolean)java.lang.Object method getBranchTakenProbability
Requesting uncached profile for bci 91 in java.util.HashMap.putVal(int, java.lang.Object, java.lang.Object, boolean, boolean)java.lang.Object method getBytecodeProfile
Requesting uncached profile for bci 91 in java.util.HashMap.putVal(int, java.lang.Object, java.lang.Object, boolean, boolean)java.lang.Object method getExceptionSeen
Requesting uncached profile for bci 91 in java.util.HashMap.putVal(int, java.lang.Object, java.lang.Object, boolean, boolean)java.lang.Object method getTypeProfile
Requesting uncached profile for bci 94 in java.util.HashMap.putVal(int, java.lang.Object, java.lang.Object, boolean, boolean)java.lang.Object method getBytecodeProfile
Requesting uncached profile for bci 94 in java.util.HashMap.putVal(int, java.lang.Object, java.lang.Object, boolean, boolean)java.lang.Object method getBranchTakenProbability
Requesting uncached profile for bci 186 in java.util.HashMap.putVal(int, java.lang.Object, java.lang.Object, boolean, boolean)java.lang.Object method getBytecodeProfile
Requesting uncached profile for bci 186 in java.util.HashMap.putVal(int, java.lang.Object, java.lang.Object, boolean, boolean)java.lang.Object method getExceptionSeen
Requesting uncached profile for bci 193 in java.util.HashMap.putVal(int, java.lang.Object, java.lang.Object, boolean, boolean)java.lang.Object method getBytecodeProfile
Requesting uncached profile for bci 193 in java.util.HashMap.putVal(int, java.lang.Object, java.lang.Object, boolean, boolean)java.lang.Object method getBranchTakenProbability
Requesting uncached profile for bci 197 in java.util.HashMap.putVal(int, java.lang.Object, java.lang.Object, boolean, boolean)java.lang.Object method getBytecodeProfile
Requesting uncached profile for bci 197 in java.util.HashMap.putVal(int, java.lang.Object, java.lang.Object, boolean, boolean)java.lang.Object method getBranchTakenProbability
Requesting uncached profile for bci 203 in java.util.HashMap.putVal(int, java.lang.Object, java.lang.Object, boolean, boolean)java.lang.Object method getBytecodeProfile
Requesting uncached profile for bci 203 in java.util.HashMap.putVal(int, java.lang.Object, java.lang.Object, boolean, boolean)java.lang.Object method getExceptionSeen
Requesting uncached profile for bci 203 in java.util.HashMap.putVal(int, java.lang.Object, java.lang.Object, boolean, boolean)java.lang.Object method getTypeProfile
Requesting uncached profile for bci 206 in java.util.HashMap.putVal(int, java.lang.Object, java.lang.Object, boolean, boolean)java.lang.Object method getBytecodeProfile
Requesting uncached profile for bci 206 in java.util.HashMap.putVal(int, java.lang.Object, java.lang.Object, boolean, boolean)java.lang.Object method getBranchTakenProbability
Requesting uncached profile for bci 229 in java.util.HashMap.putVal(int, java.lang.Object, java.lang.Object, boolean, boolean)java.lang.Object method getBytecodeProfile
Requesting uncached profile for bci 229 in java.util.HashMap.putVal(int, java.lang.Object, java.lang.Object, boolean, boolean)java.lang.Object method getExceptionSeen
Requesting uncached profile for bci 236 in java.util.HashMap.putVal(int, java.lang.Object, java.lang.Object, boolean, boolean)java.lang.Object method getBytecodeProfile
Requesting uncached profile for bci 236 in java.util.HashMap.putVal(int, java.lang.Object, java.lang.Object, boolean, boolean)java.lang.Object method getBranchTakenProbability
Requesting uncached profile for bci 247 in java.util.HashMap.putVal(int, java.lang.Object, java.lang.Object, boolean, boolean)java.lang.Object method getBytecodeProfile
Requesting uncached profile for bci 247 in java.util.HashMap.putVal(int, java.lang.Object, java.lang.Object, boolean, boolean)java.lang.Object method getExceptionSeen
Requesting uncached profile for bci 253 in java.util.HashMap.putVal(int, java.lang.Object, java.lang.Object, boolean, boolean)java.lang.Object method getBytecodeProfile
Requesting uncached profile for bci 253 in java.util.HashMap.putVal(int, java.lang.Object, java.lang.Object, boolean, boolean)java.lang.Object method getTypeProfile
Requesting uncached profile for bci 253 in java.util.HashMap.putVal(int, java.lang.Object, java.lang.Object, boolean, boolean)java.lang.Object method getExceptionSeen
Requesting not cached profile for java.lang.String.equals(java.lang.Object)boolean
Requesting not cached profile for java.util.HashMap.afterNodeAccess(java.util.HashMap$Node)void
Requesting not cached profile for java.util.LinkedHashMap.afterNodeAccess(java.util.HashMap$Node)void
Requesting uncached profile for bci 5 in java.util.LinkedHashMap.afterNodeAccess(java.util.HashMap$Node)void method getBytecodeProfile
Requesting uncached profile for bci 5 in java.util.LinkedHashMap.afterNodeAccess(java.util.HashMap$Node)void method getBranchTakenProbability
Requesting uncached profile for bci 12 in java.util.LinkedHashMap.afterNodeAccess(java.util.HashMap$Node)void method getBytecodeProfile
Requesting uncached profile for bci 12 in java.util.LinkedHashMap.afterNodeAccess(java.util.HashMap$Node)void method getBranchTakenProbability
Requesting uncached profile for bci 19 in java.util.LinkedHashMap.afterNodeAccess(java.util.HashMap$Node)void method getBytecodeProfile
Requesting uncached profile for bci 19 in java.util.LinkedHashMap.afterNodeAccess(java.util.HashMap$Node)void method getBranchTakenProbability
Requesting uncached profile for bci 29 in java.util.LinkedHashMap.afterNodeAccess(java.util.HashMap$Node)void method getBytecodeProfile
Requesting uncached profile for bci 29 in java.util.LinkedHashMap.afterNodeAccess(java.util.HashMap$Node)void method getBranchTakenProbability
Requesting uncached profile for bci 33 in java.util.LinkedHashMap.afterNodeAccess(java.util.HashMap$Node)void method getBytecodeProfile
Requesting uncached profile for bci 33 in java.util.LinkedHashMap.afterNodeAccess(java.util.HashMap$Node)void method getTypeProfile
Requesting uncached profile for bci 33 in java.util.LinkedHashMap.afterNodeAccess(java.util.HashMap$Node)void method getExceptionSeen
Requesting uncached profile for bci 40 in java.util.LinkedHashMap.afterNodeAccess(java.util.HashMap$Node)void method getBytecodeProfile
Requesting uncached profile for bci 40 in java.util.LinkedHashMap.afterNodeAccess(java.util.HashMap$Node)void method getExceptionSeen
Requesting uncached profile for bci 47 in java.util.LinkedHashMap.afterNodeAccess(java.util.HashMap$Node)void method getBytecodeProfile
Requesting uncached profile for bci 47 in java.util.LinkedHashMap.afterNodeAccess(java.util.HashMap$Node)void method getExceptionSeen
Requesting uncached profile for bci 55 in java.util.LinkedHashMap.afterNodeAccess(java.util.HashMap$Node)void method getBytecodeProfile
Requesting uncached profile for bci 55 in java.util.LinkedHashMap.afterNodeAccess(java.util.HashMap$Node)void method getExceptionSeen
Requesting uncached profile for bci 60 in java.util.LinkedHashMap.afterNodeAccess(java.util.HashMap$Node)void method getBytecodeProfile
Requesting uncached profile for bci 60 in java.util.LinkedHashMap.afterNodeAccess(java.util.HashMap$Node)void method getBranchTakenProbability
Requesting uncached profile for bci 76 in java.util.LinkedHashMap.afterNodeAccess(java.util.HashMap$Node)void method getBytecodeProfile
Requesting uncached profile for bci 76 in java.util.LinkedHashMap.afterNodeAccess(java.util.HashMap$Node)void method getExceptionSeen
Requesting uncached profile for bci 81 in java.util.LinkedHashMap.afterNodeAccess(java.util.HashMap$Node)void method getBytecodeProfile
Requesting uncached profile for bci 81 in java.util.LinkedHashMap.afterNodeAccess(java.util.HashMap$Node)void method getBranchTakenProbability
Requesting uncached profile for bci 88 in java.util.LinkedHashMap.afterNodeAccess(java.util.HashMap$Node)void method getBytecodeProfile
Requesting uncached profile for bci 88 in java.util.LinkedHashMap.afterNodeAccess(java.util.HashMap$Node)void method getExceptionSeen
Requesting uncached profile for bci 98 in java.util.LinkedHashMap.afterNodeAccess(java.util.HashMap$Node)void method getBytecodeProfile
Requesting uncached profile for bci 98 in java.util.LinkedHashMap.afterNodeAccess(java.util.HashMap$Node)void method getBranchTakenProbability
Requesting uncached profile for bci 113 in java.util.LinkedHashMap.afterNodeAccess(java.util.HashMap$Node)void method getBytecodeProfile
Requesting uncached profile for bci 113 in java.util.LinkedHashMap.afterNodeAccess(java.util.HashMap$Node)void method getExceptionSeen
Requesting uncached profile for bci 119 in java.util.LinkedHashMap.afterNodeAccess(java.util.HashMap$Node)void method getBytecodeProfile
Requesting uncached profile for bci 119 in java.util.LinkedHashMap.afterNodeAccess(java.util.HashMap$Node)void method getExceptionSeen
Requesting uncached profile for bci 146 in java.util.LinkedHashMap.afterNodeAccess(java.util.HashMap$Node)void method getBytecodeProfile
Requesting uncached profile for bci 146 in java.util.LinkedHashMap.afterNodeAccess(java.util.HashMap$Node)void method getBranchTakenProbability
Requesting uncached profile for bci 156 in java.util.LinkedHashMap.afterNodeAccess(java.util.HashMap$Node)void method getBytecodeProfile
Requesting uncached profile for bci 156 in java.util.LinkedHashMap.afterNodeAccess(java.util.HashMap$Node)void method getBranchTakenProbability
Requesting uncached profile for bci 160 in java.util.LinkedHashMap.afterNodeAccess(java.util.HashMap$Node)void method getBytecodeProfile
Requesting uncached profile for bci 160 in java.util.LinkedHashMap.afterNodeAccess(java.util.HashMap$Node)void method getTypeProfile
Requesting uncached profile for bci 160 in java.util.LinkedHashMap.afterNodeAccess(java.util.HashMap$Node)void method getExceptionSeen
Requesting uncached profile for bci 167 in java.util.LinkedHashMap.afterNodeAccess(java.util.HashMap$Node)void method getBytecodeProfile
Requesting uncached profile for bci 167 in java.util.LinkedHashMap.afterNodeAccess(java.util.HashMap$Node)void method getExceptionSeen
Requesting uncached profile for bci 174 in java.util.LinkedHashMap.afterNodeAccess(java.util.HashMap$Node)void method getBytecodeProfile
Requesting uncached profile for bci 174 in java.util.LinkedHashMap.afterNodeAccess(java.util.HashMap$Node)void method getExceptionSeen
Requesting uncached profile for bci 182 in java.util.LinkedHashMap.afterNodeAccess(java.util.HashMap$Node)void method getBytecodeProfile
Requesting uncached profile for bci 182 in java.util.LinkedHashMap.afterNodeAccess(java.util.HashMap$Node)void method getExceptionSeen
Requesting uncached profile for bci 187 in java.util.LinkedHashMap.afterNodeAccess(java.util.HashMap$Node)void method getBytecodeProfile
Requesting uncached profile for bci 187 in java.util.LinkedHashMap.afterNodeAccess(java.util.HashMap$Node)void method getBranchTakenProbability
Requesting uncached profile for bci 203 in java.util.LinkedHashMap.afterNodeAccess(java.util.HashMap$Node)void method getBytecodeProfile
Requesting uncached profile for bci 203 in java.util.LinkedHashMap.afterNodeAccess(java.util.HashMap$Node)void method getExceptionSeen
Requesting uncached profile for bci 208 in java.util.LinkedHashMap.afterNodeAccess(java.util.HashMap$Node)void method getBytecodeProfile
Requesting uncached profile for bci 208 in java.util.LinkedHashMap.afterNodeAccess(java.util.HashMap$Node)void method getBranchTakenProbability
Requesting uncached profile for bci 215 in java.util.LinkedHashMap.afterNodeAccess(java.util.HashMap$Node)void method getBytecodeProfile
Requesting uncached profile for bci 215 in java.util.LinkedHashMap.afterNodeAccess(java.util.HashMap$Node)void method getExceptionSeen
Requesting uncached profile for bci 225 in java.util.LinkedHashMap.afterNodeAccess(java.util.HashMap$Node)void method getBytecodeProfile
Requesting uncached profile for bci 225 in java.util.LinkedHashMap.afterNodeAccess(java.util.HashMap$Node)void method getBranchTakenProbability
Requesting uncached profile for bci 240 in java.util.LinkedHashMap.afterNodeAccess(java.util.HashMap$Node)void method getBytecodeProfile
Requesting uncached profile for bci 240 in java.util.LinkedHashMap.afterNodeAccess(java.util.HashMap$Node)void method getExceptionSeen
Requesting uncached profile for bci 246 in java.util.LinkedHashMap.afterNodeAccess(java.util.HashMap$Node)void method getBytecodeProfile
Requesting uncached profile for bci 246 in java.util.LinkedHashMap.afterNodeAccess(java.util.HashMap$Node)void method getExceptionSeen
java.util.HashMap.putVal(int, java.lang.Object, java.lang.Object, boolean, boolean)java.lang.Object -1 codeSignature differs 6a6aa02526fcab9509fb5a83e6d3cef0932c866cebc6084a6483a423b75b2f73 != 3f75fa5d868d47d2441c5868dcde32e18128748de404df771154e0185e2ae8d4
java.util.HashMap.putVal(int, java.lang.Object, java.lang.Object, boolean, boolean)java.lang.Object -1 graphSignature differs 25cdcbaa530828e04c00358528980f466b9c06bf3b677691d64c48250d1323d2 != 5a74e12f320f5360d51b0bb3946f087ce2dce5afa144b15d312a3acc1621c4cf
[1.645s][info][jfr,startup] Started recording 1. No limit specified, using maxsize=250MB as default.
[1.645s][info][jfr,startup] 
[1.645s][info][jfr,startup] Use jcmd 108696 JFR.dump name=NBody_slowdown_JFR to copy recording data to file.
Requesting not cached profile for java.lang.StringBuilder.length()int
Requesting not cached profile for java.lang.StringBuilder.length()int
java.lang.StringBuilder.length()int -1 codeSignature differs d4ce072063a0e5d7b77fa03ca89aafb8f3e3ecf13c518dc1905e344d1e62c58a != 6379912ece14b3e5c494001bcdbf513550438500c9fe64692666ea4804585a5b
java.nio.Buffer.position()int -1 codeSignature differs 3f64cd4fafea8a3cef87601314961681d43f2aa75c3a358c1b0ce8d9a1c4731a != f5a100836d3b6c24d5617122379fdd07d38ba4b008ea9ae91e48aa3956773271
Starting NBody benchmark ...
nbody.Body.getMass()double -1 codeSignature differs 11d7aec45f3b76fccac0c8ba3e9c4552451afb66a410eba160a9f7c145a18caf != 0bad1486c16fa0d0172606b55119d0e65e8d6ab6eb1a34ba78e49466d34863d6
nbody.Body.getVX()double -1 codeSignature differs b844dba0495e6492a8475d6098eacd3070ef4241e487661ff5238af21501f249 != 49295b70b13a6dd7a49829959f9b2b6f21f91fcd0330bf9642284bb73757fe10
nbody.Body.getVY()double -1 codeSignature differs 75fc2cb2e214b7bcbb773f93dc20a70ec1bf3626c8a90894ed51a7389fdb6e12 != 53a60241650b8b9111499d53bed31aca696088eecc84acc2ea4bdb68521f10d5
nbody.Body.getVZ()double -1 codeSignature differs 7eaec3d9c2875c7d714e7f2ff678cf836ce5d64914d0d480267c584d1ab97fc9 != f0ab576be82d11d9e8046e3e2be35b95a152b6dd1644935600a721480e60589b
nbody.Body.getX()double -1 codeSignature differs c4baf2047fc54bd1b4d426ac8a6f1898101c58609dd3b537373f4f4ff3dd5dce != 1b3774970c03be309a263b73fd51b65affe60b9aa463fd7774c77018a9848c8c
nbody.Body.getY()double -1 codeSignature differs 111840b3e101579860404a7d7395f3d6cda4cb41afd49d54c502338431942a94 != 8c3cd573b2af0ac6e3f07ae8111d7d029f48235a7b204ecd08c97cfc2985b794
nbody.Body.getZ()double -1 codeSignature differs b029c34d7ee1d0a92eed854b97d7b4757f1e95c25757dfb33c27f5b1cc0a2e04 != 21dcf6807c2ff3da757118d4b7c20fc5262092558e12cceff831971d8cc21774
nbody.Body.setVX(double)void -1 codeSignature differs 965b0848bfad1d15bb1c4f53da8bfbf30addd710a9539eacc3cf1f151909d82f != a85cdae52b4dad5d0de672175734f35679d597a904a5298e28224f28f2202d25
nbody.Body.setVY(double)void -1 codeSignature differs 34430793e1d83e685b9d2db9f37b91408baeada335531e96f613ed7b990540af != 0946edca31083cccfa0c46d2d79bd875937c79c68a95ea2e43760e8f8deb8d1c
nbody.Body.setVZ(double)void -1 codeSignature differs 483655b738418d9d8a79641bdccd3eadc9581df8c66ac5a8f008feb46dc0bb3a != d6ad929c45bda7e38690866e5a1a29f2df04d251a3f9999abe519ff4404a346f
nbody.Body.setX(double)void -1 codeSignature differs ff834e6a2b010e04cca0dde57aae9f2ef4364f30aa7b3f7d33a016e931d42274 != 695862b7b6d8e70530e4b0265c77af3e694d78ba7dc91ef204679d1eab228751
nbody.Body.setY(double)void -1 codeSignature differs fc7f74f51b45b458af54db501f4f755db9df191fb473aa0a0c4fbd4338788f4d != 743e23fb1099ee061c2dfd79f4347145e24ba07d91ad1cd86b40cb0c9942274d
nbody.Body.setZ(double)void -1 codeSignature differs 5a84361dbcbfafea209371505d89f52aeabcebfbac76009743b8d0b9718f3c37 != 83a84b6f18d00f94bac1e1077e5b2fd9e303af952a1a0cca0716f1e6ffed42ab
nbody.NBodySystem.advance(double)void -1 codeSignature differs df8088724c6680d00575fe8d7f4f4854cf72d2d8de07f5fddc40ef0a1c4b6a69 != ed7035d6abb8433d096ba463392ba5db550f875c264b5814f7450f06b800eff4
nbody.NBodySystem.advance(double)void -1 graphSignature differs 09c493677e6787a2cb943a6e4220f805b8bb62a87d2ec5e571c269509cf86752 != 2cadd4478756346b768c2da67985ee7dce3ba4a7311f21ac4132ee266283d0e6
NBody.innerBenchmarkLoop(int)boolean -1 codeSignature differs 613fdf9866dd973c6284d87e68046c92bc80dbea96dcf28be8c36383c0a7d3a7 != 697c7f6bef153309c0bf6eb1d8421e75752f87f5a0098454ebc42ce8573c5d4c
NBody.innerBenchmarkLoop(int)boolean -1 graphSignature differs efb9b3855afae44f59615deee136d7123180dad91f73891d18a1d290ce6da21e != c0b664254d29cfad092a243144fe2c0729f96ec34c614de42dfc076dbd6c1f9f
NBody: iterations=1 runtime: 205792us
NBody: iterations=2 runtime: 213893us
NBody: iterations=3 runtime: 213694us
NBody: iterations=4 runtime: 213816us
NBody: iterations=5 runtime: 214247us
NBody: iterations=6 runtime: 213762us
NBody: iterations=7 runtime: 213692us
NBody: iterations=8 runtime: 213374us
NBody: iterations=9 runtime: 213790us
NBody: iterations=10 runtime: 213454us
NBody: iterations=11 runtime: 213511us
NBody: iterations=12 runtime: 213964us
NBody: iterations=13 runtime: 213576us
NBody: iterations=14 runtime: 213651us
NBody: iterations=15 runtime: 213641us
NBody: iterations=16 runtime: 213658us
NBody: iterations=17 runtime: 214090us
NBody: iterations=18 runtime: 213792us
NBody: iterations=19 runtime: 213977us
NBody: iterations=20 runtime: 213777us
NBody: iterations=21 runtime: 213770us
NBody: iterations=22 runtime: 214595us
NBody: iterations=23 runtime: 225056us
NBody: iterations=24 runtime: 214127us
NBody: iterations=25 runtime: 213582us
NBody: iterations=26 runtime: 213500us
NBody: iterations=27 runtime: 213627us
NBody: iterations=28 runtime: 214450us
NBody: iterations=29 runtime: 213946us
NBody: iterations=30 runtime: 214047us
java.nio.Buffer.capacity()int -1 codeSignature differs 138bc711c3bed648b8548df225303894eec321dce856bde9fbb2267d74239e89 != b84da6c168a864b24de57055760067fff8c97c57c508d6b8c6ea52df12fe61fe
NBody: iterations=31 runtime: 213639us
NBody: iterations=32 runtime: 213950us
NBody: iterations=33 runtime: 213816us
NBody: iterations=34 runtime: 213729us
NBody: iterations=35 runtime: 213405us
NBody: iterations=36 runtime: 213889us
NBody: iterations=37 runtime: 213733us
NBody: iterations=38 runtime: 213341us
NBody: iterations=39 runtime: 214178us
NBody: iterations=40 runtime: 213679us
NBody: iterations=41 runtime: 213726us
NBody: iterations=42 runtime: 213772us
NBody: iterations=43 runtime: 213711us
NBody: iterations=44 runtime: 213629us
NBody: iterations=45 runtime: 213775us
NBody: iterations=46 runtime: 213796us
NBody: iterations=47 runtime: 213811us
NBody: iterations=48 runtime: 213881us
NBody: iterations=49 runtime: 213388us
NBody: iterations=50 runtime: 212998us
NBody: iterations=51 runtime: 213323us
NBody: iterations=52 runtime: 213765us
NBody: iterations=53 runtime: 213940us
NBody: iterations=54 runtime: 213770us
NBody: iterations=55 runtime: 213592us
NBody: iterations=56 runtime: 213184us
NBody: iterations=57 runtime: 213074us
NBody: iterations=58 runtime: 214100us
NBody: iterations=59 runtime: 213304us
NBody: iterations=60 runtime: 213222us
NBody: iterations=61 runtime: 212922us
NBody: iterations=62 runtime: 212713us
NBody: iterations=63 runtime: 213094us
NBody: iterations=64 runtime: 212888us
NBody: iterations=65 runtime: 213643us
NBody: iterations=66 runtime: 213932us
NBody: iterations=67 runtime: 213884us
NBody: iterations=68 runtime: 213528us
NBody: iterations=69 runtime: 213374us
NBody: iterations=70 runtime: 214348us
NBody: iterations=71 runtime: 214305us
NBody: iterations=72 runtime: 214343us
NBody: iterations=73 runtime: 213452us
NBody: iterations=74 runtime: 213824us
NBody: iterations=75 runtime: 214133us
NBody: iterations=76 runtime: 212971us
NBody: iterations=77 runtime: 213168us
NBody: iterations=78 runtime: 213851us
NBody: iterations=79 runtime: 214012us
NBody: iterations=80 runtime: 213655us
NBody: iterations=81 runtime: 213653us
NBody: iterations=82 runtime: 214637us
NBody: iterations=83 runtime: 213773us
NBody: iterations=84 runtime: 213765us
NBody: iterations=85 runtime: 213089us
NBody: iterations=86 runtime: 213622us
NBody: iterations=87 runtime: 213763us
NBody: iterations=88 runtime: 213554us
NBody: iterations=89 runtime: 219282us
NBody: iterations=90 runtime: 213843us
NBody: iterations=91 runtime: 213276us
NBody: iterations=92 runtime: 213625us
NBody: iterations=93 runtime: 213360us
NBody: iterations=94 runtime: 213168us
NBody: iterations=95 runtime: 212999us
NBody: iterations=96 runtime: 213128us
NBody: iterations=97 runtime: 213646us
NBody: iterations=98 runtime: 214249us
NBody: iterations=99 runtime: 214522us
NBody: iterations=100 runtime: 213945us
NBody: iterations=101 runtime: 213098us
NBody: iterations=102 runtime: 213153us
NBody: iterations=103 runtime: 213491us
NBody: iterations=104 runtime: 213618us
NBody: iterations=105 runtime: 212962us
NBody: iterations=106 runtime: 213172us
NBody: iterations=107 runtime: 213760us
NBody: iterations=108 runtime: 213151us
NBody: iterations=109 runtime: 213396us
NBody: iterations=110 runtime: 213312us
NBody: iterations=111 runtime: 213683us
NBody: iterations=112 runtime: 213070us
NBody: iterations=113 runtime: 213060us
NBody: iterations=114 runtime: 213848us
java.nio.charset.CharsetEncoder.maxBytesPerChar()float -1 codeSignature differs d0dc63dd2361c2989cb14e4cf77bfb3442e0a43d3c92bbd78638646fefb8363f != fc84c03091d44b6099141a22fdb9f6cfabe66e5026a15b0d60a828a10b5481b9
NBody: iterations=115 runtime: 213841us
NBody: iterations=116 runtime: 213161us
NBody: iterations=117 runtime: 213653us
NBody: iterations=118 runtime: 213737us
NBody: iterations=119 runtime: 214257us
NBody: iterations=120 runtime: 213945us
NBody: iterations=121 runtime: 213817us
NBody: iterations=122 runtime: 214659us
NBody: iterations=123 runtime: 213976us
NBody: iterations=124 runtime: 213184us
NBody: iterations=125 runtime: 213619us
NBody: iterations=126 runtime: 213691us
NBody: iterations=127 runtime: 214016us
NBody: iterations=128 runtime: 213915us
NBody: iterations=129 runtime: 213026us
NBody: iterations=130 runtime: 213578us
NBody: iterations=131 runtime: 213659us
NBody: iterations=132 runtime: 213016us
NBody: iterations=133 runtime: 213343us
NBody: iterations=134 runtime: 213923us
NBody: iterations=135 runtime: 213471us
NBody: iterations=136 runtime: 212921us
NBody: iterations=137 runtime: 213116us
NBody: iterations=138 runtime: 213253us
NBody: iterations=139 runtime: 213946us
NBody: iterations=140 runtime: 212975us
NBody: iterations=141 runtime: 212909us
NBody: iterations=142 runtime: 213497us
NBody: iterations=143 runtime: 213393us
NBody: iterations=144 runtime: 213040us
NBody: iterations=145 runtime: 214283us
NBody: iterations=146 runtime: 213153us
NBody: iterations=147 runtime: 212834us
NBody: iterations=148 runtime: 213119us
NBody: iterations=149 runtime: 213109us
NBody: iterations=150 runtime: 212950us
NBody: iterations=151 runtime: 213169us
NBody: iterations=152 runtime: 214012us
NBody: iterations=153 runtime: 214030us
NBody: iterations=154 runtime: 213708us
NBody: iterations=155 runtime: 213898us
NBody: iterations=156 runtime: 213901us
NBody: iterations=157 runtime: 213571us
NBody: iterations=158 runtime: 213627us
NBody: iterations=159 runtime: 213115us
NBody: iterations=160 runtime: 212886us
NBody: iterations=161 runtime: 213524us
NBody: iterations=162 runtime: 213282us
NBody: iterations=163 runtime: 213293us
NBody: iterations=164 runtime: 213676us
NBody: iterations=165 runtime: 213442us
NBody: iterations=166 runtime: 213115us
NBody: iterations=167 runtime: 213437us
NBody: iterations=168 runtime: 214438us
NBody: iterations=169 runtime: 213686us
NBody: iterations=170 runtime: 213272us
NBody: iterations=171 runtime: 213151us
NBody: iterations=172 runtime: 213683us
NBody: iterations=173 runtime: 213669us
NBody: iterations=174 runtime: 213706us
NBody: iterations=175 runtime: 213161us
NBody: iterations=176 runtime: 213132us
NBody: iterations=177 runtime: 213369us
NBody: iterations=178 runtime: 213744us
NBody: iterations=179 runtime: 213765us
NBody: iterations=180 runtime: 213174us
NBody: iterations=181 runtime: 214308us
NBody: iterations=182 runtime: 214315us
NBody: iterations=183 runtime: 214129us
NBody: iterations=184 runtime: 214253us
NBody: iterations=185 runtime: 213883us
NBody: iterations=186 runtime: 213705us
NBody: iterations=187 runtime: 212915us
NBody: iterations=188 runtime: 213837us
NBody: iterations=189 runtime: 213602us
NBody: iterations=190 runtime: 213871us
NBody: iterations=191 runtime: 213528us
NBody: iterations=192 runtime: 214527us
NBody: iterations=193 runtime: 213461us
NBody: iterations=194 runtime: 213975us
NBody: iterations=195 runtime: 213634us
NBody: iterations=196 runtime: 213559us
NBody: iterations=197 runtime: 219823us
NBody: iterations=198 runtime: 219470us
NBody: iterations=199 runtime: 213835us
NBody: iterations=200 runtime: 213188us
NBody: iterations=201 runtime: 213291us
NBody: iterations=202 runtime: 213361us
NBody: iterations=203 runtime: 213491us
NBody: iterations=204 runtime: 213608us
NBody: iterations=205 runtime: 213517us
NBody: iterations=206 runtime: 214722us
NBody: iterations=207 runtime: 213199us
NBody: iterations=208 runtime: 214110us
NBody: iterations=209 runtime: 213862us
NBody: iterations=210 runtime: 213807us
NBody: iterations=211 runtime: 213147us
NBody: iterations=212 runtime: 213304us
NBody: iterations=213 runtime: 213711us
NBody: iterations=214 runtime: 214198us
NBody: iterations=215 runtime: 213503us
NBody: iterations=216 runtime: 213914us
NBody: iterations=217 runtime: 213441us
NBody: iterations=218 runtime: 213765us
NBody: iterations=219 runtime: 213473us
NBody: iterations=220 runtime: 213966us
NBody: iterations=221 runtime: 213967us
NBody: iterations=222 runtime: 213943us
NBody: iterations=223 runtime: 213743us
NBody: iterations=224 runtime: 213668us
NBody: iterations=225 runtime: 213711us
NBody: iterations=226 runtime: 213572us
NBody: iterations=227 runtime: 213669us
NBody: iterations=228 runtime: 213989us
NBody: iterations=229 runtime: 214082us
NBody: iterations=230 runtime: 213711us
NBody: iterations=231 runtime: 213333us
NBody: iterations=232 runtime: 213711us
NBody: iterations=233 runtime: 213725us
NBody: iterations=234 runtime: 213690us
NBody: iterations=235 runtime: 213844us
NBody: iterations=236 runtime: 213928us
NBody: iterations=237 runtime: 213891us
NBody: iterations=238 runtime: 214477us
NBody: iterations=239 runtime: 214398us
NBody: iterations=240 runtime: 213814us
NBody: iterations=241 runtime: 213636us
NBody: iterations=242 runtime: 213637us
NBody: iterations=243 runtime: 214067us
NBody: iterations=244 runtime: 213563us
NBody: iterations=245 runtime: 213567us
NBody: iterations=246 runtime: 213881us
NBody: iterations=247 runtime: 213914us
NBody: iterations=248 runtime: 213943us
NBody: iterations=249 runtime: 213905us
NBody: iterations=250 runtime: 213587us
NBody: iterations=251 runtime: 213748us
NBody: iterations=252 runtime: 214029us
NBody: iterations=253 runtime: 213880us
NBody: iterations=254 runtime: 213551us
NBody: iterations=255 runtime: 213699us
NBody: iterations=256 runtime: 213711us
NBody: iterations=257 runtime: 213602us
NBody: iterations=258 runtime: 213611us
NBody: iterations=259 runtime: 213659us
NBody: iterations=260 runtime: 213565us
NBody: iterations=261 runtime: 213326us
NBody: iterations=262 runtime: 214333us
NBody: iterations=263 runtime: 213959us
NBody: iterations=264 runtime: 214460us
NBody: iterations=265 runtime: 213536us
NBody: iterations=266 runtime: 213443us
NBody: iterations=267 runtime: 213224us
NBody: iterations=268 runtime: 213766us
NBody: iterations=269 runtime: 214173us
NBody: iterations=270 runtime: 213668us
NBody: iterations=271 runtime: 214134us
NBody: iterations=272 runtime: 213265us
NBody: iterations=273 runtime: 213334us
NBody: iterations=274 runtime: 213460us
NBody: iterations=275 runtime: 214092us
NBody: iterations=276 runtime: 212905us
NBody: iterations=277 runtime: 214377us
NBody: iterations=278 runtime: 213742us
NBody: iterations=279 runtime: 214500us
NBody: iterations=280 runtime: 213721us
NBody: iterations=281 runtime: 213367us
NBody: iterations=282 runtime: 213843us
NBody: iterations=283 runtime: 214272us
NBody: iterations=284 runtime: 214084us
NBody: iterations=285 runtime: 215066us
NBody: iterations=286 runtime: 214133us
NBody: iterations=287 runtime: 214057us
NBody: iterations=288 runtime: 214074us
NBody: iterations=289 runtime: 213825us
NBody: iterations=290 runtime: 213717us
NBody: iterations=291 runtime: 213731us
NBody: iterations=292 runtime: 213762us
NBody: iterations=293 runtime: 213775us
NBody: iterations=294 runtime: 213532us
NBody: iterations=295 runtime: 213763us
NBody: iterations=296 runtime: 213955us
NBody: iterations=297 runtime: 213867us
NBody: iterations=298 runtime: 214032us
NBody: iterations=299 runtime: 213351us
NBody: iterations=300 runtime: 213428us
NBody: iterations=301 runtime: 213611us
NBody: iterations=302 runtime: 213278us
NBody: iterations=303 runtime: 213813us
NBody: iterations=304 runtime: 213639us
NBody: iterations=305 runtime: 225420us
NBody: iterations=306 runtime: 214438us
NBody: iterations=307 runtime: 213429us
NBody: iterations=308 runtime: 214376us
NBody: iterations=309 runtime: 214335us
NBody: iterations=310 runtime: 213678us
NBody: iterations=311 runtime: 213714us
NBody: iterations=312 runtime: 213755us
NBody: iterations=313 runtime: 213421us
NBody: iterations=314 runtime: 213564us
NBody: iterations=315 runtime: 213881us
NBody: iterations=316 runtime: 213425us
NBody: iterations=317 runtime: 213841us
NBody: iterations=318 runtime: 213417us
NBody: iterations=319 runtime: 213982us
NBody: iterations=320 runtime: 213733us
NBody: iterations=321 runtime: 213451us
NBody: iterations=322 runtime: 213568us
NBody: iterations=323 runtime: 213658us
NBody: iterations=324 runtime: 213510us
NBody: iterations=325 runtime: 213859us
NBody: iterations=326 runtime: 213045us
NBody: iterations=327 runtime: 213570us
NBody: iterations=328 runtime: 213716us
NBody: iterations=329 runtime: 213614us
NBody: iterations=330 runtime: 213492us
NBody: iterations=331 runtime: 213928us
NBody: iterations=332 runtime: 214775us
NBody: iterations=333 runtime: 213891us
NBody: iterations=334 runtime: 213529us
NBody: iterations=335 runtime: 213967us
NBody: iterations=336 runtime: 213327us
NBody: iterations=337 runtime: 213728us
NBody: iterations=338 runtime: 213523us
NBody: iterations=339 runtime: 213663us
NBody: iterations=340 runtime: 213658us
NBody: iterations=341 runtime: 213795us
NBody: iterations=342 runtime: 213777us
NBody: iterations=343 runtime: 213676us
NBody: iterations=344 runtime: 213773us
NBody: iterations=345 runtime: 213658us
NBody: iterations=346 runtime: 213580us
NBody: iterations=347 runtime: 213644us
NBody: iterations=348 runtime: 213383us
NBody: iterations=349 runtime: 213384us
NBody: iterations=350 runtime: 213947us
NBody: iterations=351 runtime: 213515us
NBody: iterations=352 runtime: 213618us
NBody: iterations=353 runtime: 213635us
NBody: iterations=354 runtime: 213259us
NBody: iterations=355 runtime: 213963us
NBody: iterations=356 runtime: 214681us
NBody: iterations=357 runtime: 213593us
NBody: iterations=358 runtime: 213583us
NBody: iterations=359 runtime: 213653us
NBody: iterations=360 runtime: 213837us
NBody: iterations=361 runtime: 213355us
NBody: iterations=362 runtime: 213385us
NBody: iterations=363 runtime: 213381us
NBody: iterations=364 runtime: 213870us
NBody: iterations=365 runtime: 213796us
NBody: iterations=366 runtime: 213897us
NBody: iterations=367 runtime: 213693us
NBody: iterations=368 runtime: 213903us
NBody: iterations=369 runtime: 213425us
NBody: iterations=370 runtime: 219888us
NBody: iterations=371 runtime: 213624us
NBody: iterations=372 runtime: 213541us
NBody: iterations=373 runtime: 213281us
NBody: iterations=374 runtime: 213607us
NBody: iterations=375 runtime: 213786us
NBody: iterations=376 runtime: 213622us
NBody: iterations=377 runtime: 213584us
NBody: iterations=378 runtime: 213400us
NBody: iterations=379 runtime: 214402us
NBody: iterations=380 runtime: 213410us
NBody: iterations=381 runtime: 213508us
NBody: iterations=382 runtime: 213714us
NBody: iterations=383 runtime: 213716us
NBody: iterations=384 runtime: 213413us
NBody: iterations=385 runtime: 213567us
NBody: iterations=386 runtime: 213737us
NBody: iterations=387 runtime: 213447us
NBody: iterations=388 runtime: 213787us
NBody: iterations=389 runtime: 213556us
NBody: iterations=390 runtime: 213781us
NBody: iterations=391 runtime: 213858us
NBody: iterations=392 runtime: 213817us
NBody: iterations=393 runtime: 213610us
NBody: iterations=394 runtime: 213541us
NBody: iterations=395 runtime: 213765us
NBody: iterations=396 runtime: 213603us
NBody: iterations=397 runtime: 213612us
NBody: iterations=398 runtime: 213539us
NBody: iterations=399 runtime: 213591us
NBody: iterations=400 runtime: 213679us
NBody: iterations=401 runtime: 213381us
NBody: iterations=402 runtime: 215279us
NBody: iterations=403 runtime: 213626us
NBody: iterations=404 runtime: 213791us
NBody: iterations=405 runtime: 213479us
NBody: iterations=406 runtime: 213900us
NBody: iterations=407 runtime: 213712us
NBody: iterations=408 runtime: 213518us
NBody: iterations=409 runtime: 213544us
NBody: iterations=410 runtime: 213621us
NBody: iterations=411 runtime: 213619us
NBody: iterations=412 runtime: 213729us
NBody: iterations=413 runtime: 213460us
NBody: iterations=414 runtime: 213361us
NBody: iterations=415 runtime: 213714us
NBody: iterations=416 runtime: 213285us
NBody: iterations=417 runtime: 213733us
NBody: iterations=418 runtime: 213558us
NBody: iterations=419 runtime: 213600us
NBody: iterations=420 runtime: 213713us
NBody: iterations=421 runtime: 213619us
NBody: iterations=422 runtime: 213758us
NBody: iterations=423 runtime: 213466us
NBody: iterations=424 runtime: 213830us
NBody: iterations=425 runtime: 214000us
NBody: iterations=426 runtime: 214370us
NBody: iterations=427 runtime: 213784us
NBody: iterations=428 runtime: 213943us
NBody: iterations=429 runtime: 213753us
NBody: iterations=430 runtime: 213902us
NBody: iterations=431 runtime: 213645us
NBody: iterations=432 runtime: 213288us
NBody: iterations=433 runtime: 213222us
NBody: iterations=434 runtime: 213618us
NBody: iterations=435 runtime: 213247us
NBody: iterations=436 runtime: 213564us
NBody: iterations=437 runtime: 213669us
NBody: iterations=438 runtime: 213428us
NBody: iterations=439 runtime: 213355us
NBody: iterations=440 runtime: 213639us
NBody: iterations=441 runtime: 213631us
NBody: iterations=442 runtime: 213120us
NBody: iterations=443 runtime: 213690us
NBody: iterations=444 runtime: 213656us
NBody: iterations=445 runtime: 213366us
NBody: iterations=446 runtime: 213623us
NBody: iterations=447 runtime: 213759us
NBody: iterations=448 runtime: 213769us
NBody: iterations=449 runtime: 214475us
NBody: iterations=450 runtime: 214188us
NBody: iterations=451 runtime: 213649us
NBody: iterations=452 runtime: 214030us
NBody: iterations=453 runtime: 213738us
NBody: iterations=454 runtime: 213623us
NBody: iterations=455 runtime: 213628us
NBody: iterations=456 runtime: 213872us
NBody: iterations=457 runtime: 213670us
NBody: iterations=458 runtime: 213580us
NBody: iterations=459 runtime: 213667us
NBody: iterations=460 runtime: 213612us
NBody: iterations=461 runtime: 213618us
NBody: iterations=462 runtime: 213698us
NBody: iterations=463 runtime: 213849us
NBody: iterations=464 runtime: 213468us
NBody: iterations=465 runtime: 213921us
NBody: iterations=466 runtime: 213927us
NBody: iterations=467 runtime: 213739us
NBody: iterations=468 runtime: 213497us
NBody: iterations=469 runtime: 213728us
NBody: iterations=470 runtime: 213983us
NBody: iterations=471 runtime: 213777us
NBody: iterations=472 runtime: 214409us
NBody: iterations=473 runtime: 215520us
NBody: iterations=474 runtime: 213790us
NBody: iterations=475 runtime: 213782us
NBody: iterations=476 runtime: 213801us
NBody: iterations=477 runtime: 218912us
NBody: iterations=478 runtime: 221597us
NBody: iterations=479 runtime: 213723us
NBody: iterations=480 runtime: 213632us
NBody: iterations=481 runtime: 213907us
NBody: iterations=482 runtime: 213686us
NBody: iterations=483 runtime: 213779us
NBody: iterations=484 runtime: 213363us
NBody: iterations=485 runtime: 213617us
NBody: iterations=486 runtime: 213767us
NBody: iterations=487 runtime: 213641us
NBody: iterations=488 runtime: 213600us
NBody: iterations=489 runtime: 213635us
NBody: iterations=490 runtime: 213673us
NBody: iterations=491 runtime: 213644us
NBody: iterations=492 runtime: 213720us
NBody: iterations=493 runtime: 213394us
NBody: iterations=494 runtime: 213587us
NBody: iterations=495 runtime: 213974us
NBody: iterations=496 runtime: 214003us
NBody: iterations=497 runtime: 213791us
NBody: iterations=498 runtime: 213512us
NBody: iterations=499 runtime: 214034us
NBody: iterations=500 runtime: 213899us
NBody: iterations=500 average: 213787us total: 106893719us


Total Runtime: 106893719us
Bubo.RDTSC.Harness.main Total RDTSC cycles: 354301689736
