Could not locate BlockSlowdown.json
Skipping Loading (this might cause a fatal crash if GTSlowdown is on)
[Use -Djdk.graal.LogFile=<path> to redirect Graal log output to a file.]
java.lang.module.ModuleDescriptor.name()java.lang.String -1 codeSignature differs 5be282a10c496d4000571a6844c9c0bc109901813a12d3aea5364efad6a66c85 != 236f622407d0112ac18220ce2f7dd8fc95a4975bd21efedc593a420240b9e35f
java.lang.module.ModuleReference.descriptor()java.lang.module.ModuleDescriptor -1 codeSignature differs 14be906eafbcd0e98db8607fd01b12de837039bcd06c460d0cf8f6394c8cff6d != d74a3d991dcad2ff0132c63a48dc50da7170128a36ef27d42bfbafe23260746e
java.lang.Enum.ordinal()int -1 codeSignature differs d4ce072063a0e5d7b77fa03ca89aafb8f3e3ecf13c518dc1905e344d1e62c58a != 6379912ece14b3e5c494001bcdbf513550438500c9fe64692666ea4804585a5b
java.lang.Class.isPrimitive()boolean -1 codeSignature differs 98ab40cf2ebcc843a57e4548f9a42e2e9f3f439b3cfc72b2a9affe72c8d06a5f != 3e78a4a854866f13977dcbf9876f9c5a148d0cfe8abd55bad528a298e2ab0d37
jdk.internal.util.StrongReferenceKey.get()java.lang.Object -1 codeSignature differs 14be906eafbcd0e98db8607fd01b12de837039bcd06c460d0cf8f6394c8cff6d != d74a3d991dcad2ff0132c63a48dc50da7170128a36ef27d42bfbafe23260746e
java.lang.Class.getClassLoader()java.lang.ClassLoader -1 codeSignature differs 1ec746d9657abb2124f404e47924197593986fc62346c6cd76072c08e29afddf != fc6683d6dbc2e9c193939db2b7b3809c7ed36f548dabbad32ce6a77af2acbb5c
java.lang.invoke.MethodType.returnType()java.lang.Class -1 codeSignature differs 14be906eafbcd0e98db8607fd01b12de837039bcd06c460d0cf8f6394c8cff6d != d74a3d991dcad2ff0132c63a48dc50da7170128a36ef27d42bfbafe23260746e
jdk.internal.classfile.impl.AbstractPoolEntry.index()int -1 codeSignature differs d4ce072063a0e5d7b77fa03ca89aafb8f3e3ecf13c518dc1905e344d1e62c58a != 6379912ece14b3e5c494001bcdbf513550438500c9fe64692666ea4804585a5b
java.lang.invoke.MemberName.getDeclaringClass()java.lang.Class -1 codeSignature differs b46e439bc51650ff335d2a7124f0b0154f260fe1af8ba145c6fd3cf5008c9e4e != 65875f01c4739b3690cfc99e32978813efde10140dd67c4d7a0e3015e243befa
java.lang.invoke.MethodType.form()java.lang.invoke.MethodTypeForm -1 codeSignature differs 5be282a10c496d4000571a6844c9c0bc109901813a12d3aea5364efad6a66c85 != 236f622407d0112ac18220ce2f7dd8fc95a4975bd21efedc593a420240b9e35f
java.util.stream.FindOps$FindSink.cancellationRequested()boolean -1 codeSignature differs 55af0dc4b7688c78180d5f5b00584e4bf66cf93bd60716f9aab49e7a6fd64ac4 != f48625702890d29653fc29959db5796353242ca5005d0c97563dc7641a6e9521
java.lang.Object.<init>()void -1 codeSignature differs fe534d3aac0502b22527b54e744892c09d7496fd765947a3ee3ec9a070d56f92 != 53fed571f2d162d1b06665e593acff62e94c3c2feeb837a313805208a153c804
jdk.internal.module.ModuleReferenceImpl.moduleResolution()jdk.internal.module.ModuleResolution -1 codeSignature differs b76db95b8fd3a055b26c3a6c15023743ea3cd488646d474319964a2e9e13b73e != acecf092198f6e600ae574ae88f94c3dcc124dff78fd33d38e7503cf1de4cb84
java.lang.String.hashCode()int -1 codeSignature differs cd869c87835ef8242ee90410caccd8a61a63cd99231e11f83fcdc76366e70264 != 4af57cd2c352f504d9843ac55232e6c06b59ac42ecb11ac71e7928d819941700
java.lang.module.ModuleDescriptor$Requires.modifiers()java.util.Set -1 codeSignature differs 14be906eafbcd0e98db8607fd01b12de837039bcd06c460d0cf8f6394c8cff6d != d74a3d991dcad2ff0132c63a48dc50da7170128a36ef27d42bfbafe23260746e
java.lang.module.ModuleDescriptor$Requires.name()java.lang.String -1 codeSignature differs 90f01eeb46d88d53d0e4e48ef19445eb3bdf8101a00c7dc3f717a337df9fb41f != 3dca556ce0a4f9f9b2a7bcbcee2ecdeeb626fd493f0993079a0f91070abff97b
java.lang.module.ModuleDescriptor.requires()java.util.Set -1 codeSignature differs 50021c78154f047ad8f88f0733084203e726ca2f3911eed3f4e2615369ae39b2 != 38c64b25607c18539afa677dc017db8b0b2e69cd25c409ff2fbbda9b724f85b9
java.lang.module.ModuleDescriptor.isAutomatic()boolean -1 codeSignature differs 2c5d9434fa6cbff1c0177053ad01774247e7a98383a3d0ee5c4dccbf56bf9e86 != 573ad2b7aa6bd940d385aadba08b49259d18cc84676cb0e7d2bc6bb2b3a188b0
java.util.HashMap$Node.getKey()java.lang.Object -1 codeSignature differs 90f01eeb46d88d53d0e4e48ef19445eb3bdf8101a00c7dc3f717a337df9fb41f != 3dca556ce0a4f9f9b2a7bcbcee2ecdeeb626fd493f0993079a0f91070abff97b
java.util.HashMap$Node.getValue()java.lang.Object -1 codeSignature differs 5be282a10c496d4000571a6844c9c0bc109901813a12d3aea5364efad6a66c85 != 236f622407d0112ac18220ce2f7dd8fc95a4975bd21efedc593a420240b9e35f
java.util.ImmutableCollections$Set12.isEmpty()boolean -1 codeSignature differs d890ffc04cd03ec866061096d7d13d2670cacc5a2328b692374e3523d40574bd != 55a5cc963fc3641936c496e734b67cb2da5b04dc6786193efb958b4650f80fcc
java.lang.module.ModuleDescriptor$Exports.source()java.lang.String -1 codeSignature differs 90f01eeb46d88d53d0e4e48ef19445eb3bdf8101a00c7dc3f717a337df9fb41f != 3dca556ce0a4f9f9b2a7bcbcee2ecdeeb626fd493f0993079a0f91070abff97b
java.lang.module.ModuleDescriptor$Exports.targets()java.util.Set -1 codeSignature differs 5be282a10c496d4000571a6844c9c0bc109901813a12d3aea5364efad6a66c85 != 236f622407d0112ac18220ce2f7dd8fc95a4975bd21efedc593a420240b9e35f
java.lang.module.ModuleDescriptor.provides()java.util.Set -1 codeSignature differs 309d9291f2d3c2a63becdec49b2c74b25af9d7fdc62dad05faf86a64889608fc != ac8620023b60722a9bd4c025af16c863bb01ff2e1485a56d1a0e66cae8c98d9f
java.lang.module.ModuleDescriptor.exports()java.util.Set -1 codeSignature differs 948d21eddb9ad191efbc24290e4e840a30aebb134151b75def9175ab54c0a48c != 64b1f8caa863f256c52a850b78b1f50f6cb4cdbb0fd449ebc0f6c33942f7e576
java.util.ImmutableCollections$SetN$SetNIterator.hasNext()boolean -1 codeSignature differs 014069b9d29ae67f97f8d652b8d7a77d9057cdb393e4e32597c925d7a30bdc82 != 68bedb7c2b89fc57eca6528f835388a812a6a51c19835f3ca5c045deed27b552
java.lang.module.ModuleDescriptor.uses()java.util.Set -1 codeSignature differs e3ce51591a4fee3aaff0c687fbb639bc8c1569c92e84d989cdc906a081a3aa6f != a28d016eade96af94b1490585bd89e875ca450bc08a58e964a7e2d9c660f535c
Requesting uncached profile for bci 44 in java.util.ImmutableCollections$SetN$SetNIterator.next()java.lang.Object method getBytecodeProfile
Requesting uncached profile for bci 44 in java.util.ImmutableCollections$SetN$SetNIterator.next()java.lang.Object method getBranchTakenProbability
java.util.ImmutableCollections$SetN$SetNIterator.next()java.lang.Object -1 codeSignature differs 4e76ba541038849bb8e0e4a415648ce3141893b6aa5afc50d33cb7741470db08 != 1c16e1aaf3c5c4e267d064b4f4a6055cb93c36b45deb929a479843825821be18
java.util.ImmutableCollections$SetN$SetNIterator.next()java.lang.Object -1 graphSignature differs cc325e064e7585e0e6736addc07d3b5b1a1e9ec52f960e7777496af159b5096f != dd493989519e7f328311cfecc7abfe1946186eaebdea7e8b59878a8ba9e25a26
java.lang.module.ModuleDescriptor$Provides.service()java.lang.String -1 codeSignature differs 14be906eafbcd0e98db8607fd01b12de837039bcd06c460d0cf8f6394c8cff6d != d74a3d991dcad2ff0132c63a48dc50da7170128a36ef27d42bfbafe23260746e
java.util.HashMap.hash(java.lang.Object)int -1 codeSignature differs 987fb76b76adf35a0e21547ae71f40b015c45a2ee9a0ced85d45c6d0b7986bc5 != 9467e95cb3f0374bc97ee7ab1622d895e80c8d5717e23b33c814ba52697d6c29
java.lang.module.ModuleDescriptor$Exports.isQualified()boolean -1 codeSignature differs c6798f26d02a18b24a9975b06996037ce0d4b487e57c42d6f48ea008d9b72eb6 != ca0e19b005c8dff1c001a85e3c2da33b4134231a20493aba6d1bf74f958196d4
java.util.HashMap.putVal(int, java.lang.Object, java.lang.Object, boolean, boolean)java.lang.Object -1 codeSignature differs c87d6fd9e3a4bf9f54c94666fd7a3d3084ab47d7a42bb87f513473c89a5dbdfd != 3f75fa5d868d47d2441c5868dcde32e18128748de404df771154e0185e2ae8d4
java.util.HashMap.putVal(int, java.lang.Object, java.lang.Object, boolean, boolean)java.lang.Object -1 graphSignature differs 71c7befc4bcc50903c01cb500806055811a71080bd754d077284439fcd10103c != 5a74e12f320f5360d51b0bb3946f087ce2dce5afa144b15d312a3acc1621c4cf
java.lang.String.equals(java.lang.Object)boolean -1 codeSignature differs f5747f05d8cb43a0e84b3d89443c10d37c72a20d9b0342eb86834299bed80ca6 != 119dc6e6665ec6b4c44f1e420beb3682c6794e4c2205f6f17310bd0f4f948907
java.lang.String.equals(java.lang.Object)boolean -1 graphSignature differs 240f841b413bb8bd2af4877cb3753eac11d3bdc482d702e067df992e72784ebb != 2d841e5f6ff33687ba2a8e89c73735b82c892266d476f740b43f9fc2b4d21873
java.util.KeyValueHolder.getKey()java.lang.Object -1 codeSignature differs 14be906eafbcd0e98db8607fd01b12de837039bcd06c460d0cf8f6394c8cff6d != d74a3d991dcad2ff0132c63a48dc50da7170128a36ef27d42bfbafe23260746e
java.util.KeyValueHolder.getValue()java.lang.Object -1 codeSignature differs 90f01eeb46d88d53d0e4e48ef19445eb3bdf8101a00c7dc3f717a337df9fb41f != 3dca556ce0a4f9f9b2a7bcbcee2ecdeeb626fd493f0993079a0f91070abff97b
java.lang.module.ModuleDescriptor.packages()java.util.Set -1 codeSignature differs 1ec746d9657abb2124f404e47924197593986fc62346c6cd76072c08e29afddf != fc6683d6dbc2e9c193939db2b7b3809c7ed36f548dabbad32ce6a77af2acbb5c
java.lang.module.ResolvedModule.reference()java.lang.module.ModuleReference -1 codeSignature differs 90f01eeb46d88d53d0e4e48ef19445eb3bdf8101a00c7dc3f717a337df9fb41f != 3dca556ce0a4f9f9b2a7bcbcee2ecdeeb626fd493f0993079a0f91070abff97b
java.util.HashMap$Node.<init>(int, java.lang.Object, java.lang.Object, java.util.HashMap$Node)void -1 codeSignature differs b1e014a098dcb43a3031deacb0739001b9e59927a49c3f9cd0c9f44f2bd2cf25 != 89452adc20b56b415d4143fe408f6723f30ab9cdca941ab708e8b004a35b8149
java.lang.module.ModuleDescriptor$Version.toString()java.lang.String -1 codeSignature differs 14be906eafbcd0e98db8607fd01b12de837039bcd06c460d0cf8f6394c8cff6d != d74a3d991dcad2ff0132c63a48dc50da7170128a36ef27d42bfbafe23260746e
java.lang.AbstractStringBuilder.length()int -1 codeSignature differs d4ce072063a0e5d7b77fa03ca89aafb8f3e3ecf13c518dc1905e344d1e62c58a != 6379912ece14b3e5c494001bcdbf513550438500c9fe64692666ea4804585a5b
java.util.HashMap.newNode(int, java.lang.Object, java.lang.Object, java.util.HashMap$Node)java.util.HashMap$Node -1 codeSignature differs 0b57ad3d0ea1b0de0d3ae4d1256f2a3bf2dacceb94022bee4e70d75bf1848358 != d2c2a415cba31cf48b157817e62dcfa6745f18dc85bdd37bd358d1bb63bfa15d
java.util.HashMap.afterNodeInsertion(boolean)void -1 codeSignature differs fe534d3aac0502b22527b54e744892c09d7496fd765947a3ee3ec9a070d56f92 != 53fed571f2d162d1b06665e593acff62e94c3c2feeb837a313805208a153c804
java.lang.module.ResolvedModule.configuration()java.lang.module.Configuration -1 codeSignature differs 14be906eafbcd0e98db8607fd01b12de837039bcd06c460d0cf8f6394c8cff6d != d74a3d991dcad2ff0132c63a48dc50da7170128a36ef27d42bfbafe23260746e
java.lang.module.ModuleDescriptor.isOpen()boolean -1 codeSignature differs 7251ebfc69511ba11260ce3e5fe8de41e1ee424c1c84ef382507a4b520f46599 != 68c1b93afd5159dbd52f415e41c6f206a35012c76ae6407eef42650396bf8bfc
java.util.HashMap.size()int -1 codeSignature differs 55d12884885f16e44e8204f924f64617688caf405b709d32e1e72896f6c27c3d != 602769ad44793bd98e92b9e62f8542f52d5162d04d5d1c146bc1a1f5f4eab2b1
java.util.HashMap.resize()java.util.HashMap$Node[] -1 codeSignature differs b368e5df9eb6bc70ae6f65f573bfb82d7bb4921d59adac22c084613ab0a2a527 != 773f33e40c01604a86946d819f315e07df8f21603ee3222b324e6875f9372fd4
java.util.HashMap.resize()java.util.HashMap$Node[] -1 graphSignature differs 8621339e67ed630b148c0b60d4ece2a8f5e4dc640c7e625f721a8babedbc3813 != 907f32e8439d3100299993dcad76560e08b0f705baa3a6e36f739c5640084aa9
java.util.zip.ZipCoder$UTF8ZipCoder.isUTF8()boolean -1 codeSignature differs 6e3a14458a0fca90e6a63285514a933585cea592cb622e79b33ddc5df6e0fb66 != f86c5820929a34f03b9429610f522a6efd833767bf69832ae22131f6e690fc71
jdk.internal.classfile.impl.AbstractPoolEntry.width()int -1 codeSignature differs 6e3a14458a0fca90e6a63285514a933585cea592cb622e79b33ddc5df6e0fb66 != f86c5820929a34f03b9429610f522a6efd833767bf69832ae22131f6e690fc71
jdk.internal.classfile.impl.SplitConstantPool.size()int -1 codeSignature differs 1e851f5b2cbf37c0cd46831368dd889b60dff01d7b16161259960e24b264ceb1 != 8842033c3435ba9022b0d14a05ef1a95782e7436e1f26a804596a2590677c40d
java.lang.invoke.MethodType.ptypes()java.lang.Class[] -1 codeSignature differs 90f01eeb46d88d53d0e4e48ef19445eb3bdf8101a00c7dc3f717a337df9fb41f != 3dca556ce0a4f9f9b2a7bcbcee2ecdeeb626fd493f0993079a0f91070abff97b
jdk.internal.classfile.impl.RawBytecodeHelper.bci()int -1 codeSignature differs fe46e3fea17c2bcac25676024acf43715946ed13832c36004058f315d01e6ed3 != f644854fb6e4ffc5fb86a7d696951b13023f6a472bb2253c81909dd20f94fad0
jdk.internal.classfile.impl.AbstractPoolEntry.constantPool()java.lang.classfile.constantpool.ConstantPool -1 codeSignature differs 5be282a10c496d4000571a6844c9c0bc109901813a12d3aea5364efad6a66c85 != 236f622407d0112ac18220ce2f7dd8fc95a4975bd21efedc593a420240b9e35f
java.lang.AbstractStringBuilder.getValue()byte[] -1 codeSignature differs 5be282a10c496d4000571a6844c9c0bc109901813a12d3aea5364efad6a66c85 != 236f622407d0112ac18220ce2f7dd8fc95a4975bd21efedc593a420240b9e35f
jdk.internal.constant.ClassOrInterfaceDescImpl.descriptorString()java.lang.String -1 codeSignature differs 14be906eafbcd0e98db8607fd01b12de837039bcd06c460d0cf8f6394c8cff6d != d74a3d991dcad2ff0132c63a48dc50da7170128a36ef27d42bfbafe23260746e
java.lang.String.value()byte[] -1 codeSignature differs 5be282a10c496d4000571a6844c9c0bc109901813a12d3aea5364efad6a66c85 != 236f622407d0112ac18220ce2f7dd8fc95a4975bd21efedc593a420240b9e35f
jdk.internal.classfile.impl.BufWriterImpl.size()int -1 codeSignature differs fe46e3fea17c2bcac25676024acf43715946ed13832c36004058f315d01e6ed3 != f644854fb6e4ffc5fb86a7d696951b13023f6a472bb2253c81909dd20f94fad0
Profiling started
Could not locate BlockSlowdown.json
Skipping Loading (this might cause a fatal crash if GTSlowdown is on)
java.nio.Buffer.limit()int -1 codeSignature differs 55d12884885f16e44e8204f924f64617688caf405b709d32e1e72896f6c27c3d != 602769ad44793bd98e92b9e62f8542f52d5162d04d5d1c146bc1a1f5f4eab2b1
java.lang.StringLatin1.equals(byte[], byte[])boolean -1 codeSignature differs 2cfeb7ca81e519d27a2f4886127bbb28eb00282f6a344501abe1cdc2705cba4e != ce6957fde94989d8dfb9f657cd698acb12bd0f01e407ce68915647520f63bd02
java.lang.StringLatin1.equals(byte[], byte[])boolean -1 graphSignature differs f47d0b1647dabd6f0108a1c873e12c6a64939992dcc9e97f79a9e6e1f1af8649 != cda1bda6b067c21da86f5c9b00220a168b94ff95811df6ee0a57435eb4ec0473
jdk.internal.classfile.impl.AbstractDirectBuilder.constantPool()jdk.internal.classfile.impl.SplitConstantPool -1 codeSignature differs 14be906eafbcd0e98db8607fd01b12de837039bcd06c460d0cf8f6394c8cff6d != d74a3d991dcad2ff0132c63a48dc50da7170128a36ef27d42bfbafe23260746e
java.lang.String.coder()byte -1 codeSignature differs f3a73f0f7ffcffdf8962f6b17b32b9d22dceb70a6321ad4e83f092ac924fb640 != 82f5235e2dbc41130ab9f332d81a84c727950ed13b523486e1cf57bd2f9bda2c
jdk.internal.util.WeakReferenceKey.hashCode()int -1 codeSignature differs 55d12884885f16e44e8204f924f64617688caf405b709d32e1e72896f6c27c3d != 602769ad44793bd98e92b9e62f8542f52d5162d04d5d1c146bc1a1f5f4eab2b1
java.lang.invoke.MethodTypeForm.erasedType()java.lang.invoke.MethodType -1 codeSignature differs 90f01eeb46d88d53d0e4e48ef19445eb3bdf8101a00c7dc3f717a337df9fb41f != 3dca556ce0a4f9f9b2a7bcbcee2ecdeeb626fd493f0993079a0f91070abff97b
jdk.internal.constant.ClassOrInterfaceDescImpl.isClassOrInterface()boolean -1 codeSignature differs 6e3a14458a0fca90e6a63285514a933585cea592cb622e79b33ddc5df6e0fb66 != f86c5820929a34f03b9429610f522a6efd833767bf69832ae22131f6e690fc71
java.util.ArrayList.size()int -1 codeSignature differs fe46e3fea17c2bcac25676024acf43715946ed13832c36004058f315d01e6ed3 != f644854fb6e4ffc5fb86a7d696951b13023f6a472bb2253c81909dd20f94fad0
java.lang.String.length()int -1 codeSignature differs 5f2a9f3bb1f4f800ea4f2ad278553dedcfc789fe27a155b26df986828b30ede3 != 65d375b72c5817a4f8af1bcdf77dbdcb452e4f9ceb60cd42724b10772bcfdc62
Starting NBody benchmark ...
nbody.Body.getMass()double -1 codeSignature differs 11d7aec45f3b76fccac0c8ba3e9c4552451afb66a410eba160a9f7c145a18caf != 0bad1486c16fa0d0172606b55119d0e65e8d6ab6eb1a34ba78e49466d34863d6
nbody.Body.getVX()double -1 codeSignature differs b844dba0495e6492a8475d6098eacd3070ef4241e487661ff5238af21501f249 != 49295b70b13a6dd7a49829959f9b2b6f21f91fcd0330bf9642284bb73757fe10
nbody.Body.getVY()double -1 codeSignature differs 75fc2cb2e214b7bcbb773f93dc20a70ec1bf3626c8a90894ed51a7389fdb6e12 != 53a60241650b8b9111499d53bed31aca696088eecc84acc2ea4bdb68521f10d5
nbody.Body.getVZ()double -1 codeSignature differs 7eaec3d9c2875c7d714e7f2ff678cf836ce5d64914d0d480267c584d1ab97fc9 != f0ab576be82d11d9e8046e3e2be35b95a152b6dd1644935600a721480e60589b
nbody.Body.getX()double -1 codeSignature differs c4baf2047fc54bd1b4d426ac8a6f1898101c58609dd3b537373f4f4ff3dd5dce != 1b3774970c03be309a263b73fd51b65affe60b9aa463fd7774c77018a9848c8c
nbody.Body.getY()double -1 codeSignature differs 111840b3e101579860404a7d7395f3d6cda4cb41afd49d54c502338431942a94 != 8c3cd573b2af0ac6e3f07ae8111d7d029f48235a7b204ecd08c97cfc2985b794
nbody.Body.getZ()double -1 codeSignature differs b029c34d7ee1d0a92eed854b97d7b4757f1e95c25757dfb33c27f5b1cc0a2e04 != 21dcf6807c2ff3da757118d4b7c20fc5262092558e12cceff831971d8cc21774
nbody.Body.setVX(double)void -1 codeSignature differs 965b0848bfad1d15bb1c4f53da8bfbf30addd710a9539eacc3cf1f151909d82f != a85cdae52b4dad5d0de672175734f35679d597a904a5298e28224f28f2202d25
nbody.Body.setVY(double)void -1 codeSignature differs 34430793e1d83e685b9d2db9f37b91408baeada335531e96f613ed7b990540af != 0946edca31083cccfa0c46d2d79bd875937c79c68a95ea2e43760e8f8deb8d1c
nbody.Body.setVZ(double)void -1 codeSignature differs 483655b738418d9d8a79641bdccd3eadc9581df8c66ac5a8f008feb46dc0bb3a != d6ad929c45bda7e38690866e5a1a29f2df04d251a3f9999abe519ff4404a346f
nbody.Body.setX(double)void -1 codeSignature differs ff834e6a2b010e04cca0dde57aae9f2ef4364f30aa7b3f7d33a016e931d42274 != 695862b7b6d8e70530e4b0265c77af3e694d78ba7dc91ef204679d1eab228751
nbody.Body.setY(double)void -1 codeSignature differs fc7f74f51b45b458af54db501f4f755db9df191fb473aa0a0c4fbd4338788f4d != 743e23fb1099ee061c2dfd79f4347145e24ba07d91ad1cd86b40cb0c9942274d
nbody.Body.setZ(double)void -1 codeSignature differs 5a84361dbcbfafea209371505d89f52aeabcebfbac76009743b8d0b9718f3c37 != 83a84b6f18d00f94bac1e1077e5b2fd9e303af952a1a0cca0716f1e6ffed42ab
nbody.NBodySystem.advance(double)void -1 codeSignature differs df8088724c6680d00575fe8d7f4f4854cf72d2d8de07f5fddc40ef0a1c4b6a69 != ed7035d6abb8433d096ba463392ba5db550f875c264b5814f7450f06b800eff4
nbody.NBodySystem.advance(double)void -1 graphSignature differs 09c493677e6787a2cb943a6e4220f805b8bb62a87d2ec5e571c269509cf86752 != 2cadd4478756346b768c2da67985ee7dce3ba4a7311f21ac4132ee266283d0e6
NBody.innerBenchmarkLoop(int)boolean -1 codeSignature differs f9e303c364c3e50d59e79437c1826366adde7664e5739ba221d16b5204f192c6 != 697c7f6bef153309c0bf6eb1d8421e75752f87f5a0098454ebc42ce8573c5d4c
NBody.innerBenchmarkLoop(int)boolean -1 graphSignature differs efb9b3855afae44f59615deee136d7123180dad91f73891d18a1d290ce6da21e != c0b664254d29cfad092a243144fe2c0729f96ec34c614de42dfc076dbd6c1f9f
jdk.internal.classfile.impl.AbstractPoolEntry.hashCode()int -1 codeSignature differs fe46e3fea17c2bcac25676024acf43715946ed13832c36004058f315d01e6ed3 != f644854fb6e4ffc5fb86a7d696951b13023f6a472bb2253c81909dd20f94fad0
jdk.internal.classfile.impl.AbstractPoolEntry$ClassEntryImpl.tag()int -1 codeSignature differs 5404769be9f3dbc3cb72c5db1a8ad8dd44853cedba352c69c6db32de21c4dbb9 != 9e72aee727452f3bd7e5755029309d18662e78c7d8f6a3fef1fa786c235c1353
NBody: iterations=1 runtime: 421847us
NBody: iterations=2 runtime: 183861us
NBody: iterations=3 runtime: 183652us
NBody: iterations=4 runtime: 182885us
NBody: iterations=5 runtime: 183630us
NBody: iterations=6 runtime: 181506us
NBody: iterations=7 runtime: 183409us
Could not locate BlockSlowdown.json
Skipping Loading (this might cause a fatal crash if GTSlowdown is on)
java.nio.Buffer.position()int -1 codeSignature differs 3f64cd4fafea8a3cef87601314961681d43f2aa75c3a358c1b0ce8d9a1c4731a != f5a100836d3b6c24d5617122379fdd07d38ba4b008ea9ae91e48aa3956773271
NBody: iterations=8 runtime: 183336us
NBody: iterations=9 runtime: 184620us
NBody: iterations=10 runtime: 182070us
NBody: iterations=11 runtime: 181785us
NBody: iterations=12 runtime: 182798us
NBody: iterations=13 runtime: 183574us
NBody: iterations=14 runtime: 181476us
NBody: iterations=15 runtime: 206324us
NBody: iterations=16 runtime: 183690us
NBody: iterations=17 runtime: 183322us
NBody: iterations=18 runtime: 183618us
NBody: iterations=19 runtime: 183349us
NBody: iterations=20 runtime: 184062us
NBody: iterations=21 runtime: 185676us
NBody: iterations=22 runtime: 182747us
NBody: iterations=23 runtime: 184041us
NBody: iterations=24 runtime: 183623us
NBody: iterations=25 runtime: 183048us
NBody: iterations=26 runtime: 184094us
NBody: iterations=27 runtime: 183397us
NBody: iterations=28 runtime: 181585us
NBody: iterations=29 runtime: 183728us
NBody: iterations=30 runtime: 183616us
NBody: iterations=31 runtime: 184344us
NBody: iterations=32 runtime: 183436us
NBody: iterations=33 runtime: 183643us
NBody: iterations=34 runtime: 183458us
NBody: iterations=35 runtime: 182657us
NBody: iterations=36 runtime: 183685us
NBody: iterations=37 runtime: 183557us
NBody: iterations=38 runtime: 182811us
NBody: iterations=39 runtime: 183816us
NBody: iterations=40 runtime: 184001us
NBody: iterations=41 runtime: 184738us
NBody: iterations=42 runtime: 183623us
NBody: iterations=43 runtime: 183978us
NBody: iterations=44 runtime: 184375us
NBody: iterations=45 runtime: 183735us
NBody: iterations=46 runtime: 182146us
NBody: iterations=47 runtime: 183600us
NBody: iterations=48 runtime: 186106us
NBody: iterations=49 runtime: 183806us
NBody: iterations=50 runtime: 185040us
NBody: iterations=51 runtime: 184020us
NBody: iterations=52 runtime: 183613us
NBody: iterations=53 runtime: 184265us
NBody: iterations=54 runtime: 183987us
NBody: iterations=55 runtime: 185255us
NBody: iterations=56 runtime: 184706us
NBody: iterations=57 runtime: 183996us
NBody: iterations=58 runtime: 184491us
NBody: iterations=59 runtime: 183915us
NBody: iterations=60 runtime: 184152us
NBody: iterations=61 runtime: 183392us
NBody: iterations=62 runtime: 183316us
NBody: iterations=63 runtime: 184204us
NBody: iterations=64 runtime: 183751us
NBody: iterations=65 runtime: 182817us
NBody: iterations=66 runtime: 184079us
NBody: iterations=67 runtime: 186025us
NBody: iterations=68 runtime: 184362us
NBody: iterations=69 runtime: 183952us
NBody: iterations=70 runtime: 184663us
NBody: iterations=71 runtime: 184110us
NBody: iterations=72 runtime: 184271us
NBody: iterations=73 runtime: 184688us
NBody: iterations=74 runtime: 184161us
NBody: iterations=75 runtime: 187373us
NBody: iterations=76 runtime: 183762us
NBody: iterations=77 runtime: 182764us
NBody: iterations=78 runtime: 184566us
Could not locate BlockSlowdown.json
Skipping Loading (this might cause a fatal crash if GTSlowdown is on)
java.nio.Buffer.capacity()int -1 codeSignature differs 138bc711c3bed648b8548df225303894eec321dce856bde9fbb2267d74239e89 != b84da6c168a864b24de57055760067fff8c97c57c508d6b8c6ea52df12fe61fe
NBody: iterations=79 runtime: 184086us
NBody: iterations=80 runtime: 183386us
NBody: iterations=81 runtime: 184528us
NBody: iterations=82 runtime: 184392us
NBody: iterations=83 runtime: 184415us
NBody: iterations=84 runtime: 183032us
NBody: iterations=85 runtime: 183489us
NBody: iterations=86 runtime: 183321us
NBody: iterations=87 runtime: 184321us
NBody: iterations=88 runtime: 183491us
NBody: iterations=89 runtime: 183613us
NBody: iterations=90 runtime: 183614us
NBody: iterations=91 runtime: 183502us
NBody: iterations=92 runtime: 184946us
NBody: iterations=93 runtime: 182987us
NBody: iterations=94 runtime: 184437us
NBody: iterations=95 runtime: 184293us
NBody: iterations=96 runtime: 183895us
NBody: iterations=97 runtime: 184157us
NBody: iterations=98 runtime: 183818us
NBody: iterations=99 runtime: 183341us
NBody: iterations=100 runtime: 184609us
NBody: iterations=101 runtime: 183069us
NBody: iterations=102 runtime: 187942us
NBody: iterations=103 runtime: 185807us
NBody: iterations=104 runtime: 183358us
NBody: iterations=105 runtime: 185069us
NBody: iterations=106 runtime: 183331us
NBody: iterations=107 runtime: 185374us
NBody: iterations=108 runtime: 184447us
NBody: iterations=109 runtime: 184148us
NBody: iterations=110 runtime: 184483us
NBody: iterations=111 runtime: 184086us
NBody: iterations=112 runtime: 184079us
NBody: iterations=113 runtime: 184383us
NBody: iterations=114 runtime: 184059us
Could not locate BlockSlowdown.json
Skipping Loading (this might cause a fatal crash if GTSlowdown is on)
java.nio.charset.CharsetEncoder.maxBytesPerChar()float -1 codeSignature differs d0dc63dd2361c2989cb14e4cf77bfb3442e0a43d3c92bbd78638646fefb8363f != fc84c03091d44b6099141a22fdb9f6cfabe66e5026a15b0d60a828a10b5481b9
NBody: iterations=115 runtime: 183795us
NBody: iterations=116 runtime: 184613us
NBody: iterations=117 runtime: 183446us
NBody: iterations=118 runtime: 183894us
NBody: iterations=119 runtime: 183386us
NBody: iterations=120 runtime: 184310us
NBody: iterations=121 runtime: 184340us
NBody: iterations=122 runtime: 183506us
NBody: iterations=123 runtime: 184112us
NBody: iterations=124 runtime: 183229us
NBody: iterations=125 runtime: 183409us
NBody: iterations=126 runtime: 183033us
NBody: iterations=127 runtime: 182996us
NBody: iterations=128 runtime: 182865us
NBody: iterations=129 runtime: 187908us
NBody: iterations=130 runtime: 184388us
NBody: iterations=131 runtime: 183685us
NBody: iterations=132 runtime: 183747us
NBody: iterations=133 runtime: 183985us
NBody: iterations=134 runtime: 183351us
NBody: iterations=135 runtime: 184675us
NBody: iterations=136 runtime: 184258us
NBody: iterations=137 runtime: 205611us
NBody: iterations=138 runtime: 182949us
NBody: iterations=139 runtime: 184208us
NBody: iterations=140 runtime: 181128us
NBody: iterations=141 runtime: 184517us
NBody: iterations=142 runtime: 184316us
NBody: iterations=143 runtime: 185197us
NBody: iterations=144 runtime: 183625us
NBody: iterations=145 runtime: 184333us
NBody: iterations=146 runtime: 184311us
NBody: iterations=147 runtime: 184047us
NBody: iterations=148 runtime: 183811us
NBody: iterations=149 runtime: 183778us
NBody: iterations=150 runtime: 185048us
NBody: iterations=151 runtime: 184125us
NBody: iterations=152 runtime: 183287us
NBody: iterations=153 runtime: 185492us
NBody: iterations=154 runtime: 183322us
NBody: iterations=155 runtime: 183859us
NBody: iterations=156 runtime: 187078us
NBody: iterations=157 runtime: 184805us
NBody: iterations=158 runtime: 184864us
NBody: iterations=159 runtime: 184372us
NBody: iterations=160 runtime: 185274us
NBody: iterations=161 runtime: 185058us
NBody: iterations=162 runtime: 185035us
NBody: iterations=163 runtime: 183783us
NBody: iterations=164 runtime: 183945us
NBody: iterations=165 runtime: 184132us
NBody: iterations=166 runtime: 184758us
NBody: iterations=167 runtime: 183865us
NBody: iterations=168 runtime: 184385us
NBody: iterations=169 runtime: 184123us
NBody: iterations=170 runtime: 184037us
NBody: iterations=171 runtime: 182962us
NBody: iterations=172 runtime: 183945us
NBody: iterations=173 runtime: 183378us
NBody: iterations=174 runtime: 184128us
NBody: iterations=175 runtime: 188476us
NBody: iterations=176 runtime: 185139us
NBody: iterations=177 runtime: 184308us
NBody: iterations=178 runtime: 183905us
NBody: iterations=179 runtime: 184089us
NBody: iterations=180 runtime: 183946us
NBody: iterations=181 runtime: 184079us
NBody: iterations=182 runtime: 184772us
NBody: iterations=183 runtime: 186500us
NBody: iterations=184 runtime: 185799us
NBody: iterations=185 runtime: 184299us
NBody: iterations=186 runtime: 184761us
NBody: iterations=187 runtime: 183932us
NBody: iterations=188 runtime: 188252us
NBody: iterations=189 runtime: 185288us
NBody: iterations=190 runtime: 183330us
NBody: iterations=191 runtime: 184381us
NBody: iterations=192 runtime: 235481us
NBody: iterations=193 runtime: 308050us
NBody: iterations=194 runtime: 207514us
NBody: iterations=195 runtime: 182475us
NBody: iterations=196 runtime: 183177us
NBody: iterations=197 runtime: 182978us
NBody: iterations=198 runtime: 183237us
NBody: iterations=199 runtime: 183942us
NBody: iterations=200 runtime: 182913us
NBody: iterations=201 runtime: 182963us
NBody: iterations=202 runtime: 183647us
NBody: iterations=203 runtime: 283215us
NBody: iterations=204 runtime: 271816us
NBody: iterations=205 runtime: 183858us
NBody: iterations=206 runtime: 183269us
NBody: iterations=207 runtime: 183800us
NBody: iterations=208 runtime: 184780us
NBody: iterations=209 runtime: 186074us
NBody: iterations=210 runtime: 182126us
NBody: iterations=211 runtime: 182971us
NBody: iterations=212 runtime: 182480us
NBody: iterations=213 runtime: 181324us
NBody: iterations=214 runtime: 194535us
NBody: iterations=215 runtime: 183072us
NBody: iterations=216 runtime: 183598us
NBody: iterations=217 runtime: 183547us
NBody: iterations=218 runtime: 183308us
NBody: iterations=219 runtime: 182868us
NBody: iterations=220 runtime: 183015us
NBody: iterations=221 runtime: 181920us
NBody: iterations=222 runtime: 182883us
NBody: iterations=223 runtime: 183217us
NBody: iterations=224 runtime: 182234us
NBody: iterations=225 runtime: 182555us
NBody: iterations=226 runtime: 183704us
NBody: iterations=227 runtime: 182888us
NBody: iterations=228 runtime: 182792us
NBody: iterations=229 runtime: 182871us
NBody: iterations=230 runtime: 180388us
NBody: iterations=231 runtime: 182763us
NBody: iterations=232 runtime: 182743us
NBody: iterations=233 runtime: 182783us
NBody: iterations=234 runtime: 182517us
NBody: iterations=235 runtime: 183633us
NBody: iterations=236 runtime: 185775us
NBody: iterations=237 runtime: 183473us
NBody: iterations=238 runtime: 183005us
NBody: iterations=239 runtime: 181696us
NBody: iterations=240 runtime: 183229us
NBody: iterations=241 runtime: 183331us
NBody: iterations=242 runtime: 183716us
NBody: iterations=243 runtime: 183091us
NBody: iterations=244 runtime: 182600us
NBody: iterations=245 runtime: 183134us
NBody: iterations=246 runtime: 183234us
NBody: iterations=247 runtime: 183423us
NBody: iterations=248 runtime: 182787us
NBody: iterations=249 runtime: 182991us
NBody: iterations=250 runtime: 183334us
NBody: iterations=251 runtime: 183129us
NBody: iterations=252 runtime: 183547us
NBody: iterations=253 runtime: 182722us
NBody: iterations=254 runtime: 183457us
NBody: iterations=255 runtime: 183618us
NBody: iterations=256 runtime: 183576us
NBody: iterations=257 runtime: 183686us
NBody: iterations=258 runtime: 183068us
NBody: iterations=259 runtime: 182840us
NBody: iterations=260 runtime: 183655us
NBody: iterations=261 runtime: 183255us
NBody: iterations=262 runtime: 183401us
NBody: iterations=263 runtime: 185956us
NBody: iterations=264 runtime: 183543us
NBody: iterations=265 runtime: 184089us
NBody: iterations=266 runtime: 183652us
NBody: iterations=267 runtime: 183061us
NBody: iterations=268 runtime: 182914us
NBody: iterations=269 runtime: 183348us
NBody: iterations=270 runtime: 183707us
NBody: iterations=271 runtime: 183519us
NBody: iterations=272 runtime: 182582us
NBody: iterations=273 runtime: 182164us
NBody: iterations=274 runtime: 182904us
NBody: iterations=275 runtime: 182722us
NBody: iterations=276 runtime: 183378us
NBody: iterations=277 runtime: 183068us
NBody: iterations=278 runtime: 183292us
NBody: iterations=279 runtime: 183246us
NBody: iterations=280 runtime: 182248us
NBody: iterations=281 runtime: 182102us
NBody: iterations=282 runtime: 182451us
NBody: iterations=283 runtime: 183375us
NBody: iterations=284 runtime: 183168us
NBody: iterations=285 runtime: 182876us
NBody: iterations=286 runtime: 183234us
NBody: iterations=287 runtime: 183458us
NBody: iterations=288 runtime: 183791us
NBody: iterations=289 runtime: 183029us
NBody: iterations=290 runtime: 185001us
NBody: iterations=291 runtime: 184345us
NBody: iterations=292 runtime: 183384us
NBody: iterations=293 runtime: 183770us
NBody: iterations=294 runtime: 183653us
NBody: iterations=295 runtime: 183986us
NBody: iterations=296 runtime: 183875us
NBody: iterations=297 runtime: 183208us
NBody: iterations=298 runtime: 183951us
NBody: iterations=299 runtime: 183712us
NBody: iterations=300 runtime: 183574us
NBody: iterations=301 runtime: 183042us
NBody: iterations=302 runtime: 182876us
NBody: iterations=303 runtime: 183179us
NBody: iterations=304 runtime: 183316us
NBody: iterations=305 runtime: 183460us
NBody: iterations=306 runtime: 182809us
NBody: iterations=307 runtime: 182802us
NBody: iterations=308 runtime: 183439us
NBody: iterations=309 runtime: 182504us
NBody: iterations=310 runtime: 184383us
NBody: iterations=311 runtime: 184297us
NBody: iterations=312 runtime: 183711us
NBody: iterations=313 runtime: 183072us
NBody: iterations=314 runtime: 183496us
NBody: iterations=315 runtime: 183616us
NBody: iterations=316 runtime: 183774us
NBody: iterations=317 runtime: 184725us
NBody: iterations=318 runtime: 185522us
NBody: iterations=319 runtime: 183412us
NBody: iterations=320 runtime: 183118us
NBody: iterations=321 runtime: 183279us
NBody: iterations=322 runtime: 182985us
NBody: iterations=323 runtime: 183897us
NBody: iterations=324 runtime: 183991us
NBody: iterations=325 runtime: 183877us
NBody: iterations=326 runtime: 184042us
NBody: iterations=327 runtime: 184199us
NBody: iterations=328 runtime: 183316us
NBody: iterations=329 runtime: 184907us
NBody: iterations=330 runtime: 183914us
NBody: iterations=331 runtime: 182952us
NBody: iterations=332 runtime: 183769us
NBody: iterations=333 runtime: 183716us
NBody: iterations=334 runtime: 183536us
NBody: iterations=335 runtime: 183672us
NBody: iterations=336 runtime: 184344us
NBody: iterations=337 runtime: 184049us
NBody: iterations=338 runtime: 206525us
NBody: iterations=339 runtime: 184058us
NBody: iterations=340 runtime: 182993us
NBody: iterations=341 runtime: 183236us
NBody: iterations=342 runtime: 183890us
NBody: iterations=343 runtime: 183136us
NBody: iterations=344 runtime: 183900us
NBody: iterations=345 runtime: 185270us
NBody: iterations=346 runtime: 183605us
NBody: iterations=347 runtime: 182861us
NBody: iterations=348 runtime: 183907us
NBody: iterations=349 runtime: 183987us
NBody: iterations=350 runtime: 182543us
NBody: iterations=351 runtime: 183414us
NBody: iterations=352 runtime: 183379us
NBody: iterations=353 runtime: 183290us
NBody: iterations=354 runtime: 183661us
NBody: iterations=355 runtime: 182823us
NBody: iterations=356 runtime: 183447us
NBody: iterations=357 runtime: 182961us
NBody: iterations=358 runtime: 183420us
NBody: iterations=359 runtime: 183847us
NBody: iterations=360 runtime: 183803us
NBody: iterations=361 runtime: 183556us
NBody: iterations=362 runtime: 183921us
NBody: iterations=363 runtime: 183598us
NBody: iterations=364 runtime: 184400us
NBody: iterations=365 runtime: 184046us
NBody: iterations=366 runtime: 183343us
NBody: iterations=367 runtime: 182481us
NBody: iterations=368 runtime: 182859us
NBody: iterations=369 runtime: 182992us
NBody: iterations=370 runtime: 183707us
NBody: iterations=371 runtime: 183902us
NBody: iterations=372 runtime: 185995us
NBody: iterations=373 runtime: 183473us
NBody: iterations=374 runtime: 183417us
NBody: iterations=375 runtime: 183333us
NBody: iterations=376 runtime: 183242us
NBody: iterations=377 runtime: 183127us
NBody: iterations=378 runtime: 183827us
NBody: iterations=379 runtime: 183546us
NBody: iterations=380 runtime: 183717us
NBody: iterations=381 runtime: 183916us
NBody: iterations=382 runtime: 183296us
NBody: iterations=383 runtime: 182609us
NBody: iterations=384 runtime: 183371us
NBody: iterations=385 runtime: 182589us
NBody: iterations=386 runtime: 182553us
NBody: iterations=387 runtime: 182825us
NBody: iterations=388 runtime: 183890us
NBody: iterations=389 runtime: 183328us
NBody: iterations=390 runtime: 183247us
NBody: iterations=391 runtime: 183558us
NBody: iterations=392 runtime: 183398us
NBody: iterations=393 runtime: 183421us
NBody: iterations=394 runtime: 183123us
NBody: iterations=395 runtime: 183726us
NBody: iterations=396 runtime: 182975us
NBody: iterations=397 runtime: 183877us
NBody: iterations=398 runtime: 183983us
NBody: iterations=399 runtime: 185825us
NBody: iterations=400 runtime: 182887us
NBody: iterations=401 runtime: 183802us
Could not locate BlockSlowdown.json
Skipping Loading (this might cause a fatal crash if GTSlowdown is on)
java.lang.StringLatin1.inflate(byte[], int, char[], int, int)void -1 codeSignature differs d12363b0fa944c3141709d1d15ff92c10bb825ce967b2050b65342abfb7722e9 != 7229d185807c5eb1f821125a028c07df1ddeaa104c27495e511e6ad0d767c33a
java.lang.StringLatin1.inflate(byte[], int, char[], int, int)void -1 graphSignature differs 17e6f3ed6596e5d6840a8a77065c9470c41838c2630b4535538ec163efd33e69 != e838eb1809aadd841c1ff5fe2e7a1043b73670d291c51dcf64d0aae8eaa2b7e0
NBody: iterations=402 runtime: 184010us
NBody: iterations=403 runtime: 184348us
NBody: iterations=404 runtime: 183603us
NBody: iterations=405 runtime: 182917us
NBody: iterations=406 runtime: 183848us
NBody: iterations=407 runtime: 179799us
NBody: iterations=408 runtime: 182733us
NBody: iterations=409 runtime: 182090us
NBody: iterations=410 runtime: 183785us
NBody: iterations=411 runtime: 182831us
NBody: iterations=412 runtime: 182537us
NBody: iterations=413 runtime: 182508us
NBody: iterations=414 runtime: 182431us
NBody: iterations=415 runtime: 182615us
NBody: iterations=416 runtime: 179820us
NBody: iterations=417 runtime: 183525us
NBody: iterations=418 runtime: 182854us
NBody: iterations=419 runtime: 182696us
NBody: iterations=420 runtime: 182267us
NBody: iterations=421 runtime: 182399us
NBody: iterations=422 runtime: 182637us
NBody: iterations=423 runtime: 182525us
NBody: iterations=424 runtime: 183308us
NBody: iterations=425 runtime: 183160us
NBody: iterations=426 runtime: 185056us
NBody: iterations=427 runtime: 184050us
NBody: iterations=428 runtime: 183194us
NBody: iterations=429 runtime: 182954us
NBody: iterations=430 runtime: 183446us
NBody: iterations=431 runtime: 183225us
NBody: iterations=432 runtime: 183741us
NBody: iterations=433 runtime: 183406us
NBody: iterations=434 runtime: 183699us
NBody: iterations=435 runtime: 182304us
NBody: iterations=436 runtime: 181458us
NBody: iterations=437 runtime: 182950us
NBody: iterations=438 runtime: 183375us
NBody: iterations=439 runtime: 183465us
NBody: iterations=440 runtime: 183558us
NBody: iterations=441 runtime: 183144us
NBody: iterations=442 runtime: 182192us
NBody: iterations=443 runtime: 183161us
NBody: iterations=444 runtime: 182859us
NBody: iterations=445 runtime: 182899us
NBody: iterations=446 runtime: 183191us
NBody: iterations=447 runtime: 182902us
NBody: iterations=448 runtime: 183227us
NBody: iterations=449 runtime: 182702us
NBody: iterations=450 runtime: 183373us
NBody: iterations=451 runtime: 180188us
NBody: iterations=452 runtime: 183037us
NBody: iterations=453 runtime: 184021us
NBody: iterations=454 runtime: 199540us
NBody: iterations=455 runtime: 183771us
NBody: iterations=456 runtime: 181340us
NBody: iterations=457 runtime: 181365us
NBody: iterations=458 runtime: 182949us
NBody: iterations=459 runtime: 182997us
NBody: iterations=460 runtime: 182945us
NBody: iterations=461 runtime: 183455us
NBody: iterations=462 runtime: 183373us
NBody: iterations=463 runtime: 202675us
NBody: iterations=464 runtime: 186128us
NBody: iterations=465 runtime: 182917us
NBody: iterations=466 runtime: 183638us
NBody: iterations=467 runtime: 183531us
NBody: iterations=468 runtime: 183772us
NBody: iterations=469 runtime: 182857us
NBody: iterations=470 runtime: 183578us
NBody: iterations=471 runtime: 182951us
NBody: iterations=472 runtime: 182963us
NBody: iterations=473 runtime: 183685us
NBody: iterations=474 runtime: 182366us
NBody: iterations=475 runtime: 183434us
NBody: iterations=476 runtime: 183359us
NBody: iterations=477 runtime: 184143us
NBody: iterations=478 runtime: 183881us
NBody: iterations=479 runtime: 183512us
NBody: iterations=480 runtime: 184645us
NBody: iterations=481 runtime: 184901us
NBody: iterations=482 runtime: 182796us
NBody: iterations=483 runtime: 181436us
NBody: iterations=484 runtime: 182449us
NBody: iterations=485 runtime: 181712us
NBody: iterations=486 runtime: 182313us
NBody: iterations=487 runtime: 181204us
NBody: iterations=488 runtime: 181059us
NBody: iterations=489 runtime: 182907us
NBody: iterations=490 runtime: 182558us
NBody: iterations=491 runtime: 181814us
NBody: iterations=492 runtime: 182952us
NBody: iterations=493 runtime: 183751us
NBody: iterations=494 runtime: 183470us
NBody: iterations=495 runtime: 182818us
NBody: iterations=496 runtime: 183252us
NBody: iterations=497 runtime: 182827us
NBody: iterations=498 runtime: 183006us
NBody: iterations=499 runtime: 183113us
NBody: iterations=500 runtime: 183102us
Could not locate BlockSlowdown.json
Skipping Loading (this might cause a fatal crash if GTSlowdown is on)
jdk.internal.constant.PrimitiveClassDescImpl.descriptorString()java.lang.String -1 codeSignature differs 7722674ec43cccc19227bd0fe31433696da3716816c65b03f1730e1c0254917a != 2859d17d681828116974698ed904c3f2d6f285799222904b89fcd6ff7a2f986f
NBody: iterations=500 average: 185053us total: 92526867us


Total Runtime: 92526867us
Bubo.RDTSC.Harness.main Total RDTSC cycles: 307197917902
