Could not locate BlockSlowdown.json
Skipping Loading (this might cause a fatal crash if GTSlowdown is on)
Could not locate BlockSlowdown.json
Skipping Loading (this might cause a fatal crash if GTSlowdown is on)
Starting Bounce benchmark ...
Bounce: iterations=1 runtime: 148201us
Bounce: iterations=2 runtime: 119538us
Bounce: iterations=3 runtime: 122860us
Bounce: iterations=4 runtime: 114824us
Bounce: iterations=5 runtime: 116721us
Bounce: iterations=6 runtime: 113196us
Bounce: iterations=7 runtime: 112528us
Bounce: iterations=8 runtime: 112752us
Bounce: iterations=9 runtime: 116830us
Bounce: iterations=10 runtime: 113014us
Bounce: iterations=11 runtime: 112122us
Bounce: iterations=12 runtime: 111477us
Bounce: iterations=13 runtime: 113382us
Bounce: iterations=14 runtime: 113332us
Bounce: iterations=15 runtime: 112824us
Bounce: iterations=16 runtime: 112811us
Bounce: iterations=17 runtime: 113848us
Bounce: iterations=18 runtime: 114048us
Bounce: iterations=19 runtime: 113404us
Bounce: iterations=20 runtime: 113044us
Bounce: iterations=21 runtime: 112170us
Bounce: iterations=22 runtime: 116600us
Bounce: iterations=23 runtime: 113390us
Bounce: iterations=24 runtime: 112458us
Bounce: iterations=25 runtime: 112084us
Bounce: iterations=26 runtime: 114833us
Bounce: iterations=27 runtime: 112579us
Bounce: iterations=28 runtime: 112054us
Bounce: iterations=29 runtime: 111772us
Bounce: iterations=30 runtime: 114945us
Bounce: iterations=31 runtime: 113416us
Bounce: iterations=32 runtime: 112918us
Bounce: iterations=33 runtime: 112506us
Bounce: iterations=34 runtime: 114818us
Bounce: iterations=35 runtime: 112864us
Bounce: iterations=36 runtime: 111717us
Bounce: iterations=37 runtime: 111583us
Bounce: iterations=38 runtime: 113771us
Bounce: iterations=39 runtime: 112649us
Bounce: iterations=40 runtime: 111794us
Bounce: iterations=41 runtime: 111438us
Bounce: iterations=42 runtime: 113369us
Bounce: iterations=43 runtime: 114660us
Bounce: iterations=44 runtime: 113838us
Bounce: iterations=45 runtime: 113318us
Bounce: iterations=46 runtime: 113100us
Bounce: iterations=47 runtime: 114663us
Bounce: iterations=48 runtime: 112161us
Bounce: iterations=49 runtime: 111559us
Bounce: iterations=50 runtime: 111561us
Bounce: iterations=51 runtime: 114785us
Bounce: iterations=52 runtime: 112773us
Bounce: iterations=53 runtime: 112671us
Bounce: iterations=54 runtime: 112404us
Bounce: iterations=55 runtime: 114781us
Bounce: iterations=56 runtime: 112627us
Bounce: iterations=57 runtime: 112063us
Bounce: iterations=58 runtime: 111701us
Bounce: iterations=59 runtime: 120090us
Bounce: iterations=60 runtime: 112172us
Bounce: iterations=61 runtime: 111966us
Bounce: iterations=62 runtime: 111828us
Bounce: iterations=63 runtime: 114962us
Bounce: iterations=64 runtime: 113910us
Bounce: iterations=65 runtime: 112983us
Bounce: iterations=66 runtime: 112744us
Bounce: iterations=67 runtime: 114361us
Bounce: iterations=68 runtime: 114907us
Bounce: iterations=69 runtime: 114361us
Bounce: iterations=70 runtime: 113816us
Bounce: iterations=71 runtime: 114500us
Bounce: iterations=72 runtime: 114097us
Bounce: iterations=73 runtime: 113252us
Bounce: iterations=74 runtime: 112578us
Bounce: iterations=75 runtime: 112388us
Bounce: iterations=76 runtime: 114949us
Bounce: iterations=77 runtime: 112777us
Bounce: iterations=78 runtime: 112595us
Bounce: iterations=79 runtime: 112354us
Bounce: iterations=80 runtime: 114498us
Bounce: iterations=81 runtime: 112481us
Bounce: iterations=82 runtime: 111339us
Bounce: iterations=83 runtime: 111064us
Bounce: iterations=84 runtime: 114152us
Bounce: iterations=85 runtime: 113482us
Bounce: iterations=86 runtime: 112622us
Bounce: iterations=87 runtime: 112151us
Bounce: iterations=88 runtime: 113785us
Bounce: iterations=89 runtime: 112900us
Bounce: iterations=90 runtime: 112477us
Could not locate BlockSlowdown.json
Skipping Loading (this might cause a fatal crash if GTSlowdown is on)
Bounce: iterations=91 runtime: 112223us
Bounce: iterations=92 runtime: 115205us
Bounce: iterations=93 runtime: 112648us
Bounce: iterations=94 runtime: 112188us
Bounce: iterations=95 runtime: 111493us
Bounce: iterations=96 runtime: 111967us
Bounce: iterations=97 runtime: 111217us
Bounce: iterations=98 runtime: 111203us
Bounce: iterations=99 runtime: 111159us
Bounce: iterations=100 runtime: 111042us
Bounce: iterations=101 runtime: 115669us
Bounce: iterations=102 runtime: 113790us
Bounce: iterations=103 runtime: 113241us
Bounce: iterations=104 runtime: 113034us
Bounce: iterations=105 runtime: 115746us
Bounce: iterations=106 runtime: 113712us
Bounce: iterations=107 runtime: 113230us
Bounce: iterations=108 runtime: 112486us
Bounce: iterations=109 runtime: 114370us
Bounce: iterations=110 runtime: 112704us
Bounce: iterations=111 runtime: 111910us
Bounce: iterations=112 runtime: 111581us
Bounce: iterations=113 runtime: 113437us
Bounce: iterations=114 runtime: 112198us
Bounce: iterations=115 runtime: 111494us
Bounce: iterations=116 runtime: 111412us
Bounce: iterations=117 runtime: 113396us
Bounce: iterations=118 runtime: 113903us
Bounce: iterations=119 runtime: 113041us
Bounce: iterations=120 runtime: 112799us
Bounce: iterations=121 runtime: 113815us
Bounce: iterations=122 runtime: 113546us
Bounce: iterations=123 runtime: 112628us
Bounce: iterations=124 runtime: 112033us
Bounce: iterations=125 runtime: 112549us
Bounce: iterations=126 runtime: 112923us
Could not locate BlockSlowdown.json
Skipping Loading (this might cause a fatal crash if GTSlowdown is on)
Bounce: iterations=127 runtime: 112004us
Bounce: iterations=128 runtime: 115005us
Bounce: iterations=129 runtime: 113362us
Bounce: iterations=130 runtime: 115003us
Bounce: iterations=131 runtime: 112655us
Bounce: iterations=132 runtime: 112245us
Bounce: iterations=133 runtime: 111615us
Bounce: iterations=134 runtime: 114312us
Bounce: iterations=135 runtime: 112734us
Bounce: iterations=136 runtime: 111961us
Bounce: iterations=137 runtime: 111836us
Bounce: iterations=138 runtime: 114103us
Bounce: iterations=139 runtime: 112317us
Bounce: iterations=140 runtime: 111308us
Bounce: iterations=141 runtime: 110844us
Bounce: iterations=142 runtime: 113419us
Bounce: iterations=143 runtime: 113970us
Bounce: iterations=144 runtime: 113358us
Bounce: iterations=145 runtime: 112653us
Bounce: iterations=146 runtime: 113687us
Bounce: iterations=147 runtime: 113579us
Bounce: iterations=148 runtime: 112478us
Bounce: iterations=149 runtime: 111939us
Bounce: iterations=150 runtime: 113047us
Bounce: iterations=151 runtime: 113181us
Bounce: iterations=152 runtime: 112594us
Bounce: iterations=153 runtime: 112381us
Bounce: iterations=154 runtime: 112194us
Bounce: iterations=155 runtime: 132768us
Bounce: iterations=156 runtime: 112670us
Bounce: iterations=157 runtime: 111797us
Bounce: iterations=158 runtime: 111717us
Bounce: iterations=159 runtime: 111703us
Bounce: iterations=160 runtime: 111074us
Bounce: iterations=161 runtime: 111110us
Bounce: iterations=162 runtime: 111175us
Bounce: iterations=163 runtime: 111501us
Bounce: iterations=164 runtime: 111169us
Bounce: iterations=165 runtime: 111119us
Bounce: iterations=166 runtime: 110843us
Bounce: iterations=167 runtime: 111215us
Bounce: iterations=168 runtime: 110519us
Bounce: iterations=169 runtime: 110605us
Bounce: iterations=170 runtime: 110579us
Bounce: iterations=171 runtime: 111025us
Bounce: iterations=172 runtime: 110568us
Bounce: iterations=173 runtime: 110494us
Bounce: iterations=174 runtime: 110279us
Bounce: iterations=175 runtime: 112046us
Bounce: iterations=176 runtime: 114834us
Bounce: iterations=177 runtime: 113973us
Bounce: iterations=178 runtime: 113564us
Bounce: iterations=179 runtime: 114115us
Bounce: iterations=180 runtime: 113356us
Bounce: iterations=181 runtime: 112276us
Bounce: iterations=182 runtime: 111896us
Bounce: iterations=183 runtime: 111572us
Bounce: iterations=184 runtime: 114860us
Bounce: iterations=185 runtime: 112890us
Bounce: iterations=186 runtime: 112505us
Bounce: iterations=187 runtime: 112059us
Bounce: iterations=188 runtime: 114193us
Bounce: iterations=189 runtime: 112668us
Bounce: iterations=190 runtime: 112352us
Bounce: iterations=191 runtime: 112047us
Bounce: iterations=192 runtime: 113737us
Bounce: iterations=193 runtime: 112581us
Bounce: iterations=194 runtime: 111936us
Bounce: iterations=195 runtime: 111635us
Bounce: iterations=196 runtime: 113679us
Bounce: iterations=197 runtime: 114040us
Bounce: iterations=198 runtime: 113313us
Bounce: iterations=199 runtime: 113105us
Bounce: iterations=200 runtime: 113361us
Bounce: iterations=201 runtime: 112643us
Bounce: iterations=202 runtime: 112316us
Bounce: iterations=203 runtime: 112082us
Bounce: iterations=204 runtime: 112446us
Bounce: iterations=205 runtime: 111965us
Bounce: iterations=206 runtime: 112084us
Bounce: iterations=207 runtime: 112009us
Bounce: iterations=208 runtime: 113313us
Bounce: iterations=209 runtime: 112488us
Bounce: iterations=210 runtime: 111906us
Bounce: iterations=211 runtime: 112009us
Bounce: iterations=212 runtime: 111861us
Bounce: iterations=213 runtime: 114248us
Bounce: iterations=214 runtime: 112722us
Bounce: iterations=215 runtime: 111917us
Bounce: iterations=216 runtime: 111488us
Bounce: iterations=217 runtime: 114147us
Bounce: iterations=218 runtime: 113107us
Bounce: iterations=219 runtime: 112731us
Bounce: iterations=220 runtime: 112376us
Bounce: iterations=221 runtime: 113562us
Bounce: iterations=222 runtime: 113202us
Bounce: iterations=223 runtime: 112463us
Bounce: iterations=224 runtime: 111892us
Bounce: iterations=225 runtime: 114037us
Bounce: iterations=226 runtime: 114949us
Bounce: iterations=227 runtime: 113593us
Bounce: iterations=228 runtime: 113310us
Bounce: iterations=229 runtime: 114409us
Bounce: iterations=230 runtime: 113757us
Bounce: iterations=231 runtime: 113008us
Bounce: iterations=232 runtime: 112879us
Bounce: iterations=233 runtime: 113379us
Bounce: iterations=234 runtime: 114262us
Bounce: iterations=235 runtime: 113159us
Bounce: iterations=236 runtime: 112388us
Bounce: iterations=237 runtime: 112151us
Bounce: iterations=238 runtime: 114462us
Bounce: iterations=239 runtime: 112888us
Bounce: iterations=240 runtime: 112102us
Bounce: iterations=241 runtime: 112148us
Bounce: iterations=242 runtime: 114296us
Bounce: iterations=243 runtime: 112779us
Bounce: iterations=244 runtime: 112723us
Bounce: iterations=245 runtime: 112155us
Bounce: iterations=246 runtime: 112360us
Bounce: iterations=247 runtime: 111801us
Bounce: iterations=248 runtime: 111825us
Bounce: iterations=249 runtime: 111860us
Bounce: iterations=250 runtime: 113327us
Bounce: iterations=251 runtime: 113191us
Bounce: iterations=252 runtime: 112687us
Bounce: iterations=253 runtime: 112258us
Bounce: iterations=254 runtime: 113236us
Bounce: iterations=255 runtime: 112546us
Bounce: iterations=256 runtime: 112266us
Bounce: iterations=257 runtime: 112105us
Bounce: iterations=258 runtime: 112866us
Bounce: iterations=259 runtime: 113864us
Bounce: iterations=260 runtime: 113098us
Bounce: iterations=261 runtime: 112321us
Bounce: iterations=262 runtime: 119456us
Bounce: iterations=263 runtime: 119793us
Bounce: iterations=264 runtime: 111148us
Bounce: iterations=265 runtime: 111014us
Bounce: iterations=266 runtime: 110914us
Bounce: iterations=267 runtime: 113982us
Bounce: iterations=268 runtime: 112491us
Bounce: iterations=269 runtime: 111884us
Bounce: iterations=270 runtime: 111726us
Bounce: iterations=271 runtime: 114102us
Bounce: iterations=272 runtime: 113075us
Bounce: iterations=273 runtime: 112817us
Bounce: iterations=274 runtime: 112361us
Bounce: iterations=275 runtime: 114156us
Bounce: iterations=276 runtime: 113715us
Bounce: iterations=277 runtime: 112941us
Bounce: iterations=278 runtime: 112598us
Bounce: iterations=279 runtime: 114103us
Bounce: iterations=280 runtime: 113455us
Bounce: iterations=281 runtime: 112919us
Bounce: iterations=282 runtime: 112054us
Bounce: iterations=283 runtime: 112444us
Bounce: iterations=284 runtime: 111870us
Bounce: iterations=285 runtime: 111744us
Bounce: iterations=286 runtime: 111873us
Bounce: iterations=287 runtime: 111998us
Bounce: iterations=288 runtime: 111295us
Bounce: iterations=289 runtime: 111345us
Bounce: iterations=290 runtime: 111290us
Bounce: iterations=291 runtime: 111428us
Bounce: iterations=292 runtime: 114546us
Bounce: iterations=293 runtime: 113157us
Bounce: iterations=294 runtime: 112496us
Bounce: iterations=295 runtime: 112447us
Bounce: iterations=296 runtime: 114765us
Bounce: iterations=297 runtime: 113080us
Bounce: iterations=298 runtime: 112406us
Bounce: iterations=299 runtime: 112229us
Bounce: iterations=300 runtime: 114311us
Bounce: iterations=301 runtime: 112564us
Bounce: iterations=302 runtime: 112074us
Bounce: iterations=303 runtime: 111726us
Bounce: iterations=304 runtime: 112920us
Bounce: iterations=305 runtime: 112896us
Bounce: iterations=306 runtime: 111974us
Bounce: iterations=307 runtime: 111538us
Bounce: iterations=308 runtime: 112875us
Bounce: iterations=309 runtime: 113442us
Bounce: iterations=310 runtime: 112910us
Bounce: iterations=311 runtime: 112129us
Bounce: iterations=312 runtime: 112896us
Bounce: iterations=313 runtime: 114631us
Bounce: iterations=314 runtime: 113350us
Bounce: iterations=315 runtime: 112482us
Bounce: iterations=316 runtime: 112062us
Bounce: iterations=317 runtime: 114228us
Bounce: iterations=318 runtime: 111886us
Bounce: iterations=319 runtime: 111878us
Bounce: iterations=320 runtime: 111578us
Bounce: iterations=321 runtime: 113890us
Bounce: iterations=322 runtime: 112869us
Bounce: iterations=323 runtime: 112591us
Bounce: iterations=324 runtime: 112058us
Bounce: iterations=325 runtime: 114459us
Bounce: iterations=326 runtime: 113066us
Bounce: iterations=327 runtime: 112463us
Bounce: iterations=328 runtime: 112355us
Bounce: iterations=329 runtime: 112872us
Bounce: iterations=330 runtime: 112255us
Bounce: iterations=331 runtime: 112128us
Bounce: iterations=332 runtime: 111969us
Bounce: iterations=333 runtime: 112011us
Bounce: iterations=334 runtime: 111540us
Bounce: iterations=335 runtime: 111415us
Bounce: iterations=336 runtime: 111456us
Bounce: iterations=337 runtime: 112869us
Bounce: iterations=338 runtime: 113571us
Bounce: iterations=339 runtime: 112649us
Bounce: iterations=340 runtime: 112253us
Bounce: iterations=341 runtime: 112872us
Bounce: iterations=342 runtime: 113611us
Bounce: iterations=343 runtime: 112689us
Bounce: iterations=344 runtime: 112275us
Bounce: iterations=345 runtime: 111743us
Bounce: iterations=346 runtime: 114682us
Bounce: iterations=347 runtime: 113244us
Bounce: iterations=348 runtime: 112792us
Bounce: iterations=349 runtime: 112583us
Bounce: iterations=350 runtime: 114332us
Bounce: iterations=351 runtime: 112867us
Bounce: iterations=352 runtime: 112238us
Bounce: iterations=353 runtime: 111850us
Bounce: iterations=354 runtime: 113228us
Bounce: iterations=355 runtime: 112715us
Bounce: iterations=356 runtime: 112079us
Bounce: iterations=357 runtime: 111757us
Bounce: iterations=358 runtime: 113600us
Bounce: iterations=359 runtime: 113388us
Bounce: iterations=360 runtime: 112882us
Bounce: iterations=361 runtime: 112544us
Bounce: iterations=362 runtime: 113630us
Bounce: iterations=363 runtime: 113894us
Bounce: iterations=364 runtime: 112672us
Bounce: iterations=365 runtime: 112323us
Bounce: iterations=366 runtime: 113163us
Bounce: iterations=367 runtime: 113551us
Bounce: iterations=368 runtime: 112726us
Bounce: iterations=369 runtime: 112425us
Bounce: iterations=370 runtime: 112193us
Bounce: iterations=371 runtime: 112565us
Bounce: iterations=372 runtime: 111731us
Bounce: iterations=373 runtime: 111593us
Bounce: iterations=374 runtime: 111561us
Bounce: iterations=375 runtime: 114449us
Bounce: iterations=376 runtime: 112494us
Bounce: iterations=377 runtime: 112050us
Bounce: iterations=378 runtime: 111706us
Bounce: iterations=379 runtime: 114126us
Bounce: iterations=380 runtime: 113180us
Bounce: iterations=381 runtime: 112595us
Bounce: iterations=382 runtime: 112355us
Bounce: iterations=383 runtime: 113808us
Bounce: iterations=384 runtime: 112799us
Bounce: iterations=385 runtime: 112241us
Bounce: iterations=386 runtime: 111850us
Bounce: iterations=387 runtime: 113681us
Bounce: iterations=388 runtime: 114270us
Bounce: iterations=389 runtime: 113613us
Bounce: iterations=390 runtime: 113068us
Bounce: iterations=391 runtime: 114125us
Bounce: iterations=392 runtime: 114578us
Bounce: iterations=393 runtime: 113253us
Bounce: iterations=394 runtime: 112221us
Bounce: iterations=395 runtime: 112428us
Bounce: iterations=396 runtime: 113747us
Bounce: iterations=397 runtime: 112443us
Bounce: iterations=398 runtime: 112064us
Bounce: iterations=399 runtime: 111620us
Bounce: iterations=400 runtime: 114466us
Bounce: iterations=401 runtime: 113133us
Could not locate BlockSlowdown.json
Skipping Loading (this might cause a fatal crash if GTSlowdown is on)
Bounce: iterations=402 runtime: 112434us
Bounce: iterations=403 runtime: 114068us
Bounce: iterations=404 runtime: 112862us
Bounce: iterations=405 runtime: 111577us
Bounce: iterations=406 runtime: 111642us
Bounce: iterations=407 runtime: 111489us
Bounce: iterations=408 runtime: 111528us
Bounce: iterations=409 runtime: 110922us
Bounce: iterations=410 runtime: 110709us
Bounce: iterations=411 runtime: 110784us
Bounce: iterations=412 runtime: 113037us
Bounce: iterations=413 runtime: 113407us
Bounce: iterations=414 runtime: 113013us
Bounce: iterations=415 runtime: 112389us
Bounce: iterations=416 runtime: 113099us
Bounce: iterations=417 runtime: 112992us
Bounce: iterations=418 runtime: 112300us
Bounce: iterations=419 runtime: 112037us
Bounce: iterations=420 runtime: 112598us
Bounce: iterations=421 runtime: 113169us
Bounce: iterations=422 runtime: 112110us
Bounce: iterations=423 runtime: 111879us
Bounce: iterations=424 runtime: 111728us
Bounce: iterations=425 runtime: 133921us
Bounce: iterations=426 runtime: 113616us
Bounce: iterations=427 runtime: 112616us
Bounce: iterations=428 runtime: 112039us
Bounce: iterations=429 runtime: 113572us
Bounce: iterations=430 runtime: 112093us
Bounce: iterations=431 runtime: 111707us
Bounce: iterations=432 runtime: 111214us
Bounce: iterations=433 runtime: 113725us
Bounce: iterations=434 runtime: 112798us
Bounce: iterations=435 runtime: 111894us
Bounce: iterations=436 runtime: 111635us
Bounce: iterations=437 runtime: 111830us
Bounce: iterations=438 runtime: 111200us
Bounce: iterations=439 runtime: 111118us
Bounce: iterations=440 runtime: 111049us
Bounce: iterations=441 runtime: 111457us
Bounce: iterations=442 runtime: 110966us
Bounce: iterations=443 runtime: 111030us
Bounce: iterations=444 runtime: 110825us
Bounce: iterations=445 runtime: 112064us
Bounce: iterations=446 runtime: 113578us
Bounce: iterations=447 runtime: 112538us
Bounce: iterations=448 runtime: 111823us
Bounce: iterations=449 runtime: 112354us
Bounce: iterations=450 runtime: 113772us
Bounce: iterations=451 runtime: 112714us
Bounce: iterations=452 runtime: 112620us
Bounce: iterations=453 runtime: 112295us
Bounce: iterations=454 runtime: 115343us
Bounce: iterations=455 runtime: 114009us
Bounce: iterations=456 runtime: 113560us
Bounce: iterations=457 runtime: 113359us
Bounce: iterations=458 runtime: 114670us
Bounce: iterations=459 runtime: 112962us
Bounce: iterations=460 runtime: 112297us
Bounce: iterations=461 runtime: 111826us
Bounce: iterations=462 runtime: 124766us
Bounce: iterations=463 runtime: 114364us
Bounce: iterations=464 runtime: 111766us
Bounce: iterations=465 runtime: 111561us
Bounce: iterations=466 runtime: 113225us
Bounce: iterations=467 runtime: 113091us
Bounce: iterations=468 runtime: 112285us
Bounce: iterations=469 runtime: 111994us
Bounce: iterations=470 runtime: 113200us
Bounce: iterations=471 runtime: 113138us
Bounce: iterations=472 runtime: 112582us
Bounce: iterations=473 runtime: 111805us
Bounce: iterations=474 runtime: 112355us
Bounce: iterations=475 runtime: 113379us
Bounce: iterations=476 runtime: 112138us
Bounce: iterations=477 runtime: 111900us
Bounce: iterations=478 runtime: 111653us
Bounce: iterations=479 runtime: 114983us
Bounce: iterations=480 runtime: 112936us
Bounce: iterations=481 runtime: 112476us
Bounce: iterations=482 runtime: 112092us
Bounce: iterations=483 runtime: 115950us
Bounce: iterations=484 runtime: 113876us
Bounce: iterations=485 runtime: 113085us
Bounce: iterations=486 runtime: 112774us
Bounce: iterations=487 runtime: 114692us
Bounce: iterations=488 runtime: 113194us
Bounce: iterations=489 runtime: 112560us
Bounce: iterations=490 runtime: 112175us
Bounce: iterations=491 runtime: 114007us
Bounce: iterations=492 runtime: 112760us
Bounce: iterations=493 runtime: 112024us
Bounce: iterations=494 runtime: 111606us
Bounce: iterations=495 runtime: 113101us
Bounce: iterations=496 runtime: 112603us
Bounce: iterations=497 runtime: 111593us
Bounce: iterations=498 runtime: 111410us
Bounce: iterations=499 runtime: 112699us
Bounce: iterations=500 runtime: 114228us
Could not locate BlockSlowdown.json
Skipping Loading (this might cause a fatal crash if GTSlowdown is on)
Bounce: iterations=500 average: 112997us total: 56498866us


Total Runtime: 56498866us
Bubo.RDTSC.Harness.main Total RDTSC cycles: 187398401598
