Could not locate BlockSlowdown.json
Skipping Loading (this might cause a fatal crash if GTSlowdown is on)
Could not locate BlockSlowdown.json
Skipping Loading (this might cause a fatal crash if GTSlowdown is on)
Starting Bounce benchmark ...
Bounce: iterations=1 runtime: 157083us
Bounce: iterations=2 runtime: 124055us
Bounce: iterations=3 runtime: 128624us
Bounce: iterations=4 runtime: 120735us
Bounce: iterations=5 runtime: 123220us
Bounce: iterations=6 runtime: 119597us
Bounce: iterations=7 runtime: 118051us
Bounce: iterations=8 runtime: 118314us
Bounce: iterations=9 runtime: 122964us
Bounce: iterations=10 runtime: 118048us
Bounce: iterations=11 runtime: 117709us
Bounce: iterations=12 runtime: 117878us
Bounce: iterations=13 runtime: 120592us
Bounce: iterations=14 runtime: 120188us
Bounce: iterations=15 runtime: 118998us
Bounce: iterations=16 runtime: 118606us
Bounce: iterations=17 runtime: 120955us
Bounce: iterations=18 runtime: 121709us
Bounce: iterations=19 runtime: 115754us
Bounce: iterations=20 runtime: 115869us
Bounce: iterations=21 runtime: 120944us
Bounce: iterations=22 runtime: 122879us
Bounce: iterations=23 runtime: 119936us
Bounce: iterations=24 runtime: 119705us
Bounce: iterations=25 runtime: 119154us
Bounce: iterations=26 runtime: 121144us
Bounce: iterations=27 runtime: 118126us
Bounce: iterations=28 runtime: 117307us
Bounce: iterations=29 runtime: 116975us
Bounce: iterations=30 runtime: 120629us
Bounce: iterations=31 runtime: 119617us
Bounce: iterations=32 runtime: 119282us
Bounce: iterations=33 runtime: 118752us
Bounce: iterations=34 runtime: 120956us
Bounce: iterations=35 runtime: 119424us
Bounce: iterations=36 runtime: 118711us
Bounce: iterations=37 runtime: 118480us
Bounce: iterations=38 runtime: 120582us
Bounce: iterations=39 runtime: 120438us
Bounce: iterations=40 runtime: 118635us
Bounce: iterations=41 runtime: 117809us
Bounce: iterations=42 runtime: 119340us
Bounce: iterations=43 runtime: 119339us
Bounce: iterations=44 runtime: 118420us
Bounce: iterations=45 runtime: 118082us
Bounce: iterations=46 runtime: 120109us
Bounce: iterations=47 runtime: 119408us
Bounce: iterations=48 runtime: 118228us
Bounce: iterations=49 runtime: 118160us
Bounce: iterations=50 runtime: 117571us
Bounce: iterations=51 runtime: 123107us
Bounce: iterations=52 runtime: 120049us
Bounce: iterations=53 runtime: 118523us
Bounce: iterations=54 runtime: 118439us
Bounce: iterations=55 runtime: 194072us
Bounce: iterations=56 runtime: 117078us
Bounce: iterations=57 runtime: 117217us
Bounce: iterations=58 runtime: 117248us
Bounce: iterations=59 runtime: 120742us
Bounce: iterations=60 runtime: 120389us
Bounce: iterations=61 runtime: 119416us
Bounce: iterations=62 runtime: 119080us
Bounce: iterations=63 runtime: 121618us
Bounce: iterations=64 runtime: 119755us
Bounce: iterations=65 runtime: 118299us
Bounce: iterations=66 runtime: 117720us
Bounce: iterations=67 runtime: 119004us
Bounce: iterations=68 runtime: 119248us
Bounce: iterations=69 runtime: 118601us
Bounce: iterations=70 runtime: 117926us
Bounce: iterations=71 runtime: 117711us
Bounce: iterations=72 runtime: 118042us
Bounce: iterations=73 runtime: 117366us
Bounce: iterations=74 runtime: 119407us
Bounce: iterations=75 runtime: 115927us
Bounce: iterations=76 runtime: 120871us
Bounce: iterations=77 runtime: 119960us
Bounce: iterations=78 runtime: 119438us
Bounce: iterations=79 runtime: 118741us
Bounce: iterations=80 runtime: 120849us
Bounce: iterations=81 runtime: 119681us
Bounce: iterations=82 runtime: 119191us
Bounce: iterations=83 runtime: 118593us
Bounce: iterations=84 runtime: 120599us
Bounce: iterations=85 runtime: 121730us
Bounce: iterations=86 runtime: 120150us
Bounce: iterations=87 runtime: 119481us
Bounce: iterations=88 runtime: 119876us
Bounce: iterations=89 runtime: 119024us
Bounce: iterations=90 runtime: 118716us
Could not locate BlockSlowdown.json
Skipping Loading (this might cause a fatal crash if GTSlowdown is on)
Bounce: iterations=91 runtime: 118897us
Bounce: iterations=92 runtime: 120463us
Bounce: iterations=93 runtime: 121171us
Bounce: iterations=94 runtime: 119252us
Bounce: iterations=95 runtime: 118629us
Bounce: iterations=96 runtime: 117855us
Bounce: iterations=97 runtime: 118393us
Bounce: iterations=98 runtime: 117531us
Bounce: iterations=99 runtime: 116817us
Bounce: iterations=100 runtime: 116926us
Bounce: iterations=101 runtime: 120079us
Bounce: iterations=102 runtime: 120178us
Bounce: iterations=103 runtime: 119421us
Bounce: iterations=104 runtime: 118300us
Bounce: iterations=105 runtime: 118512us
Bounce: iterations=106 runtime: 117510us
Bounce: iterations=107 runtime: 117431us
Bounce: iterations=108 runtime: 117380us
Bounce: iterations=109 runtime: 118176us
Bounce: iterations=110 runtime: 119930us
Bounce: iterations=111 runtime: 119208us
Bounce: iterations=112 runtime: 118636us
Bounce: iterations=113 runtime: 118527us
Bounce: iterations=114 runtime: 122733us
Bounce: iterations=115 runtime: 120356us
Bounce: iterations=116 runtime: 119924us
Bounce: iterations=117 runtime: 118988us
Bounce: iterations=118 runtime: 121266us
Bounce: iterations=119 runtime: 119925us
Bounce: iterations=120 runtime: 119335us
Bounce: iterations=121 runtime: 118741us
Bounce: iterations=122 runtime: 121403us
Bounce: iterations=123 runtime: 121542us
Bounce: iterations=124 runtime: 120554us
Bounce: iterations=125 runtime: 120202us
Bounce: iterations=126 runtime: 121343us
Could not locate BlockSlowdown.json
Skipping Loading (this might cause a fatal crash if GTSlowdown is on)
Bounce: iterations=127 runtime: 119970us
Bounce: iterations=128 runtime: 120694us
Bounce: iterations=129 runtime: 119081us
Bounce: iterations=130 runtime: 118190us
Bounce: iterations=131 runtime: 122398us
Bounce: iterations=132 runtime: 120386us
Bounce: iterations=133 runtime: 119838us
Bounce: iterations=134 runtime: 119081us
Bounce: iterations=135 runtime: 121538us
Bounce: iterations=136 runtime: 120296us
Bounce: iterations=137 runtime: 119772us
Bounce: iterations=138 runtime: 119262us
Bounce: iterations=139 runtime: 120956us
Bounce: iterations=140 runtime: 119873us
Bounce: iterations=141 runtime: 119276us
Bounce: iterations=142 runtime: 118406us
Bounce: iterations=143 runtime: 118711us
Bounce: iterations=144 runtime: 118135us
Bounce: iterations=145 runtime: 117850us
Bounce: iterations=146 runtime: 117989us
Bounce: iterations=147 runtime: 119286us
Bounce: iterations=148 runtime: 121363us
Bounce: iterations=149 runtime: 120114us
Bounce: iterations=150 runtime: 119215us
Bounce: iterations=151 runtime: 118943us
Bounce: iterations=152 runtime: 121161us
Bounce: iterations=153 runtime: 118459us
Bounce: iterations=154 runtime: 118239us
Bounce: iterations=155 runtime: 118002us
Bounce: iterations=156 runtime: 118538us
Bounce: iterations=157 runtime: 117786us
Bounce: iterations=158 runtime: 117527us
Bounce: iterations=159 runtime: 117796us
Bounce: iterations=160 runtime: 120362us
Bounce: iterations=161 runtime: 119460us
Bounce: iterations=162 runtime: 118654us
Bounce: iterations=163 runtime: 118204us
Bounce: iterations=164 runtime: 120671us
Bounce: iterations=165 runtime: 121001us
Bounce: iterations=166 runtime: 119936us
Bounce: iterations=167 runtime: 119612us
Bounce: iterations=168 runtime: 120364us
Bounce: iterations=169 runtime: 120558us
Bounce: iterations=170 runtime: 119404us
Bounce: iterations=171 runtime: 118821us
Bounce: iterations=172 runtime: 118182us
Bounce: iterations=173 runtime: 121850us
Bounce: iterations=174 runtime: 119908us
Bounce: iterations=175 runtime: 119525us
Bounce: iterations=176 runtime: 119276us
Bounce: iterations=177 runtime: 121657us
Bounce: iterations=178 runtime: 120330us
Bounce: iterations=179 runtime: 119447us
Bounce: iterations=180 runtime: 119127us
Bounce: iterations=181 runtime: 119645us
Bounce: iterations=182 runtime: 118531us
Bounce: iterations=183 runtime: 118079us
Bounce: iterations=184 runtime: 117802us
Bounce: iterations=185 runtime: 119737us
Bounce: iterations=186 runtime: 120947us
Bounce: iterations=187 runtime: 122092us
Bounce: iterations=188 runtime: 119984us
Bounce: iterations=189 runtime: 117183us
Bounce: iterations=190 runtime: 116710us
Bounce: iterations=191 runtime: 116907us
Bounce: iterations=192 runtime: 116875us
Bounce: iterations=193 runtime: 116714us
Bounce: iterations=194 runtime: 117015us
Bounce: iterations=195 runtime: 116303us
Bounce: iterations=196 runtime: 116301us
Bounce: iterations=197 runtime: 116262us
Bounce: iterations=198 runtime: 117223us
Bounce: iterations=199 runtime: 116445us
Bounce: iterations=200 runtime: 116353us
Bounce: iterations=201 runtime: 116581us
Bounce: iterations=202 runtime: 119313us
Bounce: iterations=203 runtime: 120728us
Bounce: iterations=204 runtime: 119684us
Bounce: iterations=205 runtime: 118599us
Bounce: iterations=206 runtime: 119930us
Bounce: iterations=207 runtime: 120494us
Bounce: iterations=208 runtime: 119444us
Bounce: iterations=209 runtime: 118963us
Bounce: iterations=210 runtime: 119013us
Bounce: iterations=211 runtime: 119502us
Bounce: iterations=212 runtime: 118471us
Bounce: iterations=213 runtime: 118141us
Bounce: iterations=214 runtime: 117761us
Bounce: iterations=215 runtime: 117833us
Bounce: iterations=216 runtime: 117133us
Bounce: iterations=217 runtime: 117180us
Bounce: iterations=218 runtime: 117116us
Bounce: iterations=219 runtime: 117860us
Bounce: iterations=220 runtime: 116997us
Bounce: iterations=221 runtime: 117036us
Bounce: iterations=222 runtime: 117213us
Bounce: iterations=223 runtime: 119378us
Bounce: iterations=224 runtime: 120091us
Bounce: iterations=225 runtime: 118937us
Bounce: iterations=226 runtime: 118469us
Bounce: iterations=227 runtime: 119645us
Bounce: iterations=228 runtime: 120228us
Bounce: iterations=229 runtime: 119126us
Bounce: iterations=230 runtime: 118215us
Bounce: iterations=231 runtime: 118058us
Bounce: iterations=232 runtime: 121110us
Bounce: iterations=233 runtime: 119735us
Bounce: iterations=234 runtime: 119410us
Bounce: iterations=235 runtime: 119098us
Bounce: iterations=236 runtime: 118770us
Bounce: iterations=237 runtime: 117442us
Bounce: iterations=238 runtime: 117369us
Bounce: iterations=239 runtime: 117417us
Bounce: iterations=240 runtime: 120139us
Bounce: iterations=241 runtime: 119774us
Bounce: iterations=242 runtime: 119450us
Bounce: iterations=243 runtime: 118872us
Bounce: iterations=244 runtime: 120048us
Bounce: iterations=245 runtime: 120803us
Bounce: iterations=246 runtime: 120211us
Bounce: iterations=247 runtime: 119801us
Bounce: iterations=248 runtime: 119355us
Bounce: iterations=249 runtime: 118363us
Bounce: iterations=250 runtime: 118129us
Bounce: iterations=251 runtime: 117938us
Bounce: iterations=252 runtime: 117658us
Bounce: iterations=253 runtime: 121409us
Bounce: iterations=254 runtime: 119841us
Bounce: iterations=255 runtime: 119188us
Bounce: iterations=256 runtime: 118716us
Bounce: iterations=257 runtime: 119243us
Bounce: iterations=258 runtime: 118549us
Bounce: iterations=259 runtime: 117959us
Bounce: iterations=260 runtime: 117969us
Bounce: iterations=261 runtime: 120345us
Bounce: iterations=262 runtime: 119670us
Bounce: iterations=263 runtime: 118876us
Bounce: iterations=264 runtime: 117578us
Bounce: iterations=265 runtime: 117740us
Bounce: iterations=266 runtime: 117409us
Bounce: iterations=267 runtime: 117568us
Bounce: iterations=268 runtime: 116696us
Bounce: iterations=269 runtime: 116730us
Bounce: iterations=270 runtime: 122850us
Bounce: iterations=271 runtime: 120212us
Bounce: iterations=272 runtime: 119045us
Bounce: iterations=273 runtime: 118729us
Bounce: iterations=274 runtime: 122837us
Bounce: iterations=275 runtime: 120987us
Bounce: iterations=276 runtime: 120413us
Bounce: iterations=277 runtime: 119531us
Bounce: iterations=278 runtime: 120664us
Bounce: iterations=279 runtime: 119639us
Bounce: iterations=280 runtime: 118618us
Bounce: iterations=281 runtime: 118258us
Bounce: iterations=282 runtime: 119896us
Bounce: iterations=283 runtime: 120134us
Bounce: iterations=284 runtime: 118922us
Bounce: iterations=285 runtime: 118572us
Bounce: iterations=286 runtime: 118977us
Bounce: iterations=287 runtime: 117726us
Bounce: iterations=288 runtime: 117449us
Bounce: iterations=289 runtime: 117464us
Bounce: iterations=290 runtime: 117366us
Bounce: iterations=291 runtime: 121413us
Bounce: iterations=292 runtime: 119426us
Bounce: iterations=293 runtime: 118812us
Bounce: iterations=294 runtime: 118352us
Bounce: iterations=295 runtime: 121325us
Bounce: iterations=296 runtime: 120361us
Bounce: iterations=297 runtime: 119393us
Bounce: iterations=298 runtime: 118689us
Bounce: iterations=299 runtime: 118734us
Bounce: iterations=300 runtime: 117239us
Bounce: iterations=301 runtime: 116842us
Bounce: iterations=302 runtime: 116436us
Bounce: iterations=303 runtime: 117238us
Bounce: iterations=304 runtime: 116599us
Bounce: iterations=305 runtime: 116490us
Bounce: iterations=306 runtime: 116416us
Bounce: iterations=307 runtime: 117486us
Bounce: iterations=308 runtime: 119758us
Bounce: iterations=309 runtime: 118817us
Bounce: iterations=310 runtime: 117908us
Bounce: iterations=311 runtime: 117285us
Bounce: iterations=312 runtime: 117900us
Bounce: iterations=313 runtime: 117423us
Bounce: iterations=314 runtime: 117075us
Bounce: iterations=315 runtime: 117228us
Bounce: iterations=316 runtime: 117425us
Bounce: iterations=317 runtime: 116529us
Bounce: iterations=318 runtime: 116380us
Bounce: iterations=319 runtime: 116483us
Bounce: iterations=320 runtime: 117045us
Bounce: iterations=321 runtime: 115987us
Bounce: iterations=322 runtime: 115877us
Bounce: iterations=323 runtime: 115921us
Bounce: iterations=324 runtime: 117705us
Bounce: iterations=325 runtime: 119326us
Bounce: iterations=326 runtime: 118478us
Bounce: iterations=327 runtime: 117601us
Bounce: iterations=328 runtime: 118304us
Bounce: iterations=329 runtime: 117498us
Bounce: iterations=330 runtime: 117410us
Bounce: iterations=331 runtime: 117169us
Bounce: iterations=332 runtime: 116874us
Bounce: iterations=333 runtime: 117170us
Bounce: iterations=334 runtime: 116867us
Bounce: iterations=335 runtime: 116620us
Bounce: iterations=336 runtime: 116486us
Bounce: iterations=337 runtime: 116683us
Bounce: iterations=338 runtime: 116300us
Bounce: iterations=339 runtime: 116358us
Bounce: iterations=340 runtime: 116123us
Bounce: iterations=341 runtime: 119068us
Bounce: iterations=342 runtime: 120296us
Bounce: iterations=343 runtime: 119494us
Bounce: iterations=344 runtime: 118760us
Bounce: iterations=345 runtime: 119016us
Bounce: iterations=346 runtime: 118545us
Bounce: iterations=347 runtime: 118611us
Bounce: iterations=348 runtime: 118276us
Bounce: iterations=349 runtime: 118054us
Bounce: iterations=350 runtime: 118573us
Bounce: iterations=351 runtime: 117744us
Bounce: iterations=352 runtime: 117814us
Bounce: iterations=353 runtime: 117560us
Bounce: iterations=354 runtime: 121278us
Bounce: iterations=355 runtime: 120007us
Bounce: iterations=356 runtime: 118879us
Bounce: iterations=357 runtime: 117903us
Bounce: iterations=358 runtime: 118396us
Bounce: iterations=359 runtime: 117577us
Bounce: iterations=360 runtime: 117509us
Bounce: iterations=361 runtime: 117711us
Bounce: iterations=362 runtime: 119777us
Bounce: iterations=363 runtime: 120829us
Bounce: iterations=364 runtime: 119693us
Bounce: iterations=365 runtime: 118623us
Bounce: iterations=366 runtime: 119320us
Bounce: iterations=367 runtime: 120780us
Bounce: iterations=368 runtime: 119373us
Bounce: iterations=369 runtime: 119125us
Bounce: iterations=370 runtime: 118892us
Bounce: iterations=371 runtime: 121618us
Bounce: iterations=372 runtime: 118800us
Bounce: iterations=373 runtime: 118261us
Bounce: iterations=374 runtime: 117887us
Bounce: iterations=375 runtime: 121000us
Bounce: iterations=376 runtime: 119744us
Bounce: iterations=377 runtime: 123895us
Bounce: iterations=378 runtime: 123099us
Bounce: iterations=379 runtime: 117956us
Bounce: iterations=380 runtime: 117184us
Bounce: iterations=381 runtime: 117044us
Bounce: iterations=382 runtime: 116815us
Bounce: iterations=383 runtime: 117324us
Bounce: iterations=384 runtime: 116811us
Bounce: iterations=385 runtime: 116596us
Bounce: iterations=386 runtime: 116684us
Bounce: iterations=387 runtime: 117692us
Bounce: iterations=388 runtime: 120480us
Bounce: iterations=389 runtime: 118918us
Bounce: iterations=390 runtime: 118415us
Bounce: iterations=391 runtime: 117891us
Bounce: iterations=392 runtime: 121292us
Bounce: iterations=393 runtime: 119790us
Bounce: iterations=394 runtime: 119497us
Bounce: iterations=395 runtime: 119124us
Bounce: iterations=396 runtime: 121252us
Bounce: iterations=397 runtime: 120121us
Bounce: iterations=398 runtime: 119694us
Bounce: iterations=399 runtime: 118830us
Bounce: iterations=400 runtime: 119105us
Bounce: iterations=401 runtime: 118550us
Could not locate BlockSlowdown.json
Skipping Loading (this might cause a fatal crash if GTSlowdown is on)
Bounce: iterations=402 runtime: 118310us
Bounce: iterations=403 runtime: 122278us
Bounce: iterations=404 runtime: 120561us
Bounce: iterations=405 runtime: 120029us
Bounce: iterations=406 runtime: 118811us
Bounce: iterations=407 runtime: 118409us
Bounce: iterations=408 runtime: 118432us
Bounce: iterations=409 runtime: 122076us
Bounce: iterations=410 runtime: 119517us
Bounce: iterations=411 runtime: 119152us
Bounce: iterations=412 runtime: 119004us
Bounce: iterations=413 runtime: 121250us
Bounce: iterations=414 runtime: 119961us
Bounce: iterations=415 runtime: 119100us
Bounce: iterations=416 runtime: 118696us
Bounce: iterations=417 runtime: 118547us
Bounce: iterations=418 runtime: 117494us
Bounce: iterations=419 runtime: 117216us
Bounce: iterations=420 runtime: 117386us
Bounce: iterations=421 runtime: 117871us
Bounce: iterations=422 runtime: 117162us
Bounce: iterations=423 runtime: 117158us
Bounce: iterations=424 runtime: 117018us
Bounce: iterations=425 runtime: 118632us
Bounce: iterations=426 runtime: 121138us
Bounce: iterations=427 runtime: 120094us
Bounce: iterations=428 runtime: 119888us
Bounce: iterations=429 runtime: 118930us
Bounce: iterations=430 runtime: 120829us
Bounce: iterations=431 runtime: 118797us
Bounce: iterations=432 runtime: 117635us
Bounce: iterations=433 runtime: 117525us
Bounce: iterations=434 runtime: 117786us
Bounce: iterations=435 runtime: 116740us
Bounce: iterations=436 runtime: 116466us
Bounce: iterations=437 runtime: 116571us
Bounce: iterations=438 runtime: 117110us
Bounce: iterations=439 runtime: 116788us
Bounce: iterations=440 runtime: 116459us
Bounce: iterations=441 runtime: 116465us
Bounce: iterations=442 runtime: 117042us
Bounce: iterations=443 runtime: 116774us
Bounce: iterations=444 runtime: 116751us
Bounce: iterations=445 runtime: 116644us
Bounce: iterations=446 runtime: 118125us
Bounce: iterations=447 runtime: 115876us
Bounce: iterations=448 runtime: 115807us
Bounce: iterations=449 runtime: 115702us
Bounce: iterations=450 runtime: 115546us
Bounce: iterations=451 runtime: 121506us
Bounce: iterations=452 runtime: 119702us
Bounce: iterations=453 runtime: 118827us
Bounce: iterations=454 runtime: 118443us
Bounce: iterations=455 runtime: 120560us
Bounce: iterations=456 runtime: 119437us
Bounce: iterations=457 runtime: 118518us
Bounce: iterations=458 runtime: 117801us
Bounce: iterations=459 runtime: 120287us
Bounce: iterations=460 runtime: 119831us
Bounce: iterations=461 runtime: 118694us
Bounce: iterations=462 runtime: 118152us
Bounce: iterations=463 runtime: 119910us
Bounce: iterations=464 runtime: 120926us
Bounce: iterations=465 runtime: 119491us
Bounce: iterations=466 runtime: 118814us
Bounce: iterations=467 runtime: 118929us
Bounce: iterations=468 runtime: 118064us
Bounce: iterations=469 runtime: 117525us
Bounce: iterations=470 runtime: 117486us
Bounce: iterations=471 runtime: 117297us
Bounce: iterations=472 runtime: 121109us
Bounce: iterations=473 runtime: 119680us
Bounce: iterations=474 runtime: 119217us
Bounce: iterations=475 runtime: 118726us
Bounce: iterations=476 runtime: 121460us
Bounce: iterations=477 runtime: 120482us
Bounce: iterations=478 runtime: 119281us
Bounce: iterations=479 runtime: 119304us
Bounce: iterations=480 runtime: 119545us
Bounce: iterations=481 runtime: 118830us
Bounce: iterations=482 runtime: 118443us
Bounce: iterations=483 runtime: 118195us
Bounce: iterations=484 runtime: 118615us
Bounce: iterations=485 runtime: 117939us
Bounce: iterations=486 runtime: 117746us
Bounce: iterations=487 runtime: 117496us
Bounce: iterations=488 runtime: 117702us
Bounce: iterations=489 runtime: 117611us
Bounce: iterations=490 runtime: 117081us
Bounce: iterations=491 runtime: 117047us
Bounce: iterations=492 runtime: 117047us
Bounce: iterations=493 runtime: 117526us
Bounce: iterations=494 runtime: 116842us
Bounce: iterations=495 runtime: 116901us
Bounce: iterations=496 runtime: 116848us
Bounce: iterations=497 runtime: 117017us
Bounce: iterations=498 runtime: 116432us
Bounce: iterations=499 runtime: 116812us
Bounce: iterations=500 runtime: 116892us
Could not locate BlockSlowdown.json
Skipping Loading (this might cause a fatal crash if GTSlowdown is on)
Bounce: iterations=500 average: 119053us total: 59526603us


Total Runtime: 59526603us
Bubo.RDTSC.Harness.main Total RDTSC cycles: 197470118310
Comp 52 (java.util.ImmutableCollections$SetN$SetNIterator.next()) loops:
Found Encoding : 0:-1
└── Loop 0
  loop 0 Cycles: 242540 || Activation Count:4179| LoopCallCount: 0 |  Source: -at java.util.ImmutableCollections$SetN$SetNIterator.next(ImmutableCollections.java:1213) [bci: 21] | -at java.util.ImmutableCollections$SetN$SetNIterator.next(ImmutableCollections.java:1223) [bci: 65]
Comp 57 (java.util.HashMap.putVal(int,) loops:
Found Encoding : 0:-1
└── Loop 0
  loop 0 Cycles: 6932 || Activation Count:178| LoopCallCount: 0 |  Source: -at java.util.HashMap.putVal(HashMap.java:648) [bci: 134] | -at java.util.HashMap.putVal(HashMap.java:649) [bci: 145]
Comp 58 (java.lang.String.equals(Object)) loops:
Found Encoding : 0:-1
└── Loop 0
  loop 0 Cycles: 3290 || Activation Count:48| LoopCallCount: 0 |  Source: -at java.lang.StringLatin1.equals(StringLatin1.java:100) [bci: 9]
-at java.lang.String.equals(String.java:1926) [bci: 44] | -at java.lang.StringLatin1.equals(StringLatin1.java:105) [bci: 32]
-at java.lang.String.equals(String.java:1926) [bci: 44]
Comp 73 (java.util.HashMap.resize()) loops:
Found Encoding : 2:-1,0:-1,1:0
├── Loop 2
└── Loop 0
    └── Loop 1
  loop 0 Cycles: 26756 || Activation Count:7| LoopCallCount: 0 |  Source: -at java.util.HashMap.resize(HashMap.java:714) [bci: 151] | -at java.util.HashMap.resize(HashMap.java:755) [bci: 353]
  loop 1 Cycles: 6928 || Activation Count:73| LoopCallCount: 0 |  Source: -at java.util.HashMap.resize(HashMap.java:727) [bci: 235] | -at java.util.HashMap.resize(HashMap.java:743) [bci: 309]
  loop 2 Cycles: 12970 || Activation Count:246| LoopCallCount: 0 |  Source: -at jdk.graal.compiler.hotspot.replacements.HotSpotAllocationSnippets.allocateArray(KlassPointer, int, int, int, AllocationSnippets$FillContent, int, boolean, boolean, boolean, boolean, HotSpotAllocationSnippets$HotSpotAllocationProfilingData, boolea
Comp 84 (jdk.internal.util.ArraysSupport.unsignedHashCode(int,) loops:
Found Encoding : 0:-1,1:-1,2:-1
├── Loop 0
├── Loop 1
└── Loop 2
  loop 0 Cycles: 538 || Activation Count:1| LoopCallCount: 0 |  Source: -at jdk.internal.util.ArraysSupport.unsignedHashCode(ArraysSupport.java:378) [bci: 8] | -at jdk.internal.util.ArraysSupport.unsignedHashCode(ArraysSupport.java:381) [bci: 34]
  loop 1 Cycles: 98 || Activation Count:1| LoopCallCount: 0 |  Source: Source Missing | -at jdk.internal.util.ArraysSupport.unsignedHashCode(ArraysSupport.java:381) [bci: 34]
  loop 2 Cycles: 90 || Activation Count:1| LoopCallCount: 0 |  Source: Source Missing | -at jdk.internal.util.ArraysSupport.unsignedHashCode(ArraysSupport.java:381) [bci: 34]
Comp 85 (jdk.internal.util.ArraysSupport.unsignedHashCode(int,-Re-Comp) loops:
Found Encoding : 0:-1,1:-1,2:-1
├── Loop 0
├── Loop 1
└── Loop 2
  loop 0 Cycles: 84590 || Activation Count:1712| LoopCallCount: 0 |  Source: -at jdk.internal.util.ArraysSupport.unsignedHashCode(ArraysSupport.java:378) [bci: 8] | -at jdk.internal.util.ArraysSupport.unsignedHashCode(ArraysSupport.java:381) [bci: 34]
  loop 1 Cycles: 126096 || Activation Count:1712| LoopCallCount: 0 |  Source: Source Missing | -at jdk.internal.util.ArraysSupport.unsignedHashCode(ArraysSupport.java:381) [bci: 34]
  loop 2 Cycles: 98188 || Activation Count:1712| LoopCallCount: 0 |  Source: Source Missing | -at jdk.internal.util.ArraysSupport.unsignedHashCode(ArraysSupport.java:381) [bci: 34]
Comp 87 (java.lang.StringCoding.countPositives(byte[],) loops:
Found Encoding : 0:-1
└── Loop 0
  loop 0 Cycles: 358 || Activation Count:1| LoopCallCount: 0 |  Source: -at java.lang.StringCoding.countPositives(StringCoding.java:92) [bci: 7] | -at java.lang.StringCoding.countPositives(StringCoding.java:97) [bci: 31]
Comp 88 (java.lang.StringCoding.countPositives(byte[],-Re-Comp) loops:
Found Encoding : 0:-1
└── Loop 0
  loop 0 Cycles: 11310 || Activation Count:75| LoopCallCount: 0 |  Source: -at java.lang.StringCoding.countPositives(StringCoding.java:92) [bci: 7] | -at java.lang.StringCoding.countPositives(StringCoding.java:97) [bci: 31]
Comp 138 (java.lang.StringLatin1.equals(byte[],) loops:
Found Encoding : 0:-1
└── Loop 0
  loop 0 Cycles: 17572 || Activation Count:123| LoopCallCount: 0 |  Source: -at java.lang.StringLatin1.equals(StringLatin1.java:100) [bci: 9] | -at java.lang.StringLatin1.equals(StringLatin1.java:105) [bci: 32]
Comp 140 (java.util.Properties$LineReader.readLine()) loops:
Found Encoding : 5:-1,3:-1,4:3,0:-1,1:0,2:1
├── Loop 5
├── Loop 3
│   └── Loop 4
└── Loop 0
    └── Loop 1
        └── Loop 2
  loop 1 Cycles: 254226 || Activation Count:90| LoopCallCount: 1 |  Source: -at java.util.Properties$LineReader.readLine(Properties.java:538) [bci: 219] | -at java.util.Properties$LineReader.readLine(Properties.java:543) [bci: 259]
  loop 2 Cycles: 12080 || Activation Count:91| LoopCallCount: 0 |  Source: -at java.util.Properties$LineReader.readLine(Properties.java:540) [bci: 224] | -at java.util.Properties$LineReader.readLine(Properties.java:543) [bci: 259]
  loop 5 Cycles: 716 || Activation Count:1| LoopCallCount: 0 |  Source: -at java.util.Properties$LineReader.readLine(Properties.java:540) [bci: 224] | -at java.util.Properties$LineReader.readLine(Properties.java:543) [bci: 259]
Comp 141 (java.util.Properties$LineReader.readLine()-Re-Comp) loops:
Found Encoding : 0:-1,1:0,2:1
└── Loop 0
    └── Loop 1
        └── Loop 2
  loop 1 Cycles: 3382 || Activation Count:14| LoopCallCount: 1 |  Source: -at java.util.Properties$LineReader.readLine(Properties.java:538) [bci: 219] | -at java.util.Properties$LineReader.readLine(Properties.java:543) [bci: 259]
  loop 2 Cycles: 1832 || Activation Count:14| LoopCallCount: 0 |  Source: -at java.util.Properties$LineReader.readLine(Properties.java:540) [bci: 224] | -at java.util.Properties$LineReader.readLine(Properties.java:545) [bci: 262]
Comp 142 (java.util.Properties$LineReader.readLine()-Re-Comp) loops:
Found Encoding : 5:-1,3:-1,4:3,0:-1,1:0,2:1
├── Loop 5
├── Loop 3
│   └── Loop 4
└── Loop 0
    └── Loop 1
        └── Loop 2
  loop 0 Cycles: 37824 || Activation Count:1| LoopCallCount: 2 |  Source: -at java.util.Properties$LineReader.readLine(Properties.java:504) [bci: 53] | -at java.util.Properties$LineReader.readLine(Properties.java:615) [bci: 577]
  loop 1 Cycles: 27398 || Activation Count:131| LoopCallCount: 1 |  Source: -at java.util.Properties$LineReader.readLine(Properties.java:538) [bci: 219] | -at java.util.Properties$LineReader.readLine(Properties.java:543) [bci: 259]
  loop 2 Cycles: 15092 || Activation Count:131| LoopCallCount: 0 |  Source: -at java.util.Properties$LineReader.readLine(Properties.java:540) [bci: 224] | -at java.util.Properties$LineReader.readLine(Properties.java:543) [bci: 259]
  loop 5 Cycles: 740 || Activation Count:1| LoopCallCount: 0 |  Source: -at java.util.Properties$LineReader.readLine(Properties.java:540) [bci: 224] | -at java.util.Properties$LineReader.readLine(Properties.java:543) [bci: 259]
Comp 143 (java.util.Properties$LineReader.readLine()-Re-Comp) loops:
Found Encoding : 0:-1,1:0,2:1
└── Loop 0
    └── Loop 1
        └── Loop 2
  loop 0 Cycles: 351798 || Activation Count:6| LoopCallCount: 2 |  Source: -at java.util.Properties$LineReader.readLine(Properties.java:504) [bci: 53] | -at java.util.Properties$LineReader.readLine(Properties.java:615) [bci: 577]
  loop 1 Cycles: 413132 || Activation Count:374| LoopCallCount: 1 |  Source: -at java.util.Properties$LineReader.readLine(Properties.java:538) [bci: 219] | -at java.util.Properties$LineReader.readLine(Properties.java:543) [bci: 259]
  loop 2 Cycles: 48090 || Activation Count:377| LoopCallCount: 0 |  Source: -at java.util.Properties$LineReader.readLine(Properties.java:540) [bci: 224] | -at java.util.Properties$LineReader.readLine(Properties.java:545) [bci: 262]
Comp 172 (Bounce.benchmark()) loops:
Found Encoding : 2:-1,0:-1,1:0
├── Loop 2
└── Loop 0
    └── Loop 1
  loop 0 Cycles: 85694 || Activation Count:1| LoopCallCount: 0 |  Source: -at Bounce.benchmark() [bci: 33] | -at Bounce.benchmark() [bci: 89]
  loop 1 Cycles: 82616 || Activation Count:47| LoopCallCount: 0 |  Source: -at Bounce.benchmark() [bci: 52] | -at Bounce.benchmark() [bci: 83]
  loop 2 Cycles: 802 || Activation Count:1| LoopCallCount: 0 |  Source: -at Bounce.benchmark() [bci: 52] | -at Bounce.benchmark() [bci: 83]
Comp 173 (Bounce.benchmark()-Re-Comp) loops:
Found Encoding : 3:-1,2:-1,0:-1,1:0
├── Loop 3
├── Loop 2
└── Loop 0
    └── Loop 1
  loop 0 Cycles: 183234641052 || Activation Count:4999995| LoopCallCount: 0 |  Source: -at Bounce.benchmark() [bci: 33] | -at Bounce.benchmark() [bci: 89]
  loop 1 Cycles: 166658580038 || Activation Count:249999750| LoopCallCount: 0 |  Source: -at Bounce.benchmark() [bci: 52] | -at Bounce.benchmark() [bci: 83]
  loop 2 Cycles: 12007846856 || Activation Count:4999995| LoopCallCount: 1 |  Source: -at java.util.Arrays.setAll(Arrays.java:5097) [bci: 7]
-at Bounce.benchmark() [bci: 27] | -at java.util.Arrays.setAll(Arrays.java:5099) [bci: 29]
-at Bounce.benchmark() [bci: 27]
  loop 3 Cycles: 365843748 || Activation Count:4991384| LoopCallCount: 0 |  Source: -at jdk.graal.compiler.hotspot.replacements.HotSpotAllocationSnippets.allocateArray(KlassPointer, int, int, int, AllocationSnippets$FillContent, int, boolean, boolean, boolean, boolean, HotSpotAllocationSnippets$HotSpotAllocationProfilingData, boole
Comp 186 (Benchmark.innerBenchmarkLoop(int)) loops:
Found Encoding : 0:-1
└── Loop 0
  loop 0 Cycles: 380503798 || Activation Count:1| LoopCallCount: 1 |  Source: -at Benchmark.innerBenchmarkLoop(int) [bci: 2] | -at Benchmark.innerBenchmarkLoop(int) [bci: 26]
Comp 187 (Benchmark.innerBenchmarkLoop(int)-Re-Comp) loops:
Found Encoding : 0:-1
└── Loop 0
  loop 0 Cycles: 195768529598 || Activation Count:497| LoopCallCount: 1 |  Source: -at Benchmark.innerBenchmarkLoop(int) [bci: 2] | -at Benchmark.innerBenchmarkLoop(int) [bci: 26]
Comp 195 (java.lang.StringLatin1.inflate(byte[],) loops:
Found Encoding : 0:-1,1:-1,2:-1
├── Loop 0
├── Loop 1
└── Loop 2
  loop 0 Cycles: 31850 || Activation Count:204| LoopCallCount: 0 |  Source: -at java.lang.StringLatin1.inflate(StringLatin1.java:767) [bci: 3] | -at java.lang.StringLatin1.inflate(StringLatin1.java:770) [bci: 33]
  loop 1 Cycles: 15770 || Activation Count:204| LoopCallCount: 0 |  Source: Source Missing | -at java.lang.StringLatin1.inflate(StringLatin1.java:770) [bci: 33]
  loop 2 Cycles: 11314 || Activation Count:204| LoopCallCount: 0 |  Source: Source Missing | -at java.lang.StringLatin1.inflate(StringLatin1.java:770) [bci: 33]
Comp 207 (java.lang.StringCoding.implEncodeAsciiArray(char[],) loops:
Found Encoding : 0:-1
└── Loop 0
  loop 0 Cycles: 642 || Activation Count:1| LoopCallCount: 0 |  Source: -at java.lang.StringCoding.implEncodeAsciiArray(StringCoding.java:118) [bci: 3] | -at java.lang.StringCoding.implEncodeAsciiArray(StringCoding.java:124) [bci: 44]
Comp 208 (java.lang.StringCoding.implEncodeAsciiArray(char[],-Re-Comp) loops:
Found Encoding : 0:-1
└── Loop 0
  loop 0 Cycles: 662 || Activation Count:3| LoopCallCount: 0 |  Source: -at java.lang.StringCoding.implEncodeAsciiArray(StringCoding.java:118) [bci: 3] | -at java.lang.StringCoding.implEncodeAsciiArray(StringCoding.java:124) [bci: 44]
