Could not locate BlockSlowdown.json
Skipping Loading (this might cause a fatal crash if GTSlowdown is on)
[Use -Djdk.graal.LogFile=<path> to redirect Graal log output to a file.]
java.lang.module.ModuleDescriptor.name()java.lang.String -1 codeSignature differs 5be282a10c496d4000571a6844c9c0bc109901813a12d3aea5364efad6a66c85 != 236f622407d0112ac18220ce2f7dd8fc95a4975bd21efedc593a420240b9e35f
java.lang.module.ModuleReference.descriptor()java.lang.module.ModuleDescriptor -1 codeSignature differs 14be906eafbcd0e98db8607fd01b12de837039bcd06c460d0cf8f6394c8cff6d != d74a3d991dcad2ff0132c63a48dc50da7170128a36ef27d42bfbafe23260746e
java.lang.Enum.ordinal()int -1 codeSignature differs d4ce072063a0e5d7b77fa03ca89aafb8f3e3ecf13c518dc1905e344d1e62c58a != 6379912ece14b3e5c494001bcdbf513550438500c9fe64692666ea4804585a5b
java.lang.Class.isPrimitive()boolean -1 codeSignature differs 98ab40cf2ebcc843a57e4548f9a42e2e9f3f439b3cfc72b2a9affe72c8d06a5f != 3e78a4a854866f13977dcbf9876f9c5a148d0cfe8abd55bad528a298e2ab0d37
jdk.internal.util.StrongReferenceKey.get()java.lang.Object -1 codeSignature differs 14be906eafbcd0e98db8607fd01b12de837039bcd06c460d0cf8f6394c8cff6d != d74a3d991dcad2ff0132c63a48dc50da7170128a36ef27d42bfbafe23260746e
java.lang.Class.getClassLoader()java.lang.ClassLoader -1 codeSignature differs 1ec746d9657abb2124f404e47924197593986fc62346c6cd76072c08e29afddf != fc6683d6dbc2e9c193939db2b7b3809c7ed36f548dabbad32ce6a77af2acbb5c
java.lang.invoke.MethodType.returnType()java.lang.Class -1 codeSignature differs 14be906eafbcd0e98db8607fd01b12de837039bcd06c460d0cf8f6394c8cff6d != d74a3d991dcad2ff0132c63a48dc50da7170128a36ef27d42bfbafe23260746e
jdk.internal.classfile.impl.AbstractPoolEntry.index()int -1 codeSignature differs d4ce072063a0e5d7b77fa03ca89aafb8f3e3ecf13c518dc1905e344d1e62c58a != 6379912ece14b3e5c494001bcdbf513550438500c9fe64692666ea4804585a5b
java.lang.invoke.MemberName.getDeclaringClass()java.lang.Class -1 codeSignature differs b46e439bc51650ff335d2a7124f0b0154f260fe1af8ba145c6fd3cf5008c9e4e != 65875f01c4739b3690cfc99e32978813efde10140dd67c4d7a0e3015e243befa
java.lang.invoke.MethodType.form()java.lang.invoke.MethodTypeForm -1 codeSignature differs 5be282a10c496d4000571a6844c9c0bc109901813a12d3aea5364efad6a66c85 != 236f622407d0112ac18220ce2f7dd8fc95a4975bd21efedc593a420240b9e35f
java.util.stream.FindOps$FindSink.cancellationRequested()boolean -1 codeSignature differs 55af0dc4b7688c78180d5f5b00584e4bf66cf93bd60716f9aab49e7a6fd64ac4 != f48625702890d29653fc29959db5796353242ca5005d0c97563dc7641a6e9521
java.lang.Object.<init>()void -1 codeSignature differs fe534d3aac0502b22527b54e744892c09d7496fd765947a3ee3ec9a070d56f92 != 53fed571f2d162d1b06665e593acff62e94c3c2feeb837a313805208a153c804
jdk.internal.module.ModuleReferenceImpl.moduleResolution()jdk.internal.module.ModuleResolution -1 codeSignature differs b76db95b8fd3a055b26c3a6c15023743ea3cd488646d474319964a2e9e13b73e != acecf092198f6e600ae574ae88f94c3dcc124dff78fd33d38e7503cf1de4cb84
java.lang.String.hashCode()int -1 codeSignature differs cd869c87835ef8242ee90410caccd8a61a63cd99231e11f83fcdc76366e70264 != 4af57cd2c352f504d9843ac55232e6c06b59ac42ecb11ac71e7928d819941700
java.lang.module.ModuleDescriptor$Requires.modifiers()java.util.Set -1 codeSignature differs 14be906eafbcd0e98db8607fd01b12de837039bcd06c460d0cf8f6394c8cff6d != d74a3d991dcad2ff0132c63a48dc50da7170128a36ef27d42bfbafe23260746e
java.lang.module.ModuleDescriptor$Requires.name()java.lang.String -1 codeSignature differs 90f01eeb46d88d53d0e4e48ef19445eb3bdf8101a00c7dc3f717a337df9fb41f != 3dca556ce0a4f9f9b2a7bcbcee2ecdeeb626fd493f0993079a0f91070abff97b
java.lang.module.ModuleDescriptor.requires()java.util.Set -1 codeSignature differs 50021c78154f047ad8f88f0733084203e726ca2f3911eed3f4e2615369ae39b2 != 38c64b25607c18539afa677dc017db8b0b2e69cd25c409ff2fbbda9b724f85b9
java.lang.module.ModuleDescriptor.isAutomatic()boolean -1 codeSignature differs 2c5d9434fa6cbff1c0177053ad01774247e7a98383a3d0ee5c4dccbf56bf9e86 != 573ad2b7aa6bd940d385aadba08b49259d18cc84676cb0e7d2bc6bb2b3a188b0
java.util.HashMap$Node.getKey()java.lang.Object -1 codeSignature differs 90f01eeb46d88d53d0e4e48ef19445eb3bdf8101a00c7dc3f717a337df9fb41f != 3dca556ce0a4f9f9b2a7bcbcee2ecdeeb626fd493f0993079a0f91070abff97b
java.util.HashMap$Node.getValue()java.lang.Object -1 codeSignature differs 5be282a10c496d4000571a6844c9c0bc109901813a12d3aea5364efad6a66c85 != 236f622407d0112ac18220ce2f7dd8fc95a4975bd21efedc593a420240b9e35f
java.util.ImmutableCollections$Set12.isEmpty()boolean -1 codeSignature differs d890ffc04cd03ec866061096d7d13d2670cacc5a2328b692374e3523d40574bd != 55a5cc963fc3641936c496e734b67cb2da5b04dc6786193efb958b4650f80fcc
java.lang.module.ModuleDescriptor$Exports.source()java.lang.String -1 codeSignature differs 90f01eeb46d88d53d0e4e48ef19445eb3bdf8101a00c7dc3f717a337df9fb41f != 3dca556ce0a4f9f9b2a7bcbcee2ecdeeb626fd493f0993079a0f91070abff97b
java.lang.module.ModuleDescriptor$Exports.targets()java.util.Set -1 codeSignature differs 5be282a10c496d4000571a6844c9c0bc109901813a12d3aea5364efad6a66c85 != 236f622407d0112ac18220ce2f7dd8fc95a4975bd21efedc593a420240b9e35f
java.lang.module.ModuleDescriptor.provides()java.util.Set -1 codeSignature differs 309d9291f2d3c2a63becdec49b2c74b25af9d7fdc62dad05faf86a64889608fc != ac8620023b60722a9bd4c025af16c863bb01ff2e1485a56d1a0e66cae8c98d9f
java.lang.module.ModuleDescriptor.exports()java.util.Set -1 codeSignature differs 948d21eddb9ad191efbc24290e4e840a30aebb134151b75def9175ab54c0a48c != 64b1f8caa863f256c52a850b78b1f50f6cb4cdbb0fd449ebc0f6c33942f7e576
java.util.ImmutableCollections$SetN$SetNIterator.hasNext()boolean -1 codeSignature differs 014069b9d29ae67f97f8d652b8d7a77d9057cdb393e4e32597c925d7a30bdc82 != 68bedb7c2b89fc57eca6528f835388a812a6a51c19835f3ca5c045deed27b552
java.lang.module.ModuleDescriptor.uses()java.util.Set -1 codeSignature differs e3ce51591a4fee3aaff0c687fbb639bc8c1569c92e84d989cdc906a081a3aa6f != a28d016eade96af94b1490585bd89e875ca450bc08a58e964a7e2d9c660f535c
java.util.ImmutableCollections$SetN$SetNIterator.next()java.lang.Object -1 codeSignature differs 4e76ba541038849bb8e0e4a415648ce3141893b6aa5afc50d33cb7741470db08 != 9ada83417ac793d7136a278090746c2f10c77204a30d308441be04e5065b2590
java.util.ImmutableCollections$SetN$SetNIterator.next()java.lang.Object -1 graphSignature differs cc325e064e7585e0e6736addc07d3b5b1a1e9ec52f960e7777496af159b5096f != 920e12a7ee41cc3a0a3487d03bd48833bfc4e8d416bdbae7234f8ba199084b4d
java.lang.module.ModuleDescriptor$Provides.service()java.lang.String -1 codeSignature differs 14be906eafbcd0e98db8607fd01b12de837039bcd06c460d0cf8f6394c8cff6d != d74a3d991dcad2ff0132c63a48dc50da7170128a36ef27d42bfbafe23260746e
java.util.HashMap.hash(java.lang.Object)int -1 codeSignature differs 19d742816aa56281bc6dc27c027b1e2a3c9dde62515ce60c687ff86d293b95a7 != 3f530fc92bbd58bdf1cd0d39de68679d47bf381b6d73b807c4249c76a4fbb676
java.lang.module.ModuleDescriptor$Exports.isQualified()boolean -1 codeSignature differs c61c85c2d2e4fd7373ea8abf2b58783cd0d93aed243366743c8022f0f75cb23e != 97c186d1193935e380d2618e3b25afeda2efc81a65266b0659733d28dcaec0a4
java.util.HashMap.putVal(int, java.lang.Object, java.lang.Object, boolean, boolean)java.lang.Object -1 codeSignature differs 09936b1e92ff1698b55d565ca7c489a92d10b18718f85fdf930a25933f533c6c != c36d76490f381622d46c550710b6be8bda901dc2ed272de95cbb756bc685022d
java.util.HashMap.putVal(int, java.lang.Object, java.lang.Object, boolean, boolean)java.lang.Object -1 graphSignature differs 71c7befc4bcc50903c01cb500806055811a71080bd754d077284439fcd10103c != 5a74e12f320f5360d51b0bb3946f087ce2dce5afa144b15d312a3acc1621c4cf
java.lang.String.equals(java.lang.Object)boolean -1 codeSignature differs f5747f05d8cb43a0e84b3d89443c10d37c72a20d9b0342eb86834299bed80ca6 != 119dc6e6665ec6b4c44f1e420beb3682c6794e4c2205f6f17310bd0f4f948907
java.lang.String.equals(java.lang.Object)boolean -1 graphSignature differs 240f841b413bb8bd2af4877cb3753eac11d3bdc482d702e067df992e72784ebb != 2d841e5f6ff33687ba2a8e89c73735b82c892266d476f740b43f9fc2b4d21873
java.util.KeyValueHolder.getKey()java.lang.Object -1 codeSignature differs 14be906eafbcd0e98db8607fd01b12de837039bcd06c460d0cf8f6394c8cff6d != d74a3d991dcad2ff0132c63a48dc50da7170128a36ef27d42bfbafe23260746e
java.util.KeyValueHolder.getValue()java.lang.Object -1 codeSignature differs 90f01eeb46d88d53d0e4e48ef19445eb3bdf8101a00c7dc3f717a337df9fb41f != 3dca556ce0a4f9f9b2a7bcbcee2ecdeeb626fd493f0993079a0f91070abff97b
java.lang.module.ModuleDescriptor.packages()java.util.Set -1 codeSignature differs 1ec746d9657abb2124f404e47924197593986fc62346c6cd76072c08e29afddf != fc6683d6dbc2e9c193939db2b7b3809c7ed36f548dabbad32ce6a77af2acbb5c
java.lang.module.ResolvedModule.reference()java.lang.module.ModuleReference -1 codeSignature differs 90f01eeb46d88d53d0e4e48ef19445eb3bdf8101a00c7dc3f717a337df9fb41f != 3dca556ce0a4f9f9b2a7bcbcee2ecdeeb626fd493f0993079a0f91070abff97b
java.util.HashMap$Node.<init>(int, java.lang.Object, java.lang.Object, java.util.HashMap$Node)void -1 codeSignature differs 59abdcbbbf44ebb8002c9ead7ac523efb10f66818f9cd29867613a8d0b316956 != 642f4d895bb7c941283e8a816ceddd86fa94c248cd0e3c007f5f6e4a16ff7f7e
java.lang.module.ModuleDescriptor$Version.toString()java.lang.String -1 codeSignature differs 14be906eafbcd0e98db8607fd01b12de837039bcd06c460d0cf8f6394c8cff6d != d74a3d991dcad2ff0132c63a48dc50da7170128a36ef27d42bfbafe23260746e
java.lang.AbstractStringBuilder.length()int -1 codeSignature differs d4ce072063a0e5d7b77fa03ca89aafb8f3e3ecf13c518dc1905e344d1e62c58a != 6379912ece14b3e5c494001bcdbf513550438500c9fe64692666ea4804585a5b
java.util.HashMap.newNode(int, java.lang.Object, java.lang.Object, java.util.HashMap$Node)java.util.HashMap$Node -1 codeSignature differs 0b57ad3d0ea1b0de0d3ae4d1256f2a3bf2dacceb94022bee4e70d75bf1848358 != d2c2a415cba31cf48b157817e62dcfa6745f18dc85bdd37bd358d1bb63bfa15d
java.util.HashMap.afterNodeInsertion(boolean)void -1 codeSignature differs fe534d3aac0502b22527b54e744892c09d7496fd765947a3ee3ec9a070d56f92 != 53fed571f2d162d1b06665e593acff62e94c3c2feeb837a313805208a153c804
java.util.HashMap.resize()java.util.HashMap$Node[] -1 codeSignature differs 0773a95b1385797d7919ae3f6cf535112df9d8cfe6c164fcdab5b16f46356b99 != f45f6c33f21cd0b4519a46e5c5e5fa5bf267e6434e46f3738a634c3f88f0513e
java.util.HashMap.resize()java.util.HashMap$Node[] -1 graphSignature differs 8621339e67ed630b148c0b60d4ece2a8f5e4dc640c7e625f721a8babedbc3813 != 907f32e8439d3100299993dcad76560e08b0f705baa3a6e36f739c5640084aa9
java.lang.module.ResolvedModule.configuration()java.lang.module.Configuration -1 codeSignature differs 14be906eafbcd0e98db8607fd01b12de837039bcd06c460d0cf8f6394c8cff6d != d74a3d991dcad2ff0132c63a48dc50da7170128a36ef27d42bfbafe23260746e
java.lang.module.ModuleDescriptor.isOpen()boolean -1 codeSignature differs 7251ebfc69511ba11260ce3e5fe8de41e1ee424c1c84ef382507a4b520f46599 != 68c1b93afd5159dbd52f415e41c6f206a35012c76ae6407eef42650396bf8bfc
java.util.HashMap.size()int -1 codeSignature differs 55d12884885f16e44e8204f924f64617688caf405b709d32e1e72896f6c27c3d != 602769ad44793bd98e92b9e62f8542f52d5162d04d5d1c146bc1a1f5f4eab2b1
java.util.zip.ZipCoder$UTF8ZipCoder.isUTF8()boolean -1 codeSignature differs 6e3a14458a0fca90e6a63285514a933585cea592cb622e79b33ddc5df6e0fb66 != f86c5820929a34f03b9429610f522a6efd833767bf69832ae22131f6e690fc71
jdk.internal.classfile.impl.AbstractPoolEntry.width()int -1 codeSignature differs 6e3a14458a0fca90e6a63285514a933585cea592cb622e79b33ddc5df6e0fb66 != f86c5820929a34f03b9429610f522a6efd833767bf69832ae22131f6e690fc71
jdk.internal.classfile.impl.SplitConstantPool.size()int -1 codeSignature differs 1e851f5b2cbf37c0cd46831368dd889b60dff01d7b16161259960e24b264ceb1 != 8842033c3435ba9022b0d14a05ef1a95782e7436e1f26a804596a2590677c40d
java.lang.invoke.MethodType.ptypes()java.lang.Class[] -1 codeSignature differs 90f01eeb46d88d53d0e4e48ef19445eb3bdf8101a00c7dc3f717a337df9fb41f != 3dca556ce0a4f9f9b2a7bcbcee2ecdeeb626fd493f0993079a0f91070abff97b
jdk.internal.classfile.impl.RawBytecodeHelper.bci()int -1 codeSignature differs fe46e3fea17c2bcac25676024acf43715946ed13832c36004058f315d01e6ed3 != f644854fb6e4ffc5fb86a7d696951b13023f6a472bb2253c81909dd20f94fad0
jdk.internal.classfile.impl.AbstractPoolEntry.constantPool()java.lang.classfile.constantpool.ConstantPool -1 codeSignature differs 5be282a10c496d4000571a6844c9c0bc109901813a12d3aea5364efad6a66c85 != 236f622407d0112ac18220ce2f7dd8fc95a4975bd21efedc593a420240b9e35f
java.lang.AbstractStringBuilder.getValue()byte[] -1 codeSignature differs 5be282a10c496d4000571a6844c9c0bc109901813a12d3aea5364efad6a66c85 != 236f622407d0112ac18220ce2f7dd8fc95a4975bd21efedc593a420240b9e35f
jdk.internal.constant.ClassOrInterfaceDescImpl.descriptorString()java.lang.String -1 codeSignature differs 14be906eafbcd0e98db8607fd01b12de837039bcd06c460d0cf8f6394c8cff6d != d74a3d991dcad2ff0132c63a48dc50da7170128a36ef27d42bfbafe23260746e
java.lang.String.value()byte[] -1 codeSignature differs 5be282a10c496d4000571a6844c9c0bc109901813a12d3aea5364efad6a66c85 != 236f622407d0112ac18220ce2f7dd8fc95a4975bd21efedc593a420240b9e35f
jdk.internal.classfile.impl.BufWriterImpl.size()int -1 codeSignature differs fe46e3fea17c2bcac25676024acf43715946ed13832c36004058f315d01e6ed3 != f644854fb6e4ffc5fb86a7d696951b13023f6a472bb2253c81909dd20f94fad0
Profiling started
Could not locate BlockSlowdown.json
Skipping Loading (this might cause a fatal crash if GTSlowdown is on)
java.nio.Buffer.limit()int -1 codeSignature differs 55d12884885f16e44e8204f924f64617688caf405b709d32e1e72896f6c27c3d != 602769ad44793bd98e92b9e62f8542f52d5162d04d5d1c146bc1a1f5f4eab2b1
java.lang.StringLatin1.equals(byte[], byte[])boolean -1 codeSignature differs 2cfeb7ca81e519d27a2f4886127bbb28eb00282f6a344501abe1cdc2705cba4e != ce6957fde94989d8dfb9f657cd698acb12bd0f01e407ce68915647520f63bd02
java.lang.StringLatin1.equals(byte[], byte[])boolean -1 graphSignature differs f47d0b1647dabd6f0108a1c873e12c6a64939992dcc9e97f79a9e6e1f1af8649 != cda1bda6b067c21da86f5c9b00220a168b94ff95811df6ee0a57435eb4ec0473
jdk.internal.classfile.impl.AbstractDirectBuilder.constantPool()jdk.internal.classfile.impl.SplitConstantPool -1 codeSignature differs 14be906eafbcd0e98db8607fd01b12de837039bcd06c460d0cf8f6394c8cff6d != d74a3d991dcad2ff0132c63a48dc50da7170128a36ef27d42bfbafe23260746e
java.lang.String.coder()byte -1 codeSignature differs f3a73f0f7ffcffdf8962f6b17b32b9d22dceb70a6321ad4e83f092ac924fb640 != 82f5235e2dbc41130ab9f332d81a84c727950ed13b523486e1cf57bd2f9bda2c
jdk.internal.util.WeakReferenceKey.hashCode()int -1 codeSignature differs 55d12884885f16e44e8204f924f64617688caf405b709d32e1e72896f6c27c3d != 602769ad44793bd98e92b9e62f8542f52d5162d04d5d1c146bc1a1f5f4eab2b1
java.lang.invoke.MethodTypeForm.erasedType()java.lang.invoke.MethodType -1 codeSignature differs 90f01eeb46d88d53d0e4e48ef19445eb3bdf8101a00c7dc3f717a337df9fb41f != 3dca556ce0a4f9f9b2a7bcbcee2ecdeeb626fd493f0993079a0f91070abff97b
jdk.internal.constant.ClassOrInterfaceDescImpl.isClassOrInterface()boolean -1 codeSignature differs 6e3a14458a0fca90e6a63285514a933585cea592cb622e79b33ddc5df6e0fb66 != f86c5820929a34f03b9429610f522a6efd833767bf69832ae22131f6e690fc71
java.util.ArrayList.size()int -1 codeSignature differs fe46e3fea17c2bcac25676024acf43715946ed13832c36004058f315d01e6ed3 != f644854fb6e4ffc5fb86a7d696951b13023f6a472bb2253c81909dd20f94fad0
java.lang.String.length()int -1 codeSignature differs 5f2a9f3bb1f4f800ea4f2ad278553dedcfc789fe27a155b26df986828b30ede3 != 65d375b72c5817a4f8af1bcdf77dbdcb452e4f9ceb60cd42724b10772bcfdc62
Starting Bounce benchmark ...
jdk.internal.classfile.impl.AbstractPoolEntry$ClassEntryImpl.tag()int -1 codeSignature differs 5404769be9f3dbc3cb72c5db1a8ad8dd44853cedba352c69c6db32de21c4dbb9 != 9e72aee727452f3bd7e5755029309d18662e78c7d8f6a3fef1fa786c235c1353
Bounce$Ball.bounce()boolean -1 codeSignature differs 98d2dd64ef3a3038f4b63d6f074f75b9eab25817b1f24ee598046204a7641c4a != 6ce0f39d9ffecf85c93b08112a7d9a41733c7ce4a2b55135081ba5d082fbcb75
Requesting not cached profile for Bounce$$Lambda/0x0000000076047000.<init>(som.Random)void
Requesting uncached profile for bci 1 in Bounce$$Lambda/0x0000000076047000.<init>(som.Random)void method getBytecodeProfile
Requesting uncached profile for bci 1 in Bounce$$Lambda/0x0000000076047000.<init>(som.Random)void method getExceptionSeen
Requesting not cached profile for Bounce$$Lambda/0x0000000076047000.apply(int)java.lang.Object
Bounce.benchmark()java.lang.Object -1 codeSignature differs ca7e1017aa155e1c4eb564e3c70e467cf44930dc465328b3757d0d20d14d94e9 != 38de77cce579407fd9716e72f4ada9a1e1a922b98f9728f082edc1b3d6dbe4ec
Bounce.benchmark()java.lang.Object -1 graphSignature differs e81acc8abb9a9fa80b5d18948063ae16b5d07c95aeb4862b3ce2fc105442bc59 != 47caeebf9655277a8eadb1c547eebc9ca90824b512e0033bd323521f2215e49e
java.lang.Integer.intValue()int -1 codeSignature differs d4ce072063a0e5d7b77fa03ca89aafb8f3e3ecf13c518dc1905e344d1e62c58a != 6379912ece14b3e5c494001bcdbf513550438500c9fe64692666ea4804585a5b
Bounce.verifyResult(java.lang.Object)boolean -1 codeSignature differs 4469eb18eaa83b5f0e7437cdc832277e36d956518ecec382483ff6357b328183 != 0d892b5a2f821f7abe733fb3cdf4d35b6b566fe8b487bb5ac707905cd7c10471
jdk.internal.classfile.impl.AbstractPoolEntry.hashCode()int -1 codeSignature differs fe46e3fea17c2bcac25676024acf43715946ed13832c36004058f315d01e6ed3 != f644854fb6e4ffc5fb86a7d696951b13023f6a472bb2253c81909dd20f94fad0
jdk.internal.constant.PrimitiveClassDescImpl.descriptorString()java.lang.String -1 codeSignature differs 7722674ec43cccc19227bd0fe31433696da3716816c65b03f1730e1c0254917a != 2859d17d681828116974698ed904c3f2d6f285799222904b89fcd6ff7a2f986f
Bounce: iterations=1 runtime: 308656us
Bounce: iterations=2 runtime: 200882us
Requesting not cached profile for Bounce$$Lambda/0x0000000076047000.<init>(som.Random)void
Requesting uncached profile for bci 1 in Bounce$$Lambda/0x0000000076047000.<init>(som.Random)void method getBytecodeProfile
Requesting uncached profile for bci 1 in Bounce$$Lambda/0x0000000076047000.<init>(som.Random)void method getExceptionSeen
Benchmark.innerBenchmarkLoop(int)boolean -1 codeSignature differs 9093148d450e2ff936dd43f9a1482890883055b732594ab13ee995f3fbca0d27 != b0250f5f3c020af1a62a187e1d6a09be6d2bc1436bc19eeb33893fa6b85576c4
Benchmark.innerBenchmarkLoop(int)boolean -1 graphSignature differs 1ce67b4520d621e4561bd5caafb0ab7415b06e884406b68566c024003a4c6740 != 7a271abf22a1270f391e80a5947622a55c5b80f49b8c0efec707ed8306ff89bb
Bounce: iterations=3 runtime: 221802us
Bounce: iterations=4 runtime: 195109us
Bounce: iterations=5 runtime: 198363us
Bounce: iterations=6 runtime: 193740us
Bounce: iterations=7 runtime: 192365us
Could not locate BlockSlowdown.json
Skipping Loading (this might cause a fatal crash if GTSlowdown is on)
java.nio.Buffer.position()int -1 codeSignature differs 3f64cd4fafea8a3cef87601314961681d43f2aa75c3a358c1b0ce8d9a1c4731a != f5a100836d3b6c24d5617122379fdd07d38ba4b008ea9ae91e48aa3956773271
Bounce: iterations=8 runtime: 192845us
Bounce: iterations=9 runtime: 200894us
Bounce: iterations=10 runtime: 193872us
Bounce: iterations=11 runtime: 192170us
Bounce: iterations=12 runtime: 192131us
Bounce: iterations=13 runtime: 195783us
Bounce: iterations=14 runtime: 193122us
Bounce: iterations=15 runtime: 192519us
Bounce: iterations=16 runtime: 192793us
Bounce: iterations=17 runtime: 195018us
Bounce: iterations=18 runtime: 193652us
Bounce: iterations=19 runtime: 191438us
Bounce: iterations=20 runtime: 191762us
Bounce: iterations=21 runtime: 193059us
Bounce: iterations=22 runtime: 197799us
Bounce: iterations=23 runtime: 192431us
Bounce: iterations=24 runtime: 192098us
Bounce: iterations=25 runtime: 195702us
Bounce: iterations=26 runtime: 196488us
Bounce: iterations=27 runtime: 192986us
Bounce: iterations=28 runtime: 192787us
Bounce: iterations=29 runtime: 193684us
Bounce: iterations=30 runtime: 197257us
Bounce: iterations=31 runtime: 194175us
Bounce: iterations=32 runtime: 194248us
Bounce: iterations=33 runtime: 193320us
Bounce: iterations=34 runtime: 197446us
Bounce: iterations=35 runtime: 193934us
Bounce: iterations=36 runtime: 193409us
Bounce: iterations=37 runtime: 193762us
Bounce: iterations=38 runtime: 197007us
Bounce: iterations=39 runtime: 193807us
Bounce: iterations=40 runtime: 192859us
Bounce: iterations=41 runtime: 195257us
Bounce: iterations=42 runtime: 196362us
Bounce: iterations=43 runtime: 194131us
Bounce: iterations=44 runtime: 192777us
Bounce: iterations=45 runtime: 193410us
Bounce: iterations=46 runtime: 195089us
Bounce: iterations=47 runtime: 195455us
Bounce: iterations=48 runtime: 193353us
Bounce: iterations=49 runtime: 195113us
Bounce: iterations=50 runtime: 194221us
Bounce: iterations=51 runtime: 203856us
Bounce: iterations=52 runtime: 194232us
Bounce: iterations=53 runtime: 193775us
Bounce: iterations=54 runtime: 194635us
Bounce: iterations=55 runtime: 198412us
Bounce: iterations=56 runtime: 202780us
Bounce: iterations=57 runtime: 193072us
Bounce: iterations=58 runtime: 192643us
Bounce: iterations=59 runtime: 195765us
Bounce: iterations=60 runtime: 193217us
Bounce: iterations=61 runtime: 193663us
Bounce: iterations=62 runtime: 194522us
Bounce: iterations=63 runtime: 196872us
Bounce: iterations=64 runtime: 194087us
Bounce: iterations=65 runtime: 193019us
Bounce: iterations=66 runtime: 192490us
Bounce: iterations=67 runtime: 195168us
Bounce: iterations=68 runtime: 195010us
Bounce: iterations=69 runtime: 194841us
Bounce: iterations=70 runtime: 194928us
Bounce: iterations=71 runtime: 196056us
Bounce: iterations=72 runtime: 194587us
Bounce: iterations=73 runtime: 193644us
Bounce: iterations=74 runtime: 193476us
Bounce: iterations=75 runtime: 193608us
Bounce: iterations=76 runtime: 197697us
Bounce: iterations=77 runtime: 195153us
Bounce: iterations=78 runtime: 194147us
Could not locate BlockSlowdown.json
Skipping Loading (this might cause a fatal crash if GTSlowdown is on)
java.nio.Buffer.capacity()int -1 codeSignature differs 138bc711c3bed648b8548df225303894eec321dce856bde9fbb2267d74239e89 != b84da6c168a864b24de57055760067fff8c97c57c508d6b8c6ea52df12fe61fe
Bounce: iterations=79 runtime: 192723us
Bounce: iterations=80 runtime: 198448us
Bounce: iterations=81 runtime: 192967us
Bounce: iterations=82 runtime: 192779us
Bounce: iterations=83 runtime: 193135us
Bounce: iterations=84 runtime: 195951us
Bounce: iterations=85 runtime: 193139us
Bounce: iterations=86 runtime: 193296us
Bounce: iterations=87 runtime: 192876us
Bounce: iterations=88 runtime: 195833us
Bounce: iterations=89 runtime: 193647us
Bounce: iterations=90 runtime: 193330us
Bounce: iterations=91 runtime: 192800us
Bounce: iterations=92 runtime: 195186us
Bounce: iterations=93 runtime: 194113us
Bounce: iterations=94 runtime: 193560us
Bounce: iterations=95 runtime: 193305us
Bounce: iterations=96 runtime: 195514us
Bounce: iterations=97 runtime: 194415us
Bounce: iterations=98 runtime: 193696us
Bounce: iterations=99 runtime: 194264us
Bounce: iterations=100 runtime: 193675us
Bounce: iterations=101 runtime: 196941us
Bounce: iterations=102 runtime: 224745us
Bounce: iterations=103 runtime: 193304us
Bounce: iterations=104 runtime: 193159us
Bounce: iterations=105 runtime: 197139us
Bounce: iterations=106 runtime: 194076us
Bounce: iterations=107 runtime: 193406us
Bounce: iterations=108 runtime: 193688us
Bounce: iterations=109 runtime: 196375us
Bounce: iterations=110 runtime: 192800us
Bounce: iterations=111 runtime: 192479us
Bounce: iterations=112 runtime: 192784us
Bounce: iterations=113 runtime: 195807us
Bounce: iterations=114 runtime: 192996us
Could not locate BlockSlowdown.json
Skipping Loading (this might cause a fatal crash if GTSlowdown is on)
java.nio.charset.CharsetEncoder.maxBytesPerChar()float -1 codeSignature differs d0dc63dd2361c2989cb14e4cf77bfb3442e0a43d3c92bbd78638646fefb8363f != fc84c03091d44b6099141a22fdb9f6cfabe66e5026a15b0d60a828a10b5481b9
Bounce: iterations=115 runtime: 193230us
Bounce: iterations=116 runtime: 196149us
Bounce: iterations=117 runtime: 197450us
Bounce: iterations=118 runtime: 194030us
Bounce: iterations=119 runtime: 193540us
Bounce: iterations=120 runtime: 193126us
Bounce: iterations=121 runtime: 195500us
Bounce: iterations=122 runtime: 194484us
Bounce: iterations=123 runtime: 193780us
Bounce: iterations=124 runtime: 192843us
Bounce: iterations=125 runtime: 193933us
Bounce: iterations=126 runtime: 193652us
Bounce: iterations=127 runtime: 194078us
Bounce: iterations=128 runtime: 194694us
Bounce: iterations=129 runtime: 193051us
Bounce: iterations=130 runtime: 196973us
Bounce: iterations=131 runtime: 193922us
Bounce: iterations=132 runtime: 193362us
Bounce: iterations=133 runtime: 193357us
Bounce: iterations=134 runtime: 195782us
Bounce: iterations=135 runtime: 192826us
Bounce: iterations=136 runtime: 192687us
Bounce: iterations=137 runtime: 192543us
Bounce: iterations=138 runtime: 196342us
Bounce: iterations=139 runtime: 194197us
Bounce: iterations=140 runtime: 193856us
Bounce: iterations=141 runtime: 193406us
Bounce: iterations=142 runtime: 197549us
Bounce: iterations=143 runtime: 193375us
Bounce: iterations=144 runtime: 193358us
Bounce: iterations=145 runtime: 194074us
Bounce: iterations=146 runtime: 195282us
Bounce: iterations=147 runtime: 195043us
Bounce: iterations=148 runtime: 195087us
Bounce: iterations=149 runtime: 193824us
Bounce: iterations=150 runtime: 195287us
Bounce: iterations=151 runtime: 194187us
Bounce: iterations=152 runtime: 193726us
Bounce: iterations=153 runtime: 195931us
Bounce: iterations=154 runtime: 193469us
Bounce: iterations=155 runtime: 196833us
Bounce: iterations=156 runtime: 192893us
Bounce: iterations=157 runtime: 192515us
Bounce: iterations=158 runtime: 192943us
Bounce: iterations=159 runtime: 196769us
Bounce: iterations=160 runtime: 194556us
Bounce: iterations=161 runtime: 192500us
Bounce: iterations=162 runtime: 193970us
Bounce: iterations=163 runtime: 196910us
Bounce: iterations=164 runtime: 192883us
Bounce: iterations=165 runtime: 192311us
Bounce: iterations=166 runtime: 192458us
Bounce: iterations=167 runtime: 197829us
Bounce: iterations=168 runtime: 193882us
Bounce: iterations=169 runtime: 192599us
Bounce: iterations=170 runtime: 193047us
Bounce: iterations=171 runtime: 195794us
Bounce: iterations=172 runtime: 193246us
Bounce: iterations=173 runtime: 210844us
Bounce: iterations=174 runtime: 193729us
Bounce: iterations=175 runtime: 195617us
Bounce: iterations=176 runtime: 195493us
Bounce: iterations=177 runtime: 193321us
Bounce: iterations=178 runtime: 192295us
Bounce: iterations=179 runtime: 197230us
Bounce: iterations=180 runtime: 194215us
Bounce: iterations=181 runtime: 192695us
Bounce: iterations=182 runtime: 192242us
Bounce: iterations=183 runtime: 192653us
Bounce: iterations=184 runtime: 196862us
Bounce: iterations=185 runtime: 193900us
Bounce: iterations=186 runtime: 192764us
Bounce: iterations=187 runtime: 192693us
Bounce: iterations=188 runtime: 195696us
Bounce: iterations=189 runtime: 192934us
Bounce: iterations=190 runtime: 192339us
Bounce: iterations=191 runtime: 192584us
Bounce: iterations=192 runtime: 196680us
Bounce: iterations=193 runtime: 193672us
Bounce: iterations=194 runtime: 192160us
Bounce: iterations=195 runtime: 192037us
Bounce: iterations=196 runtime: 195762us
Bounce: iterations=197 runtime: 193160us
Bounce: iterations=198 runtime: 193178us
Bounce: iterations=199 runtime: 192332us
Bounce: iterations=200 runtime: 195195us
Bounce: iterations=201 runtime: 193072us
Bounce: iterations=202 runtime: 192584us
Bounce: iterations=203 runtime: 191770us
Bounce: iterations=204 runtime: 194977us
Bounce: iterations=205 runtime: 197632us
Bounce: iterations=206 runtime: 192469us
Bounce: iterations=207 runtime: 191494us
Bounce: iterations=208 runtime: 192397us
Bounce: iterations=209 runtime: 196250us
Bounce: iterations=210 runtime: 191854us
Bounce: iterations=211 runtime: 192041us
Bounce: iterations=212 runtime: 191987us
Bounce: iterations=213 runtime: 195564us
Bounce: iterations=214 runtime: 192871us
Bounce: iterations=215 runtime: 192722us
Bounce: iterations=216 runtime: 191858us
Bounce: iterations=217 runtime: 195912us
Bounce: iterations=218 runtime: 191636us
Bounce: iterations=219 runtime: 193327us
Bounce: iterations=220 runtime: 193102us
Bounce: iterations=221 runtime: 194788us
Bounce: iterations=222 runtime: 192669us
Bounce: iterations=223 runtime: 193358us
Bounce: iterations=224 runtime: 192469us
Bounce: iterations=225 runtime: 195868us
Bounce: iterations=226 runtime: 193618us
Bounce: iterations=227 runtime: 192528us
Bounce: iterations=228 runtime: 191442us
Bounce: iterations=229 runtime: 194794us
Bounce: iterations=230 runtime: 208121us
Bounce: iterations=231 runtime: 213093us
Bounce: iterations=232 runtime: 192592us
Bounce: iterations=233 runtime: 193316us
Bounce: iterations=234 runtime: 193164us
Bounce: iterations=235 runtime: 191805us
Bounce: iterations=236 runtime: 191948us
Bounce: iterations=237 runtime: 192470us
Bounce: iterations=238 runtime: 196399us
Bounce: iterations=239 runtime: 192849us
Bounce: iterations=240 runtime: 192888us
Bounce: iterations=241 runtime: 192413us
Bounce: iterations=242 runtime: 196963us
Bounce: iterations=243 runtime: 192985us
Bounce: iterations=244 runtime: 192835us
Bounce: iterations=245 runtime: 193191us
Bounce: iterations=246 runtime: 195204us
Bounce: iterations=247 runtime: 191377us
Bounce: iterations=248 runtime: 192672us
Bounce: iterations=249 runtime: 191881us
Bounce: iterations=250 runtime: 194876us
Bounce: iterations=251 runtime: 191585us
Bounce: iterations=252 runtime: 191210us
Bounce: iterations=253 runtime: 191990us
Bounce: iterations=254 runtime: 194217us
Bounce: iterations=255 runtime: 192188us
Bounce: iterations=256 runtime: 193871us
Bounce: iterations=257 runtime: 192154us
Bounce: iterations=258 runtime: 218496us
Bounce: iterations=259 runtime: 193352us
Bounce: iterations=260 runtime: 191457us
Bounce: iterations=261 runtime: 190528us
Bounce: iterations=262 runtime: 191203us
Bounce: iterations=263 runtime: 195603us
Bounce: iterations=264 runtime: 191676us
Bounce: iterations=265 runtime: 193104us
Bounce: iterations=266 runtime: 192146us
Bounce: iterations=267 runtime: 194995us
Bounce: iterations=268 runtime: 192992us
Bounce: iterations=269 runtime: 191476us
Bounce: iterations=270 runtime: 191317us
Bounce: iterations=271 runtime: 195819us
Bounce: iterations=272 runtime: 192675us
Bounce: iterations=273 runtime: 192325us
Bounce: iterations=274 runtime: 192175us
Bounce: iterations=275 runtime: 195348us
Bounce: iterations=276 runtime: 193200us
Bounce: iterations=277 runtime: 192318us
Bounce: iterations=278 runtime: 191591us
Bounce: iterations=279 runtime: 195038us
Bounce: iterations=280 runtime: 192906us
Bounce: iterations=281 runtime: 191282us
Bounce: iterations=282 runtime: 208203us
Bounce: iterations=283 runtime: 194101us
Bounce: iterations=284 runtime: 194256us
Bounce: iterations=285 runtime: 193594us
Bounce: iterations=286 runtime: 192885us
Bounce: iterations=287 runtime: 194762us
Bounce: iterations=288 runtime: 193488us
Bounce: iterations=289 runtime: 191892us
Bounce: iterations=290 runtime: 191352us
Bounce: iterations=291 runtime: 191189us
Bounce: iterations=292 runtime: 212683us
Bounce: iterations=293 runtime: 192887us
Bounce: iterations=294 runtime: 193139us
Bounce: iterations=295 runtime: 192961us
Bounce: iterations=296 runtime: 196677us
Bounce: iterations=297 runtime: 192905us
Bounce: iterations=298 runtime: 192781us
Bounce: iterations=299 runtime: 192153us
Bounce: iterations=300 runtime: 195271us
Bounce: iterations=301 runtime: 191993us
Bounce: iterations=302 runtime: 191231us
Bounce: iterations=303 runtime: 191918us
Bounce: iterations=304 runtime: 195281us
Bounce: iterations=305 runtime: 193668us
Bounce: iterations=306 runtime: 193995us
Bounce: iterations=307 runtime: 193211us
Bounce: iterations=308 runtime: 223558us
Bounce: iterations=309 runtime: 193761us
Bounce: iterations=310 runtime: 193282us
Bounce: iterations=311 runtime: 193869us
Bounce: iterations=312 runtime: 195877us
Bounce: iterations=313 runtime: 194956us
Bounce: iterations=314 runtime: 193715us
Bounce: iterations=315 runtime: 193055us
Bounce: iterations=316 runtime: 192388us
Bounce: iterations=317 runtime: 197044us
Bounce: iterations=318 runtime: 194652us
Bounce: iterations=319 runtime: 193570us
Bounce: iterations=320 runtime: 193117us
Bounce: iterations=321 runtime: 196205us
Bounce: iterations=322 runtime: 192936us
Bounce: iterations=323 runtime: 192420us
Bounce: iterations=324 runtime: 192007us
Bounce: iterations=325 runtime: 215609us
Bounce: iterations=326 runtime: 194390us
Bounce: iterations=327 runtime: 192643us
Bounce: iterations=328 runtime: 191908us
Bounce: iterations=329 runtime: 195437us
Bounce: iterations=330 runtime: 194222us
Bounce: iterations=331 runtime: 193593us
Bounce: iterations=332 runtime: 192575us
Bounce: iterations=333 runtime: 199269us
Bounce: iterations=334 runtime: 194607us
Bounce: iterations=335 runtime: 193490us
Bounce: iterations=336 runtime: 193355us
Bounce: iterations=337 runtime: 195730us
Bounce: iterations=338 runtime: 194677us
Bounce: iterations=339 runtime: 195050us
Bounce: iterations=340 runtime: 193905us
Bounce: iterations=341 runtime: 195814us
Bounce: iterations=342 runtime: 194400us
Bounce: iterations=343 runtime: 193975us
Bounce: iterations=344 runtime: 193511us
Bounce: iterations=345 runtime: 193509us
Bounce: iterations=346 runtime: 197200us
Bounce: iterations=347 runtime: 194741us
Bounce: iterations=348 runtime: 195155us
Bounce: iterations=349 runtime: 194980us
Bounce: iterations=350 runtime: 197057us
Bounce: iterations=351 runtime: 194969us
Bounce: iterations=352 runtime: 196181us
Bounce: iterations=353 runtime: 194195us
Bounce: iterations=354 runtime: 195752us
Bounce: iterations=355 runtime: 193778us
Bounce: iterations=356 runtime: 193917us
Bounce: iterations=357 runtime: 194788us
Bounce: iterations=358 runtime: 195391us
Bounce: iterations=359 runtime: 198080us
Bounce: iterations=360 runtime: 193609us
Bounce: iterations=361 runtime: 193043us
Bounce: iterations=362 runtime: 195909us
Bounce: iterations=363 runtime: 195811us
Bounce: iterations=364 runtime: 241656us
Bounce: iterations=365 runtime: 193176us
Bounce: iterations=366 runtime: 194962us
Bounce: iterations=367 runtime: 194877us
Bounce: iterations=368 runtime: 193547us
Bounce: iterations=369 runtime: 192782us
Bounce: iterations=370 runtime: 192768us
Bounce: iterations=371 runtime: 197225us
Bounce: iterations=372 runtime: 193387us
Bounce: iterations=373 runtime: 192276us
Bounce: iterations=374 runtime: 192583us
Bounce: iterations=375 runtime: 195665us
Bounce: iterations=376 runtime: 193702us
Bounce: iterations=377 runtime: 191471us
Bounce: iterations=378 runtime: 191838us
Bounce: iterations=379 runtime: 196987us
Bounce: iterations=380 runtime: 194336us
Bounce: iterations=381 runtime: 193140us
Bounce: iterations=382 runtime: 192712us
Bounce: iterations=383 runtime: 196080us
Bounce: iterations=384 runtime: 196375us
Bounce: iterations=385 runtime: 194365us
Bounce: iterations=386 runtime: 192003us
Bounce: iterations=387 runtime: 194969us
Bounce: iterations=388 runtime: 192038us
Bounce: iterations=389 runtime: 191195us
Bounce: iterations=390 runtime: 191640us
Bounce: iterations=391 runtime: 194231us
Bounce: iterations=392 runtime: 193060us
Bounce: iterations=393 runtime: 192117us
Bounce: iterations=394 runtime: 191146us
Bounce: iterations=395 runtime: 193115us
Bounce: iterations=396 runtime: 195465us
Bounce: iterations=397 runtime: 192868us
Bounce: iterations=398 runtime: 191800us
Bounce: iterations=399 runtime: 192055us
Bounce: iterations=400 runtime: 196969us
Bounce: iterations=401 runtime: 192698us
Bounce: iterations=402 runtime: 191942us
Bounce: iterations=403 runtime: 191587us
Bounce: iterations=404 runtime: 195476us
Bounce: iterations=405 runtime: 193391us
Bounce: iterations=406 runtime: 192833us
Bounce: iterations=407 runtime: 191798us
Bounce: iterations=408 runtime: 196019us
Bounce: iterations=409 runtime: 194828us
Bounce: iterations=410 runtime: 196818us
Bounce: iterations=411 runtime: 194103us
Bounce: iterations=412 runtime: 195516us
Bounce: iterations=413 runtime: 193624us
Bounce: iterations=414 runtime: 194030us
Bounce: iterations=415 runtime: 193653us
Bounce: iterations=416 runtime: 196309us
Could not locate BlockSlowdown.json
Skipping Loading (this might cause a fatal crash if GTSlowdown is on)
java.lang.StringLatin1.inflate(byte[], int, char[], int, int)void -1 codeSignature differs d12363b0fa944c3141709d1d15ff92c10bb825ce967b2050b65342abfb7722e9 != 7229d185807c5eb1f821125a028c07df1ddeaa104c27495e511e6ad0d767c33a
java.lang.StringLatin1.inflate(byte[], int, char[], int, int)void -1 graphSignature differs 17e6f3ed6596e5d6840a8a77065c9470c41838c2630b4535538ec163efd33e69 != e838eb1809aadd841c1ff5fe2e7a1043b73670d291c51dcf64d0aae8eaa2b7e0
Bounce: iterations=417 runtime: 196096us
Bounce: iterations=418 runtime: 195298us
Bounce: iterations=419 runtime: 193081us
Bounce: iterations=420 runtime: 194228us
Bounce: iterations=421 runtime: 194948us
Bounce: iterations=422 runtime: 193270us
Bounce: iterations=423 runtime: 193220us
Bounce: iterations=424 runtime: 193201us
Bounce: iterations=425 runtime: 195675us
Bounce: iterations=426 runtime: 191947us
Bounce: iterations=427 runtime: 191350us
Bounce: iterations=428 runtime: 192390us
Bounce: iterations=429 runtime: 195099us
Bounce: iterations=430 runtime: 193663us
Bounce: iterations=431 runtime: 192918us
Bounce: iterations=432 runtime: 192230us
Bounce: iterations=433 runtime: 195349us
Bounce: iterations=434 runtime: 193503us
Bounce: iterations=435 runtime: 192869us
Bounce: iterations=436 runtime: 197389us
Bounce: iterations=437 runtime: 195879us
Bounce: iterations=438 runtime: 193891us
Bounce: iterations=439 runtime: 193639us
Bounce: iterations=440 runtime: 193192us
Bounce: iterations=441 runtime: 196665us
Bounce: iterations=442 runtime: 193915us
Bounce: iterations=443 runtime: 193800us
Bounce: iterations=444 runtime: 192466us
Bounce: iterations=445 runtime: 194723us
Bounce: iterations=446 runtime: 194751us
Bounce: iterations=447 runtime: 193255us
Bounce: iterations=448 runtime: 192962us
Bounce: iterations=449 runtime: 194875us
Bounce: iterations=450 runtime: 195080us
Bounce: iterations=451 runtime: 194301us
Bounce: iterations=452 runtime: 193213us
Bounce: iterations=453 runtime: 193712us
Bounce: iterations=454 runtime: 195655us
Bounce: iterations=455 runtime: 193978us
Bounce: iterations=456 runtime: 193958us
Bounce: iterations=457 runtime: 193956us
Bounce: iterations=458 runtime: 196054us
Bounce: iterations=459 runtime: 192652us
Bounce: iterations=460 runtime: 192846us
Bounce: iterations=461 runtime: 194661us
Bounce: iterations=462 runtime: 199344us
Bounce: iterations=463 runtime: 193998us
Bounce: iterations=464 runtime: 193811us
Bounce: iterations=465 runtime: 193333us
Bounce: iterations=466 runtime: 195427us
Bounce: iterations=467 runtime: 193464us
Bounce: iterations=468 runtime: 192285us
Bounce: iterations=469 runtime: 192722us
Bounce: iterations=470 runtime: 194662us
Bounce: iterations=471 runtime: 194931us
Bounce: iterations=472 runtime: 193243us
Bounce: iterations=473 runtime: 211776us
Bounce: iterations=474 runtime: 195425us
Bounce: iterations=475 runtime: 192795us
Bounce: iterations=476 runtime: 191365us
Bounce: iterations=477 runtime: 191863us
Bounce: iterations=478 runtime: 192093us
Bounce: iterations=479 runtime: 196662us
Bounce: iterations=480 runtime: 193087us
Bounce: iterations=481 runtime: 192719us
Bounce: iterations=482 runtime: 192764us
Bounce: iterations=483 runtime: 196667us
Bounce: iterations=484 runtime: 193281us
Bounce: iterations=485 runtime: 193112us
Bounce: iterations=486 runtime: 192527us
Bounce: iterations=487 runtime: 198803us
Bounce: iterations=488 runtime: 194016us
Could not locate BlockSlowdown.json
Skipping Loading (this might cause a fatal crash if GTSlowdown is on)
java.lang.StringCoding.implEncodeAsciiArray(char[], int, byte[], int, int)int -1 codeSignature differs a4d525ee532749fd09e0ef41f5918e2b891717235a29344d07c74f6112bb4c2c != d55fbea694761fc922a42e91b2b98c835dce3c3f298c1fe7d5ce8aa936963d2d
java.lang.StringCoding.implEncodeAsciiArray(char[], int, byte[], int, int)int -1 graphSignature differs bc8f20c8c772d3cc0eaba9b68bcd84047d761ba16a7aeb64fe90c36d37dcccb7 != 3bdd078c3a9d60d7eff24b6603d8a355db817965321aded167eb2387bae94eb4
Bounce: iterations=489 runtime: 193614us
Bounce: iterations=490 runtime: 196429us
Bounce: iterations=491 runtime: 195934us
Bounce: iterations=492 runtime: 194105us
Bounce: iterations=493 runtime: 193038us
Bounce: iterations=494 runtime: 193033us
Bounce: iterations=495 runtime: 195455us
Bounce: iterations=496 runtime: 193099us
Bounce: iterations=497 runtime: 192418us
Bounce: iterations=498 runtime: 191816us
Bounce: iterations=499 runtime: 194274us
Bounce: iterations=500 runtime: 194382us
Could not locate BlockSlowdown.json
Skipping Loading (this might cause a fatal crash if GTSlowdown is on)
Bounce: iterations=500 average: 194778us total: 97389479us


Total Runtime: 97389479us
Bubo.RDTSC.Harness.main Total RDTSC cycles: 323516540186
