[Use -Djdk.graal.LogFile=<path> to redirect Graal log output to a file.]
java.lang.module.ModuleDescriptor.name()java.lang.String -1 codeSignature differs 5be282a10c496d4000571a6844c9c0bc109901813a12d3aea5364efad6a66c85 != 236f622407d0112ac18220ce2f7dd8fc95a4975bd21efedc593a420240b9e35f
java.lang.module.ModuleReference.descriptor()java.lang.module.ModuleDescriptor -1 codeSignature differs 14be906eafbcd0e98db8607fd01b12de837039bcd06c460d0cf8f6394c8cff6d != d74a3d991dcad2ff0132c63a48dc50da7170128a36ef27d42bfbafe23260746e
java.lang.Enum.ordinal()int -1 codeSignature differs d4ce072063a0e5d7b77fa03ca89aafb8f3e3ecf13c518dc1905e344d1e62c58a != 6379912ece14b3e5c494001bcdbf513550438500c9fe64692666ea4804585a5b
java.lang.Class.isPrimitive()boolean -1 codeSignature differs 98ab40cf2ebcc843a57e4548f9a42e2e9f3f439b3cfc72b2a9affe72c8d06a5f != 3e78a4a854866f13977dcbf9876f9c5a148d0cfe8abd55bad528a298e2ab0d37
jdk.internal.util.StrongReferenceKey.get()java.lang.Object -1 codeSignature differs 14be906eafbcd0e98db8607fd01b12de837039bcd06c460d0cf8f6394c8cff6d != d74a3d991dcad2ff0132c63a48dc50da7170128a36ef27d42bfbafe23260746e
java.lang.Class.getClassLoader()java.lang.ClassLoader -1 codeSignature differs 1ec746d9657abb2124f404e47924197593986fc62346c6cd76072c08e29afddf != fc6683d6dbc2e9c193939db2b7b3809c7ed36f548dabbad32ce6a77af2acbb5c
java.lang.invoke.MethodType.returnType()java.lang.Class -1 codeSignature differs 14be906eafbcd0e98db8607fd01b12de837039bcd06c460d0cf8f6394c8cff6d != d74a3d991dcad2ff0132c63a48dc50da7170128a36ef27d42bfbafe23260746e
jdk.internal.classfile.impl.AbstractPoolEntry.index()int -1 codeSignature differs d4ce072063a0e5d7b77fa03ca89aafb8f3e3ecf13c518dc1905e344d1e62c58a != 6379912ece14b3e5c494001bcdbf513550438500c9fe64692666ea4804585a5b
java.lang.invoke.MemberName.getDeclaringClass()java.lang.Class -1 codeSignature differs b46e439bc51650ff335d2a7124f0b0154f260fe1af8ba145c6fd3cf5008c9e4e != 65875f01c4739b3690cfc99e32978813efde10140dd67c4d7a0e3015e243befa
java.lang.invoke.MethodType.form()java.lang.invoke.MethodTypeForm -1 codeSignature differs 5be282a10c496d4000571a6844c9c0bc109901813a12d3aea5364efad6a66c85 != 236f622407d0112ac18220ce2f7dd8fc95a4975bd21efedc593a420240b9e35f
java.util.stream.FindOps$FindSink.cancellationRequested()boolean -1 codeSignature differs 55af0dc4b7688c78180d5f5b00584e4bf66cf93bd60716f9aab49e7a6fd64ac4 != f48625702890d29653fc29959db5796353242ca5005d0c97563dc7641a6e9521
java.lang.Object.<init>()void -1 codeSignature differs fe534d3aac0502b22527b54e744892c09d7496fd765947a3ee3ec9a070d56f92 != 53fed571f2d162d1b06665e593acff62e94c3c2feeb837a313805208a153c804
jdk.internal.module.ModuleReferenceImpl.moduleResolution()jdk.internal.module.ModuleResolution -1 codeSignature differs b76db95b8fd3a055b26c3a6c15023743ea3cd488646d474319964a2e9e13b73e != acecf092198f6e600ae574ae88f94c3dcc124dff78fd33d38e7503cf1de4cb84
java.lang.String.hashCode()int -1 codeSignature differs cd869c87835ef8242ee90410caccd8a61a63cd99231e11f83fcdc76366e70264 != 4af57cd2c352f504d9843ac55232e6c06b59ac42ecb11ac71e7928d819941700
java.lang.module.ModuleDescriptor$Requires.modifiers()java.util.Set -1 codeSignature differs 14be906eafbcd0e98db8607fd01b12de837039bcd06c460d0cf8f6394c8cff6d != d74a3d991dcad2ff0132c63a48dc50da7170128a36ef27d42bfbafe23260746e
java.lang.module.ModuleDescriptor$Requires.name()java.lang.String -1 codeSignature differs 90f01eeb46d88d53d0e4e48ef19445eb3bdf8101a00c7dc3f717a337df9fb41f != 3dca556ce0a4f9f9b2a7bcbcee2ecdeeb626fd493f0993079a0f91070abff97b
java.lang.module.ModuleDescriptor.requires()java.util.Set -1 codeSignature differs 50021c78154f047ad8f88f0733084203e726ca2f3911eed3f4e2615369ae39b2 != 38c64b25607c18539afa677dc017db8b0b2e69cd25c409ff2fbbda9b724f85b9
java.lang.module.ModuleDescriptor.isAutomatic()boolean -1 codeSignature differs 2c5d9434fa6cbff1c0177053ad01774247e7a98383a3d0ee5c4dccbf56bf9e86 != 573ad2b7aa6bd940d385aadba08b49259d18cc84676cb0e7d2bc6bb2b3a188b0
java.util.HashMap$Node.getKey()java.lang.Object -1 codeSignature differs 90f01eeb46d88d53d0e4e48ef19445eb3bdf8101a00c7dc3f717a337df9fb41f != 3dca556ce0a4f9f9b2a7bcbcee2ecdeeb626fd493f0993079a0f91070abff97b
java.util.HashMap$Node.getValue()java.lang.Object -1 codeSignature differs 5be282a10c496d4000571a6844c9c0bc109901813a12d3aea5364efad6a66c85 != 236f622407d0112ac18220ce2f7dd8fc95a4975bd21efedc593a420240b9e35f
java.util.ImmutableCollections$Set12.isEmpty()boolean -1 codeSignature differs d890ffc04cd03ec866061096d7d13d2670cacc5a2328b692374e3523d40574bd != 55a5cc963fc3641936c496e734b67cb2da5b04dc6786193efb958b4650f80fcc
java.lang.module.ModuleDescriptor$Exports.source()java.lang.String -1 codeSignature differs 90f01eeb46d88d53d0e4e48ef19445eb3bdf8101a00c7dc3f717a337df9fb41f != 3dca556ce0a4f9f9b2a7bcbcee2ecdeeb626fd493f0993079a0f91070abff97b
java.lang.module.ModuleDescriptor$Exports.targets()java.util.Set -1 codeSignature differs 5be282a10c496d4000571a6844c9c0bc109901813a12d3aea5364efad6a66c85 != 236f622407d0112ac18220ce2f7dd8fc95a4975bd21efedc593a420240b9e35f
java.lang.module.ModuleDescriptor.provides()java.util.Set -1 codeSignature differs 309d9291f2d3c2a63becdec49b2c74b25af9d7fdc62dad05faf86a64889608fc != ac8620023b60722a9bd4c025af16c863bb01ff2e1485a56d1a0e66cae8c98d9f
java.lang.module.ModuleDescriptor.exports()java.util.Set -1 codeSignature differs 948d21eddb9ad191efbc24290e4e840a30aebb134151b75def9175ab54c0a48c != 64b1f8caa863f256c52a850b78b1f50f6cb4cdbb0fd449ebc0f6c33942f7e576
java.util.ImmutableCollections$SetN$SetNIterator.hasNext()boolean -1 codeSignature differs 014069b9d29ae67f97f8d652b8d7a77d9057cdb393e4e32597c925d7a30bdc82 != 68bedb7c2b89fc57eca6528f835388a812a6a51c19835f3ca5c045deed27b552
java.lang.module.ModuleDescriptor.uses()java.util.Set -1 codeSignature differs e3ce51591a4fee3aaff0c687fbb639bc8c1569c92e84d989cdc906a081a3aa6f != a28d016eade96af94b1490585bd89e875ca450bc08a58e964a7e2d9c660f535c
java.util.ImmutableCollections$SetN$SetNIterator.next()java.lang.Object -1 codeSignature differs 4e76ba541038849bb8e0e4a415648ce3141893b6aa5afc50d33cb7741470db08 != 9ada83417ac793d7136a278090746c2f10c77204a30d308441be04e5065b2590
java.util.ImmutableCollections$SetN$SetNIterator.next()java.lang.Object -1 graphSignature differs cc325e064e7585e0e6736addc07d3b5b1a1e9ec52f960e7777496af159b5096f != 920e12a7ee41cc3a0a3487d03bd48833bfc4e8d416bdbae7234f8ba199084b4d
java.lang.module.ModuleDescriptor$Provides.service()java.lang.String -1 codeSignature differs 14be906eafbcd0e98db8607fd01b12de837039bcd06c460d0cf8f6394c8cff6d != d74a3d991dcad2ff0132c63a48dc50da7170128a36ef27d42bfbafe23260746e
java.util.HashMap.hash(java.lang.Object)int -1 codeSignature differs 20239c85c068cf9fcb52fc0cca182c3a7de456461b4f8b63d991ff97fd8113de != 3f530fc92bbd58bdf1cd0d39de68679d47bf381b6d73b807c4249c76a4fbb676
java.lang.module.ModuleDescriptor$Exports.isQualified()boolean -1 codeSignature differs 9ee0083c3a6108db9849262b7d5a1b7e4d5b054c5258716c2245d504983977c4 != 97c186d1193935e380d2618e3b25afeda2efc81a65266b0659733d28dcaec0a4
java.util.HashMap.putVal(int, java.lang.Object, java.lang.Object, boolean, boolean)java.lang.Object -1 codeSignature differs aca8fe0b532c09a19ef60f8841b962b6a1b4e16695f4014ff5ebfb8d0a39c448 != c36d76490f381622d46c550710b6be8bda901dc2ed272de95cbb756bc685022d
java.util.HashMap.putVal(int, java.lang.Object, java.lang.Object, boolean, boolean)java.lang.Object -1 graphSignature differs 71c7befc4bcc50903c01cb500806055811a71080bd754d077284439fcd10103c != 5a74e12f320f5360d51b0bb3946f087ce2dce5afa144b15d312a3acc1621c4cf
java.lang.String.equals(java.lang.Object)boolean -1 codeSignature differs f5747f05d8cb43a0e84b3d89443c10d37c72a20d9b0342eb86834299bed80ca6 != 119dc6e6665ec6b4c44f1e420beb3682c6794e4c2205f6f17310bd0f4f948907
java.lang.String.equals(java.lang.Object)boolean -1 graphSignature differs 240f841b413bb8bd2af4877cb3753eac11d3bdc482d702e067df992e72784ebb != 2d841e5f6ff33687ba2a8e89c73735b82c892266d476f740b43f9fc2b4d21873
java.util.KeyValueHolder.getKey()java.lang.Object -1 codeSignature differs 14be906eafbcd0e98db8607fd01b12de837039bcd06c460d0cf8f6394c8cff6d != d74a3d991dcad2ff0132c63a48dc50da7170128a36ef27d42bfbafe23260746e
java.util.KeyValueHolder.getValue()java.lang.Object -1 codeSignature differs 90f01eeb46d88d53d0e4e48ef19445eb3bdf8101a00c7dc3f717a337df9fb41f != 3dca556ce0a4f9f9b2a7bcbcee2ecdeeb626fd493f0993079a0f91070abff97b
java.lang.module.ModuleDescriptor.packages()java.util.Set -1 codeSignature differs 1ec746d9657abb2124f404e47924197593986fc62346c6cd76072c08e29afddf != fc6683d6dbc2e9c193939db2b7b3809c7ed36f548dabbad32ce6a77af2acbb5c
java.lang.module.ResolvedModule.reference()java.lang.module.ModuleReference -1 codeSignature differs 90f01eeb46d88d53d0e4e48ef19445eb3bdf8101a00c7dc3f717a337df9fb41f != 3dca556ce0a4f9f9b2a7bcbcee2ecdeeb626fd493f0993079a0f91070abff97b
java.util.HashMap$Node.<init>(int, java.lang.Object, java.lang.Object, java.util.HashMap$Node)void -1 codeSignature differs ac7b59c2155c64e9cf4f26a8c0b6ed6530f2767f6ec40e3270ae1b14cfdd76cf != 642f4d895bb7c941283e8a816ceddd86fa94c248cd0e3c007f5f6e4a16ff7f7e
java.lang.module.ModuleDescriptor$Version.toString()java.lang.String -1 codeSignature differs 14be906eafbcd0e98db8607fd01b12de837039bcd06c460d0cf8f6394c8cff6d != d74a3d991dcad2ff0132c63a48dc50da7170128a36ef27d42bfbafe23260746e
java.lang.AbstractStringBuilder.length()int -1 codeSignature differs d4ce072063a0e5d7b77fa03ca89aafb8f3e3ecf13c518dc1905e344d1e62c58a != 6379912ece14b3e5c494001bcdbf513550438500c9fe64692666ea4804585a5b
java.util.HashMap.newNode(int, java.lang.Object, java.lang.Object, java.util.HashMap$Node)java.util.HashMap$Node -1 codeSignature differs 0b57ad3d0ea1b0de0d3ae4d1256f2a3bf2dacceb94022bee4e70d75bf1848358 != d2c2a415cba31cf48b157817e62dcfa6745f18dc85bdd37bd358d1bb63bfa15d
java.util.HashMap.afterNodeInsertion(boolean)void -1 codeSignature differs fe534d3aac0502b22527b54e744892c09d7496fd765947a3ee3ec9a070d56f92 != 53fed571f2d162d1b06665e593acff62e94c3c2feeb837a313805208a153c804
java.util.HashMap.resize()java.util.HashMap$Node[] -1 codeSignature differs e7aed9b1992063c201cc146d62c8a16b25d4cef68cedbef3ca630c1874db4a4c != f45f6c33f21cd0b4519a46e5c5e5fa5bf267e6434e46f3738a634c3f88f0513e
java.util.HashMap.resize()java.util.HashMap$Node[] -1 graphSignature differs 8621339e67ed630b148c0b60d4ece2a8f5e4dc640c7e625f721a8babedbc3813 != 907f32e8439d3100299993dcad76560e08b0f705baa3a6e36f739c5640084aa9
java.lang.module.ResolvedModule.configuration()java.lang.module.Configuration -1 codeSignature differs 14be906eafbcd0e98db8607fd01b12de837039bcd06c460d0cf8f6394c8cff6d != d74a3d991dcad2ff0132c63a48dc50da7170128a36ef27d42bfbafe23260746e
java.lang.module.ModuleDescriptor.isOpen()boolean -1 codeSignature differs 7251ebfc69511ba11260ce3e5fe8de41e1ee424c1c84ef382507a4b520f46599 != 68c1b93afd5159dbd52f415e41c6f206a35012c76ae6407eef42650396bf8bfc
java.util.HashMap.size()int -1 codeSignature differs 55d12884885f16e44e8204f924f64617688caf405b709d32e1e72896f6c27c3d != 602769ad44793bd98e92b9e62f8542f52d5162d04d5d1c146bc1a1f5f4eab2b1
java.util.zip.ZipCoder$UTF8ZipCoder.isUTF8()boolean -1 codeSignature differs 6e3a14458a0fca90e6a63285514a933585cea592cb622e79b33ddc5df6e0fb66 != f86c5820929a34f03b9429610f522a6efd833767bf69832ae22131f6e690fc71
jdk.internal.classfile.impl.AbstractPoolEntry.width()int -1 codeSignature differs 6e3a14458a0fca90e6a63285514a933585cea592cb622e79b33ddc5df6e0fb66 != f86c5820929a34f03b9429610f522a6efd833767bf69832ae22131f6e690fc71
jdk.internal.classfile.impl.SplitConstantPool.size()int -1 codeSignature differs 1e851f5b2cbf37c0cd46831368dd889b60dff01d7b16161259960e24b264ceb1 != 8842033c3435ba9022b0d14a05ef1a95782e7436e1f26a804596a2590677c40d
java.lang.invoke.MethodType.ptypes()java.lang.Class[] -1 codeSignature differs 90f01eeb46d88d53d0e4e48ef19445eb3bdf8101a00c7dc3f717a337df9fb41f != 3dca556ce0a4f9f9b2a7bcbcee2ecdeeb626fd493f0993079a0f91070abff97b
jdk.internal.classfile.impl.RawBytecodeHelper.bci()int -1 codeSignature differs fe46e3fea17c2bcac25676024acf43715946ed13832c36004058f315d01e6ed3 != f644854fb6e4ffc5fb86a7d696951b13023f6a472bb2253c81909dd20f94fad0
jdk.internal.classfile.impl.AbstractPoolEntry.constantPool()java.lang.classfile.constantpool.ConstantPool -1 codeSignature differs 5be282a10c496d4000571a6844c9c0bc109901813a12d3aea5364efad6a66c85 != 236f622407d0112ac18220ce2f7dd8fc95a4975bd21efedc593a420240b9e35f
java.lang.AbstractStringBuilder.getValue()byte[] -1 codeSignature differs 5be282a10c496d4000571a6844c9c0bc109901813a12d3aea5364efad6a66c85 != 236f622407d0112ac18220ce2f7dd8fc95a4975bd21efedc593a420240b9e35f
jdk.internal.constant.ClassOrInterfaceDescImpl.descriptorString()java.lang.String -1 codeSignature differs 14be906eafbcd0e98db8607fd01b12de837039bcd06c460d0cf8f6394c8cff6d != d74a3d991dcad2ff0132c63a48dc50da7170128a36ef27d42bfbafe23260746e
java.lang.String.value()byte[] -1 codeSignature differs 5be282a10c496d4000571a6844c9c0bc109901813a12d3aea5364efad6a66c85 != 236f622407d0112ac18220ce2f7dd8fc95a4975bd21efedc593a420240b9e35f
jdk.internal.classfile.impl.BufWriterImpl.size()int -1 codeSignature differs fe46e3fea17c2bcac25676024acf43715946ed13832c36004058f315d01e6ed3 != f644854fb6e4ffc5fb86a7d696951b13023f6a472bb2253c81909dd20f94fad0
java.lang.StringLatin1.equals(byte[], byte[])boolean -1 codeSignature differs 2cfeb7ca81e519d27a2f4886127bbb28eb00282f6a344501abe1cdc2705cba4e != ce6957fde94989d8dfb9f657cd698acb12bd0f01e407ce68915647520f63bd02
java.lang.StringLatin1.equals(byte[], byte[])boolean -1 graphSignature differs f47d0b1647dabd6f0108a1c873e12c6a64939992dcc9e97f79a9e6e1f1af8649 != cda1bda6b067c21da86f5c9b00220a168b94ff95811df6ee0a57435eb4ec0473
jdk.internal.classfile.impl.AbstractDirectBuilder.constantPool()jdk.internal.classfile.impl.SplitConstantPool -1 codeSignature differs 14be906eafbcd0e98db8607fd01b12de837039bcd06c460d0cf8f6394c8cff6d != d74a3d991dcad2ff0132c63a48dc50da7170128a36ef27d42bfbafe23260746e
java.lang.StringLatin1.inflate(byte[], int, char[], int, int)void -1 codeSignature differs d12363b0fa944c3141709d1d15ff92c10bb825ce967b2050b65342abfb7722e9 != 7229d185807c5eb1f821125a028c07df1ddeaa104c27495e511e6ad0d767c33a
java.lang.StringLatin1.inflate(byte[], int, char[], int, int)void -1 graphSignature differs 17e6f3ed6596e5d6840a8a77065c9470c41838c2630b4535538ec163efd33e69 != e838eb1809aadd841c1ff5fe2e7a1043b73670d291c51dcf64d0aae8eaa2b7e0
java.lang.String.coder()byte -1 codeSignature differs f3a73f0f7ffcffdf8962f6b17b32b9d22dceb70a6321ad4e83f092ac924fb640 != 82f5235e2dbc41130ab9f332d81a84c727950ed13b523486e1cf57bd2f9bda2c
java.util.HashMap.hash(java.lang.Object)int -1 codeSignature differs 95727273272bbc3d97a148b2904548146a2f31a68f621842dc1ef6bd5f44d255 != 3f530fc92bbd58bdf1cd0d39de68679d47bf381b6d73b807c4249c76a4fbb676
java.util.HashMap.hash(java.lang.Object)int -1 graphSignature differs 9218824ad4cc01818c44d11336a534489b7938cafbd5dadeb97b0d4490cd770b != a84a14d9866f5db84bda5d979ff9a6d49d572c1e799301fb27e23863599a9b6a
jdk.internal.util.WeakReferenceKey.hashCode()int -1 codeSignature differs 55d12884885f16e44e8204f924f64617688caf405b709d32e1e72896f6c27c3d != 602769ad44793bd98e92b9e62f8542f52d5162d04d5d1c146bc1a1f5f4eab2b1
java.lang.invoke.MethodTypeForm.erasedType()java.lang.invoke.MethodType -1 codeSignature differs 90f01eeb46d88d53d0e4e48ef19445eb3bdf8101a00c7dc3f717a337df9fb41f != 3dca556ce0a4f9f9b2a7bcbcee2ecdeeb626fd493f0993079a0f91070abff97b
java.nio.Buffer.limit()int -1 codeSignature differs 55d12884885f16e44e8204f924f64617688caf405b709d32e1e72896f6c27c3d != 602769ad44793bd98e92b9e62f8542f52d5162d04d5d1c146bc1a1f5f4eab2b1
jdk.internal.constant.ClassOrInterfaceDescImpl.isClassOrInterface()boolean -1 codeSignature differs 6e3a14458a0fca90e6a63285514a933585cea592cb622e79b33ddc5df6e0fb66 != f86c5820929a34f03b9429610f522a6efd833767bf69832ae22131f6e690fc71
java.util.ArrayList.size()int -1 codeSignature differs fe46e3fea17c2bcac25676024acf43715946ed13832c36004058f315d01e6ed3 != f644854fb6e4ffc5fb86a7d696951b13023f6a472bb2253c81909dd20f94fad0
jdk.internal.classfile.impl.AbstractPoolEntry$ClassEntryImpl.tag()int -1 codeSignature differs 5404769be9f3dbc3cb72c5db1a8ad8dd44853cedba352c69c6db32de21c4dbb9 != 9e72aee727452f3bd7e5755029309d18662e78c7d8f6a3fef1fa786c235c1353
java.lang.String.length()int -1 codeSignature differs 5f2a9f3bb1f4f800ea4f2ad278553dedcfc789fe27a155b26df986828b30ede3 != 65d375b72c5817a4f8af1bcdf77dbdcb452e4f9ceb60cd42724b10772bcfdc62
jdk.internal.classfile.impl.AbstractPoolEntry.hashCode()int -1 codeSignature differs fe46e3fea17c2bcac25676024acf43715946ed13832c36004058f315d01e6ed3 != f644854fb6e4ffc5fb86a7d696951b13023f6a472bb2253c81909dd20f94fad0
jdk.internal.constant.PrimitiveClassDescImpl.descriptorString()java.lang.String -1 codeSignature differs 7722674ec43cccc19227bd0fe31433696da3716816c65b03f1730e1c0254917a != 2859d17d681828116974698ed904c3f2d6f285799222904b89fcd6ff7a2f986f
java.lang.String.equals(java.lang.Object)boolean -1 codeSignature differs bfac87225bafdc58673e804c03dd822bf37abdab95c86ed18af1cb75d90e2a8b != 119dc6e6665ec6b4c44f1e420beb3682c6794e4c2205f6f17310bd0f4f948907
java.lang.String.equals(java.lang.Object)boolean -1 graphSignature differs 3db2bd1e1e18c2bda01c5f5968b4897c6a680343cb60349dd960833af8c8b667 != 2d841e5f6ff33687ba2a8e89c73735b82c892266d476f740b43f9fc2b4d21873
Requesting uncached profile for bci 74 in java.util.HashMap.putVal(int, java.lang.Object, java.lang.Object, boolean, boolean)java.lang.Object method getBytecodeProfile
Requesting uncached profile for bci 74 in java.util.HashMap.putVal(int, java.lang.Object, java.lang.Object, boolean, boolean)java.lang.Object method getExceptionSeen
Requesting uncached profile for bci 81 in java.util.HashMap.putVal(int, java.lang.Object, java.lang.Object, boolean, boolean)java.lang.Object method getBytecodeProfile
Requesting uncached profile for bci 81 in java.util.HashMap.putVal(int, java.lang.Object, java.lang.Object, boolean, boolean)java.lang.Object method getBranchTakenProbability
Requesting uncached profile for bci 85 in java.util.HashMap.putVal(int, java.lang.Object, java.lang.Object, boolean, boolean)java.lang.Object method getBytecodeProfile
Requesting uncached profile for bci 85 in java.util.HashMap.putVal(int, java.lang.Object, java.lang.Object, boolean, boolean)java.lang.Object method getBranchTakenProbability
Requesting uncached profile for bci 91 in java.util.HashMap.putVal(int, java.lang.Object, java.lang.Object, boolean, boolean)java.lang.Object method getBytecodeProfile
Requesting uncached profile for bci 91 in java.util.HashMap.putVal(int, java.lang.Object, java.lang.Object, boolean, boolean)java.lang.Object method getExceptionSeen
Requesting uncached profile for bci 91 in java.util.HashMap.putVal(int, java.lang.Object, java.lang.Object, boolean, boolean)java.lang.Object method getTypeProfile
Requesting uncached profile for bci 94 in java.util.HashMap.putVal(int, java.lang.Object, java.lang.Object, boolean, boolean)java.lang.Object method getBytecodeProfile
Requesting uncached profile for bci 94 in java.util.HashMap.putVal(int, java.lang.Object, java.lang.Object, boolean, boolean)java.lang.Object method getBranchTakenProbability
Requesting not cached profile for java.lang.String.equals(java.lang.Object)boolean
java.util.HashMap.putVal(int, java.lang.Object, java.lang.Object, boolean, boolean)java.lang.Object -1 codeSignature differs e3646387199ac7d5e2b7b200175adfd78a9b19e83e69885516b47531f9711a2f != c36d76490f381622d46c550710b6be8bda901dc2ed272de95cbb756bc685022d
java.util.HashMap.putVal(int, java.lang.Object, java.lang.Object, boolean, boolean)java.lang.Object -1 graphSignature differs e7791656fc092c79846de086ac174a77724d28ea37325079a87bb0a5c313e8c0 != 5a74e12f320f5360d51b0bb3946f087ce2dce5afa144b15d312a3acc1621c4cf
Requesting uncached profile for bci 74 in java.util.HashMap.putVal(int, java.lang.Object, java.lang.Object, boolean, boolean)java.lang.Object method getBytecodeProfile
Requesting uncached profile for bci 74 in java.util.HashMap.putVal(int, java.lang.Object, java.lang.Object, boolean, boolean)java.lang.Object method getExceptionSeen
Requesting uncached profile for bci 81 in java.util.HashMap.putVal(int, java.lang.Object, java.lang.Object, boolean, boolean)java.lang.Object method getBytecodeProfile
Requesting uncached profile for bci 81 in java.util.HashMap.putVal(int, java.lang.Object, java.lang.Object, boolean, boolean)java.lang.Object method getBranchTakenProbability
Requesting uncached profile for bci 85 in java.util.HashMap.putVal(int, java.lang.Object, java.lang.Object, boolean, boolean)java.lang.Object method getBytecodeProfile
Requesting uncached profile for bci 85 in java.util.HashMap.putVal(int, java.lang.Object, java.lang.Object, boolean, boolean)java.lang.Object method getBranchTakenProbability
Requesting uncached profile for bci 91 in java.util.HashMap.putVal(int, java.lang.Object, java.lang.Object, boolean, boolean)java.lang.Object method getBytecodeProfile
Requesting uncached profile for bci 91 in java.util.HashMap.putVal(int, java.lang.Object, java.lang.Object, boolean, boolean)java.lang.Object method getExceptionSeen
Requesting uncached profile for bci 91 in java.util.HashMap.putVal(int, java.lang.Object, java.lang.Object, boolean, boolean)java.lang.Object method getTypeProfile
Requesting uncached profile for bci 94 in java.util.HashMap.putVal(int, java.lang.Object, java.lang.Object, boolean, boolean)java.lang.Object method getBytecodeProfile
Requesting uncached profile for bci 94 in java.util.HashMap.putVal(int, java.lang.Object, java.lang.Object, boolean, boolean)java.lang.Object method getBranchTakenProbability
Requesting not cached profile for java.lang.String.equals(java.lang.Object)boolean
java.util.HashMap.putVal(int, java.lang.Object, java.lang.Object, boolean, boolean)java.lang.Object -1 codeSignature differs 6f328c4c3c0b895d869b09176762432565af0a65454d767dcb1eb7adbc47b56d != c36d76490f381622d46c550710b6be8bda901dc2ed272de95cbb756bc685022d
java.util.HashMap.putVal(int, java.lang.Object, java.lang.Object, boolean, boolean)java.lang.Object -1 graphSignature differs 576abc3dfa49e1424478d0e2b2d349b14fb924299f6e92f941a196917569506b != 5a74e12f320f5360d51b0bb3946f087ce2dce5afa144b15d312a3acc1621c4cf
Requesting uncached profile for bci 74 in java.util.HashMap.putVal(int, java.lang.Object, java.lang.Object, boolean, boolean)java.lang.Object method getBytecodeProfile
Requesting uncached profile for bci 74 in java.util.HashMap.putVal(int, java.lang.Object, java.lang.Object, boolean, boolean)java.lang.Object method getExceptionSeen
Requesting uncached profile for bci 81 in java.util.HashMap.putVal(int, java.lang.Object, java.lang.Object, boolean, boolean)java.lang.Object method getBytecodeProfile
Requesting uncached profile for bci 81 in java.util.HashMap.putVal(int, java.lang.Object, java.lang.Object, boolean, boolean)java.lang.Object method getBranchTakenProbability
Requesting uncached profile for bci 85 in java.util.HashMap.putVal(int, java.lang.Object, java.lang.Object, boolean, boolean)java.lang.Object method getBytecodeProfile
Requesting uncached profile for bci 85 in java.util.HashMap.putVal(int, java.lang.Object, java.lang.Object, boolean, boolean)java.lang.Object method getBranchTakenProbability
Requesting uncached profile for bci 91 in java.util.HashMap.putVal(int, java.lang.Object, java.lang.Object, boolean, boolean)java.lang.Object method getBytecodeProfile
Requesting uncached profile for bci 91 in java.util.HashMap.putVal(int, java.lang.Object, java.lang.Object, boolean, boolean)java.lang.Object method getExceptionSeen
Requesting uncached profile for bci 91 in java.util.HashMap.putVal(int, java.lang.Object, java.lang.Object, boolean, boolean)java.lang.Object method getTypeProfile
Requesting uncached profile for bci 94 in java.util.HashMap.putVal(int, java.lang.Object, java.lang.Object, boolean, boolean)java.lang.Object method getBytecodeProfile
Requesting uncached profile for bci 94 in java.util.HashMap.putVal(int, java.lang.Object, java.lang.Object, boolean, boolean)java.lang.Object method getBranchTakenProbability
Requesting not cached profile for java.lang.String.equals(java.lang.Object)boolean
java.util.HashMap.putVal(int, java.lang.Object, java.lang.Object, boolean, boolean)java.lang.Object -1 codeSignature differs 323aa0f129f776ba3094d541a6da920fbf0552240355b2d931baa0847e5398aa != c36d76490f381622d46c550710b6be8bda901dc2ed272de95cbb756bc685022d
java.util.HashMap.putVal(int, java.lang.Object, java.lang.Object, boolean, boolean)java.lang.Object -1 graphSignature differs 52bc378255d8c412c74a2b2bf4edc1c93a6e3d3e4c7f8fd4c4a03278b3634e9e != 5a74e12f320f5360d51b0bb3946f087ce2dce5afa144b15d312a3acc1621c4cf
Requesting uncached profile for bci 74 in java.util.HashMap.putVal(int, java.lang.Object, java.lang.Object, boolean, boolean)java.lang.Object method getBytecodeProfile
Requesting uncached profile for bci 74 in java.util.HashMap.putVal(int, java.lang.Object, java.lang.Object, boolean, boolean)java.lang.Object method getExceptionSeen
Requesting uncached profile for bci 81 in java.util.HashMap.putVal(int, java.lang.Object, java.lang.Object, boolean, boolean)java.lang.Object method getBytecodeProfile
Requesting uncached profile for bci 81 in java.util.HashMap.putVal(int, java.lang.Object, java.lang.Object, boolean, boolean)java.lang.Object method getBranchTakenProbability
Requesting uncached profile for bci 85 in java.util.HashMap.putVal(int, java.lang.Object, java.lang.Object, boolean, boolean)java.lang.Object method getBytecodeProfile
Requesting uncached profile for bci 85 in java.util.HashMap.putVal(int, java.lang.Object, java.lang.Object, boolean, boolean)java.lang.Object method getBranchTakenProbability
Requesting uncached profile for bci 91 in java.util.HashMap.putVal(int, java.lang.Object, java.lang.Object, boolean, boolean)java.lang.Object method getBytecodeProfile
Requesting uncached profile for bci 91 in java.util.HashMap.putVal(int, java.lang.Object, java.lang.Object, boolean, boolean)java.lang.Object method getExceptionSeen
Requesting uncached profile for bci 91 in java.util.HashMap.putVal(int, java.lang.Object, java.lang.Object, boolean, boolean)java.lang.Object method getTypeProfile
Requesting uncached profile for bci 94 in java.util.HashMap.putVal(int, java.lang.Object, java.lang.Object, boolean, boolean)java.lang.Object method getBytecodeProfile
Requesting uncached profile for bci 94 in java.util.HashMap.putVal(int, java.lang.Object, java.lang.Object, boolean, boolean)java.lang.Object method getBranchTakenProbability
Requesting uncached profile for bci 229 in java.util.HashMap.putVal(int, java.lang.Object, java.lang.Object, boolean, boolean)java.lang.Object method getBytecodeProfile
Requesting uncached profile for bci 229 in java.util.HashMap.putVal(int, java.lang.Object, java.lang.Object, boolean, boolean)java.lang.Object method getExceptionSeen
Requesting uncached profile for bci 236 in java.util.HashMap.putVal(int, java.lang.Object, java.lang.Object, boolean, boolean)java.lang.Object method getBytecodeProfile
Requesting uncached profile for bci 236 in java.util.HashMap.putVal(int, java.lang.Object, java.lang.Object, boolean, boolean)java.lang.Object method getBranchTakenProbability
Requesting uncached profile for bci 247 in java.util.HashMap.putVal(int, java.lang.Object, java.lang.Object, boolean, boolean)java.lang.Object method getBytecodeProfile
Requesting uncached profile for bci 247 in java.util.HashMap.putVal(int, java.lang.Object, java.lang.Object, boolean, boolean)java.lang.Object method getExceptionSeen
Requesting uncached profile for bci 253 in java.util.HashMap.putVal(int, java.lang.Object, java.lang.Object, boolean, boolean)java.lang.Object method getBytecodeProfile
Requesting uncached profile for bci 253 in java.util.HashMap.putVal(int, java.lang.Object, java.lang.Object, boolean, boolean)java.lang.Object method getTypeProfile
Requesting uncached profile for bci 253 in java.util.HashMap.putVal(int, java.lang.Object, java.lang.Object, boolean, boolean)java.lang.Object method getExceptionSeen
Requesting not cached profile for java.lang.String.equals(java.lang.Object)boolean
Requesting not cached profile for java.util.HashMap.afterNodeAccess(java.util.HashMap$Node)void
Requesting not cached profile for java.util.LinkedHashMap.afterNodeAccess(java.util.HashMap$Node)void
Requesting uncached profile for bci 5 in java.util.LinkedHashMap.afterNodeAccess(java.util.HashMap$Node)void method getBytecodeProfile
Requesting uncached profile for bci 5 in java.util.LinkedHashMap.afterNodeAccess(java.util.HashMap$Node)void method getBranchTakenProbability
Requesting uncached profile for bci 12 in java.util.LinkedHashMap.afterNodeAccess(java.util.HashMap$Node)void method getBytecodeProfile
Requesting uncached profile for bci 12 in java.util.LinkedHashMap.afterNodeAccess(java.util.HashMap$Node)void method getBranchTakenProbability
Requesting uncached profile for bci 19 in java.util.LinkedHashMap.afterNodeAccess(java.util.HashMap$Node)void method getBytecodeProfile
Requesting uncached profile for bci 19 in java.util.LinkedHashMap.afterNodeAccess(java.util.HashMap$Node)void method getBranchTakenProbability
Requesting uncached profile for bci 29 in java.util.LinkedHashMap.afterNodeAccess(java.util.HashMap$Node)void method getBytecodeProfile
Requesting uncached profile for bci 29 in java.util.LinkedHashMap.afterNodeAccess(java.util.HashMap$Node)void method getBranchTakenProbability
Requesting uncached profile for bci 33 in java.util.LinkedHashMap.afterNodeAccess(java.util.HashMap$Node)void method getBytecodeProfile
Requesting uncached profile for bci 33 in java.util.LinkedHashMap.afterNodeAccess(java.util.HashMap$Node)void method getTypeProfile
Requesting uncached profile for bci 33 in java.util.LinkedHashMap.afterNodeAccess(java.util.HashMap$Node)void method getExceptionSeen
Requesting uncached profile for bci 40 in java.util.LinkedHashMap.afterNodeAccess(java.util.HashMap$Node)void method getBytecodeProfile
Requesting uncached profile for bci 40 in java.util.LinkedHashMap.afterNodeAccess(java.util.HashMap$Node)void method getExceptionSeen
Requesting uncached profile for bci 47 in java.util.LinkedHashMap.afterNodeAccess(java.util.HashMap$Node)void method getBytecodeProfile
Requesting uncached profile for bci 47 in java.util.LinkedHashMap.afterNodeAccess(java.util.HashMap$Node)void method getExceptionSeen
Requesting uncached profile for bci 55 in java.util.LinkedHashMap.afterNodeAccess(java.util.HashMap$Node)void method getBytecodeProfile
Requesting uncached profile for bci 55 in java.util.LinkedHashMap.afterNodeAccess(java.util.HashMap$Node)void method getExceptionSeen
Requesting uncached profile for bci 60 in java.util.LinkedHashMap.afterNodeAccess(java.util.HashMap$Node)void method getBytecodeProfile
Requesting uncached profile for bci 60 in java.util.LinkedHashMap.afterNodeAccess(java.util.HashMap$Node)void method getBranchTakenProbability
Requesting uncached profile for bci 76 in java.util.LinkedHashMap.afterNodeAccess(java.util.HashMap$Node)void method getBytecodeProfile
Requesting uncached profile for bci 76 in java.util.LinkedHashMap.afterNodeAccess(java.util.HashMap$Node)void method getExceptionSeen
Requesting uncached profile for bci 81 in java.util.LinkedHashMap.afterNodeAccess(java.util.HashMap$Node)void method getBytecodeProfile
Requesting uncached profile for bci 81 in java.util.LinkedHashMap.afterNodeAccess(java.util.HashMap$Node)void method getBranchTakenProbability
Requesting uncached profile for bci 88 in java.util.LinkedHashMap.afterNodeAccess(java.util.HashMap$Node)void method getBytecodeProfile
Requesting uncached profile for bci 88 in java.util.LinkedHashMap.afterNodeAccess(java.util.HashMap$Node)void method getExceptionSeen
Requesting uncached profile for bci 98 in java.util.LinkedHashMap.afterNodeAccess(java.util.HashMap$Node)void method getBytecodeProfile
Requesting uncached profile for bci 98 in java.util.LinkedHashMap.afterNodeAccess(java.util.HashMap$Node)void method getBranchTakenProbability
Requesting uncached profile for bci 113 in java.util.LinkedHashMap.afterNodeAccess(java.util.HashMap$Node)void method getBytecodeProfile
Requesting uncached profile for bci 113 in java.util.LinkedHashMap.afterNodeAccess(java.util.HashMap$Node)void method getExceptionSeen
Requesting uncached profile for bci 119 in java.util.LinkedHashMap.afterNodeAccess(java.util.HashMap$Node)void method getBytecodeProfile
Requesting uncached profile for bci 119 in java.util.LinkedHashMap.afterNodeAccess(java.util.HashMap$Node)void method getExceptionSeen
Requesting uncached profile for bci 146 in java.util.LinkedHashMap.afterNodeAccess(java.util.HashMap$Node)void method getBytecodeProfile
Requesting uncached profile for bci 146 in java.util.LinkedHashMap.afterNodeAccess(java.util.HashMap$Node)void method getBranchTakenProbability
Requesting uncached profile for bci 156 in java.util.LinkedHashMap.afterNodeAccess(java.util.HashMap$Node)void method getBytecodeProfile
Requesting uncached profile for bci 156 in java.util.LinkedHashMap.afterNodeAccess(java.util.HashMap$Node)void method getBranchTakenProbability
Requesting uncached profile for bci 160 in java.util.LinkedHashMap.afterNodeAccess(java.util.HashMap$Node)void method getBytecodeProfile
Requesting uncached profile for bci 160 in java.util.LinkedHashMap.afterNodeAccess(java.util.HashMap$Node)void method getTypeProfile
Requesting uncached profile for bci 160 in java.util.LinkedHashMap.afterNodeAccess(java.util.HashMap$Node)void method getExceptionSeen
Requesting uncached profile for bci 167 in java.util.LinkedHashMap.afterNodeAccess(java.util.HashMap$Node)void method getBytecodeProfile
Requesting uncached profile for bci 167 in java.util.LinkedHashMap.afterNodeAccess(java.util.HashMap$Node)void method getExceptionSeen
Requesting uncached profile for bci 174 in java.util.LinkedHashMap.afterNodeAccess(java.util.HashMap$Node)void method getBytecodeProfile
Requesting uncached profile for bci 174 in java.util.LinkedHashMap.afterNodeAccess(java.util.HashMap$Node)void method getExceptionSeen
Requesting uncached profile for bci 182 in java.util.LinkedHashMap.afterNodeAccess(java.util.HashMap$Node)void method getBytecodeProfile
Requesting uncached profile for bci 182 in java.util.LinkedHashMap.afterNodeAccess(java.util.HashMap$Node)void method getExceptionSeen
Requesting uncached profile for bci 187 in java.util.LinkedHashMap.afterNodeAccess(java.util.HashMap$Node)void method getBytecodeProfile
Requesting uncached profile for bci 187 in java.util.LinkedHashMap.afterNodeAccess(java.util.HashMap$Node)void method getBranchTakenProbability
Requesting uncached profile for bci 203 in java.util.LinkedHashMap.afterNodeAccess(java.util.HashMap$Node)void method getBytecodeProfile
Requesting uncached profile for bci 203 in java.util.LinkedHashMap.afterNodeAccess(java.util.HashMap$Node)void method getExceptionSeen
Requesting uncached profile for bci 208 in java.util.LinkedHashMap.afterNodeAccess(java.util.HashMap$Node)void method getBytecodeProfile
Requesting uncached profile for bci 208 in java.util.LinkedHashMap.afterNodeAccess(java.util.HashMap$Node)void method getBranchTakenProbability
Requesting uncached profile for bci 215 in java.util.LinkedHashMap.afterNodeAccess(java.util.HashMap$Node)void method getBytecodeProfile
Requesting uncached profile for bci 215 in java.util.LinkedHashMap.afterNodeAccess(java.util.HashMap$Node)void method getExceptionSeen
Requesting uncached profile for bci 225 in java.util.LinkedHashMap.afterNodeAccess(java.util.HashMap$Node)void method getBytecodeProfile
Requesting uncached profile for bci 225 in java.util.LinkedHashMap.afterNodeAccess(java.util.HashMap$Node)void method getBranchTakenProbability
Requesting uncached profile for bci 240 in java.util.LinkedHashMap.afterNodeAccess(java.util.HashMap$Node)void method getBytecodeProfile
Requesting uncached profile for bci 240 in java.util.LinkedHashMap.afterNodeAccess(java.util.HashMap$Node)void method getExceptionSeen
Requesting uncached profile for bci 246 in java.util.LinkedHashMap.afterNodeAccess(java.util.HashMap$Node)void method getBytecodeProfile
Requesting uncached profile for bci 246 in java.util.LinkedHashMap.afterNodeAccess(java.util.HashMap$Node)void method getExceptionSeen
java.util.HashMap.putVal(int, java.lang.Object, java.lang.Object, boolean, boolean)java.lang.Object -1 codeSignature differs 1ec793957d9d29d0a037dcddbbf9e725d2070551078c949bbdc935c895d5d833 != c36d76490f381622d46c550710b6be8bda901dc2ed272de95cbb756bc685022d
java.util.HashMap.putVal(int, java.lang.Object, java.lang.Object, boolean, boolean)java.lang.Object -1 graphSignature differs 9d7f1739c256adf33f0fe046d888e033f4ba1eafff2e65c15f8992c48a93f670 != 5a74e12f320f5360d51b0bb3946f087ce2dce5afa144b15d312a3acc1621c4cf
Requesting uncached profile for bci 74 in java.util.HashMap.putVal(int, java.lang.Object, java.lang.Object, boolean, boolean)java.lang.Object method getBytecodeProfile
Requesting uncached profile for bci 74 in java.util.HashMap.putVal(int, java.lang.Object, java.lang.Object, boolean, boolean)java.lang.Object method getExceptionSeen
Requesting uncached profile for bci 81 in java.util.HashMap.putVal(int, java.lang.Object, java.lang.Object, boolean, boolean)java.lang.Object method getBytecodeProfile
Requesting uncached profile for bci 81 in java.util.HashMap.putVal(int, java.lang.Object, java.lang.Object, boolean, boolean)java.lang.Object method getBranchTakenProbability
Requesting uncached profile for bci 85 in java.util.HashMap.putVal(int, java.lang.Object, java.lang.Object, boolean, boolean)java.lang.Object method getBytecodeProfile
Requesting uncached profile for bci 85 in java.util.HashMap.putVal(int, java.lang.Object, java.lang.Object, boolean, boolean)java.lang.Object method getBranchTakenProbability
Requesting uncached profile for bci 91 in java.util.HashMap.putVal(int, java.lang.Object, java.lang.Object, boolean, boolean)java.lang.Object method getBytecodeProfile
Requesting uncached profile for bci 91 in java.util.HashMap.putVal(int, java.lang.Object, java.lang.Object, boolean, boolean)java.lang.Object method getExceptionSeen
Requesting uncached profile for bci 91 in java.util.HashMap.putVal(int, java.lang.Object, java.lang.Object, boolean, boolean)java.lang.Object method getTypeProfile
Requesting uncached profile for bci 94 in java.util.HashMap.putVal(int, java.lang.Object, java.lang.Object, boolean, boolean)java.lang.Object method getBytecodeProfile
Requesting uncached profile for bci 94 in java.util.HashMap.putVal(int, java.lang.Object, java.lang.Object, boolean, boolean)java.lang.Object method getBranchTakenProbability
Requesting uncached profile for bci 186 in java.util.HashMap.putVal(int, java.lang.Object, java.lang.Object, boolean, boolean)java.lang.Object method getBytecodeProfile
Requesting uncached profile for bci 186 in java.util.HashMap.putVal(int, java.lang.Object, java.lang.Object, boolean, boolean)java.lang.Object method getExceptionSeen
Requesting uncached profile for bci 193 in java.util.HashMap.putVal(int, java.lang.Object, java.lang.Object, boolean, boolean)java.lang.Object method getBytecodeProfile
Requesting uncached profile for bci 193 in java.util.HashMap.putVal(int, java.lang.Object, java.lang.Object, boolean, boolean)java.lang.Object method getBranchTakenProbability
Requesting uncached profile for bci 197 in java.util.HashMap.putVal(int, java.lang.Object, java.lang.Object, boolean, boolean)java.lang.Object method getBytecodeProfile
Requesting uncached profile for bci 197 in java.util.HashMap.putVal(int, java.lang.Object, java.lang.Object, boolean, boolean)java.lang.Object method getBranchTakenProbability
Requesting uncached profile for bci 203 in java.util.HashMap.putVal(int, java.lang.Object, java.lang.Object, boolean, boolean)java.lang.Object method getBytecodeProfile
Requesting uncached profile for bci 203 in java.util.HashMap.putVal(int, java.lang.Object, java.lang.Object, boolean, boolean)java.lang.Object method getExceptionSeen
Requesting uncached profile for bci 203 in java.util.HashMap.putVal(int, java.lang.Object, java.lang.Object, boolean, boolean)java.lang.Object method getTypeProfile
Requesting uncached profile for bci 206 in java.util.HashMap.putVal(int, java.lang.Object, java.lang.Object, boolean, boolean)java.lang.Object method getBytecodeProfile
Requesting uncached profile for bci 206 in java.util.HashMap.putVal(int, java.lang.Object, java.lang.Object, boolean, boolean)java.lang.Object method getBranchTakenProbability
Requesting uncached profile for bci 229 in java.util.HashMap.putVal(int, java.lang.Object, java.lang.Object, boolean, boolean)java.lang.Object method getBytecodeProfile
Requesting uncached profile for bci 229 in java.util.HashMap.putVal(int, java.lang.Object, java.lang.Object, boolean, boolean)java.lang.Object method getExceptionSeen
Requesting uncached profile for bci 236 in java.util.HashMap.putVal(int, java.lang.Object, java.lang.Object, boolean, boolean)java.lang.Object method getBytecodeProfile
Requesting uncached profile for bci 236 in java.util.HashMap.putVal(int, java.lang.Object, java.lang.Object, boolean, boolean)java.lang.Object method getBranchTakenProbability
Requesting uncached profile for bci 247 in java.util.HashMap.putVal(int, java.lang.Object, java.lang.Object, boolean, boolean)java.lang.Object method getBytecodeProfile
Requesting uncached profile for bci 247 in java.util.HashMap.putVal(int, java.lang.Object, java.lang.Object, boolean, boolean)java.lang.Object method getExceptionSeen
Requesting uncached profile for bci 253 in java.util.HashMap.putVal(int, java.lang.Object, java.lang.Object, boolean, boolean)java.lang.Object method getBytecodeProfile
Requesting uncached profile for bci 253 in java.util.HashMap.putVal(int, java.lang.Object, java.lang.Object, boolean, boolean)java.lang.Object method getTypeProfile
Requesting uncached profile for bci 253 in java.util.HashMap.putVal(int, java.lang.Object, java.lang.Object, boolean, boolean)java.lang.Object method getExceptionSeen
Requesting not cached profile for java.lang.String.equals(java.lang.Object)boolean
Requesting not cached profile for java.util.HashMap.afterNodeAccess(java.util.HashMap$Node)void
Requesting not cached profile for java.util.LinkedHashMap.afterNodeAccess(java.util.HashMap$Node)void
Requesting uncached profile for bci 5 in java.util.LinkedHashMap.afterNodeAccess(java.util.HashMap$Node)void method getBytecodeProfile
Requesting uncached profile for bci 5 in java.util.LinkedHashMap.afterNodeAccess(java.util.HashMap$Node)void method getBranchTakenProbability
Requesting uncached profile for bci 12 in java.util.LinkedHashMap.afterNodeAccess(java.util.HashMap$Node)void method getBytecodeProfile
Requesting uncached profile for bci 12 in java.util.LinkedHashMap.afterNodeAccess(java.util.HashMap$Node)void method getBranchTakenProbability
Requesting uncached profile for bci 19 in java.util.LinkedHashMap.afterNodeAccess(java.util.HashMap$Node)void method getBytecodeProfile
Requesting uncached profile for bci 19 in java.util.LinkedHashMap.afterNodeAccess(java.util.HashMap$Node)void method getBranchTakenProbability
Requesting uncached profile for bci 29 in java.util.LinkedHashMap.afterNodeAccess(java.util.HashMap$Node)void method getBytecodeProfile
Requesting uncached profile for bci 29 in java.util.LinkedHashMap.afterNodeAccess(java.util.HashMap$Node)void method getBranchTakenProbability
Requesting uncached profile for bci 33 in java.util.LinkedHashMap.afterNodeAccess(java.util.HashMap$Node)void method getBytecodeProfile
Requesting uncached profile for bci 33 in java.util.LinkedHashMap.afterNodeAccess(java.util.HashMap$Node)void method getTypeProfile
Requesting uncached profile for bci 33 in java.util.LinkedHashMap.afterNodeAccess(java.util.HashMap$Node)void method getExceptionSeen
Requesting uncached profile for bci 40 in java.util.LinkedHashMap.afterNodeAccess(java.util.HashMap$Node)void method getBytecodeProfile
Requesting uncached profile for bci 40 in java.util.LinkedHashMap.afterNodeAccess(java.util.HashMap$Node)void method getExceptionSeen
Requesting uncached profile for bci 47 in java.util.LinkedHashMap.afterNodeAccess(java.util.HashMap$Node)void method getBytecodeProfile
Requesting uncached profile for bci 47 in java.util.LinkedHashMap.afterNodeAccess(java.util.HashMap$Node)void method getExceptionSeen
Requesting uncached profile for bci 55 in java.util.LinkedHashMap.afterNodeAccess(java.util.HashMap$Node)void method getBytecodeProfile
Requesting uncached profile for bci 55 in java.util.LinkedHashMap.afterNodeAccess(java.util.HashMap$Node)void method getExceptionSeen
Requesting uncached profile for bci 60 in java.util.LinkedHashMap.afterNodeAccess(java.util.HashMap$Node)void method getBytecodeProfile
Requesting uncached profile for bci 60 in java.util.LinkedHashMap.afterNodeAccess(java.util.HashMap$Node)void method getBranchTakenProbability
Requesting uncached profile for bci 76 in java.util.LinkedHashMap.afterNodeAccess(java.util.HashMap$Node)void method getBytecodeProfile
Requesting uncached profile for bci 76 in java.util.LinkedHashMap.afterNodeAccess(java.util.HashMap$Node)void method getExceptionSeen
Requesting uncached profile for bci 81 in java.util.LinkedHashMap.afterNodeAccess(java.util.HashMap$Node)void method getBytecodeProfile
Requesting uncached profile for bci 81 in java.util.LinkedHashMap.afterNodeAccess(java.util.HashMap$Node)void method getBranchTakenProbability
Requesting uncached profile for bci 88 in java.util.LinkedHashMap.afterNodeAccess(java.util.HashMap$Node)void method getBytecodeProfile
Requesting uncached profile for bci 88 in java.util.LinkedHashMap.afterNodeAccess(java.util.HashMap$Node)void method getExceptionSeen
Requesting uncached profile for bci 98 in java.util.LinkedHashMap.afterNodeAccess(java.util.HashMap$Node)void method getBytecodeProfile
Requesting uncached profile for bci 98 in java.util.LinkedHashMap.afterNodeAccess(java.util.HashMap$Node)void method getBranchTakenProbability
Requesting uncached profile for bci 113 in java.util.LinkedHashMap.afterNodeAccess(java.util.HashMap$Node)void method getBytecodeProfile
Requesting uncached profile for bci 113 in java.util.LinkedHashMap.afterNodeAccess(java.util.HashMap$Node)void method getExceptionSeen
Requesting uncached profile for bci 119 in java.util.LinkedHashMap.afterNodeAccess(java.util.HashMap$Node)void method getBytecodeProfile
Requesting uncached profile for bci 119 in java.util.LinkedHashMap.afterNodeAccess(java.util.HashMap$Node)void method getExceptionSeen
Requesting uncached profile for bci 146 in java.util.LinkedHashMap.afterNodeAccess(java.util.HashMap$Node)void method getBytecodeProfile
Requesting uncached profile for bci 146 in java.util.LinkedHashMap.afterNodeAccess(java.util.HashMap$Node)void method getBranchTakenProbability
Requesting uncached profile for bci 156 in java.util.LinkedHashMap.afterNodeAccess(java.util.HashMap$Node)void method getBytecodeProfile
Requesting uncached profile for bci 156 in java.util.LinkedHashMap.afterNodeAccess(java.util.HashMap$Node)void method getBranchTakenProbability
Requesting uncached profile for bci 160 in java.util.LinkedHashMap.afterNodeAccess(java.util.HashMap$Node)void method getBytecodeProfile
Requesting uncached profile for bci 160 in java.util.LinkedHashMap.afterNodeAccess(java.util.HashMap$Node)void method getTypeProfile
Requesting uncached profile for bci 160 in java.util.LinkedHashMap.afterNodeAccess(java.util.HashMap$Node)void method getExceptionSeen
Requesting uncached profile for bci 167 in java.util.LinkedHashMap.afterNodeAccess(java.util.HashMap$Node)void method getBytecodeProfile
Requesting uncached profile for bci 167 in java.util.LinkedHashMap.afterNodeAccess(java.util.HashMap$Node)void method getExceptionSeen
Requesting uncached profile for bci 174 in java.util.LinkedHashMap.afterNodeAccess(java.util.HashMap$Node)void method getBytecodeProfile
Requesting uncached profile for bci 174 in java.util.LinkedHashMap.afterNodeAccess(java.util.HashMap$Node)void method getExceptionSeen
Requesting uncached profile for bci 182 in java.util.LinkedHashMap.afterNodeAccess(java.util.HashMap$Node)void method getBytecodeProfile
Requesting uncached profile for bci 182 in java.util.LinkedHashMap.afterNodeAccess(java.util.HashMap$Node)void method getExceptionSeen
Requesting uncached profile for bci 187 in java.util.LinkedHashMap.afterNodeAccess(java.util.HashMap$Node)void method getBytecodeProfile
Requesting uncached profile for bci 187 in java.util.LinkedHashMap.afterNodeAccess(java.util.HashMap$Node)void method getBranchTakenProbability
Requesting uncached profile for bci 203 in java.util.LinkedHashMap.afterNodeAccess(java.util.HashMap$Node)void method getBytecodeProfile
Requesting uncached profile for bci 203 in java.util.LinkedHashMap.afterNodeAccess(java.util.HashMap$Node)void method getExceptionSeen
Requesting uncached profile for bci 208 in java.util.LinkedHashMap.afterNodeAccess(java.util.HashMap$Node)void method getBytecodeProfile
Requesting uncached profile for bci 208 in java.util.LinkedHashMap.afterNodeAccess(java.util.HashMap$Node)void method getBranchTakenProbability
Requesting uncached profile for bci 215 in java.util.LinkedHashMap.afterNodeAccess(java.util.HashMap$Node)void method getBytecodeProfile
Requesting uncached profile for bci 215 in java.util.LinkedHashMap.afterNodeAccess(java.util.HashMap$Node)void method getExceptionSeen
Requesting uncached profile for bci 225 in java.util.LinkedHashMap.afterNodeAccess(java.util.HashMap$Node)void method getBytecodeProfile
Requesting uncached profile for bci 225 in java.util.LinkedHashMap.afterNodeAccess(java.util.HashMap$Node)void method getBranchTakenProbability
Requesting uncached profile for bci 240 in java.util.LinkedHashMap.afterNodeAccess(java.util.HashMap$Node)void method getBytecodeProfile
Requesting uncached profile for bci 240 in java.util.LinkedHashMap.afterNodeAccess(java.util.HashMap$Node)void method getExceptionSeen
Requesting uncached profile for bci 246 in java.util.LinkedHashMap.afterNodeAccess(java.util.HashMap$Node)void method getBytecodeProfile
Requesting uncached profile for bci 246 in java.util.LinkedHashMap.afterNodeAccess(java.util.HashMap$Node)void method getExceptionSeen
java.util.HashMap.putVal(int, java.lang.Object, java.lang.Object, boolean, boolean)java.lang.Object -1 codeSignature differs a606a62d398bd78dc2d803fad5db1339af083494e627641043a64e337b9be7ac != c36d76490f381622d46c550710b6be8bda901dc2ed272de95cbb756bc685022d
java.util.HashMap.putVal(int, java.lang.Object, java.lang.Object, boolean, boolean)java.lang.Object -1 graphSignature differs 25cdcbaa530828e04c00358528980f466b9c06bf3b677691d64c48250d1323d2 != 5a74e12f320f5360d51b0bb3946f087ce2dce5afa144b15d312a3acc1621c4cf
java.lang.Integer.intValue()int -1 codeSignature differs d4ce072063a0e5d7b77fa03ca89aafb8f3e3ecf13c518dc1905e344d1e62c58a != 6379912ece14b3e5c494001bcdbf513550438500c9fe64692666ea4804585a5b
[1.633s][info][jfr,startup] Started recording 1. No limit specified, using maxsize=250MB as default.
[1.633s][info][jfr,startup] 
[1.633s][info][jfr,startup] Use jcmd 94188 JFR.dump name=Bounce_slowdown_JFR to copy recording data to file.
Requesting not cached profile for java.lang.StringBuilder.length()int
Requesting not cached profile for java.lang.StringBuilder.length()int
java.lang.StringBuilder.length()int -1 codeSignature differs d4ce072063a0e5d7b77fa03ca89aafb8f3e3ecf13c518dc1905e344d1e62c58a != 6379912ece14b3e5c494001bcdbf513550438500c9fe64692666ea4804585a5b
java.nio.Buffer.position()int -1 codeSignature differs 3f64cd4fafea8a3cef87601314961681d43f2aa75c3a358c1b0ce8d9a1c4731a != f5a100836d3b6c24d5617122379fdd07d38ba4b008ea9ae91e48aa3956773271
Starting Bounce benchmark ...
Bounce$Ball.bounce()boolean -1 codeSignature differs 98d2dd64ef3a3038f4b63d6f074f75b9eab25817b1f24ee598046204a7641c4a != 6ce0f39d9ffecf85c93b08112a7d9a41733c7ce4a2b55135081ba5d082fbcb75
Requesting not cached profile for Bounce$$Lambda/0x000000000c04a250.<init>(som.Random)void
Requesting uncached profile for bci 1 in Bounce$$Lambda/0x000000000c04a250.<init>(som.Random)void method getBytecodeProfile
Requesting uncached profile for bci 1 in Bounce$$Lambda/0x000000000c04a250.<init>(som.Random)void method getExceptionSeen
Requesting not cached profile for Bounce$$Lambda/0x000000000c04a250.apply(int)java.lang.Object
Bounce.benchmark()java.lang.Object -1 codeSignature differs 67a4c6e78ebf3761a8af6ae0abdc0027dfbe35c15003d8989dd9b9af1ea4205e != 38de77cce579407fd9716e72f4ada9a1e1a922b98f9728f082edc1b3d6dbe4ec
Bounce.benchmark()java.lang.Object -1 graphSignature differs e81acc8abb9a9fa80b5d18948063ae16b5d07c95aeb4862b3ce2fc105442bc59 != 47caeebf9655277a8eadb1c547eebc9ca90824b512e0033bd323521f2215e49e
Bounce.verifyResult(java.lang.Object)boolean -1 codeSignature differs d5008a10d6c2760faa65de0a55e8ea4f64598a0e78628e6146f1083b1bce1183 != 0d892b5a2f821f7abe733fb3cdf4d35b6b566fe8b487bb5ac707905cd7c10471
Bounce: iterations=1 runtime: 255335us
Bounce: iterations=2 runtime: 218082us
Requesting not cached profile for Bounce$$Lambda/0x000000000c04a250.<init>(som.Random)void
Requesting uncached profile for bci 1 in Bounce$$Lambda/0x000000000c04a250.<init>(som.Random)void method getBytecodeProfile
Requesting uncached profile for bci 1 in Bounce$$Lambda/0x000000000c04a250.<init>(som.Random)void method getExceptionSeen
Benchmark.innerBenchmarkLoop(int)boolean -1 codeSignature differs 860a7e9c36e3de0168a8f442bd8e2b87045937e034dcc26750128c80c6db92ca != b0250f5f3c020af1a62a187e1d6a09be6d2bc1436bc19eeb33893fa6b85576c4
Benchmark.innerBenchmarkLoop(int)boolean -1 graphSignature differs 1ce67b4520d621e4561bd5caafb0ab7415b06e884406b68566c024003a4c6740 != 7a271abf22a1270f391e80a5947622a55c5b80f49b8c0efec707ed8306ff89bb
Bounce: iterations=3 runtime: 231270us
Bounce: iterations=4 runtime: 229255us
Bounce: iterations=5 runtime: 217021us
Bounce: iterations=6 runtime: 215853us
Bounce: iterations=7 runtime: 216031us
Bounce: iterations=8 runtime: 217972us
Bounce: iterations=9 runtime: 221911us
Bounce: iterations=10 runtime: 225839us
Bounce: iterations=11 runtime: 218640us
Bounce: iterations=12 runtime: 216275us
Bounce: iterations=13 runtime: 219382us
Bounce: iterations=14 runtime: 216046us
Bounce: iterations=15 runtime: 215752us
Bounce: iterations=16 runtime: 215813us
Bounce: iterations=17 runtime: 219774us
Bounce: iterations=18 runtime: 216586us
Bounce: iterations=19 runtime: 216336us
Bounce: iterations=20 runtime: 216207us
Bounce: iterations=21 runtime: 219475us
Bounce: iterations=22 runtime: 216428us
Bounce: iterations=23 runtime: 216108us
Bounce: iterations=24 runtime: 216199us
Bounce: iterations=25 runtime: 220070us
Bounce: iterations=26 runtime: 217446us
Bounce: iterations=27 runtime: 217584us
Bounce: iterations=28 runtime: 216719us
Bounce: iterations=29 runtime: 219983us
Bounce: iterations=30 runtime: 216767us
java.nio.Buffer.capacity()int -1 codeSignature differs 138bc711c3bed648b8548df225303894eec321dce856bde9fbb2267d74239e89 != b84da6c168a864b24de57055760067fff8c97c57c508d6b8c6ea52df12fe61fe
Bounce: iterations=31 runtime: 216057us
Bounce: iterations=32 runtime: 216629us
Bounce: iterations=33 runtime: 219599us
Bounce: iterations=34 runtime: 216540us
Bounce: iterations=35 runtime: 215813us
Bounce: iterations=36 runtime: 215551us
Bounce: iterations=37 runtime: 218936us
Bounce: iterations=38 runtime: 217015us
Bounce: iterations=39 runtime: 216616us
Bounce: iterations=40 runtime: 216397us
Bounce: iterations=41 runtime: 218897us
Bounce: iterations=42 runtime: 217041us
Bounce: iterations=43 runtime: 216788us
Bounce: iterations=44 runtime: 216270us
Bounce: iterations=45 runtime: 218724us
Bounce: iterations=46 runtime: 217495us
Bounce: iterations=47 runtime: 216436us
Bounce: iterations=48 runtime: 215999us
Bounce: iterations=49 runtime: 220427us
Bounce: iterations=50 runtime: 217845us
Bounce: iterations=51 runtime: 215904us
Bounce: iterations=52 runtime: 215669us
Bounce: iterations=53 runtime: 215089us
Bounce: iterations=54 runtime: 218492us
Bounce: iterations=55 runtime: 216079us
Bounce: iterations=56 runtime: 215995us
Bounce: iterations=57 runtime: 215678us
Bounce: iterations=58 runtime: 218906us
Bounce: iterations=59 runtime: 216475us
Bounce: iterations=60 runtime: 216272us
Bounce: iterations=61 runtime: 216153us
Bounce: iterations=62 runtime: 219947us
Bounce: iterations=63 runtime: 215812us
Bounce: iterations=64 runtime: 215615us
Bounce: iterations=65 runtime: 215697us
Bounce: iterations=66 runtime: 216954us
Bounce: iterations=67 runtime: 215629us
Bounce: iterations=68 runtime: 215442us
Bounce: iterations=69 runtime: 215427us
Bounce: iterations=70 runtime: 216550us
Bounce: iterations=71 runtime: 215576us
Bounce: iterations=72 runtime: 215238us
Bounce: iterations=73 runtime: 215949us
Bounce: iterations=74 runtime: 216008us
Bounce: iterations=75 runtime: 214742us
Bounce: iterations=76 runtime: 214765us
Bounce: iterations=77 runtime: 215097us
Bounce: iterations=78 runtime: 215873us
Bounce: iterations=79 runtime: 215158us
Bounce: iterations=80 runtime: 215252us
Bounce: iterations=81 runtime: 215220us
Bounce: iterations=82 runtime: 215024us
Bounce: iterations=83 runtime: 215749us
Bounce: iterations=84 runtime: 215030us
Bounce: iterations=85 runtime: 215045us
Bounce: iterations=86 runtime: 215279us
Bounce: iterations=87 runtime: 215957us
Bounce: iterations=88 runtime: 215350us
Bounce: iterations=89 runtime: 215420us
Bounce: iterations=90 runtime: 215462us
Bounce: iterations=91 runtime: 216051us
Bounce: iterations=92 runtime: 215723us
Bounce: iterations=93 runtime: 215507us
Bounce: iterations=94 runtime: 215451us
Bounce: iterations=95 runtime: 215962us
Bounce: iterations=96 runtime: 216137us
Bounce: iterations=97 runtime: 215934us
Bounce: iterations=98 runtime: 215563us
Bounce: iterations=99 runtime: 216423us
Bounce: iterations=100 runtime: 215666us
Bounce: iterations=101 runtime: 215382us
Bounce: iterations=102 runtime: 215606us
Bounce: iterations=103 runtime: 216358us
Bounce: iterations=104 runtime: 215887us
Bounce: iterations=105 runtime: 215742us
Bounce: iterations=106 runtime: 215608us
Bounce: iterations=107 runtime: 215689us
Bounce: iterations=108 runtime: 216174us
Bounce: iterations=109 runtime: 215609us
Bounce: iterations=110 runtime: 215543us
Bounce: iterations=111 runtime: 215731us
Bounce: iterations=112 runtime: 216426us
Bounce: iterations=113 runtime: 215458us
Bounce: iterations=114 runtime: 224957us
java.nio.charset.CharsetEncoder.maxBytesPerChar()float -1 codeSignature differs d0dc63dd2361c2989cb14e4cf77bfb3442e0a43d3c92bbd78638646fefb8363f != fc84c03091d44b6099141a22fdb9f6cfabe66e5026a15b0d60a828a10b5481b9
Bounce: iterations=115 runtime: 218161us
Bounce: iterations=116 runtime: 218142us
Bounce: iterations=117 runtime: 216377us
Bounce: iterations=118 runtime: 216615us
Bounce: iterations=119 runtime: 216891us
Bounce: iterations=120 runtime: 216845us
Bounce: iterations=121 runtime: 216154us
Bounce: iterations=122 runtime: 215849us
Bounce: iterations=123 runtime: 215759us
Bounce: iterations=124 runtime: 216530us
Bounce: iterations=125 runtime: 215977us
Bounce: iterations=126 runtime: 216034us
Bounce: iterations=127 runtime: 215482us
Bounce: iterations=128 runtime: 215181us
Bounce: iterations=129 runtime: 216129us
Bounce: iterations=130 runtime: 215211us
Bounce: iterations=131 runtime: 215636us
Bounce: iterations=132 runtime: 215363us
Bounce: iterations=133 runtime: 216603us
Bounce: iterations=134 runtime: 216135us
Bounce: iterations=135 runtime: 215873us
Bounce: iterations=136 runtime: 215801us
Bounce: iterations=137 runtime: 216707us
Bounce: iterations=138 runtime: 215327us
Bounce: iterations=139 runtime: 216817us
Bounce: iterations=140 runtime: 215119us
Bounce: iterations=141 runtime: 216242us
Bounce: iterations=142 runtime: 215805us
Bounce: iterations=143 runtime: 223040us
Bounce: iterations=144 runtime: 215504us
Bounce: iterations=145 runtime: 215849us
Bounce: iterations=146 runtime: 215509us
Bounce: iterations=147 runtime: 215413us
Bounce: iterations=148 runtime: 215287us
Bounce: iterations=149 runtime: 216076us
Bounce: iterations=150 runtime: 215457us
Bounce: iterations=151 runtime: 217472us
Bounce: iterations=152 runtime: 216004us
Bounce: iterations=153 runtime: 215509us
Bounce: iterations=154 runtime: 215575us
Bounce: iterations=155 runtime: 214818us
Bounce: iterations=156 runtime: 214743us
Bounce: iterations=157 runtime: 214659us
Bounce: iterations=158 runtime: 215987us
Bounce: iterations=159 runtime: 215077us
Bounce: iterations=160 runtime: 214953us
Bounce: iterations=161 runtime: 214772us
Bounce: iterations=162 runtime: 217199us
Bounce: iterations=163 runtime: 215119us
Bounce: iterations=164 runtime: 214829us
Bounce: iterations=165 runtime: 215198us
Bounce: iterations=166 runtime: 215925us
Bounce: iterations=167 runtime: 215072us
Bounce: iterations=168 runtime: 214368us
Bounce: iterations=169 runtime: 214481us
Bounce: iterations=170 runtime: 215430us
Bounce: iterations=171 runtime: 214924us
Bounce: iterations=172 runtime: 214420us
Bounce: iterations=173 runtime: 214681us
Bounce: iterations=174 runtime: 214453us
Bounce: iterations=175 runtime: 217588us
Bounce: iterations=176 runtime: 215541us
Bounce: iterations=177 runtime: 215290us
Bounce: iterations=178 runtime: 215296us
Bounce: iterations=179 runtime: 215899us
Bounce: iterations=180 runtime: 233663us
Bounce: iterations=181 runtime: 216236us
Bounce: iterations=182 runtime: 215586us
Bounce: iterations=183 runtime: 216057us
Bounce: iterations=184 runtime: 215227us
Bounce: iterations=185 runtime: 215311us
Bounce: iterations=186 runtime: 215211us
Bounce: iterations=187 runtime: 215719us
Bounce: iterations=188 runtime: 214969us
Bounce: iterations=189 runtime: 222560us
Bounce: iterations=190 runtime: 215421us
Bounce: iterations=191 runtime: 215806us
Bounce: iterations=192 runtime: 214962us
Bounce: iterations=193 runtime: 215139us
Bounce: iterations=194 runtime: 215231us
Bounce: iterations=195 runtime: 215808us
Bounce: iterations=196 runtime: 215745us
Bounce: iterations=197 runtime: 215337us
Bounce: iterations=198 runtime: 215322us
Bounce: iterations=199 runtime: 215430us
Bounce: iterations=200 runtime: 216230us
Bounce: iterations=201 runtime: 215188us
Bounce: iterations=202 runtime: 215258us
Bounce: iterations=203 runtime: 215660us
Bounce: iterations=204 runtime: 215811us
Bounce: iterations=205 runtime: 214899us
Bounce: iterations=206 runtime: 219109us
Bounce: iterations=207 runtime: 216578us
Bounce: iterations=208 runtime: 216631us
Bounce: iterations=209 runtime: 215728us
Bounce: iterations=210 runtime: 215733us
Bounce: iterations=211 runtime: 215698us
Bounce: iterations=212 runtime: 216575us
Bounce: iterations=213 runtime: 215732us
Bounce: iterations=214 runtime: 215708us
Bounce: iterations=215 runtime: 215589us
Bounce: iterations=216 runtime: 215869us
Bounce: iterations=217 runtime: 215245us
Bounce: iterations=218 runtime: 215475us
Bounce: iterations=219 runtime: 215069us
Bounce: iterations=220 runtime: 214919us
Bounce: iterations=221 runtime: 215368us
Bounce: iterations=222 runtime: 215055us
Bounce: iterations=223 runtime: 215310us
Bounce: iterations=224 runtime: 215387us
Bounce: iterations=225 runtime: 215767us
Bounce: iterations=226 runtime: 215491us
Bounce: iterations=227 runtime: 215496us
Bounce: iterations=228 runtime: 215677us
Bounce: iterations=229 runtime: 215914us
Bounce: iterations=230 runtime: 215536us
Bounce: iterations=231 runtime: 215623us
Bounce: iterations=232 runtime: 215727us
Bounce: iterations=233 runtime: 216014us
Bounce: iterations=234 runtime: 215652us
Bounce: iterations=235 runtime: 216327us
Bounce: iterations=236 runtime: 215602us
Bounce: iterations=237 runtime: 215849us
Bounce: iterations=238 runtime: 217139us
Bounce: iterations=239 runtime: 215820us
Bounce: iterations=240 runtime: 215468us
Bounce: iterations=241 runtime: 216104us
Bounce: iterations=242 runtime: 215662us
Bounce: iterations=243 runtime: 215768us
Bounce: iterations=244 runtime: 215643us
Bounce: iterations=245 runtime: 215621us
Bounce: iterations=246 runtime: 216273us
Bounce: iterations=247 runtime: 215814us
Bounce: iterations=248 runtime: 215364us
Bounce: iterations=249 runtime: 215373us
Bounce: iterations=250 runtime: 216122us
Bounce: iterations=251 runtime: 215627us
Bounce: iterations=252 runtime: 215700us
Bounce: iterations=253 runtime: 215671us
Bounce: iterations=254 runtime: 215749us
Bounce: iterations=255 runtime: 215470us
Bounce: iterations=256 runtime: 215464us
Bounce: iterations=257 runtime: 215477us
Bounce: iterations=258 runtime: 216532us
Bounce: iterations=259 runtime: 216999us
Bounce: iterations=260 runtime: 215543us
Bounce: iterations=261 runtime: 215709us
Bounce: iterations=262 runtime: 215846us
Bounce: iterations=263 runtime: 215192us
Bounce: iterations=264 runtime: 215375us
Bounce: iterations=265 runtime: 215183us
Bounce: iterations=266 runtime: 214901us
Bounce: iterations=267 runtime: 216356us
Bounce: iterations=268 runtime: 215923us
Bounce: iterations=269 runtime: 215622us
Bounce: iterations=270 runtime: 215699us
Bounce: iterations=271 runtime: 217319us
Bounce: iterations=272 runtime: 216006us
Bounce: iterations=273 runtime: 215950us
Bounce: iterations=274 runtime: 216120us
Bounce: iterations=275 runtime: 217259us
Bounce: iterations=276 runtime: 215912us
Bounce: iterations=277 runtime: 215632us
Bounce: iterations=278 runtime: 215770us
Bounce: iterations=279 runtime: 217532us
Bounce: iterations=280 runtime: 216337us
Bounce: iterations=281 runtime: 216302us
Bounce: iterations=282 runtime: 216669us
Bounce: iterations=283 runtime: 216409us
Bounce: iterations=284 runtime: 214934us
Bounce: iterations=285 runtime: 214850us
Bounce: iterations=286 runtime: 214888us
Bounce: iterations=287 runtime: 224655us
Bounce: iterations=288 runtime: 216122us
Bounce: iterations=289 runtime: 214765us
Bounce: iterations=290 runtime: 214309us
Bounce: iterations=291 runtime: 214772us
Bounce: iterations=292 runtime: 215729us
Bounce: iterations=293 runtime: 215466us
Bounce: iterations=294 runtime: 215277us
Bounce: iterations=295 runtime: 215166us
Bounce: iterations=296 runtime: 215562us
Bounce: iterations=297 runtime: 214987us
Bounce: iterations=298 runtime: 215151us
Bounce: iterations=299 runtime: 215071us
Bounce: iterations=300 runtime: 215862us
Bounce: iterations=301 runtime: 215146us
Bounce: iterations=302 runtime: 215417us
Bounce: iterations=303 runtime: 215393us
Bounce: iterations=304 runtime: 216192us
Bounce: iterations=305 runtime: 215524us
Bounce: iterations=306 runtime: 214849us
Bounce: iterations=307 runtime: 214898us
Bounce: iterations=308 runtime: 215679us
Bounce: iterations=309 runtime: 218613us
Bounce: iterations=310 runtime: 215549us
Bounce: iterations=311 runtime: 215697us
Bounce: iterations=312 runtime: 216504us
Bounce: iterations=313 runtime: 215870us
Bounce: iterations=314 runtime: 215770us
Bounce: iterations=315 runtime: 215631us
Bounce: iterations=316 runtime: 215187us
Bounce: iterations=317 runtime: 216016us
Bounce: iterations=318 runtime: 215400us
Bounce: iterations=319 runtime: 215494us
Bounce: iterations=320 runtime: 215257us
Bounce: iterations=321 runtime: 216043us
Bounce: iterations=322 runtime: 214971us
Bounce: iterations=323 runtime: 215146us
Bounce: iterations=324 runtime: 215299us
Bounce: iterations=325 runtime: 216819us
Bounce: iterations=326 runtime: 215731us
Bounce: iterations=327 runtime: 215375us
Bounce: iterations=328 runtime: 217457us
Bounce: iterations=329 runtime: 216452us
Bounce: iterations=330 runtime: 215700us
Bounce: iterations=331 runtime: 215293us
Bounce: iterations=332 runtime: 214907us
Bounce: iterations=333 runtime: 215398us
Bounce: iterations=334 runtime: 214715us
Bounce: iterations=335 runtime: 215372us
Bounce: iterations=336 runtime: 217146us
Bounce: iterations=337 runtime: 216757us
Bounce: iterations=338 runtime: 216021us
Bounce: iterations=339 runtime: 216050us
Bounce: iterations=340 runtime: 215703us
Bounce: iterations=341 runtime: 216325us
Bounce: iterations=342 runtime: 215492us
Bounce: iterations=343 runtime: 215288us
Bounce: iterations=344 runtime: 215146us
Bounce: iterations=345 runtime: 215077us
Bounce: iterations=346 runtime: 216629us
Bounce: iterations=347 runtime: 215356us
Bounce: iterations=348 runtime: 215507us
Bounce: iterations=349 runtime: 214817us
Bounce: iterations=350 runtime: 215578us
Bounce: iterations=351 runtime: 219801us
Bounce: iterations=352 runtime: 216725us
Bounce: iterations=353 runtime: 215829us
Bounce: iterations=354 runtime: 216504us
Bounce: iterations=355 runtime: 215721us
Bounce: iterations=356 runtime: 215905us
Bounce: iterations=357 runtime: 215744us
Bounce: iterations=358 runtime: 216304us
Bounce: iterations=359 runtime: 214818us
Bounce: iterations=360 runtime: 214547us
Bounce: iterations=361 runtime: 214934us
Bounce: iterations=362 runtime: 215611us
Bounce: iterations=363 runtime: 214922us
Bounce: iterations=364 runtime: 214800us
Bounce: iterations=365 runtime: 214969us
Bounce: iterations=366 runtime: 214637us
Bounce: iterations=367 runtime: 216205us
Bounce: iterations=368 runtime: 214880us
Bounce: iterations=369 runtime: 215322us
Bounce: iterations=370 runtime: 214773us
Bounce: iterations=371 runtime: 215465us
Bounce: iterations=372 runtime: 214479us
Bounce: iterations=373 runtime: 214434us
Bounce: iterations=374 runtime: 216688us
Bounce: iterations=375 runtime: 216125us
Bounce: iterations=376 runtime: 215195us
Bounce: iterations=377 runtime: 215194us
Bounce: iterations=378 runtime: 215026us
Bounce: iterations=379 runtime: 215821us
Bounce: iterations=380 runtime: 214938us
Bounce: iterations=381 runtime: 215071us
Bounce: iterations=382 runtime: 214744us
Bounce: iterations=383 runtime: 215636us
Bounce: iterations=384 runtime: 214902us
Bounce: iterations=385 runtime: 214841us
Bounce: iterations=386 runtime: 214785us
Bounce: iterations=387 runtime: 215767us
Bounce: iterations=388 runtime: 215428us
Bounce: iterations=389 runtime: 215084us
Bounce: iterations=390 runtime: 215078us
Bounce: iterations=391 runtime: 215045us
Bounce: iterations=392 runtime: 217520us
Bounce: iterations=393 runtime: 215780us
Bounce: iterations=394 runtime: 289337us
Bounce: iterations=395 runtime: 214318us
Bounce: iterations=396 runtime: 214859us
Bounce: iterations=397 runtime: 215750us
Bounce: iterations=398 runtime: 214692us
Bounce: iterations=399 runtime: 214776us
Bounce: iterations=400 runtime: 215834us
Bounce: iterations=401 runtime: 215134us
Bounce: iterations=402 runtime: 214955us
Bounce: iterations=403 runtime: 214877us
Bounce: iterations=404 runtime: 215556us
Bounce: iterations=405 runtime: 215131us
Bounce: iterations=406 runtime: 214752us
Bounce: iterations=407 runtime: 214601us
Bounce: iterations=408 runtime: 215154us
Bounce: iterations=409 runtime: 214839us
Bounce: iterations=410 runtime: 214505us
Bounce: iterations=411 runtime: 214652us
Bounce: iterations=412 runtime: 214834us
Bounce: iterations=413 runtime: 215870us
Bounce: iterations=414 runtime: 214945us
Bounce: iterations=415 runtime: 217629us
Bounce: iterations=416 runtime: 217401us
Bounce: iterations=417 runtime: 216783us
Bounce: iterations=418 runtime: 214957us
Bounce: iterations=419 runtime: 214951us
Bounce: iterations=420 runtime: 215384us
Bounce: iterations=421 runtime: 218263us
Bounce: iterations=422 runtime: 216800us
Bounce: iterations=423 runtime: 214873us
Bounce: iterations=424 runtime: 214784us
Bounce: iterations=425 runtime: 215100us
Bounce: iterations=426 runtime: 214878us
Bounce: iterations=427 runtime: 214910us
Bounce: iterations=428 runtime: 214931us
Bounce: iterations=429 runtime: 215626us
Bounce: iterations=430 runtime: 215236us
Bounce: iterations=431 runtime: 215013us
Bounce: iterations=432 runtime: 214944us
Bounce: iterations=433 runtime: 215329us
Bounce: iterations=434 runtime: 215054us
Bounce: iterations=435 runtime: 215214us
Bounce: iterations=436 runtime: 215091us
Bounce: iterations=437 runtime: 214852us
Bounce: iterations=438 runtime: 215484us
Bounce: iterations=439 runtime: 214603us
Bounce: iterations=440 runtime: 214604us
Bounce: iterations=441 runtime: 214607us
Bounce: iterations=442 runtime: 215344us
Bounce: iterations=443 runtime: 215402us
Bounce: iterations=444 runtime: 215358us
Bounce: iterations=445 runtime: 214966us
Bounce: iterations=446 runtime: 215437us
Bounce: iterations=447 runtime: 215034us
Bounce: iterations=448 runtime: 215179us
Bounce: iterations=449 runtime: 215296us
Bounce: iterations=450 runtime: 215345us
Bounce: iterations=451 runtime: 214889us
Bounce: iterations=452 runtime: 214831us
Bounce: iterations=453 runtime: 214985us
Bounce: iterations=454 runtime: 215782us
Bounce: iterations=455 runtime: 214620us
Bounce: iterations=456 runtime: 214772us
Bounce: iterations=457 runtime: 214860us
Bounce: iterations=458 runtime: 221369us
Bounce: iterations=459 runtime: 216290us
Bounce: iterations=460 runtime: 215363us
Bounce: iterations=461 runtime: 215064us
Bounce: iterations=462 runtime: 215118us
Bounce: iterations=463 runtime: 215620us
Bounce: iterations=464 runtime: 214690us
Bounce: iterations=465 runtime: 214663us
Bounce: iterations=466 runtime: 214868us
Bounce: iterations=467 runtime: 216057us
Bounce: iterations=468 runtime: 214570us
Bounce: iterations=469 runtime: 214877us
Bounce: iterations=470 runtime: 214870us
Bounce: iterations=471 runtime: 215399us
Bounce: iterations=472 runtime: 214846us
Bounce: iterations=473 runtime: 214837us
Bounce: iterations=474 runtime: 215074us
Bounce: iterations=475 runtime: 215689us
Bounce: iterations=476 runtime: 215279us
Bounce: iterations=477 runtime: 215135us
Bounce: iterations=478 runtime: 215245us
Bounce: iterations=479 runtime: 215764us
Bounce: iterations=480 runtime: 214987us
Bounce: iterations=481 runtime: 214846us
Bounce: iterations=482 runtime: 214732us
Bounce: iterations=483 runtime: 214977us
Bounce: iterations=484 runtime: 215227us
Bounce: iterations=485 runtime: 214674us
Bounce: iterations=486 runtime: 214790us
Bounce: iterations=487 runtime: 215052us
java.lang.StringCoding.implEncodeAsciiArray(char[], int, byte[], int, int)int -1 codeSignature differs a4d525ee532749fd09e0ef41f5918e2b891717235a29344d07c74f6112bb4c2c != d55fbea694761fc922a42e91b2b98c835dce3c3f298c1fe7d5ce8aa936963d2d
java.lang.StringCoding.implEncodeAsciiArray(char[], int, byte[], int, int)int -1 graphSignature differs bc8f20c8c772d3cc0eaba9b68bcd84047d761ba16a7aeb64fe90c36d37dcccb7 != 3bdd078c3a9d60d7eff24b6603d8a355db817965321aded167eb2387bae94eb4
Bounce: iterations=488 runtime: 215671us
Bounce: iterations=489 runtime: 217710us
Bounce: iterations=490 runtime: 216922us
Bounce: iterations=491 runtime: 215731us
Bounce: iterations=492 runtime: 216291us
Bounce: iterations=493 runtime: 215461us
Bounce: iterations=494 runtime: 215499us
Bounce: iterations=495 runtime: 215369us
Bounce: iterations=496 runtime: 216326us
Bounce: iterations=497 runtime: 215018us
Bounce: iterations=498 runtime: 215128us
Bounce: iterations=499 runtime: 215040us
Bounce: iterations=500 runtime: 215463us
Bounce: iterations=500 average: 216190us total: 108095239us


Total Runtime: 108095239us
Bubo.RDTSC.Harness.main Total RDTSC cycles: 358336730464
