Could not locate BlockSlowdown.json
Skipping Loading (this might cause a fatal crash if GTSlowdown is on)
Could not locate BlockSlowdown.json
Skipping Loading (this might cause a fatal crash if GTSlowdown is on)
Starting Mandelbrot benchmark ...
Mandelbrot: iterations=1 runtime: 162969us
Mandelbrot: iterations=2 runtime: 173320us
Mandelbrot: iterations=3 runtime: 163020us
Mandelbrot: iterations=4 runtime: 150699us
Mandelbrot: iterations=5 runtime: 150669us
Mandelbrot: iterations=6 runtime: 151076us
Mandelbrot: iterations=7 runtime: 150869us
Mandelbrot: iterations=8 runtime: 151426us
Mandelbrot: iterations=9 runtime: 150632us
Mandelbrot: iterations=10 runtime: 150631us
Mandelbrot: iterations=11 runtime: 150638us
Mandelbrot: iterations=12 runtime: 150818us
Mandelbrot: iterations=13 runtime: 150663us
Mandelbrot: iterations=14 runtime: 150738us
Mandelbrot: iterations=15 runtime: 150675us
Mandelbrot: iterations=16 runtime: 150763us
Mandelbrot: iterations=17 runtime: 150783us
Mandelbrot: iterations=18 runtime: 150454us
Mandelbrot: iterations=19 runtime: 150675us
Mandelbrot: iterations=20 runtime: 150695us
Mandelbrot: iterations=21 runtime: 150891us
Mandelbrot: iterations=22 runtime: 150655us
Mandelbrot: iterations=23 runtime: 150537us
Mandelbrot: iterations=24 runtime: 150641us
Mandelbrot: iterations=25 runtime: 150624us
Mandelbrot: iterations=26 runtime: 150667us
Mandelbrot: iterations=27 runtime: 150945us
Mandelbrot: iterations=28 runtime: 150893us
Mandelbrot: iterations=29 runtime: 150960us
Mandelbrot: iterations=30 runtime: 150642us
Mandelbrot: iterations=31 runtime: 150615us
Mandelbrot: iterations=32 runtime: 150706us
Mandelbrot: iterations=33 runtime: 150625us
Mandelbrot: iterations=34 runtime: 150758us
Mandelbrot: iterations=35 runtime: 150652us
Mandelbrot: iterations=36 runtime: 150727us
Mandelbrot: iterations=37 runtime: 150828us
Mandelbrot: iterations=38 runtime: 150349us
Mandelbrot: iterations=39 runtime: 150554us
Mandelbrot: iterations=40 runtime: 150346us
Mandelbrot: iterations=41 runtime: 150346us
Mandelbrot: iterations=42 runtime: 150359us
Mandelbrot: iterations=43 runtime: 150546us
Mandelbrot: iterations=44 runtime: 150352us
Mandelbrot: iterations=45 runtime: 150383us
Mandelbrot: iterations=46 runtime: 150561us
Mandelbrot: iterations=47 runtime: 150346us
Mandelbrot: iterations=48 runtime: 150546us
Mandelbrot: iterations=49 runtime: 150598us
Mandelbrot: iterations=50 runtime: 150996us
Mandelbrot: iterations=51 runtime: 150831us
Mandelbrot: iterations=52 runtime: 150838us
Mandelbrot: iterations=53 runtime: 150980us
Mandelbrot: iterations=54 runtime: 150840us
Mandelbrot: iterations=55 runtime: 150822us
Mandelbrot: iterations=56 runtime: 150843us
Mandelbrot: iterations=57 runtime: 150835us
Mandelbrot: iterations=58 runtime: 150992us
Mandelbrot: iterations=59 runtime: 150983us
Mandelbrot: iterations=60 runtime: 151028us
Mandelbrot: iterations=61 runtime: 150989us
Mandelbrot: iterations=62 runtime: 151013us
Mandelbrot: iterations=63 runtime: 150856us
Mandelbrot: iterations=64 runtime: 150352us
Mandelbrot: iterations=65 runtime: 150547us
Mandelbrot: iterations=66 runtime: 150557us
Mandelbrot: iterations=67 runtime: 150356us
Mandelbrot: iterations=68 runtime: 150717us
Mandelbrot: iterations=69 runtime: 150571us
Mandelbrot: iterations=70 runtime: 151026us
Mandelbrot: iterations=71 runtime: 150668us
Mandelbrot: iterations=72 runtime: 150406us
Mandelbrot: iterations=73 runtime: 150695us
Mandelbrot: iterations=74 runtime: 150802us
Mandelbrot: iterations=75 runtime: 150630us
Mandelbrot: iterations=76 runtime: 150635us
Mandelbrot: iterations=77 runtime: 150619us
Mandelbrot: iterations=78 runtime: 152540us
Mandelbrot: iterations=79 runtime: 151508us
Mandelbrot: iterations=80 runtime: 150867us
Mandelbrot: iterations=81 runtime: 150844us
Mandelbrot: iterations=82 runtime: 151110us
Mandelbrot: iterations=83 runtime: 150828us
Mandelbrot: iterations=84 runtime: 150707us
Mandelbrot: iterations=85 runtime: 150670us
Mandelbrot: iterations=86 runtime: 150988us
Mandelbrot: iterations=87 runtime: 150920us
Mandelbrot: iterations=88 runtime: 150712us
Mandelbrot: iterations=89 runtime: 151175us
Mandelbrot: iterations=90 runtime: 150696us
Could not locate BlockSlowdown.json
Skipping Loading (this might cause a fatal crash if GTSlowdown is on)
Mandelbrot: iterations=91 runtime: 150842us
Mandelbrot: iterations=92 runtime: 151071us
Mandelbrot: iterations=93 runtime: 150815us
Mandelbrot: iterations=94 runtime: 150910us
Mandelbrot: iterations=95 runtime: 150874us
Mandelbrot: iterations=96 runtime: 150753us
Mandelbrot: iterations=97 runtime: 150699us
Mandelbrot: iterations=98 runtime: 150952us
Mandelbrot: iterations=99 runtime: 150731us
Mandelbrot: iterations=100 runtime: 151225us
Mandelbrot: iterations=101 runtime: 150853us
Mandelbrot: iterations=102 runtime: 151226us
Mandelbrot: iterations=103 runtime: 151035us
Mandelbrot: iterations=104 runtime: 150718us
Mandelbrot: iterations=105 runtime: 150898us
Mandelbrot: iterations=106 runtime: 150866us
Mandelbrot: iterations=107 runtime: 150787us
Mandelbrot: iterations=108 runtime: 150795us
Mandelbrot: iterations=109 runtime: 151000us
Mandelbrot: iterations=110 runtime: 151243us
Mandelbrot: iterations=111 runtime: 150697us
Mandelbrot: iterations=112 runtime: 151327us
Mandelbrot: iterations=113 runtime: 150877us
Mandelbrot: iterations=114 runtime: 150970us
Mandelbrot: iterations=115 runtime: 151367us
Mandelbrot: iterations=116 runtime: 150830us
Mandelbrot: iterations=117 runtime: 150746us
Mandelbrot: iterations=118 runtime: 150952us
Mandelbrot: iterations=119 runtime: 151301us
Mandelbrot: iterations=120 runtime: 151074us
Mandelbrot: iterations=121 runtime: 150944us
Mandelbrot: iterations=122 runtime: 150960us
Mandelbrot: iterations=123 runtime: 150861us
Mandelbrot: iterations=124 runtime: 150793us
Mandelbrot: iterations=125 runtime: 150942us
Mandelbrot: iterations=126 runtime: 150848us
Could not locate BlockSlowdown.json
Skipping Loading (this might cause a fatal crash if GTSlowdown is on)
Mandelbrot: iterations=127 runtime: 150964us
Mandelbrot: iterations=128 runtime: 150802us
Mandelbrot: iterations=129 runtime: 150904us
Mandelbrot: iterations=130 runtime: 150882us
Mandelbrot: iterations=131 runtime: 150713us
Mandelbrot: iterations=132 runtime: 150824us
Mandelbrot: iterations=133 runtime: 150896us
Mandelbrot: iterations=134 runtime: 150833us
Mandelbrot: iterations=135 runtime: 151338us
Mandelbrot: iterations=136 runtime: 150773us
Mandelbrot: iterations=137 runtime: 150975us
Mandelbrot: iterations=138 runtime: 151091us
Mandelbrot: iterations=139 runtime: 151102us
Mandelbrot: iterations=140 runtime: 151223us
Mandelbrot: iterations=141 runtime: 150759us
Mandelbrot: iterations=142 runtime: 150889us
Mandelbrot: iterations=143 runtime: 150876us
Mandelbrot: iterations=144 runtime: 150902us
Mandelbrot: iterations=145 runtime: 150761us
Mandelbrot: iterations=146 runtime: 150905us
Mandelbrot: iterations=147 runtime: 150911us
Mandelbrot: iterations=148 runtime: 150911us
Mandelbrot: iterations=149 runtime: 150828us
Mandelbrot: iterations=150 runtime: 150905us
Mandelbrot: iterations=151 runtime: 150762us
Mandelbrot: iterations=152 runtime: 151128us
Mandelbrot: iterations=153 runtime: 151031us
Mandelbrot: iterations=154 runtime: 151005us
Mandelbrot: iterations=155 runtime: 150969us
Mandelbrot: iterations=156 runtime: 150795us
Mandelbrot: iterations=157 runtime: 151074us
Mandelbrot: iterations=158 runtime: 150972us
Mandelbrot: iterations=159 runtime: 150704us
Mandelbrot: iterations=160 runtime: 150791us
Mandelbrot: iterations=161 runtime: 150981us
Mandelbrot: iterations=162 runtime: 150648us
Mandelbrot: iterations=163 runtime: 150796us
Mandelbrot: iterations=164 runtime: 150952us
Mandelbrot: iterations=165 runtime: 150582us
Mandelbrot: iterations=166 runtime: 151085us
Mandelbrot: iterations=167 runtime: 151154us
Mandelbrot: iterations=168 runtime: 150878us
Mandelbrot: iterations=169 runtime: 151170us
Mandelbrot: iterations=170 runtime: 151052us
Mandelbrot: iterations=171 runtime: 150920us
Mandelbrot: iterations=172 runtime: 150617us
Mandelbrot: iterations=173 runtime: 151017us
Mandelbrot: iterations=174 runtime: 151020us
Mandelbrot: iterations=175 runtime: 150809us
Mandelbrot: iterations=176 runtime: 151249us
Mandelbrot: iterations=177 runtime: 150766us
Mandelbrot: iterations=178 runtime: 151012us
Mandelbrot: iterations=179 runtime: 150705us
Mandelbrot: iterations=180 runtime: 150859us
Mandelbrot: iterations=181 runtime: 151042us
Mandelbrot: iterations=182 runtime: 150710us
Mandelbrot: iterations=183 runtime: 150993us
Mandelbrot: iterations=184 runtime: 151039us
Mandelbrot: iterations=185 runtime: 150803us
Mandelbrot: iterations=186 runtime: 150644us
Mandelbrot: iterations=187 runtime: 150906us
Mandelbrot: iterations=188 runtime: 150880us
Mandelbrot: iterations=189 runtime: 150869us
Mandelbrot: iterations=190 runtime: 150841us
Mandelbrot: iterations=191 runtime: 150850us
Mandelbrot: iterations=192 runtime: 150996us
Mandelbrot: iterations=193 runtime: 150546us
Mandelbrot: iterations=194 runtime: 150746us
Mandelbrot: iterations=195 runtime: 150765us
Mandelbrot: iterations=196 runtime: 151119us
Mandelbrot: iterations=197 runtime: 150873us
Mandelbrot: iterations=198 runtime: 150706us
Mandelbrot: iterations=199 runtime: 150867us
Mandelbrot: iterations=200 runtime: 150905us
Mandelbrot: iterations=201 runtime: 151049us
Mandelbrot: iterations=202 runtime: 151107us
Mandelbrot: iterations=203 runtime: 150707us
Mandelbrot: iterations=204 runtime: 151025us
Mandelbrot: iterations=205 runtime: 151021us
Mandelbrot: iterations=206 runtime: 151154us
Mandelbrot: iterations=207 runtime: 150882us
Mandelbrot: iterations=208 runtime: 151095us
Mandelbrot: iterations=209 runtime: 150796us
Mandelbrot: iterations=210 runtime: 150479us
Mandelbrot: iterations=211 runtime: 151009us
Mandelbrot: iterations=212 runtime: 151100us
Mandelbrot: iterations=213 runtime: 150959us
Mandelbrot: iterations=214 runtime: 150917us
Mandelbrot: iterations=215 runtime: 150574us
Mandelbrot: iterations=216 runtime: 150948us
Mandelbrot: iterations=217 runtime: 151048us
Mandelbrot: iterations=218 runtime: 150883us
Mandelbrot: iterations=219 runtime: 150850us
Mandelbrot: iterations=220 runtime: 150960us
Mandelbrot: iterations=221 runtime: 151105us
Mandelbrot: iterations=222 runtime: 150922us
Mandelbrot: iterations=223 runtime: 150800us
Mandelbrot: iterations=224 runtime: 150863us
Mandelbrot: iterations=225 runtime: 150688us
Mandelbrot: iterations=226 runtime: 150940us
Mandelbrot: iterations=227 runtime: 150882us
Mandelbrot: iterations=228 runtime: 150955us
Mandelbrot: iterations=229 runtime: 150952us
Mandelbrot: iterations=230 runtime: 150798us
Mandelbrot: iterations=231 runtime: 151803us
Mandelbrot: iterations=232 runtime: 151206us
Mandelbrot: iterations=233 runtime: 150781us
Mandelbrot: iterations=234 runtime: 151096us
Mandelbrot: iterations=235 runtime: 151021us
Mandelbrot: iterations=236 runtime: 150772us
Mandelbrot: iterations=237 runtime: 150919us
Mandelbrot: iterations=238 runtime: 151038us
Mandelbrot: iterations=239 runtime: 151048us
Mandelbrot: iterations=240 runtime: 150756us
Mandelbrot: iterations=241 runtime: 150721us
Mandelbrot: iterations=242 runtime: 151164us
Mandelbrot: iterations=243 runtime: 150761us
Mandelbrot: iterations=244 runtime: 151145us
Mandelbrot: iterations=245 runtime: 151356us
Mandelbrot: iterations=246 runtime: 150878us
Mandelbrot: iterations=247 runtime: 151051us
Mandelbrot: iterations=248 runtime: 150993us
Mandelbrot: iterations=249 runtime: 151315us
Mandelbrot: iterations=250 runtime: 151277us
Mandelbrot: iterations=251 runtime: 150891us
Mandelbrot: iterations=252 runtime: 150863us
Mandelbrot: iterations=253 runtime: 151017us
Mandelbrot: iterations=254 runtime: 150995us
Mandelbrot: iterations=255 runtime: 150720us
Mandelbrot: iterations=256 runtime: 150913us
Mandelbrot: iterations=257 runtime: 150622us
Mandelbrot: iterations=258 runtime: 151007us
Mandelbrot: iterations=259 runtime: 151072us
Mandelbrot: iterations=260 runtime: 151042us
Mandelbrot: iterations=261 runtime: 150780us
Mandelbrot: iterations=262 runtime: 150960us
Mandelbrot: iterations=263 runtime: 150901us
Mandelbrot: iterations=264 runtime: 150887us
Mandelbrot: iterations=265 runtime: 150835us
Mandelbrot: iterations=266 runtime: 150823us
Mandelbrot: iterations=267 runtime: 150940us
Mandelbrot: iterations=268 runtime: 150994us
Mandelbrot: iterations=269 runtime: 151124us
Mandelbrot: iterations=270 runtime: 151095us
Mandelbrot: iterations=271 runtime: 151125us
Mandelbrot: iterations=272 runtime: 150916us
Mandelbrot: iterations=273 runtime: 150919us
Mandelbrot: iterations=274 runtime: 151169us
Mandelbrot: iterations=275 runtime: 150490us
Mandelbrot: iterations=276 runtime: 151312us
Mandelbrot: iterations=277 runtime: 150903us
Mandelbrot: iterations=278 runtime: 150779us
Mandelbrot: iterations=279 runtime: 150894us
Mandelbrot: iterations=280 runtime: 150604us
Mandelbrot: iterations=281 runtime: 151073us
Mandelbrot: iterations=282 runtime: 150716us
Mandelbrot: iterations=283 runtime: 150825us
Mandelbrot: iterations=284 runtime: 150798us
Mandelbrot: iterations=285 runtime: 150979us
Mandelbrot: iterations=286 runtime: 151106us
Mandelbrot: iterations=287 runtime: 150766us
Mandelbrot: iterations=288 runtime: 150890us
Mandelbrot: iterations=289 runtime: 151045us
Mandelbrot: iterations=290 runtime: 151192us
Mandelbrot: iterations=291 runtime: 150598us
Mandelbrot: iterations=292 runtime: 150921us
Mandelbrot: iterations=293 runtime: 150436us
Mandelbrot: iterations=294 runtime: 150874us
Mandelbrot: iterations=295 runtime: 151146us
Mandelbrot: iterations=296 runtime: 150849us
Mandelbrot: iterations=297 runtime: 150595us
Mandelbrot: iterations=298 runtime: 150816us
Mandelbrot: iterations=299 runtime: 151051us
Mandelbrot: iterations=300 runtime: 150739us
Mandelbrot: iterations=301 runtime: 151087us
Mandelbrot: iterations=302 runtime: 150921us
Mandelbrot: iterations=303 runtime: 150727us
Mandelbrot: iterations=304 runtime: 151183us
Mandelbrot: iterations=305 runtime: 150897us
Mandelbrot: iterations=306 runtime: 150890us
Mandelbrot: iterations=307 runtime: 150962us
Mandelbrot: iterations=308 runtime: 151028us
Mandelbrot: iterations=309 runtime: 150885us
Mandelbrot: iterations=310 runtime: 150850us
Mandelbrot: iterations=311 runtime: 150886us
Mandelbrot: iterations=312 runtime: 150761us
Mandelbrot: iterations=313 runtime: 150785us
Mandelbrot: iterations=314 runtime: 150694us
Mandelbrot: iterations=315 runtime: 150857us
Mandelbrot: iterations=316 runtime: 150821us
Mandelbrot: iterations=317 runtime: 150885us
Mandelbrot: iterations=318 runtime: 151072us
Mandelbrot: iterations=319 runtime: 150956us
Mandelbrot: iterations=320 runtime: 150882us
Mandelbrot: iterations=321 runtime: 151238us
Mandelbrot: iterations=322 runtime: 151183us
Mandelbrot: iterations=323 runtime: 150806us
Mandelbrot: iterations=324 runtime: 151067us
Mandelbrot: iterations=325 runtime: 150992us
Mandelbrot: iterations=326 runtime: 150752us
Mandelbrot: iterations=327 runtime: 150719us
Mandelbrot: iterations=328 runtime: 150671us
Mandelbrot: iterations=329 runtime: 150863us
Mandelbrot: iterations=330 runtime: 174624us
Mandelbrot: iterations=331 runtime: 150516us
Mandelbrot: iterations=332 runtime: 150783us
Mandelbrot: iterations=333 runtime: 151160us
Mandelbrot: iterations=334 runtime: 150667us
Mandelbrot: iterations=335 runtime: 150457us
Mandelbrot: iterations=336 runtime: 150639us
Mandelbrot: iterations=337 runtime: 150569us
Mandelbrot: iterations=338 runtime: 150655us
Mandelbrot: iterations=339 runtime: 150672us
Mandelbrot: iterations=340 runtime: 150856us
Mandelbrot: iterations=341 runtime: 150909us
Mandelbrot: iterations=342 runtime: 150764us
Mandelbrot: iterations=343 runtime: 150840us
Mandelbrot: iterations=344 runtime: 150605us
Mandelbrot: iterations=345 runtime: 150380us
Mandelbrot: iterations=346 runtime: 150755us
Mandelbrot: iterations=347 runtime: 150748us
Mandelbrot: iterations=348 runtime: 150350us
Mandelbrot: iterations=349 runtime: 151077us
Mandelbrot: iterations=350 runtime: 150783us
Mandelbrot: iterations=351 runtime: 150610us
Mandelbrot: iterations=352 runtime: 151036us
Mandelbrot: iterations=353 runtime: 150408us
Mandelbrot: iterations=354 runtime: 150729us
Mandelbrot: iterations=355 runtime: 151189us
Mandelbrot: iterations=356 runtime: 150620us
Mandelbrot: iterations=357 runtime: 151003us
Mandelbrot: iterations=358 runtime: 150342us
Mandelbrot: iterations=359 runtime: 150925us
Mandelbrot: iterations=360 runtime: 150563us
Mandelbrot: iterations=361 runtime: 150459us
Mandelbrot: iterations=362 runtime: 150537us
Mandelbrot: iterations=363 runtime: 150382us
Mandelbrot: iterations=364 runtime: 150744us
Mandelbrot: iterations=365 runtime: 150980us
Mandelbrot: iterations=366 runtime: 150941us
Mandelbrot: iterations=367 runtime: 150677us
Mandelbrot: iterations=368 runtime: 151326us
Mandelbrot: iterations=369 runtime: 150436us
Mandelbrot: iterations=370 runtime: 150719us
Mandelbrot: iterations=371 runtime: 150342us
Mandelbrot: iterations=372 runtime: 150480us
Mandelbrot: iterations=373 runtime: 150537us
Mandelbrot: iterations=374 runtime: 150734us
Mandelbrot: iterations=375 runtime: 150843us
Mandelbrot: iterations=376 runtime: 150998us
Mandelbrot: iterations=377 runtime: 150682us
Mandelbrot: iterations=378 runtime: 150643us
Mandelbrot: iterations=379 runtime: 150725us
Mandelbrot: iterations=380 runtime: 150737us
Mandelbrot: iterations=381 runtime: 150981us
Mandelbrot: iterations=382 runtime: 150841us
Mandelbrot: iterations=383 runtime: 150760us
Mandelbrot: iterations=384 runtime: 151298us
Mandelbrot: iterations=385 runtime: 150864us
Mandelbrot: iterations=386 runtime: 150845us
Mandelbrot: iterations=387 runtime: 150844us
Mandelbrot: iterations=388 runtime: 151151us
Mandelbrot: iterations=389 runtime: 150766us
Mandelbrot: iterations=390 runtime: 150762us
Mandelbrot: iterations=391 runtime: 150732us
Mandelbrot: iterations=392 runtime: 150876us
Mandelbrot: iterations=393 runtime: 151085us
Mandelbrot: iterations=394 runtime: 150902us
Mandelbrot: iterations=395 runtime: 150448us
Mandelbrot: iterations=396 runtime: 150598us
Mandelbrot: iterations=397 runtime: 150897us
Mandelbrot: iterations=398 runtime: 150784us
Mandelbrot: iterations=399 runtime: 150673us
Mandelbrot: iterations=400 runtime: 150728us
Mandelbrot: iterations=401 runtime: 150680us
Mandelbrot: iterations=402 runtime: 150535us
Mandelbrot: iterations=403 runtime: 150748us
Mandelbrot: iterations=404 runtime: 150998us
Mandelbrot: iterations=405 runtime: 150970us
Mandelbrot: iterations=406 runtime: 150836us
Mandelbrot: iterations=407 runtime: 150675us
Mandelbrot: iterations=408 runtime: 150765us
Mandelbrot: iterations=409 runtime: 150873us
Mandelbrot: iterations=410 runtime: 150994us
Mandelbrot: iterations=411 runtime: 150932us
Mandelbrot: iterations=412 runtime: 150604us
Mandelbrot: iterations=413 runtime: 150337us
Mandelbrot: iterations=414 runtime: 150929us
Mandelbrot: iterations=415 runtime: 150339us
Mandelbrot: iterations=416 runtime: 150612us
Mandelbrot: iterations=417 runtime: 150812us
Mandelbrot: iterations=418 runtime: 150787us
Mandelbrot: iterations=419 runtime: 150807us
Mandelbrot: iterations=420 runtime: 150790us
Mandelbrot: iterations=421 runtime: 150863us
Mandelbrot: iterations=422 runtime: 150890us
Mandelbrot: iterations=423 runtime: 150682us
Mandelbrot: iterations=424 runtime: 150737us
Mandelbrot: iterations=425 runtime: 150770us
Mandelbrot: iterations=426 runtime: 150901us
Mandelbrot: iterations=427 runtime: 150987us
Mandelbrot: iterations=428 runtime: 150996us
Mandelbrot: iterations=429 runtime: 150758us
Mandelbrot: iterations=430 runtime: 150562us
Mandelbrot: iterations=431 runtime: 150789us
Mandelbrot: iterations=432 runtime: 150825us
Mandelbrot: iterations=433 runtime: 151161us
Could not locate BlockSlowdown.json
Skipping Loading (this might cause a fatal crash if GTSlowdown is on)
Mandelbrot: iterations=434 runtime: 150651us
Mandelbrot: iterations=435 runtime: 150729us
Mandelbrot: iterations=436 runtime: 150417us
Mandelbrot: iterations=437 runtime: 150343us
Mandelbrot: iterations=438 runtime: 150342us
Mandelbrot: iterations=439 runtime: 150946us
Mandelbrot: iterations=440 runtime: 150715us
Mandelbrot: iterations=441 runtime: 151040us
Mandelbrot: iterations=442 runtime: 151093us
Mandelbrot: iterations=443 runtime: 150494us
Mandelbrot: iterations=444 runtime: 150696us
Mandelbrot: iterations=445 runtime: 150833us
Mandelbrot: iterations=446 runtime: 151003us
Mandelbrot: iterations=447 runtime: 150834us
Mandelbrot: iterations=448 runtime: 150987us
Mandelbrot: iterations=449 runtime: 150703us
Mandelbrot: iterations=450 runtime: 150346us
Mandelbrot: iterations=451 runtime: 150351us
Mandelbrot: iterations=452 runtime: 150588us
Mandelbrot: iterations=453 runtime: 150833us
Mandelbrot: iterations=454 runtime: 150774us
Mandelbrot: iterations=455 runtime: 150697us
Mandelbrot: iterations=456 runtime: 150994us
Could not locate BlockSlowdown.json
Skipping Loading (this might cause a fatal crash if GTSlowdown is on)
Mandelbrot: iterations=457 runtime: 150835us
Mandelbrot: iterations=458 runtime: 150483us
Mandelbrot: iterations=459 runtime: 150566us
Mandelbrot: iterations=460 runtime: 150486us
Mandelbrot: iterations=461 runtime: 150812us
Mandelbrot: iterations=462 runtime: 150546us
Mandelbrot: iterations=463 runtime: 150992us
Mandelbrot: iterations=464 runtime: 150918us
Mandelbrot: iterations=465 runtime: 150685us
Mandelbrot: iterations=466 runtime: 150818us
Mandelbrot: iterations=467 runtime: 150659us
Mandelbrot: iterations=468 runtime: 150733us
Mandelbrot: iterations=469 runtime: 150967us
Mandelbrot: iterations=470 runtime: 150443us
Mandelbrot: iterations=471 runtime: 150647us
Mandelbrot: iterations=472 runtime: 150694us
Mandelbrot: iterations=473 runtime: 150634us
Mandelbrot: iterations=474 runtime: 150768us
Mandelbrot: iterations=475 runtime: 150599us
Mandelbrot: iterations=476 runtime: 150963us
Mandelbrot: iterations=477 runtime: 150820us
Mandelbrot: iterations=478 runtime: 150971us
Mandelbrot: iterations=479 runtime: 150582us
Mandelbrot: iterations=480 runtime: 150568us
Mandelbrot: iterations=481 runtime: 150868us
Mandelbrot: iterations=482 runtime: 151332us
Mandelbrot: iterations=483 runtime: 150758us
Mandelbrot: iterations=484 runtime: 150816us
Mandelbrot: iterations=485 runtime: 150650us
Mandelbrot: iterations=486 runtime: 150671us
Mandelbrot: iterations=487 runtime: 150748us
Mandelbrot: iterations=488 runtime: 151178us
Mandelbrot: iterations=489 runtime: 150707us
Mandelbrot: iterations=490 runtime: 150725us
Mandelbrot: iterations=491 runtime: 150446us
Mandelbrot: iterations=492 runtime: 150825us
Mandelbrot: iterations=493 runtime: 150371us
Mandelbrot: iterations=494 runtime: 150701us
Mandelbrot: iterations=495 runtime: 150821us
Mandelbrot: iterations=496 runtime: 150714us
Mandelbrot: iterations=497 runtime: 150821us
Mandelbrot: iterations=498 runtime: 150420us
Mandelbrot: iterations=499 runtime: 150457us
Mandelbrot: iterations=500 runtime: 150892us
Could not locate BlockSlowdown.json
Skipping Loading (this might cause a fatal crash if GTSlowdown is on)
Mandelbrot: iterations=500 average: 150973us total: 75486559us


Total Runtime: 75486559us
Bubo.RDTSC.Harness.main Total RDTSC cycles: 250338150920
Comp 52 (java.util.ImmutableCollections$SetN$SetNIterator.next()) loops:
Found Encoding : 0:-1
└── Loop 0
  loop 0 Cycles: 260196 || Activation Count:4238| LoopCallCount: 0 |  Source: -at java.util.ImmutableCollections$SetN$SetNIterator.next(ImmutableCollections.java:1213) [bci: 21] | -at java.util.ImmutableCollections$SetN$SetNIterator.next(ImmutableCollections.java:1223) [bci: 65]
Comp 57 (java.util.HashMap.putVal(int,) loops:
Found Encoding : 0:-1
└── Loop 0
  loop 0 Cycles: 5586 || Activation Count:152| LoopCallCount: 0 |  Source: -at java.util.HashMap.putVal(HashMap.java:648) [bci: 134] | -at java.util.HashMap.putVal(HashMap.java:649) [bci: 145]
Comp 58 (java.lang.String.equals(Object)) loops:
Found Encoding : 0:-1
└── Loop 0
  loop 0 Cycles: 3406 || Activation Count:48| LoopCallCount: 0 |  Source: -at java.lang.StringLatin1.equals(StringLatin1.java:100) [bci: 9]
-at java.lang.String.equals(String.java:1926) [bci: 44] | -at java.lang.StringLatin1.equals(StringLatin1.java:105) [bci: 32]
-at java.lang.String.equals(String.java:1926) [bci: 44]
Comp 73 (java.util.HashMap.resize()) loops:
Found Encoding : 2:-1,0:-1,1:0
├── Loop 2
└── Loop 0
    └── Loop 1
  loop 0 Cycles: 23156 || Activation Count:6| LoopCallCount: 0 |  Source: -at java.util.HashMap.resize(HashMap.java:714) [bci: 151] | -at java.util.HashMap.resize(HashMap.java:755) [bci: 353]
  loop 1 Cycles: 5270 || Activation Count:60| LoopCallCount: 0 |  Source: -at java.util.HashMap.resize(HashMap.java:727) [bci: 235] | -at java.util.HashMap.resize(HashMap.java:743) [bci: 309]
  loop 2 Cycles: 12974 || Activation Count:244| LoopCallCount: 0 |  Source: -at jdk.graal.compiler.hotspot.replacements.HotSpotAllocationSnippets.allocateArray(KlassPointer, int, int, int, AllocationSnippets$FillContent, int, boolean, boolean, boolean, boolean, HotSpotAllocationSnippets$HotSpotAllocationProfilingData, boolea
Comp 84 (jdk.internal.util.ArraysSupport.unsignedHashCode(int,) loops:
Found Encoding : 0:-1,1:-1,2:-1
├── Loop 0
├── Loop 1
└── Loop 2
  loop 0 Cycles: 538 || Activation Count:1| LoopCallCount: 0 |  Source: -at jdk.internal.util.ArraysSupport.unsignedHashCode(ArraysSupport.java:378) [bci: 8] | -at jdk.internal.util.ArraysSupport.unsignedHashCode(ArraysSupport.java:381) [bci: 34]
  loop 1 Cycles: 70 || Activation Count:1| LoopCallCount: 0 |  Source: Source Missing | -at jdk.internal.util.ArraysSupport.unsignedHashCode(ArraysSupport.java:381) [bci: 34]
  loop 2 Cycles: 88 || Activation Count:1| LoopCallCount: 0 |  Source: Source Missing | -at jdk.internal.util.ArraysSupport.unsignedHashCode(ArraysSupport.java:381) [bci: 34]
Comp 85 (jdk.internal.util.ArraysSupport.unsignedHashCode(int,-Re-Comp) loops:
Found Encoding : 0:-1,1:-1,2:-1
├── Loop 0
├── Loop 1
└── Loop 2
  loop 0 Cycles: 85890 || Activation Count:1674| LoopCallCount: 0 |  Source: -at jdk.internal.util.ArraysSupport.unsignedHashCode(ArraysSupport.java:378) [bci: 8] | -at jdk.internal.util.ArraysSupport.unsignedHashCode(ArraysSupport.java:381) [bci: 34]
  loop 1 Cycles: 111878 || Activation Count:1674| LoopCallCount: 0 |  Source: Source Missing | -at jdk.internal.util.ArraysSupport.unsignedHashCode(ArraysSupport.java:381) [bci: 34]
  loop 2 Cycles: 95388 || Activation Count:1674| LoopCallCount: 0 |  Source: Source Missing | -at jdk.internal.util.ArraysSupport.unsignedHashCode(ArraysSupport.java:381) [bci: 34]
Comp 87 (java.lang.StringCoding.countPositives(byte[],) loops:
Found Encoding : 0:-1
└── Loop 0
  loop 0 Cycles: 374 || Activation Count:1| LoopCallCount: 0 |  Source: -at java.lang.StringCoding.countPositives(StringCoding.java:92) [bci: 7] | -at java.lang.StringCoding.countPositives(StringCoding.java:97) [bci: 31]
Comp 88 (java.lang.StringCoding.countPositives(byte[],-Re-Comp) loops:
Found Encoding : 0:-1
└── Loop 0
  loop 0 Cycles: 11036 || Activation Count:66| LoopCallCount: 0 |  Source: -at java.lang.StringCoding.countPositives(StringCoding.java:92) [bci: 7] | -at java.lang.StringCoding.countPositives(StringCoding.java:97) [bci: 31]
Comp 138 (java.lang.StringLatin1.equals(byte[],) loops:
Found Encoding : 0:-1
└── Loop 0
  loop 0 Cycles: 17772 || Activation Count:115| LoopCallCount: 0 |  Source: -at java.lang.StringLatin1.equals(StringLatin1.java:100) [bci: 9] | -at java.lang.StringLatin1.equals(StringLatin1.java:105) [bci: 32]
Comp 140 (java.util.Properties$LineReader.readLine()) loops:
Found Encoding : 5:-1,3:-1,4:3,0:-1,1:0,2:1
├── Loop 5
├── Loop 3
│   └── Loop 4
└── Loop 0
    └── Loop 1
        └── Loop 2
  loop 1 Cycles: 273832 || Activation Count:90| LoopCallCount: 1 |  Source: -at java.util.Properties$LineReader.readLine(Properties.java:538) [bci: 219] | -at java.util.Properties$LineReader.readLine(Properties.java:543) [bci: 259]
  loop 2 Cycles: 12094 || Activation Count:91| LoopCallCount: 0 |  Source: -at java.util.Properties$LineReader.readLine(Properties.java:540) [bci: 224] | -at java.util.Properties$LineReader.readLine(Properties.java:543) [bci: 259]
  loop 5 Cycles: 706 || Activation Count:1| LoopCallCount: 0 |  Source: -at java.util.Properties$LineReader.readLine(Properties.java:540) [bci: 224] | -at java.util.Properties$LineReader.readLine(Properties.java:543) [bci: 259]
Comp 141 (java.util.Properties$LineReader.readLine()-Re-Comp) loops:
Found Encoding : 0:-1,1:0,2:1
└── Loop 0
    └── Loop 1
        └── Loop 2
  loop 1 Cycles: 3324 || Activation Count:14| LoopCallCount: 1 |  Source: -at java.util.Properties$LineReader.readLine(Properties.java:538) [bci: 219] | -at java.util.Properties$LineReader.readLine(Properties.java:543) [bci: 259]
  loop 2 Cycles: 1744 || Activation Count:14| LoopCallCount: 0 |  Source: -at java.util.Properties$LineReader.readLine(Properties.java:540) [bci: 224] | -at java.util.Properties$LineReader.readLine(Properties.java:545) [bci: 262]
Comp 142 (java.util.Properties$LineReader.readLine()-Re-Comp) loops:
Found Encoding : 5:-1,3:-1,4:3,0:-1,1:0,2:1
├── Loop 5
├── Loop 3
│   └── Loop 4
└── Loop 0
    └── Loop 1
        └── Loop 2
  loop 0 Cycles: 38190 || Activation Count:1| LoopCallCount: 2 |  Source: -at java.util.Properties$LineReader.readLine(Properties.java:504) [bci: 53] | -at java.util.Properties$LineReader.readLine(Properties.java:615) [bci: 577]
  loop 1 Cycles: 27680 || Activation Count:131| LoopCallCount: 1 |  Source: -at java.util.Properties$LineReader.readLine(Properties.java:538) [bci: 219] | -at java.util.Properties$LineReader.readLine(Properties.java:543) [bci: 259]
  loop 2 Cycles: 15182 || Activation Count:131| LoopCallCount: 0 |  Source: -at java.util.Properties$LineReader.readLine(Properties.java:540) [bci: 224] | -at java.util.Properties$LineReader.readLine(Properties.java:543) [bci: 259]
  loop 5 Cycles: 560 || Activation Count:1| LoopCallCount: 0 |  Source: -at java.util.Properties$LineReader.readLine(Properties.java:540) [bci: 224] | -at java.util.Properties$LineReader.readLine(Properties.java:543) [bci: 259]
Comp 143 (java.util.Properties$LineReader.readLine()-Re-Comp) loops:
Found Encoding : 0:-1,1:0,2:1
└── Loop 0
    └── Loop 1
        └── Loop 2
  loop 0 Cycles: 343684 || Activation Count:6| LoopCallCount: 2 |  Source: -at java.util.Properties$LineReader.readLine(Properties.java:504) [bci: 53] | -at java.util.Properties$LineReader.readLine(Properties.java:615) [bci: 577]
  loop 1 Cycles: 401934 || Activation Count:374| LoopCallCount: 1 |  Source: -at java.util.Properties$LineReader.readLine(Properties.java:538) [bci: 219] | -at java.util.Properties$LineReader.readLine(Properties.java:543) [bci: 259]
  loop 2 Cycles: 47654 || Activation Count:377| LoopCallCount: 0 |  Source: -at java.util.Properties$LineReader.readLine(Properties.java:540) [bci: 224] | -at java.util.Properties$LineReader.readLine(Properties.java:545) [bci: 262]
Comp 168 (Mandelbrot.mandelbrot(int)) loops:
Found Encoding : 5:-1,3:-1,4:3,0:-1,1:0,2:1
├── Loop 5
├── Loop 3
│   └── Loop 4
└── Loop 0
    └── Loop 1
        └── Loop 2
  loop 1 Cycles: 499709936 || Activation Count:745| LoopCallCount: 0 |  Source: -at Mandelbrot.mandelbrot(int) [bci: 33] | -at Mandelbrot.mandelbrot(int) [bci: 207]
  loop 2 Cycles: 416902790 || Activation Count:558750| LoopCallCount: 0 |  Source: -at Mandelbrot.mandelbrot(int) [bci: 73] | -at Mandelbrot.mandelbrot(int) [bci: 147]
  loop 3 Cycles: 59766 || Activation Count:1| LoopCallCount: 0 |  Source: -at Mandelbrot.mandelbrot(int) [bci: 33] | -at Mandelbrot.mandelbrot(int) [bci: 207]
  loop 4 Cycles: 42094 || Activation Count:180| LoopCallCount: 0 |  Source: -at Mandelbrot.mandelbrot(int) [bci: 73] | -at Mandelbrot.mandelbrot(int) [bci: 147]
  loop 5 Cycles: 394 || Activation Count:1| LoopCallCount: 0 |  Source: -at Mandelbrot.mandelbrot(int) [bci: 73] | -at Mandelbrot.mandelbrot(int) [bci: 147]
Comp 169 (Mandelbrot.mandelbrot(int)-Re-Comp) loops:
Found Encoding : 0:-1,1:0,2:1
└── Loop 0
    └── Loop 1
        └── Loop 2
  loop 1 Cycles: 573832408 || Activation Count:750| LoopCallCount: 0 |  Source: -at Mandelbrot.mandelbrot(int) [bci: 33] | -at Mandelbrot.mandelbrot(int) [bci: 207]
  loop 2 Cycles: 482446024 || Activation Count:562500| LoopCallCount: 0 |  Source: -at Mandelbrot.mandelbrot(int) [bci: 73] | -at Mandelbrot.mandelbrot(int) [bci: 147]
Comp 180 (Mandelbrot.mandelbrot(int)-Re-Comp) loops:
Found Encoding : 5:-1,3:-1,4:3,0:-1,1:0,2:1
├── Loop 5
├── Loop 3
│   └── Loop 4
└── Loop 0
    └── Loop 1
        └── Loop 2
  loop 0 Cycles: 497110834 || Activation Count:1| LoopCallCount: 0 |  Source: -at Mandelbrot.mandelbrot(int) [bci: 10] | -at Mandelbrot.mandelbrot(int) [bci: 213]
  loop 1 Cycles: 497053360 || Activation Count:746| LoopCallCount: 0 |  Source: -at Mandelbrot.mandelbrot(int) [bci: 33] | -at Mandelbrot.mandelbrot(int) [bci: 207]
  loop 2 Cycles: 414757528 || Activation Count:559500| LoopCallCount: 0 |  Source: -at Mandelbrot.mandelbrot(int) [bci: 73] | -at Mandelbrot.mandelbrot(int) [bci: 147]
  loop 3 Cycles: 77454 || Activation Count:1| LoopCallCount: 0 |  Source: -at Mandelbrot.mandelbrot(int) [bci: 33] | -at Mandelbrot.mandelbrot(int) [bci: 207]
  loop 4 Cycles: 50288 || Activation Count:279| LoopCallCount: 0 |  Source: -at Mandelbrot.mandelbrot(int) [bci: 73] | -at Mandelbrot.mandelbrot(int) [bci: 147]
  loop 5 Cycles: 602 || Activation Count:1| LoopCallCount: 0 |  Source: -at Mandelbrot.mandelbrot(int) [bci: 73] | -at Mandelbrot.mandelbrot(int) [bci: 147]
Comp 181 (Mandelbrot.mandelbrot(int)-Re-Comp) loops:
Found Encoding : 0:-1,1:0,2:1
└── Loop 0
    └── Loop 1
        └── Loop 2
  loop 0 Cycles: 248354011740 || Activation Count:497| LoopCallCount: 0 |  Source: -at Mandelbrot.mandelbrot(int) [bci: 10] | -at Mandelbrot.mandelbrot(int) [bci: 213]
  loop 1 Cycles: 248328945754 || Activation Count:372750| LoopCallCount: 0 |  Source: -at Mandelbrot.mandelbrot(int) [bci: 33] | -at Mandelbrot.mandelbrot(int) [bci: 207]
  loop 2 Cycles: 203955671048 || Activation Count:279562500| LoopCallCount: 0 |  Source: -at Mandelbrot.mandelbrot(int) [bci: 73] | -at Mandelbrot.mandelbrot(int) [bci: 147]
Comp 189 (java.lang.StringLatin1.inflate(byte[],) loops:
Found Encoding : 0:-1,1:-1,2:-1
├── Loop 0
├── Loop 1
└── Loop 2
  loop 0 Cycles: 13978 || Activation Count:139| LoopCallCount: 0 |  Source: -at java.lang.StringLatin1.inflate(StringLatin1.java:767) [bci: 3] | -at java.lang.StringLatin1.inflate(StringLatin1.java:770) [bci: 33]
  loop 1 Cycles: 9356 || Activation Count:139| LoopCallCount: 0 |  Source: Source Missing | -at java.lang.StringLatin1.inflate(StringLatin1.java:770) [bci: 33]
  loop 2 Cycles: 5500 || Activation Count:139| LoopCallCount: 0 |  Source: Source Missing | -at java.lang.StringLatin1.inflate(StringLatin1.java:770) [bci: 33]
Comp 190 (java.lang.StringCoding.implEncodeAsciiArray(char[],) loops:
Found Encoding : 0:-1
└── Loop 0
  loop 0 Cycles: 570 || Activation Count:1| LoopCallCount: 0 |  Source: -at java.lang.StringCoding.implEncodeAsciiArray(StringCoding.java:118) [bci: 3] | -at java.lang.StringCoding.implEncodeAsciiArray(StringCoding.java:124) [bci: 44]
Comp 191 (java.lang.StringCoding.implEncodeAsciiArray(char[],-Re-Comp) loops:
Found Encoding : 0:-1
└── Loop 0
  loop 0 Cycles: 15804 || Activation Count:47| LoopCallCount: 0 |  Source: -at java.lang.StringCoding.implEncodeAsciiArray(StringCoding.java:118) [bci: 3] | -at java.lang.StringCoding.implEncodeAsciiArray(StringCoding.java:124) [bci: 44]
