Could not locate BlockSlowdown.json
Skipping Loading (this might cause a fatal crash if GTSlowdown is on)
Could not locate BlockSlowdown.json
Skipping Loading (this might cause a fatal crash if GTSlowdown is on)
Starting Richards benchmark ...
Richards: iterations=1 runtime: 179379us
Richards: iterations=2 runtime: 76554us
Richards: iterations=3 runtime: 76495us
Richards: iterations=4 runtime: 75348us
Richards: iterations=5 runtime: 75699us
Richards: iterations=6 runtime: 78825us
Richards: iterations=7 runtime: 75916us
Richards: iterations=8 runtime: 75579us
Richards: iterations=9 runtime: 81544us
Richards: iterations=10 runtime: 76256us
Richards: iterations=11 runtime: 76111us
Richards: iterations=12 runtime: 81288us
Richards: iterations=13 runtime: 75302us
Richards: iterations=14 runtime: 75183us
Richards: iterations=15 runtime: 76193us
Richards: iterations=16 runtime: 75405us
Richards: iterations=17 runtime: 75801us
Richards: iterations=18 runtime: 75968us
Richards: iterations=19 runtime: 75528us
Richards: iterations=20 runtime: 79961us
Richards: iterations=21 runtime: 75600us
Richards: iterations=22 runtime: 75409us
Richards: iterations=23 runtime: 78593us
Richards: iterations=24 runtime: 75550us
Richards: iterations=25 runtime: 75909us
Richards: iterations=26 runtime: 75403us
Richards: iterations=27 runtime: 75977us
Richards: iterations=28 runtime: 75044us
Richards: iterations=29 runtime: 75357us
Richards: iterations=30 runtime: 75400us
Richards: iterations=31 runtime: 75367us
Richards: iterations=32 runtime: 76174us
Richards: iterations=33 runtime: 75554us
Richards: iterations=34 runtime: 87961us
Richards: iterations=35 runtime: 75262us
Richards: iterations=36 runtime: 75422us
Richards: iterations=37 runtime: 75275us
Richards: iterations=38 runtime: 75169us
Richards: iterations=39 runtime: 75352us
Richards: iterations=40 runtime: 75699us
Richards: iterations=41 runtime: 75548us
Richards: iterations=42 runtime: 75335us
Richards: iterations=43 runtime: 75341us
Richards: iterations=44 runtime: 96289us
Richards: iterations=45 runtime: 86778us
Richards: iterations=46 runtime: 76348us
Richards: iterations=47 runtime: 74856us
Richards: iterations=48 runtime: 74949us
Richards: iterations=49 runtime: 75314us
Richards: iterations=50 runtime: 75173us
Richards: iterations=51 runtime: 75195us
Richards: iterations=52 runtime: 75210us
Richards: iterations=53 runtime: 77761us
Richards: iterations=54 runtime: 74732us
Richards: iterations=55 runtime: 74653us
Richards: iterations=56 runtime: 74994us
Richards: iterations=57 runtime: 75375us
Richards: iterations=58 runtime: 74889us
Richards: iterations=59 runtime: 74829us
Richards: iterations=60 runtime: 74602us
Richards: iterations=61 runtime: 75038us
Richards: iterations=62 runtime: 74721us
Richards: iterations=63 runtime: 74693us
Richards: iterations=64 runtime: 74706us
Richards: iterations=65 runtime: 74954us
Richards: iterations=66 runtime: 74794us
Richards: iterations=67 runtime: 74714us
Could not locate BlockSlowdown.json
Skipping Loading (this might cause a fatal crash if GTSlowdown is on)
Richards: iterations=68 runtime: 147612us
Richards: iterations=69 runtime: 74754us
Richards: iterations=70 runtime: 75244us
Richards: iterations=71 runtime: 75126us
Richards: iterations=72 runtime: 74849us
Richards: iterations=73 runtime: 74726us
Richards: iterations=74 runtime: 74698us
Richards: iterations=75 runtime: 74648us
Richards: iterations=76 runtime: 74755us
Richards: iterations=77 runtime: 74519us
Richards: iterations=78 runtime: 74620us
Richards: iterations=79 runtime: 74866us
Richards: iterations=80 runtime: 74833us
Richards: iterations=81 runtime: 75029us
Richards: iterations=82 runtime: 75001us
Richards: iterations=83 runtime: 74599us
Richards: iterations=84 runtime: 74611us
Richards: iterations=85 runtime: 74671us
Richards: iterations=86 runtime: 74733us
Richards: iterations=87 runtime: 74823us
Richards: iterations=88 runtime: 74642us
Richards: iterations=89 runtime: 74816us
Richards: iterations=90 runtime: 74647us
Could not locate BlockSlowdown.json
Skipping Loading (this might cause a fatal crash if GTSlowdown is on)
Richards: iterations=91 runtime: 74651us
Richards: iterations=92 runtime: 74953us
Richards: iterations=93 runtime: 74661us
Richards: iterations=94 runtime: 74697us
Richards: iterations=95 runtime: 74876us
Richards: iterations=96 runtime: 74815us
Richards: iterations=97 runtime: 74872us
Richards: iterations=98 runtime: 74709us
Richards: iterations=99 runtime: 74686us
Richards: iterations=100 runtime: 74833us
Richards: iterations=101 runtime: 74659us
Richards: iterations=102 runtime: 74737us
Richards: iterations=103 runtime: 74746us
Richards: iterations=104 runtime: 74679us
Richards: iterations=105 runtime: 74633us
Richards: iterations=106 runtime: 74796us
Richards: iterations=107 runtime: 74598us
Richards: iterations=108 runtime: 74803us
Richards: iterations=109 runtime: 75290us
Richards: iterations=110 runtime: 75593us
Richards: iterations=111 runtime: 75335us
Richards: iterations=112 runtime: 74854us
Richards: iterations=113 runtime: 74893us
Richards: iterations=114 runtime: 74762us
Richards: iterations=115 runtime: 74705us
Richards: iterations=116 runtime: 74758us
Richards: iterations=117 runtime: 74935us
Richards: iterations=118 runtime: 74640us
Richards: iterations=119 runtime: 74913us
Richards: iterations=120 runtime: 74909us
Richards: iterations=121 runtime: 74753us
Richards: iterations=122 runtime: 74817us
Richards: iterations=123 runtime: 74749us
Richards: iterations=124 runtime: 74786us
Richards: iterations=125 runtime: 74754us
Richards: iterations=126 runtime: 74820us
Could not locate BlockSlowdown.json
Skipping Loading (this might cause a fatal crash if GTSlowdown is on)
Richards: iterations=127 runtime: 74780us
Richards: iterations=128 runtime: 74876us
Richards: iterations=129 runtime: 74469us
Richards: iterations=130 runtime: 74732us
Richards: iterations=131 runtime: 74766us
Richards: iterations=132 runtime: 74784us
Richards: iterations=133 runtime: 74812us
Richards: iterations=134 runtime: 74563us
Richards: iterations=135 runtime: 75003us
Richards: iterations=136 runtime: 74548us
Richards: iterations=137 runtime: 74649us
Richards: iterations=138 runtime: 74707us
Richards: iterations=139 runtime: 74541us
Richards: iterations=140 runtime: 74713us
Richards: iterations=141 runtime: 74593us
Richards: iterations=142 runtime: 83347us
Richards: iterations=143 runtime: 74622us
Richards: iterations=144 runtime: 74587us
Richards: iterations=145 runtime: 74502us
Richards: iterations=146 runtime: 74768us
Richards: iterations=147 runtime: 74574us
Richards: iterations=148 runtime: 74603us
Richards: iterations=149 runtime: 74673us
Richards: iterations=150 runtime: 74660us
Richards: iterations=151 runtime: 74771us
Richards: iterations=152 runtime: 74707us
Richards: iterations=153 runtime: 74785us
Richards: iterations=154 runtime: 74570us
Richards: iterations=155 runtime: 74652us
Richards: iterations=156 runtime: 74607us
Richards: iterations=157 runtime: 74687us
Richards: iterations=158 runtime: 74610us
Richards: iterations=159 runtime: 74631us
Richards: iterations=160 runtime: 74951us
Richards: iterations=161 runtime: 74725us
Richards: iterations=162 runtime: 74795us
Richards: iterations=163 runtime: 74552us
Richards: iterations=164 runtime: 75024us
Richards: iterations=165 runtime: 74604us
Richards: iterations=166 runtime: 77231us
Richards: iterations=167 runtime: 74558us
Richards: iterations=168 runtime: 74813us
Richards: iterations=169 runtime: 74685us
Richards: iterations=170 runtime: 74912us
Richards: iterations=171 runtime: 74686us
Richards: iterations=172 runtime: 75235us
Richards: iterations=173 runtime: 74808us
Richards: iterations=174 runtime: 75255us
Richards: iterations=175 runtime: 74939us
Richards: iterations=176 runtime: 75712us
Richards: iterations=177 runtime: 75378us
Richards: iterations=178 runtime: 74913us
Richards: iterations=179 runtime: 74991us
Richards: iterations=180 runtime: 74682us
Richards: iterations=181 runtime: 74615us
Richards: iterations=182 runtime: 74801us
Richards: iterations=183 runtime: 74785us
Richards: iterations=184 runtime: 74643us
Richards: iterations=185 runtime: 74736us
Richards: iterations=186 runtime: 74759us
Richards: iterations=187 runtime: 74708us
Richards: iterations=188 runtime: 74852us
Richards: iterations=189 runtime: 74724us
Richards: iterations=190 runtime: 74656us
Richards: iterations=191 runtime: 74788us
Richards: iterations=192 runtime: 74676us
Richards: iterations=193 runtime: 74901us
Richards: iterations=194 runtime: 74621us
Richards: iterations=195 runtime: 74700us
Richards: iterations=196 runtime: 74665us
Richards: iterations=197 runtime: 74787us
Richards: iterations=198 runtime: 74759us
Richards: iterations=199 runtime: 74784us
Richards: iterations=200 runtime: 74696us
Richards: iterations=201 runtime: 74805us
Richards: iterations=202 runtime: 74648us
Richards: iterations=203 runtime: 74853us
Richards: iterations=204 runtime: 74870us
Could not locate BlockSlowdown.json
Skipping Loading (this might cause a fatal crash if GTSlowdown is on)
Richards: iterations=205 runtime: 114377us
Richards: iterations=206 runtime: 75015us
Richards: iterations=207 runtime: 74835us
Richards: iterations=208 runtime: 74741us
Richards: iterations=209 runtime: 74931us
Richards: iterations=210 runtime: 74778us
Richards: iterations=211 runtime: 74804us
Richards: iterations=212 runtime: 74802us
Richards: iterations=213 runtime: 74933us
Richards: iterations=214 runtime: 74748us
Richards: iterations=215 runtime: 74810us
Richards: iterations=216 runtime: 74862us
Richards: iterations=217 runtime: 74854us
Richards: iterations=218 runtime: 74882us
Richards: iterations=219 runtime: 75479us
Richards: iterations=220 runtime: 74836us
Richards: iterations=221 runtime: 74983us
Richards: iterations=222 runtime: 74894us
Richards: iterations=223 runtime: 74828us
Richards: iterations=224 runtime: 74826us
Richards: iterations=225 runtime: 74899us
Richards: iterations=226 runtime: 74802us
Richards: iterations=227 runtime: 74884us
Richards: iterations=228 runtime: 74873us
Richards: iterations=229 runtime: 74996us
Richards: iterations=230 runtime: 74921us
Richards: iterations=231 runtime: 74901us
Richards: iterations=232 runtime: 74761us
Richards: iterations=233 runtime: 74954us
Richards: iterations=234 runtime: 74745us
Richards: iterations=235 runtime: 74888us
Richards: iterations=236 runtime: 74810us
Richards: iterations=237 runtime: 74992us
Richards: iterations=238 runtime: 74729us
Richards: iterations=239 runtime: 75062us
Richards: iterations=240 runtime: 74825us
Richards: iterations=241 runtime: 74859us
Richards: iterations=242 runtime: 75440us
Richards: iterations=243 runtime: 75813us
Richards: iterations=244 runtime: 74960us
Richards: iterations=245 runtime: 74988us
Richards: iterations=246 runtime: 74754us
Richards: iterations=247 runtime: 74979us
Richards: iterations=248 runtime: 74964us
Richards: iterations=249 runtime: 74930us
Richards: iterations=250 runtime: 74923us
Richards: iterations=251 runtime: 74720us
Richards: iterations=252 runtime: 74855us
Richards: iterations=253 runtime: 75014us
Richards: iterations=254 runtime: 74813us
Richards: iterations=255 runtime: 74942us
Richards: iterations=256 runtime: 74780us
Richards: iterations=257 runtime: 74855us
Richards: iterations=258 runtime: 74920us
Richards: iterations=259 runtime: 75037us
Richards: iterations=260 runtime: 74743us
Richards: iterations=261 runtime: 74894us
Richards: iterations=262 runtime: 74685us
Richards: iterations=263 runtime: 74789us
Richards: iterations=264 runtime: 74668us
Richards: iterations=265 runtime: 74892us
Richards: iterations=266 runtime: 74656us
Richards: iterations=267 runtime: 74792us
Richards: iterations=268 runtime: 74855us
Richards: iterations=269 runtime: 74887us
Richards: iterations=270 runtime: 74676us
Richards: iterations=271 runtime: 74809us
Richards: iterations=272 runtime: 74534us
Richards: iterations=273 runtime: 74767us
Richards: iterations=274 runtime: 75060us
Richards: iterations=275 runtime: 74994us
Richards: iterations=276 runtime: 74771us
Richards: iterations=277 runtime: 74845us
Richards: iterations=278 runtime: 74968us
Richards: iterations=279 runtime: 74973us
Richards: iterations=280 runtime: 74717us
Richards: iterations=281 runtime: 74830us
Richards: iterations=282 runtime: 74841us
Richards: iterations=283 runtime: 75053us
Richards: iterations=284 runtime: 74730us
Richards: iterations=285 runtime: 74796us
Richards: iterations=286 runtime: 74675us
Richards: iterations=287 runtime: 74812us
Richards: iterations=288 runtime: 74821us
Richards: iterations=289 runtime: 74803us
Richards: iterations=290 runtime: 74946us
Richards: iterations=291 runtime: 74752us
Richards: iterations=292 runtime: 74917us
Richards: iterations=293 runtime: 74768us
Richards: iterations=294 runtime: 74873us
Richards: iterations=295 runtime: 74822us
Richards: iterations=296 runtime: 74770us
Richards: iterations=297 runtime: 75246us
Richards: iterations=298 runtime: 75126us
Richards: iterations=299 runtime: 74885us
Richards: iterations=300 runtime: 75152us
Richards: iterations=301 runtime: 74794us
Richards: iterations=302 runtime: 74844us
Richards: iterations=303 runtime: 74932us
Richards: iterations=304 runtime: 74754us
Richards: iterations=305 runtime: 74947us
Richards: iterations=306 runtime: 74745us
Richards: iterations=307 runtime: 74822us
Richards: iterations=308 runtime: 74911us
Richards: iterations=309 runtime: 75225us
Richards: iterations=310 runtime: 75510us
Richards: iterations=311 runtime: 75873us
Richards: iterations=312 runtime: 74882us
Richards: iterations=313 runtime: 74908us
Richards: iterations=314 runtime: 74775us
Richards: iterations=315 runtime: 74934us
Richards: iterations=316 runtime: 74883us
Richards: iterations=317 runtime: 74869us
Richards: iterations=318 runtime: 75079us
Richards: iterations=319 runtime: 74852us
Richards: iterations=320 runtime: 74780us
Richards: iterations=321 runtime: 74911us
Richards: iterations=322 runtime: 74842us
Richards: iterations=323 runtime: 74836us
Richards: iterations=324 runtime: 74886us
Richards: iterations=325 runtime: 74931us
Richards: iterations=326 runtime: 74832us
Richards: iterations=327 runtime: 74911us
Richards: iterations=328 runtime: 75085us
Richards: iterations=329 runtime: 74971us
Richards: iterations=330 runtime: 74982us
Richards: iterations=331 runtime: 74727us
Richards: iterations=332 runtime: 74915us
Richards: iterations=333 runtime: 74833us
Richards: iterations=334 runtime: 75030us
Richards: iterations=335 runtime: 74853us
Richards: iterations=336 runtime: 74995us
Richards: iterations=337 runtime: 74869us
Richards: iterations=338 runtime: 74931us
Richards: iterations=339 runtime: 74683us
Richards: iterations=340 runtime: 74893us
Richards: iterations=341 runtime: 74750us
Richards: iterations=342 runtime: 74954us
Richards: iterations=343 runtime: 74845us
Richards: iterations=344 runtime: 74799us
Richards: iterations=345 runtime: 74948us
Richards: iterations=346 runtime: 75005us
Richards: iterations=347 runtime: 74718us
Richards: iterations=348 runtime: 74835us
Richards: iterations=349 runtime: 75055us
Richards: iterations=350 runtime: 74748us
Richards: iterations=351 runtime: 74850us
Richards: iterations=352 runtime: 74795us
Richards: iterations=353 runtime: 75081us
Richards: iterations=354 runtime: 74832us
Richards: iterations=355 runtime: 74821us
Richards: iterations=356 runtime: 74713us
Richards: iterations=357 runtime: 74759us
Richards: iterations=358 runtime: 74976us
Richards: iterations=359 runtime: 74817us
Richards: iterations=360 runtime: 74923us
Richards: iterations=361 runtime: 75657us
Richards: iterations=362 runtime: 74858us
Richards: iterations=363 runtime: 74970us
Richards: iterations=364 runtime: 74869us
Richards: iterations=365 runtime: 74799us
Richards: iterations=366 runtime: 74969us
Richards: iterations=367 runtime: 74952us
Richards: iterations=368 runtime: 74881us
Richards: iterations=369 runtime: 74889us
Richards: iterations=370 runtime: 74984us
Richards: iterations=371 runtime: 74890us
Richards: iterations=372 runtime: 75037us
Richards: iterations=373 runtime: 74909us
Richards: iterations=374 runtime: 74925us
Richards: iterations=375 runtime: 75019us
Richards: iterations=376 runtime: 75485us
Richards: iterations=377 runtime: 75145us
Richards: iterations=378 runtime: 75000us
Richards: iterations=379 runtime: 74812us
Richards: iterations=380 runtime: 74777us
Richards: iterations=381 runtime: 74800us
Richards: iterations=382 runtime: 74879us
Richards: iterations=383 runtime: 74670us
Richards: iterations=384 runtime: 74919us
Richards: iterations=385 runtime: 74647us
Richards: iterations=386 runtime: 74836us
Richards: iterations=387 runtime: 74738us
Richards: iterations=388 runtime: 74833us
Richards: iterations=389 runtime: 74783us
Richards: iterations=390 runtime: 74711us
Richards: iterations=391 runtime: 74876us
Richards: iterations=392 runtime: 74632us
Richards: iterations=393 runtime: 74907us
Richards: iterations=394 runtime: 74875us
Richards: iterations=395 runtime: 74905us
Richards: iterations=396 runtime: 74825us
Richards: iterations=397 runtime: 74970us
Richards: iterations=398 runtime: 74785us
Richards: iterations=399 runtime: 74928us
Richards: iterations=400 runtime: 74925us
Richards: iterations=401 runtime: 74779us
Richards: iterations=402 runtime: 74779us
Richards: iterations=403 runtime: 75041us
Richards: iterations=404 runtime: 74795us
Richards: iterations=405 runtime: 74880us
Richards: iterations=406 runtime: 74832us
Richards: iterations=407 runtime: 74815us
Richards: iterations=408 runtime: 74894us
Richards: iterations=409 runtime: 75042us
Richards: iterations=410 runtime: 74910us
Richards: iterations=411 runtime: 75085us
Richards: iterations=412 runtime: 74763us
Richards: iterations=413 runtime: 74744us
Richards: iterations=414 runtime: 74874us
Richards: iterations=415 runtime: 75002us
Richards: iterations=416 runtime: 75305us
Could not locate BlockSlowdown.json
Skipping Loading (this might cause a fatal crash if GTSlowdown is on)
Richards: iterations=417 runtime: 74817us
Richards: iterations=418 runtime: 74946us
Richards: iterations=419 runtime: 74894us
Richards: iterations=420 runtime: 74889us
Richards: iterations=421 runtime: 74820us
Richards: iterations=422 runtime: 74615us
Richards: iterations=423 runtime: 74695us
Richards: iterations=424 runtime: 74633us
Richards: iterations=425 runtime: 74885us
Richards: iterations=426 runtime: 74633us
Richards: iterations=427 runtime: 74875us
Richards: iterations=428 runtime: 74712us
Richards: iterations=429 runtime: 74781us
Richards: iterations=430 runtime: 74800us
Richards: iterations=431 runtime: 74923us
Richards: iterations=432 runtime: 74648us
Richards: iterations=433 runtime: 74869us
Richards: iterations=434 runtime: 74665us
Richards: iterations=435 runtime: 74644us
Richards: iterations=436 runtime: 74672us
Richards: iterations=437 runtime: 76763us
Richards: iterations=438 runtime: 74806us
Richards: iterations=439 runtime: 74879us
Richards: iterations=440 runtime: 74557us
Richards: iterations=441 runtime: 74648us
Richards: iterations=442 runtime: 75271us
Richards: iterations=443 runtime: 75532us
Richards: iterations=444 runtime: 75644us
Richards: iterations=445 runtime: 74688us
Richards: iterations=446 runtime: 74624us
Richards: iterations=447 runtime: 135319us
Richards: iterations=448 runtime: 95453us
Richards: iterations=449 runtime: 74750us
Richards: iterations=450 runtime: 74608us
Richards: iterations=451 runtime: 74662us
Richards: iterations=452 runtime: 74524us
Richards: iterations=453 runtime: 74760us
Richards: iterations=454 runtime: 74657us
Richards: iterations=455 runtime: 74653us
Richards: iterations=456 runtime: 74489us
Richards: iterations=457 runtime: 74596us
Richards: iterations=458 runtime: 74514us
Richards: iterations=459 runtime: 74587us
Richards: iterations=460 runtime: 74572us
Richards: iterations=461 runtime: 74493us
Richards: iterations=462 runtime: 74528us
Richards: iterations=463 runtime: 74779us
Richards: iterations=464 runtime: 74629us
Richards: iterations=465 runtime: 74869us
Richards: iterations=466 runtime: 74600us
Richards: iterations=467 runtime: 74830us
Richards: iterations=468 runtime: 74650us
Richards: iterations=469 runtime: 74747us
Richards: iterations=470 runtime: 74694us
Richards: iterations=471 runtime: 74674us
Richards: iterations=472 runtime: 74677us
Richards: iterations=473 runtime: 74660us
Richards: iterations=474 runtime: 74666us
Richards: iterations=475 runtime: 74781us
Richards: iterations=476 runtime: 74644us
Richards: iterations=477 runtime: 74755us
Richards: iterations=478 runtime: 74636us
Richards: iterations=479 runtime: 74599us
Richards: iterations=480 runtime: 74645us
Richards: iterations=481 runtime: 74855us
Richards: iterations=482 runtime: 74784us
Richards: iterations=483 runtime: 74505us
Richards: iterations=484 runtime: 74690us
Richards: iterations=485 runtime: 74574us
Richards: iterations=486 runtime: 74721us
Richards: iterations=487 runtime: 74661us
Richards: iterations=488 runtime: 74744us
Richards: iterations=489 runtime: 74633us
Could not locate BlockSlowdown.json
Skipping Loading (this might cause a fatal crash if GTSlowdown is on)
Richards: iterations=490 runtime: 74785us
Richards: iterations=491 runtime: 74866us
Richards: iterations=492 runtime: 74866us
Richards: iterations=493 runtime: 74806us
Richards: iterations=494 runtime: 74851us
Richards: iterations=495 runtime: 74815us
Richards: iterations=496 runtime: 74982us
Richards: iterations=497 runtime: 74711us
Richards: iterations=498 runtime: 74717us
Richards: iterations=499 runtime: 75107us
Richards: iterations=500 runtime: 74845us
Richards: iterations=500 average: 75667us total: 37833983us


Total Runtime: 37833983us
Bubo.RDTSC.Harness.main Total RDTSC cycles: 125593694658
