Could not locate BlockSlowdown.json
Skipping Loading (this might cause a fatal crash if GTSlowdown is on)
Could not locate BlockSlowdown.json
Skipping Loading (this might cause a fatal crash if GTSlowdown is on)
Starting Permute benchmark ...
Permute: iterations=1 runtime: 405559us
Permute: iterations=2 runtime: 425226us
Permute: iterations=3 runtime: 381130us
Permute: iterations=4 runtime: 381042us
Permute: iterations=5 runtime: 380636us
Could not locate BlockSlowdown.json
Skipping Loading (this might cause a fatal crash if GTSlowdown is on)
Permute: iterations=6 runtime: 514747us
Permute: iterations=7 runtime: 380786us
Permute: iterations=8 runtime: 380872us
Permute: iterations=9 runtime: 380414us
Permute: iterations=10 runtime: 380152us
Permute: iterations=11 runtime: 380163us
Permute: iterations=12 runtime: 380078us
Permute: iterations=13 runtime: 380003us
Permute: iterations=14 runtime: 379802us
Permute: iterations=15 runtime: 380368us
Permute: iterations=16 runtime: 380477us
Permute: iterations=17 runtime: 380506us
Permute: iterations=18 runtime: 380109us
Permute: iterations=19 runtime: 379914us
Could not locate BlockSlowdown.json
Skipping Loading (this might cause a fatal crash if GTSlowdown is on)
Permute: iterations=20 runtime: 380143us
Permute: iterations=21 runtime: 380374us
Permute: iterations=22 runtime: 380062us
Permute: iterations=23 runtime: 380085us
Permute: iterations=24 runtime: 380361us
Permute: iterations=25 runtime: 380605us
Permute: iterations=26 runtime: 380453us
Permute: iterations=27 runtime: 380191us
Permute: iterations=28 runtime: 380638us
Permute: iterations=29 runtime: 380615us
Permute: iterations=30 runtime: 380321us
Permute: iterations=31 runtime: 380176us
Permute: iterations=32 runtime: 380608us
Permute: iterations=33 runtime: 380414us
Permute: iterations=34 runtime: 380372us
Permute: iterations=35 runtime: 380584us
Permute: iterations=36 runtime: 380494us
Permute: iterations=37 runtime: 380720us
Permute: iterations=38 runtime: 381047us
Permute: iterations=39 runtime: 380760us
Permute: iterations=40 runtime: 380287us
Permute: iterations=41 runtime: 380427us
Permute: iterations=42 runtime: 380509us
Permute: iterations=43 runtime: 380383us
Permute: iterations=44 runtime: 380379us
Permute: iterations=45 runtime: 447481us
Permute: iterations=46 runtime: 379433us
Permute: iterations=47 runtime: 380187us
Permute: iterations=48 runtime: 379964us
Permute: iterations=49 runtime: 379572us
Permute: iterations=50 runtime: 380462us
Permute: iterations=51 runtime: 381583us
Permute: iterations=52 runtime: 380621us
Permute: iterations=53 runtime: 380428us
Permute: iterations=54 runtime: 380463us
Permute: iterations=55 runtime: 380082us
Permute: iterations=56 runtime: 380444us
Permute: iterations=57 runtime: 380218us
Permute: iterations=58 runtime: 380459us
Permute: iterations=59 runtime: 380100us
Permute: iterations=60 runtime: 380471us
Permute: iterations=61 runtime: 380534us
Permute: iterations=62 runtime: 380705us
Permute: iterations=63 runtime: 380448us
Permute: iterations=64 runtime: 381398us
Permute: iterations=65 runtime: 379874us
Permute: iterations=66 runtime: 380271us
Permute: iterations=67 runtime: 380302us
Permute: iterations=68 runtime: 380208us
Permute: iterations=69 runtime: 379967us
Permute: iterations=70 runtime: 379968us
Permute: iterations=71 runtime: 380373us
Permute: iterations=72 runtime: 380495us
Permute: iterations=73 runtime: 380037us
Permute: iterations=74 runtime: 380541us
Permute: iterations=75 runtime: 380580us
Permute: iterations=76 runtime: 380447us
Permute: iterations=77 runtime: 380921us
Permute: iterations=78 runtime: 380599us
Permute: iterations=79 runtime: 380565us
Permute: iterations=80 runtime: 380205us
Permute: iterations=81 runtime: 379898us
Permute: iterations=82 runtime: 379899us
Permute: iterations=83 runtime: 380646us
Permute: iterations=84 runtime: 379993us
Permute: iterations=85 runtime: 380411us
Permute: iterations=86 runtime: 380676us
Permute: iterations=87 runtime: 380530us
Permute: iterations=88 runtime: 380354us
Permute: iterations=89 runtime: 380571us
Permute: iterations=90 runtime: 381084us
Could not locate BlockSlowdown.json
Skipping Loading (this might cause a fatal crash if GTSlowdown is on)
Permute: iterations=91 runtime: 380145us
Permute: iterations=92 runtime: 380300us
Permute: iterations=93 runtime: 380524us
Permute: iterations=94 runtime: 380354us
Permute: iterations=95 runtime: 379909us
Permute: iterations=96 runtime: 380420us
Permute: iterations=97 runtime: 380425us
Permute: iterations=98 runtime: 380635us
Permute: iterations=99 runtime: 380228us
Permute: iterations=100 runtime: 379839us
Permute: iterations=101 runtime: 380347us
Permute: iterations=102 runtime: 380124us
Permute: iterations=103 runtime: 381319us
Permute: iterations=104 runtime: 379841us
Permute: iterations=105 runtime: 384607us
Permute: iterations=106 runtime: 380252us
Permute: iterations=107 runtime: 379898us
Permute: iterations=108 runtime: 380177us
Permute: iterations=109 runtime: 380500us
Permute: iterations=110 runtime: 380482us
Permute: iterations=111 runtime: 380429us
Permute: iterations=112 runtime: 380290us
Permute: iterations=113 runtime: 380277us
Permute: iterations=114 runtime: 379892us
Permute: iterations=115 runtime: 379796us
Permute: iterations=116 runtime: 380437us
Permute: iterations=117 runtime: 379628us
Permute: iterations=118 runtime: 379646us
Permute: iterations=119 runtime: 379617us
Permute: iterations=120 runtime: 379421us
Permute: iterations=121 runtime: 379490us
Permute: iterations=122 runtime: 379598us
Permute: iterations=123 runtime: 380284us
Permute: iterations=124 runtime: 379772us
Permute: iterations=125 runtime: 380241us
Permute: iterations=126 runtime: 380517us
Could not locate BlockSlowdown.json
Skipping Loading (this might cause a fatal crash if GTSlowdown is on)
Permute: iterations=127 runtime: 379934us
Permute: iterations=128 runtime: 380354us
Permute: iterations=129 runtime: 379865us
Permute: iterations=130 runtime: 380305us
Permute: iterations=131 runtime: 380065us
Permute: iterations=132 runtime: 380041us
Permute: iterations=133 runtime: 380521us
Permute: iterations=134 runtime: 380291us
Permute: iterations=135 runtime: 380297us
Permute: iterations=136 runtime: 380211us
Permute: iterations=137 runtime: 379882us
Permute: iterations=138 runtime: 380027us
Permute: iterations=139 runtime: 379900us
Permute: iterations=140 runtime: 379843us
Permute: iterations=141 runtime: 382427us
Permute: iterations=142 runtime: 380176us
Permute: iterations=143 runtime: 380048us
Permute: iterations=144 runtime: 379727us
Permute: iterations=145 runtime: 379693us
Permute: iterations=146 runtime: 380269us
Permute: iterations=147 runtime: 380121us
Permute: iterations=148 runtime: 380064us
Permute: iterations=149 runtime: 380322us
Permute: iterations=150 runtime: 379857us
Permute: iterations=151 runtime: 379993us
Permute: iterations=152 runtime: 379947us
Permute: iterations=153 runtime: 380380us
Permute: iterations=154 runtime: 380395us
Permute: iterations=155 runtime: 379451us
Permute: iterations=156 runtime: 379663us
Permute: iterations=157 runtime: 379846us
Permute: iterations=158 runtime: 379807us
Permute: iterations=159 runtime: 379807us
Permute: iterations=160 runtime: 379796us
Permute: iterations=161 runtime: 379813us
Permute: iterations=162 runtime: 379820us
Permute: iterations=163 runtime: 379845us
Permute: iterations=164 runtime: 379815us
Permute: iterations=165 runtime: 380035us
Permute: iterations=166 runtime: 380119us
Permute: iterations=167 runtime: 380107us
Permute: iterations=168 runtime: 379643us
Permute: iterations=169 runtime: 380338us
Permute: iterations=170 runtime: 380119us
Permute: iterations=171 runtime: 380042us
Permute: iterations=172 runtime: 379465us
Permute: iterations=173 runtime: 379442us
Permute: iterations=174 runtime: 380335us
Permute: iterations=175 runtime: 380033us
Permute: iterations=176 runtime: 379999us
Permute: iterations=177 runtime: 380156us
Permute: iterations=178 runtime: 380405us
Permute: iterations=179 runtime: 380117us
Permute: iterations=180 runtime: 379940us
Permute: iterations=181 runtime: 379713us
Permute: iterations=182 runtime: 379957us
Permute: iterations=183 runtime: 380054us
Permute: iterations=184 runtime: 380261us
Permute: iterations=185 runtime: 379529us
Permute: iterations=186 runtime: 379836us
Permute: iterations=187 runtime: 380405us
Permute: iterations=188 runtime: 380119us
Permute: iterations=189 runtime: 379421us
Permute: iterations=190 runtime: 380235us
Permute: iterations=191 runtime: 379326us
Permute: iterations=192 runtime: 379603us
Permute: iterations=193 runtime: 380091us
Permute: iterations=194 runtime: 379932us
Permute: iterations=195 runtime: 379551us
Permute: iterations=196 runtime: 379766us
Permute: iterations=197 runtime: 379881us
Permute: iterations=198 runtime: 379895us
Permute: iterations=199 runtime: 380577us
Permute: iterations=200 runtime: 379868us
Permute: iterations=201 runtime: 380074us
Permute: iterations=202 runtime: 385933us
Permute: iterations=203 runtime: 380186us
Permute: iterations=204 runtime: 380399us
Permute: iterations=205 runtime: 379990us
Permute: iterations=206 runtime: 380194us
Permute: iterations=207 runtime: 380201us
Permute: iterations=208 runtime: 380311us
Permute: iterations=209 runtime: 380082us
Permute: iterations=210 runtime: 380093us
Permute: iterations=211 runtime: 380334us
Permute: iterations=212 runtime: 380187us
Permute: iterations=213 runtime: 380407us
Permute: iterations=214 runtime: 380017us
Permute: iterations=215 runtime: 380427us
Permute: iterations=216 runtime: 380096us
Permute: iterations=217 runtime: 380003us
Permute: iterations=218 runtime: 380006us
Permute: iterations=219 runtime: 380187us
Permute: iterations=220 runtime: 379935us
Permute: iterations=221 runtime: 379656us
Permute: iterations=222 runtime: 380404us
Permute: iterations=223 runtime: 380123us
Permute: iterations=224 runtime: 380240us
Permute: iterations=225 runtime: 380050us
Permute: iterations=226 runtime: 380438us
Permute: iterations=227 runtime: 379432us
Permute: iterations=228 runtime: 379883us
Permute: iterations=229 runtime: 379960us
Permute: iterations=230 runtime: 380346us
Permute: iterations=231 runtime: 379983us
Permute: iterations=232 runtime: 379507us
Permute: iterations=233 runtime: 380227us
Permute: iterations=234 runtime: 380240us
Permute: iterations=235 runtime: 380123us
Permute: iterations=236 runtime: 379675us
Permute: iterations=237 runtime: 380070us
Permute: iterations=238 runtime: 379747us
Permute: iterations=239 runtime: 379220us
Permute: iterations=240 runtime: 379942us
Permute: iterations=241 runtime: 380543us
Permute: iterations=242 runtime: 380164us
Permute: iterations=243 runtime: 379402us
Permute: iterations=244 runtime: 380272us
Permute: iterations=245 runtime: 379555us
Permute: iterations=246 runtime: 380313us
Permute: iterations=247 runtime: 380461us
Permute: iterations=248 runtime: 380517us
Permute: iterations=249 runtime: 379915us
Permute: iterations=250 runtime: 379553us
Permute: iterations=251 runtime: 380021us
Permute: iterations=252 runtime: 380241us
Permute: iterations=253 runtime: 379952us
Permute: iterations=254 runtime: 380283us
Permute: iterations=255 runtime: 380243us
Permute: iterations=256 runtime: 380374us
Permute: iterations=257 runtime: 379790us
Permute: iterations=258 runtime: 380084us
Permute: iterations=259 runtime: 379842us
Permute: iterations=260 runtime: 380236us
Permute: iterations=261 runtime: 380502us
Permute: iterations=262 runtime: 381374us
Permute: iterations=263 runtime: 383600us
Permute: iterations=264 runtime: 380101us
Permute: iterations=265 runtime: 380157us
Permute: iterations=266 runtime: 379618us
Permute: iterations=267 runtime: 380025us
Permute: iterations=268 runtime: 379849us
Permute: iterations=269 runtime: 379861us
Permute: iterations=270 runtime: 379901us
Permute: iterations=271 runtime: 380440us
Permute: iterations=272 runtime: 379698us
Permute: iterations=273 runtime: 379799us
Permute: iterations=274 runtime: 380187us
Permute: iterations=275 runtime: 379838us
Permute: iterations=276 runtime: 380220us
Permute: iterations=277 runtime: 380545us
Permute: iterations=278 runtime: 380033us
Permute: iterations=279 runtime: 379709us
Permute: iterations=280 runtime: 379633us
Permute: iterations=281 runtime: 380394us
Permute: iterations=282 runtime: 380236us
Permute: iterations=283 runtime: 380189us
Permute: iterations=284 runtime: 379923us
Permute: iterations=285 runtime: 380166us
Permute: iterations=286 runtime: 380332us
Permute: iterations=287 runtime: 380413us
Permute: iterations=288 runtime: 380387us
Permute: iterations=289 runtime: 379541us
Permute: iterations=290 runtime: 379198us
Permute: iterations=291 runtime: 380027us
Permute: iterations=292 runtime: 380257us
Permute: iterations=293 runtime: 380278us
Permute: iterations=294 runtime: 380416us
Permute: iterations=295 runtime: 379893us
Permute: iterations=296 runtime: 379936us
Permute: iterations=297 runtime: 380083us
Permute: iterations=298 runtime: 380156us
Permute: iterations=299 runtime: 382611us
Permute: iterations=300 runtime: 379980us
Permute: iterations=301 runtime: 380229us
Permute: iterations=302 runtime: 380439us
Permute: iterations=303 runtime: 379269us
Permute: iterations=304 runtime: 379832us
Permute: iterations=305 runtime: 379825us
Permute: iterations=306 runtime: 380388us
Permute: iterations=307 runtime: 380136us
Permute: iterations=308 runtime: 379529us
Permute: iterations=309 runtime: 379815us
Permute: iterations=310 runtime: 380431us
Permute: iterations=311 runtime: 379280us
Permute: iterations=312 runtime: 380038us
Permute: iterations=313 runtime: 380030us
Permute: iterations=314 runtime: 380358us
Permute: iterations=315 runtime: 379954us
Permute: iterations=316 runtime: 379498us
Permute: iterations=317 runtime: 380118us
Permute: iterations=318 runtime: 380340us
Permute: iterations=319 runtime: 380488us
Permute: iterations=320 runtime: 380485us
Permute: iterations=321 runtime: 380361us
Permute: iterations=322 runtime: 379543us
Permute: iterations=323 runtime: 380193us
Permute: iterations=324 runtime: 379985us
Permute: iterations=325 runtime: 379959us
Permute: iterations=326 runtime: 379662us
Permute: iterations=327 runtime: 380325us
Permute: iterations=328 runtime: 380227us
Permute: iterations=329 runtime: 379666us
Permute: iterations=330 runtime: 379340us
Permute: iterations=331 runtime: 381780us
Permute: iterations=332 runtime: 379850us
Permute: iterations=333 runtime: 380150us
Permute: iterations=334 runtime: 380342us
Permute: iterations=335 runtime: 379400us
Permute: iterations=336 runtime: 379331us
Permute: iterations=337 runtime: 380059us
Permute: iterations=338 runtime: 380464us
Permute: iterations=339 runtime: 380227us
Permute: iterations=340 runtime: 380257us
Permute: iterations=341 runtime: 379271us
Permute: iterations=342 runtime: 379920us
Permute: iterations=343 runtime: 380385us
Permute: iterations=344 runtime: 379659us
Permute: iterations=345 runtime: 380121us
Permute: iterations=346 runtime: 380537us
Permute: iterations=347 runtime: 379963us
Permute: iterations=348 runtime: 380298us
Permute: iterations=349 runtime: 380151us
Permute: iterations=350 runtime: 380005us
Permute: iterations=351 runtime: 380470us
Permute: iterations=352 runtime: 379233us
Permute: iterations=353 runtime: 380326us
Permute: iterations=354 runtime: 379773us
Permute: iterations=355 runtime: 380385us
Permute: iterations=356 runtime: 379434us
Permute: iterations=357 runtime: 379866us
Permute: iterations=358 runtime: 380012us
Permute: iterations=359 runtime: 381166us
Permute: iterations=360 runtime: 383376us
Permute: iterations=361 runtime: 379866us
Permute: iterations=362 runtime: 379630us
Permute: iterations=363 runtime: 379814us
Permute: iterations=364 runtime: 379835us
Permute: iterations=365 runtime: 380181us
Permute: iterations=366 runtime: 379981us
Permute: iterations=367 runtime: 380036us
Permute: iterations=368 runtime: 380182us
Permute: iterations=369 runtime: 380037us
Permute: iterations=370 runtime: 380174us
Permute: iterations=371 runtime: 380164us
Permute: iterations=372 runtime: 380207us
Permute: iterations=373 runtime: 379924us
Permute: iterations=374 runtime: 380204us
Permute: iterations=375 runtime: 380377us
Permute: iterations=376 runtime: 380138us
Permute: iterations=377 runtime: 380003us
Permute: iterations=378 runtime: 380063us
Permute: iterations=379 runtime: 379934us
Permute: iterations=380 runtime: 379934us
Permute: iterations=381 runtime: 380126us
Permute: iterations=382 runtime: 379744us
Permute: iterations=383 runtime: 379885us
Permute: iterations=384 runtime: 380319us
Permute: iterations=385 runtime: 380411us
Permute: iterations=386 runtime: 380281us
Permute: iterations=387 runtime: 380234us
Permute: iterations=388 runtime: 379700us
Permute: iterations=389 runtime: 379977us
Permute: iterations=390 runtime: 379958us
Permute: iterations=391 runtime: 379781us
Permute: iterations=392 runtime: 379702us
Permute: iterations=393 runtime: 380209us
Permute: iterations=394 runtime: 380220us
Permute: iterations=395 runtime: 379964us
Permute: iterations=396 runtime: 380194us
Permute: iterations=397 runtime: 379834us
Permute: iterations=398 runtime: 380014us
Permute: iterations=399 runtime: 380060us
Permute: iterations=400 runtime: 380080us
Permute: iterations=401 runtime: 380098us
Permute: iterations=402 runtime: 380007us
Permute: iterations=403 runtime: 379944us
Permute: iterations=404 runtime: 380240us
Permute: iterations=405 runtime: 380243us
Permute: iterations=406 runtime: 380326us
Permute: iterations=407 runtime: 379779us
Permute: iterations=408 runtime: 380115us
Permute: iterations=409 runtime: 379915us
Permute: iterations=410 runtime: 380080us
Permute: iterations=411 runtime: 380048us
Permute: iterations=412 runtime: 379921us
Permute: iterations=413 runtime: 379823us
Permute: iterations=414 runtime: 380168us
Permute: iterations=415 runtime: 380006us
Permute: iterations=416 runtime: 379626us
Could not locate BlockSlowdown.json
Skipping Loading (this might cause a fatal crash if GTSlowdown is on)
Permute: iterations=417 runtime: 379841us
Permute: iterations=418 runtime: 379943us
Permute: iterations=419 runtime: 385103us
Permute: iterations=420 runtime: 379642us
Permute: iterations=421 runtime: 379527us
Permute: iterations=422 runtime: 379796us
Permute: iterations=423 runtime: 379492us
Permute: iterations=424 runtime: 379768us
Permute: iterations=425 runtime: 380057us
Permute: iterations=426 runtime: 380407us
Permute: iterations=427 runtime: 380038us
Permute: iterations=428 runtime: 380470us
Permute: iterations=429 runtime: 380340us
Permute: iterations=430 runtime: 380489us
Permute: iterations=431 runtime: 380363us
Permute: iterations=432 runtime: 380308us
Permute: iterations=433 runtime: 379173us
Permute: iterations=434 runtime: 380174us
Permute: iterations=435 runtime: 380313us
Permute: iterations=436 runtime: 380091us
Permute: iterations=437 runtime: 379485us
Permute: iterations=438 runtime: 380430us
Permute: iterations=439 runtime: 380109us
Permute: iterations=440 runtime: 379759us
Permute: iterations=441 runtime: 379172us
Permute: iterations=442 runtime: 379753us
Permute: iterations=443 runtime: 379456us
Permute: iterations=444 runtime: 379402us
Permute: iterations=445 runtime: 380408us
Permute: iterations=446 runtime: 379463us
Permute: iterations=447 runtime: 380165us
Permute: iterations=448 runtime: 380162us
Permute: iterations=449 runtime: 379757us
Permute: iterations=450 runtime: 379819us
Permute: iterations=451 runtime: 380070us
Permute: iterations=452 runtime: 380015us
Permute: iterations=453 runtime: 379425us
Permute: iterations=454 runtime: 379885us
Permute: iterations=455 runtime: 380510us
Permute: iterations=456 runtime: 380224us
Permute: iterations=457 runtime: 382296us
Permute: iterations=458 runtime: 379853us
Permute: iterations=459 runtime: 379977us
Permute: iterations=460 runtime: 380286us
Permute: iterations=461 runtime: 380247us
Permute: iterations=462 runtime: 380358us
Permute: iterations=463 runtime: 380528us
Permute: iterations=464 runtime: 380157us
Permute: iterations=465 runtime: 380343us
Permute: iterations=466 runtime: 379694us
Permute: iterations=467 runtime: 380026us
Permute: iterations=468 runtime: 380254us
Permute: iterations=469 runtime: 379620us
Permute: iterations=470 runtime: 380099us
Permute: iterations=471 runtime: 379659us
Permute: iterations=472 runtime: 379953us
Permute: iterations=473 runtime: 380269us
Permute: iterations=474 runtime: 379853us
Permute: iterations=475 runtime: 380021us
Permute: iterations=476 runtime: 379968us
Permute: iterations=477 runtime: 379876us
Permute: iterations=478 runtime: 379943us
Permute: iterations=479 runtime: 380127us
Permute: iterations=480 runtime: 379708us
Permute: iterations=481 runtime: 379962us
Permute: iterations=482 runtime: 380066us
Permute: iterations=483 runtime: 379974us
Permute: iterations=484 runtime: 380003us
Permute: iterations=485 runtime: 380294us
Permute: iterations=486 runtime: 379684us
Permute: iterations=487 runtime: 380070us
Permute: iterations=488 runtime: 379812us
Permute: iterations=489 runtime: 380296us
Could not locate BlockSlowdown.json
Skipping Loading (this might cause a fatal crash if GTSlowdown is on)
Permute: iterations=490 runtime: 379814us
Permute: iterations=491 runtime: 380141us
Permute: iterations=492 runtime: 379987us
Permute: iterations=493 runtime: 380020us
Permute: iterations=494 runtime: 380230us
Permute: iterations=495 runtime: 380050us
Permute: iterations=496 runtime: 380023us
Permute: iterations=497 runtime: 380168us
Permute: iterations=498 runtime: 380610us
Permute: iterations=499 runtime: 379883us
Permute: iterations=500 runtime: 380161us
Could not locate BlockSlowdown.json
Skipping Loading (this might cause a fatal crash if GTSlowdown is on)
Permute: iterations=500 average: 380704us total: 190352486us


Total Runtime: 190352486us
Bubo.RDTSC.Harness.main Total RDTSC cycles: 630764379112
Comp 52 (java.util.ImmutableCollections$SetN$SetNIterator.next()) loops:
Found Encoding : 0:-1
└── Loop 0
  loop 0 Cycles: 239498 || Activation Count:4221| LoopCallCount: 0 |  Source: -at java.util.ImmutableCollections$SetN$SetNIterator.next(ImmutableCollections.java:1213) [bci: 21] | -at java.util.ImmutableCollections$SetN$SetNIterator.next(ImmutableCollections.java:1223) [bci: 65]
Comp 57 (java.util.HashMap.putVal(int,) loops:
Found Encoding : 0:-1
└── Loop 0
  loop 0 Cycles: 7326 || Activation Count:176| LoopCallCount: 0 |  Source: -at java.util.HashMap.putVal(HashMap.java:648) [bci: 134] | -at java.util.HashMap.putVal(HashMap.java:649) [bci: 145]
Comp 58 (java.lang.String.equals(Object)) loops:
Found Encoding : 0:-1
└── Loop 0
  loop 0 Cycles: 3456 || Activation Count:48| LoopCallCount: 0 |  Source: -at java.lang.StringLatin1.equals(StringLatin1.java:100) [bci: 9]
-at java.lang.String.equals(String.java:1926) [bci: 44] | -at java.lang.StringLatin1.equals(StringLatin1.java:105) [bci: 32]
-at java.lang.String.equals(String.java:1926) [bci: 44]
Comp 73 (java.util.HashMap.resize()) loops:
Found Encoding : 2:-1,0:-1,1:0
├── Loop 2
└── Loop 0
    └── Loop 1
  loop 0 Cycles: 31682 || Activation Count:13| LoopCallCount: 0 |  Source: -at java.util.HashMap.resize(HashMap.java:714) [bci: 151] | -at java.util.HashMap.resize(HashMap.java:755) [bci: 353]
  loop 1 Cycles: 7562 || Activation Count:97| LoopCallCount: 0 |  Source: -at java.util.HashMap.resize(HashMap.java:727) [bci: 235] | -at java.util.HashMap.resize(HashMap.java:743) [bci: 309]
  loop 2 Cycles: 14088 || Activation Count:245| LoopCallCount: 0 |  Source: -at jdk.graal.compiler.hotspot.replacements.HotSpotAllocationSnippets.allocateArray(KlassPointer, int, int, int, AllocationSnippets$FillContent, int, boolean, boolean, boolean, boolean, HotSpotAllocationSnippets$HotSpotAllocationProfilingData, boolea
Comp 84 (jdk.internal.util.ArraysSupport.unsignedHashCode(int,) loops:
Found Encoding : 0:-1,1:-1,2:-1
├── Loop 0
├── Loop 1
└── Loop 2
  loop 0 Cycles: 554 || Activation Count:1| LoopCallCount: 0 |  Source: -at jdk.internal.util.ArraysSupport.unsignedHashCode(ArraysSupport.java:378) [bci: 8] | -at jdk.internal.util.ArraysSupport.unsignedHashCode(ArraysSupport.java:381) [bci: 34]
  loop 1 Cycles: 100 || Activation Count:1| LoopCallCount: 0 |  Source: Source Missing | -at jdk.internal.util.ArraysSupport.unsignedHashCode(ArraysSupport.java:381) [bci: 34]
  loop 2 Cycles: 86 || Activation Count:1| LoopCallCount: 0 |  Source: Source Missing | -at jdk.internal.util.ArraysSupport.unsignedHashCode(ArraysSupport.java:381) [bci: 34]
Comp 85 (jdk.internal.util.ArraysSupport.unsignedHashCode(int,-Re-Comp) loops:
Found Encoding : 0:-1,1:-1,2:-1
├── Loop 0
├── Loop 1
└── Loop 2
  loop 0 Cycles: 78612 || Activation Count:1674| LoopCallCount: 0 |  Source: -at jdk.internal.util.ArraysSupport.unsignedHashCode(ArraysSupport.java:378) [bci: 8] | -at jdk.internal.util.ArraysSupport.unsignedHashCode(ArraysSupport.java:381) [bci: 34]
  loop 1 Cycles: 111786 || Activation Count:1674| LoopCallCount: 0 |  Source: Source Missing | -at jdk.internal.util.ArraysSupport.unsignedHashCode(ArraysSupport.java:381) [bci: 34]
  loop 2 Cycles: 96272 || Activation Count:1674| LoopCallCount: 0 |  Source: Source Missing | -at jdk.internal.util.ArraysSupport.unsignedHashCode(ArraysSupport.java:381) [bci: 34]
Comp 87 (java.lang.StringCoding.countPositives(byte[],) loops:
Found Encoding : 0:-1
└── Loop 0
  loop 0 Cycles: 362 || Activation Count:1| LoopCallCount: 0 |  Source: -at java.lang.StringCoding.countPositives(StringCoding.java:92) [bci: 7] | -at java.lang.StringCoding.countPositives(StringCoding.java:97) [bci: 31]
Comp 88 (java.lang.StringCoding.countPositives(byte[],-Re-Comp) loops:
Found Encoding : 0:-1
└── Loop 0
  loop 0 Cycles: 10802 || Activation Count:66| LoopCallCount: 0 |  Source: -at java.lang.StringCoding.countPositives(StringCoding.java:92) [bci: 7] | -at java.lang.StringCoding.countPositives(StringCoding.java:97) [bci: 31]
Comp 138 (java.lang.StringLatin1.equals(byte[],) loops:
Found Encoding : 0:-1
└── Loop 0
  loop 0 Cycles: 17540 || Activation Count:115| LoopCallCount: 0 |  Source: -at java.lang.StringLatin1.equals(StringLatin1.java:100) [bci: 9] | -at java.lang.StringLatin1.equals(StringLatin1.java:105) [bci: 32]
Comp 140 (java.util.Properties$LineReader.readLine()) loops:
Found Encoding : 5:-1,3:-1,4:3,0:-1,1:0,2:1
├── Loop 5
├── Loop 3
│   └── Loop 4
└── Loop 0
    └── Loop 1
        └── Loop 2
  loop 1 Cycles: 300160 || Activation Count:90| LoopCallCount: 1 |  Source: -at java.util.Properties$LineReader.readLine(Properties.java:538) [bci: 219] | -at java.util.Properties$LineReader.readLine(Properties.java:543) [bci: 259]
  loop 2 Cycles: 16658 || Activation Count:91| LoopCallCount: 0 |  Source: -at java.util.Properties$LineReader.readLine(Properties.java:540) [bci: 224] | -at java.util.Properties$LineReader.readLine(Properties.java:543) [bci: 259]
  loop 5 Cycles: 798 || Activation Count:1| LoopCallCount: 0 |  Source: -at java.util.Properties$LineReader.readLine(Properties.java:540) [bci: 224] | -at java.util.Properties$LineReader.readLine(Properties.java:543) [bci: 259]
Comp 141 (java.util.Properties$LineReader.readLine()-Re-Comp) loops:
Found Encoding : 0:-1,1:0,2:1
└── Loop 0
    └── Loop 1
        └── Loop 2
  loop 1 Cycles: 4612 || Activation Count:14| LoopCallCount: 1 |  Source: -at java.util.Properties$LineReader.readLine(Properties.java:538) [bci: 219] | -at java.util.Properties$LineReader.readLine(Properties.java:543) [bci: 259]
  loop 2 Cycles: 2634 || Activation Count:14| LoopCallCount: 0 |  Source: -at java.util.Properties$LineReader.readLine(Properties.java:540) [bci: 224] | -at java.util.Properties$LineReader.readLine(Properties.java:545) [bci: 262]
Comp 142 (java.util.Properties$LineReader.readLine()-Re-Comp) loops:
Found Encoding : 5:-1,3:-1,4:3,0:-1,1:0,2:1
├── Loop 5
├── Loop 3
│   └── Loop 4
└── Loop 0
    └── Loop 1
        └── Loop 2
  loop 0 Cycles: 37870 || Activation Count:1| LoopCallCount: 2 |  Source: -at java.util.Properties$LineReader.readLine(Properties.java:504) [bci: 53] | -at java.util.Properties$LineReader.readLine(Properties.java:615) [bci: 577]
  loop 1 Cycles: 27398 || Activation Count:131| LoopCallCount: 1 |  Source: -at java.util.Properties$LineReader.readLine(Properties.java:538) [bci: 219] | -at java.util.Properties$LineReader.readLine(Properties.java:543) [bci: 259]
  loop 2 Cycles: 15104 || Activation Count:131| LoopCallCount: 0 |  Source: -at java.util.Properties$LineReader.readLine(Properties.java:540) [bci: 224] | -at java.util.Properties$LineReader.readLine(Properties.java:543) [bci: 259]
  loop 5 Cycles: 736 || Activation Count:1| LoopCallCount: 0 |  Source: -at java.util.Properties$LineReader.readLine(Properties.java:540) [bci: 224] | -at java.util.Properties$LineReader.readLine(Properties.java:543) [bci: 259]
Comp 143 (java.util.Properties$LineReader.readLine()-Re-Comp) loops:
Found Encoding : 0:-1,1:0,2:1
└── Loop 0
    └── Loop 1
        └── Loop 2
  loop 0 Cycles: 323726 || Activation Count:6| LoopCallCount: 2 |  Source: -at java.util.Properties$LineReader.readLine(Properties.java:504) [bci: 53] | -at java.util.Properties$LineReader.readLine(Properties.java:615) [bci: 577]
  loop 1 Cycles: 384488 || Activation Count:374| LoopCallCount: 1 |  Source: -at java.util.Properties$LineReader.readLine(Properties.java:538) [bci: 219] | -at java.util.Properties$LineReader.readLine(Properties.java:543) [bci: 259]
  loop 2 Cycles: 47358 || Activation Count:377| LoopCallCount: 0 |  Source: -at java.util.Properties$LineReader.readLine(Properties.java:540) [bci: 224] | -at java.util.Properties$LineReader.readLine(Properties.java:545) [bci: 262]
Comp 169 (Permute.permute(int)) loops:
Found Encoding : 0:-1
└── Loop 0
  loop 0 Cycles: 1872953542148 || Activation Count:6334997163| LoopCallCount: 1 |  Source: -at Permute.permute(int) [bci: 25] | -at Permute.permute(int) [bci: 52]
Comp 184 (Benchmark.innerBenchmarkLoop(int)) loops:
Found Encoding : 0:-1
└── Loop 0
  loop 0 Cycles: 186896214 || Activation Count:1| LoopCallCount: 2 |  Source: -at Benchmark.innerBenchmarkLoop(int) [bci: 2] | -at Benchmark.innerBenchmarkLoop(int) [bci: 26]
Comp 185 (Benchmark.innerBenchmarkLoop(int)-Re-Comp) loops:
Found Encoding : 0:-1
└── Loop 0
  loop 0 Cycles: 622028324188 || Activation Count:494| LoopCallCount: 2 |  Source: -at Benchmark.innerBenchmarkLoop(int) [bci: 2] | -at Benchmark.innerBenchmarkLoop(int) [bci: 26]
Comp 193 (java.lang.StringLatin1.inflate(byte[],) loops:
Found Encoding : 0:-1,1:-1,2:-1
├── Loop 0
├── Loop 1
└── Loop 2
  loop 0 Cycles: 9294 || Activation Count:174| LoopCallCount: 0 |  Source: -at java.lang.StringLatin1.inflate(StringLatin1.java:767) [bci: 3] | -at java.lang.StringLatin1.inflate(StringLatin1.java:770) [bci: 33]
  loop 1 Cycles: 8824 || Activation Count:174| LoopCallCount: 0 |  Source: Source Missing | -at java.lang.StringLatin1.inflate(StringLatin1.java:770) [bci: 33]
  loop 2 Cycles: 8840 || Activation Count:174| LoopCallCount: 0 |  Source: Source Missing | -at java.lang.StringLatin1.inflate(StringLatin1.java:770) [bci: 33]
Comp 194 (java.lang.StringCoding.implEncodeAsciiArray(char[],) loops:
Found Encoding : 0:-1
└── Loop 0
  loop 0 Cycles: 710 || Activation Count:1| LoopCallCount: 0 |  Source: -at java.lang.StringCoding.implEncodeAsciiArray(StringCoding.java:118) [bci: 3] | -at java.lang.StringCoding.implEncodeAsciiArray(StringCoding.java:124) [bci: 44]
Comp 195 (java.lang.StringCoding.implEncodeAsciiArray(char[],-Re-Comp) loops:
Found Encoding : 0:-1
└── Loop 0
  loop 0 Cycles: 4788 || Activation Count:14| LoopCallCount: 0 |  Source: -at java.lang.StringCoding.implEncodeAsciiArray(StringCoding.java:118) [bci: 3] | -at java.lang.StringCoding.implEncodeAsciiArray(StringCoding.java:124) [bci: 44]
