Could not locate BlockSlowdown.json
Skipping Loading (this might cause a fatal crash if GTSlowdown is on)
Could not locate BlockSlowdown.json
Skipping Loading (this might cause a fatal crash if GTSlowdown is on)
Starting Permute benchmark ...
Permute: iterations=1 runtime: 135163us
Permute: iterations=2 runtime: 150253us
Permute: iterations=3 runtime: 99093us
Permute: iterations=4 runtime: 99185us
Permute: iterations=5 runtime: 99257us
Permute: iterations=6 runtime: 218088us
Permute: iterations=7 runtime: 98783us
Permute: iterations=8 runtime: 98781us
Permute: iterations=9 runtime: 98795us
Permute: iterations=10 runtime: 98711us
Permute: iterations=11 runtime: 98787us
Permute: iterations=12 runtime: 98804us
Permute: iterations=13 runtime: 98753us
Permute: iterations=14 runtime: 98733us
Permute: iterations=15 runtime: 98721us
Permute: iterations=16 runtime: 98751us
Permute: iterations=17 runtime: 98829us
Permute: iterations=18 runtime: 98726us
Permute: iterations=19 runtime: 98858us
Permute: iterations=20 runtime: 98702us
Permute: iterations=21 runtime: 98761us
Permute: iterations=22 runtime: 98720us
Permute: iterations=23 runtime: 98754us
Permute: iterations=24 runtime: 98707us
Permute: iterations=25 runtime: 98731us
Permute: iterations=26 runtime: 98724us
Permute: iterations=27 runtime: 98739us
Permute: iterations=28 runtime: 98755us
Permute: iterations=29 runtime: 98695us
Permute: iterations=30 runtime: 98752us
Permute: iterations=31 runtime: 98765us
Permute: iterations=32 runtime: 98734us
Permute: iterations=33 runtime: 98742us
Permute: iterations=34 runtime: 98852us
Permute: iterations=35 runtime: 98771us
Permute: iterations=36 runtime: 98722us
Permute: iterations=37 runtime: 98740us
Permute: iterations=38 runtime: 98833us
Permute: iterations=39 runtime: 98741us
Permute: iterations=40 runtime: 98733us
Permute: iterations=41 runtime: 100823us
Permute: iterations=42 runtime: 98727us
Permute: iterations=43 runtime: 98724us
Permute: iterations=44 runtime: 98678us
Permute: iterations=45 runtime: 98730us
Permute: iterations=46 runtime: 98799us
Permute: iterations=47 runtime: 98902us
Permute: iterations=48 runtime: 98739us
Permute: iterations=49 runtime: 98856us
Permute: iterations=50 runtime: 98736us
Permute: iterations=51 runtime: 98740us
Permute: iterations=52 runtime: 98805us
Permute: iterations=53 runtime: 98780us
Permute: iterations=54 runtime: 98736us
Permute: iterations=55 runtime: 98742us
Permute: iterations=56 runtime: 98732us
Permute: iterations=57 runtime: 98791us
Permute: iterations=58 runtime: 98794us
Permute: iterations=59 runtime: 98707us
Permute: iterations=60 runtime: 98752us
Permute: iterations=61 runtime: 98769us
Permute: iterations=62 runtime: 99066us
Permute: iterations=63 runtime: 98693us
Permute: iterations=64 runtime: 98833us
Permute: iterations=65 runtime: 98712us
Permute: iterations=66 runtime: 98708us
Permute: iterations=67 runtime: 98735us
Permute: iterations=68 runtime: 98776us
Permute: iterations=69 runtime: 98700us
Permute: iterations=70 runtime: 98722us
Permute: iterations=71 runtime: 98768us
Permute: iterations=72 runtime: 98733us
Permute: iterations=73 runtime: 98720us
Permute: iterations=74 runtime: 98723us
Permute: iterations=75 runtime: 98749us
Permute: iterations=76 runtime: 98741us
Permute: iterations=77 runtime: 98747us
Permute: iterations=78 runtime: 98840us
Permute: iterations=79 runtime: 98833us
Permute: iterations=80 runtime: 98739us
Permute: iterations=81 runtime: 98730us
Permute: iterations=82 runtime: 98736us
Permute: iterations=83 runtime: 98771us
Permute: iterations=84 runtime: 98741us
Permute: iterations=85 runtime: 98726us
Permute: iterations=86 runtime: 98730us
Permute: iterations=87 runtime: 98744us
Permute: iterations=88 runtime: 98733us
Permute: iterations=89 runtime: 98716us
Permute: iterations=90 runtime: 100451us
Could not locate BlockSlowdown.json
Skipping Loading (this might cause a fatal crash if GTSlowdown is on)
Permute: iterations=91 runtime: 105503us
Permute: iterations=92 runtime: 98770us
Permute: iterations=93 runtime: 98746us
Permute: iterations=94 runtime: 98858us
Permute: iterations=95 runtime: 98746us
Permute: iterations=96 runtime: 98716us
Permute: iterations=97 runtime: 99073us
Permute: iterations=98 runtime: 98966us
Permute: iterations=99 runtime: 98738us
Permute: iterations=100 runtime: 98719us
Permute: iterations=101 runtime: 98759us
Permute: iterations=102 runtime: 98742us
Permute: iterations=103 runtime: 98723us
Permute: iterations=104 runtime: 98737us
Permute: iterations=105 runtime: 98775us
Permute: iterations=106 runtime: 98720us
Permute: iterations=107 runtime: 98737us
Permute: iterations=108 runtime: 98880us
Permute: iterations=109 runtime: 98746us
Permute: iterations=110 runtime: 98708us
Permute: iterations=111 runtime: 98749us
Permute: iterations=112 runtime: 98747us
Permute: iterations=113 runtime: 98789us
Permute: iterations=114 runtime: 98759us
Permute: iterations=115 runtime: 98731us
Permute: iterations=116 runtime: 98767us
Permute: iterations=117 runtime: 98718us
Permute: iterations=118 runtime: 98808us
Permute: iterations=119 runtime: 98746us
Permute: iterations=120 runtime: 98749us
Permute: iterations=121 runtime: 98769us
Permute: iterations=122 runtime: 98743us
Permute: iterations=123 runtime: 98848us
Permute: iterations=124 runtime: 98752us
Permute: iterations=125 runtime: 98712us
Permute: iterations=126 runtime: 98733us
Could not locate BlockSlowdown.json
Skipping Loading (this might cause a fatal crash if GTSlowdown is on)
Permute: iterations=127 runtime: 98744us
Permute: iterations=128 runtime: 98812us
Permute: iterations=129 runtime: 98730us
Permute: iterations=130 runtime: 98708us
Permute: iterations=131 runtime: 98758us
Permute: iterations=132 runtime: 98732us
Permute: iterations=133 runtime: 98700us
Permute: iterations=134 runtime: 98749us
Permute: iterations=135 runtime: 98782us
Permute: iterations=136 runtime: 98748us
Permute: iterations=137 runtime: 98693us
Permute: iterations=138 runtime: 98873us
Permute: iterations=139 runtime: 98822us
Permute: iterations=140 runtime: 98720us
Permute: iterations=141 runtime: 98717us
Permute: iterations=142 runtime: 98793us
Permute: iterations=143 runtime: 98732us
Permute: iterations=144 runtime: 100861us
Permute: iterations=145 runtime: 98734us
Permute: iterations=146 runtime: 98748us
Permute: iterations=147 runtime: 98841us
Permute: iterations=148 runtime: 99016us
Permute: iterations=149 runtime: 98757us
Permute: iterations=150 runtime: 98750us
Permute: iterations=151 runtime: 98729us
Permute: iterations=152 runtime: 98716us
Permute: iterations=153 runtime: 98827us
Permute: iterations=154 runtime: 98731us
Permute: iterations=155 runtime: 98698us
Permute: iterations=156 runtime: 98706us
Permute: iterations=157 runtime: 98738us
Permute: iterations=158 runtime: 98717us
Permute: iterations=159 runtime: 98801us
Permute: iterations=160 runtime: 98710us
Permute: iterations=161 runtime: 98749us
Permute: iterations=162 runtime: 98694us
Permute: iterations=163 runtime: 98710us
Permute: iterations=164 runtime: 98762us
Permute: iterations=165 runtime: 98751us
Permute: iterations=166 runtime: 98742us
Permute: iterations=167 runtime: 98725us
Permute: iterations=168 runtime: 98827us
Permute: iterations=169 runtime: 98773us
Permute: iterations=170 runtime: 98727us
Permute: iterations=171 runtime: 98732us
Permute: iterations=172 runtime: 98764us
Permute: iterations=173 runtime: 98750us
Permute: iterations=174 runtime: 98713us
Permute: iterations=175 runtime: 98724us
Permute: iterations=176 runtime: 98774us
Permute: iterations=177 runtime: 98749us
Permute: iterations=178 runtime: 98741us
Permute: iterations=179 runtime: 98813us
Permute: iterations=180 runtime: 98754us
Permute: iterations=181 runtime: 98747us
Permute: iterations=182 runtime: 98723us
Permute: iterations=183 runtime: 98840us
Permute: iterations=184 runtime: 98779us
Permute: iterations=185 runtime: 98763us
Permute: iterations=186 runtime: 98754us
Permute: iterations=187 runtime: 98789us
Permute: iterations=188 runtime: 98716us
Permute: iterations=189 runtime: 98727us
Permute: iterations=190 runtime: 98744us
Permute: iterations=191 runtime: 98765us
Permute: iterations=192 runtime: 98766us
Permute: iterations=193 runtime: 98713us
Permute: iterations=194 runtime: 98725us
Permute: iterations=195 runtime: 98737us
Permute: iterations=196 runtime: 98657us
Permute: iterations=197 runtime: 98671us
Permute: iterations=198 runtime: 98919us
Permute: iterations=199 runtime: 98812us
Permute: iterations=200 runtime: 98665us
Permute: iterations=201 runtime: 98779us
Permute: iterations=202 runtime: 98783us
Permute: iterations=203 runtime: 98754us
Permute: iterations=204 runtime: 98697us
Permute: iterations=205 runtime: 98706us
Permute: iterations=206 runtime: 98774us
Permute: iterations=207 runtime: 98704us
Permute: iterations=208 runtime: 98696us
Permute: iterations=209 runtime: 98676us
Permute: iterations=210 runtime: 98702us
Permute: iterations=211 runtime: 98709us
Permute: iterations=212 runtime: 98683us
Permute: iterations=213 runtime: 98858us
Permute: iterations=214 runtime: 98758us
Permute: iterations=215 runtime: 98769us
Permute: iterations=216 runtime: 98764us
Permute: iterations=217 runtime: 98764us
Permute: iterations=218 runtime: 98731us
Permute: iterations=219 runtime: 98690us
Permute: iterations=220 runtime: 98695us
Permute: iterations=221 runtime: 98750us
Permute: iterations=222 runtime: 98703us
Permute: iterations=223 runtime: 98722us
Permute: iterations=224 runtime: 98709us
Permute: iterations=225 runtime: 98762us
Permute: iterations=226 runtime: 98680us
Permute: iterations=227 runtime: 98689us
Permute: iterations=228 runtime: 98856us
Permute: iterations=229 runtime: 98740us
Permute: iterations=230 runtime: 98762us
Permute: iterations=231 runtime: 98762us
Permute: iterations=232 runtime: 98783us
Permute: iterations=233 runtime: 98762us
Permute: iterations=234 runtime: 98709us
Permute: iterations=235 runtime: 98775us
Permute: iterations=236 runtime: 98723us
Permute: iterations=237 runtime: 98755us
Permute: iterations=238 runtime: 98752us
Permute: iterations=239 runtime: 98726us
Permute: iterations=240 runtime: 98777us
Permute: iterations=241 runtime: 98745us
Permute: iterations=242 runtime: 98771us
Permute: iterations=243 runtime: 98874us
Permute: iterations=244 runtime: 98763us
Permute: iterations=245 runtime: 98756us
Permute: iterations=246 runtime: 98708us
Permute: iterations=247 runtime: 98717us
Permute: iterations=248 runtime: 98809us
Permute: iterations=249 runtime: 98966us
Permute: iterations=250 runtime: 98735us
Permute: iterations=251 runtime: 98690us
Permute: iterations=252 runtime: 98684us
Permute: iterations=253 runtime: 98683us
Permute: iterations=254 runtime: 98663us
Permute: iterations=255 runtime: 98715us
Permute: iterations=256 runtime: 98779us
Permute: iterations=257 runtime: 98708us
Permute: iterations=258 runtime: 98888us
Permute: iterations=259 runtime: 98759us
Permute: iterations=260 runtime: 98741us
Permute: iterations=261 runtime: 98679us
Permute: iterations=262 runtime: 98700us
Permute: iterations=263 runtime: 98695us
Permute: iterations=264 runtime: 98697us
Permute: iterations=265 runtime: 98719us
Permute: iterations=266 runtime: 98737us
Permute: iterations=267 runtime: 98712us
Permute: iterations=268 runtime: 98726us
Permute: iterations=269 runtime: 98693us
Permute: iterations=270 runtime: 98743us
Permute: iterations=271 runtime: 98789us
Permute: iterations=272 runtime: 98749us
Permute: iterations=273 runtime: 98813us
Permute: iterations=274 runtime: 98709us
Permute: iterations=275 runtime: 98695us
Permute: iterations=276 runtime: 98714us
Permute: iterations=277 runtime: 98696us
Permute: iterations=278 runtime: 98720us
Permute: iterations=279 runtime: 98658us
Permute: iterations=280 runtime: 98721us
Permute: iterations=281 runtime: 98791us
Permute: iterations=282 runtime: 98764us
Permute: iterations=283 runtime: 98795us
Permute: iterations=284 runtime: 98751us
Permute: iterations=285 runtime: 98799us
Permute: iterations=286 runtime: 98737us
Permute: iterations=287 runtime: 98753us
Permute: iterations=288 runtime: 98873us
Permute: iterations=289 runtime: 98758us
Permute: iterations=290 runtime: 98739us
Permute: iterations=291 runtime: 98749us
Permute: iterations=292 runtime: 98822us
Permute: iterations=293 runtime: 98741us
Permute: iterations=294 runtime: 98754us
Permute: iterations=295 runtime: 98771us
Permute: iterations=296 runtime: 98763us
Permute: iterations=297 runtime: 98799us
Permute: iterations=298 runtime: 98757us
Permute: iterations=299 runtime: 98837us
Permute: iterations=300 runtime: 107239us
Permute: iterations=301 runtime: 107137us
Permute: iterations=302 runtime: 98664us
Permute: iterations=303 runtime: 98782us
Permute: iterations=304 runtime: 98672us
Permute: iterations=305 runtime: 98678us
Permute: iterations=306 runtime: 98727us
Permute: iterations=307 runtime: 98800us
Permute: iterations=308 runtime: 98755us
Permute: iterations=309 runtime: 98694us
Permute: iterations=310 runtime: 98670us
Permute: iterations=311 runtime: 98676us
Permute: iterations=312 runtime: 98671us
Permute: iterations=313 runtime: 98668us
Permute: iterations=314 runtime: 98699us
Permute: iterations=315 runtime: 98670us
Permute: iterations=316 runtime: 98670us
Permute: iterations=317 runtime: 98666us
Permute: iterations=318 runtime: 98771us
Permute: iterations=319 runtime: 98668us
Permute: iterations=320 runtime: 98659us
Permute: iterations=321 runtime: 98730us
Permute: iterations=322 runtime: 98714us
Permute: iterations=323 runtime: 98661us
Permute: iterations=324 runtime: 98667us
Permute: iterations=325 runtime: 98684us
Permute: iterations=326 runtime: 98700us
Permute: iterations=327 runtime: 98682us
Permute: iterations=328 runtime: 98667us
Permute: iterations=329 runtime: 98704us
Permute: iterations=330 runtime: 98687us
Permute: iterations=331 runtime: 98684us
Permute: iterations=332 runtime: 98672us
Permute: iterations=333 runtime: 100798us
Permute: iterations=334 runtime: 98777us
Permute: iterations=335 runtime: 98764us
Permute: iterations=336 runtime: 98764us
Permute: iterations=337 runtime: 98799us
Permute: iterations=338 runtime: 98752us
Permute: iterations=339 runtime: 98752us
Permute: iterations=340 runtime: 98736us
Permute: iterations=341 runtime: 98764us
Permute: iterations=342 runtime: 98750us
Permute: iterations=343 runtime: 98736us
Permute: iterations=344 runtime: 98793us
Permute: iterations=345 runtime: 98747us
Permute: iterations=346 runtime: 98766us
Permute: iterations=347 runtime: 98757us
Permute: iterations=348 runtime: 98784us
Permute: iterations=349 runtime: 98764us
Permute: iterations=350 runtime: 98853us
Permute: iterations=351 runtime: 98753us
Permute: iterations=352 runtime: 98763us
Permute: iterations=353 runtime: 98732us
Permute: iterations=354 runtime: 98738us
Permute: iterations=355 runtime: 98763us
Permute: iterations=356 runtime: 98768us
Permute: iterations=357 runtime: 98768us
Permute: iterations=358 runtime: 98734us
Permute: iterations=359 runtime: 98794us
Permute: iterations=360 runtime: 98762us
Permute: iterations=361 runtime: 98770us
Permute: iterations=362 runtime: 98756us
Permute: iterations=363 runtime: 98812us
Permute: iterations=364 runtime: 98766us
Permute: iterations=365 runtime: 98765us
Permute: iterations=366 runtime: 98768us
Permute: iterations=367 runtime: 98788us
Permute: iterations=368 runtime: 98755us
Permute: iterations=369 runtime: 98759us
Permute: iterations=370 runtime: 98772us
Permute: iterations=371 runtime: 98772us
Permute: iterations=372 runtime: 98765us
Permute: iterations=373 runtime: 98755us
Permute: iterations=374 runtime: 98778us
Permute: iterations=375 runtime: 98764us
Permute: iterations=376 runtime: 98764us
Permute: iterations=377 runtime: 98772us
Permute: iterations=378 runtime: 98810us
Permute: iterations=379 runtime: 98756us
Permute: iterations=380 runtime: 98764us
Permute: iterations=381 runtime: 98762us
Permute: iterations=382 runtime: 98776us
Permute: iterations=383 runtime: 98741us
Permute: iterations=384 runtime: 98742us
Permute: iterations=385 runtime: 98715us
Permute: iterations=386 runtime: 98691us
Permute: iterations=387 runtime: 98714us
Permute: iterations=388 runtime: 98690us
Permute: iterations=389 runtime: 98735us
Permute: iterations=390 runtime: 98729us
Permute: iterations=391 runtime: 98712us
Permute: iterations=392 runtime: 98726us
Permute: iterations=393 runtime: 98730us
Permute: iterations=394 runtime: 98713us
Permute: iterations=395 runtime: 98692us
Permute: iterations=396 runtime: 98720us
Permute: iterations=397 runtime: 98709us
Permute: iterations=398 runtime: 98680us
Permute: iterations=399 runtime: 98690us
Permute: iterations=400 runtime: 98760us
Permute: iterations=401 runtime: 98818us
Could not locate BlockSlowdown.json
Skipping Loading (this might cause a fatal crash if GTSlowdown is on)
Permute: iterations=402 runtime: 98681us
Permute: iterations=403 runtime: 98681us
Permute: iterations=404 runtime: 98731us
Permute: iterations=405 runtime: 98734us
Permute: iterations=406 runtime: 98767us
Permute: iterations=407 runtime: 98739us
Permute: iterations=408 runtime: 98758us
Permute: iterations=409 runtime: 98717us
Permute: iterations=410 runtime: 98687us
Permute: iterations=411 runtime: 98696us
Permute: iterations=412 runtime: 98762us
Permute: iterations=413 runtime: 98738us
Permute: iterations=414 runtime: 98737us
Permute: iterations=415 runtime: 98722us
Permute: iterations=416 runtime: 98711us
Permute: iterations=417 runtime: 98755us
Permute: iterations=418 runtime: 98744us
Permute: iterations=419 runtime: 98786us
Permute: iterations=420 runtime: 98715us
Permute: iterations=421 runtime: 98736us
Permute: iterations=422 runtime: 98735us
Permute: iterations=423 runtime: 98685us
Permute: iterations=424 runtime: 98722us
Permute: iterations=425 runtime: 98750us
Permute: iterations=426 runtime: 98764us
Permute: iterations=427 runtime: 98804us
Permute: iterations=428 runtime: 98777us
Permute: iterations=429 runtime: 98721us
Permute: iterations=430 runtime: 98752us
Permute: iterations=431 runtime: 98730us
Permute: iterations=432 runtime: 98775us
Permute: iterations=433 runtime: 98760us
Permute: iterations=434 runtime: 98744us
Permute: iterations=435 runtime: 98698us
Permute: iterations=436 runtime: 98691us
Permute: iterations=437 runtime: 98714us
Permute: iterations=438 runtime: 98685us
Permute: iterations=439 runtime: 98684us
Permute: iterations=440 runtime: 98679us
Permute: iterations=441 runtime: 98699us
Permute: iterations=442 runtime: 98800us
Permute: iterations=443 runtime: 98719us
Permute: iterations=444 runtime: 98715us
Permute: iterations=445 runtime: 98711us
Permute: iterations=446 runtime: 98721us
Permute: iterations=447 runtime: 98760us
Permute: iterations=448 runtime: 98756us
Permute: iterations=449 runtime: 98741us
Permute: iterations=450 runtime: 98697us
Permute: iterations=451 runtime: 98940us
Permute: iterations=452 runtime: 98914us
Permute: iterations=453 runtime: 98788us
Permute: iterations=454 runtime: 98781us
Permute: iterations=455 runtime: 98808us
Permute: iterations=456 runtime: 98797us
Permute: iterations=457 runtime: 100214us
Permute: iterations=458 runtime: 98743us
Permute: iterations=459 runtime: 98752us
Permute: iterations=460 runtime: 98766us
Permute: iterations=461 runtime: 98772us
Permute: iterations=462 runtime: 98753us
Permute: iterations=463 runtime: 98767us
Permute: iterations=464 runtime: 98757us
Permute: iterations=465 runtime: 98748us
Permute: iterations=466 runtime: 98774us
Permute: iterations=467 runtime: 98782us
Permute: iterations=468 runtime: 98756us
Permute: iterations=469 runtime: 98738us
Permute: iterations=470 runtime: 98780us
Permute: iterations=471 runtime: 98763us
Permute: iterations=472 runtime: 98709us
Permute: iterations=473 runtime: 98697us
Permute: iterations=474 runtime: 98928us
Permute: iterations=475 runtime: 98776us
Permute: iterations=476 runtime: 98755us
Permute: iterations=477 runtime: 98721us
Permute: iterations=478 runtime: 98771us
Permute: iterations=479 runtime: 98810us
Permute: iterations=480 runtime: 98745us
Permute: iterations=481 runtime: 98774us
Permute: iterations=482 runtime: 98797us
Permute: iterations=483 runtime: 98806us
Permute: iterations=484 runtime: 98722us
Permute: iterations=485 runtime: 98787us
Permute: iterations=486 runtime: 98769us
Permute: iterations=487 runtime: 98717us
Permute: iterations=488 runtime: 98709us
Permute: iterations=489 runtime: 98723us
Permute: iterations=490 runtime: 98740us
Permute: iterations=491 runtime: 98729us
Permute: iterations=492 runtime: 98777us
Permute: iterations=493 runtime: 98742us
Permute: iterations=494 runtime: 98738us
Permute: iterations=495 runtime: 98709us
Permute: iterations=496 runtime: 98741us
Permute: iterations=497 runtime: 98757us
Permute: iterations=498 runtime: 98741us
Permute: iterations=499 runtime: 98790us
Permute: iterations=500 runtime: 98736us
Could not locate BlockSlowdown.json
Skipping Loading (this might cause a fatal crash if GTSlowdown is on)
Permute: iterations=500 average: 99232us total: 49616214us


Total Runtime: 49616214us
Bubo.RDTSC.Harness.main Total RDTSC cycles: 164581155822
