Could not locate BlockSlowdown.json
Skipping Loading (this might cause a fatal crash if GTSlowdown is on)
Could not locate BlockSlowdown.json
Skipping Loading (this might cause a fatal crash if GTSlowdown is on)
Starting Storage benchmark ...
Storage: iterations=1 runtime: 199711us
Storage: iterations=2 runtime: 157637us
Storage: iterations=3 runtime: 153104us
Storage: iterations=4 runtime: 158321us
Storage: iterations=5 runtime: 155825us
Storage: iterations=6 runtime: 151589us
Storage: iterations=7 runtime: 152659us
Storage: iterations=8 runtime: 150745us
Storage: iterations=9 runtime: 150625us
Storage: iterations=10 runtime: 150245us
Storage: iterations=11 runtime: 150646us
Storage: iterations=12 runtime: 158318us
Storage: iterations=13 runtime: 150401us
Storage: iterations=14 runtime: 150362us
Storage: iterations=15 runtime: 150347us
Storage: iterations=16 runtime: 149943us
Storage: iterations=17 runtime: 150409us
Storage: iterations=18 runtime: 150657us
Storage: iterations=19 runtime: 149990us
Could not locate BlockSlowdown.json
Skipping Loading (this might cause a fatal crash if GTSlowdown is on)
Storage: iterations=20 runtime: 150720us
Storage: iterations=21 runtime: 151100us
Storage: iterations=22 runtime: 150722us
Storage: iterations=23 runtime: 150045us
Storage: iterations=24 runtime: 150209us
Storage: iterations=25 runtime: 150233us
Storage: iterations=26 runtime: 149780us
Storage: iterations=27 runtime: 150188us
Storage: iterations=28 runtime: 150471us
Storage: iterations=29 runtime: 150227us
Storage: iterations=30 runtime: 150367us
Storage: iterations=31 runtime: 150196us
Storage: iterations=32 runtime: 149247us
Storage: iterations=33 runtime: 149736us
Storage: iterations=34 runtime: 149802us
Storage: iterations=35 runtime: 149757us
Storage: iterations=36 runtime: 149809us
Storage: iterations=37 runtime: 149626us
Storage: iterations=38 runtime: 149909us
Storage: iterations=39 runtime: 149367us
Storage: iterations=40 runtime: 149654us
Storage: iterations=41 runtime: 149823us
Storage: iterations=42 runtime: 149804us
Storage: iterations=43 runtime: 149831us
Storage: iterations=44 runtime: 150267us
Storage: iterations=45 runtime: 150419us
Storage: iterations=46 runtime: 149564us
Storage: iterations=47 runtime: 150109us
Storage: iterations=48 runtime: 150038us
Storage: iterations=49 runtime: 149962us
Storage: iterations=50 runtime: 150042us
Storage: iterations=51 runtime: 150252us
Storage: iterations=52 runtime: 150298us
Storage: iterations=53 runtime: 150192us
Storage: iterations=54 runtime: 150327us
Storage: iterations=55 runtime: 150850us
Storage: iterations=56 runtime: 149982us
Storage: iterations=57 runtime: 149951us
Storage: iterations=58 runtime: 150014us
Storage: iterations=59 runtime: 149877us
Storage: iterations=60 runtime: 149211us
Storage: iterations=61 runtime: 149917us
Storage: iterations=62 runtime: 149971us
Storage: iterations=63 runtime: 149983us
Storage: iterations=64 runtime: 150120us
Storage: iterations=65 runtime: 149919us
Storage: iterations=66 runtime: 149741us
Storage: iterations=67 runtime: 149425us
Storage: iterations=68 runtime: 149656us
Storage: iterations=69 runtime: 150165us
Storage: iterations=70 runtime: 149989us
Storage: iterations=71 runtime: 149626us
Storage: iterations=72 runtime: 150272us
Storage: iterations=73 runtime: 150410us
Storage: iterations=74 runtime: 149504us
Storage: iterations=75 runtime: 150043us
Storage: iterations=76 runtime: 150084us
Storage: iterations=77 runtime: 149884us
Storage: iterations=78 runtime: 149991us
Storage: iterations=79 runtime: 149869us
Storage: iterations=80 runtime: 149963us
Storage: iterations=81 runtime: 149634us
Storage: iterations=82 runtime: 150200us
Storage: iterations=83 runtime: 149884us
Storage: iterations=84 runtime: 150466us
Storage: iterations=85 runtime: 150251us
Storage: iterations=86 runtime: 150241us
Storage: iterations=87 runtime: 151095us
Storage: iterations=88 runtime: 150765us
Storage: iterations=89 runtime: 150236us
Storage: iterations=90 runtime: 150191us
Could not locate BlockSlowdown.json
Skipping Loading (this might cause a fatal crash if GTSlowdown is on)
Storage: iterations=91 runtime: 150091us
Storage: iterations=92 runtime: 150394us
Storage: iterations=93 runtime: 150261us
Storage: iterations=94 runtime: 150089us
Storage: iterations=95 runtime: 149478us
Storage: iterations=96 runtime: 150521us
Storage: iterations=97 runtime: 150392us
Storage: iterations=98 runtime: 150217us
Storage: iterations=99 runtime: 150155us
Storage: iterations=100 runtime: 150116us
Storage: iterations=101 runtime: 149369us
Storage: iterations=102 runtime: 150009us
Storage: iterations=103 runtime: 150375us
Storage: iterations=104 runtime: 150014us
Storage: iterations=105 runtime: 150377us
Storage: iterations=106 runtime: 150284us
Storage: iterations=107 runtime: 150259us
Storage: iterations=108 runtime: 149628us
Storage: iterations=109 runtime: 150284us
Storage: iterations=110 runtime: 150463us
Storage: iterations=111 runtime: 221799us
Storage: iterations=112 runtime: 150157us
Storage: iterations=113 runtime: 150640us
Storage: iterations=114 runtime: 150474us
Storage: iterations=115 runtime: 149464us
Storage: iterations=116 runtime: 150139us
Storage: iterations=117 runtime: 149744us
Storage: iterations=118 runtime: 149735us
Storage: iterations=119 runtime: 149866us
Storage: iterations=120 runtime: 150917us
Storage: iterations=121 runtime: 151939us
Storage: iterations=122 runtime: 149612us
Storage: iterations=123 runtime: 150042us
Storage: iterations=124 runtime: 150446us
Storage: iterations=125 runtime: 149908us
Storage: iterations=126 runtime: 150237us
Could not locate BlockSlowdown.json
Skipping Loading (this might cause a fatal crash if GTSlowdown is on)
Storage: iterations=127 runtime: 150529us
Storage: iterations=128 runtime: 150066us
Storage: iterations=129 runtime: 149562us
Storage: iterations=130 runtime: 150147us
Storage: iterations=131 runtime: 150159us
Storage: iterations=132 runtime: 150049us
Storage: iterations=133 runtime: 149809us
Storage: iterations=134 runtime: 149833us
Storage: iterations=135 runtime: 149608us
Storage: iterations=136 runtime: 149322us
Storage: iterations=137 runtime: 149845us
Storage: iterations=138 runtime: 149837us
Storage: iterations=139 runtime: 149699us
Storage: iterations=140 runtime: 149893us
Storage: iterations=141 runtime: 149936us
Storage: iterations=142 runtime: 149815us
Storage: iterations=143 runtime: 149468us
Storage: iterations=144 runtime: 149766us
Storage: iterations=145 runtime: 149687us
Storage: iterations=146 runtime: 149752us
Storage: iterations=147 runtime: 150129us
Storage: iterations=148 runtime: 149850us
Storage: iterations=149 runtime: 149700us
Storage: iterations=150 runtime: 149192us
Storage: iterations=151 runtime: 149707us
Storage: iterations=152 runtime: 150078us
Storage: iterations=153 runtime: 150870us
Storage: iterations=154 runtime: 151237us
Storage: iterations=155 runtime: 150822us
Storage: iterations=156 runtime: 149914us
Storage: iterations=157 runtime: 149582us
Storage: iterations=158 runtime: 150155us
Storage: iterations=159 runtime: 150196us
Storage: iterations=160 runtime: 150362us
Storage: iterations=161 runtime: 150404us
Storage: iterations=162 runtime: 150398us
Storage: iterations=163 runtime: 150287us
Storage: iterations=164 runtime: 149701us
Storage: iterations=165 runtime: 150335us
Storage: iterations=166 runtime: 150172us
Storage: iterations=167 runtime: 149884us
Storage: iterations=168 runtime: 149638us
Storage: iterations=169 runtime: 149567us
Storage: iterations=170 runtime: 149557us
Storage: iterations=171 runtime: 149280us
Storage: iterations=172 runtime: 149720us
Storage: iterations=173 runtime: 149694us
Storage: iterations=174 runtime: 149560us
Storage: iterations=175 runtime: 149679us
Storage: iterations=176 runtime: 149510us
Storage: iterations=177 runtime: 149272us
Storage: iterations=178 runtime: 149664us
Storage: iterations=179 runtime: 149704us
Storage: iterations=180 runtime: 149833us
Storage: iterations=181 runtime: 149685us
Storage: iterations=182 runtime: 149744us
Storage: iterations=183 runtime: 149814us
Storage: iterations=184 runtime: 149434us
Storage: iterations=185 runtime: 149918us
Storage: iterations=186 runtime: 150262us
Storage: iterations=187 runtime: 151596us
Storage: iterations=188 runtime: 150256us
Storage: iterations=189 runtime: 149786us
Storage: iterations=190 runtime: 149916us
Storage: iterations=191 runtime: 149182us
Storage: iterations=192 runtime: 150189us
Storage: iterations=193 runtime: 150158us
Storage: iterations=194 runtime: 150188us
Storage: iterations=195 runtime: 150349us
Storage: iterations=196 runtime: 149943us
Storage: iterations=197 runtime: 149888us
Storage: iterations=198 runtime: 149330us
Storage: iterations=199 runtime: 150227us
Storage: iterations=200 runtime: 150110us
Storage: iterations=201 runtime: 149969us
Storage: iterations=202 runtime: 154956us
Storage: iterations=203 runtime: 150642us
Storage: iterations=204 runtime: 150327us
Storage: iterations=205 runtime: 149642us
Storage: iterations=206 runtime: 150094us
Storage: iterations=207 runtime: 150493us
Storage: iterations=208 runtime: 150344us
Storage: iterations=209 runtime: 150258us
Storage: iterations=210 runtime: 150235us
Storage: iterations=211 runtime: 150247us
Storage: iterations=212 runtime: 149818us
Storage: iterations=213 runtime: 150042us
Storage: iterations=214 runtime: 150517us
Storage: iterations=215 runtime: 150350us
Storage: iterations=216 runtime: 150195us
Storage: iterations=217 runtime: 150084us
Storage: iterations=218 runtime: 150515us
Storage: iterations=219 runtime: 150229us
Storage: iterations=220 runtime: 151358us
Storage: iterations=221 runtime: 150906us
Storage: iterations=222 runtime: 150157us
Storage: iterations=223 runtime: 150111us
Storage: iterations=224 runtime: 150043us
Storage: iterations=225 runtime: 150323us
Storage: iterations=226 runtime: 149744us
Storage: iterations=227 runtime: 150286us
Storage: iterations=228 runtime: 150260us
Storage: iterations=229 runtime: 150174us
Storage: iterations=230 runtime: 150051us
Storage: iterations=231 runtime: 150259us
Storage: iterations=232 runtime: 150245us
Storage: iterations=233 runtime: 149710us
Storage: iterations=234 runtime: 150195us
Storage: iterations=235 runtime: 150063us
Storage: iterations=236 runtime: 150399us
Storage: iterations=237 runtime: 150430us
Storage: iterations=238 runtime: 150387us
Storage: iterations=239 runtime: 150671us
Storage: iterations=240 runtime: 149530us
Storage: iterations=241 runtime: 150697us
Storage: iterations=242 runtime: 150364us
Storage: iterations=243 runtime: 150401us
Storage: iterations=244 runtime: 150289us
Storage: iterations=245 runtime: 150629us
Storage: iterations=246 runtime: 150625us
Storage: iterations=247 runtime: 150103us
Storage: iterations=248 runtime: 150579us
Storage: iterations=249 runtime: 150749us
Storage: iterations=250 runtime: 150328us
Storage: iterations=251 runtime: 150453us
Storage: iterations=252 runtime: 150330us
Storage: iterations=253 runtime: 150489us
Storage: iterations=254 runtime: 150917us
Storage: iterations=255 runtime: 150572us
Storage: iterations=256 runtime: 150228us
Storage: iterations=257 runtime: 150287us
Storage: iterations=258 runtime: 150343us
Storage: iterations=259 runtime: 150442us
Storage: iterations=260 runtime: 149720us
Storage: iterations=261 runtime: 150175us
Storage: iterations=262 runtime: 150341us
Storage: iterations=263 runtime: 150261us
Storage: iterations=264 runtime: 150242us
Storage: iterations=265 runtime: 150388us
Storage: iterations=266 runtime: 150382us
Storage: iterations=267 runtime: 149516us
Storage: iterations=268 runtime: 150106us
Storage: iterations=269 runtime: 150525us
Storage: iterations=270 runtime: 150051us
Storage: iterations=271 runtime: 150330us
Storage: iterations=272 runtime: 150259us
Storage: iterations=273 runtime: 150302us
Storage: iterations=274 runtime: 149719us
Storage: iterations=275 runtime: 150462us
Storage: iterations=276 runtime: 150124us
Storage: iterations=277 runtime: 150119us
Storage: iterations=278 runtime: 149804us
Storage: iterations=279 runtime: 149829us
Storage: iterations=280 runtime: 150201us
Storage: iterations=281 runtime: 149421us
Storage: iterations=282 runtime: 149941us
Storage: iterations=283 runtime: 150071us
Storage: iterations=284 runtime: 150271us
Storage: iterations=285 runtime: 150051us
Storage: iterations=286 runtime: 150680us
Storage: iterations=287 runtime: 151461us
Storage: iterations=288 runtime: 149741us
Storage: iterations=289 runtime: 149960us
Storage: iterations=290 runtime: 150167us
Storage: iterations=291 runtime: 150144us
Storage: iterations=292 runtime: 149847us
Storage: iterations=293 runtime: 150135us
Storage: iterations=294 runtime: 150195us
Storage: iterations=295 runtime: 149818us
Storage: iterations=296 runtime: 150337us
Storage: iterations=297 runtime: 149888us
Storage: iterations=298 runtime: 150140us
Storage: iterations=299 runtime: 150175us
Storage: iterations=300 runtime: 150360us
Storage: iterations=301 runtime: 150045us
Storage: iterations=302 runtime: 149529us
Storage: iterations=303 runtime: 150340us
Storage: iterations=304 runtime: 150288us
Storage: iterations=305 runtime: 150013us
Storage: iterations=306 runtime: 150311us
Storage: iterations=307 runtime: 150293us
Storage: iterations=308 runtime: 149943us
Storage: iterations=309 runtime: 149349us
Storage: iterations=310 runtime: 150228us
Storage: iterations=311 runtime: 150263us
Storage: iterations=312 runtime: 149894us
Storage: iterations=313 runtime: 150082us
Storage: iterations=314 runtime: 149965us
Storage: iterations=315 runtime: 149908us
Storage: iterations=316 runtime: 149358us
Storage: iterations=317 runtime: 149917us
Storage: iterations=318 runtime: 149912us
Storage: iterations=319 runtime: 150155us
Storage: iterations=320 runtime: 157995us
Storage: iterations=321 runtime: 157961us
Storage: iterations=322 runtime: 150089us
Storage: iterations=323 runtime: 149744us
Storage: iterations=324 runtime: 150246us
Storage: iterations=325 runtime: 150064us
Storage: iterations=326 runtime: 150324us
Storage: iterations=327 runtime: 150171us
Storage: iterations=328 runtime: 150152us
Storage: iterations=329 runtime: 149429us
Storage: iterations=330 runtime: 150084us
Storage: iterations=331 runtime: 150178us
Storage: iterations=332 runtime: 150530us
Storage: iterations=333 runtime: 150150us
Storage: iterations=334 runtime: 150006us
Storage: iterations=335 runtime: 150285us
Storage: iterations=336 runtime: 149417us
Storage: iterations=337 runtime: 149998us
Storage: iterations=338 runtime: 150220us
Storage: iterations=339 runtime: 150390us
Storage: iterations=340 runtime: 150681us
Storage: iterations=341 runtime: 150145us
Storage: iterations=342 runtime: 150128us
Storage: iterations=343 runtime: 149705us
Storage: iterations=344 runtime: 149886us
Storage: iterations=345 runtime: 149788us
Storage: iterations=346 runtime: 150272us
Storage: iterations=347 runtime: 150838us
Storage: iterations=348 runtime: 150592us
Storage: iterations=349 runtime: 150523us
Storage: iterations=350 runtime: 149998us
Storage: iterations=351 runtime: 150268us
Storage: iterations=352 runtime: 150648us
Storage: iterations=353 runtime: 150682us
Storage: iterations=354 runtime: 151040us
Storage: iterations=355 runtime: 150515us
Storage: iterations=356 runtime: 219088us
Storage: iterations=357 runtime: 149582us
Storage: iterations=358 runtime: 149639us
Storage: iterations=359 runtime: 150201us
Storage: iterations=360 runtime: 150257us
Storage: iterations=361 runtime: 150271us
Storage: iterations=362 runtime: 150142us
Storage: iterations=363 runtime: 150454us
Storage: iterations=364 runtime: 149527us
Storage: iterations=365 runtime: 149848us
Storage: iterations=366 runtime: 150468us
Storage: iterations=367 runtime: 149913us
Storage: iterations=368 runtime: 150178us
Storage: iterations=369 runtime: 150300us
Storage: iterations=370 runtime: 150209us
Storage: iterations=371 runtime: 149822us
Storage: iterations=372 runtime: 150211us
Storage: iterations=373 runtime: 150290us
Storage: iterations=374 runtime: 150378us
Storage: iterations=375 runtime: 150103us
Storage: iterations=376 runtime: 150471us
Storage: iterations=377 runtime: 150704us
Storage: iterations=378 runtime: 149573us
Storage: iterations=379 runtime: 150458us
Storage: iterations=380 runtime: 153809us
Storage: iterations=381 runtime: 150720us
Storage: iterations=382 runtime: 150165us
Storage: iterations=383 runtime: 150544us
Storage: iterations=384 runtime: 150542us
Storage: iterations=385 runtime: 150432us
Storage: iterations=386 runtime: 151514us
Storage: iterations=387 runtime: 150514us
Storage: iterations=388 runtime: 150090us
Storage: iterations=389 runtime: 150431us
Storage: iterations=390 runtime: 150487us
Storage: iterations=391 runtime: 149854us
Storage: iterations=392 runtime: 149350us
Storage: iterations=393 runtime: 149723us
Storage: iterations=394 runtime: 150066us
Storage: iterations=395 runtime: 150146us
Storage: iterations=396 runtime: 149854us
Storage: iterations=397 runtime: 150125us
Storage: iterations=398 runtime: 150135us
Storage: iterations=399 runtime: 149535us
Storage: iterations=400 runtime: 149859us
Storage: iterations=401 runtime: 149941us
Storage: iterations=402 runtime: 150022us
Storage: iterations=403 runtime: 153039us
Storage: iterations=404 runtime: 149882us
Storage: iterations=405 runtime: 149508us
Storage: iterations=406 runtime: 150051us
Storage: iterations=407 runtime: 150353us
Storage: iterations=408 runtime: 150214us
Storage: iterations=409 runtime: 149956us
Storage: iterations=410 runtime: 149657us
Storage: iterations=411 runtime: 149782us
Storage: iterations=412 runtime: 149452us
Storage: iterations=413 runtime: 149820us
Storage: iterations=414 runtime: 149752us
Storage: iterations=415 runtime: 150293us
Storage: iterations=416 runtime: 150237us
Could not locate BlockSlowdown.json
Skipping Loading (this might cause a fatal crash if GTSlowdown is on)
Storage: iterations=417 runtime: 150100us
Storage: iterations=418 runtime: 150524us
Storage: iterations=419 runtime: 150000us
Storage: iterations=420 runtime: 150727us
Storage: iterations=421 runtime: 149875us
Storage: iterations=422 runtime: 149846us
Storage: iterations=423 runtime: 149798us
Storage: iterations=424 runtime: 149711us
Storage: iterations=425 runtime: 149704us
Storage: iterations=426 runtime: 149444us
Storage: iterations=427 runtime: 150163us
Storage: iterations=428 runtime: 149872us
Storage: iterations=429 runtime: 149853us
Storage: iterations=430 runtime: 150178us
Storage: iterations=431 runtime: 149751us
Storage: iterations=432 runtime: 149557us
Storage: iterations=433 runtime: 149442us
Storage: iterations=434 runtime: 150073us
Storage: iterations=435 runtime: 150181us
Storage: iterations=436 runtime: 150313us
Storage: iterations=437 runtime: 150234us
Storage: iterations=438 runtime: 150799us
Storage: iterations=439 runtime: 150278us
Storage: iterations=440 runtime: 149641us
Storage: iterations=441 runtime: 150112us
Storage: iterations=442 runtime: 150254us
Storage: iterations=443 runtime: 150431us
Storage: iterations=444 runtime: 150340us
Storage: iterations=445 runtime: 150343us
Storage: iterations=446 runtime: 150512us
Storage: iterations=447 runtime: 149880us
Storage: iterations=448 runtime: 150202us
Storage: iterations=449 runtime: 150151us
Storage: iterations=450 runtime: 150040us
Storage: iterations=451 runtime: 150197us
Storage: iterations=452 runtime: 151627us
Storage: iterations=453 runtime: 150928us
Storage: iterations=454 runtime: 149105us
Storage: iterations=455 runtime: 149803us
Storage: iterations=456 runtime: 149536us
Storage: iterations=457 runtime: 149820us
Storage: iterations=458 runtime: 149795us
Storage: iterations=459 runtime: 149713us
Storage: iterations=460 runtime: 151387us
Storage: iterations=461 runtime: 149610us
Storage: iterations=462 runtime: 150061us
Storage: iterations=463 runtime: 150279us
Storage: iterations=464 runtime: 149975us
Storage: iterations=465 runtime: 150332us
Storage: iterations=466 runtime: 150117us
Storage: iterations=467 runtime: 150065us
Storage: iterations=468 runtime: 149568us
Storage: iterations=469 runtime: 149965us
Storage: iterations=470 runtime: 150144us
Storage: iterations=471 runtime: 150041us
Storage: iterations=472 runtime: 149902us
Storage: iterations=473 runtime: 149894us
Storage: iterations=474 runtime: 149973us
Storage: iterations=475 runtime: 149474us
Storage: iterations=476 runtime: 149979us
Storage: iterations=477 runtime: 149994us
Storage: iterations=478 runtime: 149762us
Storage: iterations=479 runtime: 150348us
Storage: iterations=480 runtime: 150104us
Storage: iterations=481 runtime: 149688us
Storage: iterations=482 runtime: 150018us
Storage: iterations=483 runtime: 150376us
Storage: iterations=484 runtime: 150594us
Storage: iterations=485 runtime: 151621us
Storage: iterations=486 runtime: 152942us
Storage: iterations=487 runtime: 155193us
Storage: iterations=488 runtime: 149977us
Storage: iterations=489 runtime: 150121us
Could not locate BlockSlowdown.json
Skipping Loading (this might cause a fatal crash if GTSlowdown is on)
Storage: iterations=490 runtime: 150263us
Storage: iterations=491 runtime: 150841us
Storage: iterations=492 runtime: 150216us
Storage: iterations=493 runtime: 150415us
Storage: iterations=494 runtime: 150094us
Storage: iterations=495 runtime: 149651us
Storage: iterations=496 runtime: 150105us
Storage: iterations=497 runtime: 150221us
Storage: iterations=498 runtime: 149881us
Storage: iterations=499 runtime: 149942us
Storage: iterations=500 runtime: 149940us
Could not locate BlockSlowdown.json
Skipping Loading (this might cause a fatal crash if GTSlowdown is on)
Storage: iterations=500 average: 150633us total: 75316857us


Total Runtime: 75316857us
Bubo.RDTSC.Harness.main Total RDTSC cycles: 249801417748
