Could not locate BlockSlowdown.json
Skipping Loading (this might cause a fatal crash if GTSlowdown is on)
Could not locate BlockSlowdown.json
Skipping Loading (this might cause a fatal crash if GTSlowdown is on)
Starting Storage benchmark ...
Storage: iterations=1 runtime: 369749us
Storage: iterations=2 runtime: 326747us
Storage: iterations=3 runtime: 330678us
Storage: iterations=4 runtime: 336238us
Storage: iterations=5 runtime: 331680us
Storage: iterations=6 runtime: 331683us
Storage: iterations=7 runtime: 330393us
Storage: iterations=8 runtime: 330521us
Storage: iterations=9 runtime: 330406us
Storage: iterations=10 runtime: 330636us
Storage: iterations=11 runtime: 330164us
Could not locate BlockSlowdown.json
Skipping Loading (this might cause a fatal crash if GTSlowdown is on)
Storage: iterations=12 runtime: 494046us
Storage: iterations=13 runtime: 250290us
Storage: iterations=14 runtime: 249792us
Storage: iterations=15 runtime: 251302us
Storage: iterations=16 runtime: 250090us
Storage: iterations=17 runtime: 249609us
Storage: iterations=18 runtime: 250276us
Storage: iterations=19 runtime: 249866us
Could not locate BlockSlowdown.json
Skipping Loading (this might cause a fatal crash if GTSlowdown is on)
Storage: iterations=20 runtime: 250587us
Storage: iterations=21 runtime: 249731us
Storage: iterations=22 runtime: 249218us
Storage: iterations=23 runtime: 251464us
Storage: iterations=24 runtime: 249616us
Storage: iterations=25 runtime: 249974us
Storage: iterations=26 runtime: 250169us
Storage: iterations=27 runtime: 250339us
Storage: iterations=28 runtime: 250593us
Storage: iterations=29 runtime: 250835us
Storage: iterations=30 runtime: 250520us
Storage: iterations=31 runtime: 250415us
Storage: iterations=32 runtime: 250120us
Storage: iterations=33 runtime: 250060us
Storage: iterations=34 runtime: 250162us
Storage: iterations=35 runtime: 250011us
Storage: iterations=36 runtime: 251223us
Storage: iterations=37 runtime: 250054us
Storage: iterations=38 runtime: 252127us
Storage: iterations=39 runtime: 250752us
Storage: iterations=40 runtime: 250526us
Storage: iterations=41 runtime: 250804us
Storage: iterations=42 runtime: 249909us
Storage: iterations=43 runtime: 249387us
Storage: iterations=44 runtime: 251843us
Storage: iterations=45 runtime: 249953us
Storage: iterations=46 runtime: 251126us
Storage: iterations=47 runtime: 249742us
Storage: iterations=48 runtime: 249999us
Storage: iterations=49 runtime: 249773us
Storage: iterations=50 runtime: 249957us
Storage: iterations=51 runtime: 249625us
Storage: iterations=52 runtime: 249780us
Storage: iterations=53 runtime: 249709us
Storage: iterations=54 runtime: 249691us
Storage: iterations=55 runtime: 254233us
Storage: iterations=56 runtime: 250904us
Storage: iterations=57 runtime: 251027us
Storage: iterations=58 runtime: 252449us
Storage: iterations=59 runtime: 250459us
Storage: iterations=60 runtime: 251036us
Storage: iterations=61 runtime: 250406us
Storage: iterations=62 runtime: 250254us
Storage: iterations=63 runtime: 250210us
Storage: iterations=64 runtime: 250084us
Storage: iterations=65 runtime: 250576us
Storage: iterations=66 runtime: 250733us
Storage: iterations=67 runtime: 250116us
Storage: iterations=68 runtime: 250051us
Storage: iterations=69 runtime: 250050us
Storage: iterations=70 runtime: 249763us
Storage: iterations=71 runtime: 250595us
Storage: iterations=72 runtime: 249715us
Storage: iterations=73 runtime: 249600us
Storage: iterations=74 runtime: 249691us
Storage: iterations=75 runtime: 249504us
Storage: iterations=76 runtime: 250672us
Storage: iterations=77 runtime: 250110us
Storage: iterations=78 runtime: 249781us
Storage: iterations=79 runtime: 251826us
Storage: iterations=80 runtime: 249700us
Storage: iterations=81 runtime: 249934us
Storage: iterations=82 runtime: 249910us
Storage: iterations=83 runtime: 249857us
Storage: iterations=84 runtime: 249547us
Storage: iterations=85 runtime: 250791us
Storage: iterations=86 runtime: 250981us
Storage: iterations=87 runtime: 249825us
Storage: iterations=88 runtime: 249561us
Storage: iterations=89 runtime: 249377us
Storage: iterations=90 runtime: 249651us
Could not locate BlockSlowdown.json
Skipping Loading (this might cause a fatal crash if GTSlowdown is on)
Storage: iterations=91 runtime: 249290us
Storage: iterations=92 runtime: 249817us
Storage: iterations=93 runtime: 251276us
Storage: iterations=94 runtime: 249429us
Storage: iterations=95 runtime: 249954us
Storage: iterations=96 runtime: 249280us
Storage: iterations=97 runtime: 249398us
Storage: iterations=98 runtime: 250928us
Storage: iterations=99 runtime: 249380us
Storage: iterations=100 runtime: 252267us
Storage: iterations=101 runtime: 249692us
Storage: iterations=102 runtime: 249425us
Storage: iterations=103 runtime: 249018us
Storage: iterations=104 runtime: 249747us
Storage: iterations=105 runtime: 250320us
Storage: iterations=106 runtime: 249793us
Storage: iterations=107 runtime: 249277us
Storage: iterations=108 runtime: 249250us
Storage: iterations=109 runtime: 249301us
Storage: iterations=110 runtime: 250626us
Storage: iterations=111 runtime: 249316us
Storage: iterations=112 runtime: 249104us
Storage: iterations=113 runtime: 249765us
Storage: iterations=114 runtime: 249346us
Storage: iterations=115 runtime: 249283us
Storage: iterations=116 runtime: 250466us
Storage: iterations=117 runtime: 249174us
Storage: iterations=118 runtime: 249310us
Storage: iterations=119 runtime: 249593us
Storage: iterations=120 runtime: 249509us
Storage: iterations=121 runtime: 249637us
Storage: iterations=122 runtime: 250154us
Storage: iterations=123 runtime: 250546us
Storage: iterations=124 runtime: 252171us
Storage: iterations=125 runtime: 250319us
Storage: iterations=126 runtime: 250480us
Could not locate BlockSlowdown.json
Skipping Loading (this might cause a fatal crash if GTSlowdown is on)
Storage: iterations=127 runtime: 250320us
Storage: iterations=128 runtime: 250861us
Storage: iterations=129 runtime: 249897us
Storage: iterations=130 runtime: 251035us
Storage: iterations=131 runtime: 250407us
Storage: iterations=132 runtime: 251001us
Storage: iterations=133 runtime: 250199us
Storage: iterations=134 runtime: 251194us
Storage: iterations=135 runtime: 250173us
Storage: iterations=136 runtime: 250251us
Storage: iterations=137 runtime: 250026us
Storage: iterations=138 runtime: 249585us
Storage: iterations=139 runtime: 249983us
Storage: iterations=140 runtime: 249581us
Storage: iterations=141 runtime: 250826us
Storage: iterations=142 runtime: 249677us
Storage: iterations=143 runtime: 251433us
Storage: iterations=144 runtime: 249991us
Storage: iterations=145 runtime: 251120us
Storage: iterations=146 runtime: 252295us
Storage: iterations=147 runtime: 253678us
Storage: iterations=148 runtime: 250256us
Storage: iterations=149 runtime: 250324us
Storage: iterations=150 runtime: 250070us
Storage: iterations=151 runtime: 251103us
Storage: iterations=152 runtime: 251090us
Storage: iterations=153 runtime: 250117us
Storage: iterations=154 runtime: 250952us
Storage: iterations=155 runtime: 250255us
Storage: iterations=156 runtime: 250269us
Storage: iterations=157 runtime: 250483us
Storage: iterations=158 runtime: 250211us
Storage: iterations=159 runtime: 251328us
Storage: iterations=160 runtime: 250346us
Storage: iterations=161 runtime: 250256us
Storage: iterations=162 runtime: 250151us
Storage: iterations=163 runtime: 249972us
Storage: iterations=164 runtime: 250373us
Storage: iterations=165 runtime: 250758us
Storage: iterations=166 runtime: 251267us
Storage: iterations=167 runtime: 249856us
Storage: iterations=168 runtime: 250477us
Storage: iterations=169 runtime: 250607us
Storage: iterations=170 runtime: 249986us
Storage: iterations=171 runtime: 250079us
Storage: iterations=172 runtime: 250087us
Storage: iterations=173 runtime: 250119us
Storage: iterations=174 runtime: 250155us
Storage: iterations=175 runtime: 249729us
Storage: iterations=176 runtime: 249816us
Storage: iterations=177 runtime: 249926us
Storage: iterations=178 runtime: 250092us
Storage: iterations=179 runtime: 250358us
Storage: iterations=180 runtime: 250193us
Storage: iterations=181 runtime: 249546us
Storage: iterations=182 runtime: 249598us
Storage: iterations=183 runtime: 249653us
Storage: iterations=184 runtime: 249530us
Storage: iterations=185 runtime: 249607us
Storage: iterations=186 runtime: 249646us
Storage: iterations=187 runtime: 249266us
Storage: iterations=188 runtime: 250088us
Storage: iterations=189 runtime: 249585us
Storage: iterations=190 runtime: 251628us
Storage: iterations=191 runtime: 250771us
Storage: iterations=192 runtime: 249713us
Storage: iterations=193 runtime: 251678us
Storage: iterations=194 runtime: 249788us
Storage: iterations=195 runtime: 250301us
Storage: iterations=196 runtime: 249340us
Storage: iterations=197 runtime: 250663us
Storage: iterations=198 runtime: 250073us
Storage: iterations=199 runtime: 249715us
Storage: iterations=200 runtime: 250678us
Storage: iterations=201 runtime: 250029us
Storage: iterations=202 runtime: 249756us
Storage: iterations=203 runtime: 249210us
Storage: iterations=204 runtime: 249310us
Storage: iterations=205 runtime: 249783us
Storage: iterations=206 runtime: 250078us
Storage: iterations=207 runtime: 250045us
Storage: iterations=208 runtime: 249378us
Storage: iterations=209 runtime: 249603us
Storage: iterations=210 runtime: 249599us
Storage: iterations=211 runtime: 249175us
Storage: iterations=212 runtime: 249429us
Storage: iterations=213 runtime: 249344us
Storage: iterations=214 runtime: 249327us
Storage: iterations=215 runtime: 249169us
Storage: iterations=216 runtime: 249876us
Storage: iterations=217 runtime: 249760us
Storage: iterations=218 runtime: 249850us
Storage: iterations=219 runtime: 250135us
Storage: iterations=220 runtime: 250047us
Storage: iterations=221 runtime: 249952us
Storage: iterations=222 runtime: 249536us
Storage: iterations=223 runtime: 250126us
Storage: iterations=224 runtime: 250170us
Storage: iterations=225 runtime: 250654us
Storage: iterations=226 runtime: 249680us
Storage: iterations=227 runtime: 249555us
Storage: iterations=228 runtime: 250930us
Storage: iterations=229 runtime: 249642us
Storage: iterations=230 runtime: 249377us
Storage: iterations=231 runtime: 249837us
Storage: iterations=232 runtime: 250078us
Storage: iterations=233 runtime: 250304us
Storage: iterations=234 runtime: 249506us
Storage: iterations=235 runtime: 249923us
Storage: iterations=236 runtime: 249584us
Storage: iterations=237 runtime: 249385us
Storage: iterations=238 runtime: 249587us
Storage: iterations=239 runtime: 252168us
Storage: iterations=240 runtime: 249756us
Storage: iterations=241 runtime: 249548us
Storage: iterations=242 runtime: 250073us
Storage: iterations=243 runtime: 249745us
Storage: iterations=244 runtime: 251722us
Storage: iterations=245 runtime: 250000us
Storage: iterations=246 runtime: 249774us
Storage: iterations=247 runtime: 249749us
Storage: iterations=248 runtime: 249555us
Storage: iterations=249 runtime: 249874us
Storage: iterations=250 runtime: 249697us
Storage: iterations=251 runtime: 250421us
Storage: iterations=252 runtime: 250351us
Storage: iterations=253 runtime: 252793us
Storage: iterations=254 runtime: 249575us
Storage: iterations=255 runtime: 249722us
Storage: iterations=256 runtime: 249668us
Storage: iterations=257 runtime: 249622us
Storage: iterations=258 runtime: 250231us
Storage: iterations=259 runtime: 249518us
Storage: iterations=260 runtime: 249576us
Storage: iterations=261 runtime: 251485us
Storage: iterations=262 runtime: 250198us
Storage: iterations=263 runtime: 249906us
Storage: iterations=264 runtime: 250467us
Storage: iterations=265 runtime: 249917us
Storage: iterations=266 runtime: 249586us
Storage: iterations=267 runtime: 249289us
Storage: iterations=268 runtime: 249052us
Storage: iterations=269 runtime: 249823us
Storage: iterations=270 runtime: 249761us
Storage: iterations=271 runtime: 250193us
Storage: iterations=272 runtime: 250271us
Storage: iterations=273 runtime: 250078us
Storage: iterations=274 runtime: 249769us
Storage: iterations=275 runtime: 251859us
Storage: iterations=276 runtime: 251142us
Storage: iterations=277 runtime: 250090us
Storage: iterations=278 runtime: 252899us
Storage: iterations=279 runtime: 250035us
Storage: iterations=280 runtime: 249612us
Storage: iterations=281 runtime: 250742us
Storage: iterations=282 runtime: 249626us
Storage: iterations=283 runtime: 249997us
Storage: iterations=284 runtime: 251335us
Storage: iterations=285 runtime: 250580us
Storage: iterations=286 runtime: 259140us
Storage: iterations=287 runtime: 250561us
Storage: iterations=288 runtime: 250430us
Storage: iterations=289 runtime: 250358us
Storage: iterations=290 runtime: 250592us
Storage: iterations=291 runtime: 251280us
Storage: iterations=292 runtime: 250546us
Storage: iterations=293 runtime: 250457us
Storage: iterations=294 runtime: 254682us
Storage: iterations=295 runtime: 280232us
Storage: iterations=296 runtime: 250235us
Storage: iterations=297 runtime: 250381us
Storage: iterations=298 runtime: 250140us
Storage: iterations=299 runtime: 252644us
Storage: iterations=300 runtime: 251285us
Storage: iterations=301 runtime: 250423us
Storage: iterations=302 runtime: 250351us
Storage: iterations=303 runtime: 254276us
Storage: iterations=304 runtime: 250048us
Storage: iterations=305 runtime: 251083us
Storage: iterations=306 runtime: 252241us
Storage: iterations=307 runtime: 250077us
Storage: iterations=308 runtime: 249919us
Storage: iterations=309 runtime: 251271us
Storage: iterations=310 runtime: 249880us
Storage: iterations=311 runtime: 250215us
Storage: iterations=312 runtime: 252007us
Storage: iterations=313 runtime: 250165us
Storage: iterations=314 runtime: 250168us
Storage: iterations=315 runtime: 250082us
Storage: iterations=316 runtime: 249810us
Storage: iterations=317 runtime: 249841us
Storage: iterations=318 runtime: 250616us
Storage: iterations=319 runtime: 250837us
Storage: iterations=320 runtime: 250294us
Storage: iterations=321 runtime: 249944us
Storage: iterations=322 runtime: 253260us
Storage: iterations=323 runtime: 250947us
Storage: iterations=324 runtime: 249598us
Storage: iterations=325 runtime: 251061us
Storage: iterations=326 runtime: 250019us
Storage: iterations=327 runtime: 249856us
Storage: iterations=328 runtime: 250565us
Storage: iterations=329 runtime: 250507us
Storage: iterations=330 runtime: 249916us
Storage: iterations=331 runtime: 251107us
Storage: iterations=332 runtime: 249828us
Storage: iterations=333 runtime: 250375us
Storage: iterations=334 runtime: 251965us
Storage: iterations=335 runtime: 250495us
Storage: iterations=336 runtime: 250165us
Storage: iterations=337 runtime: 250311us
Storage: iterations=338 runtime: 249966us
Storage: iterations=339 runtime: 249897us
Storage: iterations=340 runtime: 251068us
Storage: iterations=341 runtime: 250128us
Storage: iterations=342 runtime: 249775us
Storage: iterations=343 runtime: 249555us
Storage: iterations=344 runtime: 250144us
Storage: iterations=345 runtime: 250555us
Storage: iterations=346 runtime: 251308us
Storage: iterations=347 runtime: 253847us
Storage: iterations=348 runtime: 250087us
Storage: iterations=349 runtime: 249847us
Storage: iterations=350 runtime: 249619us
Storage: iterations=351 runtime: 249492us
Storage: iterations=352 runtime: 249652us
Storage: iterations=353 runtime: 249816us
Storage: iterations=354 runtime: 250025us
Storage: iterations=355 runtime: 249694us
Storage: iterations=356 runtime: 249984us
Storage: iterations=357 runtime: 249917us
Storage: iterations=358 runtime: 249897us
Storage: iterations=359 runtime: 249657us
Storage: iterations=360 runtime: 249884us
Storage: iterations=361 runtime: 250123us
Storage: iterations=362 runtime: 249968us
Storage: iterations=363 runtime: 251098us
Storage: iterations=364 runtime: 249860us
Storage: iterations=365 runtime: 251265us
Storage: iterations=366 runtime: 250484us
Storage: iterations=367 runtime: 249416us
Storage: iterations=368 runtime: 249258us
Storage: iterations=369 runtime: 249647us
Storage: iterations=370 runtime: 249470us
Storage: iterations=371 runtime: 249503us
Storage: iterations=372 runtime: 249152us
Storage: iterations=373 runtime: 249677us
Storage: iterations=374 runtime: 249455us
Storage: iterations=375 runtime: 250152us
Storage: iterations=376 runtime: 249587us
Storage: iterations=377 runtime: 249645us
Storage: iterations=378 runtime: 249502us
Storage: iterations=379 runtime: 249968us
Storage: iterations=380 runtime: 249716us
Storage: iterations=381 runtime: 249367us
Storage: iterations=382 runtime: 250121us
Storage: iterations=383 runtime: 249229us
Storage: iterations=384 runtime: 250056us
Storage: iterations=385 runtime: 249797us
Storage: iterations=386 runtime: 252961us
Storage: iterations=387 runtime: 251040us
Storage: iterations=388 runtime: 249954us
Storage: iterations=389 runtime: 250493us
Storage: iterations=390 runtime: 249913us
Storage: iterations=391 runtime: 250026us
Storage: iterations=392 runtime: 249584us
Storage: iterations=393 runtime: 250413us
Storage: iterations=394 runtime: 249770us
Storage: iterations=395 runtime: 249618us
Storage: iterations=396 runtime: 249848us
Storage: iterations=397 runtime: 251828us
Storage: iterations=398 runtime: 251203us
Storage: iterations=399 runtime: 249527us
Storage: iterations=400 runtime: 249689us
Storage: iterations=401 runtime: 249516us
Storage: iterations=402 runtime: 249304us
Storage: iterations=403 runtime: 250058us
Storage: iterations=404 runtime: 250185us
Storage: iterations=405 runtime: 250188us
Storage: iterations=406 runtime: 249460us
Storage: iterations=407 runtime: 249986us
Storage: iterations=408 runtime: 249786us
Storage: iterations=409 runtime: 250284us
Storage: iterations=410 runtime: 250272us
Storage: iterations=411 runtime: 249838us
Storage: iterations=412 runtime: 250928us
Storage: iterations=413 runtime: 249845us
Storage: iterations=414 runtime: 249933us
Storage: iterations=415 runtime: 249558us
Storage: iterations=416 runtime: 249336us
Could not locate BlockSlowdown.json
Skipping Loading (this might cause a fatal crash if GTSlowdown is on)
Storage: iterations=417 runtime: 249479us
Storage: iterations=418 runtime: 249912us
Storage: iterations=419 runtime: 249287us
Storage: iterations=420 runtime: 249107us
Storage: iterations=421 runtime: 250206us
Storage: iterations=422 runtime: 249711us
Storage: iterations=423 runtime: 249413us
Storage: iterations=424 runtime: 249196us
Storage: iterations=425 runtime: 250235us
Storage: iterations=426 runtime: 250426us
Storage: iterations=427 runtime: 250037us
Storage: iterations=428 runtime: 249873us
Storage: iterations=429 runtime: 250181us
Storage: iterations=430 runtime: 250145us
Storage: iterations=431 runtime: 250108us
Storage: iterations=432 runtime: 249122us
Storage: iterations=433 runtime: 249731us
Storage: iterations=434 runtime: 250231us
Storage: iterations=435 runtime: 251383us
Storage: iterations=436 runtime: 250516us
Storage: iterations=437 runtime: 250408us
Storage: iterations=438 runtime: 251061us
Storage: iterations=439 runtime: 250542us
Storage: iterations=440 runtime: 250655us
Storage: iterations=441 runtime: 250873us
Storage: iterations=442 runtime: 250679us
Storage: iterations=443 runtime: 249811us
Storage: iterations=444 runtime: 250314us
Storage: iterations=445 runtime: 250554us
Storage: iterations=446 runtime: 249731us
Storage: iterations=447 runtime: 249564us
Storage: iterations=448 runtime: 250061us
Storage: iterations=449 runtime: 249774us
Storage: iterations=450 runtime: 250264us
Storage: iterations=451 runtime: 249190us
Storage: iterations=452 runtime: 249362us
Storage: iterations=453 runtime: 249120us
Storage: iterations=454 runtime: 249375us
Storage: iterations=455 runtime: 249910us
Storage: iterations=456 runtime: 249745us
Storage: iterations=457 runtime: 249286us
Storage: iterations=458 runtime: 250569us
Storage: iterations=459 runtime: 250695us
Storage: iterations=460 runtime: 250427us
Storage: iterations=461 runtime: 249420us
Storage: iterations=462 runtime: 251286us
Storage: iterations=463 runtime: 251894us
Storage: iterations=464 runtime: 249833us
Storage: iterations=465 runtime: 250495us
Storage: iterations=466 runtime: 250081us
Storage: iterations=467 runtime: 249639us
Storage: iterations=468 runtime: 249826us
Storage: iterations=469 runtime: 249555us
Storage: iterations=470 runtime: 249319us
Storage: iterations=471 runtime: 251275us
Storage: iterations=472 runtime: 251384us
Storage: iterations=473 runtime: 249706us
Storage: iterations=474 runtime: 250007us
Storage: iterations=475 runtime: 250611us
Storage: iterations=476 runtime: 250291us
Storage: iterations=477 runtime: 250925us
Storage: iterations=478 runtime: 253153us
Storage: iterations=479 runtime: 250231us
Storage: iterations=480 runtime: 250052us
Storage: iterations=481 runtime: 250233us
Storage: iterations=482 runtime: 250274us
Storage: iterations=483 runtime: 250306us
Storage: iterations=484 runtime: 251178us
Storage: iterations=485 runtime: 250356us
Storage: iterations=486 runtime: 250643us
Storage: iterations=487 runtime: 250138us
Storage: iterations=488 runtime: 250064us
Storage: iterations=489 runtime: 249814us
Could not locate BlockSlowdown.json
Skipping Loading (this might cause a fatal crash if GTSlowdown is on)
Storage: iterations=490 runtime: 251123us
Storage: iterations=491 runtime: 250106us
Storage: iterations=492 runtime: 249862us
Storage: iterations=493 runtime: 250234us
Storage: iterations=494 runtime: 250127us
Storage: iterations=495 runtime: 250678us
Storage: iterations=496 runtime: 250861us
Storage: iterations=497 runtime: 250077us
Storage: iterations=498 runtime: 249603us
Storage: iterations=499 runtime: 249779us
Storage: iterations=500 runtime: 249954us
Could not locate BlockSlowdown.json
Skipping Loading (this might cause a fatal crash if GTSlowdown is on)
Storage: iterations=500 average: 252628us total: 126314442us


Total Runtime: 126314442us
Bubo.RDTSC.Harness.main Total RDTSC cycles: 418725902812
Comp 52 (java.util.ImmutableCollections$SetN$SetNIterator.next()) loops:
Found Encoding : 0:-1
└── Loop 0
  loop 0 Cycles: 238640 || Activation Count:4243| LoopCallCount: 0 |  Source: -at java.util.ImmutableCollections$SetN$SetNIterator.next(ImmutableCollections.java:1213) [bci: 21] | -at java.util.ImmutableCollections$SetN$SetNIterator.next(ImmutableCollections.java:1223) [bci: 65]
Comp 57 (java.util.HashMap.putVal(int,) loops:
Found Encoding : 0:-1
└── Loop 0
  loop 0 Cycles: 6956 || Activation Count:168| LoopCallCount: 0 |  Source: -at java.util.HashMap.putVal(HashMap.java:648) [bci: 134] | -at java.util.HashMap.putVal(HashMap.java:649) [bci: 145]
Comp 58 (java.lang.String.equals(Object)) loops:
Found Encoding : 0:-1
└── Loop 0
  loop 0 Cycles: 3280 || Activation Count:48| LoopCallCount: 0 |  Source: -at java.lang.StringLatin1.equals(StringLatin1.java:100) [bci: 9]
-at java.lang.String.equals(String.java:1926) [bci: 44] | -at java.lang.StringLatin1.equals(StringLatin1.java:105) [bci: 32]
-at java.lang.String.equals(String.java:1926) [bci: 44]
Comp 69 (java.util.HashMap.resize()) loops:
Found Encoding : 2:-1,0:-1,1:0
├── Loop 2
└── Loop 0
    └── Loop 1
  loop 0 Cycles: 23118 || Activation Count:10| LoopCallCount: 0 |  Source: -at java.util.HashMap.resize(HashMap.java:714) [bci: 151] | -at java.util.HashMap.resize(HashMap.java:755) [bci: 353]
  loop 1 Cycles: 6458 || Activation Count:61| LoopCallCount: 0 |  Source: -at java.util.HashMap.resize(HashMap.java:727) [bci: 235] | -at java.util.HashMap.resize(HashMap.java:743) [bci: 309]
  loop 2 Cycles: 13992 || Activation Count:245| LoopCallCount: 0 |  Source: -at jdk.graal.compiler.hotspot.replacements.HotSpotAllocationSnippets.allocateArray(KlassPointer, int, int, int, AllocationSnippets$FillContent, int, boolean, boolean, boolean, boolean, HotSpotAllocationSnippets$HotSpotAllocationProfilingData, boolea
Comp 84 (jdk.internal.util.ArraysSupport.unsignedHashCode(int,) loops:
Found Encoding : 0:-1,1:-1,2:-1
├── Loop 0
├── Loop 1
└── Loop 2
  loop 0 Cycles: 390 || Activation Count:1| LoopCallCount: 0 |  Source: -at jdk.internal.util.ArraysSupport.unsignedHashCode(ArraysSupport.java:378) [bci: 8] | -at jdk.internal.util.ArraysSupport.unsignedHashCode(ArraysSupport.java:381) [bci: 34]
  loop 1 Cycles: 288 || Activation Count:1| LoopCallCount: 0 |  Source: Source Missing | -at jdk.internal.util.ArraysSupport.unsignedHashCode(ArraysSupport.java:381) [bci: 34]
  loop 2 Cycles: 98 || Activation Count:1| LoopCallCount: 0 |  Source: Source Missing | -at jdk.internal.util.ArraysSupport.unsignedHashCode(ArraysSupport.java:381) [bci: 34]
Comp 85 (jdk.internal.util.ArraysSupport.unsignedHashCode(int,-Re-Comp) loops:
Found Encoding : 0:-1,1:-1,2:-1
├── Loop 0
├── Loop 1
└── Loop 2
  loop 0 Cycles: 81114 || Activation Count:1730| LoopCallCount: 0 |  Source: -at jdk.internal.util.ArraysSupport.unsignedHashCode(ArraysSupport.java:378) [bci: 8] | -at jdk.internal.util.ArraysSupport.unsignedHashCode(ArraysSupport.java:381) [bci: 34]
  loop 1 Cycles: 114332 || Activation Count:1730| LoopCallCount: 0 |  Source: Source Missing | -at jdk.internal.util.ArraysSupport.unsignedHashCode(ArraysSupport.java:381) [bci: 34]
  loop 2 Cycles: 100154 || Activation Count:1730| LoopCallCount: 0 |  Source: Source Missing | -at jdk.internal.util.ArraysSupport.unsignedHashCode(ArraysSupport.java:381) [bci: 34]
Comp 87 (java.lang.StringCoding.countPositives(byte[],) loops:
Found Encoding : 0:-1
└── Loop 0
  loop 0 Cycles: 426 || Activation Count:1| LoopCallCount: 0 |  Source: -at java.lang.StringCoding.countPositives(StringCoding.java:92) [bci: 7] | -at java.lang.StringCoding.countPositives(StringCoding.java:97) [bci: 31]
Comp 88 (java.lang.StringCoding.countPositives(byte[],-Re-Comp) loops:
Found Encoding : 0:-1
└── Loop 0
  loop 0 Cycles: 11338 || Activation Count:75| LoopCallCount: 0 |  Source: -at java.lang.StringCoding.countPositives(StringCoding.java:92) [bci: 7] | -at java.lang.StringCoding.countPositives(StringCoding.java:97) [bci: 31]
Comp 138 (java.lang.StringLatin1.equals(byte[],) loops:
Found Encoding : 0:-1
└── Loop 0
  loop 0 Cycles: 19148 || Activation Count:125| LoopCallCount: 0 |  Source: -at java.lang.StringLatin1.equals(StringLatin1.java:100) [bci: 9] | -at java.lang.StringLatin1.equals(StringLatin1.java:105) [bci: 32]
Comp 140 (java.util.Properties$LineReader.readLine()) loops:
Found Encoding : 5:-1,3:-1,4:3,0:-1,1:0,2:1
├── Loop 5
├── Loop 3
│   └── Loop 4
└── Loop 0
    └── Loop 1
        └── Loop 2
  loop 1 Cycles: 257548 || Activation Count:90| LoopCallCount: 1 |  Source: -at java.util.Properties$LineReader.readLine(Properties.java:538) [bci: 219] | -at java.util.Properties$LineReader.readLine(Properties.java:543) [bci: 259]
  loop 2 Cycles: 12392 || Activation Count:91| LoopCallCount: 0 |  Source: -at java.util.Properties$LineReader.readLine(Properties.java:540) [bci: 224] | -at java.util.Properties$LineReader.readLine(Properties.java:543) [bci: 259]
  loop 5 Cycles: 748 || Activation Count:1| LoopCallCount: 0 |  Source: -at java.util.Properties$LineReader.readLine(Properties.java:540) [bci: 224] | -at java.util.Properties$LineReader.readLine(Properties.java:543) [bci: 259]
Comp 141 (java.util.Properties$LineReader.readLine()-Re-Comp) loops:
Found Encoding : 0:-1,1:0,2:1
└── Loop 0
    └── Loop 1
        └── Loop 2
  loop 1 Cycles: 3418 || Activation Count:14| LoopCallCount: 1 |  Source: -at java.util.Properties$LineReader.readLine(Properties.java:538) [bci: 219] | -at java.util.Properties$LineReader.readLine(Properties.java:543) [bci: 259]
  loop 2 Cycles: 1814 || Activation Count:14| LoopCallCount: 0 |  Source: -at java.util.Properties$LineReader.readLine(Properties.java:540) [bci: 224] | -at java.util.Properties$LineReader.readLine(Properties.java:545) [bci: 262]
Comp 142 (java.util.Properties$LineReader.readLine()-Re-Comp) loops:
Found Encoding : 5:-1,3:-1,4:3,0:-1,1:0,2:1
├── Loop 5
├── Loop 3
│   └── Loop 4
└── Loop 0
    └── Loop 1
        └── Loop 2
  loop 0 Cycles: 38056 || Activation Count:1| LoopCallCount: 2 |  Source: -at java.util.Properties$LineReader.readLine(Properties.java:504) [bci: 53] | -at java.util.Properties$LineReader.readLine(Properties.java:615) [bci: 577]
  loop 1 Cycles: 27320 || Activation Count:131| LoopCallCount: 1 |  Source: -at java.util.Properties$LineReader.readLine(Properties.java:538) [bci: 219] | -at java.util.Properties$LineReader.readLine(Properties.java:543) [bci: 259]
  loop 2 Cycles: 15228 || Activation Count:131| LoopCallCount: 0 |  Source: -at java.util.Properties$LineReader.readLine(Properties.java:540) [bci: 224] | -at java.util.Properties$LineReader.readLine(Properties.java:543) [bci: 259]
  loop 5 Cycles: 690 || Activation Count:1| LoopCallCount: 0 |  Source: -at java.util.Properties$LineReader.readLine(Properties.java:540) [bci: 224] | -at java.util.Properties$LineReader.readLine(Properties.java:543) [bci: 259]
Comp 143 (java.util.Properties$LineReader.readLine()-Re-Comp) loops:
Found Encoding : 0:-1,1:0,2:1
└── Loop 0
    └── Loop 1
        └── Loop 2
  loop 0 Cycles: 334040 || Activation Count:6| LoopCallCount: 2 |  Source: -at java.util.Properties$LineReader.readLine(Properties.java:504) [bci: 53] | -at java.util.Properties$LineReader.readLine(Properties.java:615) [bci: 577]
  loop 1 Cycles: 393882 || Activation Count:374| LoopCallCount: 1 |  Source: -at java.util.Properties$LineReader.readLine(Properties.java:538) [bci: 219] | -at java.util.Properties$LineReader.readLine(Properties.java:543) [bci: 259]
  loop 2 Cycles: 47590 || Activation Count:377| LoopCallCount: 0 |  Source: -at java.util.Properties$LineReader.readLine(Properties.java:540) [bci: 224] | -at java.util.Properties$LineReader.readLine(Properties.java:545) [bci: 262]
Comp 177 (Storage.buildTreeDepth(int,) loops:
Found Encoding : 0:-1,1:-1,2:-1,3:-1,4:-1
├── Loop 0
├── Loop 1
├── Loop 2
├── Loop 3
└── Loop 4
  loop 0 Cycles: 4254734454 || Activation Count:83874736| LoopCallCount: 0 |  Source: -at jdk.graal.compiler.hotspot.replacements.HotSpotAllocationSnippets.allocateArray(KlassPointer, int, int, int, AllocationSnippets$FillContent, int, boolean, boolean, boolean, boolean, HotSpotAllocationSnippets$HotSpotAllocationProfilingData, boole
  loop 1 Cycles: 33943275142 || Activation Count:900599486| LoopCallCount: 0 |  Source: -at jdk.graal.compiler.hotspot.replacements.HotSpotAllocationSnippets.allocateArray(KlassPointer, int, int, int, AllocationSnippets$FillContent, int, boolean, boolean, boolean, boolean, HotSpotAllocationSnippets$HotSpotAllocationProfilingData, boole
  loop 2 Cycles: 28633717024 || Activation Count:900594999| LoopCallCount: 0 |  Source: -at jdk.graal.compiler.hotspot.replacements.HotSpotAllocationSnippets.allocateArray(KlassPointer, int, int, int, AllocationSnippets$FillContent, int, boolean, boolean, boolean, boolean, HotSpotAllocationSnippets$HotSpotAllocationProfilingData, boole
  loop 3 Cycles: 35446398926 || Activation Count:900596851| LoopCallCount: 0 |  Source: -at jdk.graal.compiler.hotspot.replacements.HotSpotAllocationSnippets.allocateArray(KlassPointer, int, int, int, AllocationSnippets$FillContent, int, boolean, boolean, boolean, boolean, HotSpotAllocationSnippets$HotSpotAllocationProfilingData, boole
  loop 4 Cycles: 29137757324 || Activation Count:900593771| LoopCallCount: 0 |  Source: -at jdk.graal.compiler.hotspot.replacements.HotSpotAllocationSnippets.allocateArray(KlassPointer, int, int, int, AllocationSnippets$FillContent, int, boolean, boolean, boolean, boolean, HotSpotAllocationSnippets$HotSpotAllocationProfilingData, boole
Comp 180 (som.Arrays.setAll(Object[],) loops:
Found Encoding : 0:-1
└── Loop 0
  loop 0 Cycles: 620611151738 || Activation Count:261590507| LoopCallCount: 2 |  Source: -at som.Arrays.setAll(Object[], IntFunction) [bci: 7] | -at som.Arrays.setAll(Object[], IntFunction) [bci: 29]
Comp 197 (Benchmark.innerBenchmarkLoop(int)) loops:
Found Encoding : 0:-1
└── Loop 0
  loop 0 Cycles: 516237330 || Activation Count:1| LoopCallCount: 49 |  Source: -at Benchmark.innerBenchmarkLoop(int) [bci: 2] | -at Benchmark.innerBenchmarkLoop(int) [bci: 26]
Comp 198 (Benchmark.innerBenchmarkLoop(int)-Re-Comp) loops:
Found Encoding : 0:-1
└── Loop 0
  loop 0 Cycles: 404302295340 || Activation Count:488| LoopCallCount: 49 |  Source: -at Benchmark.innerBenchmarkLoop(int) [bci: 2] | -at Benchmark.innerBenchmarkLoop(int) [bci: 26]
Comp 205 (java.lang.StringLatin1.inflate(byte[],) loops:
Found Encoding : 0:-1,1:-1,2:-1
├── Loop 0
├── Loop 1
└── Loop 2
  loop 0 Cycles: 49214 || Activation Count:174| LoopCallCount: 0 |  Source: -at java.lang.StringLatin1.inflate(StringLatin1.java:767) [bci: 3] | -at java.lang.StringLatin1.inflate(StringLatin1.java:770) [bci: 33]
  loop 1 Cycles: 13080 || Activation Count:174| LoopCallCount: 0 |  Source: Source Missing | -at java.lang.StringLatin1.inflate(StringLatin1.java:770) [bci: 33]
  loop 2 Cycles: 10562 || Activation Count:174| LoopCallCount: 0 |  Source: Source Missing | -at java.lang.StringLatin1.inflate(StringLatin1.java:770) [bci: 33]
Comp 206 (java.lang.StringCoding.implEncodeAsciiArray(char[],) loops:
Found Encoding : 0:-1
└── Loop 0
  loop 0 Cycles: 556 || Activation Count:1| LoopCallCount: 0 |  Source: -at java.lang.StringCoding.implEncodeAsciiArray(StringCoding.java:118) [bci: 3] | -at java.lang.StringCoding.implEncodeAsciiArray(StringCoding.java:124) [bci: 44]
Comp 207 (java.lang.StringCoding.implEncodeAsciiArray(char[],-Re-Comp) loops:
Found Encoding : 0:-1
└── Loop 0
  loop 0 Cycles: 4508 || Activation Count:14| LoopCallCount: 0 |  Source: -at java.lang.StringCoding.implEncodeAsciiArray(StringCoding.java:118) [bci: 3] | -at java.lang.StringCoding.implEncodeAsciiArray(StringCoding.java:124) [bci: 44]
