Could not locate BlockSlowdown.json
Skipping Loading (this might cause a fatal crash if GTSlowdown is on)
[Use -Djdk.graal.LogFile=<path> to redirect Graal log output to a file.]
java.util.ImmutableCollections$SetN$SetNIterator.next()java.lang.Object -1 graphSignature differs cc325e064e7585e0e6736addc07d3b5b1a1e9ec52f960e7777496af159b5096f != 920e12a7ee41cc3a0a3487d03bd48833bfc4e8d416bdbae7234f8ba199084b4d
java.util.HashMap.putVal(int, java.lang.Object, java.lang.Object, boolean, boolean)java.lang.Object -1 graphSignature differs ee09f2c8e8aef299f145f669ac6d290ab921c200bee62674b2ab14a5f207c19a != 5a74e12f320f5360d51b0bb3946f087ce2dce5afa144b15d312a3acc1621c4cf
java.lang.String.equals(java.lang.Object)boolean -1 graphSignature differs 240f841b413bb8bd2af4877cb3753eac11d3bdc482d702e067df992e72784ebb != 2d841e5f6ff33687ba2a8e89c73735b82c892266d476f740b43f9fc2b4d21873
java.util.HashMap.resize()java.util.HashMap$Node[] -1 graphSignature differs 8621339e67ed630b148c0b60d4ece2a8f5e4dc640c7e625f721a8babedbc3813 != 907f32e8439d3100299993dcad76560e08b0f705baa3a6e36f739c5640084aa9
Could not locate BlockSlowdown.json
Skipping Loading (this might cause a fatal crash if GTSlowdown is on)
java.lang.StringLatin1.equals(byte[], byte[])boolean -1 graphSignature differs f47d0b1647dabd6f0108a1c873e12c6a64939992dcc9e97f79a9e6e1f1af8649 != cda1bda6b067c21da86f5c9b00220a168b94ff95811df6ee0a57435eb4ec0473
Starting Bounce benchmark ...
Requesting not cached profile for Bounce$$Lambda/0x0000000099047000.<init>(som.Random)void
Requesting uncached profile for bci 1 in Bounce$$Lambda/0x0000000099047000.<init>(som.Random)void method getBytecodeProfile
Requesting uncached profile for bci 1 in Bounce$$Lambda/0x0000000099047000.<init>(som.Random)void method getExceptionSeen
Requesting not cached profile for Bounce$$Lambda/0x0000000099047000.apply(int)java.lang.Object
Bounce.benchmark()java.lang.Object -1 graphSignature differs e81acc8abb9a9fa80b5d18948063ae16b5d07c95aeb4862b3ce2fc105442bc59 != 47caeebf9655277a8eadb1c547eebc9ca90824b512e0033bd323521f2215e49e
Bounce: iterations=1 runtime: 157227us
Bounce: iterations=2 runtime: 121773us
Requesting not cached profile for Bounce$$Lambda/0x0000000099047000.<init>(som.Random)void
Requesting uncached profile for bci 1 in Bounce$$Lambda/0x0000000099047000.<init>(som.Random)void method getBytecodeProfile
Requesting uncached profile for bci 1 in Bounce$$Lambda/0x0000000099047000.<init>(som.Random)void method getExceptionSeen
Benchmark.innerBenchmarkLoop(int)boolean -1 graphSignature differs 1ce67b4520d621e4561bd5caafb0ab7415b06e884406b68566c024003a4c6740 != 7a271abf22a1270f391e80a5947622a55c5b80f49b8c0efec707ed8306ff89bb
Bounce: iterations=3 runtime: 128197us
Bounce: iterations=4 runtime: 118942us
Bounce: iterations=5 runtime: 122270us
Bounce: iterations=6 runtime: 116841us
Bounce: iterations=7 runtime: 116598us
Bounce: iterations=8 runtime: 117356us
Bounce: iterations=9 runtime: 120714us
Bounce: iterations=10 runtime: 118077us
Bounce: iterations=11 runtime: 117237us
Bounce: iterations=12 runtime: 116896us
Bounce: iterations=13 runtime: 118313us
Bounce: iterations=14 runtime: 118405us
Bounce: iterations=15 runtime: 117592us
Bounce: iterations=16 runtime: 117315us
Bounce: iterations=17 runtime: 118541us
Bounce: iterations=18 runtime: 118151us
Bounce: iterations=19 runtime: 117089us
Bounce: iterations=20 runtime: 116158us
Bounce: iterations=21 runtime: 119725us
Bounce: iterations=22 runtime: 120670us
Bounce: iterations=23 runtime: 118136us
Bounce: iterations=24 runtime: 117670us
Bounce: iterations=25 runtime: 117798us
Bounce: iterations=26 runtime: 119284us
Bounce: iterations=27 runtime: 117750us
Bounce: iterations=28 runtime: 117403us
Bounce: iterations=29 runtime: 117265us
Bounce: iterations=30 runtime: 119896us
Bounce: iterations=31 runtime: 118542us
Bounce: iterations=32 runtime: 117684us
Bounce: iterations=33 runtime: 154846us
Bounce: iterations=34 runtime: 120346us
Bounce: iterations=35 runtime: 117263us
Bounce: iterations=36 runtime: 116842us
Bounce: iterations=37 runtime: 116806us
Bounce: iterations=38 runtime: 118718us
Bounce: iterations=39 runtime: 118113us
Bounce: iterations=40 runtime: 117341us
Bounce: iterations=41 runtime: 117032us
Bounce: iterations=42 runtime: 118482us
Bounce: iterations=43 runtime: 118652us
Bounce: iterations=44 runtime: 117564us
Bounce: iterations=45 runtime: 116836us
Bounce: iterations=46 runtime: 117854us
Bounce: iterations=47 runtime: 117691us
Bounce: iterations=48 runtime: 116452us
Bounce: iterations=49 runtime: 116173us
Bounce: iterations=50 runtime: 116110us
Bounce: iterations=51 runtime: 119997us
Bounce: iterations=52 runtime: 116906us
Bounce: iterations=53 runtime: 116733us
Bounce: iterations=54 runtime: 116569us
Bounce: iterations=55 runtime: 119481us
Bounce: iterations=56 runtime: 117375us
Bounce: iterations=57 runtime: 116493us
Bounce: iterations=58 runtime: 116086us
Bounce: iterations=59 runtime: 118686us
Bounce: iterations=60 runtime: 117411us
Bounce: iterations=61 runtime: 116872us
Bounce: iterations=62 runtime: 116849us
Bounce: iterations=63 runtime: 119984us
Bounce: iterations=64 runtime: 118233us
Bounce: iterations=65 runtime: 117014us
Bounce: iterations=66 runtime: 116797us
Bounce: iterations=67 runtime: 118070us
Bounce: iterations=68 runtime: 118352us
Bounce: iterations=69 runtime: 117558us
Bounce: iterations=70 runtime: 117041us
Bounce: iterations=71 runtime: 117381us
Bounce: iterations=72 runtime: 118675us
Bounce: iterations=73 runtime: 117950us
Bounce: iterations=74 runtime: 117178us
Bounce: iterations=75 runtime: 116783us
Bounce: iterations=76 runtime: 120006us
Bounce: iterations=77 runtime: 117828us
Bounce: iterations=78 runtime: 117133us
Bounce: iterations=79 runtime: 117489us
Bounce: iterations=80 runtime: 119987us
Bounce: iterations=81 runtime: 118024us
Bounce: iterations=82 runtime: 117266us
Bounce: iterations=83 runtime: 116861us
Bounce: iterations=84 runtime: 118801us
Bounce: iterations=85 runtime: 117694us
Bounce: iterations=86 runtime: 116602us
Bounce: iterations=87 runtime: 116692us
Bounce: iterations=88 runtime: 118383us
Bounce: iterations=89 runtime: 118229us
Bounce: iterations=90 runtime: 120643us
Could not locate BlockSlowdown.json
Skipping Loading (this might cause a fatal crash if GTSlowdown is on)
Bounce: iterations=91 runtime: 125252us
Bounce: iterations=92 runtime: 120161us
Bounce: iterations=93 runtime: 118711us
Bounce: iterations=94 runtime: 117305us
Bounce: iterations=95 runtime: 116904us
Bounce: iterations=96 runtime: 117925us
Bounce: iterations=97 runtime: 118418us
Bounce: iterations=98 runtime: 117564us
Bounce: iterations=99 runtime: 117220us
Bounce: iterations=100 runtime: 117065us
Bounce: iterations=101 runtime: 118905us
Bounce: iterations=102 runtime: 116641us
Bounce: iterations=103 runtime: 116741us
Bounce: iterations=104 runtime: 116314us
Bounce: iterations=105 runtime: 119663us
Bounce: iterations=106 runtime: 117470us
Bounce: iterations=107 runtime: 117133us
Bounce: iterations=108 runtime: 116745us
Bounce: iterations=109 runtime: 119404us
Bounce: iterations=110 runtime: 117625us
Bounce: iterations=111 runtime: 117048us
Bounce: iterations=112 runtime: 117051us
Bounce: iterations=113 runtime: 118455us
Bounce: iterations=114 runtime: 116892us
Bounce: iterations=115 runtime: 116514us
Bounce: iterations=116 runtime: 116500us
Bounce: iterations=117 runtime: 116594us
Bounce: iterations=118 runtime: 116191us
Bounce: iterations=119 runtime: 115800us
Bounce: iterations=120 runtime: 115572us
Bounce: iterations=121 runtime: 116127us
Bounce: iterations=122 runtime: 115879us
Bounce: iterations=123 runtime: 115493us
Bounce: iterations=124 runtime: 115672us
Bounce: iterations=125 runtime: 116189us
Bounce: iterations=126 runtime: 115941us
Could not locate BlockSlowdown.json
Skipping Loading (this might cause a fatal crash if GTSlowdown is on)
Bounce: iterations=127 runtime: 116276us
Bounce: iterations=128 runtime: 118754us
Bounce: iterations=129 runtime: 117139us
Bounce: iterations=130 runtime: 119699us
Bounce: iterations=131 runtime: 117898us
Bounce: iterations=132 runtime: 118184us
Bounce: iterations=133 runtime: 117505us
Bounce: iterations=134 runtime: 120059us
Bounce: iterations=135 runtime: 117368us
Bounce: iterations=136 runtime: 116866us
Bounce: iterations=137 runtime: 116515us
Bounce: iterations=138 runtime: 117181us
Bounce: iterations=139 runtime: 116404us
Bounce: iterations=140 runtime: 116400us
Bounce: iterations=141 runtime: 116248us
Bounce: iterations=142 runtime: 116500us
Bounce: iterations=143 runtime: 115909us
Bounce: iterations=144 runtime: 115685us
Bounce: iterations=145 runtime: 115833us
Bounce: iterations=146 runtime: 117904us
Bounce: iterations=147 runtime: 118137us
Bounce: iterations=148 runtime: 117247us
Bounce: iterations=149 runtime: 117049us
Bounce: iterations=150 runtime: 118031us
Bounce: iterations=151 runtime: 117647us
Bounce: iterations=152 runtime: 117118us
Bounce: iterations=153 runtime: 116786us
Bounce: iterations=154 runtime: 116799us
Bounce: iterations=155 runtime: 119678us
Bounce: iterations=156 runtime: 116758us
Bounce: iterations=157 runtime: 116625us
Bounce: iterations=158 runtime: 116186us
Bounce: iterations=159 runtime: 118960us
Bounce: iterations=160 runtime: 116579us
Bounce: iterations=161 runtime: 116437us
Bounce: iterations=162 runtime: 116383us
Bounce: iterations=163 runtime: 118507us
Bounce: iterations=164 runtime: 117690us
Bounce: iterations=165 runtime: 117103us
Bounce: iterations=166 runtime: 116974us
Bounce: iterations=167 runtime: 119060us
Bounce: iterations=168 runtime: 117612us
Bounce: iterations=169 runtime: 117382us
Bounce: iterations=170 runtime: 117285us
Bounce: iterations=171 runtime: 118542us
Bounce: iterations=172 runtime: 117902us
Bounce: iterations=173 runtime: 117203us
Bounce: iterations=174 runtime: 117140us
Bounce: iterations=175 runtime: 116970us
Bounce: iterations=176 runtime: 115922us
Bounce: iterations=177 runtime: 115682us
Bounce: iterations=178 runtime: 115556us
Bounce: iterations=179 runtime: 116488us
Bounce: iterations=180 runtime: 117861us
Bounce: iterations=181 runtime: 117339us
Bounce: iterations=182 runtime: 117383us
Bounce: iterations=183 runtime: 117012us
Bounce: iterations=184 runtime: 119405us
Bounce: iterations=185 runtime: 116816us
Bounce: iterations=186 runtime: 116502us
Bounce: iterations=187 runtime: 116024us
Bounce: iterations=188 runtime: 118928us
Bounce: iterations=189 runtime: 117137us
Bounce: iterations=190 runtime: 116878us
Bounce: iterations=191 runtime: 116121us
Bounce: iterations=192 runtime: 118292us
Bounce: iterations=193 runtime: 117375us
Bounce: iterations=194 runtime: 116915us
Bounce: iterations=195 runtime: 116625us
Bounce: iterations=196 runtime: 118457us
Bounce: iterations=197 runtime: 116842us
Bounce: iterations=198 runtime: 115912us
Bounce: iterations=199 runtime: 115865us
Bounce: iterations=200 runtime: 117603us
Bounce: iterations=201 runtime: 117156us
Bounce: iterations=202 runtime: 116176us
Bounce: iterations=203 runtime: 115967us
Bounce: iterations=204 runtime: 117381us
Bounce: iterations=205 runtime: 117939us
Bounce: iterations=206 runtime: 117209us
Bounce: iterations=207 runtime: 116470us
Bounce: iterations=208 runtime: 116124us
Bounce: iterations=209 runtime: 119770us
Bounce: iterations=210 runtime: 117772us
Bounce: iterations=211 runtime: 117604us
Bounce: iterations=212 runtime: 117568us
Bounce: iterations=213 runtime: 119145us
Bounce: iterations=214 runtime: 117681us
Bounce: iterations=215 runtime: 117018us
Bounce: iterations=216 runtime: 116388us
Bounce: iterations=217 runtime: 137845us
Bounce: iterations=218 runtime: 114916us
Bounce: iterations=219 runtime: 115018us
Bounce: iterations=220 runtime: 114891us
Bounce: iterations=221 runtime: 118449us
Bounce: iterations=222 runtime: 117907us
Bounce: iterations=223 runtime: 117569us
Bounce: iterations=224 runtime: 117191us
Bounce: iterations=225 runtime: 118600us
Bounce: iterations=226 runtime: 118057us
Bounce: iterations=227 runtime: 117172us
Bounce: iterations=228 runtime: 116567us
Bounce: iterations=229 runtime: 117925us
Bounce: iterations=230 runtime: 118480us
Bounce: iterations=231 runtime: 117580us
Bounce: iterations=232 runtime: 116852us
Bounce: iterations=233 runtime: 117391us
Bounce: iterations=234 runtime: 119010us
Bounce: iterations=235 runtime: 118235us
Bounce: iterations=236 runtime: 118046us
Bounce: iterations=237 runtime: 117880us
Bounce: iterations=238 runtime: 118984us
Bounce: iterations=239 runtime: 116971us
Bounce: iterations=240 runtime: 116478us
Bounce: iterations=241 runtime: 116249us
Bounce: iterations=242 runtime: 118723us
Bounce: iterations=243 runtime: 117372us
Bounce: iterations=244 runtime: 116576us
Bounce: iterations=245 runtime: 116038us
Bounce: iterations=246 runtime: 119442us
Bounce: iterations=247 runtime: 118602us
Bounce: iterations=248 runtime: 118269us
Bounce: iterations=249 runtime: 118314us
Bounce: iterations=250 runtime: 119781us
Bounce: iterations=251 runtime: 117701us
Bounce: iterations=252 runtime: 116918us
Bounce: iterations=253 runtime: 116859us
Bounce: iterations=254 runtime: 118419us
Bounce: iterations=255 runtime: 118185us
Bounce: iterations=256 runtime: 117538us
Bounce: iterations=257 runtime: 117131us
Bounce: iterations=258 runtime: 118408us
Bounce: iterations=259 runtime: 119435us
Bounce: iterations=260 runtime: 117416us
Bounce: iterations=261 runtime: 117023us
Bounce: iterations=262 runtime: 116625us
Bounce: iterations=263 runtime: 119761us
Bounce: iterations=264 runtime: 117560us
Bounce: iterations=265 runtime: 116660us
Bounce: iterations=266 runtime: 116250us
Bounce: iterations=267 runtime: 119001us
Bounce: iterations=268 runtime: 117102us
Bounce: iterations=269 runtime: 116704us
Bounce: iterations=270 runtime: 116598us
Bounce: iterations=271 runtime: 118283us
Bounce: iterations=272 runtime: 116679us
Bounce: iterations=273 runtime: 115899us
Bounce: iterations=274 runtime: 115651us
Bounce: iterations=275 runtime: 118580us
Bounce: iterations=276 runtime: 118521us
Bounce: iterations=277 runtime: 117691us
Bounce: iterations=278 runtime: 118613us
Bounce: iterations=279 runtime: 119009us
Bounce: iterations=280 runtime: 117647us
Bounce: iterations=281 runtime: 116749us
Bounce: iterations=282 runtime: 116453us
Bounce: iterations=283 runtime: 117792us
Bounce: iterations=284 runtime: 118303us
Bounce: iterations=285 runtime: 117224us
Bounce: iterations=286 runtime: 120500us
Bounce: iterations=287 runtime: 125570us
Bounce: iterations=288 runtime: 118372us
Bounce: iterations=289 runtime: 117536us
Bounce: iterations=290 runtime: 117320us
Bounce: iterations=291 runtime: 117165us
Bounce: iterations=292 runtime: 119277us
Bounce: iterations=293 runtime: 117168us
Bounce: iterations=294 runtime: 116887us
Bounce: iterations=295 runtime: 116670us
Bounce: iterations=296 runtime: 118923us
Bounce: iterations=297 runtime: 117278us
Bounce: iterations=298 runtime: 116773us
Bounce: iterations=299 runtime: 116664us
Bounce: iterations=300 runtime: 116766us
Bounce: iterations=301 runtime: 116517us
Bounce: iterations=302 runtime: 117047us
Bounce: iterations=303 runtime: 116307us
Bounce: iterations=304 runtime: 116641us
Bounce: iterations=305 runtime: 116255us
Bounce: iterations=306 runtime: 115726us
Bounce: iterations=307 runtime: 115876us
Bounce: iterations=308 runtime: 118002us
Bounce: iterations=309 runtime: 118163us
Bounce: iterations=310 runtime: 117483us
Bounce: iterations=311 runtime: 117355us
Bounce: iterations=312 runtime: 118485us
Bounce: iterations=313 runtime: 118290us
Bounce: iterations=314 runtime: 116901us
Bounce: iterations=315 runtime: 116531us
Bounce: iterations=316 runtime: 116561us
Bounce: iterations=317 runtime: 118650us
Bounce: iterations=318 runtime: 116822us
Bounce: iterations=319 runtime: 116568us
Bounce: iterations=320 runtime: 116281us
Bounce: iterations=321 runtime: 118674us
Bounce: iterations=322 runtime: 117007us
Bounce: iterations=323 runtime: 116588us
Bounce: iterations=324 runtime: 116166us
Bounce: iterations=325 runtime: 118897us
Bounce: iterations=326 runtime: 118043us
Bounce: iterations=327 runtime: 118040us
Bounce: iterations=328 runtime: 117888us
Bounce: iterations=329 runtime: 118550us
Bounce: iterations=330 runtime: 116526us
Bounce: iterations=331 runtime: 115728us
Bounce: iterations=332 runtime: 115513us
Bounce: iterations=333 runtime: 117599us
Bounce: iterations=334 runtime: 117133us
Bounce: iterations=335 runtime: 116466us
Bounce: iterations=336 runtime: 116235us
Bounce: iterations=337 runtime: 118041us
Bounce: iterations=338 runtime: 118554us
Bounce: iterations=339 runtime: 117615us
Bounce: iterations=340 runtime: 116696us
Bounce: iterations=341 runtime: 117480us
Bounce: iterations=342 runtime: 118575us
Bounce: iterations=343 runtime: 117496us
Bounce: iterations=344 runtime: 117398us
Bounce: iterations=345 runtime: 117112us
Bounce: iterations=346 runtime: 119146us
Bounce: iterations=347 runtime: 117736us
Bounce: iterations=348 runtime: 117112us
Bounce: iterations=349 runtime: 116917us
Bounce: iterations=350 runtime: 119866us
Bounce: iterations=351 runtime: 118102us
Bounce: iterations=352 runtime: 116777us
Bounce: iterations=353 runtime: 116446us
Bounce: iterations=354 runtime: 116539us
Bounce: iterations=355 runtime: 115977us
Bounce: iterations=356 runtime: 116068us
Bounce: iterations=357 runtime: 115748us
Bounce: iterations=358 runtime: 118171us
Bounce: iterations=359 runtime: 117321us
Bounce: iterations=360 runtime: 117062us
Bounce: iterations=361 runtime: 117169us
Bounce: iterations=362 runtime: 118565us
Bounce: iterations=363 runtime: 117494us
Bounce: iterations=364 runtime: 116488us
Bounce: iterations=365 runtime: 116428us
Bounce: iterations=366 runtime: 117543us
Bounce: iterations=367 runtime: 118256us
Bounce: iterations=368 runtime: 117289us
Bounce: iterations=369 runtime: 116926us
Bounce: iterations=370 runtime: 116557us
Bounce: iterations=371 runtime: 119104us
Bounce: iterations=372 runtime: 117447us
Bounce: iterations=373 runtime: 116643us
Bounce: iterations=374 runtime: 116520us
Bounce: iterations=375 runtime: 117469us
Bounce: iterations=376 runtime: 115928us
Bounce: iterations=377 runtime: 115287us
Bounce: iterations=378 runtime: 115482us
Bounce: iterations=379 runtime: 117287us
Bounce: iterations=380 runtime: 116558us
Bounce: iterations=381 runtime: 116323us
Bounce: iterations=382 runtime: 115795us
Bounce: iterations=383 runtime: 117573us
Bounce: iterations=384 runtime: 116856us
Bounce: iterations=385 runtime: 116680us
Bounce: iterations=386 runtime: 116398us
Bounce: iterations=387 runtime: 126005us
Bounce: iterations=388 runtime: 115599us
Bounce: iterations=389 runtime: 115377us
Bounce: iterations=390 runtime: 115244us
Bounce: iterations=391 runtime: 117344us
Bounce: iterations=392 runtime: 118653us
Bounce: iterations=393 runtime: 118104us
Bounce: iterations=394 runtime: 117344us
Bounce: iterations=395 runtime: 117634us
Bounce: iterations=396 runtime: 117180us
Bounce: iterations=397 runtime: 117153us
Bounce: iterations=398 runtime: 116942us
Bounce: iterations=399 runtime: 116831us
Bounce: iterations=400 runtime: 118461us
Bounce: iterations=401 runtime: 116792us
Could not locate BlockSlowdown.json
Skipping Loading (this might cause a fatal crash if GTSlowdown is on)
java.lang.StringLatin1.inflate(byte[], int, char[], int, int)void -1 graphSignature differs 17e6f3ed6596e5d6840a8a77065c9470c41838c2630b4535538ec163efd33e69 != e838eb1809aadd841c1ff5fe2e7a1043b73670d291c51dcf64d0aae8eaa2b7e0
Bounce: iterations=402 runtime: 117024us
Bounce: iterations=403 runtime: 118894us
Bounce: iterations=404 runtime: 119555us
Bounce: iterations=405 runtime: 117597us
Bounce: iterations=406 runtime: 116992us
Bounce: iterations=407 runtime: 120713us
Bounce: iterations=408 runtime: 121508us
Bounce: iterations=409 runtime: 118688us
Bounce: iterations=410 runtime: 117452us
Bounce: iterations=411 runtime: 117627us
Bounce: iterations=412 runtime: 118749us
Bounce: iterations=413 runtime: 118085us
Bounce: iterations=414 runtime: 117694us
Bounce: iterations=415 runtime: 117091us
Bounce: iterations=416 runtime: 118736us
Bounce: iterations=417 runtime: 117933us
Bounce: iterations=418 runtime: 117045us
Bounce: iterations=419 runtime: 116833us
Bounce: iterations=420 runtime: 117474us
Bounce: iterations=421 runtime: 117841us
Bounce: iterations=422 runtime: 116452us
Bounce: iterations=423 runtime: 115607us
Bounce: iterations=424 runtime: 115663us
Bounce: iterations=425 runtime: 118255us
Bounce: iterations=426 runtime: 118524us
Bounce: iterations=427 runtime: 117110us
Bounce: iterations=428 runtime: 117182us
Bounce: iterations=429 runtime: 120360us
Bounce: iterations=430 runtime: 118637us
Bounce: iterations=431 runtime: 116846us
Bounce: iterations=432 runtime: 116557us
Bounce: iterations=433 runtime: 117219us
Bounce: iterations=434 runtime: 116304us
Bounce: iterations=435 runtime: 116291us
Bounce: iterations=436 runtime: 116289us
Bounce: iterations=437 runtime: 119072us
Bounce: iterations=438 runtime: 117395us
Bounce: iterations=439 runtime: 117108us
Bounce: iterations=440 runtime: 117152us
Bounce: iterations=441 runtime: 118916us
Bounce: iterations=442 runtime: 118612us
Bounce: iterations=443 runtime: 117855us
Bounce: iterations=444 runtime: 117234us
Bounce: iterations=445 runtime: 118291us
Bounce: iterations=446 runtime: 117826us
Bounce: iterations=447 runtime: 117065us
Bounce: iterations=448 runtime: 116508us
Bounce: iterations=449 runtime: 117196us
Bounce: iterations=450 runtime: 118325us
Bounce: iterations=451 runtime: 116788us
Bounce: iterations=452 runtime: 116524us
Bounce: iterations=453 runtime: 115879us
Bounce: iterations=454 runtime: 116555us
Bounce: iterations=455 runtime: 115768us
Bounce: iterations=456 runtime: 115801us
Bounce: iterations=457 runtime: 116148us
Bounce: iterations=458 runtime: 119541us
Bounce: iterations=459 runtime: 118181us
Bounce: iterations=460 runtime: 117636us
Bounce: iterations=461 runtime: 117667us
Bounce: iterations=462 runtime: 117800us
Bounce: iterations=463 runtime: 117022us
Bounce: iterations=464 runtime: 117036us
Bounce: iterations=465 runtime: 116719us
Bounce: iterations=466 runtime: 119107us
Bounce: iterations=467 runtime: 118815us
Bounce: iterations=468 runtime: 117588us
Bounce: iterations=469 runtime: 116886us
Bounce: iterations=470 runtime: 117433us
Bounce: iterations=471 runtime: 116852us
Bounce: iterations=472 runtime: 117691us
Bounce: iterations=473 runtime: 116969us
Bounce: iterations=474 runtime: 117747us
Bounce: iterations=475 runtime: 117441us
Bounce: iterations=476 runtime: 116592us
Bounce: iterations=477 runtime: 116492us
Bounce: iterations=478 runtime: 116289us
Bounce: iterations=479 runtime: 118908us
Bounce: iterations=480 runtime: 116923us
Bounce: iterations=481 runtime: 116593us
Bounce: iterations=482 runtime: 116421us
Bounce: iterations=483 runtime: 118972us
Bounce: iterations=484 runtime: 116657us
Bounce: iterations=485 runtime: 116363us
Bounce: iterations=486 runtime: 116239us
Bounce: iterations=487 runtime: 117908us
Bounce: iterations=488 runtime: 116438us
Bounce: iterations=489 runtime: 116157us
Bounce: iterations=490 runtime: 115750us
Bounce: iterations=491 runtime: 118158us
Bounce: iterations=492 runtime: 117675us
Bounce: iterations=493 runtime: 116994us
Bounce: iterations=494 runtime: 116813us
Bounce: iterations=495 runtime: 117764us
Bounce: iterations=496 runtime: 116506us
Bounce: iterations=497 runtime: 115537us
Bounce: iterations=498 runtime: 115648us
Bounce: iterations=499 runtime: 117360us
Bounce: iterations=500 runtime: 117036us
Could not locate BlockSlowdown.json
Skipping Loading (this might cause a fatal crash if GTSlowdown is on)
java.lang.StringCoding.implEncodeAsciiArray(char[], int, byte[], int, int)int -1 graphSignature differs bc8f20c8c772d3cc0eaba9b68bcd84047d761ba16a7aeb64fe90c36d37dcccb7 != 3bdd078c3a9d60d7eff24b6603d8a355db817965321aded167eb2387bae94eb4
Bounce: iterations=500 average: 117688us total: 58844260us


Total Runtime: 58844260us
Bubo.RDTSC.Harness.main Total RDTSC cycles: 195202620574
Comp 52 (java.util.ImmutableCollections$SetN$SetNIterator.next()) loops:
Found Encoding : 0:-1
└── Loop 0
  loop 0 Cycles: 244304 || Activation Count:4191| LoopCallCount: 0 |  Source: -at java.util.ImmutableCollections$SetN$SetNIterator.next(ImmutableCollections.java:1213) [bci: 21] | -at java.util.ImmutableCollections$SetN$SetNIterator.next(ImmutableCollections.java:1223) [bci: 65]
Comp 57 (java.util.HashMap.putVal(int,) loops:
Found Encoding : 0:-1
└── Loop 0
  loop 0 Cycles: 8276 || Activation Count:183| LoopCallCount: 0 |  Source: -at java.util.HashMap.putVal(HashMap.java:648) [bci: 134] | -at java.util.HashMap.putVal(HashMap.java:649) [bci: 145]
Comp 58 (java.lang.String.equals(Object)) loops:
Found Encoding : 0:-1
└── Loop 0
  loop 0 Cycles: 3812 || Activation Count:49| LoopCallCount: 0 |  Source: -at java.lang.StringLatin1.equals(StringLatin1.java:100) [bci: 9]
-at java.lang.String.equals(String.java:1926) [bci: 44] | -at java.lang.StringLatin1.equals(StringLatin1.java:105) [bci: 32]
-at java.lang.String.equals(String.java:1926) [bci: 44]
Comp 69 (java.util.HashMap.resize()) loops:
Found Encoding : 2:-1,0:-1,1:0
├── Loop 2
└── Loop 0
    └── Loop 1
  loop 0 Cycles: 37996 || Activation Count:14| LoopCallCount: 0 |  Source: -at java.util.HashMap.resize(HashMap.java:714) [bci: 151] | -at java.util.HashMap.resize(HashMap.java:755) [bci: 353]
  loop 1 Cycles: 8630 || Activation Count:100| LoopCallCount: 0 |  Source: -at java.util.HashMap.resize(HashMap.java:727) [bci: 235] | -at java.util.HashMap.resize(HashMap.java:743) [bci: 309]
  loop 2 Cycles: 15296 || Activation Count:246| LoopCallCount: 0 |  Source: -at jdk.graal.compiler.hotspot.replacements.HotSpotAllocationSnippets.allocateArray(KlassPointer, int, int, int, AllocationSnippets$FillContent, int, boolean, boolean, boolean, boolean, HotSpotAllocationSnippets$HotSpotAllocationProfilingData, boolea
Comp 84 (jdk.internal.util.ArraysSupport.unsignedHashCode(int,) loops:
Found Encoding : 0:-1,1:-1,2:-1
├── Loop 0
├── Loop 1
└── Loop 2
  loop 0 Cycles: 392 || Activation Count:1| LoopCallCount: 0 |  Source: -at jdk.internal.util.ArraysSupport.unsignedHashCode(ArraysSupport.java:378) [bci: 8] | -at jdk.internal.util.ArraysSupport.unsignedHashCode(ArraysSupport.java:381) [bci: 34]
  loop 1 Cycles: 24 || Activation Count:1| LoopCallCount: 0 |  Source: Source Missing | -at jdk.internal.util.ArraysSupport.unsignedHashCode(ArraysSupport.java:381) [bci: 34]
  loop 2 Cycles: 92 || Activation Count:1| LoopCallCount: 0 |  Source: Source Missing | -at jdk.internal.util.ArraysSupport.unsignedHashCode(ArraysSupport.java:381) [bci: 34]
Comp 85 (jdk.internal.util.ArraysSupport.unsignedHashCode(int,-Re-Comp) loops:
Found Encoding : 0:-1,1:-1,2:-1
├── Loop 0
├── Loop 1
└── Loop 2
  loop 0 Cycles: 79886 || Activation Count:1713| LoopCallCount: 0 |  Source: -at jdk.internal.util.ArraysSupport.unsignedHashCode(ArraysSupport.java:378) [bci: 8] | -at jdk.internal.util.ArraysSupport.unsignedHashCode(ArraysSupport.java:381) [bci: 34]
  loop 1 Cycles: 113324 || Activation Count:1713| LoopCallCount: 0 |  Source: Source Missing | -at jdk.internal.util.ArraysSupport.unsignedHashCode(ArraysSupport.java:381) [bci: 34]
  loop 2 Cycles: 99124 || Activation Count:1713| LoopCallCount: 0 |  Source: Source Missing | -at jdk.internal.util.ArraysSupport.unsignedHashCode(ArraysSupport.java:381) [bci: 34]
Comp 87 (java.lang.StringCoding.countPositives(byte[],) loops:
Found Encoding : 0:-1
└── Loop 0
  loop 0 Cycles: 410 || Activation Count:1| LoopCallCount: 0 |  Source: -at java.lang.StringCoding.countPositives(StringCoding.java:92) [bci: 7] | -at java.lang.StringCoding.countPositives(StringCoding.java:97) [bci: 31]
Comp 88 (java.lang.StringCoding.countPositives(byte[],-Re-Comp) loops:
Found Encoding : 0:-1
└── Loop 0
  loop 0 Cycles: 11142 || Activation Count:75| LoopCallCount: 0 |  Source: -at java.lang.StringCoding.countPositives(StringCoding.java:92) [bci: 7] | -at java.lang.StringCoding.countPositives(StringCoding.java:97) [bci: 31]
Comp 138 (java.lang.StringLatin1.equals(byte[],) loops:
Found Encoding : 0:-1
└── Loop 0
  loop 0 Cycles: 19150 || Activation Count:121| LoopCallCount: 0 |  Source: -at java.lang.StringLatin1.equals(StringLatin1.java:100) [bci: 9] | -at java.lang.StringLatin1.equals(StringLatin1.java:105) [bci: 32]
Comp 140 (java.util.Properties$LineReader.readLine()) loops:
Found Encoding : 5:-1,3:-1,4:3,0:-1,1:0,2:1
├── Loop 5
├── Loop 3
│   └── Loop 4
└── Loop 0
    └── Loop 1
        └── Loop 2
  loop 1 Cycles: 257950 || Activation Count:90| LoopCallCount: 1 |  Source: -at java.util.Properties$LineReader.readLine(Properties.java:538) [bci: 219] | -at java.util.Properties$LineReader.readLine(Properties.java:543) [bci: 259]
  loop 2 Cycles: 12246 || Activation Count:91| LoopCallCount: 0 |  Source: -at java.util.Properties$LineReader.readLine(Properties.java:540) [bci: 224] | -at java.util.Properties$LineReader.readLine(Properties.java:543) [bci: 259]
  loop 5 Cycles: 728 || Activation Count:1| LoopCallCount: 0 |  Source: -at java.util.Properties$LineReader.readLine(Properties.java:540) [bci: 224] | -at java.util.Properties$LineReader.readLine(Properties.java:543) [bci: 259]
Comp 141 (java.util.Properties$LineReader.readLine()-Re-Comp) loops:
Found Encoding : 0:-1,1:0,2:1
└── Loop 0
    └── Loop 1
        └── Loop 2
  loop 1 Cycles: 3660 || Activation Count:14| LoopCallCount: 1 |  Source: -at java.util.Properties$LineReader.readLine(Properties.java:538) [bci: 219] | -at java.util.Properties$LineReader.readLine(Properties.java:543) [bci: 259]
  loop 2 Cycles: 1830 || Activation Count:14| LoopCallCount: 0 |  Source: -at java.util.Properties$LineReader.readLine(Properties.java:540) [bci: 224] | -at java.util.Properties$LineReader.readLine(Properties.java:545) [bci: 262]
Comp 142 (java.util.Properties$LineReader.readLine()-Re-Comp) loops:
Found Encoding : 5:-1,3:-1,4:3,0:-1,1:0,2:1
├── Loop 5
├── Loop 3
│   └── Loop 4
└── Loop 0
    └── Loop 1
        └── Loop 2
  loop 0 Cycles: 38264 || Activation Count:1| LoopCallCount: 2 |  Source: -at java.util.Properties$LineReader.readLine(Properties.java:504) [bci: 53] | -at java.util.Properties$LineReader.readLine(Properties.java:615) [bci: 577]
  loop 1 Cycles: 27290 || Activation Count:131| LoopCallCount: 1 |  Source: -at java.util.Properties$LineReader.readLine(Properties.java:538) [bci: 219] | -at java.util.Properties$LineReader.readLine(Properties.java:543) [bci: 259]
  loop 2 Cycles: 15222 || Activation Count:131| LoopCallCount: 0 |  Source: -at java.util.Properties$LineReader.readLine(Properties.java:540) [bci: 224] | -at java.util.Properties$LineReader.readLine(Properties.java:543) [bci: 259]
  loop 5 Cycles: 654 || Activation Count:1| LoopCallCount: 0 |  Source: -at java.util.Properties$LineReader.readLine(Properties.java:540) [bci: 224] | -at java.util.Properties$LineReader.readLine(Properties.java:543) [bci: 259]
Comp 143 (java.util.Properties$LineReader.readLine()-Re-Comp) loops:
Found Encoding : 0:-1,1:0,2:1
└── Loop 0
    └── Loop 1
        └── Loop 2
  loop 0 Cycles: 337100 || Activation Count:6| LoopCallCount: 2 |  Source: -at java.util.Properties$LineReader.readLine(Properties.java:504) [bci: 53] | -at java.util.Properties$LineReader.readLine(Properties.java:615) [bci: 577]
  loop 1 Cycles: 395876 || Activation Count:374| LoopCallCount: 1 |  Source: -at java.util.Properties$LineReader.readLine(Properties.java:538) [bci: 219] | -at java.util.Properties$LineReader.readLine(Properties.java:543) [bci: 259]
  loop 2 Cycles: 47770 || Activation Count:377| LoopCallCount: 0 |  Source: -at java.util.Properties$LineReader.readLine(Properties.java:540) [bci: 224] | -at java.util.Properties$LineReader.readLine(Properties.java:545) [bci: 262]
Comp 172 (Bounce.benchmark()) loops:
Found Encoding : 2:-1,0:-1,1:0
├── Loop 2
└── Loop 0
    └── Loop 1
  loop 0 Cycles: 85184 || Activation Count:1| LoopCallCount: 0 |  Source: -at Bounce.benchmark() [bci: 33] | -at Bounce.benchmark() [bci: 89]
  loop 1 Cycles: 82118 || Activation Count:47| LoopCallCount: 0 |  Source: -at Bounce.benchmark() [bci: 52] | -at Bounce.benchmark() [bci: 83]
  loop 2 Cycles: 860 || Activation Count:1| LoopCallCount: 0 |  Source: -at Bounce.benchmark() [bci: 52] | -at Bounce.benchmark() [bci: 83]
Comp 173 (Bounce.benchmark()-Re-Comp) loops:
Found Encoding : 3:-1,2:-1,0:-1,1:0
├── Loop 3
├── Loop 2
└── Loop 0
    └── Loop 1
  loop 0 Cycles: 180946007900 || Activation Count:4999995| LoopCallCount: 0 |  Source: -at Bounce.benchmark() [bci: 33] | -at Bounce.benchmark() [bci: 89]
  loop 1 Cycles: 164345571722 || Activation Count:249999750| LoopCallCount: 0 |  Source: -at Bounce.benchmark() [bci: 52] | -at Bounce.benchmark() [bci: 83]
  loop 2 Cycles: 12329060822 || Activation Count:4999995| LoopCallCount: 1 |  Source: -at java.util.Arrays.setAll(Arrays.java:5097) [bci: 7]
-at Bounce.benchmark() [bci: 27] | -at java.util.Arrays.setAll(Arrays.java:5099) [bci: 29]
-at Bounce.benchmark() [bci: 27]
  loop 3 Cycles: 358824906 || Activation Count:4991383| LoopCallCount: 0 |  Source: -at jdk.graal.compiler.hotspot.replacements.HotSpotAllocationSnippets.allocateArray(KlassPointer, int, int, int, AllocationSnippets$FillContent, int, boolean, boolean, boolean, boolean, HotSpotAllocationSnippets$HotSpotAllocationProfilingData, boole
Comp 186 (Benchmark.innerBenchmarkLoop(int)) loops:
Found Encoding : 0:-1
└── Loop 0
  loop 0 Cycles: 375627812 || Activation Count:1| LoopCallCount: 1 |  Source: -at Benchmark.innerBenchmarkLoop(int) [bci: 2] | -at Benchmark.innerBenchmarkLoop(int) [bci: 26]
Comp 187 (Benchmark.innerBenchmarkLoop(int)-Re-Comp) loops:
Found Encoding : 0:-1
└── Loop 0
  loop 0 Cycles: 193522499828 || Activation Count:497| LoopCallCount: 1 |  Source: -at Benchmark.innerBenchmarkLoop(int) [bci: 2] | -at Benchmark.innerBenchmarkLoop(int) [bci: 26]
Comp 195 (java.lang.StringLatin1.inflate(byte[],) loops:
Found Encoding : 0:-1,1:-1,2:-1
├── Loop 0
├── Loop 1
└── Loop 2
  loop 0 Cycles: 37828 || Activation Count:204| LoopCallCount: 0 |  Source: -at java.lang.StringLatin1.inflate(StringLatin1.java:767) [bci: 3] | -at java.lang.StringLatin1.inflate(StringLatin1.java:770) [bci: 33]
  loop 1 Cycles: 13766 || Activation Count:204| LoopCallCount: 0 |  Source: Source Missing | -at java.lang.StringLatin1.inflate(StringLatin1.java:770) [bci: 33]
  loop 2 Cycles: 11464 || Activation Count:204| LoopCallCount: 0 |  Source: Source Missing | -at java.lang.StringLatin1.inflate(StringLatin1.java:770) [bci: 33]
Comp 207 (java.lang.StringCoding.implEncodeAsciiArray(char[],) loops:
Found Encoding : 0:-1
└── Loop 0
  loop 0 Cycles: 672 || Activation Count:1| LoopCallCount: 0 |  Source: -at java.lang.StringCoding.implEncodeAsciiArray(StringCoding.java:118) [bci: 3] | -at java.lang.StringCoding.implEncodeAsciiArray(StringCoding.java:124) [bci: 44]
Comp 208 (java.lang.StringCoding.implEncodeAsciiArray(char[],-Re-Comp) loops:
Found Encoding : 0:-1
└── Loop 0
  loop 0 Cycles: 606 || Activation Count:3| LoopCallCount: 0 |  Source: -at java.lang.StringCoding.implEncodeAsciiArray(StringCoding.java:118) [bci: 3] | -at java.lang.StringCoding.implEncodeAsciiArray(StringCoding.java:124) [bci: 44]
