[Use -Djdk.graal.LogFile=<path> to redirect Graal log output to a file.]
java.lang.module.ModuleDescriptor.name()java.lang.String -1 codeSignature differs 5be282a10c496d4000571a6844c9c0bc109901813a12d3aea5364efad6a66c85 != 236f622407d0112ac18220ce2f7dd8fc95a4975bd21efedc593a420240b9e35f
java.lang.module.ModuleReference.descriptor()java.lang.module.ModuleDescriptor -1 codeSignature differs 14be906eafbcd0e98db8607fd01b12de837039bcd06c460d0cf8f6394c8cff6d != d74a3d991dcad2ff0132c63a48dc50da7170128a36ef27d42bfbafe23260746e
java.lang.Enum.ordinal()int -1 codeSignature differs d4ce072063a0e5d7b77fa03ca89aafb8f3e3ecf13c518dc1905e344d1e62c58a != 6379912ece14b3e5c494001bcdbf513550438500c9fe64692666ea4804585a5b
java.lang.Class.isPrimitive()boolean -1 codeSignature differs 98ab40cf2ebcc843a57e4548f9a42e2e9f3f439b3cfc72b2a9affe72c8d06a5f != 3e78a4a854866f13977dcbf9876f9c5a148d0cfe8abd55bad528a298e2ab0d37
jdk.internal.util.StrongReferenceKey.get()java.lang.Object -1 codeSignature differs 14be906eafbcd0e98db8607fd01b12de837039bcd06c460d0cf8f6394c8cff6d != d74a3d991dcad2ff0132c63a48dc50da7170128a36ef27d42bfbafe23260746e
java.lang.Class.getClassLoader()java.lang.ClassLoader -1 codeSignature differs 1ec746d9657abb2124f404e47924197593986fc62346c6cd76072c08e29afddf != fc6683d6dbc2e9c193939db2b7b3809c7ed36f548dabbad32ce6a77af2acbb5c
java.lang.invoke.MethodType.returnType()java.lang.Class -1 codeSignature differs 14be906eafbcd0e98db8607fd01b12de837039bcd06c460d0cf8f6394c8cff6d != d74a3d991dcad2ff0132c63a48dc50da7170128a36ef27d42bfbafe23260746e
jdk.internal.classfile.impl.AbstractPoolEntry.index()int -1 codeSignature differs d4ce072063a0e5d7b77fa03ca89aafb8f3e3ecf13c518dc1905e344d1e62c58a != 6379912ece14b3e5c494001bcdbf513550438500c9fe64692666ea4804585a5b
java.lang.invoke.MemberName.getDeclaringClass()java.lang.Class -1 codeSignature differs b46e439bc51650ff335d2a7124f0b0154f260fe1af8ba145c6fd3cf5008c9e4e != 65875f01c4739b3690cfc99e32978813efde10140dd67c4d7a0e3015e243befa
java.lang.invoke.MethodType.form()java.lang.invoke.MethodTypeForm -1 codeSignature differs 5be282a10c496d4000571a6844c9c0bc109901813a12d3aea5364efad6a66c85 != 236f622407d0112ac18220ce2f7dd8fc95a4975bd21efedc593a420240b9e35f
java.util.stream.FindOps$FindSink.cancellationRequested()boolean -1 codeSignature differs 55af0dc4b7688c78180d5f5b00584e4bf66cf93bd60716f9aab49e7a6fd64ac4 != f48625702890d29653fc29959db5796353242ca5005d0c97563dc7641a6e9521
java.lang.Object.<init>()void -1 codeSignature differs fe534d3aac0502b22527b54e744892c09d7496fd765947a3ee3ec9a070d56f92 != 53fed571f2d162d1b06665e593acff62e94c3c2feeb837a313805208a153c804
jdk.internal.module.ModuleReferenceImpl.moduleResolution()jdk.internal.module.ModuleResolution -1 codeSignature differs b76db95b8fd3a055b26c3a6c15023743ea3cd488646d474319964a2e9e13b73e != acecf092198f6e600ae574ae88f94c3dcc124dff78fd33d38e7503cf1de4cb84
java.lang.String.hashCode()int -1 codeSignature differs cd869c87835ef8242ee90410caccd8a61a63cd99231e11f83fcdc76366e70264 != 4af57cd2c352f504d9843ac55232e6c06b59ac42ecb11ac71e7928d819941700
java.lang.module.ModuleDescriptor$Requires.modifiers()java.util.Set -1 codeSignature differs 14be906eafbcd0e98db8607fd01b12de837039bcd06c460d0cf8f6394c8cff6d != d74a3d991dcad2ff0132c63a48dc50da7170128a36ef27d42bfbafe23260746e
java.lang.module.ModuleDescriptor$Requires.name()java.lang.String -1 codeSignature differs 90f01eeb46d88d53d0e4e48ef19445eb3bdf8101a00c7dc3f717a337df9fb41f != 3dca556ce0a4f9f9b2a7bcbcee2ecdeeb626fd493f0993079a0f91070abff97b
java.lang.module.ModuleDescriptor.requires()java.util.Set -1 codeSignature differs 50021c78154f047ad8f88f0733084203e726ca2f3911eed3f4e2615369ae39b2 != 38c64b25607c18539afa677dc017db8b0b2e69cd25c409ff2fbbda9b724f85b9
java.lang.module.ModuleDescriptor.isAutomatic()boolean -1 codeSignature differs 2c5d9434fa6cbff1c0177053ad01774247e7a98383a3d0ee5c4dccbf56bf9e86 != 573ad2b7aa6bd940d385aadba08b49259d18cc84676cb0e7d2bc6bb2b3a188b0
java.util.HashMap$Node.getKey()java.lang.Object -1 codeSignature differs 90f01eeb46d88d53d0e4e48ef19445eb3bdf8101a00c7dc3f717a337df9fb41f != 3dca556ce0a4f9f9b2a7bcbcee2ecdeeb626fd493f0993079a0f91070abff97b
java.util.HashMap$Node.getValue()java.lang.Object -1 codeSignature differs 5be282a10c496d4000571a6844c9c0bc109901813a12d3aea5364efad6a66c85 != 236f622407d0112ac18220ce2f7dd8fc95a4975bd21efedc593a420240b9e35f
java.util.ImmutableCollections$Set12.isEmpty()boolean -1 codeSignature differs d890ffc04cd03ec866061096d7d13d2670cacc5a2328b692374e3523d40574bd != 55a5cc963fc3641936c496e734b67cb2da5b04dc6786193efb958b4650f80fcc
java.lang.module.ModuleDescriptor$Exports.source()java.lang.String -1 codeSignature differs 90f01eeb46d88d53d0e4e48ef19445eb3bdf8101a00c7dc3f717a337df9fb41f != 3dca556ce0a4f9f9b2a7bcbcee2ecdeeb626fd493f0993079a0f91070abff97b
java.lang.module.ModuleDescriptor$Exports.targets()java.util.Set -1 codeSignature differs 5be282a10c496d4000571a6844c9c0bc109901813a12d3aea5364efad6a66c85 != 236f622407d0112ac18220ce2f7dd8fc95a4975bd21efedc593a420240b9e35f
java.lang.module.ModuleDescriptor.provides()java.util.Set -1 codeSignature differs 309d9291f2d3c2a63becdec49b2c74b25af9d7fdc62dad05faf86a64889608fc != ac8620023b60722a9bd4c025af16c863bb01ff2e1485a56d1a0e66cae8c98d9f
java.lang.module.ModuleDescriptor.exports()java.util.Set -1 codeSignature differs 948d21eddb9ad191efbc24290e4e840a30aebb134151b75def9175ab54c0a48c != 64b1f8caa863f256c52a850b78b1f50f6cb4cdbb0fd449ebc0f6c33942f7e576
java.util.ImmutableCollections$SetN$SetNIterator.hasNext()boolean -1 codeSignature differs 014069b9d29ae67f97f8d652b8d7a77d9057cdb393e4e32597c925d7a30bdc82 != 68bedb7c2b89fc57eca6528f835388a812a6a51c19835f3ca5c045deed27b552
java.lang.module.ModuleDescriptor.uses()java.util.Set -1 codeSignature differs e3ce51591a4fee3aaff0c687fbb639bc8c1569c92e84d989cdc906a081a3aa6f != a28d016eade96af94b1490585bd89e875ca450bc08a58e964a7e2d9c660f535c
Requesting uncached profile for bci 32 in java.util.ImmutableCollections$SetN$SetNIterator.next()java.lang.Object method getBytecodeProfile
Requesting uncached profile for bci 32 in java.util.ImmutableCollections$SetN$SetNIterator.next()java.lang.Object method getBranchTakenProbability
java.util.ImmutableCollections$SetN$SetNIterator.next()java.lang.Object -1 codeSignature differs e1fe95f08e9a54f528c00088fcbfa159f3bad00b96b954e867ee6f3fb841619e != 9ada83417ac793d7136a278090746c2f10c77204a30d308441be04e5065b2590
java.util.ImmutableCollections$SetN$SetNIterator.next()java.lang.Object -1 graphSignature differs b05d592371fcce917a90fc28debaf21f7e7532d4836b1c9812ac396e129c7095 != 920e12a7ee41cc3a0a3487d03bd48833bfc4e8d416bdbae7234f8ba199084b4d
java.lang.module.ModuleDescriptor$Provides.service()java.lang.String -1 codeSignature differs 14be906eafbcd0e98db8607fd01b12de837039bcd06c460d0cf8f6394c8cff6d != d74a3d991dcad2ff0132c63a48dc50da7170128a36ef27d42bfbafe23260746e
java.util.HashMap.hash(java.lang.Object)int -1 codeSignature differs effcdf28c9f4112cd64e971c0e71be5e8f7f2ab4f78d4d8e3966bd1443995470 != f20a234d72db6a60761a0e2852896c5d0d1a7041448df29d1ff23f02d340c10e
java.lang.module.ModuleDescriptor$Exports.isQualified()boolean -1 codeSignature differs 2f2626a0d35eab8b1c9ac5d290eaa50850e3c2a446f8b636572b3d892e582475 != c4ef0f275104a1e958c2c9ec698ec9c8d123716b32318c68dbec9f28b41d687c
java.util.HashMap.putVal(int, java.lang.Object, java.lang.Object, boolean, boolean)java.lang.Object -1 codeSignature differs be3d17baaa01d698e719df599bf574a36c91f20b166ecf33e2ffb531c56fbcea != 48cde77465f02fc92b8d2f71fcd7a722c7a258bba2824bbcfbdfe7ac2ac545dd
java.util.HashMap.putVal(int, java.lang.Object, java.lang.Object, boolean, boolean)java.lang.Object -1 graphSignature differs ee09f2c8e8aef299f145f669ac6d290ab921c200bee62674b2ab14a5f207c19a != 27ba10a12906ca5a4eaa0ddbdb8cdbd97a0a183d21916ae0dce244a079058c87
java.lang.String.equals(java.lang.Object)boolean -1 codeSignature differs f5747f05d8cb43a0e84b3d89443c10d37c72a20d9b0342eb86834299bed80ca6 != 119dc6e6665ec6b4c44f1e420beb3682c6794e4c2205f6f17310bd0f4f948907
java.lang.String.equals(java.lang.Object)boolean -1 graphSignature differs 240f841b413bb8bd2af4877cb3753eac11d3bdc482d702e067df992e72784ebb != 2d841e5f6ff33687ba2a8e89c73735b82c892266d476f740b43f9fc2b4d21873
java.util.KeyValueHolder.getKey()java.lang.Object -1 codeSignature differs 14be906eafbcd0e98db8607fd01b12de837039bcd06c460d0cf8f6394c8cff6d != d74a3d991dcad2ff0132c63a48dc50da7170128a36ef27d42bfbafe23260746e
java.util.KeyValueHolder.getValue()java.lang.Object -1 codeSignature differs 90f01eeb46d88d53d0e4e48ef19445eb3bdf8101a00c7dc3f717a337df9fb41f != 3dca556ce0a4f9f9b2a7bcbcee2ecdeeb626fd493f0993079a0f91070abff97b
java.lang.module.ModuleDescriptor.packages()java.util.Set -1 codeSignature differs 1ec746d9657abb2124f404e47924197593986fc62346c6cd76072c08e29afddf != fc6683d6dbc2e9c193939db2b7b3809c7ed36f548dabbad32ce6a77af2acbb5c
java.lang.module.ResolvedModule.reference()java.lang.module.ModuleReference -1 codeSignature differs 90f01eeb46d88d53d0e4e48ef19445eb3bdf8101a00c7dc3f717a337df9fb41f != 3dca556ce0a4f9f9b2a7bcbcee2ecdeeb626fd493f0993079a0f91070abff97b
java.util.HashMap$Node.<init>(int, java.lang.Object, java.lang.Object, java.util.HashMap$Node)void -1 codeSignature differs 39d450b5e47e2ac919a643f9ac40657fc5dbcd81c8ba12d9ef05d961918f6246 != 290f837a88835d078b13bad09f99938cb96af3c622e4a7a27bbce69c773c4c77
java.lang.module.ModuleDescriptor$Version.toString()java.lang.String -1 codeSignature differs 14be906eafbcd0e98db8607fd01b12de837039bcd06c460d0cf8f6394c8cff6d != d74a3d991dcad2ff0132c63a48dc50da7170128a36ef27d42bfbafe23260746e
java.lang.AbstractStringBuilder.length()int -1 codeSignature differs d4ce072063a0e5d7b77fa03ca89aafb8f3e3ecf13c518dc1905e344d1e62c58a != 6379912ece14b3e5c494001bcdbf513550438500c9fe64692666ea4804585a5b
java.util.HashMap.newNode(int, java.lang.Object, java.lang.Object, java.util.HashMap$Node)java.util.HashMap$Node -1 codeSignature differs 0b57ad3d0ea1b0de0d3ae4d1256f2a3bf2dacceb94022bee4e70d75bf1848358 != d2c2a415cba31cf48b157817e62dcfa6745f18dc85bdd37bd358d1bb63bfa15d
java.util.HashMap.afterNodeInsertion(boolean)void -1 codeSignature differs fe534d3aac0502b22527b54e744892c09d7496fd765947a3ee3ec9a070d56f92 != 53fed571f2d162d1b06665e593acff62e94c3c2feeb837a313805208a153c804
java.lang.module.ResolvedModule.configuration()java.lang.module.Configuration -1 codeSignature differs 14be906eafbcd0e98db8607fd01b12de837039bcd06c460d0cf8f6394c8cff6d != d74a3d991dcad2ff0132c63a48dc50da7170128a36ef27d42bfbafe23260746e
java.util.HashMap.resize()java.util.HashMap$Node[] -1 codeSignature differs 7576b0e7856f50c97e6b2f313f8a881fc6ce857faa6eb4f7f0587943fb1d0559 != cd7847a13438b99e17f31a544112e61d556ac2270ffde28667b6941fbf263d7d
java.util.HashMap.resize()java.util.HashMap$Node[] -1 graphSignature differs 8621339e67ed630b148c0b60d4ece2a8f5e4dc640c7e625f721a8babedbc3813 != 907f32e8439d3100299993dcad76560e08b0f705baa3a6e36f739c5640084aa9
java.lang.module.ModuleDescriptor.isOpen()boolean -1 codeSignature differs 7251ebfc69511ba11260ce3e5fe8de41e1ee424c1c84ef382507a4b520f46599 != 68c1b93afd5159dbd52f415e41c6f206a35012c76ae6407eef42650396bf8bfc
java.util.HashMap.size()int -1 codeSignature differs 55d12884885f16e44e8204f924f64617688caf405b709d32e1e72896f6c27c3d != 602769ad44793bd98e92b9e62f8542f52d5162d04d5d1c146bc1a1f5f4eab2b1
java.util.zip.ZipCoder$UTF8ZipCoder.isUTF8()boolean -1 codeSignature differs 6e3a14458a0fca90e6a63285514a933585cea592cb622e79b33ddc5df6e0fb66 != f86c5820929a34f03b9429610f522a6efd833767bf69832ae22131f6e690fc71
jdk.internal.classfile.impl.AbstractPoolEntry.width()int -1 codeSignature differs 6e3a14458a0fca90e6a63285514a933585cea592cb622e79b33ddc5df6e0fb66 != f86c5820929a34f03b9429610f522a6efd833767bf69832ae22131f6e690fc71
jdk.internal.classfile.impl.SplitConstantPool.size()int -1 codeSignature differs 1e851f5b2cbf37c0cd46831368dd889b60dff01d7b16161259960e24b264ceb1 != 8842033c3435ba9022b0d14a05ef1a95782e7436e1f26a804596a2590677c40d
java.lang.invoke.MethodType.ptypes()java.lang.Class[] -1 codeSignature differs 90f01eeb46d88d53d0e4e48ef19445eb3bdf8101a00c7dc3f717a337df9fb41f != 3dca556ce0a4f9f9b2a7bcbcee2ecdeeb626fd493f0993079a0f91070abff97b
jdk.internal.classfile.impl.RawBytecodeHelper.bci()int -1 codeSignature differs fe46e3fea17c2bcac25676024acf43715946ed13832c36004058f315d01e6ed3 != f644854fb6e4ffc5fb86a7d696951b13023f6a472bb2253c81909dd20f94fad0
jdk.internal.classfile.impl.AbstractPoolEntry.constantPool()java.lang.classfile.constantpool.ConstantPool -1 codeSignature differs 5be282a10c496d4000571a6844c9c0bc109901813a12d3aea5364efad6a66c85 != 236f622407d0112ac18220ce2f7dd8fc95a4975bd21efedc593a420240b9e35f
java.lang.AbstractStringBuilder.getValue()byte[] -1 codeSignature differs 5be282a10c496d4000571a6844c9c0bc109901813a12d3aea5364efad6a66c85 != 236f622407d0112ac18220ce2f7dd8fc95a4975bd21efedc593a420240b9e35f
jdk.internal.constant.ClassOrInterfaceDescImpl.descriptorString()java.lang.String -1 codeSignature differs 14be906eafbcd0e98db8607fd01b12de837039bcd06c460d0cf8f6394c8cff6d != d74a3d991dcad2ff0132c63a48dc50da7170128a36ef27d42bfbafe23260746e
java.lang.String.value()byte[] -1 codeSignature differs 5be282a10c496d4000571a6844c9c0bc109901813a12d3aea5364efad6a66c85 != 236f622407d0112ac18220ce2f7dd8fc95a4975bd21efedc593a420240b9e35f
jdk.internal.classfile.impl.BufWriterImpl.size()int -1 codeSignature differs fe46e3fea17c2bcac25676024acf43715946ed13832c36004058f315d01e6ed3 != f644854fb6e4ffc5fb86a7d696951b13023f6a472bb2253c81909dd20f94fad0
Profiling started
java.nio.Buffer.limit()int -1 codeSignature differs 55d12884885f16e44e8204f924f64617688caf405b709d32e1e72896f6c27c3d != 602769ad44793bd98e92b9e62f8542f52d5162d04d5d1c146bc1a1f5f4eab2b1
java.lang.StringLatin1.equals(byte[], byte[])boolean -1 codeSignature differs 2cfeb7ca81e519d27a2f4886127bbb28eb00282f6a344501abe1cdc2705cba4e != ce6957fde94989d8dfb9f657cd698acb12bd0f01e407ce68915647520f63bd02
java.lang.StringLatin1.equals(byte[], byte[])boolean -1 graphSignature differs f47d0b1647dabd6f0108a1c873e12c6a64939992dcc9e97f79a9e6e1f1af8649 != cda1bda6b067c21da86f5c9b00220a168b94ff95811df6ee0a57435eb4ec0473
jdk.internal.classfile.impl.AbstractDirectBuilder.constantPool()jdk.internal.classfile.impl.SplitConstantPool -1 codeSignature differs 14be906eafbcd0e98db8607fd01b12de837039bcd06c460d0cf8f6394c8cff6d != d74a3d991dcad2ff0132c63a48dc50da7170128a36ef27d42bfbafe23260746e
java.lang.String.coder()byte -1 codeSignature differs f3a73f0f7ffcffdf8962f6b17b32b9d22dceb70a6321ad4e83f092ac924fb640 != 82f5235e2dbc41130ab9f332d81a84c727950ed13b523486e1cf57bd2f9bda2c
jdk.internal.util.WeakReferenceKey.hashCode()int -1 codeSignature differs 55d12884885f16e44e8204f924f64617688caf405b709d32e1e72896f6c27c3d != 602769ad44793bd98e92b9e62f8542f52d5162d04d5d1c146bc1a1f5f4eab2b1
java.lang.invoke.MethodTypeForm.erasedType()java.lang.invoke.MethodType -1 codeSignature differs 90f01eeb46d88d53d0e4e48ef19445eb3bdf8101a00c7dc3f717a337df9fb41f != 3dca556ce0a4f9f9b2a7bcbcee2ecdeeb626fd493f0993079a0f91070abff97b
jdk.internal.constant.ClassOrInterfaceDescImpl.isClassOrInterface()boolean -1 codeSignature differs 6e3a14458a0fca90e6a63285514a933585cea592cb622e79b33ddc5df6e0fb66 != f86c5820929a34f03b9429610f522a6efd833767bf69832ae22131f6e690fc71
java.util.ArrayList.size()int -1 codeSignature differs fe46e3fea17c2bcac25676024acf43715946ed13832c36004058f315d01e6ed3 != f644854fb6e4ffc5fb86a7d696951b13023f6a472bb2253c81909dd20f94fad0
java.lang.String.length()int -1 codeSignature differs 5f2a9f3bb1f4f800ea4f2ad278553dedcfc789fe27a155b26df986828b30ede3 != 65d375b72c5817a4f8af1bcdf77dbdcb452e4f9ceb60cd42724b10772bcfdc62
Starting Queens benchmark ...
Queens.getRowColumn(int, int)boolean -1 codeSignature differs 9605b8e1ec4ffedbeda1e9a75407f7db85c00dc06cdc50a1857e7ee224879bba != 7b2eb1b905b87c243de1b9ff980c874c721f63af74b88192737077f374780b6d
Queens.placeQueen(int)boolean -1 codeSignature differs 5684f205026e003f883ca608c70667ad3b9976b9991a71ab3ddb7a64fb9c1798 != f28d2309345dfab9d24693aeb42dcfc99f58db3ba2044a44c5df2a921bf0b674
java.util.Arrays.fill(boolean[], boolean)void -1 codeSignature differs 4c0ecbd87f80c78a6aa07502162ef5108b8c06df7b5c1f31f3202f651f6cfe7a != a652656899436ceb3a5e91faec644df3861b78205b9f7f5fec29a3e521fbc193
java.util.Arrays.fill(boolean[], boolean)void -1 graphSignature differs 87414be4af38647dfd041523fdd3c3dd15c7cec1d030cd952fcfbfdfd1c182b1 != a978ec8eba6139c8a1017b3a583530089157f79631fd8d96dffa6f37195d90a3
java.lang.Boolean.booleanValue()boolean -1 codeSignature differs 55af0dc4b7688c78180d5f5b00584e4bf66cf93bd60716f9aab49e7a6fd64ac4 != f48625702890d29653fc29959db5796353242ca5005d0c97563dc7641a6e9521
java.util.Arrays.fill(int[], int)void -1 codeSignature differs b522f10381549e0f649cf5f4635bca7adff70f0be8f9f37a867550b61c916fa0 != c29fb8b1a31d3360be4873b9de15c028ad8dff979eb291a1893355c1bd7e357f
java.util.Arrays.fill(int[], int)void -1 graphSignature differs aa412d48068886b38255188b90bd55c99d243a0b09965bcaaa2333c17e883c0b != 111412f09b1f25a42a04548566fa50250cc3679eb6d094ad0b3179ddc1bacfb9
Queens.queens()boolean -1 codeSignature differs 1fe0d5ba1e629d0b3edcb4f7bf87c4befd025b70b5b019c0e0a7d87c111ab442 != bd8cc4c6a92b40a5f525f139128faa14525a11341e38d3732bd11de215009112
Queens.benchmark()java.lang.Object -1 codeSignature differs 18ce62a10d011b65d32bbe5f3cf7d6c7735b3aac6c283d897e227a50bcbae2f7 != 9dda16f02bf8e5a989932d9ccff02018d6ac63b67dfb96a0d80b95ca0003159a
jdk.internal.classfile.impl.AbstractPoolEntry.hashCode()int -1 codeSignature differs fe46e3fea17c2bcac25676024acf43715946ed13832c36004058f315d01e6ed3 != f644854fb6e4ffc5fb86a7d696951b13023f6a472bb2253c81909dd20f94fad0
jdk.internal.classfile.impl.AbstractPoolEntry$ClassEntryImpl.tag()int -1 codeSignature differs 5404769be9f3dbc3cb72c5db1a8ad8dd44853cedba352c69c6db32de21c4dbb9 != 9e72aee727452f3bd7e5755029309d18662e78c7d8f6a3fef1fa786c235c1353
Queens: iterations=1 runtime: 719772us
Queens.verifyResult(java.lang.Object)boolean -1 codeSignature differs 3759a07fe5b27bd14f0f0117c77fa84a059393aebcf3818b5173b0092c65b4ee != 50e954ae391167675b1240cd79ad7a0fb9a1910bff02ed4e7b8731dd91401118
Queens: iterations=2 runtime: 251405us
Queens: iterations=3 runtime: 246403us
Queens: iterations=4 runtime: 246702us
Benchmark.innerBenchmarkLoop(int)boolean -1 codeSignature differs f99eea895a29f6687547a96dc698f458e5e60f503cc76ab6b5d3c8c0142e5479 != 12710ee6d4feeb6a566c7177c3360bdcb326746310f94f68015aeff87813c85e
Benchmark.innerBenchmarkLoop(int)boolean -1 graphSignature differs cdb01e5a876b4d22876fe4fe830f4f5aef4638516ded21cef76b0b8e64d8bc73 != 393156bcef8138f6989df5a027ba8969edf4dd42c4f0a87e426f3d0d42e62eb0
Queens: iterations=5 runtime: 267974us
Queens: iterations=6 runtime: 245791us
Queens: iterations=7 runtime: 257443us
java.nio.Buffer.position()int -1 codeSignature differs 3f64cd4fafea8a3cef87601314961681d43f2aa75c3a358c1b0ce8d9a1c4731a != f5a100836d3b6c24d5617122379fdd07d38ba4b008ea9ae91e48aa3956773271
Queens: iterations=8 runtime: 254166us
Queens: iterations=9 runtime: 246142us
Queens: iterations=10 runtime: 245198us
Queens: iterations=11 runtime: 245443us
Queens: iterations=12 runtime: 246112us
Queens: iterations=13 runtime: 244483us
Queens: iterations=14 runtime: 244500us
Queens: iterations=15 runtime: 245558us
Queens: iterations=16 runtime: 245678us
Queens: iterations=17 runtime: 244645us
Queens: iterations=18 runtime: 244589us
Queens: iterations=19 runtime: 244703us
Queens: iterations=20 runtime: 245220us
Queens: iterations=21 runtime: 245332us
Queens: iterations=22 runtime: 245530us
Queens: iterations=23 runtime: 244438us
Queens: iterations=24 runtime: 248131us
Queens: iterations=25 runtime: 245048us
Queens: iterations=26 runtime: 245038us
Queens: iterations=27 runtime: 244949us
Queens: iterations=28 runtime: 244653us
Queens: iterations=29 runtime: 244909us
Queens: iterations=30 runtime: 245281us
Queens: iterations=31 runtime: 244493us
Queens: iterations=32 runtime: 246760us
Queens: iterations=33 runtime: 246079us
Queens: iterations=34 runtime: 245611us
Queens: iterations=35 runtime: 244852us
Queens: iterations=36 runtime: 244577us
Queens: iterations=37 runtime: 245109us
Queens: iterations=38 runtime: 245348us
Queens: iterations=39 runtime: 244871us
Queens: iterations=40 runtime: 244551us
Queens: iterations=41 runtime: 245184us
Queens: iterations=42 runtime: 245993us
Queens: iterations=43 runtime: 245178us
Queens: iterations=44 runtime: 246619us
Queens: iterations=45 runtime: 246132us
Queens: iterations=46 runtime: 248457us
Queens: iterations=47 runtime: 244885us
Queens: iterations=48 runtime: 244749us
Queens: iterations=49 runtime: 245020us
Queens: iterations=50 runtime: 244702us
Queens: iterations=51 runtime: 245237us
Queens: iterations=52 runtime: 246494us
Queens: iterations=53 runtime: 246018us
Queens: iterations=54 runtime: 245085us
Queens: iterations=55 runtime: 244327us
Queens: iterations=56 runtime: 244215us
Queens: iterations=57 runtime: 244815us
Queens: iterations=58 runtime: 244622us
Queens: iterations=59 runtime: 244696us
Queens: iterations=60 runtime: 243974us
Queens: iterations=61 runtime: 244368us
Queens: iterations=62 runtime: 243807us
Queens: iterations=63 runtime: 243829us
Queens: iterations=64 runtime: 291960us
Queens: iterations=65 runtime: 245368us
Queens: iterations=66 runtime: 245125us
Queens: iterations=67 runtime: 245237us
Queens: iterations=68 runtime: 244928us
Queens: iterations=69 runtime: 249180us
Queens: iterations=70 runtime: 246502us
Queens: iterations=71 runtime: 245609us
Queens: iterations=72 runtime: 244785us
Queens: iterations=73 runtime: 246433us
Queens: iterations=74 runtime: 244968us
Queens: iterations=75 runtime: 242668us
Queens: iterations=76 runtime: 246324us
Queens: iterations=77 runtime: 242538us
Queens: iterations=78 runtime: 243063us
java.nio.Buffer.capacity()int -1 codeSignature differs 138bc711c3bed648b8548df225303894eec321dce856bde9fbb2267d74239e89 != b84da6c168a864b24de57055760067fff8c97c57c508d6b8c6ea52df12fe61fe
Queens: iterations=79 runtime: 243168us
Queens: iterations=80 runtime: 245114us
Queens: iterations=81 runtime: 244407us
Queens: iterations=82 runtime: 242804us
Queens: iterations=83 runtime: 243082us
Queens: iterations=84 runtime: 243166us
Queens: iterations=85 runtime: 243579us
Queens: iterations=86 runtime: 243282us
Queens: iterations=87 runtime: 242834us
Queens: iterations=88 runtime: 243260us
Queens: iterations=89 runtime: 243345us
Queens: iterations=90 runtime: 243482us
Queens: iterations=91 runtime: 245566us
Queens: iterations=92 runtime: 242652us
Queens: iterations=93 runtime: 244574us
Queens: iterations=94 runtime: 244205us
Queens: iterations=95 runtime: 243604us
Queens: iterations=96 runtime: 243768us
Queens: iterations=97 runtime: 243890us
Queens: iterations=98 runtime: 243195us
Queens: iterations=99 runtime: 243303us
Queens: iterations=100 runtime: 243497us
Queens: iterations=101 runtime: 243715us
Queens: iterations=102 runtime: 244004us
Queens: iterations=103 runtime: 244634us
Queens: iterations=104 runtime: 244072us
Queens: iterations=105 runtime: 244026us
Queens: iterations=106 runtime: 243527us
Queens: iterations=107 runtime: 243805us
Queens: iterations=108 runtime: 244301us
Queens: iterations=109 runtime: 243820us
Queens: iterations=110 runtime: 243960us
Queens: iterations=111 runtime: 243424us
Queens: iterations=112 runtime: 244194us
Queens: iterations=113 runtime: 248033us
Queens: iterations=114 runtime: 246059us
java.nio.charset.CharsetEncoder.maxBytesPerChar()float -1 codeSignature differs d0dc63dd2361c2989cb14e4cf77bfb3442e0a43d3c92bbd78638646fefb8363f != fc84c03091d44b6099141a22fdb9f6cfabe66e5026a15b0d60a828a10b5481b9
Queens: iterations=115 runtime: 244572us
Queens: iterations=116 runtime: 245307us
Queens: iterations=117 runtime: 244954us
Queens: iterations=118 runtime: 245145us
Queens: iterations=119 runtime: 244506us
Queens: iterations=120 runtime: 244435us
Queens: iterations=121 runtime: 244704us
Queens: iterations=122 runtime: 243629us
Queens: iterations=123 runtime: 244189us
Queens: iterations=124 runtime: 244248us
Queens: iterations=125 runtime: 244417us
Queens: iterations=126 runtime: 244363us
Queens: iterations=127 runtime: 243966us
Queens: iterations=128 runtime: 244342us
Queens: iterations=129 runtime: 244551us
Queens: iterations=130 runtime: 244880us
Queens: iterations=131 runtime: 244905us
Queens: iterations=132 runtime: 243787us
Queens: iterations=133 runtime: 245162us
Queens: iterations=134 runtime: 245367us
Queens: iterations=135 runtime: 246951us
Queens: iterations=136 runtime: 244557us
Queens: iterations=137 runtime: 244510us
Queens: iterations=138 runtime: 243842us
Queens: iterations=139 runtime: 244699us
Queens: iterations=140 runtime: 244120us
Queens: iterations=141 runtime: 245977us
Queens: iterations=142 runtime: 243773us
Queens: iterations=143 runtime: 244043us
Queens: iterations=144 runtime: 244229us
Queens: iterations=145 runtime: 244543us
Queens: iterations=146 runtime: 244158us
Queens: iterations=147 runtime: 244550us
Queens: iterations=148 runtime: 243609us
Queens: iterations=149 runtime: 243506us
Queens: iterations=150 runtime: 243641us
Queens: iterations=151 runtime: 244700us
Queens: iterations=152 runtime: 243425us
Queens: iterations=153 runtime: 244165us
Queens: iterations=154 runtime: 245506us
Queens: iterations=155 runtime: 244574us
Queens: iterations=156 runtime: 243434us
Queens: iterations=157 runtime: 250831us
Queens: iterations=158 runtime: 256538us
Queens: iterations=159 runtime: 244366us
Queens: iterations=160 runtime: 244283us
Queens: iterations=161 runtime: 244078us
Queens: iterations=162 runtime: 244606us
Queens: iterations=163 runtime: 244054us
Queens: iterations=164 runtime: 244169us
Queens: iterations=165 runtime: 244212us
Queens: iterations=166 runtime: 244679us
Queens: iterations=167 runtime: 244719us
Queens: iterations=168 runtime: 246330us
Queens: iterations=169 runtime: 244154us
Queens: iterations=170 runtime: 244215us
Queens: iterations=171 runtime: 244648us
Queens: iterations=172 runtime: 244630us
Queens: iterations=173 runtime: 244298us
Queens: iterations=174 runtime: 245400us
Queens: iterations=175 runtime: 245122us
Queens: iterations=176 runtime: 244165us
Queens: iterations=177 runtime: 244494us
Queens: iterations=178 runtime: 245217us
Queens: iterations=179 runtime: 243867us
Queens: iterations=180 runtime: 246804us
Queens: iterations=181 runtime: 244576us
Queens: iterations=182 runtime: 243888us
Queens: iterations=183 runtime: 242958us
Queens: iterations=184 runtime: 244154us
Queens: iterations=185 runtime: 244541us
Queens: iterations=186 runtime: 244051us
Queens: iterations=187 runtime: 243635us
Queens: iterations=188 runtime: 244343us
Queens: iterations=189 runtime: 243331us
Queens: iterations=190 runtime: 244457us
Queens: iterations=191 runtime: 244085us
Queens: iterations=192 runtime: 244938us
Queens: iterations=193 runtime: 244004us
Queens: iterations=194 runtime: 243495us
Queens: iterations=195 runtime: 247213us
Queens: iterations=196 runtime: 244997us
Queens: iterations=197 runtime: 243091us
Queens: iterations=198 runtime: 243553us
Queens: iterations=199 runtime: 243264us
Queens: iterations=200 runtime: 243972us
Queens: iterations=201 runtime: 243642us
Queens: iterations=202 runtime: 247604us
Queens: iterations=203 runtime: 245082us
Queens: iterations=204 runtime: 244012us
Queens: iterations=205 runtime: 244810us
Queens: iterations=206 runtime: 244187us
Queens: iterations=207 runtime: 244795us
Queens: iterations=208 runtime: 244619us
Queens: iterations=209 runtime: 244131us
Queens: iterations=210 runtime: 244549us
Queens: iterations=211 runtime: 244538us
Queens: iterations=212 runtime: 244139us
Queens: iterations=213 runtime: 244463us
Queens: iterations=214 runtime: 244053us
Queens: iterations=215 runtime: 245355us
Queens: iterations=216 runtime: 246013us
Queens: iterations=217 runtime: 244272us
Queens: iterations=218 runtime: 244572us
Queens: iterations=219 runtime: 243688us
Queens: iterations=220 runtime: 244599us
Queens: iterations=221 runtime: 244925us
Queens: iterations=222 runtime: 244401us
Queens: iterations=223 runtime: 244269us
Queens: iterations=224 runtime: 247280us
Queens: iterations=225 runtime: 244228us
Queens: iterations=226 runtime: 244514us
Queens: iterations=227 runtime: 244042us
Queens: iterations=228 runtime: 243708us
Queens: iterations=229 runtime: 243901us
Queens: iterations=230 runtime: 243617us
Queens: iterations=231 runtime: 243833us
Queens: iterations=232 runtime: 243441us
Queens: iterations=233 runtime: 244749us
Queens: iterations=234 runtime: 243642us
Queens: iterations=235 runtime: 244239us
Queens: iterations=236 runtime: 245001us
Queens: iterations=237 runtime: 244375us
Queens: iterations=238 runtime: 243828us
Queens: iterations=239 runtime: 244797us
Queens: iterations=240 runtime: 244355us
Queens: iterations=241 runtime: 244078us
Queens: iterations=242 runtime: 244264us
Queens: iterations=243 runtime: 244128us
Queens: iterations=244 runtime: 243245us
Queens: iterations=245 runtime: 243888us
Queens: iterations=246 runtime: 246058us
Queens: iterations=247 runtime: 244359us
Queens: iterations=248 runtime: 243972us
Queens: iterations=249 runtime: 243698us
Queens: iterations=250 runtime: 244489us
Queens: iterations=251 runtime: 244372us
Queens: iterations=252 runtime: 262518us
Queens: iterations=253 runtime: 244486us
Queens: iterations=254 runtime: 243749us
Queens: iterations=255 runtime: 242964us
Queens: iterations=256 runtime: 244735us
Queens: iterations=257 runtime: 244735us
Queens: iterations=258 runtime: 243743us
Queens: iterations=259 runtime: 244133us
Queens: iterations=260 runtime: 244109us
Queens: iterations=261 runtime: 243896us
Queens: iterations=262 runtime: 245441us
Queens: iterations=263 runtime: 244856us
Queens: iterations=264 runtime: 244165us
Queens: iterations=265 runtime: 243602us
Queens: iterations=266 runtime: 244138us
Queens: iterations=267 runtime: 243607us
Queens: iterations=268 runtime: 246446us
Queens: iterations=269 runtime: 244327us
Queens: iterations=270 runtime: 244989us
Queens: iterations=271 runtime: 244389us
Queens: iterations=272 runtime: 244473us
Queens: iterations=273 runtime: 244058us
Queens: iterations=274 runtime: 246043us
Queens: iterations=275 runtime: 244562us
Queens: iterations=276 runtime: 245265us
Queens: iterations=277 runtime: 245409us
Queens: iterations=278 runtime: 244443us
Queens: iterations=279 runtime: 243504us
Queens: iterations=280 runtime: 243927us
Queens: iterations=281 runtime: 244382us
Queens: iterations=282 runtime: 244376us
Queens: iterations=283 runtime: 244179us
Queens: iterations=284 runtime: 243848us
Queens: iterations=285 runtime: 243598us
Queens: iterations=286 runtime: 243906us
Queens: iterations=287 runtime: 244024us
Queens: iterations=288 runtime: 243666us
Queens: iterations=289 runtime: 246766us
Queens: iterations=290 runtime: 244008us
Queens: iterations=291 runtime: 246136us
Queens: iterations=292 runtime: 243825us
Queens: iterations=293 runtime: 243420us
Queens: iterations=294 runtime: 244286us
Queens: iterations=295 runtime: 243970us
Queens: iterations=296 runtime: 243758us
Queens: iterations=297 runtime: 245296us
Queens: iterations=298 runtime: 245309us
Queens: iterations=299 runtime: 245424us
Queens: iterations=300 runtime: 243861us
Queens: iterations=301 runtime: 244284us
Queens: iterations=302 runtime: 243238us
Queens: iterations=303 runtime: 243771us
Queens: iterations=304 runtime: 243929us
Queens: iterations=305 runtime: 243070us
Queens: iterations=306 runtime: 243723us
Queens: iterations=307 runtime: 243880us
Queens: iterations=308 runtime: 244239us
Queens: iterations=309 runtime: 252829us
Queens: iterations=310 runtime: 243611us
Queens: iterations=311 runtime: 243665us
Queens: iterations=312 runtime: 244249us
Queens: iterations=313 runtime: 246039us
Queens: iterations=314 runtime: 244705us
Queens: iterations=315 runtime: 245894us
Queens: iterations=316 runtime: 243920us
Queens: iterations=317 runtime: 244504us
Queens: iterations=318 runtime: 244934us
Queens: iterations=319 runtime: 243302us
Queens: iterations=320 runtime: 244592us
Queens: iterations=321 runtime: 243618us
Queens: iterations=322 runtime: 243572us
Queens: iterations=323 runtime: 243423us
Queens: iterations=324 runtime: 243138us
Queens: iterations=325 runtime: 243423us
Queens: iterations=326 runtime: 243621us
Queens: iterations=327 runtime: 244846us
Queens: iterations=328 runtime: 243140us
Queens: iterations=329 runtime: 243638us
Queens: iterations=330 runtime: 244115us
Queens: iterations=331 runtime: 243484us
Queens: iterations=332 runtime: 242885us
Queens: iterations=333 runtime: 243461us
Queens: iterations=334 runtime: 243648us
Queens: iterations=335 runtime: 247923us
Queens: iterations=336 runtime: 244639us
Queens: iterations=337 runtime: 244618us
Queens: iterations=338 runtime: 245966us
Queens: iterations=339 runtime: 246646us
Queens: iterations=340 runtime: 246775us
Queens: iterations=341 runtime: 245417us
Queens: iterations=342 runtime: 245216us
Queens: iterations=343 runtime: 245289us
Queens: iterations=344 runtime: 246190us
Queens: iterations=345 runtime: 244328us
Queens: iterations=346 runtime: 244962us
Queens: iterations=347 runtime: 245052us
Queens: iterations=348 runtime: 245170us
Queens: iterations=349 runtime: 245377us
Queens: iterations=350 runtime: 245305us
Queens: iterations=351 runtime: 245698us
Queens: iterations=352 runtime: 244767us
Queens: iterations=353 runtime: 245563us
Queens: iterations=354 runtime: 244979us
Queens: iterations=355 runtime: 245343us
Queens: iterations=356 runtime: 245383us
Queens: iterations=357 runtime: 247490us
Queens: iterations=358 runtime: 245706us
Queens: iterations=359 runtime: 246450us
Queens: iterations=360 runtime: 244335us
Queens: iterations=361 runtime: 244012us
Queens: iterations=362 runtime: 245368us
Queens: iterations=363 runtime: 244929us
Queens: iterations=364 runtime: 244696us
Queens: iterations=365 runtime: 244796us
Queens: iterations=366 runtime: 245026us
Queens: iterations=367 runtime: 245417us
Queens: iterations=368 runtime: 244551us
Queens: iterations=369 runtime: 245439us
Queens: iterations=370 runtime: 244199us
Queens: iterations=371 runtime: 244597us
Queens: iterations=372 runtime: 245209us
Queens: iterations=373 runtime: 245128us
Queens: iterations=374 runtime: 244879us
Queens: iterations=375 runtime: 245290us
Queens: iterations=376 runtime: 246169us
Queens: iterations=377 runtime: 244628us
Queens: iterations=378 runtime: 245156us
Queens: iterations=379 runtime: 247222us
Queens: iterations=380 runtime: 245362us
Queens: iterations=381 runtime: 245582us
Queens: iterations=382 runtime: 245409us
Queens: iterations=383 runtime: 245256us
Queens: iterations=384 runtime: 245281us
Queens: iterations=385 runtime: 244874us
Queens: iterations=386 runtime: 244855us
Queens: iterations=387 runtime: 245018us
Queens: iterations=388 runtime: 244902us
Queens: iterations=389 runtime: 245657us
Queens: iterations=390 runtime: 246466us
Queens: iterations=391 runtime: 245091us
Queens: iterations=392 runtime: 245189us
Queens: iterations=393 runtime: 245301us
Queens: iterations=394 runtime: 245106us
Queens: iterations=395 runtime: 244948us
Queens: iterations=396 runtime: 245014us
Queens: iterations=397 runtime: 245217us
Queens: iterations=398 runtime: 244777us
Queens: iterations=399 runtime: 246993us
Queens: iterations=400 runtime: 245987us
Queens: iterations=401 runtime: 246005us
Queens: iterations=402 runtime: 264761us
Queens: iterations=403 runtime: 245439us
Queens: iterations=404 runtime: 245302us
Queens: iterations=405 runtime: 245117us
Queens: iterations=406 runtime: 243999us
Queens: iterations=407 runtime: 244661us
Queens: iterations=408 runtime: 244489us
Queens: iterations=409 runtime: 244576us
Queens: iterations=410 runtime: 244339us
Queens: iterations=411 runtime: 245076us
Queens: iterations=412 runtime: 244913us
Queens: iterations=413 runtime: 244881us
Queens: iterations=414 runtime: 243850us
Queens: iterations=415 runtime: 244667us
Queens: iterations=416 runtime: 244539us
java.lang.StringLatin1.inflate(byte[], int, char[], int, int)void -1 codeSignature differs d12363b0fa944c3141709d1d15ff92c10bb825ce967b2050b65342abfb7722e9 != 7229d185807c5eb1f821125a028c07df1ddeaa104c27495e511e6ad0d767c33a
java.lang.StringLatin1.inflate(byte[], int, char[], int, int)void -1 graphSignature differs 17e6f3ed6596e5d6840a8a77065c9470c41838c2630b4535538ec163efd33e69 != e838eb1809aadd841c1ff5fe2e7a1043b73670d291c51dcf64d0aae8eaa2b7e0
Queens: iterations=417 runtime: 245385us
Queens: iterations=418 runtime: 244661us
Queens: iterations=419 runtime: 245904us
Queens: iterations=420 runtime: 246329us
Queens: iterations=421 runtime: 245329us
Queens: iterations=422 runtime: 244446us
Queens: iterations=423 runtime: 245343us
Queens: iterations=424 runtime: 248167us
Queens: iterations=425 runtime: 244700us
Queens: iterations=426 runtime: 245153us
Queens: iterations=427 runtime: 244987us
Queens: iterations=428 runtime: 245513us
Queens: iterations=429 runtime: 245955us
Queens: iterations=430 runtime: 245421us
Queens: iterations=431 runtime: 245375us
Queens: iterations=432 runtime: 245120us
Queens: iterations=433 runtime: 246269us
Queens: iterations=434 runtime: 244993us
Queens: iterations=435 runtime: 245660us
Queens: iterations=436 runtime: 245800us
Queens: iterations=437 runtime: 245531us
Queens: iterations=438 runtime: 245312us
Queens: iterations=439 runtime: 246153us
Queens: iterations=440 runtime: 246474us
Queens: iterations=441 runtime: 244934us
Queens: iterations=442 runtime: 245900us
Queens: iterations=443 runtime: 245761us
Queens: iterations=444 runtime: 245133us
Queens: iterations=445 runtime: 245264us
Queens: iterations=446 runtime: 247041us
Queens: iterations=447 runtime: 245104us
Queens: iterations=448 runtime: 244817us
Queens: iterations=449 runtime: 244816us
Queens: iterations=450 runtime: 245593us
Queens: iterations=451 runtime: 244810us
Queens: iterations=452 runtime: 246400us
Queens: iterations=453 runtime: 245318us
Queens: iterations=454 runtime: 245468us
Queens: iterations=455 runtime: 245117us
Queens: iterations=456 runtime: 244251us
Queens: iterations=457 runtime: 245050us
Queens: iterations=458 runtime: 245802us
Queens: iterations=459 runtime: 244496us
Queens: iterations=460 runtime: 246060us
Queens: iterations=461 runtime: 246432us
Queens: iterations=462 runtime: 245300us
Queens: iterations=463 runtime: 245139us
Queens: iterations=464 runtime: 244279us
Queens: iterations=465 runtime: 245188us
Queens: iterations=466 runtime: 246173us
Queens: iterations=467 runtime: 245223us
Queens: iterations=468 runtime: 246793us
Queens: iterations=469 runtime: 245737us
Queens: iterations=470 runtime: 244951us
Queens: iterations=471 runtime: 245567us
Queens: iterations=472 runtime: 245660us
Queens: iterations=473 runtime: 245610us
Queens: iterations=474 runtime: 246042us
Queens: iterations=475 runtime: 245156us
Queens: iterations=476 runtime: 245136us
Queens: iterations=477 runtime: 246338us
Queens: iterations=478 runtime: 245664us
Queens: iterations=479 runtime: 245215us
Queens: iterations=480 runtime: 245346us
Queens: iterations=481 runtime: 246697us
Queens: iterations=482 runtime: 245922us
Queens: iterations=483 runtime: 245260us
Queens: iterations=484 runtime: 245859us
Queens: iterations=485 runtime: 245512us
Queens: iterations=486 runtime: 245990us
Queens: iterations=487 runtime: 244995us
Queens: iterations=488 runtime: 245155us
Queens: iterations=489 runtime: 245104us
Queens: iterations=490 runtime: 247877us
Queens: iterations=491 runtime: 245641us
Queens: iterations=492 runtime: 245043us
Queens: iterations=493 runtime: 246222us
Queens: iterations=494 runtime: 245760us
Queens: iterations=495 runtime: 251389us
Queens: iterations=496 runtime: 258301us
Queens: iterations=497 runtime: 245647us
Queens: iterations=498 runtime: 245143us
Queens: iterations=499 runtime: 244567us
Queens: iterations=500 runtime: 246035us
jdk.internal.constant.PrimitiveClassDescImpl.descriptorString()java.lang.String -1 codeSignature differs 7722674ec43cccc19227bd0fe31433696da3716816c65b03f1730e1c0254917a != 2859d17d681828116974698ed904c3f2d6f285799222904b89fcd6ff7a2f986f
Queens: iterations=500 average: 246121us total: 123060637us


Total Runtime: 123060637us
Bubo.RDTSC.Harness.main Total RDTSC cycles: 408492782210
