Could not locate BlockSlowdown.json
Skipping Loading (this might cause a fatal crash if GTSlowdown is on)
[Use -Djdk.graal.LogFile=<path> to redirect Graal log output to a file.]
java.lang.module.ModuleDescriptor.name()java.lang.String -1 codeSignature differs 5be282a10c496d4000571a6844c9c0bc109901813a12d3aea5364efad6a66c85 != 236f622407d0112ac18220ce2f7dd8fc95a4975bd21efedc593a420240b9e35f
java.lang.module.ModuleReference.descriptor()java.lang.module.ModuleDescriptor -1 codeSignature differs 14be906eafbcd0e98db8607fd01b12de837039bcd06c460d0cf8f6394c8cff6d != d74a3d991dcad2ff0132c63a48dc50da7170128a36ef27d42bfbafe23260746e
java.lang.Enum.ordinal()int -1 codeSignature differs d4ce072063a0e5d7b77fa03ca89aafb8f3e3ecf13c518dc1905e344d1e62c58a != 6379912ece14b3e5c494001bcdbf513550438500c9fe64692666ea4804585a5b
java.lang.Class.isPrimitive()boolean -1 codeSignature differs 98ab40cf2ebcc843a57e4548f9a42e2e9f3f439b3cfc72b2a9affe72c8d06a5f != 3e78a4a854866f13977dcbf9876f9c5a148d0cfe8abd55bad528a298e2ab0d37
jdk.internal.util.StrongReferenceKey.get()java.lang.Object -1 codeSignature differs 14be906eafbcd0e98db8607fd01b12de837039bcd06c460d0cf8f6394c8cff6d != d74a3d991dcad2ff0132c63a48dc50da7170128a36ef27d42bfbafe23260746e
java.lang.Class.getClassLoader()java.lang.ClassLoader -1 codeSignature differs 1ec746d9657abb2124f404e47924197593986fc62346c6cd76072c08e29afddf != fc6683d6dbc2e9c193939db2b7b3809c7ed36f548dabbad32ce6a77af2acbb5c
java.lang.invoke.MethodType.returnType()java.lang.Class -1 codeSignature differs 14be906eafbcd0e98db8607fd01b12de837039bcd06c460d0cf8f6394c8cff6d != d74a3d991dcad2ff0132c63a48dc50da7170128a36ef27d42bfbafe23260746e
jdk.internal.classfile.impl.AbstractPoolEntry.index()int -1 codeSignature differs d4ce072063a0e5d7b77fa03ca89aafb8f3e3ecf13c518dc1905e344d1e62c58a != 6379912ece14b3e5c494001bcdbf513550438500c9fe64692666ea4804585a5b
java.lang.invoke.MemberName.getDeclaringClass()java.lang.Class -1 codeSignature differs b46e439bc51650ff335d2a7124f0b0154f260fe1af8ba145c6fd3cf5008c9e4e != 65875f01c4739b3690cfc99e32978813efde10140dd67c4d7a0e3015e243befa
java.lang.invoke.MethodType.form()java.lang.invoke.MethodTypeForm -1 codeSignature differs 5be282a10c496d4000571a6844c9c0bc109901813a12d3aea5364efad6a66c85 != 236f622407d0112ac18220ce2f7dd8fc95a4975bd21efedc593a420240b9e35f
java.util.stream.FindOps$FindSink.cancellationRequested()boolean -1 codeSignature differs 55af0dc4b7688c78180d5f5b00584e4bf66cf93bd60716f9aab49e7a6fd64ac4 != f48625702890d29653fc29959db5796353242ca5005d0c97563dc7641a6e9521
java.lang.Object.<init>()void -1 codeSignature differs fe534d3aac0502b22527b54e744892c09d7496fd765947a3ee3ec9a070d56f92 != 53fed571f2d162d1b06665e593acff62e94c3c2feeb837a313805208a153c804
jdk.internal.module.ModuleReferenceImpl.moduleResolution()jdk.internal.module.ModuleResolution -1 codeSignature differs b76db95b8fd3a055b26c3a6c15023743ea3cd488646d474319964a2e9e13b73e != acecf092198f6e600ae574ae88f94c3dcc124dff78fd33d38e7503cf1de4cb84
java.lang.String.hashCode()int -1 codeSignature differs cd869c87835ef8242ee90410caccd8a61a63cd99231e11f83fcdc76366e70264 != 4af57cd2c352f504d9843ac55232e6c06b59ac42ecb11ac71e7928d819941700
java.lang.module.ModuleDescriptor$Requires.modifiers()java.util.Set -1 codeSignature differs 14be906eafbcd0e98db8607fd01b12de837039bcd06c460d0cf8f6394c8cff6d != d74a3d991dcad2ff0132c63a48dc50da7170128a36ef27d42bfbafe23260746e
java.lang.module.ModuleDescriptor$Requires.name()java.lang.String -1 codeSignature differs 90f01eeb46d88d53d0e4e48ef19445eb3bdf8101a00c7dc3f717a337df9fb41f != 3dca556ce0a4f9f9b2a7bcbcee2ecdeeb626fd493f0993079a0f91070abff97b
java.lang.module.ModuleDescriptor.requires()java.util.Set -1 codeSignature differs 50021c78154f047ad8f88f0733084203e726ca2f3911eed3f4e2615369ae39b2 != 38c64b25607c18539afa677dc017db8b0b2e69cd25c409ff2fbbda9b724f85b9
java.lang.module.ModuleDescriptor.isAutomatic()boolean -1 codeSignature differs 2c5d9434fa6cbff1c0177053ad01774247e7a98383a3d0ee5c4dccbf56bf9e86 != 573ad2b7aa6bd940d385aadba08b49259d18cc84676cb0e7d2bc6bb2b3a188b0
java.util.HashMap$Node.getKey()java.lang.Object -1 codeSignature differs 90f01eeb46d88d53d0e4e48ef19445eb3bdf8101a00c7dc3f717a337df9fb41f != 3dca556ce0a4f9f9b2a7bcbcee2ecdeeb626fd493f0993079a0f91070abff97b
java.util.HashMap$Node.getValue()java.lang.Object -1 codeSignature differs 5be282a10c496d4000571a6844c9c0bc109901813a12d3aea5364efad6a66c85 != 236f622407d0112ac18220ce2f7dd8fc95a4975bd21efedc593a420240b9e35f
java.util.ImmutableCollections$Set12.isEmpty()boolean -1 codeSignature differs d890ffc04cd03ec866061096d7d13d2670cacc5a2328b692374e3523d40574bd != 55a5cc963fc3641936c496e734b67cb2da5b04dc6786193efb958b4650f80fcc
java.lang.module.ModuleDescriptor$Exports.source()java.lang.String -1 codeSignature differs 90f01eeb46d88d53d0e4e48ef19445eb3bdf8101a00c7dc3f717a337df9fb41f != 3dca556ce0a4f9f9b2a7bcbcee2ecdeeb626fd493f0993079a0f91070abff97b
java.lang.module.ModuleDescriptor$Exports.targets()java.util.Set -1 codeSignature differs 5be282a10c496d4000571a6844c9c0bc109901813a12d3aea5364efad6a66c85 != 236f622407d0112ac18220ce2f7dd8fc95a4975bd21efedc593a420240b9e35f
java.lang.module.ModuleDescriptor.provides()java.util.Set -1 codeSignature differs 309d9291f2d3c2a63becdec49b2c74b25af9d7fdc62dad05faf86a64889608fc != ac8620023b60722a9bd4c025af16c863bb01ff2e1485a56d1a0e66cae8c98d9f
java.lang.module.ModuleDescriptor.exports()java.util.Set -1 codeSignature differs 948d21eddb9ad191efbc24290e4e840a30aebb134151b75def9175ab54c0a48c != 64b1f8caa863f256c52a850b78b1f50f6cb4cdbb0fd449ebc0f6c33942f7e576
java.util.ImmutableCollections$SetN$SetNIterator.hasNext()boolean -1 codeSignature differs 014069b9d29ae67f97f8d652b8d7a77d9057cdb393e4e32597c925d7a30bdc82 != 68bedb7c2b89fc57eca6528f835388a812a6a51c19835f3ca5c045deed27b552
java.lang.module.ModuleDescriptor.uses()java.util.Set -1 codeSignature differs e3ce51591a4fee3aaff0c687fbb639bc8c1569c92e84d989cdc906a081a3aa6f != a28d016eade96af94b1490585bd89e875ca450bc08a58e964a7e2d9c660f535c
Requesting uncached profile for bci 32 in java.util.ImmutableCollections$SetN$SetNIterator.next()java.lang.Object method getBytecodeProfile
Requesting uncached profile for bci 32 in java.util.ImmutableCollections$SetN$SetNIterator.next()java.lang.Object method getBranchTakenProbability
java.util.ImmutableCollections$SetN$SetNIterator.next()java.lang.Object -1 codeSignature differs e1fe95f08e9a54f528c00088fcbfa159f3bad00b96b954e867ee6f3fb841619e != 9ada83417ac793d7136a278090746c2f10c77204a30d308441be04e5065b2590
java.util.ImmutableCollections$SetN$SetNIterator.next()java.lang.Object -1 graphSignature differs b05d592371fcce917a90fc28debaf21f7e7532d4836b1c9812ac396e129c7095 != 920e12a7ee41cc3a0a3487d03bd48833bfc4e8d416bdbae7234f8ba199084b4d
java.lang.module.ModuleDescriptor$Provides.service()java.lang.String -1 codeSignature differs 14be906eafbcd0e98db8607fd01b12de837039bcd06c460d0cf8f6394c8cff6d != d74a3d991dcad2ff0132c63a48dc50da7170128a36ef27d42bfbafe23260746e
java.util.HashMap.hash(java.lang.Object)int -1 codeSignature differs 8cb286e7f7d5975ea935263d08ccaec42b6d86ddc4c9a7dd1917ca9c8d666cad != f20a234d72db6a60761a0e2852896c5d0d1a7041448df29d1ff23f02d340c10e
java.lang.module.ModuleDescriptor$Exports.isQualified()boolean -1 codeSignature differs 9769f67fce0a6b92226794f1d26ff4969587e8669b18080bd0258524223bf914 != c4ef0f275104a1e958c2c9ec698ec9c8d123716b32318c68dbec9f28b41d687c
java.util.HashMap.putVal(int, java.lang.Object, java.lang.Object, boolean, boolean)java.lang.Object -1 codeSignature differs 52f21276f81aae12fcbbe4a5aada87b75ff8337db6aa4a6255536f574ede8b50 != 48cde77465f02fc92b8d2f71fcd7a722c7a258bba2824bbcfbdfe7ac2ac545dd
java.util.HashMap.putVal(int, java.lang.Object, java.lang.Object, boolean, boolean)java.lang.Object -1 graphSignature differs ee09f2c8e8aef299f145f669ac6d290ab921c200bee62674b2ab14a5f207c19a != 27ba10a12906ca5a4eaa0ddbdb8cdbd97a0a183d21916ae0dce244a079058c87
java.lang.String.equals(java.lang.Object)boolean -1 codeSignature differs f5747f05d8cb43a0e84b3d89443c10d37c72a20d9b0342eb86834299bed80ca6 != 119dc6e6665ec6b4c44f1e420beb3682c6794e4c2205f6f17310bd0f4f948907
java.lang.String.equals(java.lang.Object)boolean -1 graphSignature differs 240f841b413bb8bd2af4877cb3753eac11d3bdc482d702e067df992e72784ebb != 2d841e5f6ff33687ba2a8e89c73735b82c892266d476f740b43f9fc2b4d21873
java.util.KeyValueHolder.getKey()java.lang.Object -1 codeSignature differs 14be906eafbcd0e98db8607fd01b12de837039bcd06c460d0cf8f6394c8cff6d != d74a3d991dcad2ff0132c63a48dc50da7170128a36ef27d42bfbafe23260746e
java.util.KeyValueHolder.getValue()java.lang.Object -1 codeSignature differs 90f01eeb46d88d53d0e4e48ef19445eb3bdf8101a00c7dc3f717a337df9fb41f != 3dca556ce0a4f9f9b2a7bcbcee2ecdeeb626fd493f0993079a0f91070abff97b
java.lang.module.ModuleDescriptor.packages()java.util.Set -1 codeSignature differs 1ec746d9657abb2124f404e47924197593986fc62346c6cd76072c08e29afddf != fc6683d6dbc2e9c193939db2b7b3809c7ed36f548dabbad32ce6a77af2acbb5c
java.lang.module.ResolvedModule.reference()java.lang.module.ModuleReference -1 codeSignature differs 90f01eeb46d88d53d0e4e48ef19445eb3bdf8101a00c7dc3f717a337df9fb41f != 3dca556ce0a4f9f9b2a7bcbcee2ecdeeb626fd493f0993079a0f91070abff97b
java.util.HashMap$Node.<init>(int, java.lang.Object, java.lang.Object, java.util.HashMap$Node)void -1 codeSignature differs d7dcdd472e89ff5d27a11a8263f34ba9a310d41dd7268ef62921c6b02f4e2cac != 290f837a88835d078b13bad09f99938cb96af3c622e4a7a27bbce69c773c4c77
java.lang.module.ModuleDescriptor$Version.toString()java.lang.String -1 codeSignature differs 14be906eafbcd0e98db8607fd01b12de837039bcd06c460d0cf8f6394c8cff6d != d74a3d991dcad2ff0132c63a48dc50da7170128a36ef27d42bfbafe23260746e
java.lang.AbstractStringBuilder.length()int -1 codeSignature differs d4ce072063a0e5d7b77fa03ca89aafb8f3e3ecf13c518dc1905e344d1e62c58a != 6379912ece14b3e5c494001bcdbf513550438500c9fe64692666ea4804585a5b
java.util.HashMap.newNode(int, java.lang.Object, java.lang.Object, java.util.HashMap$Node)java.util.HashMap$Node -1 codeSignature differs 0b57ad3d0ea1b0de0d3ae4d1256f2a3bf2dacceb94022bee4e70d75bf1848358 != d2c2a415cba31cf48b157817e62dcfa6745f18dc85bdd37bd358d1bb63bfa15d
java.util.HashMap.afterNodeInsertion(boolean)void -1 codeSignature differs fe534d3aac0502b22527b54e744892c09d7496fd765947a3ee3ec9a070d56f92 != 53fed571f2d162d1b06665e593acff62e94c3c2feeb837a313805208a153c804
java.util.HashMap.resize()java.util.HashMap$Node[] -1 codeSignature differs baa1df917bb92ab00b18c5f13a0b0488f23adfd9d1ce244ababaf49085db8466 != cd7847a13438b99e17f31a544112e61d556ac2270ffde28667b6941fbf263d7d
java.util.HashMap.resize()java.util.HashMap$Node[] -1 graphSignature differs 8621339e67ed630b148c0b60d4ece2a8f5e4dc640c7e625f721a8babedbc3813 != 907f32e8439d3100299993dcad76560e08b0f705baa3a6e36f739c5640084aa9
java.lang.module.ResolvedModule.configuration()java.lang.module.Configuration -1 codeSignature differs 14be906eafbcd0e98db8607fd01b12de837039bcd06c460d0cf8f6394c8cff6d != d74a3d991dcad2ff0132c63a48dc50da7170128a36ef27d42bfbafe23260746e
java.lang.module.ModuleDescriptor.isOpen()boolean -1 codeSignature differs 7251ebfc69511ba11260ce3e5fe8de41e1ee424c1c84ef382507a4b520f46599 != 68c1b93afd5159dbd52f415e41c6f206a35012c76ae6407eef42650396bf8bfc
java.util.HashMap.size()int -1 codeSignature differs 55d12884885f16e44e8204f924f64617688caf405b709d32e1e72896f6c27c3d != 602769ad44793bd98e92b9e62f8542f52d5162d04d5d1c146bc1a1f5f4eab2b1
java.util.zip.ZipCoder$UTF8ZipCoder.isUTF8()boolean -1 codeSignature differs 6e3a14458a0fca90e6a63285514a933585cea592cb622e79b33ddc5df6e0fb66 != f86c5820929a34f03b9429610f522a6efd833767bf69832ae22131f6e690fc71
jdk.internal.classfile.impl.AbstractPoolEntry.width()int -1 codeSignature differs 6e3a14458a0fca90e6a63285514a933585cea592cb622e79b33ddc5df6e0fb66 != f86c5820929a34f03b9429610f522a6efd833767bf69832ae22131f6e690fc71
jdk.internal.classfile.impl.SplitConstantPool.size()int -1 codeSignature differs 1e851f5b2cbf37c0cd46831368dd889b60dff01d7b16161259960e24b264ceb1 != 8842033c3435ba9022b0d14a05ef1a95782e7436e1f26a804596a2590677c40d
java.lang.invoke.MethodType.ptypes()java.lang.Class[] -1 codeSignature differs 90f01eeb46d88d53d0e4e48ef19445eb3bdf8101a00c7dc3f717a337df9fb41f != 3dca556ce0a4f9f9b2a7bcbcee2ecdeeb626fd493f0993079a0f91070abff97b
jdk.internal.classfile.impl.RawBytecodeHelper.bci()int -1 codeSignature differs fe46e3fea17c2bcac25676024acf43715946ed13832c36004058f315d01e6ed3 != f644854fb6e4ffc5fb86a7d696951b13023f6a472bb2253c81909dd20f94fad0
jdk.internal.classfile.impl.AbstractPoolEntry.constantPool()java.lang.classfile.constantpool.ConstantPool -1 codeSignature differs 5be282a10c496d4000571a6844c9c0bc109901813a12d3aea5364efad6a66c85 != 236f622407d0112ac18220ce2f7dd8fc95a4975bd21efedc593a420240b9e35f
java.lang.AbstractStringBuilder.getValue()byte[] -1 codeSignature differs 5be282a10c496d4000571a6844c9c0bc109901813a12d3aea5364efad6a66c85 != 236f622407d0112ac18220ce2f7dd8fc95a4975bd21efedc593a420240b9e35f
jdk.internal.constant.ClassOrInterfaceDescImpl.descriptorString()java.lang.String -1 codeSignature differs 14be906eafbcd0e98db8607fd01b12de837039bcd06c460d0cf8f6394c8cff6d != d74a3d991dcad2ff0132c63a48dc50da7170128a36ef27d42bfbafe23260746e
java.lang.String.value()byte[] -1 codeSignature differs 5be282a10c496d4000571a6844c9c0bc109901813a12d3aea5364efad6a66c85 != 236f622407d0112ac18220ce2f7dd8fc95a4975bd21efedc593a420240b9e35f
jdk.internal.classfile.impl.BufWriterImpl.size()int -1 codeSignature differs fe46e3fea17c2bcac25676024acf43715946ed13832c36004058f315d01e6ed3 != f644854fb6e4ffc5fb86a7d696951b13023f6a472bb2253c81909dd20f94fad0
Profiling started
Could not locate BlockSlowdown.json
Skipping Loading (this might cause a fatal crash if GTSlowdown is on)
java.nio.Buffer.limit()int -1 codeSignature differs 55d12884885f16e44e8204f924f64617688caf405b709d32e1e72896f6c27c3d != 602769ad44793bd98e92b9e62f8542f52d5162d04d5d1c146bc1a1f5f4eab2b1
java.lang.StringLatin1.equals(byte[], byte[])boolean -1 codeSignature differs 2cfeb7ca81e519d27a2f4886127bbb28eb00282f6a344501abe1cdc2705cba4e != ce6957fde94989d8dfb9f657cd698acb12bd0f01e407ce68915647520f63bd02
java.lang.StringLatin1.equals(byte[], byte[])boolean -1 graphSignature differs f47d0b1647dabd6f0108a1c873e12c6a64939992dcc9e97f79a9e6e1f1af8649 != cda1bda6b067c21da86f5c9b00220a168b94ff95811df6ee0a57435eb4ec0473
jdk.internal.classfile.impl.AbstractDirectBuilder.constantPool()jdk.internal.classfile.impl.SplitConstantPool -1 codeSignature differs 14be906eafbcd0e98db8607fd01b12de837039bcd06c460d0cf8f6394c8cff6d != d74a3d991dcad2ff0132c63a48dc50da7170128a36ef27d42bfbafe23260746e
java.lang.String.coder()byte -1 codeSignature differs f3a73f0f7ffcffdf8962f6b17b32b9d22dceb70a6321ad4e83f092ac924fb640 != 82f5235e2dbc41130ab9f332d81a84c727950ed13b523486e1cf57bd2f9bda2c
jdk.internal.util.WeakReferenceKey.hashCode()int -1 codeSignature differs 55d12884885f16e44e8204f924f64617688caf405b709d32e1e72896f6c27c3d != 602769ad44793bd98e92b9e62f8542f52d5162d04d5d1c146bc1a1f5f4eab2b1
java.lang.invoke.MethodTypeForm.erasedType()java.lang.invoke.MethodType -1 codeSignature differs 90f01eeb46d88d53d0e4e48ef19445eb3bdf8101a00c7dc3f717a337df9fb41f != 3dca556ce0a4f9f9b2a7bcbcee2ecdeeb626fd493f0993079a0f91070abff97b
jdk.internal.constant.ClassOrInterfaceDescImpl.isClassOrInterface()boolean -1 codeSignature differs 6e3a14458a0fca90e6a63285514a933585cea592cb622e79b33ddc5df6e0fb66 != f86c5820929a34f03b9429610f522a6efd833767bf69832ae22131f6e690fc71
java.util.ArrayList.size()int -1 codeSignature differs fe46e3fea17c2bcac25676024acf43715946ed13832c36004058f315d01e6ed3 != f644854fb6e4ffc5fb86a7d696951b13023f6a472bb2253c81909dd20f94fad0
java.lang.String.length()int -1 codeSignature differs 5f2a9f3bb1f4f800ea4f2ad278553dedcfc789fe27a155b26df986828b30ede3 != 65d375b72c5817a4f8af1bcdf77dbdcb452e4f9ceb60cd42724b10772bcfdc62
Starting Queens benchmark ...
Queens.getRowColumn(int, int)boolean -1 codeSignature differs 9605b8e1ec4ffedbeda1e9a75407f7db85c00dc06cdc50a1857e7ee224879bba != 7b2eb1b905b87c243de1b9ff980c874c721f63af74b88192737077f374780b6d
Queens.placeQueen(int)boolean -1 codeSignature differs b35bc628ffb8da0e73dd1d73aca0dfa083981d365b16453eb8530943465c03d8 != f28d2309345dfab9d24693aeb42dcfc99f58db3ba2044a44c5df2a921bf0b674
java.util.Arrays.fill(boolean[], boolean)void -1 codeSignature differs 4c0ecbd87f80c78a6aa07502162ef5108b8c06df7b5c1f31f3202f651f6cfe7a != a652656899436ceb3a5e91faec644df3861b78205b9f7f5fec29a3e521fbc193
java.util.Arrays.fill(boolean[], boolean)void -1 graphSignature differs 87414be4af38647dfd041523fdd3c3dd15c7cec1d030cd952fcfbfdfd1c182b1 != a978ec8eba6139c8a1017b3a583530089157f79631fd8d96dffa6f37195d90a3
java.lang.Boolean.booleanValue()boolean -1 codeSignature differs 55af0dc4b7688c78180d5f5b00584e4bf66cf93bd60716f9aab49e7a6fd64ac4 != f48625702890d29653fc29959db5796353242ca5005d0c97563dc7641a6e9521
java.util.Arrays.fill(int[], int)void -1 codeSignature differs b522f10381549e0f649cf5f4635bca7adff70f0be8f9f37a867550b61c916fa0 != c29fb8b1a31d3360be4873b9de15c028ad8dff979eb291a1893355c1bd7e357f
java.util.Arrays.fill(int[], int)void -1 graphSignature differs aa412d48068886b38255188b90bd55c99d243a0b09965bcaaa2333c17e883c0b != 111412f09b1f25a42a04548566fa50250cc3679eb6d094ad0b3179ddc1bacfb9
Queens.queens()boolean -1 codeSignature differs d65798ed8ddfd7b830cd5b6976e69ddbab58d9fe61b041cebefd6d2cccd312fd != bd8cc4c6a92b40a5f525f139128faa14525a11341e38d3732bd11de215009112
Queens.benchmark()java.lang.Object -1 codeSignature differs 6d2cb0dc8bb738c913bf60012357d9e6f0e23503389e853e6ea447eace8ca9d2 != 9dda16f02bf8e5a989932d9ccff02018d6ac63b67dfb96a0d80b95ca0003159a
jdk.internal.classfile.impl.AbstractPoolEntry.hashCode()int -1 codeSignature differs fe46e3fea17c2bcac25676024acf43715946ed13832c36004058f315d01e6ed3 != f644854fb6e4ffc5fb86a7d696951b13023f6a472bb2253c81909dd20f94fad0
jdk.internal.classfile.impl.AbstractPoolEntry$ClassEntryImpl.tag()int -1 codeSignature differs 5404769be9f3dbc3cb72c5db1a8ad8dd44853cedba352c69c6db32de21c4dbb9 != 9e72aee727452f3bd7e5755029309d18662e78c7d8f6a3fef1fa786c235c1353
Queens: iterations=1 runtime: 584315us
Queens.verifyResult(java.lang.Object)boolean -1 codeSignature differs e604aa5c4e33f0c39ae27bc495fdb58fbafe8a2708e1d545c071e06dfba01c9c != 50e954ae391167675b1240cd79ad7a0fb9a1910bff02ed4e7b8731dd91401118
Queens: iterations=2 runtime: 130282us
Queens: iterations=3 runtime: 125163us
Queens: iterations=4 runtime: 125123us
Benchmark.innerBenchmarkLoop(int)boolean -1 codeSignature differs ffd783aab9c12d67b8ea40c3a5c5f4b08978935dca7fc5891681754a97b73fe9 != 12710ee6d4feeb6a566c7177c3360bdcb326746310f94f68015aeff87813c85e
Benchmark.innerBenchmarkLoop(int)boolean -1 graphSignature differs cdb01e5a876b4d22876fe4fe830f4f5aef4638516ded21cef76b0b8e64d8bc73 != 393156bcef8138f6989df5a027ba8969edf4dd42c4f0a87e426f3d0d42e62eb0
Queens: iterations=5 runtime: 146453us
Queens: iterations=6 runtime: 124267us
Queens: iterations=7 runtime: 128019us
java.nio.Buffer.position()int -1 codeSignature differs 3f64cd4fafea8a3cef87601314961681d43f2aa75c3a358c1b0ce8d9a1c4731a != f5a100836d3b6c24d5617122379fdd07d38ba4b008ea9ae91e48aa3956773271
Queens: iterations=8 runtime: 123764us
Queens: iterations=9 runtime: 124133us
Queens: iterations=10 runtime: 123929us
Queens: iterations=11 runtime: 123818us
Queens: iterations=12 runtime: 123875us
Queens: iterations=13 runtime: 125387us
Queens: iterations=14 runtime: 124755us
Queens: iterations=15 runtime: 124066us
Queens: iterations=16 runtime: 124010us
Queens: iterations=17 runtime: 124524us
Queens: iterations=18 runtime: 124531us
Queens: iterations=19 runtime: 124078us
Queens: iterations=20 runtime: 124093us
Queens: iterations=21 runtime: 124140us
Queens: iterations=22 runtime: 124384us
Queens: iterations=23 runtime: 123968us
Queens: iterations=24 runtime: 127286us
Queens: iterations=25 runtime: 124028us
Queens: iterations=26 runtime: 123895us
Queens: iterations=27 runtime: 123853us
Queens: iterations=28 runtime: 123977us
Queens: iterations=29 runtime: 123566us
Queens: iterations=30 runtime: 123752us
Queens: iterations=31 runtime: 123624us
Queens: iterations=32 runtime: 123593us
Queens: iterations=33 runtime: 123884us
Queens: iterations=34 runtime: 123734us
Queens: iterations=35 runtime: 123735us
Queens: iterations=36 runtime: 123666us
Queens: iterations=37 runtime: 123725us
Queens: iterations=38 runtime: 123872us
Queens: iterations=39 runtime: 124029us
Queens: iterations=40 runtime: 123889us
Queens: iterations=41 runtime: 123747us
Queens: iterations=42 runtime: 124443us
Queens: iterations=43 runtime: 124375us
Queens: iterations=44 runtime: 124356us
Queens: iterations=45 runtime: 124087us
Queens: iterations=46 runtime: 127368us
Queens: iterations=47 runtime: 123767us
Queens: iterations=48 runtime: 123798us
Queens: iterations=49 runtime: 124073us
Queens: iterations=50 runtime: 123466us
Queens: iterations=51 runtime: 123395us
Queens: iterations=52 runtime: 123542us
Queens: iterations=53 runtime: 124781us
Queens: iterations=54 runtime: 125252us
Queens: iterations=55 runtime: 124010us
Queens: iterations=56 runtime: 124353us
Queens: iterations=57 runtime: 123998us
Queens: iterations=58 runtime: 123859us
Queens: iterations=59 runtime: 123819us
Queens: iterations=60 runtime: 123998us
Queens: iterations=61 runtime: 133683us
Queens: iterations=62 runtime: 123940us
Queens: iterations=63 runtime: 123778us
Queens: iterations=64 runtime: 123930us
Queens: iterations=65 runtime: 123847us
Queens: iterations=66 runtime: 123681us
Queens: iterations=67 runtime: 124011us
Queens: iterations=68 runtime: 123877us
Queens: iterations=69 runtime: 126257us
Queens: iterations=70 runtime: 123539us
Queens: iterations=71 runtime: 123754us
Queens: iterations=72 runtime: 123336us
Queens: iterations=73 runtime: 123874us
Queens: iterations=74 runtime: 123561us
Queens: iterations=75 runtime: 123623us
Queens: iterations=76 runtime: 123768us
Queens: iterations=77 runtime: 123475us
Queens: iterations=78 runtime: 123450us
Could not locate BlockSlowdown.json
Skipping Loading (this might cause a fatal crash if GTSlowdown is on)
java.nio.Buffer.capacity()int -1 codeSignature differs 138bc711c3bed648b8548df225303894eec321dce856bde9fbb2267d74239e89 != b84da6c168a864b24de57055760067fff8c97c57c508d6b8c6ea52df12fe61fe
Queens: iterations=79 runtime: 123847us
Queens: iterations=80 runtime: 124169us
Queens: iterations=81 runtime: 123906us
Queens: iterations=82 runtime: 123764us
Queens: iterations=83 runtime: 123687us
Queens: iterations=84 runtime: 124094us
Queens: iterations=85 runtime: 123838us
Queens: iterations=86 runtime: 123886us
Queens: iterations=87 runtime: 124139us
Queens: iterations=88 runtime: 124027us
Queens: iterations=89 runtime: 124347us
Queens: iterations=90 runtime: 124087us
Queens: iterations=91 runtime: 127771us
Queens: iterations=92 runtime: 126079us
Queens: iterations=93 runtime: 127119us
Queens: iterations=94 runtime: 127261us
Queens: iterations=95 runtime: 126305us
Queens: iterations=96 runtime: 125715us
Queens: iterations=97 runtime: 125903us
Queens: iterations=98 runtime: 126031us
Queens: iterations=99 runtime: 126085us
Queens: iterations=100 runtime: 125589us
Queens: iterations=101 runtime: 125416us
Queens: iterations=102 runtime: 125888us
Queens: iterations=103 runtime: 126298us
Queens: iterations=104 runtime: 126138us
Queens: iterations=105 runtime: 125983us
Queens: iterations=106 runtime: 125815us
Queens: iterations=107 runtime: 125965us
Queens: iterations=108 runtime: 125764us
Queens: iterations=109 runtime: 125638us
Queens: iterations=110 runtime: 125697us
Queens: iterations=111 runtime: 125670us
Queens: iterations=112 runtime: 125948us
Queens: iterations=113 runtime: 127232us
Queens: iterations=114 runtime: 123963us
Could not locate BlockSlowdown.json
Skipping Loading (this might cause a fatal crash if GTSlowdown is on)
java.nio.charset.CharsetEncoder.maxBytesPerChar()float -1 codeSignature differs d0dc63dd2361c2989cb14e4cf77bfb3442e0a43d3c92bbd78638646fefb8363f != fc84c03091d44b6099141a22fdb9f6cfabe66e5026a15b0d60a828a10b5481b9
Queens: iterations=115 runtime: 123572us
Queens: iterations=116 runtime: 124416us
Queens: iterations=117 runtime: 123668us
Queens: iterations=118 runtime: 124151us
Queens: iterations=119 runtime: 123895us
Queens: iterations=120 runtime: 123783us
Queens: iterations=121 runtime: 123991us
Queens: iterations=122 runtime: 123838us
Queens: iterations=123 runtime: 124126us
Queens: iterations=124 runtime: 124013us
Queens: iterations=125 runtime: 123804us
Queens: iterations=126 runtime: 123716us
Queens: iterations=127 runtime: 123673us
Queens: iterations=128 runtime: 123571us
Queens: iterations=129 runtime: 124264us
Queens: iterations=130 runtime: 124028us
Queens: iterations=131 runtime: 124085us
Queens: iterations=132 runtime: 123607us
Queens: iterations=133 runtime: 125165us
Queens: iterations=134 runtime: 124526us
Queens: iterations=135 runtime: 126143us
Queens: iterations=136 runtime: 125625us
Queens: iterations=137 runtime: 125419us
Queens: iterations=138 runtime: 125525us
Queens: iterations=139 runtime: 125690us
Queens: iterations=140 runtime: 125715us
Queens: iterations=141 runtime: 125385us
Queens: iterations=142 runtime: 125387us
Queens: iterations=143 runtime: 125516us
Queens: iterations=144 runtime: 125574us
Queens: iterations=145 runtime: 125435us
Queens: iterations=146 runtime: 125678us
Queens: iterations=147 runtime: 125304us
Queens: iterations=148 runtime: 125220us
Queens: iterations=149 runtime: 125822us
Queens: iterations=150 runtime: 125497us
Queens: iterations=151 runtime: 125506us
Queens: iterations=152 runtime: 125281us
Queens: iterations=153 runtime: 125540us
Queens: iterations=154 runtime: 125658us
Queens: iterations=155 runtime: 125571us
Queens: iterations=156 runtime: 125523us
Queens: iterations=157 runtime: 127807us
Queens: iterations=158 runtime: 125454us
Queens: iterations=159 runtime: 125114us
Queens: iterations=160 runtime: 125106us
Queens: iterations=161 runtime: 125333us
Queens: iterations=162 runtime: 125345us
Queens: iterations=163 runtime: 125037us
Queens: iterations=164 runtime: 125299us
Queens: iterations=165 runtime: 125136us
Queens: iterations=166 runtime: 125084us
Queens: iterations=167 runtime: 124805us
Queens: iterations=168 runtime: 124882us
Queens: iterations=169 runtime: 125091us
Queens: iterations=170 runtime: 125120us
Queens: iterations=171 runtime: 125135us
Queens: iterations=172 runtime: 125821us
Queens: iterations=173 runtime: 126837us
Queens: iterations=174 runtime: 126214us
Queens: iterations=175 runtime: 125438us
Queens: iterations=176 runtime: 125317us
Queens: iterations=177 runtime: 125615us
Queens: iterations=178 runtime: 125538us
Queens: iterations=179 runtime: 125372us
Queens: iterations=180 runtime: 128064us
Queens: iterations=181 runtime: 125548us
Queens: iterations=182 runtime: 125347us
Queens: iterations=183 runtime: 125584us
Queens: iterations=184 runtime: 125680us
Queens: iterations=185 runtime: 125616us
Queens: iterations=186 runtime: 125332us
Queens: iterations=187 runtime: 125974us
Queens: iterations=188 runtime: 125477us
Queens: iterations=189 runtime: 125451us
Queens: iterations=190 runtime: 125463us
Queens: iterations=191 runtime: 125555us
Queens: iterations=192 runtime: 125327us
Queens: iterations=193 runtime: 125411us
Queens: iterations=194 runtime: 125911us
Queens: iterations=195 runtime: 125418us
Queens: iterations=196 runtime: 125399us
Queens: iterations=197 runtime: 125281us
Queens: iterations=198 runtime: 125386us
Queens: iterations=199 runtime: 125327us
Queens: iterations=200 runtime: 125641us
Queens: iterations=201 runtime: 125703us
Queens: iterations=202 runtime: 128219us
Queens: iterations=203 runtime: 125548us
Queens: iterations=204 runtime: 125118us
Queens: iterations=205 runtime: 125353us
Queens: iterations=206 runtime: 125447us
Queens: iterations=207 runtime: 125306us
Queens: iterations=208 runtime: 125467us
Queens: iterations=209 runtime: 125157us
Queens: iterations=210 runtime: 125625us
Queens: iterations=211 runtime: 125990us
Queens: iterations=212 runtime: 126339us
Queens: iterations=213 runtime: 126919us
Queens: iterations=214 runtime: 125670us
Queens: iterations=215 runtime: 125336us
Queens: iterations=216 runtime: 125163us
Queens: iterations=217 runtime: 124953us
Queens: iterations=218 runtime: 125012us
Queens: iterations=219 runtime: 125129us
Queens: iterations=220 runtime: 125328us
Queens: iterations=221 runtime: 125115us
Queens: iterations=222 runtime: 124914us
Queens: iterations=223 runtime: 125124us
Queens: iterations=224 runtime: 127279us
Queens: iterations=225 runtime: 123994us
Queens: iterations=226 runtime: 123793us
Queens: iterations=227 runtime: 123992us
Queens: iterations=228 runtime: 123991us
Queens: iterations=229 runtime: 123947us
Queens: iterations=230 runtime: 123720us
Queens: iterations=231 runtime: 124293us
Queens: iterations=232 runtime: 123782us
Queens: iterations=233 runtime: 123911us
Queens: iterations=234 runtime: 123779us
Queens: iterations=235 runtime: 123982us
Queens: iterations=236 runtime: 123733us
Queens: iterations=237 runtime: 124106us
Queens: iterations=238 runtime: 123846us
Queens: iterations=239 runtime: 123867us
Queens: iterations=240 runtime: 123769us
Queens: iterations=241 runtime: 123631us
Queens: iterations=242 runtime: 147169us
Queens: iterations=243 runtime: 132498us
Queens: iterations=244 runtime: 123726us
Queens: iterations=245 runtime: 123811us
Queens: iterations=246 runtime: 126029us
Queens: iterations=247 runtime: 124242us
Queens: iterations=248 runtime: 123841us
Queens: iterations=249 runtime: 124000us
Queens: iterations=250 runtime: 123945us
Queens: iterations=251 runtime: 124026us
Queens: iterations=252 runtime: 124557us
Queens: iterations=253 runtime: 125568us
Queens: iterations=254 runtime: 124138us
Queens: iterations=255 runtime: 124049us
Queens: iterations=256 runtime: 123960us
Queens: iterations=257 runtime: 124313us
Queens: iterations=258 runtime: 124356us
Queens: iterations=259 runtime: 124402us
Queens: iterations=260 runtime: 124201us
Queens: iterations=261 runtime: 124149us
Queens: iterations=262 runtime: 124068us
Queens: iterations=263 runtime: 124239us
Queens: iterations=264 runtime: 124065us
Queens: iterations=265 runtime: 124369us
Queens: iterations=266 runtime: 124181us
Queens: iterations=267 runtime: 124096us
Queens: iterations=268 runtime: 126364us
Queens: iterations=269 runtime: 124228us
Queens: iterations=270 runtime: 124293us
Queens: iterations=271 runtime: 123824us
Queens: iterations=272 runtime: 123947us
Queens: iterations=273 runtime: 123957us
Queens: iterations=274 runtime: 123937us
Queens: iterations=275 runtime: 124064us
Queens: iterations=276 runtime: 123809us
Queens: iterations=277 runtime: 124093us
Queens: iterations=278 runtime: 123724us
Queens: iterations=279 runtime: 124708us
Queens: iterations=280 runtime: 123982us
Queens: iterations=281 runtime: 123890us
Queens: iterations=282 runtime: 123971us
Queens: iterations=283 runtime: 123878us
Queens: iterations=284 runtime: 123854us
Queens: iterations=285 runtime: 123659us
Queens: iterations=286 runtime: 123833us
Queens: iterations=287 runtime: 123810us
Queens: iterations=288 runtime: 123633us
Queens: iterations=289 runtime: 123688us
Queens: iterations=290 runtime: 123879us
Queens: iterations=291 runtime: 126496us
Queens: iterations=292 runtime: 124058us
Queens: iterations=293 runtime: 125176us
Queens: iterations=294 runtime: 124854us
Queens: iterations=295 runtime: 123999us
Queens: iterations=296 runtime: 123859us
Queens: iterations=297 runtime: 123999us
Queens: iterations=298 runtime: 123799us
Queens: iterations=299 runtime: 123832us
Queens: iterations=300 runtime: 123781us
Queens: iterations=301 runtime: 123715us
Queens: iterations=302 runtime: 123887us
Queens: iterations=303 runtime: 123874us
Queens: iterations=304 runtime: 123970us
Queens: iterations=305 runtime: 123803us
Queens: iterations=306 runtime: 123776us
Queens: iterations=307 runtime: 123738us
Queens: iterations=308 runtime: 123843us
Queens: iterations=309 runtime: 123549us
Queens: iterations=310 runtime: 123796us
Queens: iterations=311 runtime: 123980us
Queens: iterations=312 runtime: 123797us
Queens: iterations=313 runtime: 126877us
Queens: iterations=314 runtime: 123781us
Queens: iterations=315 runtime: 123660us
Queens: iterations=316 runtime: 123490us
Queens: iterations=317 runtime: 123470us
Queens: iterations=318 runtime: 123843us
Queens: iterations=319 runtime: 123676us
Queens: iterations=320 runtime: 123574us
Queens: iterations=321 runtime: 123507us
Queens: iterations=322 runtime: 124098us
Queens: iterations=323 runtime: 124095us
Queens: iterations=324 runtime: 123994us
Queens: iterations=325 runtime: 123961us
Queens: iterations=326 runtime: 124016us
Queens: iterations=327 runtime: 124297us
Queens: iterations=328 runtime: 123986us
Queens: iterations=329 runtime: 124069us
Queens: iterations=330 runtime: 124182us
Queens: iterations=331 runtime: 124152us
Queens: iterations=332 runtime: 123985us
Queens: iterations=333 runtime: 125617us
Queens: iterations=334 runtime: 125230us
Queens: iterations=335 runtime: 127788us
Queens: iterations=336 runtime: 124700us
Queens: iterations=337 runtime: 124584us
Queens: iterations=338 runtime: 124617us
Queens: iterations=339 runtime: 124668us
Queens: iterations=340 runtime: 124861us
Queens: iterations=341 runtime: 124813us
Queens: iterations=342 runtime: 125311us
Queens: iterations=343 runtime: 125083us
Queens: iterations=344 runtime: 125186us
Queens: iterations=345 runtime: 125180us
Queens: iterations=346 runtime: 125094us
Queens: iterations=347 runtime: 125315us
Queens: iterations=348 runtime: 125298us
Queens: iterations=349 runtime: 125301us
Queens: iterations=350 runtime: 125299us
Queens: iterations=351 runtime: 125352us
Queens: iterations=352 runtime: 125057us
Queens: iterations=353 runtime: 125097us
Queens: iterations=354 runtime: 124983us
Queens: iterations=355 runtime: 125083us
Queens: iterations=356 runtime: 125071us
Queens: iterations=357 runtime: 126771us
Queens: iterations=358 runtime: 124739us
Queens: iterations=359 runtime: 124912us
Queens: iterations=360 runtime: 124705us
Queens: iterations=361 runtime: 125202us
Queens: iterations=362 runtime: 125089us
Queens: iterations=363 runtime: 124917us
Queens: iterations=364 runtime: 124838us
Queens: iterations=365 runtime: 124757us
Queens: iterations=366 runtime: 124751us
Queens: iterations=367 runtime: 124859us
Queens: iterations=368 runtime: 124858us
Queens: iterations=369 runtime: 124947us
Queens: iterations=370 runtime: 124968us
Queens: iterations=371 runtime: 124816us
Queens: iterations=372 runtime: 125149us
Queens: iterations=373 runtime: 126491us
Queens: iterations=374 runtime: 126212us
Queens: iterations=375 runtime: 124947us
Queens: iterations=376 runtime: 124897us
Queens: iterations=377 runtime: 124857us
Queens: iterations=378 runtime: 124901us
Queens: iterations=379 runtime: 126350us
Queens: iterations=380 runtime: 124898us
Queens: iterations=381 runtime: 124934us
Queens: iterations=382 runtime: 125005us
Queens: iterations=383 runtime: 125120us
Queens: iterations=384 runtime: 124867us
Queens: iterations=385 runtime: 124867us
Queens: iterations=386 runtime: 124951us
Queens: iterations=387 runtime: 124889us
Queens: iterations=388 runtime: 124915us
Queens: iterations=389 runtime: 124809us
Queens: iterations=390 runtime: 125264us
Queens: iterations=391 runtime: 125173us
Queens: iterations=392 runtime: 124865us
Queens: iterations=393 runtime: 125159us
Queens: iterations=394 runtime: 125055us
Queens: iterations=395 runtime: 125216us
Queens: iterations=396 runtime: 125043us
Queens: iterations=397 runtime: 125061us
Queens: iterations=398 runtime: 125164us
Queens: iterations=399 runtime: 125243us
Queens: iterations=400 runtime: 125018us
Queens: iterations=401 runtime: 124892us
Queens: iterations=402 runtime: 127159us
Queens: iterations=403 runtime: 125084us
Queens: iterations=404 runtime: 125080us
Queens: iterations=405 runtime: 124850us
Queens: iterations=406 runtime: 126629us
Queens: iterations=407 runtime: 126240us
Queens: iterations=408 runtime: 125620us
Queens: iterations=409 runtime: 125812us
Queens: iterations=410 runtime: 125801us
Queens: iterations=411 runtime: 126173us
Queens: iterations=412 runtime: 126806us
Queens: iterations=413 runtime: 128686us
Queens: iterations=414 runtime: 126882us
Queens: iterations=415 runtime: 126812us
Queens: iterations=416 runtime: 126157us
Could not locate BlockSlowdown.json
Skipping Loading (this might cause a fatal crash if GTSlowdown is on)
java.lang.StringLatin1.inflate(byte[], int, char[], int, int)void -1 codeSignature differs d12363b0fa944c3141709d1d15ff92c10bb825ce967b2050b65342abfb7722e9 != 7229d185807c5eb1f821125a028c07df1ddeaa104c27495e511e6ad0d767c33a
java.lang.StringLatin1.inflate(byte[], int, char[], int, int)void -1 graphSignature differs 17e6f3ed6596e5d6840a8a77065c9470c41838c2630b4535538ec163efd33e69 != e838eb1809aadd841c1ff5fe2e7a1043b73670d291c51dcf64d0aae8eaa2b7e0
Queens: iterations=417 runtime: 126351us
Queens: iterations=418 runtime: 126543us
Queens: iterations=419 runtime: 126488us
Queens: iterations=420 runtime: 125849us
Queens: iterations=421 runtime: 126037us
Queens: iterations=422 runtime: 126377us
Queens: iterations=423 runtime: 126299us
Queens: iterations=424 runtime: 127682us
Queens: iterations=425 runtime: 126164us
Queens: iterations=426 runtime: 134784us
Queens: iterations=427 runtime: 135179us
Queens: iterations=428 runtime: 126104us
Queens: iterations=429 runtime: 125940us
Queens: iterations=430 runtime: 125781us
Queens: iterations=431 runtime: 125768us
Queens: iterations=432 runtime: 126164us
Queens: iterations=433 runtime: 125715us
Queens: iterations=434 runtime: 126272us
Queens: iterations=435 runtime: 126128us
Queens: iterations=436 runtime: 126264us
Queens: iterations=437 runtime: 125890us
Queens: iterations=438 runtime: 126194us
Queens: iterations=439 runtime: 125657us
Queens: iterations=440 runtime: 126113us
Queens: iterations=441 runtime: 126327us
Queens: iterations=442 runtime: 126176us
Queens: iterations=443 runtime: 126682us
Queens: iterations=444 runtime: 126269us
Queens: iterations=445 runtime: 126509us
Queens: iterations=446 runtime: 128105us
Queens: iterations=447 runtime: 126205us
Queens: iterations=448 runtime: 126016us
Queens: iterations=449 runtime: 126328us
Queens: iterations=450 runtime: 126844us
Queens: iterations=451 runtime: 127150us
Queens: iterations=452 runtime: 128636us
Queens: iterations=453 runtime: 129746us
Queens: iterations=454 runtime: 127077us
Queens: iterations=455 runtime: 127175us
Queens: iterations=456 runtime: 127221us
Queens: iterations=457 runtime: 127685us
Queens: iterations=458 runtime: 126995us
Queens: iterations=459 runtime: 127470us
Queens: iterations=460 runtime: 126990us
Queens: iterations=461 runtime: 126748us
Queens: iterations=462 runtime: 126825us
Queens: iterations=463 runtime: 126763us
Queens: iterations=464 runtime: 126195us
Queens: iterations=465 runtime: 125830us
Queens: iterations=466 runtime: 126315us
Queens: iterations=467 runtime: 125966us
Queens: iterations=468 runtime: 128106us
Queens: iterations=469 runtime: 127092us
Queens: iterations=470 runtime: 127103us
Queens: iterations=471 runtime: 126854us
Queens: iterations=472 runtime: 127241us
Queens: iterations=473 runtime: 127089us
Queens: iterations=474 runtime: 126736us
Queens: iterations=475 runtime: 127098us
Queens: iterations=476 runtime: 126978us
Queens: iterations=477 runtime: 126819us
Queens: iterations=478 runtime: 127205us
Queens: iterations=479 runtime: 126887us
Queens: iterations=480 runtime: 126845us
Queens: iterations=481 runtime: 127499us
Queens: iterations=482 runtime: 126842us
Queens: iterations=483 runtime: 127422us
Queens: iterations=484 runtime: 126356us
Queens: iterations=485 runtime: 126207us
Queens: iterations=486 runtime: 125983us
Queens: iterations=487 runtime: 126392us
Queens: iterations=488 runtime: 126187us
Could not locate BlockSlowdown.json
Skipping Loading (this might cause a fatal crash if GTSlowdown is on)
Queens: iterations=489 runtime: 126141us
Queens: iterations=490 runtime: 128696us
Queens: iterations=491 runtime: 129429us
Queens: iterations=492 runtime: 127942us
Queens: iterations=493 runtime: 127314us
Queens: iterations=494 runtime: 126997us
Queens: iterations=495 runtime: 127440us
Queens: iterations=496 runtime: 127368us
Queens: iterations=497 runtime: 126954us
Queens: iterations=498 runtime: 126825us
Queens: iterations=499 runtime: 127304us
Queens: iterations=500 runtime: 126658us
Could not locate BlockSlowdown.json
Skipping Loading (this might cause a fatal crash if GTSlowdown is on)
jdk.internal.constant.PrimitiveClassDescImpl.descriptorString()java.lang.String -1 codeSignature differs 7722674ec43cccc19227bd0fe31433696da3716816c65b03f1730e1c0254917a != 2859d17d681828116974698ed904c3f2d6f285799222904b89fcd6ff7a2f986f
Queens: iterations=500 average: 126205us total: 63102505us


Total Runtime: 63102505us
Bubo.RDTSC.Harness.main Total RDTSC cycles: 209824446734
