Could not locate BlockSlowdown.json
Skipping Loading (this might cause a fatal crash if GTSlowdown is on)
Could not locate BlockSlowdown.json
Skipping Loading (this might cause a fatal crash if GTSlowdown is on)
Starting Queens benchmark ...
Queens: iterations=1 runtime: 237990us
Queens: iterations=2 runtime: 70985us
Queens: iterations=3 runtime: 69720us
Queens: iterations=4 runtime: 69698us
Queens: iterations=5 runtime: 76828us
Queens: iterations=6 runtime: 69950us
Queens: iterations=7 runtime: 71728us
Queens: iterations=8 runtime: 68221us
Queens: iterations=9 runtime: 68353us
Queens: iterations=10 runtime: 68300us
Queens: iterations=11 runtime: 68304us
Queens: iterations=12 runtime: 68245us
Queens: iterations=13 runtime: 68252us
Queens: iterations=14 runtime: 68235us
Queens: iterations=15 runtime: 68589us
Queens: iterations=16 runtime: 68515us
Queens: iterations=17 runtime: 68623us
Queens: iterations=18 runtime: 68742us
Queens: iterations=19 runtime: 68621us
Queens: iterations=20 runtime: 68612us
Queens: iterations=21 runtime: 68856us
Queens: iterations=22 runtime: 68894us
Queens: iterations=23 runtime: 68640us
Queens: iterations=24 runtime: 70625us
Queens: iterations=25 runtime: 68520us
Queens: iterations=26 runtime: 68511us
Queens: iterations=27 runtime: 68322us
Queens: iterations=28 runtime: 68287us
Queens: iterations=29 runtime: 68320us
Queens: iterations=30 runtime: 68287us
Queens: iterations=31 runtime: 68332us
Queens: iterations=32 runtime: 68279us
Queens: iterations=33 runtime: 68307us
Queens: iterations=34 runtime: 68314us
Queens: iterations=35 runtime: 68386us
Queens: iterations=36 runtime: 68300us
Queens: iterations=37 runtime: 68300us
Queens: iterations=38 runtime: 68284us
Queens: iterations=39 runtime: 68301us
Queens: iterations=40 runtime: 68355us
Queens: iterations=41 runtime: 68303us
Queens: iterations=42 runtime: 68604us
Queens: iterations=43 runtime: 68736us
Queens: iterations=44 runtime: 68677us
Queens: iterations=45 runtime: 68661us
Queens: iterations=46 runtime: 68661us
Queens: iterations=47 runtime: 70547us
Queens: iterations=48 runtime: 68699us
Queens: iterations=49 runtime: 68614us
Queens: iterations=50 runtime: 68988us
Queens: iterations=51 runtime: 68529us
Queens: iterations=52 runtime: 68526us
Queens: iterations=53 runtime: 68580us
Queens: iterations=54 runtime: 68271us
Queens: iterations=55 runtime: 68380us
Queens: iterations=56 runtime: 68277us
Queens: iterations=57 runtime: 68305us
Queens: iterations=58 runtime: 68297us
Queens: iterations=59 runtime: 68290us
Queens: iterations=60 runtime: 68281us
Queens: iterations=61 runtime: 68333us
Queens: iterations=62 runtime: 68298us
Queens: iterations=63 runtime: 68288us
Queens: iterations=64 runtime: 68284us
Queens: iterations=65 runtime: 68289us
Queens: iterations=66 runtime: 68275us
Queens: iterations=67 runtime: 68282us
Queens: iterations=68 runtime: 68373us
Queens: iterations=69 runtime: 69421us
Queens: iterations=70 runtime: 68268us
Queens: iterations=71 runtime: 68356us
Queens: iterations=72 runtime: 68328us
Queens: iterations=73 runtime: 68382us
Queens: iterations=74 runtime: 68349us
Queens: iterations=75 runtime: 68366us
Queens: iterations=76 runtime: 68325us
Queens: iterations=77 runtime: 68433us
Queens: iterations=78 runtime: 68347us
Queens: iterations=79 runtime: 68352us
Queens: iterations=80 runtime: 68319us
Queens: iterations=81 runtime: 68350us
Queens: iterations=82 runtime: 68398us
Queens: iterations=83 runtime: 68432us
Queens: iterations=84 runtime: 68317us
Queens: iterations=85 runtime: 68364us
Queens: iterations=86 runtime: 68269us
Queens: iterations=87 runtime: 68278us
Queens: iterations=88 runtime: 68353us
Queens: iterations=89 runtime: 68328us
Queens: iterations=90 runtime: 68240us
Could not locate BlockSlowdown.json
Skipping Loading (this might cause a fatal crash if GTSlowdown is on)
Queens: iterations=91 runtime: 70006us
Queens: iterations=92 runtime: 69522us
Queens: iterations=93 runtime: 70367us
Queens: iterations=94 runtime: 69597us
Queens: iterations=95 runtime: 69399us
Queens: iterations=96 runtime: 69233us
Queens: iterations=97 runtime: 69419us
Queens: iterations=98 runtime: 69449us
Queens: iterations=99 runtime: 69525us
Queens: iterations=100 runtime: 69320us
Queens: iterations=101 runtime: 69361us
Queens: iterations=102 runtime: 69322us
Queens: iterations=103 runtime: 69345us
Queens: iterations=104 runtime: 69330us
Queens: iterations=105 runtime: 69386us
Queens: iterations=106 runtime: 69622us
Queens: iterations=107 runtime: 69324us
Queens: iterations=108 runtime: 69410us
Queens: iterations=109 runtime: 69406us
Queens: iterations=110 runtime: 69315us
Queens: iterations=111 runtime: 69470us
Queens: iterations=112 runtime: 69298us
Queens: iterations=113 runtime: 70191us
Queens: iterations=114 runtime: 68310us
Queens: iterations=115 runtime: 68415us
Queens: iterations=116 runtime: 68394us
Queens: iterations=117 runtime: 68423us
Queens: iterations=118 runtime: 68416us
Queens: iterations=119 runtime: 68443us
Queens: iterations=120 runtime: 68371us
Queens: iterations=121 runtime: 68441us
Queens: iterations=122 runtime: 68435us
Queens: iterations=123 runtime: 68407us
Queens: iterations=124 runtime: 68346us
Queens: iterations=125 runtime: 68394us
Queens: iterations=126 runtime: 68428us
Could not locate BlockSlowdown.json
Skipping Loading (this might cause a fatal crash if GTSlowdown is on)
Queens: iterations=127 runtime: 68415us
Queens: iterations=128 runtime: 68352us
Queens: iterations=129 runtime: 68316us
Queens: iterations=130 runtime: 68336us
Queens: iterations=131 runtime: 68306us
Queens: iterations=132 runtime: 68279us
Queens: iterations=133 runtime: 68331us
Queens: iterations=134 runtime: 68294us
Queens: iterations=135 runtime: 69504us
Queens: iterations=136 runtime: 68266us
Queens: iterations=137 runtime: 68380us
Queens: iterations=138 runtime: 68369us
Queens: iterations=139 runtime: 68338us
Queens: iterations=140 runtime: 68421us
Queens: iterations=141 runtime: 68308us
Queens: iterations=142 runtime: 68520us
Queens: iterations=143 runtime: 68392us
Queens: iterations=144 runtime: 68285us
Queens: iterations=145 runtime: 68309us
Queens: iterations=146 runtime: 68273us
Queens: iterations=147 runtime: 68359us
Queens: iterations=148 runtime: 68275us
Queens: iterations=149 runtime: 68276us
Queens: iterations=150 runtime: 68269us
Queens: iterations=151 runtime: 68337us
Queens: iterations=152 runtime: 68339us
Queens: iterations=153 runtime: 68328us
Queens: iterations=154 runtime: 68318us
Queens: iterations=155 runtime: 68484us
Queens: iterations=156 runtime: 68333us
Queens: iterations=157 runtime: 69389us
Queens: iterations=158 runtime: 68326us
Queens: iterations=159 runtime: 68514us
Queens: iterations=160 runtime: 68298us
Queens: iterations=161 runtime: 68295us
Queens: iterations=162 runtime: 68326us
Queens: iterations=163 runtime: 68350us
Queens: iterations=164 runtime: 68287us
Queens: iterations=165 runtime: 68346us
Queens: iterations=166 runtime: 69371us
Queens: iterations=167 runtime: 68780us
Queens: iterations=168 runtime: 68380us
Queens: iterations=169 runtime: 68565us
Queens: iterations=170 runtime: 68467us
Queens: iterations=171 runtime: 68636us
Queens: iterations=172 runtime: 68394us
Queens: iterations=173 runtime: 68383us
Queens: iterations=174 runtime: 68342us
Queens: iterations=175 runtime: 68415us
Queens: iterations=176 runtime: 68365us
Queens: iterations=177 runtime: 68366us
Queens: iterations=178 runtime: 68352us
Queens: iterations=179 runtime: 68386us
Queens: iterations=180 runtime: 69523us
Queens: iterations=181 runtime: 68414us
Queens: iterations=182 runtime: 68370us
Queens: iterations=183 runtime: 68423us
Queens: iterations=184 runtime: 68440us
Queens: iterations=185 runtime: 68362us
Queens: iterations=186 runtime: 68706us
Queens: iterations=187 runtime: 70878us
Queens: iterations=188 runtime: 68829us
Queens: iterations=189 runtime: 68928us
Queens: iterations=190 runtime: 68349us
Queens: iterations=191 runtime: 68414us
Queens: iterations=192 runtime: 68334us
Queens: iterations=193 runtime: 68416us
Queens: iterations=194 runtime: 68401us
Queens: iterations=195 runtime: 68356us
Queens: iterations=196 runtime: 68396us
Queens: iterations=197 runtime: 68388us
Queens: iterations=198 runtime: 68352us
Queens: iterations=199 runtime: 68474us
Queens: iterations=200 runtime: 68339us
Queens: iterations=201 runtime: 68455us
Queens: iterations=202 runtime: 69535us
Queens: iterations=203 runtime: 68460us
Queens: iterations=204 runtime: 68386us
Queens: iterations=205 runtime: 68430us
Queens: iterations=206 runtime: 68365us
Queens: iterations=207 runtime: 68387us
Queens: iterations=208 runtime: 68379us
Queens: iterations=209 runtime: 68354us
Queens: iterations=210 runtime: 68348us
Queens: iterations=211 runtime: 68367us
Queens: iterations=212 runtime: 68330us
Queens: iterations=213 runtime: 68481us
Queens: iterations=214 runtime: 68338us
Queens: iterations=215 runtime: 68379us
Queens: iterations=216 runtime: 68331us
Queens: iterations=217 runtime: 68403us
Queens: iterations=218 runtime: 68375us
Queens: iterations=219 runtime: 68385us
Queens: iterations=220 runtime: 68373us
Queens: iterations=221 runtime: 68365us
Queens: iterations=222 runtime: 68384us
Queens: iterations=223 runtime: 68417us
Queens: iterations=224 runtime: 69496us
Queens: iterations=225 runtime: 68448us
Queens: iterations=226 runtime: 68352us
Queens: iterations=227 runtime: 68374us
Queens: iterations=228 runtime: 68474us
Queens: iterations=229 runtime: 68396us
Queens: iterations=230 runtime: 68344us
Queens: iterations=231 runtime: 68387us
Queens: iterations=232 runtime: 68335us
Queens: iterations=233 runtime: 68396us
Queens: iterations=234 runtime: 68336us
Queens: iterations=235 runtime: 68440us
Queens: iterations=236 runtime: 68381us
Queens: iterations=237 runtime: 68391us
Queens: iterations=238 runtime: 68347us
Queens: iterations=239 runtime: 69514us
Queens: iterations=240 runtime: 68710us
Queens: iterations=241 runtime: 68390us
Queens: iterations=242 runtime: 68494us
Queens: iterations=243 runtime: 68509us
Queens: iterations=244 runtime: 68602us
Queens: iterations=245 runtime: 68373us
Queens: iterations=246 runtime: 69536us
Queens: iterations=247 runtime: 68414us
Queens: iterations=248 runtime: 68405us
Queens: iterations=249 runtime: 68378us
Queens: iterations=250 runtime: 68349us
Queens: iterations=251 runtime: 68432us
Queens: iterations=252 runtime: 68325us
Queens: iterations=253 runtime: 68348us
Queens: iterations=254 runtime: 68338us
Queens: iterations=255 runtime: 68427us
Queens: iterations=256 runtime: 68393us
Queens: iterations=257 runtime: 68474us
Queens: iterations=258 runtime: 68357us
Queens: iterations=259 runtime: 68346us
Queens: iterations=260 runtime: 68339us
Queens: iterations=261 runtime: 68371us
Queens: iterations=262 runtime: 68394us
Queens: iterations=263 runtime: 68355us
Queens: iterations=264 runtime: 68362us
Queens: iterations=265 runtime: 68403us
Queens: iterations=266 runtime: 68345us
Queens: iterations=267 runtime: 68438us
Queens: iterations=268 runtime: 69390us
Queens: iterations=269 runtime: 68429us
Queens: iterations=270 runtime: 68340us
Queens: iterations=271 runtime: 68377us
Queens: iterations=272 runtime: 68481us
Queens: iterations=273 runtime: 68467us
Queens: iterations=274 runtime: 68427us
Queens: iterations=275 runtime: 74479us
Queens: iterations=276 runtime: 74885us
Queens: iterations=277 runtime: 69150us
Queens: iterations=278 runtime: 68377us
Queens: iterations=279 runtime: 68371us
Queens: iterations=280 runtime: 68386us
Queens: iterations=281 runtime: 68373us
Queens: iterations=282 runtime: 68325us
Queens: iterations=283 runtime: 68510us
Queens: iterations=284 runtime: 68370us
Queens: iterations=285 runtime: 68353us
Queens: iterations=286 runtime: 68425us
Queens: iterations=287 runtime: 68422us
Queens: iterations=288 runtime: 68382us
Queens: iterations=289 runtime: 68424us
Queens: iterations=290 runtime: 68376us
Queens: iterations=291 runtime: 69396us
Queens: iterations=292 runtime: 68272us
Queens: iterations=293 runtime: 68305us
Queens: iterations=294 runtime: 68288us
Queens: iterations=295 runtime: 68290us
Queens: iterations=296 runtime: 68259us
Queens: iterations=297 runtime: 68313us
Queens: iterations=298 runtime: 68344us
Queens: iterations=299 runtime: 68389us
Queens: iterations=300 runtime: 68358us
Queens: iterations=301 runtime: 68635us
Queens: iterations=302 runtime: 68341us
Queens: iterations=303 runtime: 68396us
Queens: iterations=304 runtime: 68354us
Queens: iterations=305 runtime: 68401us
Queens: iterations=306 runtime: 68313us
Queens: iterations=307 runtime: 68377us
Queens: iterations=308 runtime: 68352us
Queens: iterations=309 runtime: 68403us
Queens: iterations=310 runtime: 68355us
Queens: iterations=311 runtime: 68362us
Queens: iterations=312 runtime: 69536us
Queens: iterations=313 runtime: 69932us
Queens: iterations=314 runtime: 68369us
Queens: iterations=315 runtime: 68503us
Queens: iterations=316 runtime: 68559us
Queens: iterations=317 runtime: 68596us
Queens: iterations=318 runtime: 68382us
Queens: iterations=319 runtime: 68422us
Queens: iterations=320 runtime: 68349us
Queens: iterations=321 runtime: 68440us
Queens: iterations=322 runtime: 68356us
Queens: iterations=323 runtime: 68398us
Queens: iterations=324 runtime: 68360us
Queens: iterations=325 runtime: 68373us
Queens: iterations=326 runtime: 68412us
Queens: iterations=327 runtime: 68385us
Queens: iterations=328 runtime: 68329us
Queens: iterations=329 runtime: 68392us
Queens: iterations=330 runtime: 68471us
Queens: iterations=331 runtime: 68366us
Queens: iterations=332 runtime: 68399us
Queens: iterations=333 runtime: 68380us
Queens: iterations=334 runtime: 68338us
Queens: iterations=335 runtime: 70633us
Queens: iterations=336 runtime: 69454us
Queens: iterations=337 runtime: 69572us
Queens: iterations=338 runtime: 69485us
Queens: iterations=339 runtime: 69532us
Queens: iterations=340 runtime: 69522us
Queens: iterations=341 runtime: 69607us
Queens: iterations=342 runtime: 69610us
Queens: iterations=343 runtime: 69562us
Queens: iterations=344 runtime: 69647us
Queens: iterations=345 runtime: 69569us
Queens: iterations=346 runtime: 69588us
Queens: iterations=347 runtime: 69558us
Queens: iterations=348 runtime: 69586us
Queens: iterations=349 runtime: 69540us
Queens: iterations=350 runtime: 69533us
Queens: iterations=351 runtime: 69573us
Queens: iterations=352 runtime: 69525us
Queens: iterations=353 runtime: 69570us
Queens: iterations=354 runtime: 69532us
Queens: iterations=355 runtime: 69555us
Queens: iterations=356 runtime: 69510us
Queens: iterations=357 runtime: 70175us
Queens: iterations=358 runtime: 69430us
Queens: iterations=359 runtime: 69612us
Queens: iterations=360 runtime: 69474us
Queens: iterations=361 runtime: 69545us
Queens: iterations=362 runtime: 69499us
Queens: iterations=363 runtime: 69534us
Queens: iterations=364 runtime: 69524us
Queens: iterations=365 runtime: 69544us
Queens: iterations=366 runtime: 69493us
Queens: iterations=367 runtime: 69518us
Queens: iterations=368 runtime: 69510us
Queens: iterations=369 runtime: 69590us
Queens: iterations=370 runtime: 69558us
Queens: iterations=371 runtime: 69602us
Queens: iterations=372 runtime: 69516us
Queens: iterations=373 runtime: 69710us
Queens: iterations=374 runtime: 69534us
Queens: iterations=375 runtime: 69543us
Queens: iterations=376 runtime: 69522us
Queens: iterations=377 runtime: 69533us
Queens: iterations=378 runtime: 69532us
Queens: iterations=379 runtime: 70268us
Queens: iterations=380 runtime: 69531us
Queens: iterations=381 runtime: 69541us
Queens: iterations=382 runtime: 69490us
Queens: iterations=383 runtime: 69542us
Queens: iterations=384 runtime: 70625us
Queens: iterations=385 runtime: 69875us
Queens: iterations=386 runtime: 69535us
Queens: iterations=387 runtime: 69634us
Queens: iterations=388 runtime: 69667us
Queens: iterations=389 runtime: 69750us
Queens: iterations=390 runtime: 69506us
Queens: iterations=391 runtime: 69579us
Queens: iterations=392 runtime: 69507us
Queens: iterations=393 runtime: 69588us
Queens: iterations=394 runtime: 69527us
Queens: iterations=395 runtime: 69587us
Queens: iterations=396 runtime: 69518us
Queens: iterations=397 runtime: 69545us
Queens: iterations=398 runtime: 69522us
Queens: iterations=399 runtime: 69610us
Queens: iterations=400 runtime: 69511us
Queens: iterations=401 runtime: 69571us
Queens: iterations=402 runtime: 71036us
Queens: iterations=403 runtime: 69516us
Queens: iterations=404 runtime: 69489us
Queens: iterations=405 runtime: 69519us
Queens: iterations=406 runtime: 69494us
Queens: iterations=407 runtime: 69536us
Queens: iterations=408 runtime: 69491us
Queens: iterations=409 runtime: 69531us
Queens: iterations=410 runtime: 69483us
Queens: iterations=411 runtime: 69599us
Could not locate BlockSlowdown.json
Skipping Loading (this might cause a fatal crash if GTSlowdown is on)
Queens: iterations=412 runtime: 69482us
Queens: iterations=413 runtime: 69510us
Queens: iterations=414 runtime: 69506us
Queens: iterations=415 runtime: 69470us
Queens: iterations=416 runtime: 69630us
Queens: iterations=417 runtime: 69538us
Queens: iterations=418 runtime: 69611us
Queens: iterations=419 runtime: 69509us
Queens: iterations=420 runtime: 69541us
Queens: iterations=421 runtime: 69520us
Queens: iterations=422 runtime: 69533us
Queens: iterations=423 runtime: 69519us
Queens: iterations=424 runtime: 70155us
Queens: iterations=425 runtime: 69473us
Queens: iterations=426 runtime: 69529us
Queens: iterations=427 runtime: 69587us
Queens: iterations=428 runtime: 69601us
Queens: iterations=429 runtime: 69479us
Queens: iterations=430 runtime: 69591us
Queens: iterations=431 runtime: 69508us
Queens: iterations=432 runtime: 69497us
Queens: iterations=433 runtime: 69487us
Queens: iterations=434 runtime: 69492us
Queens: iterations=435 runtime: 69473us
Queens: iterations=436 runtime: 69518us
Queens: iterations=437 runtime: 69559us
Queens: iterations=438 runtime: 69532us
Queens: iterations=439 runtime: 69528us
Queens: iterations=440 runtime: 69533us
Queens: iterations=441 runtime: 69511us
Queens: iterations=442 runtime: 69564us
Queens: iterations=443 runtime: 69552us
Queens: iterations=444 runtime: 69532us
Queens: iterations=445 runtime: 69698us
Queens: iterations=446 runtime: 70188us
Queens: iterations=447 runtime: 69508us
Queens: iterations=448 runtime: 69536us
Queens: iterations=449 runtime: 69554us
Queens: iterations=450 runtime: 69558us
Queens: iterations=451 runtime: 69521us
Queens: iterations=452 runtime: 69549us
Queens: iterations=453 runtime: 69540us
Queens: iterations=454 runtime: 69539us
Queens: iterations=455 runtime: 70372us
Queens: iterations=456 runtime: 70395us
Queens: iterations=457 runtime: 69836us
Queens: iterations=458 runtime: 69582us
Queens: iterations=459 runtime: 69710us
Queens: iterations=460 runtime: 69791us
Queens: iterations=461 runtime: 69689us
Queens: iterations=462 runtime: 69575us
Queens: iterations=463 runtime: 69529us
Queens: iterations=464 runtime: 69600us
Queens: iterations=465 runtime: 69562us
Queens: iterations=466 runtime: 69539us
Queens: iterations=467 runtime: 69526us
Queens: iterations=468 runtime: 70174us
Queens: iterations=469 runtime: 69448us
Queens: iterations=470 runtime: 69497us
Queens: iterations=471 runtime: 69518us
Queens: iterations=472 runtime: 69580us
Queens: iterations=473 runtime: 69719us
Queens: iterations=474 runtime: 69672us
Queens: iterations=475 runtime: 69552us
Queens: iterations=476 runtime: 69517us
Queens: iterations=477 runtime: 69492us
Queens: iterations=478 runtime: 69525us
Queens: iterations=479 runtime: 69496us
Queens: iterations=480 runtime: 69586us
Queens: iterations=481 runtime: 69537us
Queens: iterations=482 runtime: 69582us
Queens: iterations=483 runtime: 69517us
Queens: iterations=484 runtime: 69529us
Queens: iterations=485 runtime: 69602us
Queens: iterations=486 runtime: 69526us
Queens: iterations=487 runtime: 69562us
Queens: iterations=488 runtime: 69657us
Queens: iterations=489 runtime: 69514us
Queens: iterations=490 runtime: 70315us
Queens: iterations=491 runtime: 69520us
Queens: iterations=492 runtime: 69562us
Queens: iterations=493 runtime: 69569us
Queens: iterations=494 runtime: 69568us
Queens: iterations=495 runtime: 69585us
Queens: iterations=496 runtime: 69553us
Queens: iterations=497 runtime: 69532us
Queens: iterations=498 runtime: 69541us
Queens: iterations=499 runtime: 69499us
Queens: iterations=500 runtime: 69584us
Could not locate BlockSlowdown.json
Skipping Loading (this might cause a fatal crash if GTSlowdown is on)
Queens: iterations=500 average: 69295us total: 34647926us


Total Runtime: 34647926us
Bubo.RDTSC.Harness.main Total RDTSC cycles: 114994263724
