Could not locate BlockSlowdown.json
Skipping Loading (this might cause a fatal crash if GTSlowdown is on)
Could not locate BlockSlowdown.json
Skipping Loading (this might cause a fatal crash if GTSlowdown is on)
Starting Queens benchmark ...
Queens: iterations=1 runtime: 239733us
Queens: iterations=2 runtime: 70172us
Queens: iterations=3 runtime: 68609us
Queens: iterations=4 runtime: 68641us
Queens: iterations=5 runtime: 75578us
Queens: iterations=6 runtime: 68465us
Queens: iterations=7 runtime: 70397us
Queens: iterations=8 runtime: 68088us
Queens: iterations=9 runtime: 68170us
Queens: iterations=10 runtime: 68266us
Queens: iterations=11 runtime: 68129us
Queens: iterations=12 runtime: 68104us
Queens: iterations=13 runtime: 68139us
Queens: iterations=14 runtime: 68296us
Queens: iterations=15 runtime: 68502us
Queens: iterations=16 runtime: 68408us
Queens: iterations=17 runtime: 68427us
Queens: iterations=18 runtime: 68530us
Queens: iterations=19 runtime: 68396us
Queens: iterations=20 runtime: 68424us
Queens: iterations=21 runtime: 68421us
Queens: iterations=22 runtime: 68695us
Queens: iterations=23 runtime: 68436us
Queens: iterations=24 runtime: 70132us
Queens: iterations=25 runtime: 68046us
Queens: iterations=26 runtime: 68152us
Queens: iterations=27 runtime: 68149us
Queens: iterations=28 runtime: 68140us
Queens: iterations=29 runtime: 68146us
Queens: iterations=30 runtime: 68141us
Queens: iterations=31 runtime: 68139us
Queens: iterations=32 runtime: 68137us
Queens: iterations=33 runtime: 68138us
Queens: iterations=34 runtime: 68139us
Queens: iterations=35 runtime: 68204us
Queens: iterations=36 runtime: 68177us
Queens: iterations=37 runtime: 68139us
Queens: iterations=38 runtime: 68141us
Queens: iterations=39 runtime: 68149us
Queens: iterations=40 runtime: 68139us
Queens: iterations=41 runtime: 68138us
Queens: iterations=42 runtime: 68540us
Queens: iterations=43 runtime: 68433us
Queens: iterations=44 runtime: 68511us
Queens: iterations=45 runtime: 68463us
Queens: iterations=46 runtime: 70532us
Queens: iterations=47 runtime: 68238us
Queens: iterations=48 runtime: 68029us
Queens: iterations=49 runtime: 68030us
Queens: iterations=50 runtime: 68031us
Queens: iterations=51 runtime: 68203us
Queens: iterations=52 runtime: 68068us
Queens: iterations=53 runtime: 68077us
Queens: iterations=54 runtime: 68127us
Queens: iterations=55 runtime: 68127us
Queens: iterations=56 runtime: 68118us
Queens: iterations=57 runtime: 68114us
Queens: iterations=58 runtime: 68157us
Queens: iterations=59 runtime: 68125us
Queens: iterations=60 runtime: 68154us
Queens: iterations=61 runtime: 68118us
Queens: iterations=62 runtime: 68119us
Queens: iterations=63 runtime: 68109us
Queens: iterations=64 runtime: 68115us
Queens: iterations=65 runtime: 68109us
Queens: iterations=66 runtime: 68126us
Queens: iterations=67 runtime: 68100us
Queens: iterations=68 runtime: 68119us
Queens: iterations=69 runtime: 69321us
Queens: iterations=70 runtime: 68009us
Queens: iterations=71 runtime: 68057us
Queens: iterations=72 runtime: 68160us
Queens: iterations=73 runtime: 68123us
Queens: iterations=74 runtime: 68111us
Queens: iterations=75 runtime: 68111us
Queens: iterations=76 runtime: 74803us
Queens: iterations=77 runtime: 68114us
Queens: iterations=78 runtime: 68115us
Queens: iterations=79 runtime: 68110us
Queens: iterations=80 runtime: 68203us
Queens: iterations=81 runtime: 67987us
Queens: iterations=82 runtime: 68029us
Queens: iterations=83 runtime: 68233us
Queens: iterations=84 runtime: 68207us
Queens: iterations=85 runtime: 68083us
Queens: iterations=86 runtime: 68045us
Queens: iterations=87 runtime: 68333us
Queens: iterations=88 runtime: 68272us
Queens: iterations=89 runtime: 68083us
Queens: iterations=90 runtime: 68097us
Could not locate BlockSlowdown.json
Skipping Loading (this might cause a fatal crash if GTSlowdown is on)
Queens: iterations=91 runtime: 69373us
Queens: iterations=92 runtime: 68536us
Queens: iterations=93 runtime: 68326us
Queens: iterations=94 runtime: 68571us
Queens: iterations=95 runtime: 68165us
Queens: iterations=96 runtime: 68127us
Queens: iterations=97 runtime: 68111us
Queens: iterations=98 runtime: 68115us
Queens: iterations=99 runtime: 68125us
Queens: iterations=100 runtime: 68125us
Queens: iterations=101 runtime: 68115us
Queens: iterations=102 runtime: 68133us
Queens: iterations=103 runtime: 68112us
Queens: iterations=104 runtime: 68124us
Queens: iterations=105 runtime: 68108us
Queens: iterations=106 runtime: 68133us
Queens: iterations=107 runtime: 68145us
Queens: iterations=108 runtime: 68175us
Queens: iterations=109 runtime: 68220us
Queens: iterations=110 runtime: 68132us
Queens: iterations=111 runtime: 68115us
Queens: iterations=112 runtime: 68113us
Queens: iterations=113 runtime: 69328us
Queens: iterations=114 runtime: 68080us
Queens: iterations=115 runtime: 68118us
Queens: iterations=116 runtime: 68124us
Queens: iterations=117 runtime: 68152us
Queens: iterations=118 runtime: 68116us
Queens: iterations=119 runtime: 68113us
Queens: iterations=120 runtime: 68111us
Queens: iterations=121 runtime: 68109us
Queens: iterations=122 runtime: 68114us
Queens: iterations=123 runtime: 68109us
Queens: iterations=124 runtime: 68134us
Queens: iterations=125 runtime: 68109us
Queens: iterations=126 runtime: 68107us
Could not locate BlockSlowdown.json
Skipping Loading (this might cause a fatal crash if GTSlowdown is on)
Queens: iterations=127 runtime: 68112us
Queens: iterations=128 runtime: 68073us
Queens: iterations=129 runtime: 68083us
Queens: iterations=130 runtime: 68130us
Queens: iterations=131 runtime: 68135us
Queens: iterations=132 runtime: 68136us
Queens: iterations=133 runtime: 68126us
Queens: iterations=134 runtime: 68131us
Queens: iterations=135 runtime: 69444us
Queens: iterations=136 runtime: 68118us
Queens: iterations=137 runtime: 68126us
Queens: iterations=138 runtime: 68239us
Queens: iterations=139 runtime: 68145us
Queens: iterations=140 runtime: 68196us
Queens: iterations=141 runtime: 68339us
Queens: iterations=142 runtime: 68366us
Queens: iterations=143 runtime: 68118us
Queens: iterations=144 runtime: 68567us
Queens: iterations=145 runtime: 68085us
Queens: iterations=146 runtime: 68089us
Queens: iterations=147 runtime: 68077us
Queens: iterations=148 runtime: 68075us
Queens: iterations=149 runtime: 68074us
Queens: iterations=150 runtime: 68082us
Queens: iterations=151 runtime: 68068us
Queens: iterations=152 runtime: 68073us
Queens: iterations=153 runtime: 68101us
Queens: iterations=154 runtime: 68079us
Queens: iterations=155 runtime: 68078us
Queens: iterations=156 runtime: 68292us
Queens: iterations=157 runtime: 69390us
Queens: iterations=158 runtime: 68146us
Queens: iterations=159 runtime: 68078us
Queens: iterations=160 runtime: 68375us
Queens: iterations=161 runtime: 68256us
Queens: iterations=162 runtime: 68077us
Queens: iterations=163 runtime: 68082us
Queens: iterations=164 runtime: 68093us
Queens: iterations=165 runtime: 68079us
Queens: iterations=166 runtime: 68072us
Queens: iterations=167 runtime: 68090us
Queens: iterations=168 runtime: 68219us
Queens: iterations=169 runtime: 68086us
Queens: iterations=170 runtime: 68092us
Queens: iterations=171 runtime: 68078us
Queens: iterations=172 runtime: 68076us
Queens: iterations=173 runtime: 68076us
Queens: iterations=174 runtime: 68084us
Queens: iterations=175 runtime: 68094us
Queens: iterations=176 runtime: 68084us
Queens: iterations=177 runtime: 68088us
Queens: iterations=178 runtime: 68088us
Queens: iterations=179 runtime: 68087us
Queens: iterations=180 runtime: 72734us
Queens: iterations=181 runtime: 75587us
Queens: iterations=182 runtime: 70961us
Queens: iterations=183 runtime: 68099us
Queens: iterations=184 runtime: 68097us
Queens: iterations=185 runtime: 68074us
Queens: iterations=186 runtime: 68072us
Queens: iterations=187 runtime: 68086us
Queens: iterations=188 runtime: 68086us
Queens: iterations=189 runtime: 68071us
Queens: iterations=190 runtime: 68105us
Queens: iterations=191 runtime: 68073us
Queens: iterations=192 runtime: 68087us
Queens: iterations=193 runtime: 68098us
Queens: iterations=194 runtime: 68085us
Queens: iterations=195 runtime: 68083us
Queens: iterations=196 runtime: 68086us
Queens: iterations=197 runtime: 68204us
Queens: iterations=198 runtime: 68089us
Queens: iterations=199 runtime: 68072us
Queens: iterations=200 runtime: 68069us
Queens: iterations=201 runtime: 68069us
Queens: iterations=202 runtime: 69428us
Queens: iterations=203 runtime: 68140us
Queens: iterations=204 runtime: 68087us
Queens: iterations=205 runtime: 68125us
Queens: iterations=206 runtime: 68095us
Queens: iterations=207 runtime: 68100us
Queens: iterations=208 runtime: 68087us
Queens: iterations=209 runtime: 68090us
Queens: iterations=210 runtime: 68094us
Queens: iterations=211 runtime: 68096us
Queens: iterations=212 runtime: 68133us
Queens: iterations=213 runtime: 68092us
Queens: iterations=214 runtime: 68107us
Queens: iterations=215 runtime: 68083us
Queens: iterations=216 runtime: 68096us
Queens: iterations=217 runtime: 68097us
Queens: iterations=218 runtime: 68038us
Queens: iterations=219 runtime: 68012us
Queens: iterations=220 runtime: 68004us
Queens: iterations=221 runtime: 67991us
Queens: iterations=222 runtime: 68089us
Queens: iterations=223 runtime: 68095us
Queens: iterations=224 runtime: 69291us
Queens: iterations=225 runtime: 68107us
Queens: iterations=226 runtime: 68109us
Queens: iterations=227 runtime: 71509us
Queens: iterations=228 runtime: 68096us
Queens: iterations=229 runtime: 68288us
Queens: iterations=230 runtime: 68245us
Queens: iterations=231 runtime: 68116us
Queens: iterations=232 runtime: 68092us
Queens: iterations=233 runtime: 68268us
Queens: iterations=234 runtime: 68290us
Queens: iterations=235 runtime: 68097us
Queens: iterations=236 runtime: 68091us
Queens: iterations=237 runtime: 68096us
Queens: iterations=238 runtime: 68096us
Queens: iterations=239 runtime: 68074us
Queens: iterations=240 runtime: 68114us
Queens: iterations=241 runtime: 68119us
Queens: iterations=242 runtime: 68104us
Queens: iterations=243 runtime: 68091us
Queens: iterations=244 runtime: 68090us
Queens: iterations=245 runtime: 68091us
Queens: iterations=246 runtime: 69334us
Queens: iterations=247 runtime: 68092us
Queens: iterations=248 runtime: 68096us
Queens: iterations=249 runtime: 68096us
Queens: iterations=250 runtime: 68101us
Queens: iterations=251 runtime: 68110us
Queens: iterations=252 runtime: 68100us
Queens: iterations=253 runtime: 68101us
Queens: iterations=254 runtime: 68093us
Queens: iterations=255 runtime: 68102us
Queens: iterations=256 runtime: 68142us
Queens: iterations=257 runtime: 68109us
Queens: iterations=258 runtime: 68102us
Queens: iterations=259 runtime: 68088us
Queens: iterations=260 runtime: 68091us
Queens: iterations=261 runtime: 68091us
Queens: iterations=262 runtime: 68090us
Queens: iterations=263 runtime: 68178us
Queens: iterations=264 runtime: 68007us
Queens: iterations=265 runtime: 68105us
Queens: iterations=266 runtime: 68094us
Queens: iterations=267 runtime: 68085us
Queens: iterations=268 runtime: 69414us
Queens: iterations=269 runtime: 68076us
Queens: iterations=270 runtime: 68115us
Queens: iterations=271 runtime: 68105us
Queens: iterations=272 runtime: 68084us
Queens: iterations=273 runtime: 68095us
Queens: iterations=274 runtime: 68096us
Queens: iterations=275 runtime: 68087us
Queens: iterations=276 runtime: 68081us
Queens: iterations=277 runtime: 68097us
Queens: iterations=278 runtime: 68091us
Queens: iterations=279 runtime: 68078us
Queens: iterations=280 runtime: 68083us
Queens: iterations=281 runtime: 68080us
Queens: iterations=282 runtime: 68090us
Queens: iterations=283 runtime: 68087us
Queens: iterations=284 runtime: 68090us
Queens: iterations=285 runtime: 68097us
Queens: iterations=286 runtime: 69191us
Queens: iterations=287 runtime: 68085us
Queens: iterations=288 runtime: 68097us
Queens: iterations=289 runtime: 68099us
Queens: iterations=290 runtime: 68080us
Queens: iterations=291 runtime: 69343us
Queens: iterations=292 runtime: 68018us
Queens: iterations=293 runtime: 68095us
Queens: iterations=294 runtime: 68038us
Queens: iterations=295 runtime: 68034us
Queens: iterations=296 runtime: 68041us
Queens: iterations=297 runtime: 68121us
Queens: iterations=298 runtime: 68148us
Queens: iterations=299 runtime: 68126us
Queens: iterations=300 runtime: 68135us
Queens: iterations=301 runtime: 68131us
Queens: iterations=302 runtime: 68257us
Queens: iterations=303 runtime: 68325us
Queens: iterations=304 runtime: 68120us
Queens: iterations=305 runtime: 68095us
Queens: iterations=306 runtime: 68263us
Queens: iterations=307 runtime: 68336us
Queens: iterations=308 runtime: 68085us
Queens: iterations=309 runtime: 68033us
Queens: iterations=310 runtime: 68015us
Queens: iterations=311 runtime: 67994us
Queens: iterations=312 runtime: 67995us
Queens: iterations=313 runtime: 69383us
Queens: iterations=314 runtime: 68134us
Queens: iterations=315 runtime: 68142us
Queens: iterations=316 runtime: 68166us
Queens: iterations=317 runtime: 68121us
Queens: iterations=318 runtime: 68099us
Queens: iterations=319 runtime: 68090us
Queens: iterations=320 runtime: 68109us
Queens: iterations=321 runtime: 68108us
Queens: iterations=322 runtime: 68113us
Queens: iterations=323 runtime: 68098us
Queens: iterations=324 runtime: 68114us
Queens: iterations=325 runtime: 68109us
Queens: iterations=326 runtime: 68083us
Queens: iterations=327 runtime: 68098us
Queens: iterations=328 runtime: 68113us
Queens: iterations=329 runtime: 68112us
Queens: iterations=330 runtime: 68111us
Queens: iterations=331 runtime: 68121us
Queens: iterations=332 runtime: 68103us
Queens: iterations=333 runtime: 68099us
Queens: iterations=334 runtime: 68107us
Queens: iterations=335 runtime: 70800us
Queens: iterations=336 runtime: 69215us
Queens: iterations=337 runtime: 69199us
Queens: iterations=338 runtime: 69212us
Queens: iterations=339 runtime: 69213us
Queens: iterations=340 runtime: 69208us
Queens: iterations=341 runtime: 69165us
Queens: iterations=342 runtime: 69185us
Queens: iterations=343 runtime: 69161us
Queens: iterations=344 runtime: 69178us
Queens: iterations=345 runtime: 69161us
Queens: iterations=346 runtime: 69166us
Queens: iterations=347 runtime: 69169us
Queens: iterations=348 runtime: 69165us
Queens: iterations=349 runtime: 69150us
Queens: iterations=350 runtime: 69176us
Queens: iterations=351 runtime: 69156us
Queens: iterations=352 runtime: 69171us
Queens: iterations=353 runtime: 69170us
Queens: iterations=354 runtime: 69173us
Queens: iterations=355 runtime: 69160us
Queens: iterations=356 runtime: 69172us
Queens: iterations=357 runtime: 70028us
Queens: iterations=358 runtime: 69774us
Queens: iterations=359 runtime: 69675us
Queens: iterations=360 runtime: 69662us
Queens: iterations=361 runtime: 69562us
Queens: iterations=362 runtime: 69208us
Queens: iterations=363 runtime: 69193us
Queens: iterations=364 runtime: 69250us
Queens: iterations=365 runtime: 69198us
Queens: iterations=366 runtime: 69210us
Queens: iterations=367 runtime: 69197us
Queens: iterations=368 runtime: 69200us
Queens: iterations=369 runtime: 69197us
Queens: iterations=370 runtime: 69204us
Queens: iterations=371 runtime: 69205us
Queens: iterations=372 runtime: 69218us
Queens: iterations=373 runtime: 69189us
Queens: iterations=374 runtime: 69191us
Queens: iterations=375 runtime: 69384us
Queens: iterations=376 runtime: 69379us
Queens: iterations=377 runtime: 69214us
Queens: iterations=378 runtime: 69196us
Queens: iterations=379 runtime: 70194us
Queens: iterations=380 runtime: 70001us
Queens: iterations=381 runtime: 69568us
Queens: iterations=382 runtime: 69168us
Queens: iterations=383 runtime: 69177us
Queens: iterations=384 runtime: 69174us
Queens: iterations=385 runtime: 69151us
Queens: iterations=386 runtime: 69178us
Queens: iterations=387 runtime: 69194us
Queens: iterations=388 runtime: 69183us
Queens: iterations=389 runtime: 69142us
Queens: iterations=390 runtime: 69148us
Queens: iterations=391 runtime: 69201us
Queens: iterations=392 runtime: 69209us
Queens: iterations=393 runtime: 69191us
Queens: iterations=394 runtime: 69216us
Queens: iterations=395 runtime: 69194us
Queens: iterations=396 runtime: 69190us
Queens: iterations=397 runtime: 69209us
Queens: iterations=398 runtime: 69193us
Queens: iterations=399 runtime: 69204us
Queens: iterations=400 runtime: 69219us
Queens: iterations=401 runtime: 69219us
Queens: iterations=402 runtime: 69865us
Queens: iterations=403 runtime: 68902us
Queens: iterations=404 runtime: 69071us
Queens: iterations=405 runtime: 69061us
Queens: iterations=406 runtime: 69064us
Queens: iterations=407 runtime: 69117us
Queens: iterations=408 runtime: 69199us
Queens: iterations=409 runtime: 69258us
Queens: iterations=410 runtime: 69175us
Queens: iterations=411 runtime: 69178us
Could not locate BlockSlowdown.json
Skipping Loading (this might cause a fatal crash if GTSlowdown is on)
Queens: iterations=412 runtime: 69183us
Queens: iterations=413 runtime: 75741us
Queens: iterations=414 runtime: 75896us
Queens: iterations=415 runtime: 69182us
Queens: iterations=416 runtime: 69173us
Queens: iterations=417 runtime: 69154us
Queens: iterations=418 runtime: 69148us
Queens: iterations=419 runtime: 69159us
Queens: iterations=420 runtime: 69152us
Queens: iterations=421 runtime: 69157us
Queens: iterations=422 runtime: 69156us
Queens: iterations=423 runtime: 69163us
Queens: iterations=424 runtime: 70297us
Queens: iterations=425 runtime: 69573us
Queens: iterations=426 runtime: 69465us
Queens: iterations=427 runtime: 69312us
Queens: iterations=428 runtime: 69180us
Queens: iterations=429 runtime: 69187us
Queens: iterations=430 runtime: 69210us
Queens: iterations=431 runtime: 69186us
Queens: iterations=432 runtime: 69195us
Queens: iterations=433 runtime: 69194us
Queens: iterations=434 runtime: 69194us
Queens: iterations=435 runtime: 69232us
Queens: iterations=436 runtime: 69231us
Queens: iterations=437 runtime: 69256us
Queens: iterations=438 runtime: 69194us
Queens: iterations=439 runtime: 69195us
Queens: iterations=440 runtime: 69186us
Queens: iterations=441 runtime: 69188us
Queens: iterations=442 runtime: 69193us
Queens: iterations=443 runtime: 69202us
Queens: iterations=444 runtime: 69205us
Queens: iterations=445 runtime: 69200us
Queens: iterations=446 runtime: 70292us
Queens: iterations=447 runtime: 69721us
Queens: iterations=448 runtime: 69724us
Queens: iterations=449 runtime: 69616us
Queens: iterations=450 runtime: 69706us
Queens: iterations=451 runtime: 69546us
Queens: iterations=452 runtime: 69266us
Queens: iterations=453 runtime: 69197us
Queens: iterations=454 runtime: 69134us
Queens: iterations=455 runtime: 69127us
Queens: iterations=456 runtime: 69136us
Queens: iterations=457 runtime: 69157us
Queens: iterations=458 runtime: 69152us
Queens: iterations=459 runtime: 69211us
Queens: iterations=460 runtime: 69220us
Queens: iterations=461 runtime: 69198us
Queens: iterations=462 runtime: 69192us
Queens: iterations=463 runtime: 69207us
Queens: iterations=464 runtime: 69278us
Queens: iterations=465 runtime: 69203us
Queens: iterations=466 runtime: 69277us
Queens: iterations=467 runtime: 69167us
Queens: iterations=468 runtime: 69893us
Queens: iterations=469 runtime: 69416us
Queens: iterations=470 runtime: 70475us
Queens: iterations=471 runtime: 69192us
Queens: iterations=472 runtime: 69213us
Queens: iterations=473 runtime: 69220us
Queens: iterations=474 runtime: 69182us
Queens: iterations=475 runtime: 69210us
Queens: iterations=476 runtime: 69182us
Queens: iterations=477 runtime: 69176us
Queens: iterations=478 runtime: 69213us
Queens: iterations=479 runtime: 69185us
Queens: iterations=480 runtime: 69215us
Queens: iterations=481 runtime: 69183us
Queens: iterations=482 runtime: 69209us
Queens: iterations=483 runtime: 69189us
Queens: iterations=484 runtime: 69202us
Queens: iterations=485 runtime: 69203us
Queens: iterations=486 runtime: 69222us
Queens: iterations=487 runtime: 69215us
Queens: iterations=488 runtime: 69227us
Queens: iterations=489 runtime: 69196us
Queens: iterations=490 runtime: 69975us
Queens: iterations=491 runtime: 69211us
Queens: iterations=492 runtime: 69209us
Queens: iterations=493 runtime: 69254us
Queens: iterations=494 runtime: 69250us
Queens: iterations=495 runtime: 69281us
Queens: iterations=496 runtime: 69248us
Queens: iterations=497 runtime: 69179us
Queens: iterations=498 runtime: 69193us
Queens: iterations=499 runtime: 69207us
Queens: iterations=500 runtime: 69197us
Could not locate BlockSlowdown.json
Skipping Loading (this might cause a fatal crash if GTSlowdown is on)
Queens: iterations=500 average: 69000us total: 34500426us


Total Runtime: 34500426us
Bubo.RDTSC.Harness.main Total RDTSC cycles: 114505948922
Comp 52 (java.util.ImmutableCollections$SetN$SetNIterator.next()) loops:
Found Encoding : 0:-1
└── Loop 0
  loop 0 Cycles: 237998 || Activation Count:4227| LoopCallCount: 0 |  Source: -at java.util.ImmutableCollections$SetN$SetNIterator.next(ImmutableCollections.java:1213) [bci: 21] | -at java.util.ImmutableCollections$SetN$SetNIterator.next(ImmutableCollections.java:1223) [bci: 65]
Comp 57 (java.util.HashMap.putVal(int,) loops:
Found Encoding : 0:-1
└── Loop 0
  loop 0 Cycles: 6906 || Activation Count:177| LoopCallCount: 0 |  Source: -at java.util.HashMap.putVal(HashMap.java:648) [bci: 134] | -at java.util.HashMap.putVal(HashMap.java:649) [bci: 145]
Comp 58 (java.lang.String.equals(Object)) loops:
Found Encoding : 0:-1
└── Loop 0
  loop 0 Cycles: 3382 || Activation Count:48| LoopCallCount: 0 |  Source: -at java.lang.StringLatin1.equals(StringLatin1.java:100) [bci: 9]
-at java.lang.String.equals(String.java:1926) [bci: 44] | -at java.lang.StringLatin1.equals(StringLatin1.java:105) [bci: 32]
-at java.lang.String.equals(String.java:1926) [bci: 44]
Comp 75 (java.util.HashMap.resize()) loops:
Found Encoding : 2:-1,0:-1,1:0
├── Loop 2
└── Loop 0
    └── Loop 1
  loop 0 Cycles: 26044 || Activation Count:9| LoopCallCount: 0 |  Source: -at java.util.HashMap.resize(HashMap.java:714) [bci: 151] | -at java.util.HashMap.resize(HashMap.java:755) [bci: 353]
  loop 1 Cycles: 6644 || Activation Count:79| LoopCallCount: 0 |  Source: -at java.util.HashMap.resize(HashMap.java:727) [bci: 235] | -at java.util.HashMap.resize(HashMap.java:743) [bci: 309]
  loop 2 Cycles: 13950 || Activation Count:245| LoopCallCount: 0 |  Source: -at jdk.graal.compiler.hotspot.replacements.HotSpotAllocationSnippets.allocateArray(KlassPointer, int, int, int, AllocationSnippets$FillContent, int, boolean, boolean, boolean, boolean, HotSpotAllocationSnippets$HotSpotAllocationProfilingData, boolea
Comp 84 (jdk.internal.util.ArraysSupport.unsignedHashCode(int,) loops:
Found Encoding : 0:-1,1:-1,2:-1
├── Loop 0
├── Loop 1
└── Loop 2
  loop 0 Cycles: 564 || Activation Count:1| LoopCallCount: 0 |  Source: -at jdk.internal.util.ArraysSupport.unsignedHashCode(ArraysSupport.java:378) [bci: 8] | -at jdk.internal.util.ArraysSupport.unsignedHashCode(ArraysSupport.java:381) [bci: 34]
  loop 1 Cycles: 98 || Activation Count:1| LoopCallCount: 0 |  Source: Source Missing | -at jdk.internal.util.ArraysSupport.unsignedHashCode(ArraysSupport.java:381) [bci: 34]
  loop 2 Cycles: 108 || Activation Count:1| LoopCallCount: 0 |  Source: Source Missing | -at jdk.internal.util.ArraysSupport.unsignedHashCode(ArraysSupport.java:381) [bci: 34]
Comp 85 (jdk.internal.util.ArraysSupport.unsignedHashCode(int,-Re-Comp) loops:
Found Encoding : 0:-1,1:-1,2:-1
├── Loop 0
├── Loop 1
└── Loop 2
  loop 0 Cycles: 83254 || Activation Count:1678| LoopCallCount: 0 |  Source: -at jdk.internal.util.ArraysSupport.unsignedHashCode(ArraysSupport.java:378) [bci: 8] | -at jdk.internal.util.ArraysSupport.unsignedHashCode(ArraysSupport.java:381) [bci: 34]
  loop 1 Cycles: 108758 || Activation Count:1678| LoopCallCount: 0 |  Source: Source Missing | -at jdk.internal.util.ArraysSupport.unsignedHashCode(ArraysSupport.java:381) [bci: 34]
  loop 2 Cycles: 96650 || Activation Count:1678| LoopCallCount: 0 |  Source: Source Missing | -at jdk.internal.util.ArraysSupport.unsignedHashCode(ArraysSupport.java:381) [bci: 34]
Comp 87 (java.lang.StringCoding.countPositives(byte[],) loops:
Found Encoding : 0:-1
└── Loop 0
  loop 0 Cycles: 594 || Activation Count:1| LoopCallCount: 0 |  Source: -at java.lang.StringCoding.countPositives(StringCoding.java:92) [bci: 7] | -at java.lang.StringCoding.countPositives(StringCoding.java:97) [bci: 31]
Comp 88 (java.lang.StringCoding.countPositives(byte[],-Re-Comp) loops:
Found Encoding : 0:-1
└── Loop 0
  loop 0 Cycles: 11358 || Activation Count:66| LoopCallCount: 0 |  Source: -at java.lang.StringCoding.countPositives(StringCoding.java:92) [bci: 7] | -at java.lang.StringCoding.countPositives(StringCoding.java:97) [bci: 31]
Comp 138 (java.lang.StringLatin1.equals(byte[],) loops:
Found Encoding : 0:-1
└── Loop 0
  loop 0 Cycles: 18458 || Activation Count:117| LoopCallCount: 0 |  Source: -at java.lang.StringLatin1.equals(StringLatin1.java:100) [bci: 9] | -at java.lang.StringLatin1.equals(StringLatin1.java:105) [bci: 32]
Comp 140 (java.util.Properties$LineReader.readLine()) loops:
Found Encoding : 5:-1,3:-1,4:3,0:-1,1:0,2:1
├── Loop 5
├── Loop 3
│   └── Loop 4
└── Loop 0
    └── Loop 1
        └── Loop 2
  loop 1 Cycles: 258484 || Activation Count:90| LoopCallCount: 1 |  Source: -at java.util.Properties$LineReader.readLine(Properties.java:538) [bci: 219] | -at java.util.Properties$LineReader.readLine(Properties.java:543) [bci: 259]
  loop 2 Cycles: 12078 || Activation Count:91| LoopCallCount: 0 |  Source: -at java.util.Properties$LineReader.readLine(Properties.java:540) [bci: 224] | -at java.util.Properties$LineReader.readLine(Properties.java:543) [bci: 259]
  loop 5 Cycles: 648 || Activation Count:1| LoopCallCount: 0 |  Source: -at java.util.Properties$LineReader.readLine(Properties.java:540) [bci: 224] | -at java.util.Properties$LineReader.readLine(Properties.java:543) [bci: 259]
Comp 141 (java.util.Properties$LineReader.readLine()-Re-Comp) loops:
Found Encoding : 0:-1,1:0,2:1
└── Loop 0
    └── Loop 1
        └── Loop 2
  loop 1 Cycles: 3370 || Activation Count:14| LoopCallCount: 1 |  Source: -at java.util.Properties$LineReader.readLine(Properties.java:538) [bci: 219] | -at java.util.Properties$LineReader.readLine(Properties.java:543) [bci: 259]
  loop 2 Cycles: 1772 || Activation Count:14| LoopCallCount: 0 |  Source: -at java.util.Properties$LineReader.readLine(Properties.java:540) [bci: 224] | -at java.util.Properties$LineReader.readLine(Properties.java:545) [bci: 262]
Comp 142 (java.util.Properties$LineReader.readLine()-Re-Comp) loops:
Found Encoding : 5:-1,3:-1,4:3,0:-1,1:0,2:1
├── Loop 5
├── Loop 3
│   └── Loop 4
└── Loop 0
    └── Loop 1
        └── Loop 2
  loop 0 Cycles: 38006 || Activation Count:1| LoopCallCount: 2 |  Source: -at java.util.Properties$LineReader.readLine(Properties.java:504) [bci: 53] | -at java.util.Properties$LineReader.readLine(Properties.java:615) [bci: 577]
  loop 1 Cycles: 27522 || Activation Count:131| LoopCallCount: 1 |  Source: -at java.util.Properties$LineReader.readLine(Properties.java:538) [bci: 219] | -at java.util.Properties$LineReader.readLine(Properties.java:543) [bci: 259]
  loop 2 Cycles: 15174 || Activation Count:131| LoopCallCount: 0 |  Source: -at java.util.Properties$LineReader.readLine(Properties.java:540) [bci: 224] | -at java.util.Properties$LineReader.readLine(Properties.java:543) [bci: 259]
  loop 5 Cycles: 694 || Activation Count:1| LoopCallCount: 0 |  Source: -at java.util.Properties$LineReader.readLine(Properties.java:540) [bci: 224] | -at java.util.Properties$LineReader.readLine(Properties.java:543) [bci: 259]
Comp 143 (java.util.Properties$LineReader.readLine()-Re-Comp) loops:
Found Encoding : 0:-1,1:0,2:1
└── Loop 0
    └── Loop 1
        └── Loop 2
  loop 0 Cycles: 341070 || Activation Count:6| LoopCallCount: 2 |  Source: -at java.util.Properties$LineReader.readLine(Properties.java:504) [bci: 53] | -at java.util.Properties$LineReader.readLine(Properties.java:615) [bci: 577]
  loop 1 Cycles: 399850 || Activation Count:374| LoopCallCount: 1 |  Source: -at java.util.Properties$LineReader.readLine(Properties.java:538) [bci: 219] | -at java.util.Properties$LineReader.readLine(Properties.java:543) [bci: 259]
  loop 2 Cycles: 48428 || Activation Count:377| LoopCallCount: 0 |  Source: -at java.util.Properties$LineReader.readLine(Properties.java:540) [bci: 224] | -at java.util.Properties$LineReader.readLine(Properties.java:545) [bci: 262]
Comp 170 (java.util.Arrays.fill(boolean[],) loops:
Found Encoding : 0:-1,1:-1,2:-1
├── Loop 0
├── Loop 1
└── Loop 2
  loop 0 Cycles: 782336 || Activation Count:19353| LoopCallCount: 0 |  Source: -at java.util.Arrays.fill(Arrays.java:3318) [bci: 5] | -at java.util.Arrays.fill(Arrays.java:3320) [bci: 20]
  loop 1 Cycles: 496772 || Activation Count:19353| LoopCallCount: 0 |  Source: Source Missing | -at java.util.Arrays.fill(Arrays.java:3320) [bci: 20]
  loop 2 Cycles: 503378 || Activation Count:19353| LoopCallCount: 0 |  Source: Source Missing | -at java.util.Arrays.fill(Arrays.java:3320) [bci: 20]
Comp 172 (java.util.Arrays.fill(int[],) loops:
Found Encoding : 0:-1,1:-1,2:-1
├── Loop 0
├── Loop 1
└── Loop 2
  loop 0 Cycles: 211478 || Activation Count:5294| LoopCallCount: 0 |  Source: -at java.util.Arrays.fill(Arrays.java:3178) [bci: 5] | -at java.util.Arrays.fill(Arrays.java:3180) [bci: 20]
  loop 1 Cycles: 135786 || Activation Count:5294| LoopCallCount: 0 |  Source: Source Missing | -at java.util.Arrays.fill(Arrays.java:3180) [bci: 20]
  loop 2 Cycles: 143624 || Activation Count:5294| LoopCallCount: 0 |  Source: Source Missing | -at java.util.Arrays.fill(Arrays.java:3180) [bci: 20]
Comp 186 (Benchmark.innerBenchmarkLoop(int)) loops:
Found Encoding : 0:-1
└── Loop 0
  loop 0 Cycles: 204574514 || Activation Count:1| LoopCallCount: 1 |  Source: -at Benchmark.innerBenchmarkLoop(int) [bci: 2] | -at Benchmark.innerBenchmarkLoop(int) [bci: 26]
Comp 187 (Benchmark.innerBenchmarkLoop(int)-Re-Comp) loops:
Found Encoding : 0:-1
└── Loop 0
  loop 0 Cycles: 112503167012 || Activation Count:495| LoopCallCount: 1 |  Source: -at Benchmark.innerBenchmarkLoop(int) [bci: 2] | -at Benchmark.innerBenchmarkLoop(int) [bci: 26]
Comp 195 (java.lang.StringLatin1.inflate(byte[],) loops:
Found Encoding : 0:-1,1:-1,2:-1
├── Loop 0
├── Loop 1
└── Loop 2
  loop 0 Cycles: 10568 || Activation Count:184| LoopCallCount: 0 |  Source: -at java.lang.StringLatin1.inflate(StringLatin1.java:767) [bci: 3] | -at java.lang.StringLatin1.inflate(StringLatin1.java:770) [bci: 33]
  loop 1 Cycles: 10074 || Activation Count:184| LoopCallCount: 0 |  Source: Source Missing | -at java.lang.StringLatin1.inflate(StringLatin1.java:770) [bci: 33]
  loop 2 Cycles: 6890 || Activation Count:184| LoopCallCount: 0 |  Source: Source Missing | -at java.lang.StringLatin1.inflate(StringLatin1.java:770) [bci: 33]
