========================================
Benchmark : Bounce
Timestamp : 2025-10-21T20:33:54+01:00
Java      : HumphreysTestPhase: comp = java.lang.Object.<init>() HumphreysTestPhase: method transitions = 0 HumphreysTestPhase: comp = Stub<ExceptionHandlerStub.exceptionHandler> HumphreysTestPhase: method transitions = 0 HumphreysTestPhase: comp = java.lang.String.hashCode() HumphreysTestPhase: method transitions = 0 HumphreysTestPhase: comp = java.lang.Byte.toUnsignedInt(byte) HumphreysTestPhase: method transitions = 0 HumphreysTestPhase: comp = java.util.Objects.requireNonNull(Object) HumphreysTestPhase: method transitions = 0 HumphreysTestPhase: comp = java.util.HashMap.afterNodeInsertion(boolean) HumphreysTestPhase: method transitions = 0 HumphreysTestPhase: comp = java.util.ImmutableCollections$SetN$SetNIterator.hasNext() HumphreysTestPhase: method transitions = 0 HumphreysTestPhase: comp = java.util.ImmutableCollections$SetN$SetNIterator.next() HumphreysTestPhase: method transitions = 0 openjdk version "25" 2025-09-16 OpenJDK Runtime Environment GraalVM CE 25.1.0-dev+37.1 (build 25+37-jvmci-b06) OpenJDK 64-Bit Server VM GraalVM CE 25.1.0-dev+37.1 (build 25+37-jvmci-b06, mixed mode, sharing) 
Cmd:
  ./latest_graalvm_home/bin/java   -Djdk.graal.TrackNodeSourcePosition=true   -Djdk.graal.MinGraphSize=120   -XX:+UnlockExperimentalVMOptions   -XX:+UnlockDiagnosticVMOptions   -XX:+EnableJVMCI   -Djdk.graal.CompilationFailureAction=Diagnose   -XX:+UseJVMCICompiler   -XX:+UseJVMCINativeLibrary   -XX:-TieredCompilation   -XX:-BackgroundCompilation   --add-exports=jdk.graal.compiler/jdk.graal.compiler.hotspot.meta.Bubo=ALL-UNNAMED   --add-exports=jdk.graal.compiler/jdk.graal.compiler.phases.common=ALL-UNNAMED   -cp   /home/hb478/repos/are-we-fast-yet/benchmarks/Java/benchmarks.jar   Harness   Bounce   500   10000 
========================================
HumphreysTestPhase: comp = java.lang.module.ModuleDescriptor.name()
HumphreysTestPhase: method transitions = 0
HumphreysTestPhase: comp = Stub<ExceptionHandlerStub.exceptionHandler>
HumphreysTestPhase: method transitions = 0
HumphreysTestPhase: comp = java.lang.module.ModuleReference.descriptor()
HumphreysTestPhase: method transitions = 0
HumphreysTestPhase: comp = java.lang.Enum.ordinal()
HumphreysTestPhase: method transitions = 0
HumphreysTestPhase: comp = java.lang.Class.isPrimitive()
HumphreysTestPhase: method transitions = 0
HumphreysTestPhase: comp = jdk.internal.util.StrongReferenceKey.get()
HumphreysTestPhase: method transitions = 0
HumphreysTestPhase: comp = java.lang.Class.getClassLoader()
HumphreysTestPhase: method transitions = 0
HumphreysTestPhase: comp = java.lang.invoke.MethodType.returnType()
HumphreysTestPhase: method transitions = 0
HumphreysTestPhase: comp = jdk.internal.classfile.impl.AbstractPoolEntry.index()
HumphreysTestPhase: method transitions = 0
HumphreysTestPhase: comp = java.lang.invoke.MemberName.getDeclaringClass()
HumphreysTestPhase: method transitions = 0
HumphreysTestPhase: comp = java.lang.invoke.MethodType.form()
HumphreysTestPhase: method transitions = 0
HumphreysTestPhase: comp = java.util.stream.FindOps$FindSink.cancellationRequested()
HumphreysTestPhase: method transitions = 0
HumphreysTestPhase: comp = java.lang.Object.<init>()
HumphreysTestPhase: method transitions = 0
HumphreysTestPhase: comp = jdk.internal.module.ModuleReferenceImpl.moduleResolution()
HumphreysTestPhase: method transitions = 0
HumphreysTestPhase: comp = java.lang.String.hashCode()
HumphreysTestPhase: method transitions = 6
HumphreysTestPhase: comp = java.lang.module.ModuleDescriptor$Requires.modifiers()
HumphreysTestPhase: method transitions = 0
HumphreysTestPhase: comp = java.lang.module.ModuleDescriptor$Requires.name()
HumphreysTestPhase: method transitions = 0
HumphreysTestPhase: comp = java.lang.module.ModuleDescriptor.requires()
HumphreysTestPhase: method transitions = 0
HumphreysTestPhase: comp = java.lang.module.ModuleDescriptor.isAutomatic()
HumphreysTestPhase: method transitions = 0
HumphreysTestPhase: comp = java.util.HashMap$Node.getKey()
HumphreysTestPhase: method transitions = 0
HumphreysTestPhase: comp = java.util.HashMap$Node.getValue()
HumphreysTestPhase: method transitions = 0
HumphreysTestPhase: comp = java.util.ImmutableCollections$Set12.isEmpty()
HumphreysTestPhase: method transitions = 0
HumphreysTestPhase: comp = java.lang.module.ModuleDescriptor$Exports.source()
HumphreysTestPhase: method transitions = 0
HumphreysTestPhase: comp = java.lang.module.ModuleDescriptor$Exports.targets()
HumphreysTestPhase: method transitions = 0
HumphreysTestPhase: comp = java.lang.module.ModuleDescriptor.provides()
HumphreysTestPhase: method transitions = 0
HumphreysTestPhase: comp = java.lang.module.ModuleDescriptor.exports()
HumphreysTestPhase: method transitions = 0
HumphreysTestPhase: comp = java.util.Objects.requireNonNull(Object)
HumphreysTestPhase: method transitions = 0
HumphreysTestPhase: comp = java.util.ImmutableCollections$SetN$SetNIterator.hasNext()
HumphreysTestPhase: method transitions = 0
HumphreysTestPhase: comp = java.lang.module.ModuleDescriptor.uses()
HumphreysTestPhase: method transitions = 0
HumphreysTestPhase: comp = java.util.ImmutableCollections$SetN$SetNIterator.next()
HumphreysTestPhase: method transitions = 0
HumphreysTestPhase: comp = Stub<identity_hashcode(Object)int>
HumphreysTestPhase: method transitions = 0
HumphreysTestPhase: comp = java.util.HashMap.hash(Object)
HumphreysTestPhase: method transitions = 21
HumphreysTestPhase: comp = java.lang.module.ModuleDescriptor$Exports.isQualified()
HumphreysTestPhase: method transitions = 2
HumphreysTestPhase: comp = java.lang.module.ModuleDescriptor$Provides.service()
HumphreysTestPhase: method transitions = 0
HumphreysTestPhase: comp = java.lang.Byte.toUnsignedInt(byte)
HumphreysTestPhase: method transitions = 0
HumphreysTestPhase: comp = Stub<new_instance_or_null(KlassPointer)Object>
HumphreysTestPhase: method transitions = 0
HumphreysTestPhase: comp = Stub<LookUpSecondarySupersTableStub.lookupSecondarySupersTableSlowPath>
HumphreysTestPhase: method transitions = 0
HumphreysTestPhase: comp = Stub<write_barrier_pre-stack-only(Object)void>
HumphreysTestPhase: method transitions = 0
HumphreysTestPhase: comp = Stub<write_barrier_post-stack-only(Word)void>
HumphreysTestPhase: method transitions = 0
HumphreysTestPhase: comp = java.util.HashMap.putVal(int, Object, Object, boolean, boolean)
HumphreysTestPhase: method transitions = 37
HumphreysTestPhase: comp = java.lang.String.equals(Object)
HumphreysTestPhase: method transitions = 11
HumphreysTestPhase: comp = java.util.KeyValueHolder.getKey()
HumphreysTestPhase: method transitions = 0
HumphreysTestPhase: comp = java.util.KeyValueHolder.getValue()
HumphreysTestPhase: method transitions = 0
HumphreysTestPhase: comp = java.lang.module.ModuleDescriptor.packages()
HumphreysTestPhase: method transitions = 0
HumphreysTestPhase: comp = java.lang.module.ResolvedModule.reference()
HumphreysTestPhase: method transitions = 0
HumphreysTestPhase: comp = java.util.HashMap$Node.<init>(int, Object, Object, HashMap$Node)
HumphreysTestPhase: method transitions = 0
HumphreysTestPhase: comp = java.lang.module.ModuleDescriptor$Version.toString()
HumphreysTestPhase: method transitions = 0
HumphreysTestPhase: comp = java.lang.AbstractStringBuilder.length()
HumphreysTestPhase: method transitions = 0
HumphreysTestPhase: comp = java.util.HashMap.newNode(int, Object, Object, HashMap$Node)
HumphreysTestPhase: method transitions = 6
HumphreysTestPhase: comp = java.util.HashMap.afterNodeInsertion(boolean)
HumphreysTestPhase: method transitions = 0
HumphreysTestPhase: comp = Stub<new_array_or_null(KlassPointer,int)Object>
HumphreysTestPhase: method transitions = 0
HumphreysTestPhase: comp = java.util.HashMap.resize()
HumphreysTestPhase: method transitions = 12
HumphreysTestPhase: comp = java.lang.module.ResolvedModule.configuration()
HumphreysTestPhase: method transitions = 0
HumphreysTestPhase: comp = java.lang.module.ModuleDescriptor.isOpen()
HumphreysTestPhase: method transitions = 0
HumphreysTestPhase: comp = java.util.HashMap.size()
HumphreysTestPhase: method transitions = 0
HumphreysTestPhase: comp = jdk.internal.classfile.impl.AbstractPoolEntry.width()
HumphreysTestPhase: method transitions = 0
HumphreysTestPhase: comp = jdk.internal.classfile.impl.SplitConstantPool.size()
HumphreysTestPhase: method transitions = 0
HumphreysTestPhase: comp = java.lang.invoke.MethodType.ptypes()
HumphreysTestPhase: method transitions = 0
HumphreysTestPhase: comp = java.util.zip.ZipCoder$UTF8ZipCoder.isUTF8()
HumphreysTestPhase: method transitions = 0
HumphreysTestPhase: comp = java.lang.AbstractStringBuilder.getValue()
HumphreysTestPhase: method transitions = 0
HumphreysTestPhase: comp = java.lang.StringLatin1.equals(byte[], byte[])
HumphreysTestPhase: method transitions = 0
HumphreysTestPhase: comp = jdk.internal.classfile.impl.AbstractPoolEntry.constantPool()
HumphreysTestPhase: method transitions = 0
HumphreysTestPhase: comp = jdk.internal.classfile.impl.RawBytecodeHelper.bci()
HumphreysTestPhase: method transitions = 0
Starting Bounce benchmark ...
HumphreysTestPhase: comp = java.lang.String.value()
HumphreysTestPhase: method transitions = 0
HumphreysTestPhase: comp = jdk.internal.constant.ClassOrInterfaceDescImpl.descriptorString()
HumphreysTestPhase: method transitions = 0
HumphreysTestPhase: comp = Bounce$Ball.bounce()
HumphreysTestPhase: method transitions = 8
HumphreysTestPhase: comp = Stub<OSR_migration_end(long)void>
HumphreysTestPhase: method transitions = 0
HumphreysTestPhase: comp = Bounce.benchmark()
HumphreysTestPhase: method transitions = 69
HumphreysTestPhase: comp = Bounce.benchmark()
HumphreysTestPhase: method transitions = 61
HumphreysTestPhase: comp = java.lang.Integer.intValue()
HumphreysTestPhase: method transitions = 0
HumphreysTestPhase: comp = Bounce.verifyResult(Object)
HumphreysTestPhase: method transitions = 3
HumphreysTestPhase: comp = java.lang.String.coder()
HumphreysTestPhase: method transitions = 0
HumphreysTestPhase: comp = jdk.internal.classfile.impl.BufWriterImpl.size()
HumphreysTestPhase: method transitions = 0
HumphreysTestPhase: comp = jdk.internal.util.WeakReferenceKey.hashCode()
HumphreysTestPhase: method transitions = 0
HumphreysTestPhase: comp = jdk.internal.classfile.impl.AbstractDirectBuilder.constantPool()
HumphreysTestPhase: method transitions = 0
HumphreysTestPhase: comp = java.util.ArrayList.size()
HumphreysTestPhase: method transitions = 0
Bounce: iterations=1 runtime: 236163us
Bounce: iterations=2 runtime: 149533us
HumphreysTestPhase: comp = Benchmark.innerBenchmarkLoop(int)
HumphreysTestPhase: method transitions = 14
HumphreysTestPhase: comp = Benchmark.innerBenchmarkLoop(int)
HumphreysTestPhase: method transitions = 9
Bounce: iterations=3 runtime: 126456us
Bounce: iterations=4 runtime: 114970us
Bounce: iterations=5 runtime: 115935us
Bounce: iterations=6 runtime: 131032us
Bounce: iterations=7 runtime: 179615us
Bounce: iterations=8 runtime: 112580us
Bounce: iterations=9 runtime: 113931us
Bounce: iterations=10 runtime: 174614us
Bounce: iterations=11 runtime: 137585us
Bounce: iterations=12 runtime: 180381us
Bounce: iterations=13 runtime: 181363us
Bounce: iterations=14 runtime: 112280us
Bounce: iterations=15 runtime: 128046us
Bounce: iterations=16 runtime: 109549us
Bounce: iterations=17 runtime: 111000us
Bounce: iterations=18 runtime: 144182us
Bounce: iterations=19 runtime: 175607us
Bounce: iterations=20 runtime: 155442us
Bounce: iterations=21 runtime: 178932us
Bounce: iterations=22 runtime: 122225us
Bounce: iterations=23 runtime: 136589us
Bounce: iterations=24 runtime: 110490us
Bounce: iterations=25 runtime: 110313us
Bounce: iterations=26 runtime: 113180us
Bounce: iterations=27 runtime: 120420us
Bounce: iterations=28 runtime: 110512us
Bounce: iterations=29 runtime: 110338us
HumphreysTestPhase: comp = java.nio.Buffer.position()
HumphreysTestPhase: method transitions = 0
Bounce: iterations=30 runtime: 135302us
Bounce: iterations=31 runtime: 180597us
Bounce: iterations=32 runtime: 197454us
Bounce: iterations=33 runtime: 170653us
Bounce: iterations=34 runtime: 119407us
Bounce: iterations=35 runtime: 114127us
Bounce: iterations=36 runtime: 111191us
Bounce: iterations=37 runtime: 110986us
Bounce: iterations=38 runtime: 145447us
Bounce: iterations=39 runtime: 188565us
HumphreysTestPhase: comp = java.nio.Buffer.limit()
HumphreysTestPhase: method transitions = 0
Bounce: iterations=40 runtime: 136134us
Bounce: iterations=41 runtime: 113474us
Bounce: iterations=42 runtime: 135742us
Bounce: iterations=43 runtime: 179514us
Bounce: iterations=44 runtime: 110075us
Bounce: iterations=45 runtime: 118671us
Bounce: iterations=46 runtime: 137589us
Bounce: iterations=47 runtime: 112469us
Bounce: iterations=48 runtime: 145222us
Bounce: iterations=49 runtime: 131504us
Bounce: iterations=50 runtime: 114957us
Bounce: iterations=51 runtime: 158930us
Bounce: iterations=52 runtime: 110181us
Bounce: iterations=53 runtime: 110267us
Bounce: iterations=54 runtime: 110299us
Bounce: iterations=55 runtime: 112921us
Bounce: iterations=56 runtime: 111957us
Bounce: iterations=57 runtime: 111739us
Bounce: iterations=58 runtime: 111641us
Bounce: iterations=59 runtime: 112704us
Bounce: iterations=60 runtime: 111232us
Bounce: iterations=61 runtime: 111022us
Bounce: iterations=62 runtime: 153143us
Bounce: iterations=63 runtime: 141130us
Bounce: iterations=64 runtime: 180560us
Bounce: iterations=65 runtime: 162173us
Bounce: iterations=66 runtime: 154836us
Bounce: iterations=67 runtime: 118396us
Bounce: iterations=68 runtime: 180525us
Bounce: iterations=69 runtime: 193507us
Bounce: iterations=70 runtime: 201334us
Bounce: iterations=71 runtime: 159778us
Bounce: iterations=72 runtime: 109843us
Bounce: iterations=73 runtime: 109618us
Bounce: iterations=74 runtime: 109743us
Bounce: iterations=75 runtime: 109748us
Bounce: iterations=76 runtime: 110232us
Bounce: iterations=77 runtime: 109749us
Bounce: iterations=78 runtime: 109480us
Bounce: iterations=79 runtime: 109486us
Bounce: iterations=80 runtime: 110118us
Bounce: iterations=81 runtime: 109917us
Bounce: iterations=82 runtime: 121785us
Bounce: iterations=83 runtime: 180251us
Bounce: iterations=84 runtime: 180629us
Bounce: iterations=85 runtime: 157205us
Bounce: iterations=86 runtime: 131033us
Bounce: iterations=87 runtime: 179534us
Bounce: iterations=88 runtime: 188361us
Bounce: iterations=89 runtime: 109703us
Bounce: iterations=90 runtime: 116536us
Bounce: iterations=91 runtime: 186507us
Bounce: iterations=92 runtime: 180509us
Bounce: iterations=93 runtime: 180198us
Bounce: iterations=94 runtime: 154987us
Bounce: iterations=95 runtime: 108496us
Bounce: iterations=96 runtime: 176364us
Bounce: iterations=97 runtime: 177962us
Bounce: iterations=98 runtime: 125272us
Bounce: iterations=99 runtime: 129965us
Bounce: iterations=100 runtime: 163778us
Bounce: iterations=101 runtime: 116558us
Bounce: iterations=102 runtime: 161862us
Bounce: iterations=103 runtime: 170072us
Bounce: iterations=104 runtime: 112757us
Bounce: iterations=105 runtime: 158130us
Bounce: iterations=106 runtime: 150971us
Bounce: iterations=107 runtime: 182084us
Bounce: iterations=108 runtime: 180571us
Bounce: iterations=109 runtime: 119231us
Bounce: iterations=110 runtime: 112955us
Bounce: iterations=111 runtime: 157792us
Bounce: iterations=112 runtime: 180541us
Bounce: iterations=113 runtime: 181987us
Bounce: iterations=114 runtime: 132627us
Bounce: iterations=115 runtime: 204264us
Bounce: iterations=116 runtime: 139009us
Bounce: iterations=117 runtime: 109809us
Bounce: iterations=118 runtime: 110833us
Bounce: iterations=119 runtime: 110397us
Bounce: iterations=120 runtime: 156856us
Bounce: iterations=121 runtime: 127615us
Bounce: iterations=122 runtime: 112617us
Bounce: iterations=123 runtime: 111968us
Bounce: iterations=124 runtime: 111621us
Bounce: iterations=125 runtime: 112116us
Bounce: iterations=126 runtime: 126820us
HumphreysTestPhase: comp = java.nio.Buffer.capacity()
HumphreysTestPhase: method transitions = 0
HumphreysTestPhase: comp = java.nio.charset.CharsetEncoder.maxBytesPerChar()
HumphreysTestPhase: method transitions = 0
Bounce: iterations=127 runtime: 141359us
Bounce: iterations=128 runtime: 171395us
Bounce: iterations=129 runtime: 165612us
Bounce: iterations=130 runtime: 178687us
Bounce: iterations=131 runtime: 180824us
Bounce: iterations=132 runtime: 180638us
Bounce: iterations=133 runtime: 180879us
Bounce: iterations=134 runtime: 147893us
Bounce: iterations=135 runtime: 187636us
Bounce: iterations=136 runtime: 186278us
Bounce: iterations=137 runtime: 231414us
Bounce: iterations=138 runtime: 227445us
Bounce: iterations=139 runtime: 161882us
Bounce: iterations=140 runtime: 111097us
Bounce: iterations=141 runtime: 110819us
Bounce: iterations=142 runtime: 110966us
Bounce: iterations=143 runtime: 110513us
Bounce: iterations=144 runtime: 110781us
Bounce: iterations=145 runtime: 111026us
Bounce: iterations=146 runtime: 111252us
Bounce: iterations=147 runtime: 110827us
Bounce: iterations=148 runtime: 110897us
Bounce: iterations=149 runtime: 116604us
Bounce: iterations=150 runtime: 121565us
Bounce: iterations=151 runtime: 174628us
Bounce: iterations=152 runtime: 119157us
Bounce: iterations=153 runtime: 109243us
Bounce: iterations=154 runtime: 135972us
Bounce: iterations=155 runtime: 181569us
Bounce: iterations=156 runtime: 109754us
Bounce: iterations=157 runtime: 133719us
Bounce: iterations=158 runtime: 142589us
Bounce: iterations=159 runtime: 139229us
Bounce: iterations=160 runtime: 210207us
Bounce: iterations=161 runtime: 216760us
Bounce: iterations=162 runtime: 149045us
HumphreysTestPhase: comp = java.lang.String.length()
HumphreysTestPhase: method transitions = 2
Bounce: iterations=163 runtime: 110677us
Bounce: iterations=164 runtime: 147017us
Bounce: iterations=165 runtime: 109730us
Bounce: iterations=166 runtime: 137995us
Bounce: iterations=167 runtime: 113534us
Bounce: iterations=168 runtime: 136832us
Bounce: iterations=169 runtime: 170070us
Bounce: iterations=170 runtime: 181195us
Bounce: iterations=171 runtime: 152348us
Bounce: iterations=172 runtime: 174429us
Bounce: iterations=173 runtime: 170556us
Bounce: iterations=174 runtime: 169389us
Bounce: iterations=175 runtime: 180457us
Bounce: iterations=176 runtime: 179920us
Bounce: iterations=177 runtime: 137474us
Bounce: iterations=178 runtime: 108526us
Bounce: iterations=179 runtime: 108902us
Bounce: iterations=180 runtime: 108633us
Bounce: iterations=181 runtime: 108532us
Bounce: iterations=182 runtime: 108596us
Bounce: iterations=183 runtime: 108623us
Bounce: iterations=184 runtime: 108978us
Bounce: iterations=185 runtime: 108669us
Bounce: iterations=186 runtime: 108555us
Bounce: iterations=187 runtime: 108527us
Bounce: iterations=188 runtime: 109673us
Bounce: iterations=189 runtime: 109041us
Bounce: iterations=190 runtime: 109139us
Bounce: iterations=191 runtime: 116619us
Bounce: iterations=192 runtime: 109615us
Bounce: iterations=193 runtime: 109195us
Bounce: iterations=194 runtime: 109217us
Bounce: iterations=195 runtime: 109194us
Bounce: iterations=196 runtime: 109493us
Bounce: iterations=197 runtime: 115124us
Bounce: iterations=198 runtime: 109288us
Bounce: iterations=199 runtime: 145583us
Bounce: iterations=200 runtime: 122918us
Bounce: iterations=201 runtime: 112545us
Bounce: iterations=202 runtime: 121759us
Bounce: iterations=203 runtime: 117273us
Bounce: iterations=204 runtime: 157342us
Bounce: iterations=205 runtime: 176700us
Bounce: iterations=206 runtime: 110115us
Bounce: iterations=207 runtime: 110374us
Bounce: iterations=208 runtime: 110320us
Bounce: iterations=209 runtime: 110830us
Bounce: iterations=210 runtime: 127713us
Bounce: iterations=211 runtime: 131874us
Bounce: iterations=212 runtime: 124327us
Bounce: iterations=213 runtime: 113952us
Bounce: iterations=214 runtime: 113915us
Bounce: iterations=215 runtime: 111834us
Bounce: iterations=216 runtime: 111416us
Bounce: iterations=217 runtime: 111354us
Bounce: iterations=218 runtime: 110886us
Bounce: iterations=219 runtime: 110541us
Bounce: iterations=220 runtime: 140774us
Bounce: iterations=221 runtime: 109735us
Bounce: iterations=222 runtime: 109567us
Bounce: iterations=223 runtime: 109241us
Bounce: iterations=224 runtime: 140786us
Bounce: iterations=225 runtime: 110160us
Bounce: iterations=226 runtime: 146361us
Bounce: iterations=227 runtime: 240365us
Bounce: iterations=228 runtime: 195727us
Bounce: iterations=229 runtime: 175910us
Bounce: iterations=230 runtime: 211494us
Bounce: iterations=231 runtime: 216886us
Bounce: iterations=232 runtime: 196368us
Bounce: iterations=233 runtime: 225251us
Bounce: iterations=234 runtime: 124889us
Bounce: iterations=235 runtime: 110291us
Bounce: iterations=236 runtime: 110795us
Bounce: iterations=237 runtime: 126006us
Bounce: iterations=238 runtime: 148149us
Bounce: iterations=239 runtime: 172118us
Bounce: iterations=240 runtime: 148517us
Bounce: iterations=241 runtime: 124964us
Bounce: iterations=242 runtime: 157003us
Bounce: iterations=243 runtime: 140146us
Bounce: iterations=244 runtime: 110353us
Bounce: iterations=245 runtime: 110378us
Bounce: iterations=246 runtime: 110783us
Bounce: iterations=247 runtime: 154054us
Bounce: iterations=248 runtime: 124074us
Bounce: iterations=249 runtime: 127428us
Bounce: iterations=250 runtime: 111870us
Bounce: iterations=251 runtime: 112757us
Bounce: iterations=252 runtime: 112671us
Bounce: iterations=253 runtime: 112388us
Bounce: iterations=254 runtime: 114181us
Bounce: iterations=255 runtime: 112409us
Bounce: iterations=256 runtime: 203806us
Bounce: iterations=257 runtime: 149696us
Bounce: iterations=258 runtime: 117858us
Bounce: iterations=259 runtime: 122092us
Bounce: iterations=260 runtime: 111018us
Bounce: iterations=261 runtime: 111100us
Bounce: iterations=262 runtime: 114926us
Bounce: iterations=263 runtime: 112954us
Bounce: iterations=264 runtime: 130263us
Bounce: iterations=265 runtime: 211806us
Bounce: iterations=266 runtime: 211040us
Bounce: iterations=267 runtime: 173185us
Bounce: iterations=268 runtime: 120036us
Bounce: iterations=269 runtime: 168820us
Bounce: iterations=270 runtime: 115521us
Bounce: iterations=271 runtime: 109582us
Bounce: iterations=272 runtime: 108927us
Bounce: iterations=273 runtime: 109011us
Bounce: iterations=274 runtime: 129306us
Bounce: iterations=275 runtime: 112255us
Bounce: iterations=276 runtime: 112387us
Bounce: iterations=277 runtime: 112661us
Bounce: iterations=278 runtime: 116075us
Bounce: iterations=279 runtime: 112999us
Bounce: iterations=280 runtime: 112259us
Bounce: iterations=281 runtime: 143584us
Bounce: iterations=282 runtime: 117534us
Bounce: iterations=283 runtime: 181358us
Bounce: iterations=284 runtime: 162286us
Bounce: iterations=285 runtime: 142375us
Bounce: iterations=286 runtime: 109339us
Bounce: iterations=287 runtime: 123437us
Bounce: iterations=288 runtime: 112221us
Bounce: iterations=289 runtime: 112090us
Bounce: iterations=290 runtime: 111667us
Bounce: iterations=291 runtime: 111746us
Bounce: iterations=292 runtime: 117055us
Bounce: iterations=293 runtime: 149058us
Bounce: iterations=294 runtime: 157959us
Bounce: iterations=295 runtime: 149954us
Bounce: iterations=296 runtime: 126571us
Bounce: iterations=297 runtime: 137077us
Bounce: iterations=298 runtime: 119871us
Bounce: iterations=299 runtime: 110491us
Bounce: iterations=300 runtime: 131392us
Bounce: iterations=301 runtime: 180650us
Bounce: iterations=302 runtime: 180128us
Bounce: iterations=303 runtime: 113977us
Bounce: iterations=304 runtime: 109248us
Bounce: iterations=305 runtime: 109048us
Bounce: iterations=306 runtime: 109121us
Bounce: iterations=307 runtime: 109212us
Bounce: iterations=308 runtime: 148551us
Bounce: iterations=309 runtime: 109266us
Bounce: iterations=310 runtime: 109081us
Bounce: iterations=311 runtime: 109013us
Bounce: iterations=312 runtime: 110107us
Bounce: iterations=313 runtime: 109601us
Bounce: iterations=314 runtime: 112184us
Bounce: iterations=315 runtime: 111549us
Bounce: iterations=316 runtime: 148598us
Bounce: iterations=317 runtime: 140644us
Bounce: iterations=318 runtime: 140257us
Bounce: iterations=319 runtime: 180879us
Bounce: iterations=320 runtime: 174071us
Bounce: iterations=321 runtime: 151699us
Bounce: iterations=322 runtime: 180061us
Bounce: iterations=323 runtime: 179772us
Bounce: iterations=324 runtime: 160034us
Bounce: iterations=325 runtime: 180734us
Bounce: iterations=326 runtime: 179753us
Bounce: iterations=327 runtime: 128671us
Bounce: iterations=328 runtime: 108277us
Bounce: iterations=329 runtime: 108717us
Bounce: iterations=330 runtime: 108450us
Bounce: iterations=331 runtime: 108594us
Bounce: iterations=332 runtime: 108461us
Bounce: iterations=333 runtime: 109004us
Bounce: iterations=334 runtime: 165961us
Bounce: iterations=335 runtime: 108715us
Bounce: iterations=336 runtime: 108937us
Bounce: iterations=337 runtime: 115093us
Bounce: iterations=338 runtime: 180415us
Bounce: iterations=339 runtime: 140240us
Bounce: iterations=340 runtime: 108754us
Bounce: iterations=341 runtime: 201595us
Bounce: iterations=342 runtime: 122656us
Bounce: iterations=343 runtime: 110178us
Bounce: iterations=344 runtime: 109966us
Bounce: iterations=345 runtime: 109920us
Bounce: iterations=346 runtime: 110206us
Bounce: iterations=347 runtime: 109933us
Bounce: iterations=348 runtime: 109884us
Bounce: iterations=349 runtime: 109817us
Bounce: iterations=350 runtime: 109950us
Bounce: iterations=351 runtime: 159113us
Bounce: iterations=352 runtime: 176502us
Bounce: iterations=353 runtime: 180740us
Bounce: iterations=354 runtime: 181400us
Bounce: iterations=355 runtime: 134382us
Bounce: iterations=356 runtime: 154184us
Bounce: iterations=357 runtime: 108715us
Bounce: iterations=358 runtime: 165255us
Bounce: iterations=359 runtime: 123198us
Bounce: iterations=360 runtime: 140826us
Bounce: iterations=361 runtime: 140010us
Bounce: iterations=362 runtime: 146925us
Bounce: iterations=363 runtime: 109705us
Bounce: iterations=364 runtime: 109466us
Bounce: iterations=365 runtime: 129063us
Bounce: iterations=366 runtime: 235736us
Bounce: iterations=367 runtime: 110372us
Bounce: iterations=368 runtime: 139396us
Bounce: iterations=369 runtime: 180500us
Bounce: iterations=370 runtime: 180421us
Bounce: iterations=371 runtime: 161599us
Bounce: iterations=372 runtime: 116876us
Bounce: iterations=373 runtime: 179651us
Bounce: iterations=374 runtime: 140489us
Bounce: iterations=375 runtime: 128408us
Bounce: iterations=376 runtime: 112395us
Bounce: iterations=377 runtime: 114566us
Bounce: iterations=378 runtime: 178644us
Bounce: iterations=379 runtime: 231821us
Bounce: iterations=380 runtime: 146231us
Bounce: iterations=381 runtime: 180720us
Bounce: iterations=382 runtime: 180219us
Bounce: iterations=383 runtime: 137382us
Bounce: iterations=384 runtime: 111923us
Bounce: iterations=385 runtime: 139162us
Bounce: iterations=386 runtime: 169727us
Bounce: iterations=387 runtime: 109646us
Bounce: iterations=388 runtime: 113754us
Bounce: iterations=389 runtime: 114852us
Bounce: iterations=390 runtime: 181194us
Bounce: iterations=391 runtime: 170381us
Bounce: iterations=392 runtime: 180289us
Bounce: iterations=393 runtime: 180316us
Bounce: iterations=394 runtime: 170088us
Bounce: iterations=395 runtime: 109191us
Bounce: iterations=396 runtime: 109204us
Bounce: iterations=397 runtime: 109115us
Bounce: iterations=398 runtime: 136772us
Bounce: iterations=399 runtime: 156640us
Bounce: iterations=400 runtime: 114604us
Bounce: iterations=401 runtime: 179957us
HumphreysTestPhase: comp = java.lang.StringLatin1.inflate(byte[], int, char[], int, int)
HumphreysTestPhase: method transitions = 0
Bounce: iterations=402 runtime: 136903us
Bounce: iterations=403 runtime: 182044us
Bounce: iterations=404 runtime: 129878us
Bounce: iterations=405 runtime: 111941us
Bounce: iterations=406 runtime: 111536us
Bounce: iterations=407 runtime: 138622us
Bounce: iterations=408 runtime: 181971us
Bounce: iterations=409 runtime: 166922us
Bounce: iterations=410 runtime: 109703us
Bounce: iterations=411 runtime: 121672us
Bounce: iterations=412 runtime: 145186us
Bounce: iterations=413 runtime: 151848us
Bounce: iterations=414 runtime: 112748us
Bounce: iterations=415 runtime: 118060us
Bounce: iterations=416 runtime: 127559us
Bounce: iterations=417 runtime: 142857us
Bounce: iterations=418 runtime: 143051us
Bounce: iterations=419 runtime: 109649us
Bounce: iterations=420 runtime: 128837us
Bounce: iterations=421 runtime: 174453us
Bounce: iterations=422 runtime: 112856us
Bounce: iterations=423 runtime: 112281us
Bounce: iterations=424 runtime: 111783us
Bounce: iterations=425 runtime: 113135us
Bounce: iterations=426 runtime: 116793us
Bounce: iterations=427 runtime: 181696us
Bounce: iterations=428 runtime: 180650us
Bounce: iterations=429 runtime: 228950us
Bounce: iterations=430 runtime: 116279us
Bounce: iterations=431 runtime: 181179us
Bounce: iterations=432 runtime: 242296us
Bounce: iterations=433 runtime: 174457us
Bounce: iterations=434 runtime: 109324us
Bounce: iterations=435 runtime: 124605us
Bounce: iterations=436 runtime: 161462us
Bounce: iterations=437 runtime: 174957us
Bounce: iterations=438 runtime: 141098us
Bounce: iterations=439 runtime: 112242us
Bounce: iterations=440 runtime: 158276us
Bounce: iterations=441 runtime: 117636us
Bounce: iterations=442 runtime: 116969us
Bounce: iterations=443 runtime: 112885us
Bounce: iterations=444 runtime: 114980us
Bounce: iterations=445 runtime: 112500us
Bounce: iterations=446 runtime: 112853us
Bounce: iterations=447 runtime: 112400us
Bounce: iterations=448 runtime: 175176us
Bounce: iterations=449 runtime: 164022us
Bounce: iterations=450 runtime: 109098us
Bounce: iterations=451 runtime: 175458us
Bounce: iterations=452 runtime: 180360us
Bounce: iterations=453 runtime: 179893us
Bounce: iterations=454 runtime: 180442us
Bounce: iterations=455 runtime: 180150us
Bounce: iterations=456 runtime: 179916us
Bounce: iterations=457 runtime: 180194us
Bounce: iterations=458 runtime: 138296us
Bounce: iterations=459 runtime: 109542us
Bounce: iterations=460 runtime: 131001us
Bounce: iterations=461 runtime: 149489us
Bounce: iterations=462 runtime: 181433us
Bounce: iterations=463 runtime: 170700us
Bounce: iterations=464 runtime: 109080us
Bounce: iterations=465 runtime: 109109us
Bounce: iterations=466 runtime: 111746us
Bounce: iterations=467 runtime: 112931us
Bounce: iterations=468 runtime: 155787us
Bounce: iterations=469 runtime: 178981us
Bounce: iterations=470 runtime: 181332us
Bounce: iterations=471 runtime: 149244us
Bounce: iterations=472 runtime: 112784us
Bounce: iterations=473 runtime: 141340us
Bounce: iterations=474 runtime: 181502us
Bounce: iterations=475 runtime: 158624us
Bounce: iterations=476 runtime: 108825us
Bounce: iterations=477 runtime: 171399us
Bounce: iterations=478 runtime: 119872us
Bounce: iterations=479 runtime: 109090us
Bounce: iterations=480 runtime: 108675us
Bounce: iterations=481 runtime: 108796us
Bounce: iterations=482 runtime: 108918us
Bounce: iterations=483 runtime: 126513us
Bounce: iterations=484 runtime: 150014us
Bounce: iterations=485 runtime: 179482us
Bounce: iterations=486 runtime: 140876us
Bounce: iterations=487 runtime: 165607us
Bounce: iterations=488 runtime: 125741us
Bounce: iterations=489 runtime: 139963us
Bounce: iterations=490 runtime: 133771us
Bounce: iterations=491 runtime: 160098us
Bounce: iterations=492 runtime: 110067us
Bounce: iterations=493 runtime: 110353us
Bounce: iterations=494 runtime: 144243us
Bounce: iterations=495 runtime: 181665us
Bounce: iterations=496 runtime: 180378us
Bounce: iterations=497 runtime: 154683us
Bounce: iterations=498 runtime: 141819us
Bounce: iterations=499 runtime: 134656us
Bounce: iterations=500 runtime: 151606us
HumphreysTestPhase: comp = jdk.internal.constant.PrimitiveClassDescImpl.descriptorString()
HumphreysTestPhase: method transitions = 0
HumphreysTestPhase: comp = jdk.internal.constant.ClassOrInterfaceDescImpl.isClassOrInterface()
HumphreysTestPhase: method transitions = 0
HumphreysTestPhase: comp = jdk.internal.classfile.impl.AbstractPoolEntry.hashCode()
HumphreysTestPhase: method transitions = 0
HumphreysTestPhase: comp = jdk.internal.classfile.impl.AbstractPoolEntry$ClassEntryImpl.tag()
HumphreysTestPhase: method transitions = 0
HumphreysTestPhase: comp = java.lang.invoke.MethodTypeForm.erasedType()
HumphreysTestPhase: method transitions = 0
HumphreysTestPhase: comp = java.lang.StringCoding.implEncodeAsciiArray(char[], int, byte[], int, int)
HumphreysTestPhase: method transitions = 0
HumphreysTestPhase: comp = java.lang.StringCoding.implEncodeAsciiArray(char[], int, byte[], int, int)
HumphreysTestPhase: method transitions = 0
Bounce: iterations=500 average: 138789us total: 69394760us


HumphreysTestPhase: comp = java.lang.constant.ClassDesc.isPrimitive()
HumphreysTestPhase: method transitions = 0
Total Runtime: 69394760us
-- Bounce completed successfully.
