========================================
Benchmark : CD
Timestamp : 2025-10-21T20:30:07+01:00
Java      : HumphreysTestPhase: comp = java.lang.Object.<init>() HumphreysTestPhase: method transitions = 0 HumphreysTestPhase: comp = Stub<ExceptionHandlerStub.exceptionHandler> HumphreysTestPhase: method transitions = 0 HumphreysTestPhase: comp = java.lang.String.hashCode() HumphreysTestPhase: method transitions = 0 HumphreysTestPhase: comp = java.lang.Byte.toUnsignedInt(byte) HumphreysTestPhase: method transitions = 0 HumphreysTestPhase: comp = java.util.Objects.requireNonNull(Object) HumphreysTestPhase: method transitions = 0 HumphreysTestPhase: comp = java.util.HashMap.afterNodeInsertion(boolean) HumphreysTestPhase: method transitions = 0 HumphreysTestPhase: comp = java.util.ImmutableCollections$SetN$SetNIterator.hasNext() HumphreysTestPhase: method transitions = 0 HumphreysTestPhase: comp = java.util.ImmutableCollections$SetN$SetNIterator.next() HumphreysTestPhase: method transitions = 0 openjdk version "25" 2025-09-16 OpenJDK Runtime Environment GraalVM CE 25.1.0-dev+37.1 (build 25+37-jvmci-b06) OpenJDK 64-Bit Server VM GraalVM CE 25.1.0-dev+37.1 (build 25+37-jvmci-b06, mixed mode, sharing) 
Cmd:
  ./latest_graalvm_home/bin/java   -Djdk.graal.TrackNodeSourcePosition=true   -Djdk.graal.MinGraphSize=120   -XX:+UnlockExperimentalVMOptions   -XX:+UnlockDiagnosticVMOptions   -XX:+EnableJVMCI   -Djdk.graal.CompilationFailureAction=Diagnose   -XX:+UseJVMCICompiler   -XX:+UseJVMCINativeLibrary   -XX:-TieredCompilation   -XX:-BackgroundCompilation   --add-exports=jdk.graal.compiler/jdk.graal.compiler.hotspot.meta.Bubo=ALL-UNNAMED   --add-exports=jdk.graal.compiler/jdk.graal.compiler.phases.common=ALL-UNNAMED   -cp   /home/hb478/repos/are-we-fast-yet/benchmarks/Java/benchmarks.jar   Harness   CD   500   1000 
========================================
HumphreysTestPhase: comp = java.lang.module.ModuleDescriptor.name()
HumphreysTestPhase: method transitions = 0
HumphreysTestPhase: comp = Stub<ExceptionHandlerStub.exceptionHandler>
HumphreysTestPhase: method transitions = 0
HumphreysTestPhase: comp = java.lang.module.ModuleReference.descriptor()
HumphreysTestPhase: method transitions = 0
HumphreysTestPhase: comp = java.lang.Enum.ordinal()
HumphreysTestPhase: method transitions = 0
HumphreysTestPhase: comp = java.lang.Class.isPrimitive()
HumphreysTestPhase: method transitions = 0
HumphreysTestPhase: comp = jdk.internal.util.StrongReferenceKey.get()
HumphreysTestPhase: method transitions = 0
HumphreysTestPhase: comp = java.lang.Class.getClassLoader()
HumphreysTestPhase: method transitions = 0
HumphreysTestPhase: comp = java.lang.invoke.MethodType.returnType()
HumphreysTestPhase: method transitions = 0
HumphreysTestPhase: comp = jdk.internal.classfile.impl.AbstractPoolEntry.index()
HumphreysTestPhase: method transitions = 0
HumphreysTestPhase: comp = java.lang.invoke.MemberName.getDeclaringClass()
HumphreysTestPhase: method transitions = 0
HumphreysTestPhase: comp = java.lang.invoke.MethodType.form()
HumphreysTestPhase: method transitions = 0
HumphreysTestPhase: comp = java.util.stream.FindOps$FindSink.cancellationRequested()
HumphreysTestPhase: method transitions = 0
HumphreysTestPhase: comp = java.lang.Object.<init>()
HumphreysTestPhase: method transitions = 0
HumphreysTestPhase: comp = jdk.internal.module.ModuleReferenceImpl.moduleResolution()
HumphreysTestPhase: method transitions = 0
HumphreysTestPhase: comp = java.lang.String.hashCode()
HumphreysTestPhase: method transitions = 6
HumphreysTestPhase: comp = java.lang.module.ModuleDescriptor$Requires.modifiers()
HumphreysTestPhase: method transitions = 0
HumphreysTestPhase: comp = java.lang.module.ModuleDescriptor$Requires.name()
HumphreysTestPhase: method transitions = 0
HumphreysTestPhase: comp = java.lang.module.ModuleDescriptor.requires()
HumphreysTestPhase: method transitions = 0
HumphreysTestPhase: comp = java.lang.module.ModuleDescriptor.isAutomatic()
HumphreysTestPhase: method transitions = 0
HumphreysTestPhase: comp = java.util.HashMap$Node.getKey()
HumphreysTestPhase: method transitions = 0
HumphreysTestPhase: comp = java.util.HashMap$Node.getValue()
HumphreysTestPhase: method transitions = 0
HumphreysTestPhase: comp = java.util.ImmutableCollections$Set12.isEmpty()
HumphreysTestPhase: method transitions = 0
HumphreysTestPhase: comp = java.lang.module.ModuleDescriptor$Exports.source()
HumphreysTestPhase: method transitions = 0
HumphreysTestPhase: comp = java.lang.module.ModuleDescriptor$Exports.targets()
HumphreysTestPhase: method transitions = 0
HumphreysTestPhase: comp = java.lang.module.ModuleDescriptor.provides()
HumphreysTestPhase: method transitions = 0
HumphreysTestPhase: comp = java.lang.module.ModuleDescriptor.exports()
HumphreysTestPhase: method transitions = 0
HumphreysTestPhase: comp = java.util.Objects.requireNonNull(Object)
HumphreysTestPhase: method transitions = 0
HumphreysTestPhase: comp = java.util.ImmutableCollections$SetN$SetNIterator.hasNext()
HumphreysTestPhase: method transitions = 0
HumphreysTestPhase: comp = java.lang.module.ModuleDescriptor.uses()
HumphreysTestPhase: method transitions = 0
HumphreysTestPhase: comp = java.util.ImmutableCollections$SetN$SetNIterator.next()
HumphreysTestPhase: method transitions = 0
HumphreysTestPhase: comp = Stub<identity_hashcode(Object)int>
HumphreysTestPhase: method transitions = 0
HumphreysTestPhase: comp = java.util.HashMap.hash(Object)
HumphreysTestPhase: method transitions = 21
HumphreysTestPhase: comp = java.lang.module.ModuleDescriptor$Exports.isQualified()
HumphreysTestPhase: method transitions = 2
HumphreysTestPhase: comp = java.lang.module.ModuleDescriptor$Provides.service()
HumphreysTestPhase: method transitions = 0
HumphreysTestPhase: comp = java.lang.Byte.toUnsignedInt(byte)
HumphreysTestPhase: method transitions = 0
HumphreysTestPhase: comp = Stub<new_instance_or_null(KlassPointer)Object>
HumphreysTestPhase: method transitions = 0
HumphreysTestPhase: comp = Stub<LookUpSecondarySupersTableStub.lookupSecondarySupersTableSlowPath>
HumphreysTestPhase: method transitions = 0
HumphreysTestPhase: comp = Stub<write_barrier_pre-stack-only(Object)void>
HumphreysTestPhase: method transitions = 0
HumphreysTestPhase: comp = Stub<write_barrier_post-stack-only(Word)void>
HumphreysTestPhase: method transitions = 0
HumphreysTestPhase: comp = java.util.HashMap.putVal(int, Object, Object, boolean, boolean)
HumphreysTestPhase: method transitions = 37
HumphreysTestPhase: comp = java.lang.String.equals(Object)
HumphreysTestPhase: method transitions = 11
HumphreysTestPhase: comp = java.util.KeyValueHolder.getKey()
HumphreysTestPhase: method transitions = 0
HumphreysTestPhase: comp = java.util.KeyValueHolder.getValue()
HumphreysTestPhase: method transitions = 0
HumphreysTestPhase: comp = java.lang.module.ModuleDescriptor.packages()
HumphreysTestPhase: method transitions = 0
HumphreysTestPhase: comp = java.lang.module.ResolvedModule.reference()
HumphreysTestPhase: method transitions = 0
HumphreysTestPhase: comp = java.util.HashMap$Node.<init>(int, Object, Object, HashMap$Node)
HumphreysTestPhase: method transitions = 0
HumphreysTestPhase: comp = java.lang.module.ModuleDescriptor$Version.toString()
HumphreysTestPhase: method transitions = 0
HumphreysTestPhase: comp = java.lang.AbstractStringBuilder.length()
HumphreysTestPhase: method transitions = 0
HumphreysTestPhase: comp = java.util.HashMap.newNode(int, Object, Object, HashMap$Node)
HumphreysTestPhase: method transitions = 6
HumphreysTestPhase: comp = java.util.HashMap.afterNodeInsertion(boolean)
HumphreysTestPhase: method transitions = 0
HumphreysTestPhase: comp = Stub<new_array_or_null(KlassPointer,int)Object>
HumphreysTestPhase: method transitions = 0
HumphreysTestPhase: comp = java.util.HashMap.resize()
HumphreysTestPhase: method transitions = 12
HumphreysTestPhase: comp = java.lang.module.ResolvedModule.configuration()
HumphreysTestPhase: method transitions = 0
HumphreysTestPhase: comp = java.lang.module.ModuleDescriptor.isOpen()
HumphreysTestPhase: method transitions = 0
HumphreysTestPhase: comp = java.util.HashMap.size()
HumphreysTestPhase: method transitions = 0
HumphreysTestPhase: comp = jdk.internal.classfile.impl.AbstractPoolEntry.width()
HumphreysTestPhase: method transitions = 0
HumphreysTestPhase: comp = jdk.internal.classfile.impl.SplitConstantPool.size()
HumphreysTestPhase: method transitions = 0
HumphreysTestPhase: comp = java.lang.invoke.MethodType.ptypes()
HumphreysTestPhase: method transitions = 0
HumphreysTestPhase: comp = java.util.zip.ZipCoder$UTF8ZipCoder.isUTF8()
HumphreysTestPhase: method transitions = 0
HumphreysTestPhase: comp = java.lang.AbstractStringBuilder.getValue()
HumphreysTestPhase: method transitions = 0
HumphreysTestPhase: comp = java.lang.StringLatin1.equals(byte[], byte[])
HumphreysTestPhase: method transitions = 0
HumphreysTestPhase: comp = jdk.internal.classfile.impl.AbstractPoolEntry.constantPool()
HumphreysTestPhase: method transitions = 0
HumphreysTestPhase: comp = jdk.internal.classfile.impl.RawBytecodeHelper.bci()
HumphreysTestPhase: method transitions = 0
Starting CD benchmark ...
HumphreysTestPhase: comp = java.util.zip.Inflater$InflaterZStreamRef.address()
HumphreysTestPhase: method transitions = 0
HumphreysTestPhase: comp = java.lang.String.coder()
HumphreysTestPhase: method transitions = 0
HumphreysTestPhase: comp = cd.CallSign.compareTo(Object)
HumphreysTestPhase: method transitions = 3
HumphreysTestPhase: comp = cd.CallSign.compareTo(CallSign)
HumphreysTestPhase: method transitions = 0
HumphreysTestPhase: comp = cd.RedBlackTree.treeInsert(Comparable, Object)
HumphreysTestPhase: method transitions = 37
HumphreysTestPhase: comp = java.security.ProtectionDomain.getCodeSource()
HumphreysTestPhase: method transitions = 0
HumphreysTestPhase: comp = java.lang.Boolean.booleanValue()
HumphreysTestPhase: method transitions = 0
HumphreysTestPhase: comp = cd.CallSign.compareTo(Object)
HumphreysTestPhase: method transitions = 3
HumphreysTestPhase: comp = cd.CallSign.compareTo(CallSign)
HumphreysTestPhase: method transitions = 0
HumphreysTestPhase: comp = cd.Vector2D.compareNumbers(double, double)
HumphreysTestPhase: method transitions = 0
HumphreysTestPhase: comp = cd.Vector2D.compareTo(Object)
HumphreysTestPhase: method transitions = 8
HumphreysTestPhase: comp = cd.Vector2D.compareTo(Vector2D)
HumphreysTestPhase: method transitions = 4
HumphreysTestPhase: comp = cd.RedBlackTree.findNode(Comparable)
HumphreysTestPhase: method transitions = 60
HumphreysTestPhase: comp = cd.Vector2D.<init>(double, double)
HumphreysTestPhase: method transitions = 0
HumphreysTestPhase: comp = jdk.internal.util.Preconditions.checkIndex(int, int, BiFunction)
HumphreysTestPhase: method transitions = 0
HumphreysTestPhase: comp = cd.RedBlackTree.treeInsert(Comparable, Object)
HumphreysTestPhase: method transitions = 108
HumphreysTestPhase: comp = cd.CollisionDetector.recurse(RedBlackTree, RedBlackTree, Vector2D, Motion)
HumphreysTestPhase: method transitions = 70
HumphreysTestPhase: comp = cd.CollisionDetector.isInVoxel(Vector2D, Motion)
HumphreysTestPhase: method transitions = 0
HumphreysTestPhase: comp = cd.RedBlackTree.put(Comparable, Object)
HumphreysTestPhase: method transitions = 22
HumphreysTestPhase: comp = som.Vector.size()
HumphreysTestPhase: method transitions = 0
HumphreysTestPhase: comp = som.Vector.at(int)
HumphreysTestPhase: method transitions = 0
HumphreysTestPhase: comp = som.Vector.append(Object)
HumphreysTestPhase: method transitions = 28
HumphreysTestPhase: comp = cd.Vector2D.minus(Vector2D)
HumphreysTestPhase: method transitions = 7
HumphreysTestPhase: comp = cd.Vector2D.plus(Vector2D)
HumphreysTestPhase: method transitions = 7
HumphreysTestPhase: comp = cd.CollisionDetector.recurse(RedBlackTree, RedBlackTree, Vector2D, Motion)
HumphreysTestPhase: method transitions = 68
HumphreysTestPhase: comp = cd.Vector3D.<init>(double, double, double)
HumphreysTestPhase: method transitions = 0
HumphreysTestPhase: comp = java.lang.Boolean.valueOf(boolean)
HumphreysTestPhase: method transitions = 0
HumphreysTestPhase: comp = cd.RedBlackTree.get(Comparable)
HumphreysTestPhase: method transitions = 63
HumphreysTestPhase: comp = cd.RedBlackTree$Entry.<init>(Object, Object)
HumphreysTestPhase: method transitions = 0
HumphreysTestPhase: comp = cd.RedBlackTree$Node.successor()
HumphreysTestPhase: method transitions = 6
HumphreysTestPhase: comp = java.lang.String.value()
HumphreysTestPhase: method transitions = 0
HumphreysTestPhase: comp = cd.Aircraft.<init>(CallSign, Vector3D)
HumphreysTestPhase: method transitions = 0
HumphreysTestPhase: comp = cd.Motion.<init>(CallSign, Vector3D, Vector3D)
HumphreysTestPhase: method transitions = 0
HumphreysTestPhase: comp = cd.CollisionDetector$RemoveAbsentAircraft.apply(Object)
HumphreysTestPhase: method transitions = 47
HumphreysTestPhase: comp = cd.CollisionDetector$RemoveAbsentAircraft.apply(RedBlackTree$Entry)
HumphreysTestPhase: method transitions = 46
HumphreysTestPhase: comp = cd.RedBlackTree.<init>()
HumphreysTestPhase: method transitions = 0
HumphreysTestPhase: comp = cd.CollisionDetector.drawMotionOnVoxelMap(RedBlackTree, Motion)
HumphreysTestPhase: method transitions = 20
HumphreysTestPhase: comp = cd.CollisionDetector.voxelHash(Vector3D)
HumphreysTestPhase: method transitions = 8
HumphreysTestPhase: comp = cd.Vector3D.minus(Vector3D)
HumphreysTestPhase: method transitions = 7
HumphreysTestPhase: comp = Stub<OSR_migration_end(long)void>
HumphreysTestPhase: method transitions = 0
HumphreysTestPhase: comp = cd.CollisionDetector.handleNewFrame(Vector)
HumphreysTestPhase: method transitions = 255
HumphreysTestPhase: comp = cd.CollisionDetector.handleNewFrame(Vector)
HumphreysTestPhase: method transitions = 219
HumphreysTestPhase: comp = cd.CollisionDetector.putIntoMap(RedBlackTree, Vector2D, Motion)
HumphreysTestPhase: method transitions = 85
HumphreysTestPhase: comp = cd.Vector3D.dot(Vector3D)
HumphreysTestPhase: method transitions = 0
HumphreysTestPhase: comp = cd.Vector2D.compareTo(Object)
HumphreysTestPhase: method transitions = 14
HumphreysTestPhase: comp = cd.Vector2D.compareTo(Vector2D)
HumphreysTestPhase: method transitions = 8
HumphreysTestPhase: comp = cd.RedBlackTree.treeInsert(Comparable, Object)
HumphreysTestPhase: method transitions = 125
HumphreysTestPhase: comp = cd.RedBlackTree.findNode(Comparable)
HumphreysTestPhase: method transitions = 68
HumphreysTestPhase: comp = cd.RedBlackTree.put(Comparable, Object)
HumphreysTestPhase: method transitions = 26
HumphreysTestPhase: comp = cd.CollisionDetector$CollectCollisions.apply(Object)
HumphreysTestPhase: method transitions = 20
HumphreysTestPhase: comp = cd.CollisionDetector$CollectCollisions.apply(RedBlackTree$Entry)
HumphreysTestPhase: method transitions = 17
HumphreysTestPhase: comp = som.Vector.<init>()
HumphreysTestPhase: method transitions = 9
HumphreysTestPhase: comp = som.Vector.<init>(int)
HumphreysTestPhase: method transitions = 10
HumphreysTestPhase: comp = cd.RedBlackTree.forEach(ForEachInterface)
HumphreysTestPhase: method transitions = 54
HumphreysTestPhase: comp = cd.RedBlackTree.forEach(ForEachInterface)
HumphreysTestPhase: method transitions = 31
HumphreysTestPhase: comp = cd.Motion.delta()
HumphreysTestPhase: method transitions = 15
HumphreysTestPhase: comp = cd.Vector3D.squaredMagnitude()
HumphreysTestPhase: method transitions = 1
HumphreysTestPhase: comp = cd.CollisionDetector.putIntoMap(RedBlackTree, Vector2D, Motion)
HumphreysTestPhase: method transitions = 33
HumphreysTestPhase: comp = cd.RedBlackTree.get(Comparable)
HumphreysTestPhase: method transitions = 0
HumphreysTestPhase: comp = cd.CollisionDetector.reduceCollisionSet(Vector)
HumphreysTestPhase: method transitions = 145
HumphreysTestPhase: comp = cd.CollisionDetector.reduceCollisionSet(Vector)
HumphreysTestPhase: method transitions = 127
HumphreysTestPhase: comp = cd.RedBlackTree.put(Comparable, Object)
HumphreysTestPhase: method transitions = 20
HumphreysTestPhase: comp = cd.CollisionDetector.isInVoxel(Vector2D, Motion)
HumphreysTestPhase: method transitions = 0
HumphreysTestPhase: comp = cd.CollisionDetector.recurse(RedBlackTree, RedBlackTree, Vector2D, Motion)
HumphreysTestPhase: method transitions = 102
HumphreysTestPhase: comp = cd.CollisionDetector.recurse(RedBlackTree, RedBlackTree, Vector2D, Motion)
HumphreysTestPhase: method transitions = 67
HumphreysTestPhase: comp = cd.Vector3D.times(double)
HumphreysTestPhase: method transitions = 6
HumphreysTestPhase: comp = cd.Vector3D.plus(Vector3D)
HumphreysTestPhase: method transitions = 7
HumphreysTestPhase: comp = cd.Motion.findIntersection(Motion)
HumphreysTestPhase: method transitions = 55
HumphreysTestPhase: comp = Stub<AMD64MathStub.cos>
HumphreysTestPhase: method transitions = 0
HumphreysTestPhase: comp = Stub<AMD64MathStub.sin>
HumphreysTestPhase: method transitions = 0
HumphreysTestPhase: comp = cd.Simulator.simulate(double)
HumphreysTestPhase: method transitions = 212
HumphreysTestPhase: comp = cd.Simulator.simulate(double)
HumphreysTestPhase: method transitions = 123
HumphreysTestPhase: comp = cd.RedBlackTree.rightRotate(RedBlackTree$Node)
HumphreysTestPhase: method transitions = 0
HumphreysTestPhase: comp = cd.CollisionDetector.recurse(RedBlackTree, RedBlackTree, Vector2D, Motion)
HumphreysTestPhase: method transitions = 91
HumphreysTestPhase: comp = cd.RedBlackTree.leftRotate(RedBlackTree$Node)
HumphreysTestPhase: method transitions = 0
HumphreysTestPhase: comp = cd.RedBlackTree.put(Comparable, Object)
HumphreysTestPhase: method transitions = 46
HumphreysTestPhase: comp = cd.CollisionDetector.recurse(RedBlackTree, RedBlackTree, Vector2D, Motion)
HumphreysTestPhase: method transitions = 50
HumphreysTestPhase: comp = jdk.internal.util.WeakReferenceKey.hashCode()
HumphreysTestPhase: method transitions = 0
HumphreysTestPhase: comp = jdk.internal.constant.ClassOrInterfaceDescImpl.descriptorString()
HumphreysTestPhase: method transitions = 0
HumphreysTestPhase: comp = jdk.internal.classfile.impl.BufWriterImpl.size()
HumphreysTestPhase: method transitions = 0
HumphreysTestPhase: comp = jdk.internal.util.ArraysSupport.unsignedHashCode(int, byte[], int, int)
HumphreysTestPhase: method transitions = 8
HumphreysTestPhase: comp = java.util.ArrayList.size()
HumphreysTestPhase: method transitions = 0
HumphreysTestPhase: comp = jdk.internal.classfile.impl.AbstractDirectBuilder.constantPool()
HumphreysTestPhase: method transitions = 0
CD: iterations=1 runtime: 949526us
HumphreysTestPhase: comp = cd.CollisionDetector.handleNewFrame(Vector)
HumphreysTestPhase: method transitions = 104
HumphreysTestPhase: comp = cd.CollisionDetector.handleNewFrame(Vector)
HumphreysTestPhase: method transitions = 163
HumphreysTestPhase: comp = cd.Motion.findIntersection(Motion)
HumphreysTestPhase: method transitions = 58
CD: iterations=2 runtime: 214009us
HumphreysTestPhase: comp = java.lang.Math.min(int, int)
HumphreysTestPhase: method transitions = 0
HumphreysTestPhase: comp = java.util.Arrays.copyOf(Object[], int, Class)
HumphreysTestPhase: method transitions = 45
CD: iterations=3 runtime: 134738us
CD: iterations=4 runtime: 120031us
CD: iterations=5 runtime: 115563us
CD: iterations=6 runtime: 168530us
HumphreysTestPhase: comp = cd.CallSign.<init>(int)
HumphreysTestPhase: method transitions = 0
CD: iterations=7 runtime: 194149us
CD: iterations=8 runtime: 169418us
CD: iterations=9 runtime: 122755us
CD: iterations=10 runtime: 131492us
CD: iterations=11 runtime: 192959us
CD: iterations=12 runtime: 125107us
CD: iterations=13 runtime: 136892us
CD: iterations=14 runtime: 129682us
CD: iterations=15 runtime: 129796us
CD: iterations=16 runtime: 193910us
CD: iterations=17 runtime: 186780us
CD: iterations=18 runtime: 192263us
CD: iterations=19 runtime: 115307us
CD: iterations=20 runtime: 133046us
HumphreysTestPhase: comp = cd.Simulator.<init>(int)
HumphreysTestPhase: method transitions = 107
HumphreysTestPhase: comp = cd.Simulator.<init>(int)
HumphreysTestPhase: method transitions = 63
CD: iterations=21 runtime: 239357us
CD: iterations=22 runtime: 173358us
CD: iterations=23 runtime: 115151us
CD: iterations=24 runtime: 114801us
CD: iterations=25 runtime: 114526us
CD: iterations=26 runtime: 114917us
CD: iterations=27 runtime: 131530us
CD: iterations=28 runtime: 115493us
CD: iterations=29 runtime: 115021us
HumphreysTestPhase: comp = java.nio.Buffer.position()
HumphreysTestPhase: method transitions = 0
CD: iterations=30 runtime: 115094us
CD: iterations=31 runtime: 162961us
CD: iterations=32 runtime: 176103us
CD: iterations=33 runtime: 197531us
CD: iterations=34 runtime: 193013us
CD: iterations=35 runtime: 140692us
CD: iterations=36 runtime: 132963us
CD: iterations=37 runtime: 170545us
CD: iterations=38 runtime: 160682us
CD: iterations=39 runtime: 114536us
HumphreysTestPhase: comp = java.nio.Buffer.limit()
HumphreysTestPhase: method transitions = 0
CD: iterations=40 runtime: 114801us
CD: iterations=41 runtime: 122876us
CD: iterations=42 runtime: 149855us
CD: iterations=43 runtime: 114247us
CD: iterations=44 runtime: 114127us
CD: iterations=45 runtime: 114243us
CD: iterations=46 runtime: 114434us
CD: iterations=47 runtime: 114291us
CD: iterations=48 runtime: 114694us
CD: iterations=49 runtime: 115530us
CD: iterations=50 runtime: 114739us
CD: iterations=51 runtime: 130911us
CD: iterations=52 runtime: 157698us
CD: iterations=53 runtime: 192480us
CD: iterations=54 runtime: 151954us
CD: iterations=55 runtime: 192179us
CD: iterations=56 runtime: 192178us
CD: iterations=57 runtime: 171844us
CD: iterations=58 runtime: 114879us
CD: iterations=59 runtime: 123216us
CD: iterations=60 runtime: 191969us
CD: iterations=61 runtime: 195415us
CD: iterations=62 runtime: 193166us
CD: iterations=63 runtime: 191607us
CD: iterations=64 runtime: 191741us
CD: iterations=65 runtime: 167277us
CD: iterations=66 runtime: 137673us
CD: iterations=67 runtime: 149375us
CD: iterations=68 runtime: 114578us
CD: iterations=69 runtime: 114771us
CD: iterations=70 runtime: 114771us
CD: iterations=71 runtime: 114655us
CD: iterations=72 runtime: 114541us
CD: iterations=73 runtime: 118984us
CD: iterations=74 runtime: 182920us
CD: iterations=75 runtime: 115598us
CD: iterations=76 runtime: 182257us
CD: iterations=77 runtime: 113474us
CD: iterations=78 runtime: 114478us
CD: iterations=79 runtime: 179250us
CD: iterations=80 runtime: 160299us
CD: iterations=81 runtime: 200518us
CD: iterations=82 runtime: 202407us
CD: iterations=83 runtime: 174484us
CD: iterations=84 runtime: 114325us
CD: iterations=85 runtime: 114266us
CD: iterations=86 runtime: 114364us
CD: iterations=87 runtime: 114068us
CD: iterations=88 runtime: 114270us
CD: iterations=89 runtime: 114121us
CD: iterations=90 runtime: 114490us
CD: iterations=91 runtime: 114355us
CD: iterations=92 runtime: 114223us
CD: iterations=93 runtime: 114498us
CD: iterations=94 runtime: 114546us
CD: iterations=95 runtime: 115024us
CD: iterations=96 runtime: 114570us
CD: iterations=97 runtime: 114774us
CD: iterations=98 runtime: 114628us
CD: iterations=99 runtime: 115373us
CD: iterations=100 runtime: 131235us
HumphreysTestPhase: comp = java.lang.String.length()
HumphreysTestPhase: method transitions = 2
CD: iterations=101 runtime: 138091us
CD: iterations=102 runtime: 192169us
HumphreysTestPhase: comp = CD.benchmark(int)
HumphreysTestPhase: method transitions = 6
HumphreysTestPhase: comp = CD.benchmark(int)
HumphreysTestPhase: method transitions = 75
CD: iterations=103 runtime: 230155us
CD: iterations=104 runtime: 140017us
CD: iterations=105 runtime: 113742us
CD: iterations=106 runtime: 161712us
CD: iterations=107 runtime: 120491us
CD: iterations=108 runtime: 167288us
CD: iterations=109 runtime: 113808us
CD: iterations=110 runtime: 114605us
CD: iterations=111 runtime: 146519us
CD: iterations=112 runtime: 191839us
CD: iterations=113 runtime: 191933us
CD: iterations=114 runtime: 191972us
CD: iterations=115 runtime: 191920us
CD: iterations=116 runtime: 191617us
CD: iterations=117 runtime: 150847us
CD: iterations=118 runtime: 114385us
CD: iterations=119 runtime: 114261us
CD: iterations=120 runtime: 114433us
CD: iterations=121 runtime: 114133us
CD: iterations=122 runtime: 114128us
CD: iterations=123 runtime: 131068us
CD: iterations=124 runtime: 162977us
CD: iterations=125 runtime: 154812us
CD: iterations=126 runtime: 141035us
HumphreysTestPhase: comp = java.nio.Buffer.capacity()
HumphreysTestPhase: method transitions = 0
HumphreysTestPhase: comp = java.nio.charset.CharsetEncoder.maxBytesPerChar()
HumphreysTestPhase: method transitions = 0
CD: iterations=127 runtime: 115858us
CD: iterations=128 runtime: 192845us
CD: iterations=129 runtime: 193090us
CD: iterations=130 runtime: 140687us
CD: iterations=131 runtime: 197587us
CD: iterations=132 runtime: 191715us
CD: iterations=133 runtime: 191928us
CD: iterations=134 runtime: 116254us
CD: iterations=135 runtime: 114410us
CD: iterations=136 runtime: 114083us
CD: iterations=137 runtime: 117584us
CD: iterations=138 runtime: 131090us
CD: iterations=139 runtime: 191843us
CD: iterations=140 runtime: 123170us
CD: iterations=141 runtime: 114971us
CD: iterations=142 runtime: 145553us
CD: iterations=143 runtime: 154157us
CD: iterations=144 runtime: 168161us
CD: iterations=145 runtime: 140539us
CD: iterations=146 runtime: 130826us
CD: iterations=147 runtime: 155375us
CD: iterations=148 runtime: 113987us
CD: iterations=149 runtime: 114190us
CD: iterations=150 runtime: 114196us
CD: iterations=151 runtime: 114037us
CD: iterations=152 runtime: 114272us
CD: iterations=153 runtime: 114102us
CD: iterations=154 runtime: 114196us
CD: iterations=155 runtime: 114743us
CD: iterations=156 runtime: 114914us
CD: iterations=157 runtime: 114887us
CD: iterations=158 runtime: 115127us
CD: iterations=159 runtime: 115103us
CD: iterations=160 runtime: 114908us
CD: iterations=161 runtime: 121087us
CD: iterations=162 runtime: 155633us
CD: iterations=163 runtime: 166689us
CD: iterations=164 runtime: 114387us
CD: iterations=165 runtime: 160654us
CD: iterations=166 runtime: 113885us
CD: iterations=167 runtime: 125770us
CD: iterations=168 runtime: 113897us
CD: iterations=169 runtime: 136291us
CD: iterations=170 runtime: 113904us
CD: iterations=171 runtime: 125520us
CD: iterations=172 runtime: 155386us
CD: iterations=173 runtime: 114175us
CD: iterations=174 runtime: 138356us
CD: iterations=175 runtime: 114800us
CD: iterations=176 runtime: 114294us
CD: iterations=177 runtime: 176069us
CD: iterations=178 runtime: 167056us
CD: iterations=179 runtime: 113947us
CD: iterations=180 runtime: 115371us
CD: iterations=181 runtime: 114004us
CD: iterations=182 runtime: 113920us
CD: iterations=183 runtime: 117394us
CD: iterations=184 runtime: 190986us
CD: iterations=185 runtime: 192673us
CD: iterations=186 runtime: 193064us
CD: iterations=187 runtime: 126467us
CD: iterations=188 runtime: 157688us
CD: iterations=189 runtime: 148418us
CD: iterations=190 runtime: 114332us
CD: iterations=191 runtime: 114312us
CD: iterations=192 runtime: 114505us
CD: iterations=193 runtime: 114542us
CD: iterations=194 runtime: 114492us
CD: iterations=195 runtime: 114399us
CD: iterations=196 runtime: 114376us
CD: iterations=197 runtime: 120924us
CD: iterations=198 runtime: 114428us
CD: iterations=199 runtime: 114397us
CD: iterations=200 runtime: 114335us
CD: iterations=201 runtime: 114424us
CD: iterations=202 runtime: 114446us
CD: iterations=203 runtime: 114869us
CD: iterations=204 runtime: 123592us
CD: iterations=205 runtime: 137689us
CD: iterations=206 runtime: 114766us
CD: iterations=207 runtime: 114721us
CD: iterations=208 runtime: 128098us
CD: iterations=209 runtime: 181253us
CD: iterations=210 runtime: 114813us
CD: iterations=211 runtime: 117758us
CD: iterations=212 runtime: 147601us
CD: iterations=213 runtime: 122519us
CD: iterations=214 runtime: 126505us
CD: iterations=215 runtime: 136583us
CD: iterations=216 runtime: 124264us
CD: iterations=217 runtime: 114343us
CD: iterations=218 runtime: 144571us
CD: iterations=219 runtime: 192146us
CD: iterations=220 runtime: 183375us
CD: iterations=221 runtime: 191732us
CD: iterations=222 runtime: 192507us
CD: iterations=223 runtime: 191779us
CD: iterations=224 runtime: 191573us
CD: iterations=225 runtime: 191627us
CD: iterations=226 runtime: 191331us
CD: iterations=227 runtime: 191376us
CD: iterations=228 runtime: 195570us
CD: iterations=229 runtime: 177550us
CD: iterations=230 runtime: 120298us
CD: iterations=231 runtime: 114258us
CD: iterations=232 runtime: 113705us
CD: iterations=233 runtime: 178137us
CD: iterations=234 runtime: 130616us
CD: iterations=235 runtime: 123194us
CD: iterations=236 runtime: 174831us
CD: iterations=237 runtime: 192470us
CD: iterations=238 runtime: 169443us
CD: iterations=239 runtime: 124794us
CD: iterations=240 runtime: 114156us
CD: iterations=241 runtime: 151966us
CD: iterations=242 runtime: 113975us
CD: iterations=243 runtime: 144464us
CD: iterations=244 runtime: 114318us
CD: iterations=245 runtime: 114214us
CD: iterations=246 runtime: 114277us
CD: iterations=247 runtime: 154173us
CD: iterations=248 runtime: 191218us
CD: iterations=249 runtime: 192099us
CD: iterations=250 runtime: 146677us
CD: iterations=251 runtime: 125825us
CD: iterations=252 runtime: 192787us
CD: iterations=253 runtime: 192393us
CD: iterations=254 runtime: 192591us
CD: iterations=255 runtime: 166449us
CD: iterations=256 runtime: 114236us
CD: iterations=257 runtime: 183016us
CD: iterations=258 runtime: 130650us
CD: iterations=259 runtime: 113721us
CD: iterations=260 runtime: 113674us
CD: iterations=261 runtime: 113804us
CD: iterations=262 runtime: 125198us
CD: iterations=263 runtime: 178909us
CD: iterations=264 runtime: 160861us
CD: iterations=265 runtime: 191908us
CD: iterations=266 runtime: 192329us
CD: iterations=267 runtime: 167207us
CD: iterations=268 runtime: 123771us
CD: iterations=269 runtime: 192068us
CD: iterations=270 runtime: 197229us
CD: iterations=271 runtime: 192496us
CD: iterations=272 runtime: 142053us
CD: iterations=273 runtime: 128298us
CD: iterations=274 runtime: 114257us
CD: iterations=275 runtime: 135356us
CD: iterations=276 runtime: 142716us
CD: iterations=277 runtime: 171943us
CD: iterations=278 runtime: 199119us
CD: iterations=279 runtime: 197034us
CD: iterations=280 runtime: 195687us
CD: iterations=281 runtime: 114758us
CD: iterations=282 runtime: 130823us
CD: iterations=283 runtime: 134755us
CD: iterations=284 runtime: 182602us
CD: iterations=285 runtime: 159836us
CD: iterations=286 runtime: 114335us
CD: iterations=287 runtime: 115007us
CD: iterations=288 runtime: 128897us
CD: iterations=289 runtime: 136289us
CD: iterations=290 runtime: 114488us
CD: iterations=291 runtime: 148176us
CD: iterations=292 runtime: 194096us
CD: iterations=293 runtime: 175228us
CD: iterations=294 runtime: 152272us
CD: iterations=295 runtime: 114277us
CD: iterations=296 runtime: 118961us
CD: iterations=297 runtime: 114907us
CD: iterations=298 runtime: 115123us
CD: iterations=299 runtime: 168795us
CD: iterations=300 runtime: 122002us
CD: iterations=301 runtime: 192312us
CD: iterations=302 runtime: 158040us
CD: iterations=303 runtime: 140981us
CD: iterations=304 runtime: 143869us
CD: iterations=305 runtime: 143267us
CD: iterations=306 runtime: 127012us
CD: iterations=307 runtime: 113690us
CD: iterations=308 runtime: 113969us
CD: iterations=309 runtime: 113954us
CD: iterations=310 runtime: 113742us
CD: iterations=311 runtime: 151712us
CD: iterations=312 runtime: 175841us
CD: iterations=313 runtime: 114143us
CD: iterations=314 runtime: 114362us
CD: iterations=315 runtime: 150689us
CD: iterations=316 runtime: 179129us
CD: iterations=317 runtime: 178475us
CD: iterations=318 runtime: 195755us
CD: iterations=319 runtime: 195065us
CD: iterations=320 runtime: 198625us
CD: iterations=321 runtime: 189475us
CD: iterations=322 runtime: 165756us
CD: iterations=323 runtime: 113585us
CD: iterations=324 runtime: 134194us
CD: iterations=325 runtime: 146976us
CD: iterations=326 runtime: 150784us
CD: iterations=327 runtime: 114569us
CD: iterations=328 runtime: 115262us
CD: iterations=329 runtime: 138198us
CD: iterations=330 runtime: 115334us
CD: iterations=331 runtime: 114672us
CD: iterations=332 runtime: 114757us
CD: iterations=333 runtime: 136067us
CD: iterations=334 runtime: 115754us
CD: iterations=335 runtime: 114043us
CD: iterations=336 runtime: 127126us
CD: iterations=337 runtime: 113977us
CD: iterations=338 runtime: 173210us
CD: iterations=339 runtime: 116617us
CD: iterations=340 runtime: 114364us
CD: iterations=341 runtime: 113976us
CD: iterations=342 runtime: 114823us
CD: iterations=343 runtime: 119108us
CD: iterations=344 runtime: 125299us
CD: iterations=345 runtime: 114837us
CD: iterations=346 runtime: 176485us
CD: iterations=347 runtime: 194857us
CD: iterations=348 runtime: 192275us
CD: iterations=349 runtime: 191967us
CD: iterations=350 runtime: 138921us
CD: iterations=351 runtime: 114875us
CD: iterations=352 runtime: 144517us
CD: iterations=353 runtime: 165404us
CD: iterations=354 runtime: 192959us
CD: iterations=355 runtime: 151518us
CD: iterations=356 runtime: 151992us
CD: iterations=357 runtime: 191636us
CD: iterations=358 runtime: 192323us
CD: iterations=359 runtime: 192073us
CD: iterations=360 runtime: 191944us
CD: iterations=361 runtime: 184179us
CD: iterations=362 runtime: 175838us
CD: iterations=363 runtime: 150980us
CD: iterations=364 runtime: 136459us
CD: iterations=365 runtime: 192018us
CD: iterations=366 runtime: 180687us
CD: iterations=367 runtime: 194780us
CD: iterations=368 runtime: 197272us
CD: iterations=369 runtime: 143974us
CD: iterations=370 runtime: 121505us
CD: iterations=371 runtime: 196336us
CD: iterations=372 runtime: 140217us
CD: iterations=373 runtime: 149241us
CD: iterations=374 runtime: 114934us
CD: iterations=375 runtime: 114884us
CD: iterations=376 runtime: 114760us
CD: iterations=377 runtime: 136674us
CD: iterations=378 runtime: 120627us
CD: iterations=379 runtime: 145423us
CD: iterations=380 runtime: 175616us
CD: iterations=381 runtime: 178674us
CD: iterations=382 runtime: 193970us
CD: iterations=383 runtime: 173989us
CD: iterations=384 runtime: 193153us
CD: iterations=385 runtime: 136276us
CD: iterations=386 runtime: 113827us
CD: iterations=387 runtime: 140627us
CD: iterations=388 runtime: 192343us
CD: iterations=389 runtime: 192774us
CD: iterations=390 runtime: 172902us
CD: iterations=391 runtime: 187266us
CD: iterations=392 runtime: 200132us
CD: iterations=393 runtime: 191850us
CD: iterations=394 runtime: 194569us
CD: iterations=395 runtime: 183649us
CD: iterations=396 runtime: 186194us
CD: iterations=397 runtime: 120688us
CD: iterations=398 runtime: 146679us
CD: iterations=399 runtime: 154304us
CD: iterations=400 runtime: 191919us
CD: iterations=401 runtime: 158290us
CD: iterations=402 runtime: 113410us
CD: iterations=403 runtime: 116481us
CD: iterations=404 runtime: 114590us
CD: iterations=405 runtime: 114865us
CD: iterations=406 runtime: 135486us
CD: iterations=407 runtime: 198052us
CD: iterations=408 runtime: 191610us
CD: iterations=409 runtime: 196538us
CD: iterations=410 runtime: 192471us
CD: iterations=411 runtime: 132692us
CD: iterations=412 runtime: 139726us
CD: iterations=413 runtime: 191792us
CD: iterations=414 runtime: 127093us
CD: iterations=415 runtime: 160451us
CD: iterations=416 runtime: 200575us
CD: iterations=417 runtime: 124110us
HumphreysTestPhase: comp = java.lang.StringLatin1.inflate(byte[], int, char[], int, int)
HumphreysTestPhase: method transitions = 0
CD: iterations=418 runtime: 120562us
CD: iterations=419 runtime: 114680us
CD: iterations=420 runtime: 178632us
CD: iterations=421 runtime: 125779us
CD: iterations=422 runtime: 131921us
CD: iterations=423 runtime: 124561us
CD: iterations=424 runtime: 130271us
CD: iterations=425 runtime: 113933us
CD: iterations=426 runtime: 138514us
CD: iterations=427 runtime: 114300us
CD: iterations=428 runtime: 114109us
CD: iterations=429 runtime: 131672us
CD: iterations=430 runtime: 129142us
CD: iterations=431 runtime: 117553us
CD: iterations=432 runtime: 113813us
CD: iterations=433 runtime: 120541us
CD: iterations=434 runtime: 114271us
CD: iterations=435 runtime: 162734us
CD: iterations=436 runtime: 178400us
CD: iterations=437 runtime: 121835us
CD: iterations=438 runtime: 114216us
CD: iterations=439 runtime: 114336us
CD: iterations=440 runtime: 167494us
CD: iterations=441 runtime: 191564us
CD: iterations=442 runtime: 193075us
CD: iterations=443 runtime: 178274us
CD: iterations=444 runtime: 191333us
CD: iterations=445 runtime: 191237us
CD: iterations=446 runtime: 137157us
CD: iterations=447 runtime: 167174us
CD: iterations=448 runtime: 113867us
CD: iterations=449 runtime: 114202us
CD: iterations=450 runtime: 143664us
CD: iterations=451 runtime: 148725us
CD: iterations=452 runtime: 157046us
CD: iterations=453 runtime: 162707us
CD: iterations=454 runtime: 130295us
CD: iterations=455 runtime: 143438us
CD: iterations=456 runtime: 114327us
CD: iterations=457 runtime: 114326us
CD: iterations=458 runtime: 134569us
CD: iterations=459 runtime: 180709us
CD: iterations=460 runtime: 113953us
CD: iterations=461 runtime: 113999us
CD: iterations=462 runtime: 114722us
CD: iterations=463 runtime: 133095us
CD: iterations=464 runtime: 186150us
CD: iterations=465 runtime: 124992us
CD: iterations=466 runtime: 114051us
CD: iterations=467 runtime: 135649us
CD: iterations=468 runtime: 167703us
CD: iterations=469 runtime: 192142us
CD: iterations=470 runtime: 172386us
CD: iterations=471 runtime: 114319us
CD: iterations=472 runtime: 114139us
CD: iterations=473 runtime: 114225us
CD: iterations=474 runtime: 114642us
CD: iterations=475 runtime: 186168us
CD: iterations=476 runtime: 203099us
CD: iterations=477 runtime: 195075us
CD: iterations=478 runtime: 200749us
CD: iterations=479 runtime: 139056us
CD: iterations=480 runtime: 113786us
CD: iterations=481 runtime: 114777us
CD: iterations=482 runtime: 114952us
CD: iterations=483 runtime: 114710us
CD: iterations=484 runtime: 114758us
CD: iterations=485 runtime: 114767us
CD: iterations=486 runtime: 114668us
CD: iterations=487 runtime: 114333us
CD: iterations=488 runtime: 149686us
CD: iterations=489 runtime: 175587us
CD: iterations=490 runtime: 191810us
CD: iterations=491 runtime: 134555us
CD: iterations=492 runtime: 140567us
CD: iterations=493 runtime: 184648us
CD: iterations=494 runtime: 127614us
CD: iterations=495 runtime: 113973us
CD: iterations=496 runtime: 131677us
CD: iterations=497 runtime: 114478us
CD: iterations=498 runtime: 114749us
CD: iterations=499 runtime: 114867us
CD: iterations=500 runtime: 115044us
HumphreysTestPhase: comp = jdk.internal.constant.PrimitiveClassDescImpl.descriptorString()
HumphreysTestPhase: method transitions = 0
HumphreysTestPhase: comp = jdk.internal.classfile.impl.AbstractPoolEntry.hashCode()
HumphreysTestPhase: method transitions = 0
HumphreysTestPhase: comp = jdk.internal.constant.ClassOrInterfaceDescImpl.isClassOrInterface()
HumphreysTestPhase: method transitions = 0
HumphreysTestPhase: comp = jdk.internal.classfile.impl.AbstractPoolEntry$ClassEntryImpl.tag()
HumphreysTestPhase: method transitions = 0
HumphreysTestPhase: comp = java.lang.invoke.MethodTypeForm.erasedType()
HumphreysTestPhase: method transitions = 0
CD: iterations=500 average: 146701us total: 73350629us


Total Runtime: 73350629us
-- CD completed successfully.
