========================================
Benchmark : DeltaBlue
Timestamp : 2025-10-21T20:26:31+01:00
Java      : HumphreysTestPhase: comp = java.lang.Object.<init>() HumphreysTestPhase: method transitions = 0 HumphreysTestPhase: comp = Stub<ExceptionHandlerStub.exceptionHandler> HumphreysTestPhase: method transitions = 0 HumphreysTestPhase: comp = java.lang.String.hashCode() HumphreysTestPhase: method transitions = 0 HumphreysTestPhase: comp = java.lang.Byte.toUnsignedInt(byte) HumphreysTestPhase: method transitions = 0 HumphreysTestPhase: comp = java.util.HashMap.afterNodeInsertion(boolean) HumphreysTestPhase: method transitions = 0 HumphreysTestPhase: comp = java.util.Objects.requireNonNull(Object) HumphreysTestPhase: method transitions = 0 HumphreysTestPhase: comp = java.util.ImmutableCollections$SetN$SetNIterator.hasNext() HumphreysTestPhase: method transitions = 0 HumphreysTestPhase: comp = java.util.ImmutableCollections$SetN$SetNIterator.next() HumphreysTestPhase: method transitions = 0 openjdk version "25" 2025-09-16 OpenJDK Runtime Environment GraalVM CE 25.1.0-dev+37.1 (build 25+37-jvmci-b06) OpenJDK 64-Bit Server VM GraalVM CE 25.1.0-dev+37.1 (build 25+37-jvmci-b06, mixed mode, sharing) 
Cmd:
  ./latest_graalvm_home/bin/java   -Djdk.graal.TrackNodeSourcePosition=true   -Djdk.graal.MinGraphSize=120   -XX:+UnlockExperimentalVMOptions   -XX:+UnlockDiagnosticVMOptions   -XX:+EnableJVMCI   -Djdk.graal.CompilationFailureAction=Diagnose   -XX:+UseJVMCICompiler   -XX:+UseJVMCINativeLibrary   -XX:-TieredCompilation   -XX:-BackgroundCompilation   --add-exports=jdk.graal.compiler/jdk.graal.compiler.hotspot.meta.Bubo=ALL-UNNAMED   --add-exports=jdk.graal.compiler/jdk.graal.compiler.phases.common=ALL-UNNAMED   -cp   /home/hb478/repos/are-we-fast-yet/benchmarks/Java/benchmarks.jar   Harness   DeltaBlue   500   60000 
========================================
HumphreysTestPhase: comp = java.lang.module.ModuleDescriptor.name()
HumphreysTestPhase: method transitions = 0
HumphreysTestPhase: comp = Stub<ExceptionHandlerStub.exceptionHandler>
HumphreysTestPhase: method transitions = 0
HumphreysTestPhase: comp = java.lang.module.ModuleReference.descriptor()
HumphreysTestPhase: method transitions = 0
HumphreysTestPhase: comp = java.lang.Enum.ordinal()
HumphreysTestPhase: method transitions = 0
HumphreysTestPhase: comp = java.lang.Class.isPrimitive()
HumphreysTestPhase: method transitions = 0
HumphreysTestPhase: comp = jdk.internal.util.StrongReferenceKey.get()
HumphreysTestPhase: method transitions = 0
HumphreysTestPhase: comp = java.lang.Class.getClassLoader()
HumphreysTestPhase: method transitions = 0
HumphreysTestPhase: comp = java.lang.invoke.MethodType.returnType()
HumphreysTestPhase: method transitions = 0
HumphreysTestPhase: comp = jdk.internal.classfile.impl.AbstractPoolEntry.index()
HumphreysTestPhase: method transitions = 0
HumphreysTestPhase: comp = java.lang.invoke.MemberName.getDeclaringClass()
HumphreysTestPhase: method transitions = 0
HumphreysTestPhase: comp = java.lang.invoke.MethodType.form()
HumphreysTestPhase: method transitions = 0
HumphreysTestPhase: comp = java.util.stream.FindOps$FindSink.cancellationRequested()
HumphreysTestPhase: method transitions = 0
HumphreysTestPhase: comp = java.lang.Object.<init>()
HumphreysTestPhase: method transitions = 0
HumphreysTestPhase: comp = jdk.internal.module.ModuleReferenceImpl.moduleResolution()
HumphreysTestPhase: method transitions = 0
HumphreysTestPhase: comp = java.lang.String.hashCode()
HumphreysTestPhase: method transitions = 6
HumphreysTestPhase: comp = java.lang.module.ModuleDescriptor$Requires.modifiers()
HumphreysTestPhase: method transitions = 0
HumphreysTestPhase: comp = java.lang.module.ModuleDescriptor$Requires.name()
HumphreysTestPhase: method transitions = 0
HumphreysTestPhase: comp = java.lang.module.ModuleDescriptor.requires()
HumphreysTestPhase: method transitions = 0
HumphreysTestPhase: comp = java.lang.module.ModuleDescriptor.isAutomatic()
HumphreysTestPhase: method transitions = 0
HumphreysTestPhase: comp = java.util.HashMap$Node.getKey()
HumphreysTestPhase: method transitions = 0
HumphreysTestPhase: comp = java.util.HashMap$Node.getValue()
HumphreysTestPhase: method transitions = 0
HumphreysTestPhase: comp = java.util.ImmutableCollections$Set12.isEmpty()
HumphreysTestPhase: method transitions = 0
HumphreysTestPhase: comp = java.lang.module.ModuleDescriptor$Exports.source()
HumphreysTestPhase: method transitions = 0
HumphreysTestPhase: comp = java.lang.module.ModuleDescriptor$Exports.targets()
HumphreysTestPhase: method transitions = 0
HumphreysTestPhase: comp = java.lang.module.ModuleDescriptor.provides()
HumphreysTestPhase: method transitions = 0
HumphreysTestPhase: comp = java.lang.module.ModuleDescriptor.exports()
HumphreysTestPhase: method transitions = 0
HumphreysTestPhase: comp = java.util.Objects.requireNonNull(Object)
HumphreysTestPhase: method transitions = 0
HumphreysTestPhase: comp = java.util.ImmutableCollections$SetN$SetNIterator.hasNext()
HumphreysTestPhase: method transitions = 0
HumphreysTestPhase: comp = java.lang.module.ModuleDescriptor.uses()
HumphreysTestPhase: method transitions = 0
HumphreysTestPhase: comp = java.util.ImmutableCollections$SetN$SetNIterator.next()
HumphreysTestPhase: method transitions = 0
HumphreysTestPhase: comp = Stub<identity_hashcode(Object)int>
HumphreysTestPhase: method transitions = 0
HumphreysTestPhase: comp = java.util.HashMap.hash(Object)
HumphreysTestPhase: method transitions = 21
HumphreysTestPhase: comp = java.lang.module.ModuleDescriptor$Exports.isQualified()
HumphreysTestPhase: method transitions = 2
HumphreysTestPhase: comp = java.lang.module.ModuleDescriptor$Provides.service()
HumphreysTestPhase: method transitions = 0
HumphreysTestPhase: comp = java.lang.Byte.toUnsignedInt(byte)
HumphreysTestPhase: method transitions = 0
HumphreysTestPhase: comp = Stub<new_instance_or_null(KlassPointer)Object>
HumphreysTestPhase: method transitions = 0
HumphreysTestPhase: comp = Stub<LookUpSecondarySupersTableStub.lookupSecondarySupersTableSlowPath>
HumphreysTestPhase: method transitions = 0
HumphreysTestPhase: comp = Stub<write_barrier_pre-stack-only(Object)void>
HumphreysTestPhase: method transitions = 0
HumphreysTestPhase: comp = Stub<write_barrier_post-stack-only(Word)void>
HumphreysTestPhase: method transitions = 0
HumphreysTestPhase: comp = java.util.HashMap.putVal(int, Object, Object, boolean, boolean)
HumphreysTestPhase: method transitions = 37
HumphreysTestPhase: comp = java.lang.String.equals(Object)
HumphreysTestPhase: method transitions = 11
HumphreysTestPhase: comp = java.util.KeyValueHolder.getKey()
HumphreysTestPhase: method transitions = 0
HumphreysTestPhase: comp = java.util.KeyValueHolder.getValue()
HumphreysTestPhase: method transitions = 0
HumphreysTestPhase: comp = java.lang.module.ModuleDescriptor.packages()
HumphreysTestPhase: method transitions = 0
HumphreysTestPhase: comp = java.lang.module.ResolvedModule.reference()
HumphreysTestPhase: method transitions = 0
HumphreysTestPhase: comp = java.util.HashMap$Node.<init>(int, Object, Object, HashMap$Node)
HumphreysTestPhase: method transitions = 0
HumphreysTestPhase: comp = java.lang.module.ModuleDescriptor$Version.toString()
HumphreysTestPhase: method transitions = 0
HumphreysTestPhase: comp = java.lang.AbstractStringBuilder.length()
HumphreysTestPhase: method transitions = 0
HumphreysTestPhase: comp = java.util.HashMap.newNode(int, Object, Object, HashMap$Node)
HumphreysTestPhase: method transitions = 6
HumphreysTestPhase: comp = java.util.HashMap.afterNodeInsertion(boolean)
HumphreysTestPhase: method transitions = 0
HumphreysTestPhase: comp = Stub<new_array_or_null(KlassPointer,int)Object>
HumphreysTestPhase: method transitions = 0
HumphreysTestPhase: comp = java.util.HashMap.resize()
HumphreysTestPhase: method transitions = 12
HumphreysTestPhase: comp = java.lang.module.ResolvedModule.configuration()
HumphreysTestPhase: method transitions = 0
HumphreysTestPhase: comp = java.lang.module.ModuleDescriptor.isOpen()
HumphreysTestPhase: method transitions = 0
HumphreysTestPhase: comp = java.util.HashMap.size()
HumphreysTestPhase: method transitions = 0
HumphreysTestPhase: comp = jdk.internal.classfile.impl.AbstractPoolEntry.width()
HumphreysTestPhase: method transitions = 0
HumphreysTestPhase: comp = jdk.internal.classfile.impl.SplitConstantPool.size()
HumphreysTestPhase: method transitions = 0
HumphreysTestPhase: comp = java.lang.invoke.MethodType.ptypes()
HumphreysTestPhase: method transitions = 0
HumphreysTestPhase: comp = java.util.zip.ZipCoder$UTF8ZipCoder.isUTF8()
HumphreysTestPhase: method transitions = 0
HumphreysTestPhase: comp = java.lang.AbstractStringBuilder.getValue()
HumphreysTestPhase: method transitions = 0
HumphreysTestPhase: comp = java.lang.StringLatin1.equals(byte[], byte[])
HumphreysTestPhase: method transitions = 0
HumphreysTestPhase: comp = jdk.internal.classfile.impl.AbstractPoolEntry.constantPool()
HumphreysTestPhase: method transitions = 0
HumphreysTestPhase: comp = jdk.internal.classfile.impl.RawBytecodeHelper.bci()
HumphreysTestPhase: method transitions = 0
Starting DeltaBlue benchmark ...
HumphreysTestPhase: comp = java.util.zip.Inflater$InflaterZStreamRef.address()
HumphreysTestPhase: method transitions = 0
HumphreysTestPhase: comp = java.lang.String.coder()
HumphreysTestPhase: method transitions = 0
HumphreysTestPhase: comp = java.security.ProtectionDomain.getCodeSource()
HumphreysTestPhase: method transitions = 0
HumphreysTestPhase: comp = jdk.internal.util.Preconditions.checkIndex(int, int, BiFunction)
HumphreysTestPhase: method transitions = 0
HumphreysTestPhase: comp = java.lang.String.value()
HumphreysTestPhase: method transitions = 0
HumphreysTestPhase: comp = jdk.internal.constant.ClassOrInterfaceDescImpl.descriptorString()
HumphreysTestPhase: method transitions = 0
HumphreysTestPhase: comp = som.Vector.<init>(int)
HumphreysTestPhase: method transitions = 10
HumphreysTestPhase: comp = deltablue.Planner$8.apply(int)
HumphreysTestPhase: method transitions = 20
HumphreysTestPhase: comp = deltablue.Planner$8.apply(int)
HumphreysTestPhase: method transitions = 20
HumphreysTestPhase: comp = deltablue.Variable.<init>()
HumphreysTestPhase: method transitions = 13
HumphreysTestPhase: comp = deltablue.Strength.absoluteWeakest()
HumphreysTestPhase: method transitions = 0
HumphreysTestPhase: comp = Stub<OSR_migration_end(long)void>
HumphreysTestPhase: method transitions = 0
HumphreysTestPhase: comp = java.util.Arrays.setAll(Object[], IntFunction)
HumphreysTestPhase: method transitions = 69
HumphreysTestPhase: comp = java.util.Arrays.setAll(Object[], IntFunction)
HumphreysTestPhase: method transitions = 44
HumphreysTestPhase: comp = jdk.internal.util.ArraysSupport.unsignedHashCode(int, byte[], int, int)
HumphreysTestPhase: method transitions = 8
HumphreysTestPhase: comp = jdk.internal.classfile.impl.BufWriterImpl.size()
HumphreysTestPhase: method transitions = 0
HumphreysTestPhase: comp = jdk.internal.util.WeakReferenceKey.hashCode()
HumphreysTestPhase: method transitions = 0
HumphreysTestPhase: comp = deltablue.Variable.getWalkStrength()
HumphreysTestPhase: method transitions = 0
HumphreysTestPhase: comp = deltablue.Variable.getMark()
HumphreysTestPhase: method transitions = 0
HumphreysTestPhase: comp = deltablue.Strength.getArithmeticValue()
HumphreysTestPhase: method transitions = 0
HumphreysTestPhase: comp = deltablue.Variable.getStay()
HumphreysTestPhase: method transitions = 0
HumphreysTestPhase: comp = deltablue.Variable.getDeterminedBy()
HumphreysTestPhase: method transitions = 0
HumphreysTestPhase: comp = deltablue.Variable.setMark(int)
HumphreysTestPhase: method transitions = 0
HumphreysTestPhase: comp = deltablue.Strength$Sym.customHash()
HumphreysTestPhase: method transitions = 0
HumphreysTestPhase: comp = deltablue.Variable.setDeterminedBy(AbstractConstraint)
HumphreysTestPhase: method transitions = 0
HumphreysTestPhase: comp = deltablue.Variable.setWalkStrength(Strength)
HumphreysTestPhase: method transitions = 0
HumphreysTestPhase: comp = deltablue.Variable.setStay(boolean)
HumphreysTestPhase: method transitions = 0
HumphreysTestPhase: comp = deltablue.Variable.getValue()
HumphreysTestPhase: method transitions = 0
HumphreysTestPhase: comp = deltablue.Variable.setValue(int)
HumphreysTestPhase: method transitions = 0
HumphreysTestPhase: comp = deltablue.Variable.getConstraints()
HumphreysTestPhase: method transitions = 0
HumphreysTestPhase: comp = som.Vector.append(Object)
HumphreysTestPhase: method transitions = 24
HumphreysTestPhase: comp = deltablue.BinaryConstraint.getOutput()
HumphreysTestPhase: method transitions = 0
HumphreysTestPhase: comp = som.Vector.isEmpty()
HumphreysTestPhase: method transitions = 0
HumphreysTestPhase: comp = deltablue.Variable.addConstraint(AbstractConstraint)
HumphreysTestPhase: method transitions = 27
HumphreysTestPhase: comp = deltablue.Strength.weaker(Strength)
HumphreysTestPhase: method transitions = 1
HumphreysTestPhase: comp = som.Dictionary.hash(Dictionary$CustomHash)
HumphreysTestPhase: method transitions = 2
HumphreysTestPhase: comp = som.Dictionary.getBucketIdx(int)
HumphreysTestPhase: method transitions = 0
HumphreysTestPhase: comp = Stub<dynamic_new_instance_or_null(Class)Object>
HumphreysTestPhase: method transitions = 0
HumphreysTestPhase: comp = java.lang.invoke.DirectMethodHandle.allocateInstance(Object)
HumphreysTestPhase: method transitions = 27
HumphreysTestPhase: comp = java.lang.invoke.DirectMethodHandle.constructorMethod(Object)
HumphreysTestPhase: method transitions = 0
HumphreysTestPhase: comp = som.Dictionary.at(Dictionary$CustomHash)
HumphreysTestPhase: method transitions = 12
HumphreysTestPhase: comp = som.Dictionary.getBucket(int)
HumphreysTestPhase: method transitions = 3
HumphreysTestPhase: comp = som.IdentityDictionary$IdEntry.match(int, Object)
HumphreysTestPhase: method transitions = 0
HumphreysTestPhase: comp = deltablue.Strength.of(Strength$Sym)
HumphreysTestPhase: method transitions = 14
HumphreysTestPhase: comp = som.Vector.forEach(ForEachInterface)
HumphreysTestPhase: method transitions = 14
HumphreysTestPhase: comp = deltablue.Planner.addPropagate(AbstractConstraint, int)
HumphreysTestPhase: method transitions = 54
HumphreysTestPhase: comp = deltablue.EqualityConstraint.<init>(Variable, Variable, Strength$Sym, Planner)
HumphreysTestPhase: method transitions = 136
HumphreysTestPhase: comp = deltablue.BinaryConstraint.<init>(Variable, Variable, Strength$Sym, Planner)
HumphreysTestPhase: method transitions = 14
HumphreysTestPhase: comp = deltablue.AbstractConstraint.<init>(Strength$Sym)
HumphreysTestPhase: method transitions = 13
HumphreysTestPhase: comp = deltablue.AbstractConstraint.addConstraint(Planner)
HumphreysTestPhase: method transitions = 123
HumphreysTestPhase: comp = deltablue.BinaryConstraint.addToGraph()
HumphreysTestPhase: method transitions = 24
HumphreysTestPhase: comp = deltablue.Planner.incrementalAdd(AbstractConstraint)
HumphreysTestPhase: method transitions = 95
HumphreysTestPhase: comp = deltablue.Planner.newMark()
HumphreysTestPhase: method transitions = 0
HumphreysTestPhase: comp = deltablue.AbstractConstraint.satisfy(int, Planner)
HumphreysTestPhase: method transitions = 94
HumphreysTestPhase: comp = deltablue.BinaryConstraint.chooseMethod(int)
HumphreysTestPhase: method transitions = 12
HumphreysTestPhase: comp = deltablue.Strength.stronger(Strength)
HumphreysTestPhase: method transitions = 1
HumphreysTestPhase: comp = deltablue.BinaryConstraint.isSatisfied()
HumphreysTestPhase: method transitions = 0
HumphreysTestPhase: comp = java.lang.invoke.Invokers$Holder.linkToTargetMethod(int, Object)
HumphreysTestPhase: method transitions = 0
HumphreysTestPhase: comp = java.lang.invoke.DirectMethodHandle$Holder.newInvokeSpecial(Object, int)
HumphreysTestPhase: method transitions = 32
HumphreysTestPhase: comp = deltablue.AbstractConstraint$$Lambda/0x000000005f047650.<init>(int)
HumphreysTestPhase: method transitions = 0
HumphreysTestPhase: comp = deltablue.BinaryConstraint.inputsDo(ForEachInterface)
HumphreysTestPhase: method transitions = 5
HumphreysTestPhase: comp = deltablue.AbstractConstraint$$Lambda/0x000000005f047650.apply(Object)
HumphreysTestPhase: method transitions = 5
HumphreysTestPhase: comp = deltablue.AbstractConstraint.lambda$satisfy$1(int, Variable)
HumphreysTestPhase: method transitions = 1
HumphreysTestPhase: comp = deltablue.Planner.chainTest(int)
HumphreysTestPhase: method transitions = 120
HumphreysTestPhase: comp = deltablue.Planner.chainTest(int)
HumphreysTestPhase: method transitions = 100
HumphreysTestPhase: comp = som.Vector.with(Object)
HumphreysTestPhase: method transitions = 14
HumphreysTestPhase: comp = som.Vector.removeFirst()
HumphreysTestPhase: method transitions = 2
HumphreysTestPhase: comp = deltablue.Planner.addConstraintsConsumingTo(Variable, Vector)
HumphreysTestPhase: method transitions = 18
HumphreysTestPhase: comp = deltablue.Planner$3.<init>(Planner, AbstractConstraint, Vector)
HumphreysTestPhase: method transitions = 0
HumphreysTestPhase: comp = deltablue.Planner$3.apply(Object)
HumphreysTestPhase: method transitions = 6
HumphreysTestPhase: comp = deltablue.Planner$3.apply(AbstractConstraint)
HumphreysTestPhase: method transitions = 2
HumphreysTestPhase: comp = deltablue.BinaryConstraint.recalculate()
HumphreysTestPhase: method transitions = 16
HumphreysTestPhase: comp = deltablue.Strength.weakest(Strength)
HumphreysTestPhase: method transitions = 1
HumphreysTestPhase: comp = deltablue.EqualityConstraint.execute()
HumphreysTestPhase: method transitions = 4
HumphreysTestPhase: comp = deltablue.BinaryConstraint.getOutput()
HumphreysTestPhase: method transitions = 0
HumphreysTestPhase: comp = som.Vector.forEach(ForEachInterface)
HumphreysTestPhase: method transitions = 23
HumphreysTestPhase: comp = deltablue.Planner.addPropagate(AbstractConstraint, int)
HumphreysTestPhase: method transitions = 90
HumphreysTestPhase: comp = deltablue.AbstractConstraint.satisfy(int, Planner)
HumphreysTestPhase: method transitions = 52
HumphreysTestPhase: comp = deltablue.BinaryConstraint.isSatisfied()
HumphreysTestPhase: method transitions = 0
HumphreysTestPhase: comp = deltablue.Planner.incrementalAdd(AbstractConstraint)
HumphreysTestPhase: method transitions = 191
HumphreysTestPhase: comp = deltablue.Planner.incrementalAdd(AbstractConstraint)
HumphreysTestPhase: method transitions = 165
HumphreysTestPhase: comp = deltablue.BinaryConstraint.chooseMethod(int)
HumphreysTestPhase: method transitions = 15
HumphreysTestPhase: comp = deltablue.BinaryConstraint.inputsDo(ForEachInterface)
HumphreysTestPhase: method transitions = 8
HumphreysTestPhase: comp = deltablue.Planner.addConstraintsConsumingTo(Variable, Vector)
HumphreysTestPhase: method transitions = 29
HumphreysTestPhase: comp = deltablue.BinaryConstraint.recalculate()
HumphreysTestPhase: method transitions = 23
HumphreysTestPhase: comp = deltablue.BinaryConstraint.markUnsatisfied()
HumphreysTestPhase: method transitions = 0
HumphreysTestPhase: comp = deltablue.Planner.addPropagate(AbstractConstraint, int)
HumphreysTestPhase: method transitions = 92
HumphreysTestPhase: comp = deltablue.AbstractConstraint.satisfy(int, Planner)
HumphreysTestPhase: method transitions = 62
HumphreysTestPhase: comp = deltablue.Planner.incrementalAdd(AbstractConstraint)
HumphreysTestPhase: method transitions = 200
HumphreysTestPhase: comp = deltablue.Planner.incrementalAdd(AbstractConstraint)
HumphreysTestPhase: method transitions = 181
HumphreysTestPhase: comp = java.util.ArrayList.size()
HumphreysTestPhase: method transitions = 0
HumphreysTestPhase: comp = java.lang.invoke.MethodTypeForm.erasedType()
HumphreysTestPhase: method transitions = 0
HumphreysTestPhase: comp = deltablue.Planner$3.apply(Object)
HumphreysTestPhase: method transitions = 49
HumphreysTestPhase: comp = deltablue.Planner$3.apply(AbstractConstraint)
HumphreysTestPhase: method transitions = 41
HumphreysTestPhase: comp = som.Vector.forEach(ForEachInterface)
HumphreysTestPhase: method transitions = 116
HumphreysTestPhase: comp = deltablue.Planner.addConstraintsConsumingTo(Variable, Vector)
HumphreysTestPhase: method transitions = 12
HumphreysTestPhase: comp = deltablue.AbstractConstraint.inputsKnown(int)
HumphreysTestPhase: method transitions = 13
HumphreysTestPhase: comp = deltablue.AbstractConstraint$$Lambda/0x000000005f045218.<init>(int)
HumphreysTestPhase: method transitions = 0
HumphreysTestPhase: comp = Stub<monitorenter(Object,Word)void>
HumphreysTestPhase: method transitions = 0
HumphreysTestPhase: comp = Stub<monitorexit(Object,Word)void>
HumphreysTestPhase: method transitions = 0
HumphreysTestPhase: comp = deltablue.Plan.append(Object)
HumphreysTestPhase: method transitions = 44
HumphreysTestPhase: comp = java.util.Vector.add(Object)
HumphreysTestPhase: method transitions = 60
HumphreysTestPhase: comp = java.util.Vector.add(Object, Object[], int)
HumphreysTestPhase: method transitions = 24
HumphreysTestPhase: comp = deltablue.Planner.makePlan(Vector)
HumphreysTestPhase: method transitions = 237
HumphreysTestPhase: comp = deltablue.Planner.makePlan(Vector)
HumphreysTestPhase: method transitions = 130
HumphreysTestPhase: comp = deltablue.EqualityConstraint.execute()
HumphreysTestPhase: method transitions = 7
HumphreysTestPhase: comp = java.util.Vector$Itr.hasNext()
HumphreysTestPhase: method transitions = 0
HumphreysTestPhase: comp = java.util.Vector$Itr.next()
HumphreysTestPhase: method transitions = 38
HumphreysTestPhase: comp = java.util.Vector$Itr.checkForComodification()
HumphreysTestPhase: method transitions = 0
HumphreysTestPhase: comp = java.util.Vector.elementData(int)
HumphreysTestPhase: method transitions = 0
HumphreysTestPhase: comp = deltablue.Plan.execute()
HumphreysTestPhase: method transitions = 155
HumphreysTestPhase: comp = deltablue.Plan.execute()
HumphreysTestPhase: method transitions = 117
HumphreysTestPhase: comp = java.util.Vector$Itr.hasNext()
HumphreysTestPhase: method transitions = 0
HumphreysTestPhase: comp = deltablue.Plan.execute()
HumphreysTestPhase: method transitions = 173
HumphreysTestPhase: comp = deltablue.Plan.execute()
HumphreysTestPhase: method transitions = 128
HumphreysTestPhase: comp = jdk.internal.classfile.impl.AbstractDirectBuilder.constantPool()
HumphreysTestPhase: method transitions = 0
HumphreysTestPhase: comp = java.net.URL.getProtocol()
HumphreysTestPhase: method transitions = 0
HumphreysTestPhase: comp = java.security.CodeSource.getLocationNoFragString()
HumphreysTestPhase: method transitions = 0
HumphreysTestPhase: comp = som.Vector.forEach(ForEachInterface)
HumphreysTestPhase: method transitions = 151
HumphreysTestPhase: comp = som.Vector.append(Object)
HumphreysTestPhase: method transitions = 28
HumphreysTestPhase: comp = deltablue.Planner$5.<init>(Planner, Vector)
HumphreysTestPhase: method transitions = 0
HumphreysTestPhase: comp = deltablue.Planner$6.<init>(Planner, Vector)
HumphreysTestPhase: method transitions = 0
HumphreysTestPhase: comp = deltablue.Planner.constraintsConsuming(Variable, ForEachInterface)
HumphreysTestPhase: method transitions = 12
HumphreysTestPhase: comp = deltablue.Planner$4.<init>(Planner, AbstractConstraint, ForEachInterface)
HumphreysTestPhase: method transitions = 0
HumphreysTestPhase: comp = deltablue.Planner$6.apply(AbstractConstraint)
HumphreysTestPhase: method transitions = 51
HumphreysTestPhase: comp = deltablue.Planner.removePropagateFrom(Variable)
HumphreysTestPhase: method transitions = 98
HumphreysTestPhase: comp = deltablue.Planner.removePropagateFrom(Variable)
HumphreysTestPhase: method transitions = 85
HumphreysTestPhase: comp = java.lang.Class.getModule()
HumphreysTestPhase: method transitions = 0
HumphreysTestPhase: comp = som.Vector.forEach(ForEachInterface)
HumphreysTestPhase: method transitions = 162
HumphreysTestPhase: comp = deltablue.Planner.addPropagate(AbstractConstraint, int)
HumphreysTestPhase: method transitions = 146
HumphreysTestPhase: comp = som.Vector.forEach(ForEachInterface)
HumphreysTestPhase: method transitions = 162
HumphreysTestPhase: comp = deltablue.Planner.addPropagate(AbstractConstraint, int)
HumphreysTestPhase: method transitions = 170
HumphreysTestPhase: comp = deltablue.BinaryConstraint.chooseMethod(int)
HumphreysTestPhase: method transitions = 20
HumphreysTestPhase: comp = deltablue.UnaryConstraint.getOutput()
HumphreysTestPhase: method transitions = 0
HumphreysTestPhase: comp = deltablue.UnaryConstraint.isSatisfied()
HumphreysTestPhase: method transitions = 0
HumphreysTestPhase: comp = deltablue.AbstractConstraint.isInput()
HumphreysTestPhase: method transitions = 0
HumphreysTestPhase: comp = deltablue.BinaryConstraint.getOutput()
HumphreysTestPhase: method transitions = 0
HumphreysTestPhase: comp = deltablue.BinaryConstraint.<init>(Variable, Variable, Strength$Sym, Planner)
HumphreysTestPhase: method transitions = 14
HumphreysTestPhase: comp = deltablue.BinaryConstraint.isSatisfied()
HumphreysTestPhase: method transitions = 0
HumphreysTestPhase: comp = deltablue.Variable.addConstraint(AbstractConstraint)
HumphreysTestPhase: method transitions = 37
HumphreysTestPhase: comp = deltablue.AbstractConstraint.addConstraint(Planner)
HumphreysTestPhase: method transitions = 137
HumphreysTestPhase: comp = deltablue.Planner.incrementalAdd(AbstractConstraint)
HumphreysTestPhase: method transitions = 2
HumphreysTestPhase: comp = deltablue.AbstractConstraint.satisfy(int, Planner)
HumphreysTestPhase: method transitions = 67
HumphreysTestPhase: comp = deltablue.Variable.value(int)
HumphreysTestPhase: method transitions = 20
HumphreysTestPhase: comp = deltablue.UnaryConstraint.<init>(Variable, Strength$Sym, Planner)
HumphreysTestPhase: method transitions = 90
HumphreysTestPhase: comp = deltablue.StayConstraint.execute()
HumphreysTestPhase: method transitions = 0
HumphreysTestPhase: comp = deltablue.StayConstraint.<init>(Variable, Strength$Sym, Planner)
HumphreysTestPhase: method transitions = 0
HumphreysTestPhase: comp = deltablue.ScaleConstraint.<init>(Variable, Variable, Variable, Variable, Strength$Sym, Planner)
HumphreysTestPhase: method transitions = 165
HumphreysTestPhase: comp = deltablue.ScaleConstraint.execute()
HumphreysTestPhase: method transitions = 8
HumphreysTestPhase: comp = deltablue.Planner.projectionTest(int)
HumphreysTestPhase: method transitions = 231
HumphreysTestPhase: comp = deltablue.Planner.projectionTest(int)
HumphreysTestPhase: method transitions = 149
HumphreysTestPhase: comp = deltablue.Planner.projectionTest(int)
HumphreysTestPhase: method transitions = 228
HumphreysTestPhase: comp = deltablue.Planner.projectionTest(int)
HumphreysTestPhase: method transitions = 228
HumphreysTestPhase: comp = deltablue.BinaryConstraint.inputsHasOne(TestInterface)
HumphreysTestPhase: method transitions = 7
HumphreysTestPhase: comp = deltablue.AbstractConstraint$$Lambda/0x000000005f045218.test(Object)
HumphreysTestPhase: method transitions = 6
HumphreysTestPhase: comp = deltablue.AbstractConstraint.lambda$inputsKnown$0(int, Variable)
HumphreysTestPhase: method transitions = 0
HumphreysTestPhase: comp = deltablue.Planner$3.apply(Object)
HumphreysTestPhase: method transitions = 49
HumphreysTestPhase: comp = deltablue.Planner$3.apply(AbstractConstraint)
HumphreysTestPhase: method transitions = 41
HumphreysTestPhase: comp = som.Vector.forEach(ForEachInterface)
HumphreysTestPhase: method transitions = 0
HumphreysTestPhase: comp = som.Vector.forEach(ForEachInterface)
HumphreysTestPhase: method transitions = 0
HumphreysTestPhase: comp = deltablue.AbstractConstraint.inputsKnown(int)
HumphreysTestPhase: method transitions = 15
HumphreysTestPhase: comp = deltablue.Plan.append(Object)
HumphreysTestPhase: method transitions = 58
HumphreysTestPhase: comp = deltablue.Planner.makePlan(Vector)
HumphreysTestPhase: method transitions = 397
HumphreysTestPhase: comp = deltablue.Planner.makePlan(Vector)
HumphreysTestPhase: method transitions = 218
HumphreysTestPhase: comp = deltablue.ScaleConstraint.execute()
HumphreysTestPhase: method transitions = 12
HumphreysTestPhase: comp = deltablue.Plan.execute()
HumphreysTestPhase: method transitions = 215
HumphreysTestPhase: comp = deltablue.Plan.execute()
HumphreysTestPhase: method transitions = 157
HumphreysTestPhase: comp = som.Vector.lambda$remove$0(Object, boolean[], Object[], int[], Object)
HumphreysTestPhase: method transitions = 24
HumphreysTestPhase: comp = som.Vector$$Lambda/0x000000005f045440.apply(Object)
HumphreysTestPhase: method transitions = 33
HumphreysTestPhase: comp = deltablue.Planner$5.apply(Object)
HumphreysTestPhase: method transitions = 5
HumphreysTestPhase: comp = deltablue.Planner$5.apply(AbstractConstraint)
HumphreysTestPhase: method transitions = 1
HumphreysTestPhase: comp = deltablue.Planner$6.apply(AbstractConstraint)
HumphreysTestPhase: method transitions = 77
HumphreysTestPhase: comp = deltablue.Planner$4.apply(Object)
HumphreysTestPhase: method transitions = 92
HumphreysTestPhase: comp = deltablue.Planner$4.apply(AbstractConstraint)
HumphreysTestPhase: method transitions = 86
HumphreysTestPhase: comp = deltablue.Planner.removePropagateFrom(Variable)
HumphreysTestPhase: method transitions = 148
HumphreysTestPhase: comp = deltablue.Planner.removePropagateFrom(Variable)
HumphreysTestPhase: method transitions = 105
HumphreysTestPhase: comp = som.Vector$$Lambda/0x000000005f045440.apply(Object)
HumphreysTestPhase: method transitions = 35
HumphreysTestPhase: comp = som.Vector.lambda$remove$0(Object, boolean[], Object[], int[], Object)
HumphreysTestPhase: method transitions = 24
HumphreysTestPhase: comp = som.Vector.at(int)
HumphreysTestPhase: method transitions = 0
HumphreysTestPhase: comp = deltablue.Planner.projectionTest(int)
HumphreysTestPhase: method transitions = 16
HumphreysTestPhase: comp = deltablue.Planner.projectionTest(int)
HumphreysTestPhase: method transitions = 13
HumphreysTestPhase: comp = java.lang.String.length()
HumphreysTestPhase: method transitions = 2
HumphreysTestPhase: comp = jdk.internal.classfile.impl.AbstractPoolEntry.hashCode()
HumphreysTestPhase: method transitions = 0
HumphreysTestPhase: comp = jdk.internal.constant.ClassOrInterfaceDescImpl.isClassOrInterface()
HumphreysTestPhase: method transitions = 0
HumphreysTestPhase: comp = jdk.internal.classfile.impl.AbstractPoolEntry$ClassEntryImpl.tag()
HumphreysTestPhase: method transitions = 0
HumphreysTestPhase: comp = jdk.internal.constant.PrimitiveClassDescImpl.descriptorString()
HumphreysTestPhase: method transitions = 0
HumphreysTestPhase: comp = java.lang.invoke.MethodHandle.type()
HumphreysTestPhase: method transitions = 0
DeltaBlue: iterations=1 runtime: 2115138us
HumphreysTestPhase: comp = deltablue.EqualityConstraint.<init>(Variable, Variable, Strength$Sym, Planner)
HumphreysTestPhase: method transitions = 123
HumphreysTestPhase: comp = deltablue.BinaryConstraint.inputsDo(ForEachInterface)
HumphreysTestPhase: method transitions = 8
HumphreysTestPhase: comp = deltablue.Planner.chainTest(int)
HumphreysTestPhase: method transitions = 476
HumphreysTestPhase: comp = deltablue.Planner.chainTest(int)
HumphreysTestPhase: method transitions = 406
HumphreysTestPhase: comp = deltablue.BinaryConstraint.markUnsatisfied()
HumphreysTestPhase: method transitions = 0
HumphreysTestPhase: comp = deltablue.AbstractConstraint.satisfy(int, Planner)
HumphreysTestPhase: method transitions = 67
HumphreysTestPhase: comp = deltablue.Planner.projectionTest(int)
HumphreysTestPhase: method transitions = 23
HumphreysTestPhase: comp = deltablue.Planner.projectionTest(int)
HumphreysTestPhase: method transitions = 178
DeltaBlue: iterations=2 runtime: 895702us
HumphreysTestPhase: comp = java.util.Arrays.setAll(Object[], IntFunction)
HumphreysTestPhase: method transitions = 68
HumphreysTestPhase: comp = java.util.Arrays.setAll(Object[], IntFunction)
HumphreysTestPhase: method transitions = 46
DeltaBlue: iterations=3 runtime: 271549us
DeltaBlue: iterations=4 runtime: 247834us
DeltaBlue: iterations=5 runtime: 288978us
DeltaBlue: iterations=6 runtime: 251601us
DeltaBlue: iterations=7 runtime: 261334us
DeltaBlue: iterations=8 runtime: 224607us
DeltaBlue: iterations=9 runtime: 231027us
DeltaBlue: iterations=10 runtime: 256641us
DeltaBlue: iterations=11 runtime: 260014us
DeltaBlue: iterations=12 runtime: 263304us
HumphreysTestPhase: comp = deltablue.EditConstraint.isInput()
HumphreysTestPhase: method transitions = 0
DeltaBlue: iterations=13 runtime: 291659us
DeltaBlue: iterations=14 runtime: 257692us
DeltaBlue: iterations=15 runtime: 248997us
DeltaBlue: iterations=16 runtime: 229716us
DeltaBlue: iterations=17 runtime: 231240us
DeltaBlue: iterations=18 runtime: 243975us
DeltaBlue: iterations=19 runtime: 233656us
DeltaBlue: iterations=20 runtime: 245455us
DeltaBlue: iterations=21 runtime: 232465us
DeltaBlue: iterations=22 runtime: 250640us
DeltaBlue: iterations=23 runtime: 282767us
HumphreysTestPhase: comp = java.lang.Math.min(int, int)
HumphreysTestPhase: method transitions = 0
DeltaBlue: iterations=24 runtime: 278705us
DeltaBlue: iterations=25 runtime: 283187us
DeltaBlue: iterations=26 runtime: 256697us
DeltaBlue: iterations=27 runtime: 264526us
DeltaBlue: iterations=28 runtime: 282333us
DeltaBlue: iterations=29 runtime: 293115us
HumphreysTestPhase: comp = java.nio.Buffer.position()
HumphreysTestPhase: method transitions = 0
DeltaBlue: iterations=30 runtime: 231683us
DeltaBlue: iterations=31 runtime: 222525us
DeltaBlue: iterations=32 runtime: 230708us
DeltaBlue: iterations=33 runtime: 285863us
HumphreysTestPhase: comp = java.util.Arrays.copyOf(Object[], int, Class)
HumphreysTestPhase: method transitions = 25
DeltaBlue: iterations=34 runtime: 289136us
DeltaBlue: iterations=35 runtime: 259335us
DeltaBlue: iterations=36 runtime: 242196us
DeltaBlue: iterations=37 runtime: 223978us
DeltaBlue: iterations=38 runtime: 226217us
DeltaBlue: iterations=39 runtime: 259293us
HumphreysTestPhase: comp = java.nio.Buffer.limit()
HumphreysTestPhase: method transitions = 0
DeltaBlue: iterations=40 runtime: 238112us
DeltaBlue: iterations=41 runtime: 264109us
DeltaBlue: iterations=42 runtime: 255234us
DeltaBlue: iterations=43 runtime: 258474us
DeltaBlue: iterations=44 runtime: 244132us
DeltaBlue: iterations=45 runtime: 226237us
DeltaBlue: iterations=46 runtime: 243062us
DeltaBlue: iterations=47 runtime: 271740us
DeltaBlue: iterations=48 runtime: 250785us
DeltaBlue: iterations=49 runtime: 239705us
DeltaBlue: iterations=50 runtime: 234700us
DeltaBlue: iterations=51 runtime: 284093us
DeltaBlue: iterations=52 runtime: 249125us
DeltaBlue: iterations=53 runtime: 235900us
DeltaBlue: iterations=54 runtime: 227479us
DeltaBlue: iterations=55 runtime: 248668us
DeltaBlue: iterations=56 runtime: 253544us
DeltaBlue: iterations=57 runtime: 247011us
DeltaBlue: iterations=58 runtime: 248991us
DeltaBlue: iterations=59 runtime: 233679us
DeltaBlue: iterations=60 runtime: 246645us
DeltaBlue: iterations=61 runtime: 264184us
DeltaBlue: iterations=62 runtime: 247116us
DeltaBlue: iterations=63 runtime: 227059us
DeltaBlue: iterations=64 runtime: 224561us
DeltaBlue: iterations=65 runtime: 257898us
DeltaBlue: iterations=66 runtime: 285612us
DeltaBlue: iterations=67 runtime: 281063us
DeltaBlue: iterations=68 runtime: 299361us
DeltaBlue: iterations=69 runtime: 248789us
DeltaBlue: iterations=70 runtime: 281783us
DeltaBlue: iterations=71 runtime: 255077us
DeltaBlue: iterations=72 runtime: 273864us
DeltaBlue: iterations=73 runtime: 281142us
DeltaBlue: iterations=74 runtime: 276421us
DeltaBlue: iterations=75 runtime: 285844us
DeltaBlue: iterations=76 runtime: 235274us
DeltaBlue: iterations=77 runtime: 261233us
DeltaBlue: iterations=78 runtime: 277531us
DeltaBlue: iterations=79 runtime: 223682us
DeltaBlue: iterations=80 runtime: 234823us
DeltaBlue: iterations=81 runtime: 282488us
DeltaBlue: iterations=82 runtime: 232533us
DeltaBlue: iterations=83 runtime: 237610us
DeltaBlue: iterations=84 runtime: 229044us
DeltaBlue: iterations=85 runtime: 240563us
DeltaBlue: iterations=86 runtime: 282885us
DeltaBlue: iterations=87 runtime: 283673us
DeltaBlue: iterations=88 runtime: 250564us
DeltaBlue: iterations=89 runtime: 264562us
DeltaBlue: iterations=90 runtime: 240006us
DeltaBlue: iterations=91 runtime: 230944us
DeltaBlue: iterations=92 runtime: 246227us
DeltaBlue: iterations=93 runtime: 226948us
DeltaBlue: iterations=94 runtime: 265581us
DeltaBlue: iterations=95 runtime: 294486us
DeltaBlue: iterations=96 runtime: 281849us
DeltaBlue: iterations=97 runtime: 258208us
DeltaBlue: iterations=98 runtime: 282157us
DeltaBlue: iterations=99 runtime: 226541us
DeltaBlue: iterations=100 runtime: 225013us
DeltaBlue: iterations=101 runtime: 242149us
DeltaBlue: iterations=102 runtime: 226415us
DeltaBlue: iterations=103 runtime: 223348us
DeltaBlue: iterations=104 runtime: 233573us
DeltaBlue: iterations=105 runtime: 234357us
DeltaBlue: iterations=106 runtime: 250901us
DeltaBlue: iterations=107 runtime: 248544us
DeltaBlue: iterations=108 runtime: 226980us
DeltaBlue: iterations=109 runtime: 224154us
DeltaBlue: iterations=110 runtime: 264800us
DeltaBlue: iterations=111 runtime: 235400us
DeltaBlue: iterations=112 runtime: 243529us
DeltaBlue: iterations=113 runtime: 274131us
DeltaBlue: iterations=114 runtime: 280682us
DeltaBlue: iterations=115 runtime: 223705us
DeltaBlue: iterations=116 runtime: 282088us
DeltaBlue: iterations=117 runtime: 254576us
DeltaBlue: iterations=118 runtime: 223367us
DeltaBlue: iterations=119 runtime: 278660us
DeltaBlue: iterations=120 runtime: 261342us
DeltaBlue: iterations=121 runtime: 281401us
DeltaBlue: iterations=122 runtime: 292162us
DeltaBlue: iterations=123 runtime: 285605us
DeltaBlue: iterations=124 runtime: 266601us
DeltaBlue: iterations=125 runtime: 275661us
DeltaBlue: iterations=126 runtime: 284809us
HumphreysTestPhase: comp = java.nio.Buffer.capacity()
HumphreysTestPhase: method transitions = 0
HumphreysTestPhase: comp = java.nio.charset.CharsetEncoder.maxBytesPerChar()
HumphreysTestPhase: method transitions = 0
DeltaBlue: iterations=127 runtime: 277340us
DeltaBlue: iterations=128 runtime: 290381us
DeltaBlue: iterations=129 runtime: 240680us
DeltaBlue: iterations=130 runtime: 232745us
DeltaBlue: iterations=131 runtime: 269262us
DeltaBlue: iterations=132 runtime: 249433us
DeltaBlue: iterations=133 runtime: 225540us
DeltaBlue: iterations=134 runtime: 235107us
DeltaBlue: iterations=135 runtime: 272148us
DeltaBlue: iterations=136 runtime: 281916us
DeltaBlue: iterations=137 runtime: 288583us
DeltaBlue: iterations=138 runtime: 225469us
DeltaBlue: iterations=139 runtime: 223929us
DeltaBlue: iterations=140 runtime: 238995us
DeltaBlue: iterations=141 runtime: 263775us
DeltaBlue: iterations=142 runtime: 281781us
DeltaBlue: iterations=143 runtime: 263498us
DeltaBlue: iterations=144 runtime: 252535us
DeltaBlue: iterations=145 runtime: 283617us
DeltaBlue: iterations=146 runtime: 284575us
DeltaBlue: iterations=147 runtime: 226965us
DeltaBlue: iterations=148 runtime: 223967us
DeltaBlue: iterations=149 runtime: 259702us
DeltaBlue: iterations=150 runtime: 271253us
DeltaBlue: iterations=151 runtime: 260977us
DeltaBlue: iterations=152 runtime: 256906us
DeltaBlue: iterations=153 runtime: 239090us
DeltaBlue: iterations=154 runtime: 269969us
DeltaBlue: iterations=155 runtime: 232693us
DeltaBlue: iterations=156 runtime: 276907us
DeltaBlue: iterations=157 runtime: 236385us
DeltaBlue: iterations=158 runtime: 237585us
DeltaBlue: iterations=159 runtime: 273117us
DeltaBlue: iterations=160 runtime: 280668us
DeltaBlue: iterations=161 runtime: 269639us
DeltaBlue: iterations=162 runtime: 270305us
DeltaBlue: iterations=163 runtime: 280670us
DeltaBlue: iterations=164 runtime: 290107us
DeltaBlue: iterations=165 runtime: 285174us
DeltaBlue: iterations=166 runtime: 280109us
DeltaBlue: iterations=167 runtime: 277330us
DeltaBlue: iterations=168 runtime: 249556us
DeltaBlue: iterations=169 runtime: 232426us
DeltaBlue: iterations=170 runtime: 265627us
HumphreysTestPhase: comp = java.lang.Math.max(int, int)
HumphreysTestPhase: method transitions = 0
DeltaBlue: iterations=171 runtime: 290072us
DeltaBlue: iterations=172 runtime: 238440us
DeltaBlue: iterations=173 runtime: 246170us
DeltaBlue: iterations=174 runtime: 225886us
DeltaBlue: iterations=175 runtime: 224260us
DeltaBlue: iterations=176 runtime: 265819us
DeltaBlue: iterations=177 runtime: 284312us
DeltaBlue: iterations=178 runtime: 254860us
DeltaBlue: iterations=179 runtime: 257193us
DeltaBlue: iterations=180 runtime: 263748us
DeltaBlue: iterations=181 runtime: 281578us
HumphreysTestPhase: comp = jdk.internal.util.ArraysSupport.newLength(int, int, int)
HumphreysTestPhase: method transitions = 1
DeltaBlue: iterations=182 runtime: 278964us
DeltaBlue: iterations=183 runtime: 226643us
DeltaBlue: iterations=184 runtime: 223384us
HumphreysTestPhase: comp = java.util.Arrays.copyOf(Object[], int)
HumphreysTestPhase: method transitions = 27
DeltaBlue: iterations=185 runtime: 240124us
DeltaBlue: iterations=186 runtime: 226599us
DeltaBlue: iterations=187 runtime: 222745us
DeltaBlue: iterations=188 runtime: 256340us
HumphreysTestPhase: comp = java.util.Vector.grow()
HumphreysTestPhase: method transitions = 34
HumphreysTestPhase: comp = java.util.Vector.grow(int)
HumphreysTestPhase: method transitions = 32
DeltaBlue: iterations=189 runtime: 234554us
DeltaBlue: iterations=190 runtime: 272544us
DeltaBlue: iterations=191 runtime: 279031us
DeltaBlue: iterations=192 runtime: 226696us
DeltaBlue: iterations=193 runtime: 259631us
DeltaBlue: iterations=194 runtime: 297255us
DeltaBlue: iterations=195 runtime: 247672us
DeltaBlue: iterations=196 runtime: 225403us
DeltaBlue: iterations=197 runtime: 266600us
DeltaBlue: iterations=198 runtime: 226725us
DeltaBlue: iterations=199 runtime: 224871us
DeltaBlue: iterations=200 runtime: 230832us
DeltaBlue: iterations=201 runtime: 231732us
DeltaBlue: iterations=202 runtime: 240940us
DeltaBlue: iterations=203 runtime: 232244us
DeltaBlue: iterations=204 runtime: 226420us
DeltaBlue: iterations=205 runtime: 224179us
DeltaBlue: iterations=206 runtime: 230325us
DeltaBlue: iterations=207 runtime: 260915us
DeltaBlue: iterations=208 runtime: 247256us
DeltaBlue: iterations=209 runtime: 291441us
DeltaBlue: iterations=210 runtime: 273955us
DeltaBlue: iterations=211 runtime: 266029us
DeltaBlue: iterations=212 runtime: 244807us
DeltaBlue: iterations=213 runtime: 283503us
DeltaBlue: iterations=214 runtime: 222905us
DeltaBlue: iterations=215 runtime: 280385us
DeltaBlue: iterations=216 runtime: 261109us
DeltaBlue: iterations=217 runtime: 227092us
DeltaBlue: iterations=218 runtime: 241145us
DeltaBlue: iterations=219 runtime: 270341us
DeltaBlue: iterations=220 runtime: 243212us
DeltaBlue: iterations=221 runtime: 243167us
DeltaBlue: iterations=222 runtime: 227272us
DeltaBlue: iterations=223 runtime: 223366us
DeltaBlue: iterations=224 runtime: 235588us
DeltaBlue: iterations=225 runtime: 227114us
DeltaBlue: iterations=226 runtime: 224065us
DeltaBlue: iterations=227 runtime: 239147us
DeltaBlue: iterations=228 runtime: 238027us
DeltaBlue: iterations=229 runtime: 223881us
DeltaBlue: iterations=230 runtime: 233000us
DeltaBlue: iterations=231 runtime: 259568us
DeltaBlue: iterations=232 runtime: 239340us
DeltaBlue: iterations=233 runtime: 250831us
DeltaBlue: iterations=234 runtime: 246102us
DeltaBlue: iterations=235 runtime: 266251us
DeltaBlue: iterations=236 runtime: 277260us
DeltaBlue: iterations=237 runtime: 284196us
DeltaBlue: iterations=238 runtime: 233306us
DeltaBlue: iterations=239 runtime: 253441us
DeltaBlue: iterations=240 runtime: 238756us
DeltaBlue: iterations=241 runtime: 222977us
DeltaBlue: iterations=242 runtime: 233882us
DeltaBlue: iterations=243 runtime: 230659us
DeltaBlue: iterations=244 runtime: 282569us
DeltaBlue: iterations=245 runtime: 285681us
DeltaBlue: iterations=246 runtime: 251208us
DeltaBlue: iterations=247 runtime: 247421us
DeltaBlue: iterations=248 runtime: 275075us
DeltaBlue: iterations=249 runtime: 242876us
DeltaBlue: iterations=250 runtime: 281873us
DeltaBlue: iterations=251 runtime: 294271us
DeltaBlue: iterations=252 runtime: 237464us
DeltaBlue: iterations=253 runtime: 222530us
DeltaBlue: iterations=254 runtime: 235282us
DeltaBlue: iterations=255 runtime: 226980us
DeltaBlue: iterations=256 runtime: 223047us
DeltaBlue: iterations=257 runtime: 230508us
DeltaBlue: iterations=258 runtime: 274535us
DeltaBlue: iterations=259 runtime: 236770us
DeltaBlue: iterations=260 runtime: 232618us
DeltaBlue: iterations=261 runtime: 227637us
DeltaBlue: iterations=262 runtime: 248379us
DeltaBlue: iterations=263 runtime: 255814us
DeltaBlue: iterations=264 runtime: 226640us
DeltaBlue: iterations=265 runtime: 262002us
DeltaBlue: iterations=266 runtime: 244706us
DeltaBlue: iterations=267 runtime: 270080us
DeltaBlue: iterations=268 runtime: 280552us
DeltaBlue: iterations=269 runtime: 277683us
DeltaBlue: iterations=270 runtime: 249177us
DeltaBlue: iterations=271 runtime: 223390us
DeltaBlue: iterations=272 runtime: 253430us
DeltaBlue: iterations=273 runtime: 227102us
DeltaBlue: iterations=274 runtime: 224382us
DeltaBlue: iterations=275 runtime: 245301us
DeltaBlue: iterations=276 runtime: 273800us
DeltaBlue: iterations=277 runtime: 242381us
DeltaBlue: iterations=278 runtime: 256530us
DeltaBlue: iterations=279 runtime: 227011us
DeltaBlue: iterations=280 runtime: 223846us
DeltaBlue: iterations=281 runtime: 258323us
DeltaBlue: iterations=282 runtime: 226730us
DeltaBlue: iterations=283 runtime: 237676us
DeltaBlue: iterations=284 runtime: 236703us
DeltaBlue: iterations=285 runtime: 242731us
DeltaBlue: iterations=286 runtime: 232191us
DeltaBlue: iterations=287 runtime: 274039us
DeltaBlue: iterations=288 runtime: 229750us
DeltaBlue: iterations=289 runtime: 223502us
DeltaBlue: iterations=290 runtime: 232163us
DeltaBlue: iterations=291 runtime: 228265us
DeltaBlue: iterations=292 runtime: 229985us
DeltaBlue: iterations=293 runtime: 263613us
DeltaBlue: iterations=294 runtime: 285686us
DeltaBlue: iterations=295 runtime: 245182us
DeltaBlue: iterations=296 runtime: 275526us
DeltaBlue: iterations=297 runtime: 284850us
DeltaBlue: iterations=298 runtime: 231954us
DeltaBlue: iterations=299 runtime: 239610us
DeltaBlue: iterations=300 runtime: 226395us
DeltaBlue: iterations=301 runtime: 266481us
DeltaBlue: iterations=302 runtime: 281637us
DeltaBlue: iterations=303 runtime: 284308us
DeltaBlue: iterations=304 runtime: 262386us
DeltaBlue: iterations=305 runtime: 274131us
DeltaBlue: iterations=306 runtime: 286833us
DeltaBlue: iterations=307 runtime: 243886us
HumphreysTestPhase: comp = deltablue.Planner.change(Variable, int)
HumphreysTestPhase: method transitions = 269
DeltaBlue: iterations=308 runtime: 385493us
DeltaBlue: iterations=309 runtime: 265894us
DeltaBlue: iterations=310 runtime: 234373us
DeltaBlue: iterations=311 runtime: 275612us
DeltaBlue: iterations=312 runtime: 234643us
DeltaBlue: iterations=313 runtime: 220771us
DeltaBlue: iterations=314 runtime: 232321us
DeltaBlue: iterations=315 runtime: 226972us
DeltaBlue: iterations=316 runtime: 236151us
DeltaBlue: iterations=317 runtime: 228204us
DeltaBlue: iterations=318 runtime: 225482us
DeltaBlue: iterations=319 runtime: 220671us
DeltaBlue: iterations=320 runtime: 258507us
DeltaBlue: iterations=321 runtime: 258282us
DeltaBlue: iterations=322 runtime: 229752us
DeltaBlue: iterations=323 runtime: 230026us
DeltaBlue: iterations=324 runtime: 223853us
DeltaBlue: iterations=325 runtime: 249720us
DeltaBlue: iterations=326 runtime: 250044us
DeltaBlue: iterations=327 runtime: 222951us
DeltaBlue: iterations=328 runtime: 268037us
DeltaBlue: iterations=329 runtime: 244750us
DeltaBlue: iterations=330 runtime: 256305us
DeltaBlue: iterations=331 runtime: 234491us
DeltaBlue: iterations=332 runtime: 245436us
DeltaBlue: iterations=333 runtime: 223791us
DeltaBlue: iterations=334 runtime: 258122us
DeltaBlue: iterations=335 runtime: 243367us
DeltaBlue: iterations=336 runtime: 227063us
DeltaBlue: iterations=337 runtime: 228662us
DeltaBlue: iterations=338 runtime: 279412us
DeltaBlue: iterations=339 runtime: 278360us
DeltaBlue: iterations=340 runtime: 249929us
DeltaBlue: iterations=341 runtime: 285783us
DeltaBlue: iterations=342 runtime: 274896us
DeltaBlue: iterations=343 runtime: 275468us
DeltaBlue: iterations=344 runtime: 244757us
DeltaBlue: iterations=345 runtime: 225319us
DeltaBlue: iterations=346 runtime: 268809us
DeltaBlue: iterations=347 runtime: 282947us
DeltaBlue: iterations=348 runtime: 252663us
DeltaBlue: iterations=349 runtime: 247659us
DeltaBlue: iterations=350 runtime: 239343us
DeltaBlue: iterations=351 runtime: 231591us
DeltaBlue: iterations=352 runtime: 239998us
DeltaBlue: iterations=353 runtime: 232049us
DeltaBlue: iterations=354 runtime: 263113us
DeltaBlue: iterations=355 runtime: 276034us
DeltaBlue: iterations=356 runtime: 286687us
DeltaBlue: iterations=357 runtime: 274137us
DeltaBlue: iterations=358 runtime: 221537us
DeltaBlue: iterations=359 runtime: 237867us
DeltaBlue: iterations=360 runtime: 224279us
DeltaBlue: iterations=361 runtime: 226819us
DeltaBlue: iterations=362 runtime: 264312us
DeltaBlue: iterations=363 runtime: 231621us
DeltaBlue: iterations=364 runtime: 249095us
DeltaBlue: iterations=365 runtime: 257966us
DeltaBlue: iterations=366 runtime: 223898us
DeltaBlue: iterations=367 runtime: 221069us
DeltaBlue: iterations=368 runtime: 227319us
DeltaBlue: iterations=369 runtime: 224093us
DeltaBlue: iterations=370 runtime: 221927us
DeltaBlue: iterations=371 runtime: 247879us
DeltaBlue: iterations=372 runtime: 269897us
DeltaBlue: iterations=373 runtime: 275040us
DeltaBlue: iterations=374 runtime: 258231us
DeltaBlue: iterations=375 runtime: 224555us
DeltaBlue: iterations=376 runtime: 222896us
DeltaBlue: iterations=377 runtime: 238248us
DeltaBlue: iterations=378 runtime: 224536us
DeltaBlue: iterations=379 runtime: 260304us
DeltaBlue: iterations=380 runtime: 282585us
DeltaBlue: iterations=381 runtime: 265950us
DeltaBlue: iterations=382 runtime: 277084us
DeltaBlue: iterations=383 runtime: 255486us
DeltaBlue: iterations=384 runtime: 225689us
DeltaBlue: iterations=385 runtime: 223089us
DeltaBlue: iterations=386 runtime: 234746us
DeltaBlue: iterations=387 runtime: 226097us
DeltaBlue: iterations=388 runtime: 220686us
DeltaBlue: iterations=389 runtime: 255325us
DeltaBlue: iterations=390 runtime: 281473us
DeltaBlue: iterations=391 runtime: 243199us
DeltaBlue: iterations=392 runtime: 265827us
DeltaBlue: iterations=393 runtime: 224333us
DeltaBlue: iterations=394 runtime: 264126us
DeltaBlue: iterations=395 runtime: 283218us
DeltaBlue: iterations=396 runtime: 267161us
DeltaBlue: iterations=397 runtime: 253420us
DeltaBlue: iterations=398 runtime: 260720us
DeltaBlue: iterations=399 runtime: 231265us
DeltaBlue: iterations=400 runtime: 221622us
DeltaBlue: iterations=401 runtime: 230725us
DeltaBlue: iterations=402 runtime: 233467us
DeltaBlue: iterations=403 runtime: 229854us
DeltaBlue: iterations=404 runtime: 253926us
DeltaBlue: iterations=405 runtime: 280814us
DeltaBlue: iterations=406 runtime: 220905us
DeltaBlue: iterations=407 runtime: 231923us
DeltaBlue: iterations=408 runtime: 237420us
DeltaBlue: iterations=409 runtime: 220330us
DeltaBlue: iterations=410 runtime: 256220us
DeltaBlue: iterations=411 runtime: 266121us
DeltaBlue: iterations=412 runtime: 226083us
DeltaBlue: iterations=413 runtime: 275707us
DeltaBlue: iterations=414 runtime: 224561us
DeltaBlue: iterations=415 runtime: 269544us
DeltaBlue: iterations=416 runtime: 287066us
DeltaBlue: iterations=417 runtime: 252134us
DeltaBlue: iterations=418 runtime: 257571us
DeltaBlue: iterations=419 runtime: 236306us
DeltaBlue: iterations=420 runtime: 281258us
HumphreysTestPhase: comp = java.lang.StringLatin1.inflate(byte[], int, char[], int, int)
HumphreysTestPhase: method transitions = 0
DeltaBlue: iterations=421 runtime: 276634us
DeltaBlue: iterations=422 runtime: 285230us
DeltaBlue: iterations=423 runtime: 258857us
DeltaBlue: iterations=424 runtime: 269940us
DeltaBlue: iterations=425 runtime: 268584us
DeltaBlue: iterations=426 runtime: 225087us
DeltaBlue: iterations=427 runtime: 234810us
DeltaBlue: iterations=428 runtime: 259398us
DeltaBlue: iterations=429 runtime: 239795us
DeltaBlue: iterations=430 runtime: 234376us
DeltaBlue: iterations=431 runtime: 276650us
DeltaBlue: iterations=432 runtime: 242666us
DeltaBlue: iterations=433 runtime: 221422us
DeltaBlue: iterations=434 runtime: 248193us
DeltaBlue: iterations=435 runtime: 224010us
DeltaBlue: iterations=436 runtime: 252621us
DeltaBlue: iterations=437 runtime: 291541us
DeltaBlue: iterations=438 runtime: 278953us
DeltaBlue: iterations=439 runtime: 277312us
DeltaBlue: iterations=440 runtime: 271398us
DeltaBlue: iterations=441 runtime: 237799us
DeltaBlue: iterations=442 runtime: 234579us
DeltaBlue: iterations=443 runtime: 290785us
DeltaBlue: iterations=444 runtime: 239821us
DeltaBlue: iterations=445 runtime: 248723us
DeltaBlue: iterations=446 runtime: 260459us
DeltaBlue: iterations=447 runtime: 225125us
DeltaBlue: iterations=448 runtime: 221285us
DeltaBlue: iterations=449 runtime: 263626us
DeltaBlue: iterations=450 runtime: 276680us
DeltaBlue: iterations=451 runtime: 258137us
DeltaBlue: iterations=452 runtime: 260109us
DeltaBlue: iterations=453 runtime: 238469us
DeltaBlue: iterations=454 runtime: 229828us
DeltaBlue: iterations=455 runtime: 232290us
DeltaBlue: iterations=456 runtime: 222936us
DeltaBlue: iterations=457 runtime: 220566us
DeltaBlue: iterations=458 runtime: 250142us
DeltaBlue: iterations=459 runtime: 249508us
DeltaBlue: iterations=460 runtime: 220341us
DeltaBlue: iterations=461 runtime: 231451us
DeltaBlue: iterations=462 runtime: 233133us
DeltaBlue: iterations=463 runtime: 238497us
DeltaBlue: iterations=464 runtime: 225259us
DeltaBlue: iterations=465 runtime: 263140us
DeltaBlue: iterations=466 runtime: 259797us
DeltaBlue: iterations=467 runtime: 259873us
HumphreysTestPhase: comp = java.lang.StringCoding.implEncodeAsciiArray(char[], int, byte[], int, int)
HumphreysTestPhase: method transitions = 0
HumphreysTestPhase: comp = java.lang.StringCoding.implEncodeAsciiArray(char[], int, byte[], int, int)
HumphreysTestPhase: method transitions = 0
DeltaBlue: iterations=468 runtime: 274664us
DeltaBlue: iterations=469 runtime: 249658us
DeltaBlue: iterations=470 runtime: 258330us
DeltaBlue: iterations=471 runtime: 245814us
DeltaBlue: iterations=472 runtime: 244735us
DeltaBlue: iterations=473 runtime: 228351us
DeltaBlue: iterations=474 runtime: 223284us
DeltaBlue: iterations=475 runtime: 244132us
DeltaBlue: iterations=476 runtime: 225300us
DeltaBlue: iterations=477 runtime: 232210us
DeltaBlue: iterations=478 runtime: 276290us
DeltaBlue: iterations=479 runtime: 250550us
DeltaBlue: iterations=480 runtime: 236030us
DeltaBlue: iterations=481 runtime: 223793us
DeltaBlue: iterations=482 runtime: 286751us
DeltaBlue: iterations=483 runtime: 271592us
DeltaBlue: iterations=484 runtime: 262217us
DeltaBlue: iterations=485 runtime: 249188us
DeltaBlue: iterations=486 runtime: 280778us
DeltaBlue: iterations=487 runtime: 277673us
DeltaBlue: iterations=488 runtime: 274022us
DeltaBlue: iterations=489 runtime: 261798us
DeltaBlue: iterations=490 runtime: 242531us
DeltaBlue: iterations=491 runtime: 237223us
DeltaBlue: iterations=492 runtime: 223855us
DeltaBlue: iterations=493 runtime: 242716us
DeltaBlue: iterations=494 runtime: 264362us
DeltaBlue: iterations=495 runtime: 250944us
DeltaBlue: iterations=496 runtime: 262050us
DeltaBlue: iterations=497 runtime: 228345us
DeltaBlue: iterations=498 runtime: 224428us
DeltaBlue: iterations=499 runtime: 220089us
DeltaBlue: iterations=500 runtime: 261466us
HumphreysTestPhase: comp = java.lang.Class.getComponentType()
HumphreysTestPhase: method transitions = 0
HumphreysTestPhase: comp = java.lang.String.isLatin1()
HumphreysTestPhase: method transitions = 0
HumphreysTestPhase: comp = java.lang.constant.ClassDesc.isPrimitive()
HumphreysTestPhase: method transitions = 0
HumphreysTestPhase: comp = jdk.internal.classfile.impl.AbstractPoolEntry$Utf8EntryImpl.tag()
HumphreysTestPhase: method transitions = 0
HumphreysTestPhase: comp = java.lang.invoke.MethodHandles$Lookup.lookupClass()
HumphreysTestPhase: method transitions = 0
HumphreysTestPhase: comp = jdk.internal.classfile.impl.AbstractDirectBuilder.setOriginal(Object)
HumphreysTestPhase: method transitions = 0
HumphreysTestPhase: comp = jdk.internal.classfile.impl.AbstractPoolEntry$NameAndTypeEntryImpl.tag()
HumphreysTestPhase: method transitions = 0
HumphreysTestPhase: comp = java.lang.invoke.LambdaForm$BasicType.basicTypeKind()
HumphreysTestPhase: method transitions = 0
HumphreysTestPhase: comp = jdk.internal.classfile.impl.DirectMethodBuilder.methodFlags()
HumphreysTestPhase: method transitions = 0
HumphreysTestPhase: comp = java.lang.invoke.LambdaForm$Name.index()
HumphreysTestPhase: method transitions = 0
HumphreysTestPhase: comp = jdk.internal.classfile.impl.UnboundAttribute.attributeMapper()
HumphreysTestPhase: method transitions = 0
HumphreysTestPhase: comp = jdk.internal.classfile.impl.DirectMethodBuilder.methodType()
HumphreysTestPhase: method transitions = 0
DeltaBlue: iterations=500 average: 256151us total: 128075785us


Total Runtime: 128075785us
-- DeltaBlue completed successfully.
