========================================
Benchmark : Havlak
Timestamp : 2025-10-21T20:31:21+01:00
Java      : HumphreysTestPhase: comp = java.lang.Object.<init>() HumphreysTestPhase: method transitions = 0 HumphreysTestPhase: comp = Stub<ExceptionHandlerStub.exceptionHandler> HumphreysTestPhase: method transitions = 0 HumphreysTestPhase: comp = java.lang.String.hashCode() HumphreysTestPhase: method transitions = 0 HumphreysTestPhase: comp = java.lang.Byte.toUnsignedInt(byte) HumphreysTestPhase: method transitions = 0 HumphreysTestPhase: comp = java.util.Objects.requireNonNull(Object) HumphreysTestPhase: method transitions = 0 HumphreysTestPhase: comp = java.util.HashMap.afterNodeInsertion(boolean) HumphreysTestPhase: method transitions = 0 HumphreysTestPhase: comp = java.util.ImmutableCollections$SetN$SetNIterator.hasNext() HumphreysTestPhase: method transitions = 0 HumphreysTestPhase: comp = java.util.ImmutableCollections$SetN$SetNIterator.next() HumphreysTestPhase: method transitions = 0 openjdk version "25" 2025-09-16 OpenJDK Runtime Environment GraalVM CE 25.1.0-dev+37.1 (build 25+37-jvmci-b06) OpenJDK 64-Bit Server VM GraalVM CE 25.1.0-dev+37.1 (build 25+37-jvmci-b06, mixed mode, sharing) 
Cmd:
  ./latest_graalvm_home/bin/java   -Djdk.graal.TrackNodeSourcePosition=true   -Djdk.graal.MinGraphSize=120   -XX:+UnlockExperimentalVMOptions   -XX:+UnlockDiagnosticVMOptions   -XX:+EnableJVMCI   -Djdk.graal.CompilationFailureAction=Diagnose   -XX:+UseJVMCICompiler   -XX:+UseJVMCINativeLibrary   -XX:-TieredCompilation   -XX:-BackgroundCompilation   --add-exports=jdk.graal.compiler/jdk.graal.compiler.hotspot.meta.Bubo=ALL-UNNAMED   --add-exports=jdk.graal.compiler/jdk.graal.compiler.phases.common=ALL-UNNAMED   -cp   /home/hb478/repos/are-we-fast-yet/benchmarks/Java/benchmarks.jar   Harness   Havlak   500   15000 
========================================
HumphreysTestPhase: comp = java.lang.module.ModuleDescriptor.name()
HumphreysTestPhase: method transitions = 0
HumphreysTestPhase: comp = Stub<ExceptionHandlerStub.exceptionHandler>
HumphreysTestPhase: method transitions = 0
HumphreysTestPhase: comp = java.lang.module.ModuleReference.descriptor()
HumphreysTestPhase: method transitions = 0
HumphreysTestPhase: comp = java.lang.Enum.ordinal()
HumphreysTestPhase: method transitions = 0
HumphreysTestPhase: comp = java.lang.Class.isPrimitive()
HumphreysTestPhase: method transitions = 0
HumphreysTestPhase: comp = jdk.internal.util.StrongReferenceKey.get()
HumphreysTestPhase: method transitions = 0
HumphreysTestPhase: comp = java.lang.Class.getClassLoader()
HumphreysTestPhase: method transitions = 0
HumphreysTestPhase: comp = java.lang.invoke.MethodType.returnType()
HumphreysTestPhase: method transitions = 0
HumphreysTestPhase: comp = jdk.internal.classfile.impl.AbstractPoolEntry.index()
HumphreysTestPhase: method transitions = 0
HumphreysTestPhase: comp = java.lang.invoke.MemberName.getDeclaringClass()
HumphreysTestPhase: method transitions = 0
HumphreysTestPhase: comp = java.lang.invoke.MethodType.form()
HumphreysTestPhase: method transitions = 0
HumphreysTestPhase: comp = java.util.stream.FindOps$FindSink.cancellationRequested()
HumphreysTestPhase: method transitions = 0
HumphreysTestPhase: comp = java.lang.Object.<init>()
HumphreysTestPhase: method transitions = 0
HumphreysTestPhase: comp = jdk.internal.module.ModuleReferenceImpl.moduleResolution()
HumphreysTestPhase: method transitions = 0
HumphreysTestPhase: comp = java.lang.String.hashCode()
HumphreysTestPhase: method transitions = 6
HumphreysTestPhase: comp = java.lang.module.ModuleDescriptor$Requires.modifiers()
HumphreysTestPhase: method transitions = 0
HumphreysTestPhase: comp = java.lang.module.ModuleDescriptor$Requires.name()
HumphreysTestPhase: method transitions = 0
HumphreysTestPhase: comp = java.lang.module.ModuleDescriptor.requires()
HumphreysTestPhase: method transitions = 0
HumphreysTestPhase: comp = java.lang.module.ModuleDescriptor.isAutomatic()
HumphreysTestPhase: method transitions = 0
HumphreysTestPhase: comp = java.util.HashMap$Node.getKey()
HumphreysTestPhase: method transitions = 0
HumphreysTestPhase: comp = java.util.HashMap$Node.getValue()
HumphreysTestPhase: method transitions = 0
HumphreysTestPhase: comp = java.util.ImmutableCollections$Set12.isEmpty()
HumphreysTestPhase: method transitions = 0
HumphreysTestPhase: comp = java.lang.module.ModuleDescriptor$Exports.source()
HumphreysTestPhase: method transitions = 0
HumphreysTestPhase: comp = java.lang.module.ModuleDescriptor$Exports.targets()
HumphreysTestPhase: method transitions = 0
HumphreysTestPhase: comp = java.lang.module.ModuleDescriptor.provides()
HumphreysTestPhase: method transitions = 0
HumphreysTestPhase: comp = java.lang.module.ModuleDescriptor.exports()
HumphreysTestPhase: method transitions = 0
HumphreysTestPhase: comp = java.util.Objects.requireNonNull(Object)
HumphreysTestPhase: method transitions = 0
HumphreysTestPhase: comp = java.util.ImmutableCollections$SetN$SetNIterator.hasNext()
HumphreysTestPhase: method transitions = 0
HumphreysTestPhase: comp = java.lang.module.ModuleDescriptor.uses()
HumphreysTestPhase: method transitions = 0
HumphreysTestPhase: comp = java.util.ImmutableCollections$SetN$SetNIterator.next()
HumphreysTestPhase: method transitions = 0
HumphreysTestPhase: comp = Stub<identity_hashcode(Object)int>
HumphreysTestPhase: method transitions = 0
HumphreysTestPhase: comp = java.util.HashMap.hash(Object)
HumphreysTestPhase: method transitions = 21
HumphreysTestPhase: comp = java.lang.module.ModuleDescriptor$Exports.isQualified()
HumphreysTestPhase: method transitions = 2
HumphreysTestPhase: comp = java.lang.module.ModuleDescriptor$Provides.service()
HumphreysTestPhase: method transitions = 0
HumphreysTestPhase: comp = java.lang.Byte.toUnsignedInt(byte)
HumphreysTestPhase: method transitions = 0
HumphreysTestPhase: comp = Stub<new_instance_or_null(KlassPointer)Object>
HumphreysTestPhase: method transitions = 0
HumphreysTestPhase: comp = Stub<LookUpSecondarySupersTableStub.lookupSecondarySupersTableSlowPath>
HumphreysTestPhase: method transitions = 0
HumphreysTestPhase: comp = Stub<write_barrier_pre-stack-only(Object)void>
HumphreysTestPhase: method transitions = 0
HumphreysTestPhase: comp = Stub<write_barrier_post-stack-only(Word)void>
HumphreysTestPhase: method transitions = 0
HumphreysTestPhase: comp = java.util.HashMap.putVal(int, Object, Object, boolean, boolean)
HumphreysTestPhase: method transitions = 37
HumphreysTestPhase: comp = java.lang.String.equals(Object)
HumphreysTestPhase: method transitions = 11
HumphreysTestPhase: comp = java.util.KeyValueHolder.getKey()
HumphreysTestPhase: method transitions = 0
HumphreysTestPhase: comp = java.util.KeyValueHolder.getValue()
HumphreysTestPhase: method transitions = 0
HumphreysTestPhase: comp = java.lang.module.ModuleDescriptor.packages()
HumphreysTestPhase: method transitions = 0
HumphreysTestPhase: comp = java.lang.module.ResolvedModule.reference()
HumphreysTestPhase: method transitions = 0
HumphreysTestPhase: comp = java.util.HashMap$Node.<init>(int, Object, Object, HashMap$Node)
HumphreysTestPhase: method transitions = 0
HumphreysTestPhase: comp = java.lang.module.ModuleDescriptor$Version.toString()
HumphreysTestPhase: method transitions = 0
HumphreysTestPhase: comp = java.lang.AbstractStringBuilder.length()
HumphreysTestPhase: method transitions = 0
HumphreysTestPhase: comp = java.util.HashMap.newNode(int, Object, Object, HashMap$Node)
HumphreysTestPhase: method transitions = 6
HumphreysTestPhase: comp = java.util.HashMap.afterNodeInsertion(boolean)
HumphreysTestPhase: method transitions = 0
HumphreysTestPhase: comp = Stub<new_array_or_null(KlassPointer,int)Object>
HumphreysTestPhase: method transitions = 0
HumphreysTestPhase: comp = java.util.HashMap.resize()
HumphreysTestPhase: method transitions = 12
HumphreysTestPhase: comp = java.lang.module.ResolvedModule.configuration()
HumphreysTestPhase: method transitions = 0
HumphreysTestPhase: comp = java.lang.module.ModuleDescriptor.isOpen()
HumphreysTestPhase: method transitions = 0
HumphreysTestPhase: comp = java.util.HashMap.size()
HumphreysTestPhase: method transitions = 0
HumphreysTestPhase: comp = jdk.internal.classfile.impl.AbstractPoolEntry.width()
HumphreysTestPhase: method transitions = 0
HumphreysTestPhase: comp = jdk.internal.classfile.impl.SplitConstantPool.size()
HumphreysTestPhase: method transitions = 0
HumphreysTestPhase: comp = java.lang.invoke.MethodType.ptypes()
HumphreysTestPhase: method transitions = 0
HumphreysTestPhase: comp = java.util.zip.ZipCoder$UTF8ZipCoder.isUTF8()
HumphreysTestPhase: method transitions = 0
HumphreysTestPhase: comp = java.lang.AbstractStringBuilder.getValue()
HumphreysTestPhase: method transitions = 0
HumphreysTestPhase: comp = java.lang.StringLatin1.equals(byte[], byte[])
HumphreysTestPhase: method transitions = 0
HumphreysTestPhase: comp = jdk.internal.classfile.impl.AbstractPoolEntry.constantPool()
HumphreysTestPhase: method transitions = 0
HumphreysTestPhase: comp = jdk.internal.classfile.impl.RawBytecodeHelper.bci()
HumphreysTestPhase: method transitions = 0
Starting Havlak benchmark ...
HumphreysTestPhase: comp = java.util.zip.Inflater$InflaterZStreamRef.address()
HumphreysTestPhase: method transitions = 0
HumphreysTestPhase: comp = java.lang.String.coder()
HumphreysTestPhase: method transitions = 0
HumphreysTestPhase: comp = java.security.ProtectionDomain.getCodeSource()
HumphreysTestPhase: method transitions = 0
HumphreysTestPhase: comp = jdk.internal.util.Preconditions.checkIndex(int, int, BiFunction)
HumphreysTestPhase: method transitions = 0
HumphreysTestPhase: comp = java.lang.String.value()
HumphreysTestPhase: method transitions = 0
HumphreysTestPhase: comp = jdk.internal.constant.ClassOrInterfaceDescImpl.descriptorString()
HumphreysTestPhase: method transitions = 0
HumphreysTestPhase: comp = jdk.internal.util.ArraysSupport.unsignedHashCode(int, byte[], int, int)
HumphreysTestPhase: method transitions = 8
HumphreysTestPhase: comp = java.net.URL.getProtocol()
HumphreysTestPhase: method transitions = 0
HumphreysTestPhase: comp = jdk.internal.classfile.impl.BufWriterImpl.size()
HumphreysTestPhase: method transitions = 0
HumphreysTestPhase: comp = java.lang.Class.getModule()
HumphreysTestPhase: method transitions = 0
HumphreysTestPhase: comp = java.lang.Integer.intValue()
HumphreysTestPhase: method transitions = 0
HumphreysTestPhase: comp = havlak.BasicBlock.customHash()
HumphreysTestPhase: method transitions = 0
HumphreysTestPhase: comp = havlak.UnionFindNode.getDfsNumber()
HumphreysTestPhase: method transitions = 0
HumphreysTestPhase: comp = havlak.UnionFindNode.getBb()
HumphreysTestPhase: method transitions = 0
HumphreysTestPhase: comp = havlak.BasicBlock.getOutEdges()
HumphreysTestPhase: method transitions = 0
HumphreysTestPhase: comp = havlak.BasicBlock.getInEdges()
HumphreysTestPhase: method transitions = 0
HumphreysTestPhase: comp = havlak.UnionFindNode.getLoop()
HumphreysTestPhase: method transitions = 0
HumphreysTestPhase: comp = havlak.UnionFindNode.union(UnionFindNode)
HumphreysTestPhase: method transitions = 0
HumphreysTestPhase: comp = havlak.SimpleLoop.setCounter(int)
HumphreysTestPhase: method transitions = 0
HumphreysTestPhase: comp = havlak.UnionFindNode.setLoop(SimpleLoop)
HumphreysTestPhase: method transitions = 0
HumphreysTestPhase: comp = havlak.ControlFlowGraph.getStartBasicBlock()
HumphreysTestPhase: method transitions = 0
HumphreysTestPhase: comp = som.Vector.append(Object)
HumphreysTestPhase: method transitions = 28
HumphreysTestPhase: comp = som.Vector.size()
HumphreysTestPhase: method transitions = 0
HumphreysTestPhase: comp = som.Vector.<init>(int)
HumphreysTestPhase: method transitions = 10
HumphreysTestPhase: comp = som.Vector.at(int)
HumphreysTestPhase: method transitions = 0
HumphreysTestPhase: comp = som.Vector.forEach(ForEachInterface)
HumphreysTestPhase: method transitions = 0
HumphreysTestPhase: comp = som.Dictionary.hash(Dictionary$CustomHash)
HumphreysTestPhase: method transitions = 2
HumphreysTestPhase: comp = som.Dictionary.getBucketIdx(int)
HumphreysTestPhase: method transitions = 0
HumphreysTestPhase: comp = havlak.ControlFlowGraph.getBasicBlocks()
HumphreysTestPhase: method transitions = 0
HumphreysTestPhase: comp = som.Vector.<init>()
HumphreysTestPhase: method transitions = 9
HumphreysTestPhase: comp = Stub<dynamic_new_instance_or_null(Class)Object>
HumphreysTestPhase: method transitions = 0
HumphreysTestPhase: comp = java.lang.invoke.DirectMethodHandle.allocateInstance(Object)
HumphreysTestPhase: method transitions = 27
HumphreysTestPhase: comp = java.lang.invoke.DirectMethodHandle.constructorMethod(Object)
HumphreysTestPhase: method transitions = 0
HumphreysTestPhase: comp = java.lang.invoke.Invokers$Holder.linkToTargetMethod(Object, Object)
HumphreysTestPhase: method transitions = 0
HumphreysTestPhase: comp = java.lang.invoke.DirectMethodHandle$Holder.newInvokeSpecial(Object, Object)
HumphreysTestPhase: method transitions = 32
HumphreysTestPhase: comp = som.IdentityDictionary$IdEntry.match(int, Object)
HumphreysTestPhase: method transitions = 0
HumphreysTestPhase: comp = java.lang.Integer.valueOf(int)
HumphreysTestPhase: method transitions = 8
HumphreysTestPhase: comp = som.Vector.hasSome(TestInterface)
HumphreysTestPhase: method transitions = 27
HumphreysTestPhase: comp = som.Dictionary.at(Dictionary$CustomHash)
HumphreysTestPhase: method transitions = 12
HumphreysTestPhase: comp = som.Dictionary.getBucket(int)
HumphreysTestPhase: method transitions = 3
HumphreysTestPhase: comp = som.Vector.isEmpty()
HumphreysTestPhase: method transitions = 0
HumphreysTestPhase: comp = havlak.HavlakLoopFinder.isAncestor(int, int)
HumphreysTestPhase: method transitions = 0
HumphreysTestPhase: comp = som.Set.add(Object)
HumphreysTestPhase: method transitions = 81
HumphreysTestPhase: comp = som.Set.hasSome(TestInterface)
HumphreysTestPhase: method transitions = 39
HumphreysTestPhase: comp = som.Dictionary.atPut(Dictionary$CustomHash, Object)
HumphreysTestPhase: method transitions = 37
HumphreysTestPhase: comp = som.Set.<init>()
HumphreysTestPhase: method transitions = 13
HumphreysTestPhase: comp = som.Set.<init>(int)
HumphreysTestPhase: method transitions = 17
HumphreysTestPhase: comp = havlak.HavlakLoopFinder$2.apply(Object)
HumphreysTestPhase: method transitions = 72
HumphreysTestPhase: comp = havlak.HavlakLoopFinder$2.apply(BasicBlock)
HumphreysTestPhase: method transitions = 66
HumphreysTestPhase: comp = havlak.UnionFindNode.findSet()
HumphreysTestPhase: method transitions = 7
HumphreysTestPhase: comp = havlak.UnionFindNode$$Lambda/0x000000001a0456b0.<init>(UnionFindNode)
HumphreysTestPhase: method transitions = 0
HumphreysTestPhase: comp = havlak.HavlakLoopFinder.doDFS(BasicBlock, int)
HumphreysTestPhase: method transitions = 155
HumphreysTestPhase: comp = havlak.HavlakLoopFinder$4.apply(Object)
HumphreysTestPhase: method transitions = 103
HumphreysTestPhase: comp = havlak.HavlakLoopFinder$4.apply(Integer)
HumphreysTestPhase: method transitions = 96
HumphreysTestPhase: comp = havlak.UnionFindNode.<init>()
HumphreysTestPhase: method transitions = 0
HumphreysTestPhase: comp = havlak.HavlakLoopFinder$1.apply(Object)
HumphreysTestPhase: method transitions = 43
HumphreysTestPhase: comp = havlak.HavlakLoopFinder$1.apply(BasicBlock)
HumphreysTestPhase: method transitions = 41
HumphreysTestPhase: comp = havlak.HavlakLoopFinder.processEdges(BasicBlock, int)
HumphreysTestPhase: method transitions = 18
HumphreysTestPhase: comp = havlak.BasicBlock.getNumPred()
HumphreysTestPhase: method transitions = 2
HumphreysTestPhase: comp = havlak.HavlakLoopFinder$2.<init>(HavlakLoopFinder, int)
HumphreysTestPhase: method transitions = 0
HumphreysTestPhase: comp = havlak.HavlakLoopFinder.stepD(int, Vector)
HumphreysTestPhase: method transitions = 49
HumphreysTestPhase: comp = havlak.HavlakLoopFinder$6.<init>(HavlakLoopFinder, int, Vector)
HumphreysTestPhase: method transitions = 0
HumphreysTestPhase: comp = havlak.HavlakLoopFinder$3.<init>(HavlakLoopFinder, Vector)
HumphreysTestPhase: method transitions = 0
HumphreysTestPhase: comp = Stub<OSR_migration_end(long)void>
HumphreysTestPhase: method transitions = 0
HumphreysTestPhase: comp = havlak.HavlakLoopFinder.findLoops()
HumphreysTestPhase: method transitions = 311
HumphreysTestPhase: comp = havlak.HavlakLoopFinder.findLoops()
HumphreysTestPhase: method transitions = 464
HumphreysTestPhase: comp = havlak.HavlakLoopFinder$5.apply(Object)
HumphreysTestPhase: method transitions = 29
HumphreysTestPhase: comp = havlak.HavlakLoopFinder$5.apply(UnionFindNode)
HumphreysTestPhase: method transitions = 26
HumphreysTestPhase: comp = havlak.HavlakLoopFinder.identifyEdges(int)
HumphreysTestPhase: method transitions = 27
HumphreysTestPhase: comp = som.IdentitySet.<init>()
HumphreysTestPhase: method transitions = 13
HumphreysTestPhase: comp = java.lang.Integer.equals(Object)
HumphreysTestPhase: method transitions = 2
HumphreysTestPhase: comp = havlak.SimpleLoop.<init>(BasicBlock, boolean)
HumphreysTestPhase: method transitions = 25
HumphreysTestPhase: comp = havlak.LoopStructureGraph.createNewLoop(BasicBlock, boolean)
HumphreysTestPhase: method transitions = 53
HumphreysTestPhase: comp = havlak.HavlakLoopFinder.setLoopAttributes(int, Vector, SimpleLoop)
HumphreysTestPhase: method transitions = 60
HumphreysTestPhase: comp = havlak.HavlakLoopFinder$5.<init>(HavlakLoopFinder, int, SimpleLoop)
HumphreysTestPhase: method transitions = 0
HumphreysTestPhase: comp = havlak.LoopTesterApp.findLoops(LoopStructureGraph)
HumphreysTestPhase: method transitions = 38
HumphreysTestPhase: comp = havlak.HavlakLoopFinder.<init>(ControlFlowGraph, LoopStructureGraph)
HumphreysTestPhase: method transitions = 32
HumphreysTestPhase: comp = som.IdentityDictionary.<init>()
HumphreysTestPhase: method transitions = 7
HumphreysTestPhase: comp = som.Dictionary.<init>(int)
HumphreysTestPhase: method transitions = 10
HumphreysTestPhase: comp = som.Vector.at(int)
HumphreysTestPhase: method transitions = 0
HumphreysTestPhase: comp = havlak.ControlFlowGraph.getNumNodes()
HumphreysTestPhase: method transitions = 2
HumphreysTestPhase: comp = havlak.ControlFlowGraph.createNode(int)
HumphreysTestPhase: method transitions = 109
HumphreysTestPhase: comp = havlak.BasicBlockEdge.<init>(ControlFlowGraph, int, int)
HumphreysTestPhase: method transitions = 90
HumphreysTestPhase: comp = havlak.BasicBlock.addOutEdge(BasicBlock)
HumphreysTestPhase: method transitions = 36
HumphreysTestPhase: comp = havlak.BasicBlock.addInEdge(BasicBlock)
HumphreysTestPhase: method transitions = 36
HumphreysTestPhase: comp = havlak.ControlFlowGraph.addEdge(BasicBlockEdge)
HumphreysTestPhase: method transitions = 20
HumphreysTestPhase: comp = som.IdentityDictionary.newEntry(Dictionary$CustomHash, Object, int)
HumphreysTestPhase: method transitions = 6
HumphreysTestPhase: comp = som.IdentityDictionary$IdEntry.<init>(int, Object, Object, Dictionary$Entry)
HumphreysTestPhase: method transitions = 1
HumphreysTestPhase: comp = som.Dictionary$Entry.<init>(int, Object, Object, Dictionary$Entry)
HumphreysTestPhase: method transitions = 0
HumphreysTestPhase: comp = havlak.HavlakLoopFinder$1.apply(Object)
HumphreysTestPhase: method transitions = 55
HumphreysTestPhase: comp = havlak.HavlakLoopFinder$1.apply(BasicBlock)
HumphreysTestPhase: method transitions = 52
HumphreysTestPhase: comp = som.Dictionary.atPut(Dictionary$CustomHash, Object)
HumphreysTestPhase: method transitions = 38
HumphreysTestPhase: comp = som.Vector.removeFirst()
HumphreysTestPhase: method transitions = 2
HumphreysTestPhase: comp = som.Set.size()
HumphreysTestPhase: method transitions = 2
HumphreysTestPhase: comp = havlak.HavlakLoopFinder.stepEProcessNonBackPreds(int, Vector, Vector, UnionFindNode)
HumphreysTestPhase: method transitions = 21
HumphreysTestPhase: comp = havlak.HavlakLoopFinder$4.<init>(HavlakLoopFinder, int, Vector, Vector)
HumphreysTestPhase: method transitions = 0
HumphreysTestPhase: comp = som.Set.forEach(ForEachInterface)
HumphreysTestPhase: method transitions = 7
HumphreysTestPhase: comp = som.Set.contains(Object)
HumphreysTestPhase: method transitions = 20
HumphreysTestPhase: comp = som.Set$$Lambda/0x000000001a045000.<init>(Object)
HumphreysTestPhase: method transitions = 0
HumphreysTestPhase: comp = som.Set.add(Object)
HumphreysTestPhase: method transitions = 74
HumphreysTestPhase: comp = havlak.HavlakLoopFinder$4.apply(Object)
HumphreysTestPhase: method transitions = 0
HumphreysTestPhase: comp = havlak.HavlakLoopFinder$4.apply(Integer)
HumphreysTestPhase: method transitions = 140
HumphreysTestPhase: comp = havlak.HavlakLoopFinder.findLoops()
HumphreysTestPhase: method transitions = 446
HumphreysTestPhase: comp = havlak.HavlakLoopFinder.findLoops()
HumphreysTestPhase: method transitions = 548
HumphreysTestPhase: comp = som.Dictionary.transferEntries(Dictionary$Entry[])
HumphreysTestPhase: method transitions = 64
HumphreysTestPhase: comp = som.Dictionary.transferEntries(Dictionary$Entry[])
HumphreysTestPhase: method transitions = 40
HumphreysTestPhase: comp = java.security.CodeSource.getLocationNoFragString()
HumphreysTestPhase: method transitions = 0
HumphreysTestPhase: comp = havlak.SimpleLoop.isRoot()
HumphreysTestPhase: method transitions = 0
HumphreysTestPhase: comp = havlak.SimpleLoop.getParent()
HumphreysTestPhase: method transitions = 0
HumphreysTestPhase: comp = havlak.LoopStructureGraph$1.apply(Object)
HumphreysTestPhase: method transitions = 11
HumphreysTestPhase: comp = havlak.LoopStructureGraph$1.apply(SimpleLoop)
HumphreysTestPhase: method transitions = 8
HumphreysTestPhase: comp = havlak.SimpleLoop.getNestingLevel()
HumphreysTestPhase: method transitions = 0
HumphreysTestPhase: comp = havlak.SimpleLoop.setDepthLevel(int)
HumphreysTestPhase: method transitions = 0
HumphreysTestPhase: comp = havlak.SimpleLoop.getChildren()
HumphreysTestPhase: method transitions = 0
HumphreysTestPhase: comp = java.lang.Math.max(int, int)
HumphreysTestPhase: method transitions = 0
HumphreysTestPhase: comp = havlak.SimpleLoop.setNestingLevel(int)
HumphreysTestPhase: method transitions = 0
HumphreysTestPhase: comp = havlak.LoopStructureGraph.calculateNestingLevelRec(SimpleLoop, int)
HumphreysTestPhase: method transitions = 14
HumphreysTestPhase: comp = havlak.LoopStructureGraph$2.<init>(LoopStructureGraph, int, SimpleLoop)
HumphreysTestPhase: method transitions = 0
HumphreysTestPhase: comp = havlak.LoopStructureGraph$2.apply(Object)
HumphreysTestPhase: method transitions = 25
HumphreysTestPhase: comp = havlak.LoopStructureGraph$2.apply(SimpleLoop)
HumphreysTestPhase: method transitions = 24
HumphreysTestPhase: comp = jdk.internal.util.WeakReferenceKey.hashCode()
HumphreysTestPhase: method transitions = 0
HumphreysTestPhase: comp = java.util.ArrayList.size()
HumphreysTestPhase: method transitions = 0
HumphreysTestPhase: comp = jdk.internal.classfile.impl.AbstractDirectBuilder.constantPool()
HumphreysTestPhase: method transitions = 0
HumphreysTestPhase: comp = jdk.internal.classfile.impl.AbstractPoolEntry.hashCode()
HumphreysTestPhase: method transitions = 0
HumphreysTestPhase: comp = jdk.internal.constant.ClassOrInterfaceDescImpl.isClassOrInterface()
HumphreysTestPhase: method transitions = 0
HumphreysTestPhase: comp = java.lang.invoke.MethodHandle.type()
HumphreysTestPhase: method transitions = 0
HumphreysTestPhase: comp = java.lang.String.length()
HumphreysTestPhase: method transitions = 2
HumphreysTestPhase: comp = jdk.internal.constant.PrimitiveClassDescImpl.descriptorString()
HumphreysTestPhase: method transitions = 0
HumphreysTestPhase: comp = jdk.internal.classfile.impl.AbstractPoolEntry$ClassEntryImpl.tag()
HumphreysTestPhase: method transitions = 0
HumphreysTestPhase: comp = java.lang.invoke.MethodTypeForm.erasedType()
HumphreysTestPhase: method transitions = 0
Havlak: iterations=1 runtime: 1328005us
HumphreysTestPhase: comp = havlak.LoopTesterApp.addDummyLoops(int)
HumphreysTestPhase: method transitions = 110
HumphreysTestPhase: comp = havlak.LoopTesterApp.addDummyLoops(int)
HumphreysTestPhase: method transitions = 72
HumphreysTestPhase: comp = havlak.ControlFlowGraph.createNode(int)
HumphreysTestPhase: method transitions = 59
HumphreysTestPhase: comp = havlak.LoopTesterApp.buildConnect(int, int)
HumphreysTestPhase: method transitions = 6
HumphreysTestPhase: comp = havlak.LoopStructureGraph$1.apply(Object)
HumphreysTestPhase: method transitions = 11
HumphreysTestPhase: comp = havlak.LoopStructureGraph$1.apply(SimpleLoop)
HumphreysTestPhase: method transitions = 11
Havlak: iterations=2 runtime: 393413us
Havlak: iterations=3 runtime: 349051us
HumphreysTestPhase: comp = havlak.LoopTesterApp.buildStraight(int, int)
HumphreysTestPhase: method transitions = 15
HumphreysTestPhase: comp = java.lang.Math.min(int, int)
HumphreysTestPhase: method transitions = 0
Havlak: iterations=4 runtime: 310273us
HumphreysTestPhase: comp = java.util.Arrays.copyOf(Object[], int, Class)
HumphreysTestPhase: method transitions = 45
Havlak: iterations=5 runtime: 284017us
Havlak: iterations=6 runtime: 278621us
HumphreysTestPhase: comp = havlak.LoopTesterApp.buildDiamond(int)
HumphreysTestPhase: method transitions = 16
Havlak: iterations=7 runtime: 263760us
Havlak: iterations=8 runtime: 259189us
Havlak: iterations=9 runtime: 339052us
Havlak: iterations=10 runtime: 388404us
HumphreysTestPhase: comp = som.Dictionary.splitBucket(Dictionary$Entry[], int, Dictionary$Entry)
HumphreysTestPhase: method transitions = 40
Havlak: iterations=11 runtime: 401503us
Havlak: iterations=12 runtime: 363429us
Havlak: iterations=13 runtime: 351820us
HumphreysTestPhase: comp = havlak.LoopTesterApp.buildBaseLoop(int)
HumphreysTestPhase: method transitions = 69
Havlak: iterations=14 runtime: 387278us
HumphreysTestPhase: comp = som.Dictionary.resize()
HumphreysTestPhase: method transitions = 39
Havlak: iterations=15 runtime: 277137us
Havlak: iterations=16 runtime: 331951us
Havlak: iterations=17 runtime: 262749us
Havlak: iterations=18 runtime: 251192us
Havlak: iterations=19 runtime: 305707us
Havlak: iterations=20 runtime: 248341us
Havlak: iterations=21 runtime: 248364us
Havlak: iterations=22 runtime: 288285us
Havlak: iterations=23 runtime: 254164us
Havlak: iterations=24 runtime: 253118us
Havlak: iterations=25 runtime: 333666us
Havlak: iterations=26 runtime: 304853us
Havlak: iterations=27 runtime: 260665us
Havlak: iterations=28 runtime: 252474us
Havlak: iterations=29 runtime: 252651us
HumphreysTestPhase: comp = java.nio.Buffer.position()
HumphreysTestPhase: method transitions = 0
Havlak: iterations=30 runtime: 252772us
Havlak: iterations=31 runtime: 320102us
Havlak: iterations=32 runtime: 253490us
Havlak: iterations=33 runtime: 317550us
HumphreysTestPhase: comp = havlak.LoopTesterApp.constructCFG(int, int, int)
HumphreysTestPhase: method transitions = 109
HumphreysTestPhase: comp = havlak.LoopTesterApp.constructCFG(int, int, int)
HumphreysTestPhase: method transitions = 200
Havlak: iterations=34 runtime: 701053us
Havlak: iterations=35 runtime: 293586us
Havlak: iterations=36 runtime: 250149us
Havlak: iterations=37 runtime: 250209us
Havlak: iterations=38 runtime: 249183us
Havlak: iterations=39 runtime: 290499us
HumphreysTestPhase: comp = java.nio.Buffer.limit()
HumphreysTestPhase: method transitions = 0
Havlak: iterations=40 runtime: 248655us
Havlak: iterations=41 runtime: 267683us
Havlak: iterations=42 runtime: 347626us
Havlak: iterations=43 runtime: 290109us
Havlak: iterations=44 runtime: 318350us
Havlak: iterations=45 runtime: 381530us
Havlak: iterations=46 runtime: 317342us
Havlak: iterations=47 runtime: 285685us
Havlak: iterations=48 runtime: 301292us
Havlak: iterations=49 runtime: 358922us
Havlak: iterations=50 runtime: 286703us
Havlak: iterations=51 runtime: 252224us
Havlak: iterations=52 runtime: 256747us
Havlak: iterations=53 runtime: 379814us
Havlak: iterations=54 runtime: 335546us
Havlak: iterations=55 runtime: 278180us
Havlak: iterations=56 runtime: 310623us
Havlak: iterations=57 runtime: 373402us
Havlak: iterations=58 runtime: 281407us
Havlak: iterations=59 runtime: 330973us
Havlak: iterations=60 runtime: 248315us
Havlak: iterations=61 runtime: 333635us
Havlak: iterations=62 runtime: 276718us
Havlak: iterations=63 runtime: 252435us
Havlak: iterations=64 runtime: 301748us
Havlak: iterations=65 runtime: 293910us
Havlak: iterations=66 runtime: 291653us
Havlak: iterations=67 runtime: 345844us
Havlak: iterations=68 runtime: 336772us
Havlak: iterations=69 runtime: 326801us
Havlak: iterations=70 runtime: 272189us
Havlak: iterations=71 runtime: 368547us
Havlak: iterations=72 runtime: 282676us
Havlak: iterations=73 runtime: 328964us
Havlak: iterations=74 runtime: 366710us
Havlak: iterations=75 runtime: 334816us
Havlak: iterations=76 runtime: 313160us
Havlak: iterations=77 runtime: 280238us
Havlak: iterations=78 runtime: 346271us
Havlak: iterations=79 runtime: 356455us
Havlak: iterations=80 runtime: 273264us
Havlak: iterations=81 runtime: 278668us
Havlak: iterations=82 runtime: 286739us
Havlak: iterations=83 runtime: 283207us
Havlak: iterations=84 runtime: 262667us
Havlak: iterations=85 runtime: 336668us
Havlak: iterations=86 runtime: 262017us
Havlak: iterations=87 runtime: 253354us
Havlak: iterations=88 runtime: 253370us
Havlak: iterations=89 runtime: 312463us
Havlak: iterations=90 runtime: 277882us
Havlak: iterations=91 runtime: 251717us
Havlak: iterations=92 runtime: 328586us
Havlak: iterations=93 runtime: 249897us
Havlak: iterations=94 runtime: 253482us
Havlak: iterations=95 runtime: 347753us
Havlak: iterations=96 runtime: 333989us
Havlak: iterations=97 runtime: 248846us
Havlak: iterations=98 runtime: 296748us
Havlak: iterations=99 runtime: 279449us
Havlak: iterations=100 runtime: 338156us
HumphreysTestPhase: comp = havlak.SimpleLoop.<init>(BasicBlock, boolean)
HumphreysTestPhase: method transitions = 70
Havlak: iterations=101 runtime: 326838us
HumphreysTestPhase: comp = havlak.SimpleLoop.setNestingLevel(int)
HumphreysTestPhase: method transitions = 2
Havlak: iterations=102 runtime: 357790us
Havlak: iterations=103 runtime: 294650us
Havlak: iterations=104 runtime: 297274us
Havlak: iterations=105 runtime: 314449us
Havlak: iterations=106 runtime: 253130us
Havlak: iterations=107 runtime: 286174us
Havlak: iterations=108 runtime: 255115us
Havlak: iterations=109 runtime: 381634us
Havlak: iterations=110 runtime: 273513us
Havlak: iterations=111 runtime: 321391us
Havlak: iterations=112 runtime: 323472us
Havlak: iterations=113 runtime: 374194us
Havlak: iterations=114 runtime: 345274us
Havlak: iterations=115 runtime: 277332us
Havlak: iterations=116 runtime: 305728us
Havlak: iterations=117 runtime: 299778us
Havlak: iterations=118 runtime: 310139us
Havlak: iterations=119 runtime: 360123us
Havlak: iterations=120 runtime: 326623us
Havlak: iterations=121 runtime: 311134us
Havlak: iterations=122 runtime: 277799us
Havlak: iterations=123 runtime: 346573us
Havlak: iterations=124 runtime: 366490us
Havlak: iterations=125 runtime: 278482us
Havlak: iterations=126 runtime: 253397us
HumphreysTestPhase: comp = java.nio.Buffer.capacity()
HumphreysTestPhase: method transitions = 0
HumphreysTestPhase: comp = java.nio.charset.CharsetEncoder.maxBytesPerChar()
HumphreysTestPhase: method transitions = 0
Havlak: iterations=127 runtime: 252934us
Havlak: iterations=128 runtime: 294566us
Havlak: iterations=129 runtime: 250831us
Havlak: iterations=130 runtime: 288058us
Havlak: iterations=131 runtime: 314748us
Havlak: iterations=132 runtime: 259553us
Havlak: iterations=133 runtime: 338798us
HumphreysTestPhase: comp = havlak.LoopStructureGraph.<init>()
HumphreysTestPhase: method transitions = 45
Havlak: iterations=134 runtime: 277634us
Havlak: iterations=135 runtime: 248362us
Havlak: iterations=136 runtime: 247634us
Havlak: iterations=137 runtime: 267023us
Havlak: iterations=138 runtime: 272010us
Havlak: iterations=139 runtime: 336194us
Havlak: iterations=140 runtime: 364572us
Havlak: iterations=141 runtime: 347618us
Havlak: iterations=142 runtime: 283189us
Havlak: iterations=143 runtime: 294912us
Havlak: iterations=144 runtime: 329384us
Havlak: iterations=145 runtime: 300722us
Havlak: iterations=146 runtime: 362235us
Havlak: iterations=147 runtime: 372529us
Havlak: iterations=148 runtime: 250335us
Havlak: iterations=149 runtime: 341128us
Havlak: iterations=150 runtime: 344596us
Havlak: iterations=151 runtime: 250045us
Havlak: iterations=152 runtime: 255811us
Havlak: iterations=153 runtime: 294751us
Havlak: iterations=154 runtime: 304414us
Havlak: iterations=155 runtime: 344905us
Havlak: iterations=156 runtime: 320646us
Havlak: iterations=157 runtime: 325306us
Havlak: iterations=158 runtime: 302723us
Havlak: iterations=159 runtime: 260503us
Havlak: iterations=160 runtime: 267576us
Havlak: iterations=161 runtime: 301477us
Havlak: iterations=162 runtime: 336173us
Havlak: iterations=163 runtime: 299091us
Havlak: iterations=164 runtime: 254445us
Havlak: iterations=165 runtime: 287018us
Havlak: iterations=166 runtime: 291161us
Havlak: iterations=167 runtime: 327383us
Havlak: iterations=168 runtime: 293253us
Havlak: iterations=169 runtime: 250848us
Havlak: iterations=170 runtime: 272809us
Havlak: iterations=171 runtime: 369126us
Havlak: iterations=172 runtime: 323378us
Havlak: iterations=173 runtime: 285892us
Havlak: iterations=174 runtime: 287652us
Havlak: iterations=175 runtime: 333872us
Havlak: iterations=176 runtime: 273128us
Havlak: iterations=177 runtime: 333437us
Havlak: iterations=178 runtime: 347667us
Havlak: iterations=179 runtime: 381541us
Havlak: iterations=180 runtime: 331711us
Havlak: iterations=181 runtime: 362838us
Havlak: iterations=182 runtime: 267163us
Havlak: iterations=183 runtime: 307194us
Havlak: iterations=184 runtime: 340002us
Havlak: iterations=185 runtime: 261048us
Havlak: iterations=186 runtime: 357610us
Havlak: iterations=187 runtime: 338628us
Havlak: iterations=188 runtime: 264030us
Havlak: iterations=189 runtime: 248908us
Havlak: iterations=190 runtime: 374205us
Havlak: iterations=191 runtime: 315641us
Havlak: iterations=192 runtime: 327180us
Havlak: iterations=193 runtime: 262071us
Havlak: iterations=194 runtime: 284093us
Havlak: iterations=195 runtime: 268071us
Havlak: iterations=196 runtime: 252867us
Havlak: iterations=197 runtime: 339966us
Havlak: iterations=198 runtime: 341924us
Havlak: iterations=199 runtime: 287442us
Havlak: iterations=200 runtime: 315726us
Havlak: iterations=201 runtime: 333041us
Havlak: iterations=202 runtime: 276574us
Havlak: iterations=203 runtime: 326602us
Havlak: iterations=204 runtime: 252462us
Havlak: iterations=205 runtime: 346690us
Havlak: iterations=206 runtime: 250861us
Havlak: iterations=207 runtime: 282215us
Havlak: iterations=208 runtime: 331365us
Havlak: iterations=209 runtime: 274729us
Havlak: iterations=210 runtime: 356100us
Havlak: iterations=211 runtime: 254707us
Havlak: iterations=212 runtime: 324612us
Havlak: iterations=213 runtime: 439710us
Havlak: iterations=214 runtime: 360546us
Havlak: iterations=215 runtime: 347119us
Havlak: iterations=216 runtime: 343617us
Havlak: iterations=217 runtime: 270216us
Havlak: iterations=218 runtime: 272459us
Havlak: iterations=219 runtime: 275069us
Havlak: iterations=220 runtime: 277380us
Havlak: iterations=221 runtime: 277059us
Havlak: iterations=222 runtime: 310744us
Havlak: iterations=223 runtime: 364790us
Havlak: iterations=224 runtime: 323980us
Havlak: iterations=225 runtime: 251189us
Havlak: iterations=226 runtime: 250451us
Havlak: iterations=227 runtime: 269240us
Havlak: iterations=228 runtime: 249144us
Havlak: iterations=229 runtime: 354152us
Havlak: iterations=230 runtime: 247980us
Havlak: iterations=231 runtime: 331503us
Havlak: iterations=232 runtime: 383447us
Havlak: iterations=233 runtime: 369594us
Havlak: iterations=234 runtime: 360377us
Havlak: iterations=235 runtime: 261370us
Havlak: iterations=236 runtime: 263401us
Havlak: iterations=237 runtime: 319766us
Havlak: iterations=238 runtime: 252955us
Havlak: iterations=239 runtime: 277115us
Havlak: iterations=240 runtime: 292759us
Havlak: iterations=241 runtime: 285512us
Havlak: iterations=242 runtime: 302309us
Havlak: iterations=243 runtime: 332481us
Havlak: iterations=244 runtime: 287102us
Havlak: iterations=245 runtime: 314381us
Havlak: iterations=246 runtime: 315513us
Havlak: iterations=247 runtime: 334603us
Havlak: iterations=248 runtime: 328838us
Havlak: iterations=249 runtime: 256414us
Havlak: iterations=250 runtime: 248212us
Havlak: iterations=251 runtime: 320238us
Havlak: iterations=252 runtime: 382647us
Havlak: iterations=253 runtime: 363787us
Havlak: iterations=254 runtime: 253440us
Havlak: iterations=255 runtime: 305859us
Havlak: iterations=256 runtime: 270067us
Havlak: iterations=257 runtime: 253760us
Havlak: iterations=258 runtime: 253334us
Havlak: iterations=259 runtime: 275155us
Havlak: iterations=260 runtime: 255167us
Havlak: iterations=261 runtime: 317245us
Havlak: iterations=262 runtime: 311600us
Havlak: iterations=263 runtime: 250564us
Havlak: iterations=264 runtime: 249997us
Havlak: iterations=265 runtime: 250530us
Havlak: iterations=266 runtime: 249103us
Havlak: iterations=267 runtime: 249019us
Havlak: iterations=268 runtime: 248212us
Havlak: iterations=269 runtime: 248239us
Havlak: iterations=270 runtime: 264772us
Havlak: iterations=271 runtime: 289434us
Havlak: iterations=272 runtime: 333375us
Havlak: iterations=273 runtime: 252614us
Havlak: iterations=274 runtime: 253011us
Havlak: iterations=275 runtime: 326896us
Havlak: iterations=276 runtime: 291414us
Havlak: iterations=277 runtime: 295255us
Havlak: iterations=278 runtime: 252175us
Havlak: iterations=279 runtime: 253340us
Havlak: iterations=280 runtime: 287871us
Havlak: iterations=281 runtime: 380254us
Havlak: iterations=282 runtime: 327748us
Havlak: iterations=283 runtime: 358207us
Havlak: iterations=284 runtime: 321169us
Havlak: iterations=285 runtime: 359395us
Havlak: iterations=286 runtime: 248188us
Havlak: iterations=287 runtime: 248462us
Havlak: iterations=288 runtime: 374138us
Havlak: iterations=289 runtime: 337701us
Havlak: iterations=290 runtime: 253123us
Havlak: iterations=291 runtime: 253901us
Havlak: iterations=292 runtime: 272553us
Havlak: iterations=293 runtime: 289700us
Havlak: iterations=294 runtime: 377479us
Havlak: iterations=295 runtime: 311361us
Havlak: iterations=296 runtime: 285952us
Havlak: iterations=297 runtime: 279175us
Havlak: iterations=298 runtime: 294010us
Havlak: iterations=299 runtime: 313854us
Havlak: iterations=300 runtime: 265887us
Havlak: iterations=301 runtime: 324572us
Havlak: iterations=302 runtime: 280551us
Havlak: iterations=303 runtime: 279267us
Havlak: iterations=304 runtime: 259139us
Havlak: iterations=305 runtime: 248994us
Havlak: iterations=306 runtime: 364251us
Havlak: iterations=307 runtime: 378525us
Havlak: iterations=308 runtime: 273668us
Havlak: iterations=309 runtime: 279502us
Havlak: iterations=310 runtime: 253802us
Havlak: iterations=311 runtime: 288487us
Havlak: iterations=312 runtime: 263678us
Havlak: iterations=313 runtime: 337688us
Havlak: iterations=314 runtime: 341879us
Havlak: iterations=315 runtime: 341577us
Havlak: iterations=316 runtime: 256986us
Havlak: iterations=317 runtime: 273831us
Havlak: iterations=318 runtime: 270914us
Havlak: iterations=319 runtime: 251267us
Havlak: iterations=320 runtime: 250835us
Havlak: iterations=321 runtime: 250599us
Havlak: iterations=322 runtime: 291273us
Havlak: iterations=323 runtime: 301425us
Havlak: iterations=324 runtime: 294847us
Havlak: iterations=325 runtime: 308883us
Havlak: iterations=326 runtime: 264788us
Havlak: iterations=327 runtime: 277992us
Havlak: iterations=328 runtime: 252046us
Havlak: iterations=329 runtime: 253858us
Havlak: iterations=330 runtime: 265185us
Havlak: iterations=331 runtime: 304079us
Havlak: iterations=332 runtime: 342473us
Havlak: iterations=333 runtime: 252138us
Havlak: iterations=334 runtime: 307167us
Havlak: iterations=335 runtime: 365996us
Havlak: iterations=336 runtime: 395031us
Havlak: iterations=337 runtime: 380023us
Havlak: iterations=338 runtime: 297691us
Havlak: iterations=339 runtime: 360058us
Havlak: iterations=340 runtime: 376716us
Havlak: iterations=341 runtime: 289100us
Havlak: iterations=342 runtime: 291047us
Havlak: iterations=343 runtime: 298173us
Havlak: iterations=344 runtime: 271679us
Havlak: iterations=345 runtime: 248978us
Havlak: iterations=346 runtime: 319911us
Havlak: iterations=347 runtime: 370935us
Havlak: iterations=348 runtime: 336071us
Havlak: iterations=349 runtime: 332919us
Havlak: iterations=350 runtime: 303519us
Havlak: iterations=351 runtime: 351930us
Havlak: iterations=352 runtime: 297791us
Havlak: iterations=353 runtime: 343181us
Havlak: iterations=354 runtime: 380075us
Havlak: iterations=355 runtime: 314623us
Havlak: iterations=356 runtime: 347275us
Havlak: iterations=357 runtime: 281348us
Havlak: iterations=358 runtime: 291196us
Havlak: iterations=359 runtime: 275954us
Havlak: iterations=360 runtime: 371021us
Havlak: iterations=361 runtime: 380363us
Havlak: iterations=362 runtime: 249293us
Havlak: iterations=363 runtime: 262937us
Havlak: iterations=364 runtime: 351791us
Havlak: iterations=365 runtime: 297793us
Havlak: iterations=366 runtime: 260267us
Havlak: iterations=367 runtime: 253060us
Havlak: iterations=368 runtime: 274658us
Havlak: iterations=369 runtime: 253012us
Havlak: iterations=370 runtime: 275772us
Havlak: iterations=371 runtime: 346201us
Havlak: iterations=372 runtime: 260771us
Havlak: iterations=373 runtime: 272029us
Havlak: iterations=374 runtime: 289316us
Havlak: iterations=375 runtime: 290634us
Havlak: iterations=376 runtime: 335324us
Havlak: iterations=377 runtime: 257471us
Havlak: iterations=378 runtime: 344539us
Havlak: iterations=379 runtime: 359799us
Havlak: iterations=380 runtime: 248724us
Havlak: iterations=381 runtime: 298021us
Havlak: iterations=382 runtime: 377725us
Havlak: iterations=383 runtime: 378800us
Havlak: iterations=384 runtime: 274099us
Havlak: iterations=385 runtime: 288764us
Havlak: iterations=386 runtime: 282692us
Havlak: iterations=387 runtime: 257182us
Havlak: iterations=388 runtime: 271513us
Havlak: iterations=389 runtime: 356245us
Havlak: iterations=390 runtime: 283026us
Havlak: iterations=391 runtime: 343354us
Havlak: iterations=392 runtime: 291523us
Havlak: iterations=393 runtime: 296937us
Havlak: iterations=394 runtime: 374095us
Havlak: iterations=395 runtime: 314313us
Havlak: iterations=396 runtime: 378598us
Havlak: iterations=397 runtime: 287824us
Havlak: iterations=398 runtime: 346616us
Havlak: iterations=399 runtime: 325505us
Havlak: iterations=400 runtime: 361031us
Havlak: iterations=401 runtime: 248383us
HumphreysTestPhase: comp = java.lang.StringLatin1.inflate(byte[], int, char[], int, int)
HumphreysTestPhase: method transitions = 0
Havlak: iterations=402 runtime: 251196us
Havlak: iterations=403 runtime: 291695us
Havlak: iterations=404 runtime: 335238us
Havlak: iterations=405 runtime: 267382us
Havlak: iterations=406 runtime: 253494us
Havlak: iterations=407 runtime: 273927us
Havlak: iterations=408 runtime: 265400us
Havlak: iterations=409 runtime: 286178us
HumphreysTestPhase: comp = havlak.LoopTesterApp.main(int, int, int, int, int)
HumphreysTestPhase: method transitions = 342
HumphreysTestPhase: comp = havlak.LoopTesterApp.main(int, int, int, int, int)
HumphreysTestPhase: method transitions = 163
Havlak: iterations=410 runtime: 728927us
Havlak: iterations=411 runtime: 321371us
Havlak: iterations=412 runtime: 257144us
Havlak: iterations=413 runtime: 253985us
Havlak: iterations=414 runtime: 356004us
Havlak: iterations=415 runtime: 376700us
Havlak: iterations=416 runtime: 351007us
Havlak: iterations=417 runtime: 255837us
Havlak: iterations=418 runtime: 310553us
Havlak: iterations=419 runtime: 352711us
Havlak: iterations=420 runtime: 294149us
Havlak: iterations=421 runtime: 327810us
Havlak: iterations=422 runtime: 373093us
Havlak: iterations=423 runtime: 277921us
Havlak: iterations=424 runtime: 345899us
Havlak: iterations=425 runtime: 278176us
Havlak: iterations=426 runtime: 304219us
Havlak: iterations=427 runtime: 253751us
Havlak: iterations=428 runtime: 260789us
Havlak: iterations=429 runtime: 373389us
Havlak: iterations=430 runtime: 277844us
Havlak: iterations=431 runtime: 257205us
Havlak: iterations=432 runtime: 251779us
Havlak: iterations=433 runtime: 258475us
Havlak: iterations=434 runtime: 265863us
Havlak: iterations=435 runtime: 346015us
Havlak: iterations=436 runtime: 293733us
Havlak: iterations=437 runtime: 249027us
Havlak: iterations=438 runtime: 303434us
Havlak: iterations=439 runtime: 357600us
Havlak: iterations=440 runtime: 310314us
Havlak: iterations=441 runtime: 254535us
Havlak: iterations=442 runtime: 280444us
Havlak: iterations=443 runtime: 280416us
Havlak: iterations=444 runtime: 253300us
Havlak: iterations=445 runtime: 252965us
Havlak: iterations=446 runtime: 312751us
Havlak: iterations=447 runtime: 316880us
Havlak: iterations=448 runtime: 262421us
Havlak: iterations=449 runtime: 261309us
Havlak: iterations=450 runtime: 310369us
Havlak: iterations=451 runtime: 297821us
Havlak: iterations=452 runtime: 252109us
Havlak: iterations=453 runtime: 251253us
Havlak: iterations=454 runtime: 276980us
Havlak: iterations=455 runtime: 369980us
Havlak: iterations=456 runtime: 378779us
Havlak: iterations=457 runtime: 276626us
Havlak: iterations=458 runtime: 248431us
Havlak: iterations=459 runtime: 379604us
Havlak: iterations=460 runtime: 325962us
Havlak: iterations=461 runtime: 323704us
Havlak: iterations=462 runtime: 326548us
Havlak: iterations=463 runtime: 361043us
Havlak: iterations=464 runtime: 317494us
Havlak: iterations=465 runtime: 268257us
Havlak: iterations=466 runtime: 338725us
Havlak: iterations=467 runtime: 279202us
Havlak: iterations=468 runtime: 345092us
Havlak: iterations=469 runtime: 377300us
Havlak: iterations=470 runtime: 294995us
Havlak: iterations=471 runtime: 292699us
Havlak: iterations=472 runtime: 354763us
Havlak: iterations=473 runtime: 252558us
Havlak: iterations=474 runtime: 249962us
Havlak: iterations=475 runtime: 257814us
Havlak: iterations=476 runtime: 320462us
Havlak: iterations=477 runtime: 263953us
Havlak: iterations=478 runtime: 312125us
Havlak: iterations=479 runtime: 288376us
Havlak: iterations=480 runtime: 262152us
Havlak: iterations=481 runtime: 333577us
Havlak: iterations=482 runtime: 331800us
Havlak: iterations=483 runtime: 357416us
Havlak: iterations=484 runtime: 370038us
Havlak: iterations=485 runtime: 278920us
Havlak: iterations=486 runtime: 252895us
Havlak: iterations=487 runtime: 357275us
Havlak: iterations=488 runtime: 276519us
Havlak: iterations=489 runtime: 253686us
Havlak: iterations=490 runtime: 287103us
Havlak: iterations=491 runtime: 254592us
Havlak: iterations=492 runtime: 273931us
Havlak: iterations=493 runtime: 339727us
Havlak: iterations=494 runtime: 304157us
Havlak: iterations=495 runtime: 312445us
Havlak: iterations=496 runtime: 309960us
Havlak: iterations=497 runtime: 247836us
Havlak: iterations=498 runtime: 254221us
Havlak: iterations=499 runtime: 255547us
Havlak: iterations=500 runtime: 287000us
HumphreysTestPhase: comp = java.lang.constant.ClassDesc.isPrimitive()
HumphreysTestPhase: method transitions = 0
HumphreysTestPhase: comp = java.lang.invoke.MethodHandles$Lookup.lookupClass()
HumphreysTestPhase: method transitions = 0
HumphreysTestPhase: comp = java.lang.StringCoding.implEncodeAsciiArray(char[], int, byte[], int, int)
HumphreysTestPhase: method transitions = 0
HumphreysTestPhase: comp = java.lang.StringCoding.implEncodeAsciiArray(char[], int, byte[], int, int)
HumphreysTestPhase: method transitions = 0
Havlak: iterations=500 average: 305046us total: 152523004us


Total Runtime: 152523004us
-- Havlak completed successfully.
