========================================
Benchmark : Json
Timestamp : 2025-10-21T20:29:27+01:00
Java      : HumphreysTestPhase: comp = java.lang.Object.<init>() HumphreysTestPhase: method transitions = 0 HumphreysTestPhase: comp = Stub<ExceptionHandlerStub.exceptionHandler> HumphreysTestPhase: method transitions = 0 HumphreysTestPhase: comp = java.lang.String.hashCode() HumphreysTestPhase: method transitions = 0 HumphreysTestPhase: comp = java.lang.Byte.toUnsignedInt(byte) HumphreysTestPhase: method transitions = 0 HumphreysTestPhase: comp = java.util.Objects.requireNonNull(Object) HumphreysTestPhase: method transitions = 0 HumphreysTestPhase: comp = java.util.HashMap.afterNodeInsertion(boolean) HumphreysTestPhase: method transitions = 0 HumphreysTestPhase: comp = java.util.ImmutableCollections$SetN$SetNIterator.hasNext() HumphreysTestPhase: method transitions = 0 HumphreysTestPhase: comp = java.util.ImmutableCollections$SetN$SetNIterator.next() HumphreysTestPhase: method transitions = 0 openjdk version "25" 2025-09-16 OpenJDK Runtime Environment GraalVM CE 25.1.0-dev+37.1 (build 25+37-jvmci-b06) OpenJDK 64-Bit Server VM GraalVM CE 25.1.0-dev+37.1 (build 25+37-jvmci-b06, mixed mode, sharing) 
Cmd:
  ./latest_graalvm_home/bin/java   -Djdk.graal.TrackNodeSourcePosition=true   -Djdk.graal.MinGraphSize=120   -XX:+UnlockExperimentalVMOptions   -XX:+UnlockDiagnosticVMOptions   -XX:+EnableJVMCI   -Djdk.graal.CompilationFailureAction=Diagnose   -XX:+UseJVMCICompiler   -XX:+UseJVMCINativeLibrary   -XX:-TieredCompilation   -XX:-BackgroundCompilation   --add-exports=jdk.graal.compiler/jdk.graal.compiler.hotspot.meta.Bubo=ALL-UNNAMED   --add-exports=jdk.graal.compiler/jdk.graal.compiler.phases.common=ALL-UNNAMED   -cp   /home/hb478/repos/are-we-fast-yet/benchmarks/Java/benchmarks.jar   Harness   Json   500   100 
========================================
HumphreysTestPhase: comp = java.lang.module.ModuleDescriptor.name()
HumphreysTestPhase: method transitions = 0
HumphreysTestPhase: comp = Stub<ExceptionHandlerStub.exceptionHandler>
HumphreysTestPhase: method transitions = 0
HumphreysTestPhase: comp = java.lang.module.ModuleReference.descriptor()
HumphreysTestPhase: method transitions = 0
HumphreysTestPhase: comp = java.lang.Enum.ordinal()
HumphreysTestPhase: method transitions = 0
HumphreysTestPhase: comp = java.lang.Class.isPrimitive()
HumphreysTestPhase: method transitions = 0
HumphreysTestPhase: comp = jdk.internal.util.StrongReferenceKey.get()
HumphreysTestPhase: method transitions = 0
HumphreysTestPhase: comp = java.lang.Class.getClassLoader()
HumphreysTestPhase: method transitions = 0
HumphreysTestPhase: comp = java.lang.invoke.MethodType.returnType()
HumphreysTestPhase: method transitions = 0
HumphreysTestPhase: comp = jdk.internal.classfile.impl.AbstractPoolEntry.index()
HumphreysTestPhase: method transitions = 0
HumphreysTestPhase: comp = java.lang.invoke.MemberName.getDeclaringClass()
HumphreysTestPhase: method transitions = 0
HumphreysTestPhase: comp = java.lang.invoke.MethodType.form()
HumphreysTestPhase: method transitions = 0
HumphreysTestPhase: comp = java.util.stream.FindOps$FindSink.cancellationRequested()
HumphreysTestPhase: method transitions = 0
HumphreysTestPhase: comp = java.lang.Object.<init>()
HumphreysTestPhase: method transitions = 0
HumphreysTestPhase: comp = jdk.internal.module.ModuleReferenceImpl.moduleResolution()
HumphreysTestPhase: method transitions = 0
HumphreysTestPhase: comp = java.lang.String.hashCode()
HumphreysTestPhase: method transitions = 6
HumphreysTestPhase: comp = java.lang.module.ModuleDescriptor$Requires.modifiers()
HumphreysTestPhase: method transitions = 0
HumphreysTestPhase: comp = java.lang.module.ModuleDescriptor$Requires.name()
HumphreysTestPhase: method transitions = 0
HumphreysTestPhase: comp = java.lang.module.ModuleDescriptor.requires()
HumphreysTestPhase: method transitions = 0
HumphreysTestPhase: comp = java.lang.module.ModuleDescriptor.isAutomatic()
HumphreysTestPhase: method transitions = 0
HumphreysTestPhase: comp = java.util.HashMap$Node.getKey()
HumphreysTestPhase: method transitions = 0
HumphreysTestPhase: comp = java.util.HashMap$Node.getValue()
HumphreysTestPhase: method transitions = 0
HumphreysTestPhase: comp = java.util.ImmutableCollections$Set12.isEmpty()
HumphreysTestPhase: method transitions = 0
HumphreysTestPhase: comp = java.lang.module.ModuleDescriptor$Exports.source()
HumphreysTestPhase: method transitions = 0
HumphreysTestPhase: comp = java.lang.module.ModuleDescriptor$Exports.targets()
HumphreysTestPhase: method transitions = 0
HumphreysTestPhase: comp = java.lang.module.ModuleDescriptor.provides()
HumphreysTestPhase: method transitions = 0
HumphreysTestPhase: comp = java.lang.module.ModuleDescriptor.exports()
HumphreysTestPhase: method transitions = 0
HumphreysTestPhase: comp = java.util.Objects.requireNonNull(Object)
HumphreysTestPhase: method transitions = 0
HumphreysTestPhase: comp = java.util.ImmutableCollections$SetN$SetNIterator.hasNext()
HumphreysTestPhase: method transitions = 0
HumphreysTestPhase: comp = java.lang.module.ModuleDescriptor.uses()
HumphreysTestPhase: method transitions = 0
HumphreysTestPhase: comp = java.util.ImmutableCollections$SetN$SetNIterator.next()
HumphreysTestPhase: method transitions = 0
HumphreysTestPhase: comp = Stub<identity_hashcode(Object)int>
HumphreysTestPhase: method transitions = 0
HumphreysTestPhase: comp = java.util.HashMap.hash(Object)
HumphreysTestPhase: method transitions = 21
HumphreysTestPhase: comp = java.lang.module.ModuleDescriptor$Exports.isQualified()
HumphreysTestPhase: method transitions = 2
HumphreysTestPhase: comp = java.lang.module.ModuleDescriptor$Provides.service()
HumphreysTestPhase: method transitions = 0
HumphreysTestPhase: comp = java.lang.Byte.toUnsignedInt(byte)
HumphreysTestPhase: method transitions = 0
HumphreysTestPhase: comp = Stub<new_instance_or_null(KlassPointer)Object>
HumphreysTestPhase: method transitions = 0
HumphreysTestPhase: comp = Stub<LookUpSecondarySupersTableStub.lookupSecondarySupersTableSlowPath>
HumphreysTestPhase: method transitions = 0
HumphreysTestPhase: comp = Stub<write_barrier_pre-stack-only(Object)void>
HumphreysTestPhase: method transitions = 0
HumphreysTestPhase: comp = Stub<write_barrier_post-stack-only(Word)void>
HumphreysTestPhase: method transitions = 0
HumphreysTestPhase: comp = java.util.HashMap.putVal(int, Object, Object, boolean, boolean)
HumphreysTestPhase: method transitions = 37
HumphreysTestPhase: comp = java.lang.String.equals(Object)
HumphreysTestPhase: method transitions = 11
HumphreysTestPhase: comp = java.util.KeyValueHolder.getKey()
HumphreysTestPhase: method transitions = 0
HumphreysTestPhase: comp = java.util.KeyValueHolder.getValue()
HumphreysTestPhase: method transitions = 0
HumphreysTestPhase: comp = java.lang.module.ModuleDescriptor.packages()
HumphreysTestPhase: method transitions = 0
HumphreysTestPhase: comp = java.lang.module.ResolvedModule.reference()
HumphreysTestPhase: method transitions = 0
HumphreysTestPhase: comp = java.util.HashMap$Node.<init>(int, Object, Object, HashMap$Node)
HumphreysTestPhase: method transitions = 0
HumphreysTestPhase: comp = java.lang.module.ModuleDescriptor$Version.toString()
HumphreysTestPhase: method transitions = 0
HumphreysTestPhase: comp = java.lang.AbstractStringBuilder.length()
HumphreysTestPhase: method transitions = 0
HumphreysTestPhase: comp = java.util.HashMap.newNode(int, Object, Object, HashMap$Node)
HumphreysTestPhase: method transitions = 6
HumphreysTestPhase: comp = java.util.HashMap.afterNodeInsertion(boolean)
HumphreysTestPhase: method transitions = 0
HumphreysTestPhase: comp = Stub<new_array_or_null(KlassPointer,int)Object>
HumphreysTestPhase: method transitions = 0
HumphreysTestPhase: comp = java.util.HashMap.resize()
HumphreysTestPhase: method transitions = 12
HumphreysTestPhase: comp = java.lang.module.ResolvedModule.configuration()
HumphreysTestPhase: method transitions = 0
HumphreysTestPhase: comp = java.lang.module.ModuleDescriptor.isOpen()
HumphreysTestPhase: method transitions = 0
HumphreysTestPhase: comp = java.util.HashMap.size()
HumphreysTestPhase: method transitions = 0
HumphreysTestPhase: comp = jdk.internal.classfile.impl.AbstractPoolEntry.width()
HumphreysTestPhase: method transitions = 0
HumphreysTestPhase: comp = jdk.internal.classfile.impl.SplitConstantPool.size()
HumphreysTestPhase: method transitions = 0
HumphreysTestPhase: comp = java.lang.invoke.MethodType.ptypes()
HumphreysTestPhase: method transitions = 0
HumphreysTestPhase: comp = java.util.zip.ZipCoder$UTF8ZipCoder.isUTF8()
HumphreysTestPhase: method transitions = 0
HumphreysTestPhase: comp = java.lang.AbstractStringBuilder.getValue()
HumphreysTestPhase: method transitions = 0
HumphreysTestPhase: comp = java.lang.StringLatin1.equals(byte[], byte[])
HumphreysTestPhase: method transitions = 0
HumphreysTestPhase: comp = jdk.internal.classfile.impl.AbstractPoolEntry.constantPool()
HumphreysTestPhase: method transitions = 0
HumphreysTestPhase: comp = jdk.internal.classfile.impl.RawBytecodeHelper.bci()
HumphreysTestPhase: method transitions = 0
Starting Json benchmark ...
HumphreysTestPhase: comp = java.util.zip.Inflater$InflaterZStreamRef.address()
HumphreysTestPhase: method transitions = 0
HumphreysTestPhase: comp = java.lang.String.coder()
HumphreysTestPhase: method transitions = 0
HumphreysTestPhase: comp = jdk.internal.util.Preconditions.checkIndex(int, int, BiFunction)
HumphreysTestPhase: method transitions = 0
HumphreysTestPhase: comp = java.lang.String.equals(Object)
HumphreysTestPhase: method transitions = 8
HumphreysTestPhase: comp = java.lang.String.isLatin1()
HumphreysTestPhase: method transitions = 0
HumphreysTestPhase: comp = java.lang.String.length()
HumphreysTestPhase: method transitions = 2
HumphreysTestPhase: comp = java.lang.String.charAt(int)
HumphreysTestPhase: method transitions = 7
HumphreysTestPhase: comp = java.lang.StringLatin1.charAt(byte[], int)
HumphreysTestPhase: method transitions = 1
HumphreysTestPhase: comp = java.lang.String.checkIndex(int, int)
HumphreysTestPhase: method transitions = 2
HumphreysTestPhase: comp = java.lang.String.<init>(byte[], byte)
HumphreysTestPhase: method transitions = 0
HumphreysTestPhase: comp = java.lang.StringLatin1.canEncode(char)
HumphreysTestPhase: method transitions = 0
HumphreysTestPhase: comp = java.lang.String.valueOf(char)
HumphreysTestPhase: method transitions = 16
HumphreysTestPhase: comp = java.lang.StringLatin1.toBytes(char)
HumphreysTestPhase: method transitions = 6
HumphreysTestPhase: comp = json.JsonPureStringParser.read()
HumphreysTestPhase: method transitions = 34
HumphreysTestPhase: comp = java.lang.Character.toString(char)
HumphreysTestPhase: method transitions = 17
HumphreysTestPhase: comp = java.lang.AbstractStringBuilder.isLatin1(byte)
HumphreysTestPhase: method transitions = 0
HumphreysTestPhase: comp = java.lang.AbstractStringBuilder.needsNewBuffer(byte[], byte, int, byte)
HumphreysTestPhase: method transitions = 0
HumphreysTestPhase: comp = java.lang.StringBuilder.append(char)
HumphreysTestPhase: method transitions = 13
HumphreysTestPhase: comp = java.lang.AbstractStringBuilder.append(char)
HumphreysTestPhase: method transitions = 12
HumphreysTestPhase: comp = java.lang.StringLatin1.coderFromChar(char)
HumphreysTestPhase: method transitions = 0
HumphreysTestPhase: comp = Stub<IntrinsicStubsGen.arrayRegionEqualsS1S1>
HumphreysTestPhase: method transitions = 0
HumphreysTestPhase: comp = json.JsonPureStringParser.readChar(String)
HumphreysTestPhase: method transitions = 44
HumphreysTestPhase: comp = json.JsonPureStringParser.skipWhiteSpace()
HumphreysTestPhase: method transitions = 13
HumphreysTestPhase: comp = json.JsonPureStringParser.isWhiteSpace()
HumphreysTestPhase: method transitions = 13
HumphreysTestPhase: comp = json.JsonPureStringParser.subStringFromTo(int, int)
HumphreysTestPhase: method transitions = 57
HumphreysTestPhase: comp = json.JsonPureStringParser.readStringInternal()
HumphreysTestPhase: method transitions = 217
HumphreysTestPhase: comp = json.JsonPureStringParser.readChar(String)
HumphreysTestPhase: method transitions = 44
HumphreysTestPhase: comp = json.JsonPureStringParser.read()
HumphreysTestPhase: method transitions = 37
HumphreysTestPhase: comp = som.Vector.append(Object)
HumphreysTestPhase: method transitions = 26
HumphreysTestPhase: comp = jdk.internal.util.ArraysSupport.hashCodeOfUnsigned(byte[], int, int, int)
HumphreysTestPhase: method transitions = 2
HumphreysTestPhase: comp = json.JsonPureStringParser.readValue()
HumphreysTestPhase: method transitions = 66
HumphreysTestPhase: comp = json.JsonArray.add(JsonValue)
HumphreysTestPhase: method transitions = 32
HumphreysTestPhase: comp = json.JsonPureStringParser.readDigit()
HumphreysTestPhase: method transitions = 39
HumphreysTestPhase: comp = json.JsonPureStringParser.isDigit()
HumphreysTestPhase: method transitions = 26
HumphreysTestPhase: comp = json.JsonValue.<init>()
HumphreysTestPhase: method transitions = 0
HumphreysTestPhase: comp = json.JsonPureStringParser.readRequiredChar(String)
HumphreysTestPhase: method transitions = 45
HumphreysTestPhase: comp = json.JsonPureStringParser.readArray()
HumphreysTestPhase: method transitions = 179
HumphreysTestPhase: comp = json.JsonPureStringParser.startCapture()
HumphreysTestPhase: method transitions = 0
HumphreysTestPhase: comp = json.JsonPureStringParser.endCapture()
HumphreysTestPhase: method transitions = 63
HumphreysTestPhase: comp = json.JsonPureStringParser.readNumber()
HumphreysTestPhase: method transitions = 191
HumphreysTestPhase: comp = json.JsonObject$HashIndexTable.hashSlotFor(String)
HumphreysTestPhase: method transitions = 8
HumphreysTestPhase: comp = json.JsonObject$HashIndexTable.stringHash(String)
HumphreysTestPhase: method transitions = 7
HumphreysTestPhase: comp = som.Vector.size()
HumphreysTestPhase: method transitions = 0
HumphreysTestPhase: comp = json.JsonPureStringParser.readName()
HumphreysTestPhase: method transitions = 4
HumphreysTestPhase: comp = json.JsonObject.add(String, JsonValue)
HumphreysTestPhase: method transitions = 81
HumphreysTestPhase: comp = json.JsonObject$HashIndexTable.add(String, int)
HumphreysTestPhase: method transitions = 12
HumphreysTestPhase: comp = json.JsonPureStringParser.readNull()
HumphreysTestPhase: method transitions = 137
HumphreysTestPhase: comp = som.Vector.<init>()
HumphreysTestPhase: method transitions = 9
HumphreysTestPhase: comp = som.Vector.<init>(int)
HumphreysTestPhase: method transitions = 10
HumphreysTestPhase: comp = json.JsonPureStringParser.readObject()
HumphreysTestPhase: method transitions = 509
HumphreysTestPhase: comp = json.JsonObject.isObject()
HumphreysTestPhase: method transitions = 0
HumphreysTestPhase: comp = jdk.internal.util.WeakReferenceKey.hashCode()
HumphreysTestPhase: method transitions = 0
HumphreysTestPhase: comp = jdk.internal.constant.ClassOrInterfaceDescImpl.descriptorString()
HumphreysTestPhase: method transitions = 0
HumphreysTestPhase: comp = java.lang.String.value()
HumphreysTestPhase: method transitions = 0
HumphreysTestPhase: comp = jdk.internal.classfile.impl.BufWriterImpl.size()
HumphreysTestPhase: method transitions = 0
HumphreysTestPhase: comp = jdk.internal.classfile.impl.AbstractDirectBuilder.constantPool()
HumphreysTestPhase: method transitions = 0
HumphreysTestPhase: comp = java.util.ArrayList.size()
HumphreysTestPhase: method transitions = 0
Json: iterations=1 runtime: 542654us
HumphreysTestPhase: comp = Stub<IntrinsicStubsGen.vectorizedHashCodeBoolean>
HumphreysTestPhase: method transitions = 0
HumphreysTestPhase: comp = jdk.internal.util.ArraysSupport.hashCodeOfUnsigned(byte[], int, int, int)
HumphreysTestPhase: method transitions = 4
HumphreysTestPhase: comp = json.JsonArray.isArray()
HumphreysTestPhase: method transitions = 0
Json: iterations=2 runtime: 75447us
HumphreysTestPhase: comp = json.JsonPureStringParser.readTrue()
HumphreysTestPhase: method transitions = 138
Json: iterations=3 runtime: 131435us
Json: iterations=4 runtime: 105966us
Json: iterations=5 runtime: 105907us
Json: iterations=6 runtime: 64941us
Json: iterations=7 runtime: 101394us
Json: iterations=8 runtime: 104923us
Json: iterations=9 runtime: 79068us
Json: iterations=10 runtime: 68425us
Json: iterations=11 runtime: 60809us
HumphreysTestPhase: comp = som.Vector.at(int)
HumphreysTestPhase: method transitions = 0
Json: iterations=12 runtime: 62093us
Json: iterations=13 runtime: 60740us
Json: iterations=14 runtime: 60826us
Json: iterations=15 runtime: 61696us
Json: iterations=16 runtime: 60305us
Json: iterations=17 runtime: 61215us
Json: iterations=18 runtime: 60957us
Json: iterations=19 runtime: 81634us
Json: iterations=20 runtime: 67653us
Json: iterations=21 runtime: 60654us
Json: iterations=22 runtime: 61054us
HumphreysTestPhase: comp = json.JsonPureStringParser.readFalse()
HumphreysTestPhase: method transitions = 172
HumphreysTestPhase: comp = json.JsonObject.asObject()
HumphreysTestPhase: method transitions = 0
HumphreysTestPhase: comp = json.JsonObject.get(String)
HumphreysTestPhase: method transitions = 32
HumphreysTestPhase: comp = json.JsonObject.indexOf(String)
HumphreysTestPhase: method transitions = 21
HumphreysTestPhase: comp = json.JsonObject$HashIndexTable.get(String)
HumphreysTestPhase: method transitions = 10
Json: iterations=23 runtime: 90459us
Json: iterations=24 runtime: 60574us
Json: iterations=25 runtime: 59879us
Json: iterations=26 runtime: 99547us
HumphreysTestPhase: comp = java.lang.Math.min(int, int)
HumphreysTestPhase: method transitions = 0
Json: iterations=27 runtime: 106376us
Json: iterations=28 runtime: 61746us
Json: iterations=29 runtime: 60204us
HumphreysTestPhase: comp = java.nio.Buffer.position()
HumphreysTestPhase: method transitions = 0
Json: iterations=30 runtime: 59800us
Json: iterations=31 runtime: 60396us
Json: iterations=32 runtime: 60356us
Json: iterations=33 runtime: 60248us
HumphreysTestPhase: comp = java.util.Arrays.copyOf(Object[], int, Class)
HumphreysTestPhase: method transitions = 25
Json: iterations=34 runtime: 63533us
Json: iterations=35 runtime: 60583us
Json: iterations=36 runtime: 75127us
Json: iterations=37 runtime: 105287us
Json: iterations=38 runtime: 105304us
Json: iterations=39 runtime: 104670us
HumphreysTestPhase: comp = java.nio.Buffer.limit()
HumphreysTestPhase: method transitions = 0
Json: iterations=40 runtime: 100063us
Json: iterations=41 runtime: 83566us
Json: iterations=42 runtime: 105138us
Json: iterations=43 runtime: 70879us
Json: iterations=44 runtime: 59983us
Json: iterations=45 runtime: 81111us
Json: iterations=46 runtime: 90672us
Json: iterations=47 runtime: 104849us
Json: iterations=48 runtime: 85236us
Json: iterations=49 runtime: 60420us
Json: iterations=50 runtime: 60669us
Json: iterations=51 runtime: 60583us
Json: iterations=52 runtime: 60501us
Json: iterations=53 runtime: 77009us
Json: iterations=54 runtime: 72373us
Json: iterations=55 runtime: 105077us
Json: iterations=56 runtime: 87670us
Json: iterations=57 runtime: 59514us
Json: iterations=58 runtime: 99855us
Json: iterations=59 runtime: 105477us
Json: iterations=60 runtime: 104857us
Json: iterations=61 runtime: 105121us
Json: iterations=62 runtime: 104474us
Json: iterations=63 runtime: 105278us
Json: iterations=64 runtime: 105237us
Json: iterations=65 runtime: 105034us
Json: iterations=66 runtime: 104530us
Json: iterations=67 runtime: 104990us
HumphreysTestPhase: comp = Json.benchmark()
HumphreysTestPhase: method transitions = 6
HumphreysTestPhase: comp = json.JsonPureStringParser.<init>(String)
HumphreysTestPhase: method transitions = 0
HumphreysTestPhase: comp = json.JsonPureStringParser.parse()
HumphreysTestPhase: method transitions = 71
HumphreysTestPhase: comp = json.JsonPureStringParser.isEndOfText()
HumphreysTestPhase: method transitions = 0
HumphreysTestPhase: comp = Json.verifyResult(Object)
HumphreysTestPhase: method transitions = 46
HumphreysTestPhase: comp = json.JsonArray.asArray()
HumphreysTestPhase: method transitions = 0
HumphreysTestPhase: comp = json.JsonArray.size()
HumphreysTestPhase: method transitions = 2
Json: iterations=68 runtime: 188255us
Json: iterations=69 runtime: 88428us
Json: iterations=70 runtime: 59867us
Json: iterations=71 runtime: 59339us
Json: iterations=72 runtime: 75922us
Json: iterations=73 runtime: 59908us
Json: iterations=74 runtime: 59801us
Json: iterations=75 runtime: 74269us
Json: iterations=76 runtime: 104473us
Json: iterations=77 runtime: 86168us
Json: iterations=78 runtime: 60100us
Json: iterations=79 runtime: 66422us
Json: iterations=80 runtime: 72357us
Json: iterations=81 runtime: 60024us
Json: iterations=82 runtime: 86464us
Json: iterations=83 runtime: 91266us
Json: iterations=84 runtime: 60004us
Json: iterations=85 runtime: 59446us
Json: iterations=86 runtime: 80957us
Json: iterations=87 runtime: 81035us
Json: iterations=88 runtime: 83431us
Json: iterations=89 runtime: 94100us
Json: iterations=90 runtime: 60331us
Json: iterations=91 runtime: 60078us
Json: iterations=92 runtime: 76109us
Json: iterations=93 runtime: 105088us
Json: iterations=94 runtime: 104374us
Json: iterations=95 runtime: 104904us
Json: iterations=96 runtime: 104975us
Json: iterations=97 runtime: 104867us
Json: iterations=98 runtime: 104140us
Json: iterations=99 runtime: 104702us
Json: iterations=100 runtime: 104779us
Json: iterations=101 runtime: 105118us
Json: iterations=102 runtime: 104758us
Json: iterations=103 runtime: 91575us
Json: iterations=104 runtime: 59983us
Json: iterations=105 runtime: 101023us
Json: iterations=106 runtime: 72779us
Json: iterations=107 runtime: 86585us
Json: iterations=108 runtime: 104318us
Json: iterations=109 runtime: 63012us
Json: iterations=110 runtime: 59858us
Json: iterations=111 runtime: 80306us
Json: iterations=112 runtime: 59272us
Json: iterations=113 runtime: 59765us
Json: iterations=114 runtime: 60212us
Json: iterations=115 runtime: 59996us
Json: iterations=116 runtime: 60279us
Json: iterations=117 runtime: 59362us
Json: iterations=118 runtime: 60301us
Json: iterations=119 runtime: 60133us
Json: iterations=120 runtime: 59946us
Json: iterations=121 runtime: 59283us
Json: iterations=122 runtime: 59988us
Json: iterations=123 runtime: 60129us
Json: iterations=124 runtime: 60219us
Json: iterations=125 runtime: 60129us
Json: iterations=126 runtime: 59587us
HumphreysTestPhase: comp = java.nio.Buffer.capacity()
HumphreysTestPhase: method transitions = 0
HumphreysTestPhase: comp = java.nio.charset.CharsetEncoder.maxBytesPerChar()
HumphreysTestPhase: method transitions = 0
Json: iterations=127 runtime: 60504us
Json: iterations=128 runtime: 60100us
Json: iterations=129 runtime: 60177us
Json: iterations=130 runtime: 59588us
Json: iterations=131 runtime: 60319us
Json: iterations=132 runtime: 96061us
Json: iterations=133 runtime: 104816us
Json: iterations=134 runtime: 104786us
Json: iterations=135 runtime: 87563us
Json: iterations=136 runtime: 59992us
Json: iterations=137 runtime: 60141us
Json: iterations=138 runtime: 100224us
Json: iterations=139 runtime: 81080us
Json: iterations=140 runtime: 59381us
Json: iterations=141 runtime: 59876us
Json: iterations=142 runtime: 59827us
Json: iterations=143 runtime: 59973us
Json: iterations=144 runtime: 88715us
Json: iterations=145 runtime: 105017us
Json: iterations=146 runtime: 105180us
Json: iterations=147 runtime: 105134us
Json: iterations=148 runtime: 104994us
Json: iterations=149 runtime: 104178us
Json: iterations=150 runtime: 105479us
Json: iterations=151 runtime: 104973us
Json: iterations=152 runtime: 104778us
Json: iterations=153 runtime: 104380us
Json: iterations=154 runtime: 105124us
Json: iterations=155 runtime: 104787us
Json: iterations=156 runtime: 96582us
Json: iterations=157 runtime: 80568us
Json: iterations=158 runtime: 83905us
Json: iterations=159 runtime: 73258us
Json: iterations=160 runtime: 99309us
Json: iterations=161 runtime: 108113us
Json: iterations=162 runtime: 105021us
Json: iterations=163 runtime: 89456us
Json: iterations=164 runtime: 103410us
Json: iterations=165 runtime: 104773us
Json: iterations=166 runtime: 104775us
Json: iterations=167 runtime: 64126us
Json: iterations=168 runtime: 59881us
Json: iterations=169 runtime: 59924us
Json: iterations=170 runtime: 82249us
Json: iterations=171 runtime: 60205us
Json: iterations=172 runtime: 59475us
Json: iterations=173 runtime: 59970us
Json: iterations=174 runtime: 59909us
Json: iterations=175 runtime: 69554us
Json: iterations=176 runtime: 90371us
Json: iterations=177 runtime: 99556us
Json: iterations=178 runtime: 60003us
Json: iterations=179 runtime: 75635us
Json: iterations=180 runtime: 77239us
Json: iterations=181 runtime: 76219us
Json: iterations=182 runtime: 60177us
Json: iterations=183 runtime: 60266us
Json: iterations=184 runtime: 60332us
Json: iterations=185 runtime: 59641us
Json: iterations=186 runtime: 60088us
Json: iterations=187 runtime: 60157us
Json: iterations=188 runtime: 62843us
Json: iterations=189 runtime: 82282us
Json: iterations=190 runtime: 73996us
Json: iterations=191 runtime: 77064us
Json: iterations=192 runtime: 78010us
Json: iterations=193 runtime: 95054us
Json: iterations=194 runtime: 84762us
Json: iterations=195 runtime: 59432us
Json: iterations=196 runtime: 59938us
Json: iterations=197 runtime: 60051us
Json: iterations=198 runtime: 75776us
Json: iterations=199 runtime: 104404us
Json: iterations=200 runtime: 98198us
Json: iterations=201 runtime: 60073us
Json: iterations=202 runtime: 60115us
Json: iterations=203 runtime: 79049us
Json: iterations=204 runtime: 104553us
HumphreysTestPhase: comp = Stub<OSR_migration_end(long)void>
HumphreysTestPhase: method transitions = 0
HumphreysTestPhase: comp = Benchmark.innerBenchmarkLoop(int)
HumphreysTestPhase: method transitions = 151
HumphreysTestPhase: comp = Benchmark.innerBenchmarkLoop(int)
HumphreysTestPhase: method transitions = 107
Json: iterations=205 runtime: 236901us
Json: iterations=206 runtime: 104695us
Json: iterations=207 runtime: 104725us
Json: iterations=208 runtime: 104308us
Json: iterations=209 runtime: 90700us
Json: iterations=210 runtime: 90449us
Json: iterations=211 runtime: 105581us
Json: iterations=212 runtime: 87397us
Json: iterations=213 runtime: 59405us
Json: iterations=214 runtime: 60024us
Json: iterations=215 runtime: 60031us
Json: iterations=216 runtime: 60040us
Json: iterations=217 runtime: 60941us
Json: iterations=218 runtime: 59301us
Json: iterations=219 runtime: 59826us
Json: iterations=220 runtime: 59800us
Json: iterations=221 runtime: 59908us
Json: iterations=222 runtime: 86781us
Json: iterations=223 runtime: 65850us
Json: iterations=224 runtime: 87554us
Json: iterations=225 runtime: 104975us
Json: iterations=226 runtime: 104948us
Json: iterations=227 runtime: 104214us
Json: iterations=228 runtime: 87910us
Json: iterations=229 runtime: 59895us
Json: iterations=230 runtime: 59934us
Json: iterations=231 runtime: 59549us
Json: iterations=232 runtime: 60194us
Json: iterations=233 runtime: 89614us
Json: iterations=234 runtime: 105169us
Json: iterations=235 runtime: 104765us
Json: iterations=236 runtime: 94197us
Json: iterations=237 runtime: 60164us
Json: iterations=238 runtime: 84591us
Json: iterations=239 runtime: 105067us
Json: iterations=240 runtime: 104395us
Json: iterations=241 runtime: 78465us
Json: iterations=242 runtime: 59899us
Json: iterations=243 runtime: 94504us
Json: iterations=244 runtime: 105125us
Json: iterations=245 runtime: 67027us
Json: iterations=246 runtime: 88226us
Json: iterations=247 runtime: 105364us
Json: iterations=248 runtime: 105019us
Json: iterations=249 runtime: 61410us
Json: iterations=250 runtime: 59484us
Json: iterations=251 runtime: 74284us
Json: iterations=252 runtime: 104772us
Json: iterations=253 runtime: 105341us
Json: iterations=254 runtime: 91637us
Json: iterations=255 runtime: 81260us
Json: iterations=256 runtime: 105108us
Json: iterations=257 runtime: 105002us
Json: iterations=258 runtime: 77861us
Json: iterations=259 runtime: 62362us
Json: iterations=260 runtime: 85906us
Json: iterations=261 runtime: 104795us
Json: iterations=262 runtime: 104943us
Json: iterations=263 runtime: 63742us
Json: iterations=264 runtime: 60184us
Json: iterations=265 runtime: 60445us
Json: iterations=266 runtime: 60390us
Json: iterations=267 runtime: 90838us
Json: iterations=268 runtime: 59424us
Json: iterations=269 runtime: 60081us
Json: iterations=270 runtime: 97063us
Json: iterations=271 runtime: 84437us
Json: iterations=272 runtime: 104829us
Json: iterations=273 runtime: 104298us
Json: iterations=274 runtime: 104847us
Json: iterations=275 runtime: 83385us
Json: iterations=276 runtime: 67489us
Json: iterations=277 runtime: 104418us
Json: iterations=278 runtime: 100711us
Json: iterations=279 runtime: 105207us
Json: iterations=280 runtime: 105067us
Json: iterations=281 runtime: 105042us
Json: iterations=282 runtime: 104473us
Json: iterations=283 runtime: 80417us
Json: iterations=284 runtime: 59980us
Json: iterations=285 runtime: 59798us
Json: iterations=286 runtime: 59429us
Json: iterations=287 runtime: 59831us
Json: iterations=288 runtime: 59853us
Json: iterations=289 runtime: 71523us
Json: iterations=290 runtime: 60514us
Json: iterations=291 runtime: 104595us
Json: iterations=292 runtime: 105010us
Json: iterations=293 runtime: 89013us
Json: iterations=294 runtime: 60057us
Json: iterations=295 runtime: 59249us
Json: iterations=296 runtime: 59923us
Json: iterations=297 runtime: 59947us
Json: iterations=298 runtime: 59966us
Json: iterations=299 runtime: 59844us
Json: iterations=300 runtime: 59443us
Json: iterations=301 runtime: 59902us
Json: iterations=302 runtime: 60036us
Json: iterations=303 runtime: 60062us
Json: iterations=304 runtime: 61633us
Json: iterations=305 runtime: 63930us
Json: iterations=306 runtime: 59960us
Json: iterations=307 runtime: 59887us
Json: iterations=308 runtime: 59902us
Json: iterations=309 runtime: 59268us
Json: iterations=310 runtime: 102428us
Json: iterations=311 runtime: 104826us
Json: iterations=312 runtime: 105134us
Json: iterations=313 runtime: 104679us
Json: iterations=314 runtime: 104177us
Json: iterations=315 runtime: 104906us
Json: iterations=316 runtime: 104711us
Json: iterations=317 runtime: 104633us
Json: iterations=318 runtime: 104239us
Json: iterations=319 runtime: 105368us
Json: iterations=320 runtime: 72078us
Json: iterations=321 runtime: 59999us
Json: iterations=322 runtime: 60147us
Json: iterations=323 runtime: 59412us
Json: iterations=324 runtime: 95586us
Json: iterations=325 runtime: 100700us
Json: iterations=326 runtime: 92232us
Json: iterations=327 runtime: 60094us
Json: iterations=328 runtime: 59585us
Json: iterations=329 runtime: 60191us
Json: iterations=330 runtime: 59930us
Json: iterations=331 runtime: 78701us
Json: iterations=332 runtime: 104306us
Json: iterations=333 runtime: 105163us
Json: iterations=334 runtime: 105131us
Json: iterations=335 runtime: 105099us
Json: iterations=336 runtime: 104968us
Json: iterations=337 runtime: 104306us
Json: iterations=338 runtime: 104934us
Json: iterations=339 runtime: 104912us
Json: iterations=340 runtime: 104949us
Json: iterations=341 runtime: 103712us
Json: iterations=342 runtime: 60181us
Json: iterations=343 runtime: 59949us
Json: iterations=344 runtime: 63356us
Json: iterations=345 runtime: 99110us
Json: iterations=346 runtime: 59720us
Json: iterations=347 runtime: 60292us
Json: iterations=348 runtime: 84631us
Json: iterations=349 runtime: 105089us
Json: iterations=350 runtime: 61770us
Json: iterations=351 runtime: 60528us
Json: iterations=352 runtime: 60101us
Json: iterations=353 runtime: 59982us
Json: iterations=354 runtime: 59887us
Json: iterations=355 runtime: 59439us
Json: iterations=356 runtime: 60115us
Json: iterations=357 runtime: 60079us
Json: iterations=358 runtime: 71467us
Json: iterations=359 runtime: 103863us
Json: iterations=360 runtime: 59509us
Json: iterations=361 runtime: 67840us
Json: iterations=362 runtime: 60477us
Json: iterations=363 runtime: 60344us
Json: iterations=364 runtime: 59480us
Json: iterations=365 runtime: 60013us
Json: iterations=366 runtime: 60112us
Json: iterations=367 runtime: 60031us
Json: iterations=368 runtime: 60072us
Json: iterations=369 runtime: 59360us
Json: iterations=370 runtime: 60006us
Json: iterations=371 runtime: 83550us
Json: iterations=372 runtime: 105335us
Json: iterations=373 runtime: 104441us
Json: iterations=374 runtime: 75305us
Json: iterations=375 runtime: 91995us
Json: iterations=376 runtime: 104937us
Json: iterations=377 runtime: 105222us
Json: iterations=378 runtime: 68362us
Json: iterations=379 runtime: 59823us
Json: iterations=380 runtime: 59968us
Json: iterations=381 runtime: 59941us
Json: iterations=382 runtime: 59901us
Json: iterations=383 runtime: 91424us
Json: iterations=384 runtime: 104235us
Json: iterations=385 runtime: 84855us
Json: iterations=386 runtime: 60049us
Json: iterations=387 runtime: 59538us
Json: iterations=388 runtime: 60896us
Json: iterations=389 runtime: 104912us
Json: iterations=390 runtime: 104949us
Json: iterations=391 runtime: 63847us
Json: iterations=392 runtime: 87839us
Json: iterations=393 runtime: 66531us
Json: iterations=394 runtime: 59885us
Json: iterations=395 runtime: 72196us
Json: iterations=396 runtime: 97579us
Json: iterations=397 runtime: 105525us
Json: iterations=398 runtime: 69289us
Json: iterations=399 runtime: 60512us
Json: iterations=400 runtime: 60270us
Json: iterations=401 runtime: 59579us
Json: iterations=402 runtime: 60394us
Json: iterations=403 runtime: 60210us
Json: iterations=404 runtime: 60453us
Json: iterations=405 runtime: 59680us
Json: iterations=406 runtime: 60289us
Json: iterations=407 runtime: 60037us
Json: iterations=408 runtime: 60144us
Json: iterations=409 runtime: 66715us
Json: iterations=410 runtime: 104583us
Json: iterations=411 runtime: 104871us
Json: iterations=412 runtime: 60751us
Json: iterations=413 runtime: 59905us
Json: iterations=414 runtime: 59965us
Json: iterations=415 runtime: 59323us
Json: iterations=416 runtime: 60691us
Json: iterations=417 runtime: 60221us
Json: iterations=418 runtime: 69009us
Json: iterations=419 runtime: 74352us
Json: iterations=420 runtime: 60012us
Json: iterations=421 runtime: 65197us
Json: iterations=422 runtime: 75943us
Json: iterations=423 runtime: 60709us
Json: iterations=424 runtime: 77091us
Json: iterations=425 runtime: 104662us
Json: iterations=426 runtime: 104999us
Json: iterations=427 runtime: 71141us
Json: iterations=428 runtime: 91898us
HumphreysTestPhase: comp = java.lang.StringLatin1.inflate(byte[], int, char[], int, int)
HumphreysTestPhase: method transitions = 0
Json: iterations=429 runtime: 105491us
Json: iterations=430 runtime: 105299us
Json: iterations=431 runtime: 104692us
Json: iterations=432 runtime: 105513us
Json: iterations=433 runtime: 104223us
Json: iterations=434 runtime: 104889us
Json: iterations=435 runtime: 104738us
Json: iterations=436 runtime: 72126us
Json: iterations=437 runtime: 60170us
Json: iterations=438 runtime: 59551us
Json: iterations=439 runtime: 59938us
Json: iterations=440 runtime: 60204us
Json: iterations=441 runtime: 72827us
Json: iterations=442 runtime: 84760us
Json: iterations=443 runtime: 60086us
Json: iterations=444 runtime: 60017us
Json: iterations=445 runtime: 66837us
Json: iterations=446 runtime: 59917us
Json: iterations=447 runtime: 59449us
Json: iterations=448 runtime: 94818us
Json: iterations=449 runtime: 104920us
Json: iterations=450 runtime: 64078us
Json: iterations=451 runtime: 59495us
Json: iterations=452 runtime: 59882us
Json: iterations=453 runtime: 59937us
Json: iterations=454 runtime: 60059us
Json: iterations=455 runtime: 60052us
Json: iterations=456 runtime: 85097us
Json: iterations=457 runtime: 104785us
Json: iterations=458 runtime: 101333us
Json: iterations=459 runtime: 91348us
Json: iterations=460 runtime: 79934us
Json: iterations=461 runtime: 59938us
Json: iterations=462 runtime: 91814us
Json: iterations=463 runtime: 87012us
Json: iterations=464 runtime: 104954us
Json: iterations=465 runtime: 60899us
Json: iterations=466 runtime: 59766us
Json: iterations=467 runtime: 70374us
Json: iterations=468 runtime: 70066us
Json: iterations=469 runtime: 60033us
Json: iterations=470 runtime: 67554us
Json: iterations=471 runtime: 105385us
Json: iterations=472 runtime: 91666us
Json: iterations=473 runtime: 65715us
Json: iterations=474 runtime: 59292us
Json: iterations=475 runtime: 59867us
Json: iterations=476 runtime: 59801us
Json: iterations=477 runtime: 60248us
Json: iterations=478 runtime: 99360us
Json: iterations=479 runtime: 89396us
Json: iterations=480 runtime: 79887us
Json: iterations=481 runtime: 66356us
Json: iterations=482 runtime: 59941us
Json: iterations=483 runtime: 59406us
Json: iterations=484 runtime: 60052us
Json: iterations=485 runtime: 60115us
Json: iterations=486 runtime: 78259us
Json: iterations=487 runtime: 94667us
Json: iterations=488 runtime: 59464us
Json: iterations=489 runtime: 59973us
Json: iterations=490 runtime: 82366us
Json: iterations=491 runtime: 59823us
Json: iterations=492 runtime: 77619us
Json: iterations=493 runtime: 70169us
Json: iterations=494 runtime: 60073us
Json: iterations=495 runtime: 61185us
Json: iterations=496 runtime: 105139us
Json: iterations=497 runtime: 99655us
Json: iterations=498 runtime: 97650us
Json: iterations=499 runtime: 105037us
Json: iterations=500 runtime: 105049us
HumphreysTestPhase: comp = jdk.internal.constant.PrimitiveClassDescImpl.descriptorString()
HumphreysTestPhase: method transitions = 0
HumphreysTestPhase: comp = jdk.internal.classfile.impl.AbstractPoolEntry.hashCode()
HumphreysTestPhase: method transitions = 0
HumphreysTestPhase: comp = jdk.internal.constant.ClassOrInterfaceDescImpl.isClassOrInterface()
HumphreysTestPhase: method transitions = 0
HumphreysTestPhase: comp = jdk.internal.classfile.impl.AbstractPoolEntry$ClassEntryImpl.tag()
HumphreysTestPhase: method transitions = 0
HumphreysTestPhase: comp = java.lang.invoke.MethodTypeForm.erasedType()
HumphreysTestPhase: method transitions = 0
Json: iterations=500 average: 80183us total: 40091642us


Total Runtime: 40091642us
-- Json completed successfully.
