========================================
Benchmark : List
Timestamp : 2025-10-21T20:35:04+01:00
Java      : HumphreysTestPhase: comp = java.lang.Object.<init>() HumphreysTestPhase: method transitions = 0 HumphreysTestPhase: comp = Stub<ExceptionHandlerStub.exceptionHandler> HumphreysTestPhase: method transitions = 0 HumphreysTestPhase: comp = java.lang.Byte.toUnsignedInt(byte) HumphreysTestPhase: method transitions = 0 HumphreysTestPhase: comp = java.lang.String.hashCode() HumphreysTestPhase: method transitions = 0 HumphreysTestPhase: comp = java.util.Objects.requireNonNull(Object) HumphreysTestPhase: method transitions = 0 HumphreysTestPhase: comp = java.util.HashMap.afterNodeInsertion(boolean) HumphreysTestPhase: method transitions = 0 HumphreysTestPhase: comp = java.util.ImmutableCollections$SetN$SetNIterator.next() HumphreysTestPhase: method transitions = 0 HumphreysTestPhase: comp = Stub<new_instance_or_null(KlassPointer)Object> HumphreysTestPhase: method transitions = 0 HumphreysTestPhase: comp = Stub<LookUpSecondarySupersTableStub.lookupSecondarySupersTableSlowPath> HumphreysTestPhase: method transitions = 0 openjdk version "25" 2025-09-16 OpenJDK Runtime Environment GraalVM CE 25.1.0-dev+37.1 (build 25+37-jvmci-b06) OpenJDK 64-Bit Server VM GraalVM CE 25.1.0-dev+37.1 (build 25+37-jvmci-b06, mixed mode, sharing) HumphreysTestPhase: comp = Stub<write_barrier_pre-stack-only(Object)void> HumphreysTestPhase: method transitions = 0 
Cmd:
  ./latest_graalvm_home/bin/java   -Djdk.graal.TrackNodeSourcePosition=true   -Djdk.graal.MinGraphSize=120   -XX:+UnlockExperimentalVMOptions   -XX:+UnlockDiagnosticVMOptions   -XX:+EnableJVMCI   -Djdk.graal.CompilationFailureAction=Diagnose   -XX:+UseJVMCICompiler   -XX:+UseJVMCINativeLibrary   -XX:-TieredCompilation   -XX:-BackgroundCompilation   --add-exports=jdk.graal.compiler/jdk.graal.compiler.hotspot.meta.Bubo=ALL-UNNAMED   --add-exports=jdk.graal.compiler/jdk.graal.compiler.phases.common=ALL-UNNAMED   -cp   /home/hb478/repos/are-we-fast-yet/benchmarks/Java/benchmarks.jar   Harness   List   500   10000 
========================================
HumphreysTestPhase: comp = java.lang.module.ModuleDescriptor.name()
HumphreysTestPhase: method transitions = 0
HumphreysTestPhase: comp = Stub<ExceptionHandlerStub.exceptionHandler>
HumphreysTestPhase: method transitions = 0
HumphreysTestPhase: comp = java.lang.module.ModuleReference.descriptor()
HumphreysTestPhase: method transitions = 0
HumphreysTestPhase: comp = java.lang.Enum.ordinal()
HumphreysTestPhase: method transitions = 0
HumphreysTestPhase: comp = java.lang.Class.isPrimitive()
HumphreysTestPhase: method transitions = 0
HumphreysTestPhase: comp = jdk.internal.util.StrongReferenceKey.get()
HumphreysTestPhase: method transitions = 0
HumphreysTestPhase: comp = java.lang.Class.getClassLoader()
HumphreysTestPhase: method transitions = 0
HumphreysTestPhase: comp = java.lang.invoke.MethodType.returnType()
HumphreysTestPhase: method transitions = 0
HumphreysTestPhase: comp = jdk.internal.classfile.impl.AbstractPoolEntry.index()
HumphreysTestPhase: method transitions = 0
HumphreysTestPhase: comp = java.lang.invoke.MemberName.getDeclaringClass()
HumphreysTestPhase: method transitions = 0
HumphreysTestPhase: comp = java.lang.invoke.MethodType.form()
HumphreysTestPhase: method transitions = 0
HumphreysTestPhase: comp = java.util.stream.FindOps$FindSink.cancellationRequested()
HumphreysTestPhase: method transitions = 0
HumphreysTestPhase: comp = java.lang.Object.<init>()
HumphreysTestPhase: method transitions = 0
HumphreysTestPhase: comp = jdk.internal.module.ModuleReferenceImpl.moduleResolution()
HumphreysTestPhase: method transitions = 0
HumphreysTestPhase: comp = java.lang.String.hashCode()
HumphreysTestPhase: method transitions = 6
HumphreysTestPhase: comp = java.lang.module.ModuleDescriptor$Requires.modifiers()
HumphreysTestPhase: method transitions = 0
HumphreysTestPhase: comp = java.lang.module.ModuleDescriptor$Requires.name()
HumphreysTestPhase: method transitions = 0
HumphreysTestPhase: comp = java.lang.module.ModuleDescriptor.requires()
HumphreysTestPhase: method transitions = 0
HumphreysTestPhase: comp = java.lang.module.ModuleDescriptor.isAutomatic()
HumphreysTestPhase: method transitions = 0
HumphreysTestPhase: comp = java.util.HashMap$Node.getKey()
HumphreysTestPhase: method transitions = 0
HumphreysTestPhase: comp = java.util.HashMap$Node.getValue()
HumphreysTestPhase: method transitions = 0
HumphreysTestPhase: comp = java.util.ImmutableCollections$Set12.isEmpty()
HumphreysTestPhase: method transitions = 0
HumphreysTestPhase: comp = java.lang.module.ModuleDescriptor$Exports.source()
HumphreysTestPhase: method transitions = 0
HumphreysTestPhase: comp = java.lang.module.ModuleDescriptor$Exports.targets()
HumphreysTestPhase: method transitions = 0
HumphreysTestPhase: comp = java.lang.module.ModuleDescriptor.provides()
HumphreysTestPhase: method transitions = 0
HumphreysTestPhase: comp = java.lang.module.ModuleDescriptor.exports()
HumphreysTestPhase: method transitions = 0
HumphreysTestPhase: comp = java.util.Objects.requireNonNull(Object)
HumphreysTestPhase: method transitions = 0
HumphreysTestPhase: comp = java.util.ImmutableCollections$SetN$SetNIterator.hasNext()
HumphreysTestPhase: method transitions = 0
HumphreysTestPhase: comp = java.lang.module.ModuleDescriptor.uses()
HumphreysTestPhase: method transitions = 0
HumphreysTestPhase: comp = java.util.ImmutableCollections$SetN$SetNIterator.next()
HumphreysTestPhase: method transitions = 0
HumphreysTestPhase: comp = Stub<identity_hashcode(Object)int>
HumphreysTestPhase: method transitions = 0
HumphreysTestPhase: comp = java.util.HashMap.hash(Object)
HumphreysTestPhase: method transitions = 21
HumphreysTestPhase: comp = java.lang.module.ModuleDescriptor$Exports.isQualified()
HumphreysTestPhase: method transitions = 2
HumphreysTestPhase: comp = java.lang.module.ModuleDescriptor$Provides.service()
HumphreysTestPhase: method transitions = 0
HumphreysTestPhase: comp = java.lang.Byte.toUnsignedInt(byte)
HumphreysTestPhase: method transitions = 0
HumphreysTestPhase: comp = Stub<new_instance_or_null(KlassPointer)Object>
HumphreysTestPhase: method transitions = 0
HumphreysTestPhase: comp = Stub<LookUpSecondarySupersTableStub.lookupSecondarySupersTableSlowPath>
HumphreysTestPhase: method transitions = 0
HumphreysTestPhase: comp = Stub<write_barrier_pre-stack-only(Object)void>
HumphreysTestPhase: method transitions = 0
HumphreysTestPhase: comp = Stub<write_barrier_post-stack-only(Word)void>
HumphreysTestPhase: method transitions = 0
HumphreysTestPhase: comp = java.util.HashMap.putVal(int, Object, Object, boolean, boolean)
HumphreysTestPhase: method transitions = 37
HumphreysTestPhase: comp = java.lang.String.equals(Object)
HumphreysTestPhase: method transitions = 11
HumphreysTestPhase: comp = java.util.KeyValueHolder.getKey()
HumphreysTestPhase: method transitions = 0
HumphreysTestPhase: comp = java.util.KeyValueHolder.getValue()
HumphreysTestPhase: method transitions = 0
HumphreysTestPhase: comp = java.lang.module.ModuleDescriptor.packages()
HumphreysTestPhase: method transitions = 0
HumphreysTestPhase: comp = java.lang.module.ResolvedModule.reference()
HumphreysTestPhase: method transitions = 0
HumphreysTestPhase: comp = java.util.HashMap$Node.<init>(int, Object, Object, HashMap$Node)
HumphreysTestPhase: method transitions = 0
HumphreysTestPhase: comp = java.lang.module.ModuleDescriptor$Version.toString()
HumphreysTestPhase: method transitions = 0
HumphreysTestPhase: comp = java.lang.AbstractStringBuilder.length()
HumphreysTestPhase: method transitions = 0
HumphreysTestPhase: comp = java.util.HashMap.newNode(int, Object, Object, HashMap$Node)
HumphreysTestPhase: method transitions = 6
HumphreysTestPhase: comp = java.util.HashMap.afterNodeInsertion(boolean)
HumphreysTestPhase: method transitions = 0
HumphreysTestPhase: comp = Stub<new_array_or_null(KlassPointer,int)Object>
HumphreysTestPhase: method transitions = 0
HumphreysTestPhase: comp = java.util.HashMap.resize()
HumphreysTestPhase: method transitions = 12
HumphreysTestPhase: comp = java.lang.module.ResolvedModule.configuration()
HumphreysTestPhase: method transitions = 0
HumphreysTestPhase: comp = java.lang.module.ModuleDescriptor.isOpen()
HumphreysTestPhase: method transitions = 0
HumphreysTestPhase: comp = java.util.HashMap.size()
HumphreysTestPhase: method transitions = 0
HumphreysTestPhase: comp = jdk.internal.classfile.impl.AbstractPoolEntry.width()
HumphreysTestPhase: method transitions = 0
HumphreysTestPhase: comp = jdk.internal.classfile.impl.SplitConstantPool.size()
HumphreysTestPhase: method transitions = 0
HumphreysTestPhase: comp = java.lang.invoke.MethodType.ptypes()
HumphreysTestPhase: method transitions = 0
HumphreysTestPhase: comp = java.util.zip.ZipCoder$UTF8ZipCoder.isUTF8()
HumphreysTestPhase: method transitions = 0
HumphreysTestPhase: comp = java.lang.AbstractStringBuilder.getValue()
HumphreysTestPhase: method transitions = 0
HumphreysTestPhase: comp = java.lang.StringLatin1.equals(byte[], byte[])
HumphreysTestPhase: method transitions = 0
HumphreysTestPhase: comp = jdk.internal.classfile.impl.AbstractPoolEntry.constantPool()
HumphreysTestPhase: method transitions = 0
HumphreysTestPhase: comp = jdk.internal.classfile.impl.RawBytecodeHelper.bci()
HumphreysTestPhase: method transitions = 0
Starting List benchmark ...
HumphreysTestPhase: comp = List$Element.getNext()
HumphreysTestPhase: method transitions = 0
HumphreysTestPhase: comp = List$Element.length()
HumphreysTestPhase: method transitions = 0
HumphreysTestPhase: comp = List.tail(List$Element, List$Element, List$Element)
HumphreysTestPhase: method transitions = 13
HumphreysTestPhase: comp = List$Element.setNext(List$Element)
HumphreysTestPhase: method transitions = 0
HumphreysTestPhase: comp = java.lang.Integer.intValue()
HumphreysTestPhase: method transitions = 0
HumphreysTestPhase: comp = List.makeList(int)
HumphreysTestPhase: method transitions = 64
HumphreysTestPhase: comp = java.lang.Integer.valueOf(int)
HumphreysTestPhase: method transitions = 0
HumphreysTestPhase: comp = List.benchmark()
HumphreysTestPhase: method transitions = 28
HumphreysTestPhase: comp = List.verifyResult(Object)
HumphreysTestPhase: method transitions = 3
HumphreysTestPhase: comp = jdk.internal.constant.ClassOrInterfaceDescImpl.descriptorString()
HumphreysTestPhase: method transitions = 0
HumphreysTestPhase: comp = java.lang.String.value()
HumphreysTestPhase: method transitions = 0
HumphreysTestPhase: comp = java.lang.String.coder()
HumphreysTestPhase: method transitions = 0
HumphreysTestPhase: comp = jdk.internal.classfile.impl.BufWriterImpl.size()
HumphreysTestPhase: method transitions = 0
HumphreysTestPhase: comp = jdk.internal.util.WeakReferenceKey.hashCode()
HumphreysTestPhase: method transitions = 0
HumphreysTestPhase: comp = jdk.internal.classfile.impl.AbstractDirectBuilder.constantPool()
HumphreysTestPhase: method transitions = 0
List: iterations=1 runtime: 466604us
List: iterations=2 runtime: 331612us
HumphreysTestPhase: comp = Stub<OSR_migration_end(long)void>
HumphreysTestPhase: method transitions = 0
HumphreysTestPhase: comp = Benchmark.innerBenchmarkLoop(int)
HumphreysTestPhase: method transitions = 14
HumphreysTestPhase: comp = Benchmark.innerBenchmarkLoop(int)
HumphreysTestPhase: method transitions = 9
List: iterations=3 runtime: 324914us
List: iterations=4 runtime: 527179us
List: iterations=5 runtime: 420974us
List: iterations=6 runtime: 463752us
List: iterations=7 runtime: 363584us
List: iterations=8 runtime: 287953us
List: iterations=9 runtime: 288872us
List: iterations=10 runtime: 341408us
List: iterations=11 runtime: 311560us
List: iterations=12 runtime: 311716us
List: iterations=13 runtime: 434758us
List: iterations=14 runtime: 520632us
List: iterations=15 runtime: 408980us
List: iterations=16 runtime: 319037us
List: iterations=17 runtime: 358096us
List: iterations=18 runtime: 381774us
List: iterations=19 runtime: 459314us
List: iterations=20 runtime: 440386us
List: iterations=21 runtime: 390621us
List: iterations=22 runtime: 409278us
List: iterations=23 runtime: 370346us
List: iterations=24 runtime: 287940us
List: iterations=25 runtime: 536783us
List: iterations=26 runtime: 389741us
List: iterations=27 runtime: 287635us
List: iterations=28 runtime: 287718us
List: iterations=29 runtime: 288669us
HumphreysTestPhase: comp = java.nio.Buffer.position()
HumphreysTestPhase: method transitions = 0
List: iterations=30 runtime: 288702us
List: iterations=31 runtime: 462837us
List: iterations=32 runtime: 350868us
List: iterations=33 runtime: 288776us
List: iterations=34 runtime: 289045us
List: iterations=35 runtime: 288950us
List: iterations=36 runtime: 487963us
List: iterations=37 runtime: 365796us
List: iterations=38 runtime: 389968us
List: iterations=39 runtime: 554369us
HumphreysTestPhase: comp = java.nio.Buffer.limit()
HumphreysTestPhase: method transitions = 0
List: iterations=40 runtime: 314771us
List: iterations=41 runtime: 305480us
List: iterations=42 runtime: 312739us
List: iterations=43 runtime: 483646us
List: iterations=44 runtime: 481356us
List: iterations=45 runtime: 307273us
List: iterations=46 runtime: 288305us
List: iterations=47 runtime: 288514us
List: iterations=48 runtime: 469624us
List: iterations=49 runtime: 388606us
List: iterations=50 runtime: 437412us
List: iterations=51 runtime: 402168us
List: iterations=52 runtime: 465449us
List: iterations=53 runtime: 288071us
List: iterations=54 runtime: 369025us
List: iterations=55 runtime: 395451us
List: iterations=56 runtime: 287527us
List: iterations=57 runtime: 462221us
List: iterations=58 runtime: 487234us
List: iterations=59 runtime: 552697us
List: iterations=60 runtime: 437779us
List: iterations=61 runtime: 453286us
List: iterations=62 runtime: 379983us
List: iterations=63 runtime: 328454us
List: iterations=64 runtime: 473734us
List: iterations=65 runtime: 300660us
List: iterations=66 runtime: 324723us
List: iterations=67 runtime: 417301us
List: iterations=68 runtime: 475809us
List: iterations=69 runtime: 307143us
List: iterations=70 runtime: 354530us
List: iterations=71 runtime: 362875us
List: iterations=72 runtime: 295978us
List: iterations=73 runtime: 414285us
List: iterations=74 runtime: 365710us
List: iterations=75 runtime: 288000us
List: iterations=76 runtime: 458495us
List: iterations=77 runtime: 355834us
List: iterations=78 runtime: 423485us
List: iterations=79 runtime: 288362us
List: iterations=80 runtime: 464685us
List: iterations=81 runtime: 392318us
List: iterations=82 runtime: 350907us
List: iterations=83 runtime: 332025us
List: iterations=84 runtime: 348125us
List: iterations=85 runtime: 287862us
List: iterations=86 runtime: 289772us
List: iterations=87 runtime: 381356us
List: iterations=88 runtime: 341465us
List: iterations=89 runtime: 506164us
List: iterations=90 runtime: 482747us
List: iterations=91 runtime: 410804us
List: iterations=92 runtime: 320211us
List: iterations=93 runtime: 288321us
List: iterations=94 runtime: 288475us
List: iterations=95 runtime: 288913us
List: iterations=96 runtime: 289081us
List: iterations=97 runtime: 289166us
List: iterations=98 runtime: 355507us
List: iterations=99 runtime: 287959us
List: iterations=100 runtime: 288274us
List: iterations=101 runtime: 293100us
List: iterations=102 runtime: 290533us
List: iterations=103 runtime: 482891us
List: iterations=104 runtime: 346299us
List: iterations=105 runtime: 300506us
List: iterations=106 runtime: 288350us
List: iterations=107 runtime: 332768us
List: iterations=108 runtime: 327837us
List: iterations=109 runtime: 409655us
List: iterations=110 runtime: 288065us
List: iterations=111 runtime: 350056us
List: iterations=112 runtime: 426273us
List: iterations=113 runtime: 378695us
List: iterations=114 runtime: 350763us
List: iterations=115 runtime: 301451us
List: iterations=116 runtime: 288376us
List: iterations=117 runtime: 288222us
List: iterations=118 runtime: 297040us
List: iterations=119 runtime: 488759us
List: iterations=120 runtime: 430797us
List: iterations=121 runtime: 287548us
List: iterations=122 runtime: 287898us
List: iterations=123 runtime: 288235us
List: iterations=124 runtime: 370582us
List: iterations=125 runtime: 400325us
List: iterations=126 runtime: 306117us
HumphreysTestPhase: comp = java.nio.Buffer.capacity()
HumphreysTestPhase: method transitions = 0
HumphreysTestPhase: comp = java.nio.charset.CharsetEncoder.maxBytesPerChar()
HumphreysTestPhase: method transitions = 0
List: iterations=127 runtime: 302910us
List: iterations=128 runtime: 437484us
List: iterations=129 runtime: 457041us
List: iterations=130 runtime: 462960us
List: iterations=131 runtime: 288455us
List: iterations=132 runtime: 402786us
List: iterations=133 runtime: 402370us
List: iterations=134 runtime: 321918us
List: iterations=135 runtime: 373655us
List: iterations=136 runtime: 288850us
List: iterations=137 runtime: 288989us
List: iterations=138 runtime: 289166us
List: iterations=139 runtime: 353719us
List: iterations=140 runtime: 288369us
List: iterations=141 runtime: 289141us
List: iterations=142 runtime: 289061us
List: iterations=143 runtime: 289745us
List: iterations=144 runtime: 289953us
List: iterations=145 runtime: 337362us
List: iterations=146 runtime: 287903us
List: iterations=147 runtime: 337099us
List: iterations=148 runtime: 287526us
List: iterations=149 runtime: 489519us
List: iterations=150 runtime: 353837us
List: iterations=151 runtime: 316513us
List: iterations=152 runtime: 478987us
List: iterations=153 runtime: 332925us
List: iterations=154 runtime: 314466us
List: iterations=155 runtime: 287918us
List: iterations=156 runtime: 288040us
List: iterations=157 runtime: 387888us
List: iterations=158 runtime: 488192us
List: iterations=159 runtime: 375329us
List: iterations=160 runtime: 527880us
List: iterations=161 runtime: 444209us
List: iterations=162 runtime: 390419us
List: iterations=163 runtime: 378869us
List: iterations=164 runtime: 431647us
List: iterations=165 runtime: 299023us
List: iterations=166 runtime: 311043us
List: iterations=167 runtime: 438844us
List: iterations=168 runtime: 465386us
List: iterations=169 runtime: 407588us
List: iterations=170 runtime: 312101us
List: iterations=171 runtime: 288962us
List: iterations=172 runtime: 288706us
List: iterations=173 runtime: 348301us
List: iterations=174 runtime: 308602us
List: iterations=175 runtime: 423860us
List: iterations=176 runtime: 358062us
List: iterations=177 runtime: 365845us
List: iterations=178 runtime: 288294us
List: iterations=179 runtime: 375720us
List: iterations=180 runtime: 459740us
List: iterations=181 runtime: 288108us
List: iterations=182 runtime: 349238us
List: iterations=183 runtime: 443699us
List: iterations=184 runtime: 357224us
List: iterations=185 runtime: 374497us
List: iterations=186 runtime: 301525us
List: iterations=187 runtime: 384667us
List: iterations=188 runtime: 417971us
List: iterations=189 runtime: 288459us
List: iterations=190 runtime: 288740us
List: iterations=191 runtime: 383933us
List: iterations=192 runtime: 519940us
HumphreysTestPhase: comp = java.lang.String.length()
HumphreysTestPhase: method transitions = 2
List: iterations=193 runtime: 352555us
List: iterations=194 runtime: 331472us
List: iterations=195 runtime: 516447us
List: iterations=196 runtime: 365101us
List: iterations=197 runtime: 296189us
List: iterations=198 runtime: 288154us
List: iterations=199 runtime: 288364us
List: iterations=200 runtime: 288572us
List: iterations=201 runtime: 485447us
List: iterations=202 runtime: 344359us
List: iterations=203 runtime: 392244us
List: iterations=204 runtime: 520450us
List: iterations=205 runtime: 394469us
List: iterations=206 runtime: 288141us
List: iterations=207 runtime: 323872us
List: iterations=208 runtime: 309159us
List: iterations=209 runtime: 288224us
List: iterations=210 runtime: 355390us
List: iterations=211 runtime: 349805us
List: iterations=212 runtime: 287906us
List: iterations=213 runtime: 288845us
List: iterations=214 runtime: 472751us
List: iterations=215 runtime: 398262us
List: iterations=216 runtime: 380276us
List: iterations=217 runtime: 408512us
List: iterations=218 runtime: 381098us
List: iterations=219 runtime: 296803us
List: iterations=220 runtime: 297192us
List: iterations=221 runtime: 394095us
List: iterations=222 runtime: 414834us
List: iterations=223 runtime: 512161us
List: iterations=224 runtime: 288214us
List: iterations=225 runtime: 288661us
List: iterations=226 runtime: 298860us
List: iterations=227 runtime: 456733us
List: iterations=228 runtime: 396913us
List: iterations=229 runtime: 530429us
List: iterations=230 runtime: 528936us
List: iterations=231 runtime: 414768us
List: iterations=232 runtime: 288136us
List: iterations=233 runtime: 414044us
List: iterations=234 runtime: 519222us
List: iterations=235 runtime: 339115us
List: iterations=236 runtime: 391179us
List: iterations=237 runtime: 357918us
List: iterations=238 runtime: 322770us
List: iterations=239 runtime: 302700us
List: iterations=240 runtime: 419560us
List: iterations=241 runtime: 299387us
List: iterations=242 runtime: 288800us
List: iterations=243 runtime: 309901us
List: iterations=244 runtime: 315082us
List: iterations=245 runtime: 289826us
List: iterations=246 runtime: 366788us
List: iterations=247 runtime: 483698us
List: iterations=248 runtime: 535009us
List: iterations=249 runtime: 537151us
List: iterations=250 runtime: 287708us
List: iterations=251 runtime: 288431us
List: iterations=252 runtime: 497779us
List: iterations=253 runtime: 365629us
List: iterations=254 runtime: 308000us
List: iterations=255 runtime: 374417us
List: iterations=256 runtime: 302612us
List: iterations=257 runtime: 340174us
List: iterations=258 runtime: 447977us
List: iterations=259 runtime: 337021us
List: iterations=260 runtime: 288213us
List: iterations=261 runtime: 289021us
List: iterations=262 runtime: 443848us
List: iterations=263 runtime: 287610us
List: iterations=264 runtime: 338184us
List: iterations=265 runtime: 288304us
List: iterations=266 runtime: 289890us
List: iterations=267 runtime: 333075us
List: iterations=268 runtime: 350072us
List: iterations=269 runtime: 444137us
List: iterations=270 runtime: 299507us
List: iterations=271 runtime: 352739us
List: iterations=272 runtime: 447738us
List: iterations=273 runtime: 287695us
List: iterations=274 runtime: 336763us
List: iterations=275 runtime: 393505us
List: iterations=276 runtime: 322334us
List: iterations=277 runtime: 296820us
List: iterations=278 runtime: 288436us
List: iterations=279 runtime: 308375us
List: iterations=280 runtime: 371113us
List: iterations=281 runtime: 303987us
List: iterations=282 runtime: 287625us
List: iterations=283 runtime: 288254us
List: iterations=284 runtime: 288781us
List: iterations=285 runtime: 288958us
List: iterations=286 runtime: 330911us
List: iterations=287 runtime: 502388us
List: iterations=288 runtime: 352025us
List: iterations=289 runtime: 300448us
List: iterations=290 runtime: 344941us
List: iterations=291 runtime: 348191us
List: iterations=292 runtime: 287998us
List: iterations=293 runtime: 306260us
List: iterations=294 runtime: 334345us
List: iterations=295 runtime: 288193us
List: iterations=296 runtime: 306055us
List: iterations=297 runtime: 411226us
List: iterations=298 runtime: 398345us
List: iterations=299 runtime: 362018us
List: iterations=300 runtime: 287732us
List: iterations=301 runtime: 365073us
List: iterations=302 runtime: 306837us
List: iterations=303 runtime: 329224us
List: iterations=304 runtime: 289112us
List: iterations=305 runtime: 326255us
List: iterations=306 runtime: 298635us
List: iterations=307 runtime: 342920us
List: iterations=308 runtime: 405369us
List: iterations=309 runtime: 395862us
List: iterations=310 runtime: 421918us
List: iterations=311 runtime: 367686us
List: iterations=312 runtime: 390418us
List: iterations=313 runtime: 288335us
List: iterations=314 runtime: 405478us
List: iterations=315 runtime: 450545us
List: iterations=316 runtime: 468127us
List: iterations=317 runtime: 345425us
List: iterations=318 runtime: 288284us
List: iterations=319 runtime: 344936us
List: iterations=320 runtime: 403213us
List: iterations=321 runtime: 339567us
List: iterations=322 runtime: 323459us
List: iterations=323 runtime: 475181us
List: iterations=324 runtime: 312039us
List: iterations=325 runtime: 287737us
List: iterations=326 runtime: 288225us
List: iterations=327 runtime: 289167us
List: iterations=328 runtime: 289904us
List: iterations=329 runtime: 299130us
List: iterations=330 runtime: 303110us
List: iterations=331 runtime: 316158us
List: iterations=332 runtime: 308749us
List: iterations=333 runtime: 536449us
List: iterations=334 runtime: 480266us
List: iterations=335 runtime: 411608us
List: iterations=336 runtime: 437483us
List: iterations=337 runtime: 288360us
List: iterations=338 runtime: 288689us
List: iterations=339 runtime: 289030us
List: iterations=340 runtime: 288644us
List: iterations=341 runtime: 288767us
List: iterations=342 runtime: 416900us
List: iterations=343 runtime: 323288us
List: iterations=344 runtime: 288648us
List: iterations=345 runtime: 289449us
List: iterations=346 runtime: 289185us
List: iterations=347 runtime: 341611us
List: iterations=348 runtime: 288593us
List: iterations=349 runtime: 415679us
List: iterations=350 runtime: 345860us
List: iterations=351 runtime: 324927us
List: iterations=352 runtime: 469712us
List: iterations=353 runtime: 407789us
List: iterations=354 runtime: 348200us
List: iterations=355 runtime: 465275us
List: iterations=356 runtime: 531919us
List: iterations=357 runtime: 495454us
List: iterations=358 runtime: 304216us
List: iterations=359 runtime: 502548us
List: iterations=360 runtime: 417310us
List: iterations=361 runtime: 461453us
List: iterations=362 runtime: 432978us
List: iterations=363 runtime: 296148us
List: iterations=364 runtime: 361738us
List: iterations=365 runtime: 380798us
List: iterations=366 runtime: 287790us
List: iterations=367 runtime: 372754us
List: iterations=368 runtime: 343177us
List: iterations=369 runtime: 342483us
List: iterations=370 runtime: 338881us
List: iterations=371 runtime: 361793us
List: iterations=372 runtime: 405550us
List: iterations=373 runtime: 416048us
List: iterations=374 runtime: 427487us
List: iterations=375 runtime: 297858us
List: iterations=376 runtime: 466191us
List: iterations=377 runtime: 385026us
List: iterations=378 runtime: 419344us
List: iterations=379 runtime: 336743us
List: iterations=380 runtime: 297881us
List: iterations=381 runtime: 401171us
List: iterations=382 runtime: 313749us
List: iterations=383 runtime: 310737us
List: iterations=384 runtime: 287874us
List: iterations=385 runtime: 412452us
List: iterations=386 runtime: 423040us
List: iterations=387 runtime: 355292us
List: iterations=388 runtime: 289757us
List: iterations=389 runtime: 288799us
List: iterations=390 runtime: 365501us
List: iterations=391 runtime: 344792us
List: iterations=392 runtime: 383435us
List: iterations=393 runtime: 423460us
List: iterations=394 runtime: 408558us
List: iterations=395 runtime: 360727us
List: iterations=396 runtime: 341755us
List: iterations=397 runtime: 287906us
List: iterations=398 runtime: 386594us
List: iterations=399 runtime: 397083us
List: iterations=400 runtime: 287703us
List: iterations=401 runtime: 288266us
List: iterations=402 runtime: 288503us
List: iterations=403 runtime: 324935us
List: iterations=404 runtime: 314569us
List: iterations=405 runtime: 288435us
List: iterations=406 runtime: 289143us
List: iterations=407 runtime: 453790us
List: iterations=408 runtime: 387457us
List: iterations=409 runtime: 288682us
List: iterations=410 runtime: 289160us
List: iterations=411 runtime: 426704us
List: iterations=412 runtime: 443606us
List: iterations=413 runtime: 402893us
List: iterations=414 runtime: 325524us
List: iterations=415 runtime: 409381us
List: iterations=416 runtime: 320815us
List: iterations=417 runtime: 347550us
List: iterations=418 runtime: 361906us
List: iterations=419 runtime: 318739us
List: iterations=420 runtime: 321978us
List: iterations=421 runtime: 287953us
List: iterations=422 runtime: 415827us
HumphreysTestPhase: comp = java.lang.StringLatin1.inflate(byte[], int, char[], int, int)
HumphreysTestPhase: method transitions = 0
List: iterations=423 runtime: 287669us
List: iterations=424 runtime: 375553us
List: iterations=425 runtime: 473873us
List: iterations=426 runtime: 287679us
List: iterations=427 runtime: 408258us
List: iterations=428 runtime: 303100us
List: iterations=429 runtime: 288537us
List: iterations=430 runtime: 288661us
List: iterations=431 runtime: 298785us
List: iterations=432 runtime: 288571us
List: iterations=433 runtime: 315634us
List: iterations=434 runtime: 397521us
List: iterations=435 runtime: 303260us
List: iterations=436 runtime: 288353us
List: iterations=437 runtime: 405823us
List: iterations=438 runtime: 440771us
List: iterations=439 runtime: 514552us
List: iterations=440 runtime: 441165us
List: iterations=441 runtime: 505221us
List: iterations=442 runtime: 360053us
List: iterations=443 runtime: 532478us
List: iterations=444 runtime: 433984us
List: iterations=445 runtime: 326418us
List: iterations=446 runtime: 522949us
List: iterations=447 runtime: 537175us
List: iterations=448 runtime: 309322us
List: iterations=449 runtime: 348505us
List: iterations=450 runtime: 375280us
List: iterations=451 runtime: 337561us
List: iterations=452 runtime: 311388us
List: iterations=453 runtime: 288411us
List: iterations=454 runtime: 288838us
List: iterations=455 runtime: 347116us
List: iterations=456 runtime: 294976us
List: iterations=457 runtime: 339762us
List: iterations=458 runtime: 452168us
List: iterations=459 runtime: 363828us
List: iterations=460 runtime: 334793us
List: iterations=461 runtime: 289352us
List: iterations=462 runtime: 289662us
List: iterations=463 runtime: 450828us
List: iterations=464 runtime: 428271us
List: iterations=465 runtime: 490196us
List: iterations=466 runtime: 307654us
List: iterations=467 runtime: 483919us
List: iterations=468 runtime: 318058us
List: iterations=469 runtime: 289546us
List: iterations=470 runtime: 377165us
List: iterations=471 runtime: 505746us
List: iterations=472 runtime: 492300us
List: iterations=473 runtime: 480582us
List: iterations=474 runtime: 441456us
List: iterations=475 runtime: 474877us
List: iterations=476 runtime: 288794us
List: iterations=477 runtime: 289116us
List: iterations=478 runtime: 576213us
List: iterations=479 runtime: 532168us
List: iterations=480 runtime: 288597us
List: iterations=481 runtime: 409568us
List: iterations=482 runtime: 402903us
List: iterations=483 runtime: 336592us
List: iterations=484 runtime: 400572us
List: iterations=485 runtime: 533915us
List: iterations=486 runtime: 415999us
List: iterations=487 runtime: 497341us
List: iterations=488 runtime: 290321us
List: iterations=489 runtime: 288793us
List: iterations=490 runtime: 288003us
List: iterations=491 runtime: 288009us
List: iterations=492 runtime: 436438us
List: iterations=493 runtime: 358131us
List: iterations=494 runtime: 438107us
List: iterations=495 runtime: 388046us
List: iterations=496 runtime: 400667us
List: iterations=497 runtime: 332250us
List: iterations=498 runtime: 288140us
List: iterations=499 runtime: 365606us
List: iterations=500 runtime: 317376us
HumphreysTestPhase: comp = jdk.internal.constant.PrimitiveClassDescImpl.descriptorString()
HumphreysTestPhase: method transitions = 0
HumphreysTestPhase: comp = jdk.internal.classfile.impl.AbstractPoolEntry.hashCode()
HumphreysTestPhase: method transitions = 0
HumphreysTestPhase: comp = jdk.internal.constant.ClassOrInterfaceDescImpl.isClassOrInterface()
HumphreysTestPhase: method transitions = 0
HumphreysTestPhase: comp = java.util.ArrayList.size()
HumphreysTestPhase: method transitions = 0
HumphreysTestPhase: comp = jdk.internal.classfile.impl.AbstractPoolEntry$ClassEntryImpl.tag()
HumphreysTestPhase: method transitions = 0
HumphreysTestPhase: comp = java.lang.invoke.MethodTypeForm.erasedType()
HumphreysTestPhase: method transitions = 0
List: iterations=500 average: 363799us total: 181899845us


Total Runtime: 181899845us
-- List completed successfully.
