========================================
Benchmark : Mandelbrot
Timestamp : 2025-10-21T20:38:06+01:00
Java      : HumphreysTestPhase: comp = java.lang.Object.<init>() HumphreysTestPhase: method transitions = 0 HumphreysTestPhase: comp = Stub<ExceptionHandlerStub.exceptionHandler> HumphreysTestPhase: method transitions = 0 HumphreysTestPhase: comp = java.lang.String.hashCode() HumphreysTestPhase: method transitions = 0 HumphreysTestPhase: comp = java.lang.Byte.toUnsignedInt(byte) HumphreysTestPhase: method transitions = 0 HumphreysTestPhase: comp = java.util.Objects.requireNonNull(Object) HumphreysTestPhase: method transitions = 0 HumphreysTestPhase: comp = java.util.HashMap.afterNodeInsertion(boolean) HumphreysTestPhase: method transitions = 0 HumphreysTestPhase: comp = java.util.ImmutableCollections$SetN$SetNIterator.hasNext() HumphreysTestPhase: method transitions = 0 HumphreysTestPhase: comp = java.util.ImmutableCollections$SetN$SetNIterator.next() HumphreysTestPhase: method transitions = 0 openjdk version "25" 2025-09-16 OpenJDK Runtime Environment GraalVM CE 25.1.0-dev+37.1 (build 25+37-jvmci-b06) OpenJDK 64-Bit Server VM GraalVM CE 25.1.0-dev+37.1 (build 25+37-jvmci-b06, mixed mode, sharing) 
Cmd:
  ./latest_graalvm_home/bin/java   -Djdk.graal.TrackNodeSourcePosition=true   -Djdk.graal.MinGraphSize=120   -XX:+UnlockExperimentalVMOptions   -XX:+UnlockDiagnosticVMOptions   -XX:+EnableJVMCI   -Djdk.graal.CompilationFailureAction=Diagnose   -XX:+UseJVMCICompiler   -XX:+UseJVMCINativeLibrary   -XX:-TieredCompilation   -XX:-BackgroundCompilation   --add-exports=jdk.graal.compiler/jdk.graal.compiler.hotspot.meta.Bubo=ALL-UNNAMED   --add-exports=jdk.graal.compiler/jdk.graal.compiler.phases.common=ALL-UNNAMED   -cp   /home/hb478/repos/are-we-fast-yet/benchmarks/Java/benchmarks.jar   Harness   Mandelbrot   500   750 
========================================
HumphreysTestPhase: comp = java.lang.module.ModuleDescriptor.name()
HumphreysTestPhase: method transitions = 0
HumphreysTestPhase: comp = Stub<ExceptionHandlerStub.exceptionHandler>
HumphreysTestPhase: method transitions = 0
HumphreysTestPhase: comp = java.lang.module.ModuleReference.descriptor()
HumphreysTestPhase: method transitions = 0
HumphreysTestPhase: comp = java.lang.Enum.ordinal()
HumphreysTestPhase: method transitions = 0
HumphreysTestPhase: comp = java.lang.Class.isPrimitive()
HumphreysTestPhase: method transitions = 0
HumphreysTestPhase: comp = jdk.internal.util.StrongReferenceKey.get()
HumphreysTestPhase: method transitions = 0
HumphreysTestPhase: comp = java.lang.Class.getClassLoader()
HumphreysTestPhase: method transitions = 0
HumphreysTestPhase: comp = java.lang.invoke.MethodType.returnType()
HumphreysTestPhase: method transitions = 0
HumphreysTestPhase: comp = jdk.internal.classfile.impl.AbstractPoolEntry.index()
HumphreysTestPhase: method transitions = 0
HumphreysTestPhase: comp = java.lang.invoke.MemberName.getDeclaringClass()
HumphreysTestPhase: method transitions = 0
HumphreysTestPhase: comp = java.lang.invoke.MethodType.form()
HumphreysTestPhase: method transitions = 0
HumphreysTestPhase: comp = java.util.stream.FindOps$FindSink.cancellationRequested()
HumphreysTestPhase: method transitions = 0
HumphreysTestPhase: comp = java.lang.Object.<init>()
HumphreysTestPhase: method transitions = 0
HumphreysTestPhase: comp = jdk.internal.module.ModuleReferenceImpl.moduleResolution()
HumphreysTestPhase: method transitions = 0
HumphreysTestPhase: comp = java.lang.String.hashCode()
HumphreysTestPhase: method transitions = 6
HumphreysTestPhase: comp = java.lang.module.ModuleDescriptor$Requires.modifiers()
HumphreysTestPhase: method transitions = 0
HumphreysTestPhase: comp = java.lang.module.ModuleDescriptor$Requires.name()
HumphreysTestPhase: method transitions = 0
HumphreysTestPhase: comp = java.lang.module.ModuleDescriptor.requires()
HumphreysTestPhase: method transitions = 0
HumphreysTestPhase: comp = java.lang.module.ModuleDescriptor.isAutomatic()
HumphreysTestPhase: method transitions = 0
HumphreysTestPhase: comp = java.util.HashMap$Node.getKey()
HumphreysTestPhase: method transitions = 0
HumphreysTestPhase: comp = java.util.HashMap$Node.getValue()
HumphreysTestPhase: method transitions = 0
HumphreysTestPhase: comp = java.util.ImmutableCollections$Set12.isEmpty()
HumphreysTestPhase: method transitions = 0
HumphreysTestPhase: comp = java.lang.module.ModuleDescriptor$Exports.source()
HumphreysTestPhase: method transitions = 0
HumphreysTestPhase: comp = java.lang.module.ModuleDescriptor$Exports.targets()
HumphreysTestPhase: method transitions = 0
HumphreysTestPhase: comp = java.lang.module.ModuleDescriptor.provides()
HumphreysTestPhase: method transitions = 0
HumphreysTestPhase: comp = java.lang.module.ModuleDescriptor.exports()
HumphreysTestPhase: method transitions = 0
HumphreysTestPhase: comp = java.util.Objects.requireNonNull(Object)
HumphreysTestPhase: method transitions = 0
HumphreysTestPhase: comp = java.util.ImmutableCollections$SetN$SetNIterator.hasNext()
HumphreysTestPhase: method transitions = 0
HumphreysTestPhase: comp = java.lang.module.ModuleDescriptor.uses()
HumphreysTestPhase: method transitions = 0
HumphreysTestPhase: comp = java.util.ImmutableCollections$SetN$SetNIterator.next()
HumphreysTestPhase: method transitions = 0
HumphreysTestPhase: comp = Stub<identity_hashcode(Object)int>
HumphreysTestPhase: method transitions = 0
HumphreysTestPhase: comp = java.util.HashMap.hash(Object)
HumphreysTestPhase: method transitions = 21
HumphreysTestPhase: comp = java.lang.module.ModuleDescriptor$Exports.isQualified()
HumphreysTestPhase: method transitions = 2
HumphreysTestPhase: comp = java.lang.module.ModuleDescriptor$Provides.service()
HumphreysTestPhase: method transitions = 0
HumphreysTestPhase: comp = java.lang.Byte.toUnsignedInt(byte)
HumphreysTestPhase: method transitions = 0
HumphreysTestPhase: comp = Stub<new_instance_or_null(KlassPointer)Object>
HumphreysTestPhase: method transitions = 0
HumphreysTestPhase: comp = Stub<LookUpSecondarySupersTableStub.lookupSecondarySupersTableSlowPath>
HumphreysTestPhase: method transitions = 0
HumphreysTestPhase: comp = Stub<write_barrier_pre-stack-only(Object)void>
HumphreysTestPhase: method transitions = 0
HumphreysTestPhase: comp = Stub<write_barrier_post-stack-only(Word)void>
HumphreysTestPhase: method transitions = 0
HumphreysTestPhase: comp = java.util.HashMap.putVal(int, Object, Object, boolean, boolean)
HumphreysTestPhase: method transitions = 37
HumphreysTestPhase: comp = java.lang.String.equals(Object)
HumphreysTestPhase: method transitions = 11
HumphreysTestPhase: comp = java.util.KeyValueHolder.getKey()
HumphreysTestPhase: method transitions = 0
HumphreysTestPhase: comp = java.util.KeyValueHolder.getValue()
HumphreysTestPhase: method transitions = 0
HumphreysTestPhase: comp = java.lang.module.ModuleDescriptor.packages()
HumphreysTestPhase: method transitions = 0
HumphreysTestPhase: comp = java.lang.module.ResolvedModule.reference()
HumphreysTestPhase: method transitions = 0
HumphreysTestPhase: comp = java.util.HashMap$Node.<init>(int, Object, Object, HashMap$Node)
HumphreysTestPhase: method transitions = 0
HumphreysTestPhase: comp = java.lang.module.ModuleDescriptor$Version.toString()
HumphreysTestPhase: method transitions = 0
HumphreysTestPhase: comp = java.lang.AbstractStringBuilder.length()
HumphreysTestPhase: method transitions = 0
HumphreysTestPhase: comp = java.util.HashMap.newNode(int, Object, Object, HashMap$Node)
HumphreysTestPhase: method transitions = 6
HumphreysTestPhase: comp = java.util.HashMap.afterNodeInsertion(boolean)
HumphreysTestPhase: method transitions = 0
HumphreysTestPhase: comp = Stub<new_array_or_null(KlassPointer,int)Object>
HumphreysTestPhase: method transitions = 0
HumphreysTestPhase: comp = java.util.HashMap.resize()
HumphreysTestPhase: method transitions = 12
HumphreysTestPhase: comp = java.lang.module.ResolvedModule.configuration()
HumphreysTestPhase: method transitions = 0
HumphreysTestPhase: comp = java.lang.module.ModuleDescriptor.isOpen()
HumphreysTestPhase: method transitions = 0
HumphreysTestPhase: comp = java.util.HashMap.size()
HumphreysTestPhase: method transitions = 0
HumphreysTestPhase: comp = jdk.internal.classfile.impl.AbstractPoolEntry.width()
HumphreysTestPhase: method transitions = 0
HumphreysTestPhase: comp = jdk.internal.classfile.impl.SplitConstantPool.size()
HumphreysTestPhase: method transitions = 0
HumphreysTestPhase: comp = java.lang.invoke.MethodType.ptypes()
HumphreysTestPhase: method transitions = 0
HumphreysTestPhase: comp = java.util.zip.ZipCoder$UTF8ZipCoder.isUTF8()
HumphreysTestPhase: method transitions = 0
HumphreysTestPhase: comp = java.lang.AbstractStringBuilder.getValue()
HumphreysTestPhase: method transitions = 0
HumphreysTestPhase: comp = java.lang.StringLatin1.equals(byte[], byte[])
HumphreysTestPhase: method transitions = 0
HumphreysTestPhase: comp = jdk.internal.classfile.impl.AbstractPoolEntry.constantPool()
HumphreysTestPhase: method transitions = 0
HumphreysTestPhase: comp = jdk.internal.classfile.impl.RawBytecodeHelper.bci()
HumphreysTestPhase: method transitions = 0
Starting Mandelbrot benchmark ...
HumphreysTestPhase: comp = Stub<OSR_migration_end(long)void>
HumphreysTestPhase: method transitions = 0
HumphreysTestPhase: comp = Mandelbrot.mandelbrot(int)
HumphreysTestPhase: method transitions = 0
HumphreysTestPhase: comp = Mandelbrot.mandelbrot(int)
HumphreysTestPhase: method transitions = 0
HumphreysTestPhase: comp = jdk.internal.constant.ClassOrInterfaceDescImpl.descriptorString()
HumphreysTestPhase: method transitions = 0
HumphreysTestPhase: comp = java.lang.String.value()
HumphreysTestPhase: method transitions = 0
HumphreysTestPhase: comp = java.lang.String.coder()
HumphreysTestPhase: method transitions = 0
HumphreysTestPhase: comp = jdk.internal.classfile.impl.BufWriterImpl.size()
HumphreysTestPhase: method transitions = 0
HumphreysTestPhase: comp = jdk.internal.util.WeakReferenceKey.hashCode()
HumphreysTestPhase: method transitions = 0
HumphreysTestPhase: comp = jdk.internal.classfile.impl.AbstractDirectBuilder.constantPool()
HumphreysTestPhase: method transitions = 0
Mandelbrot: iterations=1 runtime: 156039us
Mandelbrot: iterations=2 runtime: 150451us
HumphreysTestPhase: comp = Mandelbrot.mandelbrot(int)
HumphreysTestPhase: method transitions = 0
HumphreysTestPhase: comp = Mandelbrot.mandelbrot(int)
HumphreysTestPhase: method transitions = 0
Mandelbrot: iterations=3 runtime: 145888us
Mandelbrot: iterations=4 runtime: 128266us
Mandelbrot: iterations=5 runtime: 128185us
Mandelbrot: iterations=6 runtime: 132460us
Mandelbrot: iterations=7 runtime: 132390us
Mandelbrot: iterations=8 runtime: 128193us
Mandelbrot: iterations=9 runtime: 128511us
Mandelbrot: iterations=10 runtime: 134147us
Mandelbrot: iterations=11 runtime: 134527us
Mandelbrot: iterations=12 runtime: 134493us
Mandelbrot: iterations=13 runtime: 130729us
Mandelbrot: iterations=14 runtime: 132289us
Mandelbrot: iterations=15 runtime: 134221us
Mandelbrot: iterations=16 runtime: 130098us
Mandelbrot: iterations=17 runtime: 129586us
Mandelbrot: iterations=18 runtime: 128188us
Mandelbrot: iterations=19 runtime: 127822us
Mandelbrot: iterations=20 runtime: 128134us
Mandelbrot: iterations=21 runtime: 128975us
Mandelbrot: iterations=22 runtime: 131821us
Mandelbrot: iterations=23 runtime: 135496us
Mandelbrot: iterations=24 runtime: 130627us
Mandelbrot: iterations=25 runtime: 128202us
Mandelbrot: iterations=26 runtime: 128171us
Mandelbrot: iterations=27 runtime: 130962us
Mandelbrot: iterations=28 runtime: 128148us
Mandelbrot: iterations=29 runtime: 128440us
HumphreysTestPhase: comp = java.nio.Buffer.position()
HumphreysTestPhase: method transitions = 0
Mandelbrot: iterations=30 runtime: 130323us
Mandelbrot: iterations=31 runtime: 130101us
Mandelbrot: iterations=32 runtime: 128223us
Mandelbrot: iterations=33 runtime: 128235us
Mandelbrot: iterations=34 runtime: 127895us
Mandelbrot: iterations=35 runtime: 128298us
Mandelbrot: iterations=36 runtime: 128250us
Mandelbrot: iterations=37 runtime: 128219us
Mandelbrot: iterations=38 runtime: 128287us
Mandelbrot: iterations=39 runtime: 128225us
HumphreysTestPhase: comp = java.nio.Buffer.limit()
HumphreysTestPhase: method transitions = 0
Mandelbrot: iterations=40 runtime: 128262us
Mandelbrot: iterations=41 runtime: 128382us
Mandelbrot: iterations=42 runtime: 127979us
Mandelbrot: iterations=43 runtime: 128121us
Mandelbrot: iterations=44 runtime: 132867us
Mandelbrot: iterations=45 runtime: 134444us
Mandelbrot: iterations=46 runtime: 128162us
Mandelbrot: iterations=47 runtime: 128172us
Mandelbrot: iterations=48 runtime: 132430us
Mandelbrot: iterations=49 runtime: 135680us
Mandelbrot: iterations=50 runtime: 136057us
Mandelbrot: iterations=51 runtime: 128503us
Mandelbrot: iterations=52 runtime: 128113us
Mandelbrot: iterations=53 runtime: 128136us
Mandelbrot: iterations=54 runtime: 128172us
Mandelbrot: iterations=55 runtime: 128144us
Mandelbrot: iterations=56 runtime: 128239us
Mandelbrot: iterations=57 runtime: 131938us
Mandelbrot: iterations=58 runtime: 134505us
Mandelbrot: iterations=59 runtime: 128410us
Mandelbrot: iterations=60 runtime: 134118us
Mandelbrot: iterations=61 runtime: 130153us
Mandelbrot: iterations=62 runtime: 128169us
Mandelbrot: iterations=63 runtime: 132174us
Mandelbrot: iterations=64 runtime: 134494us
Mandelbrot: iterations=65 runtime: 134505us
Mandelbrot: iterations=66 runtime: 133280us
Mandelbrot: iterations=67 runtime: 133843us
Mandelbrot: iterations=68 runtime: 135710us
Mandelbrot: iterations=69 runtime: 135647us
Mandelbrot: iterations=70 runtime: 130018us
Mandelbrot: iterations=71 runtime: 130273us
Mandelbrot: iterations=72 runtime: 131268us
Mandelbrot: iterations=73 runtime: 128211us
Mandelbrot: iterations=74 runtime: 128137us
Mandelbrot: iterations=75 runtime: 130409us
Mandelbrot: iterations=76 runtime: 135183us
Mandelbrot: iterations=77 runtime: 135843us
Mandelbrot: iterations=78 runtime: 133892us
Mandelbrot: iterations=79 runtime: 134500us
Mandelbrot: iterations=80 runtime: 134169us
Mandelbrot: iterations=81 runtime: 131707us
Mandelbrot: iterations=82 runtime: 128111us
Mandelbrot: iterations=83 runtime: 128110us
Mandelbrot: iterations=84 runtime: 128126us
Mandelbrot: iterations=85 runtime: 131497us
Mandelbrot: iterations=86 runtime: 134071us
Mandelbrot: iterations=87 runtime: 128093us
Mandelbrot: iterations=88 runtime: 128233us
Mandelbrot: iterations=89 runtime: 133698us
Mandelbrot: iterations=90 runtime: 132669us
Mandelbrot: iterations=91 runtime: 128132us
Mandelbrot: iterations=92 runtime: 133569us
Mandelbrot: iterations=93 runtime: 131151us
Mandelbrot: iterations=94 runtime: 132288us
Mandelbrot: iterations=95 runtime: 129060us
Mandelbrot: iterations=96 runtime: 131415us
Mandelbrot: iterations=97 runtime: 135261us
Mandelbrot: iterations=98 runtime: 134674us
Mandelbrot: iterations=99 runtime: 134517us
Mandelbrot: iterations=100 runtime: 135148us
Mandelbrot: iterations=101 runtime: 133597us
Mandelbrot: iterations=102 runtime: 130825us
Mandelbrot: iterations=103 runtime: 128126us
Mandelbrot: iterations=104 runtime: 133944us
Mandelbrot: iterations=105 runtime: 134798us
Mandelbrot: iterations=106 runtime: 134496us
Mandelbrot: iterations=107 runtime: 134494us
Mandelbrot: iterations=108 runtime: 132671us
Mandelbrot: iterations=109 runtime: 132386us
Mandelbrot: iterations=110 runtime: 131634us
Mandelbrot: iterations=111 runtime: 134487us
Mandelbrot: iterations=112 runtime: 134515us
Mandelbrot: iterations=113 runtime: 132739us
Mandelbrot: iterations=114 runtime: 134099us
Mandelbrot: iterations=115 runtime: 134096us
Mandelbrot: iterations=116 runtime: 129164us
Mandelbrot: iterations=117 runtime: 129153us
Mandelbrot: iterations=118 runtime: 134507us
Mandelbrot: iterations=119 runtime: 129977us
Mandelbrot: iterations=120 runtime: 128153us
Mandelbrot: iterations=121 runtime: 128173us
Mandelbrot: iterations=122 runtime: 129395us
Mandelbrot: iterations=123 runtime: 132763us
Mandelbrot: iterations=124 runtime: 132830us
Mandelbrot: iterations=125 runtime: 130877us
Mandelbrot: iterations=126 runtime: 128961us
HumphreysTestPhase: comp = java.nio.Buffer.capacity()
HumphreysTestPhase: method transitions = 0
HumphreysTestPhase: comp = java.nio.charset.CharsetEncoder.maxBytesPerChar()
HumphreysTestPhase: method transitions = 0
Mandelbrot: iterations=127 runtime: 133722us
Mandelbrot: iterations=128 runtime: 129370us
Mandelbrot: iterations=129 runtime: 128779us
Mandelbrot: iterations=130 runtime: 128742us
Mandelbrot: iterations=131 runtime: 132890us
Mandelbrot: iterations=132 runtime: 128940us
Mandelbrot: iterations=133 runtime: 134137us
Mandelbrot: iterations=134 runtime: 130477us
Mandelbrot: iterations=135 runtime: 134499us
Mandelbrot: iterations=136 runtime: 133393us
Mandelbrot: iterations=137 runtime: 131272us
Mandelbrot: iterations=138 runtime: 134485us
Mandelbrot: iterations=139 runtime: 132187us
Mandelbrot: iterations=140 runtime: 131444us
Mandelbrot: iterations=141 runtime: 134172us
Mandelbrot: iterations=142 runtime: 134506us
Mandelbrot: iterations=143 runtime: 133660us
Mandelbrot: iterations=144 runtime: 128153us
Mandelbrot: iterations=145 runtime: 127821us
Mandelbrot: iterations=146 runtime: 128167us
Mandelbrot: iterations=147 runtime: 128164us
Mandelbrot: iterations=148 runtime: 128174us
Mandelbrot: iterations=149 runtime: 128204us
Mandelbrot: iterations=150 runtime: 130056us
Mandelbrot: iterations=151 runtime: 134133us
Mandelbrot: iterations=152 runtime: 132470us
Mandelbrot: iterations=153 runtime: 134518us
Mandelbrot: iterations=154 runtime: 134519us
Mandelbrot: iterations=155 runtime: 134505us
Mandelbrot: iterations=156 runtime: 134525us
Mandelbrot: iterations=157 runtime: 131621us
Mandelbrot: iterations=158 runtime: 134474us
Mandelbrot: iterations=159 runtime: 134474us
Mandelbrot: iterations=160 runtime: 129120us
Mandelbrot: iterations=161 runtime: 128165us
Mandelbrot: iterations=162 runtime: 128184us
Mandelbrot: iterations=163 runtime: 128142us
Mandelbrot: iterations=164 runtime: 128187us
Mandelbrot: iterations=165 runtime: 128165us
Mandelbrot: iterations=166 runtime: 128397us
Mandelbrot: iterations=167 runtime: 132574us
Mandelbrot: iterations=168 runtime: 131178us
Mandelbrot: iterations=169 runtime: 132434us
Mandelbrot: iterations=170 runtime: 134487us
Mandelbrot: iterations=171 runtime: 134142us
Mandelbrot: iterations=172 runtime: 132825us
Mandelbrot: iterations=173 runtime: 134512us
Mandelbrot: iterations=174 runtime: 133928us
Mandelbrot: iterations=175 runtime: 131852us
Mandelbrot: iterations=176 runtime: 134494us
Mandelbrot: iterations=177 runtime: 129483us
Mandelbrot: iterations=178 runtime: 128158us
Mandelbrot: iterations=179 runtime: 128172us
Mandelbrot: iterations=180 runtime: 128194us
Mandelbrot: iterations=181 runtime: 128221us
Mandelbrot: iterations=182 runtime: 128180us
Mandelbrot: iterations=183 runtime: 132155us
Mandelbrot: iterations=184 runtime: 132839us
Mandelbrot: iterations=185 runtime: 128156us
Mandelbrot: iterations=186 runtime: 130596us
Mandelbrot: iterations=187 runtime: 134502us
Mandelbrot: iterations=188 runtime: 131518us
Mandelbrot: iterations=189 runtime: 134495us
Mandelbrot: iterations=190 runtime: 133485us
Mandelbrot: iterations=191 runtime: 134926us
Mandelbrot: iterations=192 runtime: 135109us
Mandelbrot: iterations=193 runtime: 129792us
Mandelbrot: iterations=194 runtime: 128140us
Mandelbrot: iterations=195 runtime: 131477us
Mandelbrot: iterations=196 runtime: 131893us
HumphreysTestPhase: comp = java.lang.String.length()
HumphreysTestPhase: method transitions = 2
Mandelbrot: iterations=197 runtime: 128074us
Mandelbrot: iterations=198 runtime: 127815us
Mandelbrot: iterations=199 runtime: 128118us
Mandelbrot: iterations=200 runtime: 131849us
Mandelbrot: iterations=201 runtime: 128130us
Mandelbrot: iterations=202 runtime: 128176us
Mandelbrot: iterations=203 runtime: 128145us
Mandelbrot: iterations=204 runtime: 127901us
Mandelbrot: iterations=205 runtime: 134487us
Mandelbrot: iterations=206 runtime: 133144us
Mandelbrot: iterations=207 runtime: 133438us
Mandelbrot: iterations=208 runtime: 128077us
Mandelbrot: iterations=209 runtime: 128106us
Mandelbrot: iterations=210 runtime: 128123us
Mandelbrot: iterations=211 runtime: 128133us
Mandelbrot: iterations=212 runtime: 128054us
Mandelbrot: iterations=213 runtime: 128152us
Mandelbrot: iterations=214 runtime: 128158us
Mandelbrot: iterations=215 runtime: 128086us
Mandelbrot: iterations=216 runtime: 127849us
Mandelbrot: iterations=217 runtime: 128186us
Mandelbrot: iterations=218 runtime: 128219us
Mandelbrot: iterations=219 runtime: 128236us
Mandelbrot: iterations=220 runtime: 128174us
Mandelbrot: iterations=221 runtime: 128239us
Mandelbrot: iterations=222 runtime: 128182us
Mandelbrot: iterations=223 runtime: 128217us
Mandelbrot: iterations=224 runtime: 128270us
Mandelbrot: iterations=225 runtime: 128202us
Mandelbrot: iterations=226 runtime: 128219us
Mandelbrot: iterations=227 runtime: 128206us
Mandelbrot: iterations=228 runtime: 128205us
Mandelbrot: iterations=229 runtime: 128244us
Mandelbrot: iterations=230 runtime: 128189us
Mandelbrot: iterations=231 runtime: 128232us
Mandelbrot: iterations=232 runtime: 128243us
Mandelbrot: iterations=233 runtime: 131479us
Mandelbrot: iterations=234 runtime: 133182us
Mandelbrot: iterations=235 runtime: 133214us
Mandelbrot: iterations=236 runtime: 133691us
Mandelbrot: iterations=237 runtime: 132043us
Mandelbrot: iterations=238 runtime: 133544us
Mandelbrot: iterations=239 runtime: 135660us
Mandelbrot: iterations=240 runtime: 134175us
Mandelbrot: iterations=241 runtime: 128143us
Mandelbrot: iterations=242 runtime: 127841us
Mandelbrot: iterations=243 runtime: 130048us
Mandelbrot: iterations=244 runtime: 135720us
Mandelbrot: iterations=245 runtime: 135516us
Mandelbrot: iterations=246 runtime: 133093us
Mandelbrot: iterations=247 runtime: 134488us
Mandelbrot: iterations=248 runtime: 134498us
Mandelbrot: iterations=249 runtime: 134494us
Mandelbrot: iterations=250 runtime: 130723us
Mandelbrot: iterations=251 runtime: 128144us
Mandelbrot: iterations=252 runtime: 128136us
Mandelbrot: iterations=253 runtime: 128138us
Mandelbrot: iterations=254 runtime: 128139us
Mandelbrot: iterations=255 runtime: 128175us
Mandelbrot: iterations=256 runtime: 129940us
Mandelbrot: iterations=257 runtime: 128603us
Mandelbrot: iterations=258 runtime: 128250us
Mandelbrot: iterations=259 runtime: 128259us
Mandelbrot: iterations=260 runtime: 130889us
Mandelbrot: iterations=261 runtime: 128825us
Mandelbrot: iterations=262 runtime: 131297us
Mandelbrot: iterations=263 runtime: 133274us
Mandelbrot: iterations=264 runtime: 134448us
Mandelbrot: iterations=265 runtime: 129596us
Mandelbrot: iterations=266 runtime: 128153us
Mandelbrot: iterations=267 runtime: 128236us
Mandelbrot: iterations=268 runtime: 128217us
Mandelbrot: iterations=269 runtime: 128207us
Mandelbrot: iterations=270 runtime: 129779us
Mandelbrot: iterations=271 runtime: 128208us
Mandelbrot: iterations=272 runtime: 128223us
Mandelbrot: iterations=273 runtime: 128289us
Mandelbrot: iterations=274 runtime: 128261us
Mandelbrot: iterations=275 runtime: 131357us
Mandelbrot: iterations=276 runtime: 134465us
Mandelbrot: iterations=277 runtime: 134448us
Mandelbrot: iterations=278 runtime: 134106us
Mandelbrot: iterations=279 runtime: 134461us
Mandelbrot: iterations=280 runtime: 133084us
Mandelbrot: iterations=281 runtime: 134493us
Mandelbrot: iterations=282 runtime: 134503us
Mandelbrot: iterations=283 runtime: 134453us
Mandelbrot: iterations=284 runtime: 134022us
Mandelbrot: iterations=285 runtime: 135710us
Mandelbrot: iterations=286 runtime: 131894us
Mandelbrot: iterations=287 runtime: 133951us
Mandelbrot: iterations=288 runtime: 130933us
Mandelbrot: iterations=289 runtime: 133325us
Mandelbrot: iterations=290 runtime: 132347us
Mandelbrot: iterations=291 runtime: 128409us
Mandelbrot: iterations=292 runtime: 130875us
Mandelbrot: iterations=293 runtime: 128200us
Mandelbrot: iterations=294 runtime: 128166us
Mandelbrot: iterations=295 runtime: 128206us
Mandelbrot: iterations=296 runtime: 128204us
Mandelbrot: iterations=297 runtime: 128203us
Mandelbrot: iterations=298 runtime: 132680us
Mandelbrot: iterations=299 runtime: 132896us
Mandelbrot: iterations=300 runtime: 134485us
Mandelbrot: iterations=301 runtime: 133769us
Mandelbrot: iterations=302 runtime: 134957us
Mandelbrot: iterations=303 runtime: 134906us
Mandelbrot: iterations=304 runtime: 132000us
Mandelbrot: iterations=305 runtime: 131321us
Mandelbrot: iterations=306 runtime: 131596us
Mandelbrot: iterations=307 runtime: 129757us
Mandelbrot: iterations=308 runtime: 128087us
Mandelbrot: iterations=309 runtime: 130862us
Mandelbrot: iterations=310 runtime: 133015us
Mandelbrot: iterations=311 runtime: 130209us
Mandelbrot: iterations=312 runtime: 128078us
Mandelbrot: iterations=313 runtime: 129373us
Mandelbrot: iterations=314 runtime: 131208us
Mandelbrot: iterations=315 runtime: 128202us
Mandelbrot: iterations=316 runtime: 131033us
Mandelbrot: iterations=317 runtime: 128186us
Mandelbrot: iterations=318 runtime: 130630us
Mandelbrot: iterations=319 runtime: 133479us
Mandelbrot: iterations=320 runtime: 132829us
Mandelbrot: iterations=321 runtime: 128587us
Mandelbrot: iterations=322 runtime: 128119us
Mandelbrot: iterations=323 runtime: 128162us
Mandelbrot: iterations=324 runtime: 132790us
Mandelbrot: iterations=325 runtime: 133440us
Mandelbrot: iterations=326 runtime: 128158us
Mandelbrot: iterations=327 runtime: 133844us
Mandelbrot: iterations=328 runtime: 131912us
Mandelbrot: iterations=329 runtime: 128108us
Mandelbrot: iterations=330 runtime: 131017us
Mandelbrot: iterations=331 runtime: 129202us
Mandelbrot: iterations=332 runtime: 128234us
Mandelbrot: iterations=333 runtime: 131840us
Mandelbrot: iterations=334 runtime: 132866us
Mandelbrot: iterations=335 runtime: 128207us
Mandelbrot: iterations=336 runtime: 131018us
Mandelbrot: iterations=337 runtime: 136049us
Mandelbrot: iterations=338 runtime: 136052us
Mandelbrot: iterations=339 runtime: 135189us
Mandelbrot: iterations=340 runtime: 134125us
Mandelbrot: iterations=341 runtime: 134144us
Mandelbrot: iterations=342 runtime: 133347us
Mandelbrot: iterations=343 runtime: 134983us
Mandelbrot: iterations=344 runtime: 134277us
Mandelbrot: iterations=345 runtime: 128459us
Mandelbrot: iterations=346 runtime: 128139us
Mandelbrot: iterations=347 runtime: 132288us
Mandelbrot: iterations=348 runtime: 128125us
Mandelbrot: iterations=349 runtime: 128162us
Mandelbrot: iterations=350 runtime: 128189us
Mandelbrot: iterations=351 runtime: 128239us
Mandelbrot: iterations=352 runtime: 128215us
Mandelbrot: iterations=353 runtime: 128175us
Mandelbrot: iterations=354 runtime: 128254us
Mandelbrot: iterations=355 runtime: 128219us
Mandelbrot: iterations=356 runtime: 128266us
Mandelbrot: iterations=357 runtime: 128296us
Mandelbrot: iterations=358 runtime: 128247us
Mandelbrot: iterations=359 runtime: 129251us
Mandelbrot: iterations=360 runtime: 129295us
Mandelbrot: iterations=361 runtime: 134494us
Mandelbrot: iterations=362 runtime: 134499us
Mandelbrot: iterations=363 runtime: 134503us
Mandelbrot: iterations=364 runtime: 130280us
Mandelbrot: iterations=365 runtime: 130986us
Mandelbrot: iterations=366 runtime: 132781us
Mandelbrot: iterations=367 runtime: 130384us
Mandelbrot: iterations=368 runtime: 134503us
Mandelbrot: iterations=369 runtime: 134510us
Mandelbrot: iterations=370 runtime: 134510us
Mandelbrot: iterations=371 runtime: 133593us
Mandelbrot: iterations=372 runtime: 133581us
Mandelbrot: iterations=373 runtime: 130824us
Mandelbrot: iterations=374 runtime: 128177us
Mandelbrot: iterations=375 runtime: 128139us
Mandelbrot: iterations=376 runtime: 130357us
Mandelbrot: iterations=377 runtime: 134503us
Mandelbrot: iterations=378 runtime: 134141us
Mandelbrot: iterations=379 runtime: 134492us
Mandelbrot: iterations=380 runtime: 130920us
Mandelbrot: iterations=381 runtime: 132690us
Mandelbrot: iterations=382 runtime: 128132us
Mandelbrot: iterations=383 runtime: 128138us
Mandelbrot: iterations=384 runtime: 128150us
Mandelbrot: iterations=385 runtime: 128813us
Mandelbrot: iterations=386 runtime: 130672us
Mandelbrot: iterations=387 runtime: 128144us
Mandelbrot: iterations=388 runtime: 128154us
Mandelbrot: iterations=389 runtime: 128810us
Mandelbrot: iterations=390 runtime: 134512us
Mandelbrot: iterations=391 runtime: 134514us
Mandelbrot: iterations=392 runtime: 134493us
Mandelbrot: iterations=393 runtime: 134142us
Mandelbrot: iterations=394 runtime: 134802us
Mandelbrot: iterations=395 runtime: 131873us
Mandelbrot: iterations=396 runtime: 128138us
Mandelbrot: iterations=397 runtime: 128161us
Mandelbrot: iterations=398 runtime: 128250us
Mandelbrot: iterations=399 runtime: 128181us
Mandelbrot: iterations=400 runtime: 130456us
Mandelbrot: iterations=401 runtime: 130334us
Mandelbrot: iterations=402 runtime: 134167us
Mandelbrot: iterations=403 runtime: 134513us
Mandelbrot: iterations=404 runtime: 134506us
Mandelbrot: iterations=405 runtime: 134546us
Mandelbrot: iterations=406 runtime: 134182us
Mandelbrot: iterations=407 runtime: 129578us
Mandelbrot: iterations=408 runtime: 132195us
Mandelbrot: iterations=409 runtime: 132712us
Mandelbrot: iterations=410 runtime: 128182us
Mandelbrot: iterations=411 runtime: 129047us
Mandelbrot: iterations=412 runtime: 128189us
Mandelbrot: iterations=413 runtime: 128214us
Mandelbrot: iterations=414 runtime: 133486us
Mandelbrot: iterations=415 runtime: 134782us
Mandelbrot: iterations=416 runtime: 132288us
Mandelbrot: iterations=417 runtime: 130347us
Mandelbrot: iterations=418 runtime: 130519us
Mandelbrot: iterations=419 runtime: 128896us
Mandelbrot: iterations=420 runtime: 128138us
Mandelbrot: iterations=421 runtime: 128171us
Mandelbrot: iterations=422 runtime: 129660us
Mandelbrot: iterations=423 runtime: 134162us
Mandelbrot: iterations=424 runtime: 131286us
Mandelbrot: iterations=425 runtime: 128142us
Mandelbrot: iterations=426 runtime: 128288us
Mandelbrot: iterations=427 runtime: 128267us
Mandelbrot: iterations=428 runtime: 129164us
Mandelbrot: iterations=429 runtime: 134142us
Mandelbrot: iterations=430 runtime: 132757us
Mandelbrot: iterations=431 runtime: 131545us
Mandelbrot: iterations=432 runtime: 134492us
Mandelbrot: iterations=433 runtime: 131789us
HumphreysTestPhase: comp = java.lang.StringLatin1.inflate(byte[], int, char[], int, int)
HumphreysTestPhase: method transitions = 0
Mandelbrot: iterations=434 runtime: 134152us
Mandelbrot: iterations=435 runtime: 134144us
Mandelbrot: iterations=436 runtime: 134477us
Mandelbrot: iterations=437 runtime: 133192us
Mandelbrot: iterations=438 runtime: 130002us
Mandelbrot: iterations=439 runtime: 128112us
Mandelbrot: iterations=440 runtime: 130597us
Mandelbrot: iterations=441 runtime: 132897us
Mandelbrot: iterations=442 runtime: 128126us
Mandelbrot: iterations=443 runtime: 130004us
Mandelbrot: iterations=444 runtime: 128952us
Mandelbrot: iterations=445 runtime: 128221us
Mandelbrot: iterations=446 runtime: 127868us
Mandelbrot: iterations=447 runtime: 128140us
Mandelbrot: iterations=448 runtime: 133666us
Mandelbrot: iterations=449 runtime: 134446us
Mandelbrot: iterations=450 runtime: 132614us
Mandelbrot: iterations=451 runtime: 128129us
Mandelbrot: iterations=452 runtime: 128128us
Mandelbrot: iterations=453 runtime: 128182us
Mandelbrot: iterations=454 runtime: 128197us
Mandelbrot: iterations=455 runtime: 128161us
Mandelbrot: iterations=456 runtime: 128139us
HumphreysTestPhase: comp = java.lang.StringCoding.implEncodeAsciiArray(char[], int, byte[], int, int)
HumphreysTestPhase: method transitions = 0
HumphreysTestPhase: comp = java.lang.StringCoding.implEncodeAsciiArray(char[], int, byte[], int, int)
HumphreysTestPhase: method transitions = 0
Mandelbrot: iterations=457 runtime: 128541us
Mandelbrot: iterations=458 runtime: 134442us
Mandelbrot: iterations=459 runtime: 131624us
Mandelbrot: iterations=460 runtime: 129638us
Mandelbrot: iterations=461 runtime: 134544us
Mandelbrot: iterations=462 runtime: 134155us
Mandelbrot: iterations=463 runtime: 134140us
Mandelbrot: iterations=464 runtime: 132563us
Mandelbrot: iterations=465 runtime: 132779us
Mandelbrot: iterations=466 runtime: 132774us
Mandelbrot: iterations=467 runtime: 132137us
Mandelbrot: iterations=468 runtime: 132592us
Mandelbrot: iterations=469 runtime: 134665us
Mandelbrot: iterations=470 runtime: 134451us
Mandelbrot: iterations=471 runtime: 132105us
Mandelbrot: iterations=472 runtime: 128179us
Mandelbrot: iterations=473 runtime: 130950us
Mandelbrot: iterations=474 runtime: 128153us
Mandelbrot: iterations=475 runtime: 130362us
Mandelbrot: iterations=476 runtime: 128338us
Mandelbrot: iterations=477 runtime: 134204us
Mandelbrot: iterations=478 runtime: 134483us
Mandelbrot: iterations=479 runtime: 130377us
Mandelbrot: iterations=480 runtime: 130964us
Mandelbrot: iterations=481 runtime: 127951us
Mandelbrot: iterations=482 runtime: 128169us
Mandelbrot: iterations=483 runtime: 128066us
Mandelbrot: iterations=484 runtime: 129633us
Mandelbrot: iterations=485 runtime: 133048us
Mandelbrot: iterations=486 runtime: 135012us
Mandelbrot: iterations=487 runtime: 133045us
Mandelbrot: iterations=488 runtime: 133418us
Mandelbrot: iterations=489 runtime: 131828us
Mandelbrot: iterations=490 runtime: 133314us
Mandelbrot: iterations=491 runtime: 128831us
Mandelbrot: iterations=492 runtime: 134483us
Mandelbrot: iterations=493 runtime: 132400us
Mandelbrot: iterations=494 runtime: 128118us
Mandelbrot: iterations=495 runtime: 128116us
Mandelbrot: iterations=496 runtime: 128163us
Mandelbrot: iterations=497 runtime: 128206us
Mandelbrot: iterations=498 runtime: 128194us
Mandelbrot: iterations=499 runtime: 127942us
Mandelbrot: iterations=500 runtime: 128088us
HumphreysTestPhase: comp = jdk.internal.constant.PrimitiveClassDescImpl.descriptorString()
HumphreysTestPhase: method transitions = 0
HumphreysTestPhase: comp = jdk.internal.classfile.impl.AbstractPoolEntry.hashCode()
HumphreysTestPhase: method transitions = 0
HumphreysTestPhase: comp = jdk.internal.constant.ClassOrInterfaceDescImpl.isClassOrInterface()
HumphreysTestPhase: method transitions = 0
HumphreysTestPhase: comp = java.util.ArrayList.size()
HumphreysTestPhase: method transitions = 0
HumphreysTestPhase: comp = jdk.internal.classfile.impl.AbstractPoolEntry$ClassEntryImpl.tag()
HumphreysTestPhase: method transitions = 0
HumphreysTestPhase: comp = java.lang.invoke.MethodTypeForm.erasedType()
HumphreysTestPhase: method transitions = 0
Mandelbrot: iterations=500 average: 131101us total: 65550944us


Total Runtime: 65550944us
-- Mandelbrot completed successfully.
