========================================
Benchmark : NBody
Timestamp : 2025-10-21T20:39:12+01:00
Java      : HumphreysTestPhase: comp = java.lang.Object.<init>() HumphreysTestPhase: method transitions = 0 HumphreysTestPhase: comp = Stub<ExceptionHandlerStub.exceptionHandler> HumphreysTestPhase: method transitions = 0 HumphreysTestPhase: comp = java.lang.String.hashCode() HumphreysTestPhase: method transitions = 0 HumphreysTestPhase: comp = java.lang.Byte.toUnsignedInt(byte) HumphreysTestPhase: method transitions = 0 HumphreysTestPhase: comp = java.util.Objects.requireNonNull(Object) HumphreysTestPhase: method transitions = 0 HumphreysTestPhase: comp = java.util.HashMap.afterNodeInsertion(boolean) HumphreysTestPhase: method transitions = 0 HumphreysTestPhase: comp = java.util.ImmutableCollections$SetN$SetNIterator.hasNext() HumphreysTestPhase: method transitions = 0 HumphreysTestPhase: comp = java.util.ImmutableCollections$SetN$SetNIterator.next() HumphreysTestPhase: method transitions = 0 openjdk version "25" 2025-09-16 OpenJDK Runtime Environment GraalVM CE 25.1.0-dev+37.1 (build 25+37-jvmci-b06) OpenJDK 64-Bit Server VM GraalVM CE 25.1.0-dev+37.1 (build 25+37-jvmci-b06, mixed mode, sharing) 
Cmd:
  ./latest_graalvm_home/bin/java   -Djdk.graal.TrackNodeSourcePosition=true   -Djdk.graal.MinGraphSize=120   -XX:+UnlockExperimentalVMOptions   -XX:+UnlockDiagnosticVMOptions   -XX:+EnableJVMCI   -Djdk.graal.CompilationFailureAction=Diagnose   -XX:+UseJVMCICompiler   -XX:+UseJVMCINativeLibrary   -XX:-TieredCompilation   -XX:-BackgroundCompilation   --add-exports=jdk.graal.compiler/jdk.graal.compiler.hotspot.meta.Bubo=ALL-UNNAMED   --add-exports=jdk.graal.compiler/jdk.graal.compiler.phases.common=ALL-UNNAMED   -cp   /home/hb478/repos/are-we-fast-yet/benchmarks/Java/benchmarks.jar   Harness   NBody   500   1200000 
========================================
HumphreysTestPhase: comp = java.lang.module.ModuleDescriptor.name()
HumphreysTestPhase: method transitions = 0
HumphreysTestPhase: comp = Stub<ExceptionHandlerStub.exceptionHandler>
HumphreysTestPhase: method transitions = 0
HumphreysTestPhase: comp = java.lang.module.ModuleReference.descriptor()
HumphreysTestPhase: method transitions = 0
HumphreysTestPhase: comp = java.lang.Enum.ordinal()
HumphreysTestPhase: method transitions = 0
HumphreysTestPhase: comp = java.lang.Class.isPrimitive()
HumphreysTestPhase: method transitions = 0
HumphreysTestPhase: comp = jdk.internal.util.StrongReferenceKey.get()
HumphreysTestPhase: method transitions = 0
HumphreysTestPhase: comp = java.lang.Class.getClassLoader()
HumphreysTestPhase: method transitions = 0
HumphreysTestPhase: comp = java.lang.invoke.MethodType.returnType()
HumphreysTestPhase: method transitions = 0
HumphreysTestPhase: comp = jdk.internal.classfile.impl.AbstractPoolEntry.index()
HumphreysTestPhase: method transitions = 0
HumphreysTestPhase: comp = java.lang.invoke.MemberName.getDeclaringClass()
HumphreysTestPhase: method transitions = 0
HumphreysTestPhase: comp = java.lang.invoke.MethodType.form()
HumphreysTestPhase: method transitions = 0
HumphreysTestPhase: comp = java.util.stream.FindOps$FindSink.cancellationRequested()
HumphreysTestPhase: method transitions = 0
HumphreysTestPhase: comp = java.lang.Object.<init>()
HumphreysTestPhase: method transitions = 0
HumphreysTestPhase: comp = jdk.internal.module.ModuleReferenceImpl.moduleResolution()
HumphreysTestPhase: method transitions = 0
HumphreysTestPhase: comp = java.lang.String.hashCode()
HumphreysTestPhase: method transitions = 6
HumphreysTestPhase: comp = java.lang.module.ModuleDescriptor$Requires.modifiers()
HumphreysTestPhase: method transitions = 0
HumphreysTestPhase: comp = java.lang.module.ModuleDescriptor$Requires.name()
HumphreysTestPhase: method transitions = 0
HumphreysTestPhase: comp = java.lang.module.ModuleDescriptor.requires()
HumphreysTestPhase: method transitions = 0
HumphreysTestPhase: comp = java.lang.module.ModuleDescriptor.isAutomatic()
HumphreysTestPhase: method transitions = 0
HumphreysTestPhase: comp = java.util.HashMap$Node.getKey()
HumphreysTestPhase: method transitions = 0
HumphreysTestPhase: comp = java.util.HashMap$Node.getValue()
HumphreysTestPhase: method transitions = 0
HumphreysTestPhase: comp = java.util.ImmutableCollections$Set12.isEmpty()
HumphreysTestPhase: method transitions = 0
HumphreysTestPhase: comp = java.lang.module.ModuleDescriptor$Exports.source()
HumphreysTestPhase: method transitions = 0
HumphreysTestPhase: comp = java.lang.module.ModuleDescriptor$Exports.targets()
HumphreysTestPhase: method transitions = 0
HumphreysTestPhase: comp = java.lang.module.ModuleDescriptor.provides()
HumphreysTestPhase: method transitions = 0
HumphreysTestPhase: comp = java.lang.module.ModuleDescriptor.exports()
HumphreysTestPhase: method transitions = 0
HumphreysTestPhase: comp = java.util.Objects.requireNonNull(Object)
HumphreysTestPhase: method transitions = 0
HumphreysTestPhase: comp = java.util.ImmutableCollections$SetN$SetNIterator.hasNext()
HumphreysTestPhase: method transitions = 0
HumphreysTestPhase: comp = java.lang.module.ModuleDescriptor.uses()
HumphreysTestPhase: method transitions = 0
HumphreysTestPhase: comp = java.util.ImmutableCollections$SetN$SetNIterator.next()
HumphreysTestPhase: method transitions = 0
HumphreysTestPhase: comp = Stub<identity_hashcode(Object)int>
HumphreysTestPhase: method transitions = 0
HumphreysTestPhase: comp = java.util.HashMap.hash(Object)
HumphreysTestPhase: method transitions = 21
HumphreysTestPhase: comp = java.lang.module.ModuleDescriptor$Exports.isQualified()
HumphreysTestPhase: method transitions = 2
HumphreysTestPhase: comp = java.lang.module.ModuleDescriptor$Provides.service()
HumphreysTestPhase: method transitions = 0
HumphreysTestPhase: comp = java.lang.Byte.toUnsignedInt(byte)
HumphreysTestPhase: method transitions = 0
HumphreysTestPhase: comp = Stub<new_instance_or_null(KlassPointer)Object>
HumphreysTestPhase: method transitions = 0
HumphreysTestPhase: comp = Stub<LookUpSecondarySupersTableStub.lookupSecondarySupersTableSlowPath>
HumphreysTestPhase: method transitions = 0
HumphreysTestPhase: comp = Stub<write_barrier_pre-stack-only(Object)void>
HumphreysTestPhase: method transitions = 0
HumphreysTestPhase: comp = Stub<write_barrier_post-stack-only(Word)void>
HumphreysTestPhase: method transitions = 0
HumphreysTestPhase: comp = java.util.HashMap.putVal(int, Object, Object, boolean, boolean)
HumphreysTestPhase: method transitions = 37
HumphreysTestPhase: comp = java.lang.String.equals(Object)
HumphreysTestPhase: method transitions = 11
HumphreysTestPhase: comp = java.util.KeyValueHolder.getKey()
HumphreysTestPhase: method transitions = 0
HumphreysTestPhase: comp = java.util.KeyValueHolder.getValue()
HumphreysTestPhase: method transitions = 0
HumphreysTestPhase: comp = java.lang.module.ModuleDescriptor.packages()
HumphreysTestPhase: method transitions = 0
HumphreysTestPhase: comp = java.lang.module.ResolvedModule.reference()
HumphreysTestPhase: method transitions = 0
HumphreysTestPhase: comp = java.util.HashMap$Node.<init>(int, Object, Object, HashMap$Node)
HumphreysTestPhase: method transitions = 0
HumphreysTestPhase: comp = java.lang.module.ModuleDescriptor$Version.toString()
HumphreysTestPhase: method transitions = 0
HumphreysTestPhase: comp = java.lang.AbstractStringBuilder.length()
HumphreysTestPhase: method transitions = 0
HumphreysTestPhase: comp = java.util.HashMap.newNode(int, Object, Object, HashMap$Node)
HumphreysTestPhase: method transitions = 6
HumphreysTestPhase: comp = java.util.HashMap.afterNodeInsertion(boolean)
HumphreysTestPhase: method transitions = 0
HumphreysTestPhase: comp = java.lang.module.ResolvedModule.configuration()
HumphreysTestPhase: method transitions = 0
HumphreysTestPhase: comp = Stub<new_array_or_null(KlassPointer,int)Object>
HumphreysTestPhase: method transitions = 0
HumphreysTestPhase: comp = java.util.HashMap.resize()
HumphreysTestPhase: method transitions = 12
HumphreysTestPhase: comp = java.lang.module.ModuleDescriptor.isOpen()
HumphreysTestPhase: method transitions = 0
HumphreysTestPhase: comp = java.util.HashMap.size()
HumphreysTestPhase: method transitions = 0
HumphreysTestPhase: comp = jdk.internal.classfile.impl.AbstractPoolEntry.width()
HumphreysTestPhase: method transitions = 0
HumphreysTestPhase: comp = jdk.internal.classfile.impl.SplitConstantPool.size()
HumphreysTestPhase: method transitions = 0
HumphreysTestPhase: comp = java.lang.invoke.MethodType.ptypes()
HumphreysTestPhase: method transitions = 0
HumphreysTestPhase: comp = java.util.zip.ZipCoder$UTF8ZipCoder.isUTF8()
HumphreysTestPhase: method transitions = 0
HumphreysTestPhase: comp = java.lang.AbstractStringBuilder.getValue()
HumphreysTestPhase: method transitions = 0
HumphreysTestPhase: comp = java.lang.StringLatin1.equals(byte[], byte[])
HumphreysTestPhase: method transitions = 0
HumphreysTestPhase: comp = jdk.internal.classfile.impl.AbstractPoolEntry.constantPool()
HumphreysTestPhase: method transitions = 0
HumphreysTestPhase: comp = jdk.internal.classfile.impl.RawBytecodeHelper.bci()
HumphreysTestPhase: method transitions = 0
Starting NBody benchmark ...
HumphreysTestPhase: comp = nbody.Body.getMass()
HumphreysTestPhase: method transitions = 0
HumphreysTestPhase: comp = nbody.Body.getVX()
HumphreysTestPhase: method transitions = 0
HumphreysTestPhase: comp = nbody.Body.getVY()
HumphreysTestPhase: method transitions = 0
HumphreysTestPhase: comp = nbody.Body.getVZ()
HumphreysTestPhase: method transitions = 0
HumphreysTestPhase: comp = nbody.Body.getX()
HumphreysTestPhase: method transitions = 0
HumphreysTestPhase: comp = nbody.Body.getY()
HumphreysTestPhase: method transitions = 0
HumphreysTestPhase: comp = nbody.Body.getZ()
HumphreysTestPhase: method transitions = 0
HumphreysTestPhase: comp = nbody.Body.setVX(double)
HumphreysTestPhase: method transitions = 0
HumphreysTestPhase: comp = nbody.Body.setVY(double)
HumphreysTestPhase: method transitions = 0
HumphreysTestPhase: comp = nbody.Body.setVZ(double)
HumphreysTestPhase: method transitions = 0
HumphreysTestPhase: comp = nbody.Body.setX(double)
HumphreysTestPhase: method transitions = 0
HumphreysTestPhase: comp = nbody.Body.setY(double)
HumphreysTestPhase: method transitions = 0
HumphreysTestPhase: comp = nbody.Body.setZ(double)
HumphreysTestPhase: method transitions = 0
HumphreysTestPhase: comp = nbody.NBodySystem.advance(double)
HumphreysTestPhase: method transitions = 56
HumphreysTestPhase: comp = Stub<OSR_migration_end(long)void>
HumphreysTestPhase: method transitions = 0
HumphreysTestPhase: comp = NBody.innerBenchmarkLoop(int)
HumphreysTestPhase: method transitions = 127
HumphreysTestPhase: comp = NBody.innerBenchmarkLoop(int)
HumphreysTestPhase: method transitions = 360
HumphreysTestPhase: comp = jdk.internal.constant.ClassOrInterfaceDescImpl.descriptorString()
HumphreysTestPhase: method transitions = 0
HumphreysTestPhase: comp = java.lang.String.value()
HumphreysTestPhase: method transitions = 0
HumphreysTestPhase: comp = java.lang.String.coder()
HumphreysTestPhase: method transitions = 0
HumphreysTestPhase: comp = jdk.internal.classfile.impl.BufWriterImpl.size()
HumphreysTestPhase: method transitions = 0
HumphreysTestPhase: comp = jdk.internal.util.WeakReferenceKey.hashCode()
HumphreysTestPhase: method transitions = 0
HumphreysTestPhase: comp = jdk.internal.classfile.impl.AbstractDirectBuilder.constantPool()
HumphreysTestPhase: method transitions = 0
NBody: iterations=1 runtime: 273943us
NBody: iterations=2 runtime: 114615us
HumphreysTestPhase: comp = NBody.innerBenchmarkLoop(int)
HumphreysTestPhase: method transitions = 157
HumphreysTestPhase: comp = NBody.innerBenchmarkLoop(int)
HumphreysTestPhase: method transitions = 470
NBody: iterations=3 runtime: 211953us
NBody: iterations=4 runtime: 108307us
NBody: iterations=5 runtime: 108238us
NBody: iterations=6 runtime: 108245us
NBody: iterations=7 runtime: 108202us
NBody: iterations=8 runtime: 126963us
NBody: iterations=9 runtime: 154156us
NBody: iterations=10 runtime: 108192us
NBody: iterations=11 runtime: 107896us
NBody: iterations=12 runtime: 108401us
NBody: iterations=13 runtime: 107848us
NBody: iterations=14 runtime: 107757us
NBody: iterations=15 runtime: 108153us
NBody: iterations=16 runtime: 108394us
NBody: iterations=17 runtime: 108368us
NBody: iterations=18 runtime: 108094us
NBody: iterations=19 runtime: 108195us
NBody: iterations=20 runtime: 107959us
NBody: iterations=21 runtime: 108253us
NBody: iterations=22 runtime: 157442us
NBody: iterations=23 runtime: 157455us
NBody: iterations=24 runtime: 157366us
NBody: iterations=25 runtime: 157529us
NBody: iterations=26 runtime: 157482us
NBody: iterations=27 runtime: 157733us
NBody: iterations=28 runtime: 157618us
NBody: iterations=29 runtime: 139630us
HumphreysTestPhase: comp = java.nio.Buffer.position()
HumphreysTestPhase: method transitions = 0
NBody: iterations=30 runtime: 108111us
NBody: iterations=31 runtime: 108011us
NBody: iterations=32 runtime: 153320us
NBody: iterations=33 runtime: 139785us
NBody: iterations=34 runtime: 108382us
NBody: iterations=35 runtime: 108261us
NBody: iterations=36 runtime: 108330us
NBody: iterations=37 runtime: 108317us
NBody: iterations=38 runtime: 108531us
NBody: iterations=39 runtime: 108514us
HumphreysTestPhase: comp = java.nio.Buffer.limit()
HumphreysTestPhase: method transitions = 0
NBody: iterations=40 runtime: 108366us
NBody: iterations=41 runtime: 108495us
NBody: iterations=42 runtime: 108337us
NBody: iterations=43 runtime: 151878us
NBody: iterations=44 runtime: 130110us
NBody: iterations=45 runtime: 117083us
NBody: iterations=46 runtime: 111487us
NBody: iterations=47 runtime: 118726us
NBody: iterations=48 runtime: 157331us
NBody: iterations=49 runtime: 121491us
NBody: iterations=50 runtime: 107418us
NBody: iterations=51 runtime: 107646us
NBody: iterations=52 runtime: 108246us
NBody: iterations=53 runtime: 108278us
NBody: iterations=54 runtime: 108224us
NBody: iterations=55 runtime: 108650us
NBody: iterations=56 runtime: 108287us
NBody: iterations=57 runtime: 143618us
NBody: iterations=58 runtime: 157527us
NBody: iterations=59 runtime: 136926us
NBody: iterations=60 runtime: 108152us
NBody: iterations=61 runtime: 108497us
NBody: iterations=62 runtime: 108333us
NBody: iterations=63 runtime: 108542us
NBody: iterations=64 runtime: 108630us
NBody: iterations=65 runtime: 129263us
NBody: iterations=66 runtime: 157460us
NBody: iterations=67 runtime: 140872us
NBody: iterations=68 runtime: 108395us
NBody: iterations=69 runtime: 108414us
NBody: iterations=70 runtime: 108455us
NBody: iterations=71 runtime: 108479us
NBody: iterations=72 runtime: 108654us
NBody: iterations=73 runtime: 108480us
NBody: iterations=74 runtime: 108472us
NBody: iterations=75 runtime: 108596us
NBody: iterations=76 runtime: 108269us
NBody: iterations=77 runtime: 108328us
NBody: iterations=78 runtime: 108320us
NBody: iterations=79 runtime: 119933us
NBody: iterations=80 runtime: 157365us
NBody: iterations=81 runtime: 157484us
NBody: iterations=82 runtime: 127610us
NBody: iterations=83 runtime: 108298us
NBody: iterations=84 runtime: 108442us
NBody: iterations=85 runtime: 141528us
NBody: iterations=86 runtime: 157223us
NBody: iterations=87 runtime: 153206us
NBody: iterations=88 runtime: 157455us
NBody: iterations=89 runtime: 157388us
NBody: iterations=90 runtime: 137050us
NBody: iterations=91 runtime: 112715us
NBody: iterations=92 runtime: 157260us
NBody: iterations=93 runtime: 157217us
NBody: iterations=94 runtime: 157203us
NBody: iterations=95 runtime: 157287us
NBody: iterations=96 runtime: 157384us
NBody: iterations=97 runtime: 157417us
NBody: iterations=98 runtime: 111690us
NBody: iterations=99 runtime: 108394us
NBody: iterations=100 runtime: 133457us
NBody: iterations=101 runtime: 119464us
NBody: iterations=102 runtime: 108387us
NBody: iterations=103 runtime: 131732us
NBody: iterations=104 runtime: 156887us
NBody: iterations=105 runtime: 117540us
NBody: iterations=106 runtime: 108458us
NBody: iterations=107 runtime: 133196us
NBody: iterations=108 runtime: 157336us
NBody: iterations=109 runtime: 156228us
NBody: iterations=110 runtime: 113329us
NBody: iterations=111 runtime: 108517us
NBody: iterations=112 runtime: 113992us
NBody: iterations=113 runtime: 133708us
NBody: iterations=114 runtime: 148428us
NBody: iterations=115 runtime: 141874us
NBody: iterations=116 runtime: 157177us
NBody: iterations=117 runtime: 157115us
NBody: iterations=118 runtime: 115678us
NBody: iterations=119 runtime: 108119us
NBody: iterations=120 runtime: 108437us
NBody: iterations=121 runtime: 108094us
NBody: iterations=122 runtime: 108403us
NBody: iterations=123 runtime: 108523us
NBody: iterations=124 runtime: 108384us
NBody: iterations=125 runtime: 108222us
NBody: iterations=126 runtime: 108550us
HumphreysTestPhase: comp = java.nio.Buffer.capacity()
HumphreysTestPhase: method transitions = 0
HumphreysTestPhase: comp = java.nio.charset.CharsetEncoder.maxBytesPerChar()
HumphreysTestPhase: method transitions = 0
NBody: iterations=127 runtime: 108562us
NBody: iterations=128 runtime: 108683us
NBody: iterations=129 runtime: 108467us
NBody: iterations=130 runtime: 137540us
NBody: iterations=131 runtime: 125736us
NBody: iterations=132 runtime: 127905us
NBody: iterations=133 runtime: 110776us
NBody: iterations=134 runtime: 108223us
NBody: iterations=135 runtime: 133758us
NBody: iterations=136 runtime: 112987us
NBody: iterations=137 runtime: 130878us
NBody: iterations=138 runtime: 123125us
NBody: iterations=139 runtime: 152858us
NBody: iterations=140 runtime: 157435us
NBody: iterations=141 runtime: 157541us
NBody: iterations=142 runtime: 131148us
NBody: iterations=143 runtime: 108106us
NBody: iterations=144 runtime: 152274us
NBody: iterations=145 runtime: 143911us
NBody: iterations=146 runtime: 108366us
NBody: iterations=147 runtime: 108070us
NBody: iterations=148 runtime: 108414us
NBody: iterations=149 runtime: 108402us
NBody: iterations=150 runtime: 108292us
NBody: iterations=151 runtime: 153166us
NBody: iterations=152 runtime: 157345us
NBody: iterations=153 runtime: 118902us
NBody: iterations=154 runtime: 108536us
NBody: iterations=155 runtime: 108472us
NBody: iterations=156 runtime: 108530us
NBody: iterations=157 runtime: 108646us
NBody: iterations=158 runtime: 108645us
NBody: iterations=159 runtime: 108664us
NBody: iterations=160 runtime: 108602us
NBody: iterations=161 runtime: 108593us
NBody: iterations=162 runtime: 108515us
NBody: iterations=163 runtime: 108593us
NBody: iterations=164 runtime: 145809us
NBody: iterations=165 runtime: 132237us
NBody: iterations=166 runtime: 108426us
NBody: iterations=167 runtime: 108451us
NBody: iterations=168 runtime: 108328us
NBody: iterations=169 runtime: 133179us
NBody: iterations=170 runtime: 107989us
NBody: iterations=171 runtime: 120657us
NBody: iterations=172 runtime: 109553us
NBody: iterations=173 runtime: 108392us
NBody: iterations=174 runtime: 108382us
NBody: iterations=175 runtime: 108577us
NBody: iterations=176 runtime: 108289us
NBody: iterations=177 runtime: 108490us
NBody: iterations=178 runtime: 129681us
NBody: iterations=179 runtime: 157559us
NBody: iterations=180 runtime: 157485us
NBody: iterations=181 runtime: 129254us
NBody: iterations=182 runtime: 108201us
NBody: iterations=183 runtime: 108501us
NBody: iterations=184 runtime: 108414us
NBody: iterations=185 runtime: 129704us
HumphreysTestPhase: comp = java.lang.String.length()
HumphreysTestPhase: method transitions = 2
NBody: iterations=186 runtime: 155931us
NBody: iterations=187 runtime: 108413us
NBody: iterations=188 runtime: 153038us
NBody: iterations=189 runtime: 121771us
NBody: iterations=190 runtime: 114156us
NBody: iterations=191 runtime: 118787us
NBody: iterations=192 runtime: 108480us
NBody: iterations=193 runtime: 112162us
NBody: iterations=194 runtime: 108592us
NBody: iterations=195 runtime: 108826us
NBody: iterations=196 runtime: 108425us
NBody: iterations=197 runtime: 108582us
NBody: iterations=198 runtime: 108633us
NBody: iterations=199 runtime: 108738us
NBody: iterations=200 runtime: 108580us
NBody: iterations=201 runtime: 108593us
NBody: iterations=202 runtime: 108469us
NBody: iterations=203 runtime: 115783us
NBody: iterations=204 runtime: 108638us
NBody: iterations=205 runtime: 108604us
NBody: iterations=206 runtime: 123602us
NBody: iterations=207 runtime: 157310us
NBody: iterations=208 runtime: 157263us
NBody: iterations=209 runtime: 128186us
NBody: iterations=210 runtime: 110667us
NBody: iterations=211 runtime: 157292us
NBody: iterations=212 runtime: 136249us
NBody: iterations=213 runtime: 157351us
NBody: iterations=214 runtime: 122180us
NBody: iterations=215 runtime: 136183us
NBody: iterations=216 runtime: 108351us
NBody: iterations=217 runtime: 113532us
NBody: iterations=218 runtime: 157595us
NBody: iterations=219 runtime: 136292us
NBody: iterations=220 runtime: 157419us
NBody: iterations=221 runtime: 124809us
NBody: iterations=222 runtime: 108331us
NBody: iterations=223 runtime: 108399us
NBody: iterations=224 runtime: 117757us
NBody: iterations=225 runtime: 121347us
NBody: iterations=226 runtime: 151906us
NBody: iterations=227 runtime: 135620us
NBody: iterations=228 runtime: 108334us
NBody: iterations=229 runtime: 108230us
NBody: iterations=230 runtime: 108647us
NBody: iterations=231 runtime: 138239us
NBody: iterations=232 runtime: 157592us
NBody: iterations=233 runtime: 143456us
NBody: iterations=234 runtime: 108405us
NBody: iterations=235 runtime: 108489us
NBody: iterations=236 runtime: 108188us
NBody: iterations=237 runtime: 108361us
NBody: iterations=238 runtime: 108439us
NBody: iterations=239 runtime: 116718us
NBody: iterations=240 runtime: 115037us
NBody: iterations=241 runtime: 108251us
NBody: iterations=242 runtime: 108538us
NBody: iterations=243 runtime: 108378us
NBody: iterations=244 runtime: 109755us
NBody: iterations=245 runtime: 157450us
NBody: iterations=246 runtime: 113492us
NBody: iterations=247 runtime: 108439us
NBody: iterations=248 runtime: 108423us
NBody: iterations=249 runtime: 108483us
NBody: iterations=250 runtime: 108525us
NBody: iterations=251 runtime: 108242us
NBody: iterations=252 runtime: 118501us
NBody: iterations=253 runtime: 131825us
NBody: iterations=254 runtime: 118767us
NBody: iterations=255 runtime: 108558us
NBody: iterations=256 runtime: 108357us
NBody: iterations=257 runtime: 108619us
NBody: iterations=258 runtime: 129094us
NBody: iterations=259 runtime: 108404us
NBody: iterations=260 runtime: 108556us
NBody: iterations=261 runtime: 108454us
NBody: iterations=262 runtime: 116876us
NBody: iterations=263 runtime: 121346us
NBody: iterations=264 runtime: 126450us
NBody: iterations=265 runtime: 112141us
NBody: iterations=266 runtime: 115366us
NBody: iterations=267 runtime: 108513us
NBody: iterations=268 runtime: 108392us
NBody: iterations=269 runtime: 108739us
NBody: iterations=270 runtime: 108598us
NBody: iterations=271 runtime: 108669us
NBody: iterations=272 runtime: 108562us
NBody: iterations=273 runtime: 108709us
NBody: iterations=274 runtime: 108738us
NBody: iterations=275 runtime: 127522us
NBody: iterations=276 runtime: 126366us
NBody: iterations=277 runtime: 108450us
NBody: iterations=278 runtime: 124196us
NBody: iterations=279 runtime: 157403us
NBody: iterations=280 runtime: 117246us
NBody: iterations=281 runtime: 142454us
NBody: iterations=282 runtime: 157303us
NBody: iterations=283 runtime: 157426us
NBody: iterations=284 runtime: 157319us
NBody: iterations=285 runtime: 157493us
NBody: iterations=286 runtime: 122734us
NBody: iterations=287 runtime: 106470us
NBody: iterations=288 runtime: 108029us
NBody: iterations=289 runtime: 135914us
NBody: iterations=290 runtime: 157352us
NBody: iterations=291 runtime: 157462us
NBody: iterations=292 runtime: 138541us
NBody: iterations=293 runtime: 108171us
NBody: iterations=294 runtime: 108336us
NBody: iterations=295 runtime: 108453us
NBody: iterations=296 runtime: 108493us
NBody: iterations=297 runtime: 108230us
NBody: iterations=298 runtime: 154149us
NBody: iterations=299 runtime: 157318us
NBody: iterations=300 runtime: 109140us
NBody: iterations=301 runtime: 108303us
NBody: iterations=302 runtime: 108313us
NBody: iterations=303 runtime: 131525us
NBody: iterations=304 runtime: 126421us
NBody: iterations=305 runtime: 148111us
NBody: iterations=306 runtime: 108543us
NBody: iterations=307 runtime: 108460us
NBody: iterations=308 runtime: 117069us
NBody: iterations=309 runtime: 146219us
NBody: iterations=310 runtime: 108407us
NBody: iterations=311 runtime: 108427us
NBody: iterations=312 runtime: 108434us
NBody: iterations=313 runtime: 140201us
NBody: iterations=314 runtime: 157461us
NBody: iterations=315 runtime: 131076us
NBody: iterations=316 runtime: 108419us
NBody: iterations=317 runtime: 108365us
NBody: iterations=318 runtime: 108209us
NBody: iterations=319 runtime: 108458us
NBody: iterations=320 runtime: 108362us
NBody: iterations=321 runtime: 108227us
NBody: iterations=322 runtime: 108461us
NBody: iterations=323 runtime: 108459us
NBody: iterations=324 runtime: 108493us
NBody: iterations=325 runtime: 108189us
NBody: iterations=326 runtime: 131482us
NBody: iterations=327 runtime: 116185us
NBody: iterations=328 runtime: 140986us
NBody: iterations=329 runtime: 157437us
NBody: iterations=330 runtime: 157417us
NBody: iterations=331 runtime: 157581us
NBody: iterations=332 runtime: 157540us
NBody: iterations=333 runtime: 157533us
NBody: iterations=334 runtime: 140740us
NBody: iterations=335 runtime: 108337us
NBody: iterations=336 runtime: 107875us
NBody: iterations=337 runtime: 108556us
NBody: iterations=338 runtime: 140950us
NBody: iterations=339 runtime: 132755us
NBody: iterations=340 runtime: 114662us
NBody: iterations=341 runtime: 132418us
NBody: iterations=342 runtime: 108405us
NBody: iterations=343 runtime: 108073us
NBody: iterations=344 runtime: 108467us
NBody: iterations=345 runtime: 108504us
NBody: iterations=346 runtime: 108744us
NBody: iterations=347 runtime: 108609us
NBody: iterations=348 runtime: 108608us
NBody: iterations=349 runtime: 109000us
NBody: iterations=350 runtime: 157403us
NBody: iterations=351 runtime: 157351us
NBody: iterations=352 runtime: 157572us
NBody: iterations=353 runtime: 157349us
NBody: iterations=354 runtime: 148093us
NBody: iterations=355 runtime: 128589us
NBody: iterations=356 runtime: 119877us
NBody: iterations=357 runtime: 108110us
NBody: iterations=358 runtime: 108456us
NBody: iterations=359 runtime: 108349us
NBody: iterations=360 runtime: 108590us
NBody: iterations=361 runtime: 108694us
NBody: iterations=362 runtime: 108676us
NBody: iterations=363 runtime: 108671us
NBody: iterations=364 runtime: 108582us
NBody: iterations=365 runtime: 108509us
NBody: iterations=366 runtime: 108302us
NBody: iterations=367 runtime: 108797us
NBody: iterations=368 runtime: 109153us
NBody: iterations=369 runtime: 108557us
NBody: iterations=370 runtime: 108483us
NBody: iterations=371 runtime: 108624us
NBody: iterations=372 runtime: 108367us
NBody: iterations=373 runtime: 108638us
NBody: iterations=374 runtime: 108477us
NBody: iterations=375 runtime: 108589us
NBody: iterations=376 runtime: 108626us
NBody: iterations=377 runtime: 108665us
NBody: iterations=378 runtime: 108590us
NBody: iterations=379 runtime: 108667us
NBody: iterations=380 runtime: 108602us
NBody: iterations=381 runtime: 108122us
NBody: iterations=382 runtime: 108779us
NBody: iterations=383 runtime: 135364us
NBody: iterations=384 runtime: 152579us
NBody: iterations=385 runtime: 114673us
NBody: iterations=386 runtime: 143400us
NBody: iterations=387 runtime: 135256us
NBody: iterations=388 runtime: 128449us
NBody: iterations=389 runtime: 108454us
NBody: iterations=390 runtime: 108391us
NBody: iterations=391 runtime: 108331us
NBody: iterations=392 runtime: 108505us
NBody: iterations=393 runtime: 108483us
NBody: iterations=394 runtime: 108465us
NBody: iterations=395 runtime: 108631us
NBody: iterations=396 runtime: 108463us
NBody: iterations=397 runtime: 108447us
NBody: iterations=398 runtime: 108530us
NBody: iterations=399 runtime: 108424us
NBody: iterations=400 runtime: 115249us
NBody: iterations=401 runtime: 145142us
NBody: iterations=402 runtime: 108444us
NBody: iterations=403 runtime: 108414us
NBody: iterations=404 runtime: 123047us
NBody: iterations=405 runtime: 151198us
NBody: iterations=406 runtime: 144413us
NBody: iterations=407 runtime: 108422us
NBody: iterations=408 runtime: 118937us
NBody: iterations=409 runtime: 108320us
NBody: iterations=410 runtime: 108397us
NBody: iterations=411 runtime: 108634us
HumphreysTestPhase: comp = java.lang.StringLatin1.inflate(byte[], int, char[], int, int)
HumphreysTestPhase: method transitions = 0
NBody: iterations=412 runtime: 108582us
NBody: iterations=413 runtime: 108784us
NBody: iterations=414 runtime: 108564us
NBody: iterations=415 runtime: 149045us
NBody: iterations=416 runtime: 111119us
NBody: iterations=417 runtime: 108394us
NBody: iterations=418 runtime: 108348us
NBody: iterations=419 runtime: 117296us
NBody: iterations=420 runtime: 134986us
NBody: iterations=421 runtime: 145099us
NBody: iterations=422 runtime: 157469us
NBody: iterations=423 runtime: 157555us
NBody: iterations=424 runtime: 157505us
NBody: iterations=425 runtime: 157431us
NBody: iterations=426 runtime: 157475us
NBody: iterations=427 runtime: 125284us
NBody: iterations=428 runtime: 108361us
NBody: iterations=429 runtime: 107872us
NBody: iterations=430 runtime: 150474us
NBody: iterations=431 runtime: 143742us
NBody: iterations=432 runtime: 121661us
NBody: iterations=433 runtime: 143532us
NBody: iterations=434 runtime: 114941us
NBody: iterations=435 runtime: 157388us
NBody: iterations=436 runtime: 157392us
NBody: iterations=437 runtime: 157440us
NBody: iterations=438 runtime: 130186us
NBody: iterations=439 runtime: 108297us
NBody: iterations=440 runtime: 122749us
NBody: iterations=441 runtime: 108360us
NBody: iterations=442 runtime: 107553us
NBody: iterations=443 runtime: 108132us
NBody: iterations=444 runtime: 108466us
NBody: iterations=445 runtime: 108213us
NBody: iterations=446 runtime: 108418us
NBody: iterations=447 runtime: 108431us
NBody: iterations=448 runtime: 108389us
NBody: iterations=449 runtime: 108340us
NBody: iterations=450 runtime: 108569us
NBody: iterations=451 runtime: 108391us
NBody: iterations=452 runtime: 108470us
NBody: iterations=453 runtime: 108559us
NBody: iterations=454 runtime: 108531us
NBody: iterations=455 runtime: 149911us
NBody: iterations=456 runtime: 126247us
NBody: iterations=457 runtime: 108300us
NBody: iterations=458 runtime: 108373us
NBody: iterations=459 runtime: 108477us
NBody: iterations=460 runtime: 108473us
NBody: iterations=461 runtime: 108489us
NBody: iterations=462 runtime: 108492us
NBody: iterations=463 runtime: 108550us
NBody: iterations=464 runtime: 108533us
NBody: iterations=465 runtime: 145459us
NBody: iterations=466 runtime: 147530us
NBody: iterations=467 runtime: 136461us
NBody: iterations=468 runtime: 157499us
NBody: iterations=469 runtime: 157587us
NBody: iterations=470 runtime: 152245us
NBody: iterations=471 runtime: 110327us
NBody: iterations=472 runtime: 108303us
NBody: iterations=473 runtime: 124016us
NBody: iterations=474 runtime: 147076us
NBody: iterations=475 runtime: 132106us
NBody: iterations=476 runtime: 108066us
NBody: iterations=477 runtime: 108120us
NBody: iterations=478 runtime: 150912us
NBody: iterations=479 runtime: 157364us
NBody: iterations=480 runtime: 130777us
NBody: iterations=481 runtime: 108430us
NBody: iterations=482 runtime: 152064us
NBody: iterations=483 runtime: 157476us
NBody: iterations=484 runtime: 157480us
NBody: iterations=485 runtime: 157532us
NBody: iterations=486 runtime: 135694us
NBody: iterations=487 runtime: 120737us
NBody: iterations=488 runtime: 143144us
NBody: iterations=489 runtime: 129090us
NBody: iterations=490 runtime: 108523us
NBody: iterations=491 runtime: 142192us
NBody: iterations=492 runtime: 127554us
NBody: iterations=493 runtime: 107979us
NBody: iterations=494 runtime: 108347us
NBody: iterations=495 runtime: 108584us
NBody: iterations=496 runtime: 108610us
NBody: iterations=497 runtime: 108518us
NBody: iterations=498 runtime: 108620us
NBody: iterations=499 runtime: 108498us
NBody: iterations=500 runtime: 108668us
HumphreysTestPhase: comp = jdk.internal.constant.PrimitiveClassDescImpl.descriptorString()
HumphreysTestPhase: method transitions = 0
HumphreysTestPhase: comp = jdk.internal.classfile.impl.AbstractPoolEntry.hashCode()
HumphreysTestPhase: method transitions = 0
HumphreysTestPhase: comp = jdk.internal.constant.ClassOrInterfaceDescImpl.isClassOrInterface()
HumphreysTestPhase: method transitions = 0
HumphreysTestPhase: comp = java.util.ArrayList.size()
HumphreysTestPhase: method transitions = 0
HumphreysTestPhase: comp = jdk.internal.classfile.impl.AbstractPoolEntry$ClassEntryImpl.tag()
HumphreysTestPhase: method transitions = 0
HumphreysTestPhase: comp = java.lang.invoke.MethodTypeForm.erasedType()
HumphreysTestPhase: method transitions = 0
NBody: iterations=500 average: 123171us total: 61585922us


Total Runtime: 61585922us
-- NBody completed successfully.
