========================================
Benchmark : Permute
Timestamp : 2025-10-21T20:40:14+01:00
Java      : HumphreysTestPhase: comp = java.lang.Object.<init>() HumphreysTestPhase: method transitions = 0 HumphreysTestPhase: comp = Stub<ExceptionHandlerStub.exceptionHandler> HumphreysTestPhase: method transitions = 0 HumphreysTestPhase: comp = java.lang.String.hashCode() HumphreysTestPhase: method transitions = 0 HumphreysTestPhase: comp = java.lang.Byte.toUnsignedInt(byte) HumphreysTestPhase: method transitions = 0 HumphreysTestPhase: comp = java.util.Objects.requireNonNull(Object) HumphreysTestPhase: method transitions = 0 HumphreysTestPhase: comp = java.util.HashMap.afterNodeInsertion(boolean) HumphreysTestPhase: method transitions = 0 HumphreysTestPhase: comp = java.util.ImmutableCollections$SetN$SetNIterator.hasNext() HumphreysTestPhase: method transitions = 0 HumphreysTestPhase: comp = java.util.ImmutableCollections$SetN$SetNIterator.next() HumphreysTestPhase: method transitions = 0 openjdk version "25" 2025-09-16 OpenJDK Runtime Environment GraalVM CE 25.1.0-dev+37.1 (build 25+37-jvmci-b06) OpenJDK 64-Bit Server VM GraalVM CE 25.1.0-dev+37.1 (build 25+37-jvmci-b06, mixed mode, sharing) 
Cmd:
  ./latest_graalvm_home/bin/java   -Djdk.graal.TrackNodeSourcePosition=true   -Djdk.graal.MinGraphSize=120   -XX:+UnlockExperimentalVMOptions   -XX:+UnlockDiagnosticVMOptions   -XX:+EnableJVMCI   -Djdk.graal.CompilationFailureAction=Diagnose   -XX:+UseJVMCICompiler   -XX:+UseJVMCINativeLibrary   -XX:-TieredCompilation   -XX:-BackgroundCompilation   --add-exports=jdk.graal.compiler/jdk.graal.compiler.hotspot.meta.Bubo=ALL-UNNAMED   --add-exports=jdk.graal.compiler/jdk.graal.compiler.phases.common=ALL-UNNAMED   -cp   /home/hb478/repos/are-we-fast-yet/benchmarks/Java/benchmarks.jar   Harness   Permute   500   3500 
========================================
HumphreysTestPhase: comp = java.lang.module.ModuleDescriptor.name()
HumphreysTestPhase: method transitions = 0
HumphreysTestPhase: comp = Stub<ExceptionHandlerStub.exceptionHandler>
HumphreysTestPhase: method transitions = 0
HumphreysTestPhase: comp = java.lang.module.ModuleReference.descriptor()
HumphreysTestPhase: method transitions = 0
HumphreysTestPhase: comp = java.lang.Enum.ordinal()
HumphreysTestPhase: method transitions = 0
HumphreysTestPhase: comp = java.lang.Class.isPrimitive()
HumphreysTestPhase: method transitions = 0
HumphreysTestPhase: comp = jdk.internal.util.StrongReferenceKey.get()
HumphreysTestPhase: method transitions = 0
HumphreysTestPhase: comp = java.lang.Class.getClassLoader()
HumphreysTestPhase: method transitions = 0
HumphreysTestPhase: comp = java.lang.invoke.MethodType.returnType()
HumphreysTestPhase: method transitions = 0
HumphreysTestPhase: comp = jdk.internal.classfile.impl.AbstractPoolEntry.index()
HumphreysTestPhase: method transitions = 0
HumphreysTestPhase: comp = java.lang.invoke.MemberName.getDeclaringClass()
HumphreysTestPhase: method transitions = 0
HumphreysTestPhase: comp = java.lang.invoke.MethodType.form()
HumphreysTestPhase: method transitions = 0
HumphreysTestPhase: comp = java.util.stream.FindOps$FindSink.cancellationRequested()
HumphreysTestPhase: method transitions = 0
HumphreysTestPhase: comp = java.lang.Object.<init>()
HumphreysTestPhase: method transitions = 0
HumphreysTestPhase: comp = jdk.internal.module.ModuleReferenceImpl.moduleResolution()
HumphreysTestPhase: method transitions = 0
HumphreysTestPhase: comp = java.lang.String.hashCode()
HumphreysTestPhase: method transitions = 6
HumphreysTestPhase: comp = java.lang.module.ModuleDescriptor$Requires.modifiers()
HumphreysTestPhase: method transitions = 0
HumphreysTestPhase: comp = java.lang.module.ModuleDescriptor$Requires.name()
HumphreysTestPhase: method transitions = 0
HumphreysTestPhase: comp = java.lang.module.ModuleDescriptor.requires()
HumphreysTestPhase: method transitions = 0
HumphreysTestPhase: comp = java.lang.module.ModuleDescriptor.isAutomatic()
HumphreysTestPhase: method transitions = 0
HumphreysTestPhase: comp = java.util.HashMap$Node.getKey()
HumphreysTestPhase: method transitions = 0
HumphreysTestPhase: comp = java.util.HashMap$Node.getValue()
HumphreysTestPhase: method transitions = 0
HumphreysTestPhase: comp = java.util.ImmutableCollections$Set12.isEmpty()
HumphreysTestPhase: method transitions = 0
HumphreysTestPhase: comp = java.lang.module.ModuleDescriptor$Exports.source()
HumphreysTestPhase: method transitions = 0
HumphreysTestPhase: comp = java.lang.module.ModuleDescriptor$Exports.targets()
HumphreysTestPhase: method transitions = 0
HumphreysTestPhase: comp = java.lang.module.ModuleDescriptor.provides()
HumphreysTestPhase: method transitions = 0
HumphreysTestPhase: comp = java.lang.module.ModuleDescriptor.exports()
HumphreysTestPhase: method transitions = 0
HumphreysTestPhase: comp = java.util.Objects.requireNonNull(Object)
HumphreysTestPhase: method transitions = 0
HumphreysTestPhase: comp = java.util.ImmutableCollections$SetN$SetNIterator.hasNext()
HumphreysTestPhase: method transitions = 0
HumphreysTestPhase: comp = java.lang.module.ModuleDescriptor.uses()
HumphreysTestPhase: method transitions = 0
HumphreysTestPhase: comp = java.util.ImmutableCollections$SetN$SetNIterator.next()
HumphreysTestPhase: method transitions = 0
HumphreysTestPhase: comp = Stub<identity_hashcode(Object)int>
HumphreysTestPhase: method transitions = 0
HumphreysTestPhase: comp = java.util.HashMap.hash(Object)
HumphreysTestPhase: method transitions = 21
HumphreysTestPhase: comp = java.lang.module.ModuleDescriptor$Exports.isQualified()
HumphreysTestPhase: method transitions = 2
HumphreysTestPhase: comp = java.lang.module.ModuleDescriptor$Provides.service()
HumphreysTestPhase: method transitions = 0
HumphreysTestPhase: comp = java.lang.Byte.toUnsignedInt(byte)
HumphreysTestPhase: method transitions = 0
HumphreysTestPhase: comp = Stub<new_instance_or_null(KlassPointer)Object>
HumphreysTestPhase: method transitions = 0
HumphreysTestPhase: comp = Stub<LookUpSecondarySupersTableStub.lookupSecondarySupersTableSlowPath>
HumphreysTestPhase: method transitions = 0
HumphreysTestPhase: comp = Stub<write_barrier_pre-stack-only(Object)void>
HumphreysTestPhase: method transitions = 0
HumphreysTestPhase: comp = Stub<write_barrier_post-stack-only(Word)void>
HumphreysTestPhase: method transitions = 0
HumphreysTestPhase: comp = java.util.HashMap.putVal(int, Object, Object, boolean, boolean)
HumphreysTestPhase: method transitions = 37
HumphreysTestPhase: comp = java.lang.String.equals(Object)
HumphreysTestPhase: method transitions = 11
HumphreysTestPhase: comp = java.util.KeyValueHolder.getKey()
HumphreysTestPhase: method transitions = 0
HumphreysTestPhase: comp = java.util.KeyValueHolder.getValue()
HumphreysTestPhase: method transitions = 0
HumphreysTestPhase: comp = java.lang.module.ModuleDescriptor.packages()
HumphreysTestPhase: method transitions = 0
HumphreysTestPhase: comp = java.lang.module.ResolvedModule.reference()
HumphreysTestPhase: method transitions = 0
HumphreysTestPhase: comp = java.util.HashMap$Node.<init>(int, Object, Object, HashMap$Node)
HumphreysTestPhase: method transitions = 0
HumphreysTestPhase: comp = java.lang.module.ModuleDescriptor$Version.toString()
HumphreysTestPhase: method transitions = 0
HumphreysTestPhase: comp = java.lang.AbstractStringBuilder.length()
HumphreysTestPhase: method transitions = 0
HumphreysTestPhase: comp = java.util.HashMap.newNode(int, Object, Object, HashMap$Node)
HumphreysTestPhase: method transitions = 6
HumphreysTestPhase: comp = java.util.HashMap.afterNodeInsertion(boolean)
HumphreysTestPhase: method transitions = 0
HumphreysTestPhase: comp = Stub<new_array_or_null(KlassPointer,int)Object>
HumphreysTestPhase: method transitions = 0
HumphreysTestPhase: comp = java.util.HashMap.resize()
HumphreysTestPhase: method transitions = 12
HumphreysTestPhase: comp = java.lang.module.ResolvedModule.configuration()
HumphreysTestPhase: method transitions = 0
HumphreysTestPhase: comp = java.lang.module.ModuleDescriptor.isOpen()
HumphreysTestPhase: method transitions = 0
HumphreysTestPhase: comp = java.util.HashMap.size()
HumphreysTestPhase: method transitions = 0
HumphreysTestPhase: comp = jdk.internal.classfile.impl.AbstractPoolEntry.width()
HumphreysTestPhase: method transitions = 0
HumphreysTestPhase: comp = jdk.internal.classfile.impl.SplitConstantPool.size()
HumphreysTestPhase: method transitions = 0
HumphreysTestPhase: comp = java.lang.invoke.MethodType.ptypes()
HumphreysTestPhase: method transitions = 0
HumphreysTestPhase: comp = java.util.zip.ZipCoder$UTF8ZipCoder.isUTF8()
HumphreysTestPhase: method transitions = 0
HumphreysTestPhase: comp = java.lang.AbstractStringBuilder.getValue()
HumphreysTestPhase: method transitions = 0
HumphreysTestPhase: comp = java.lang.StringLatin1.equals(byte[], byte[])
HumphreysTestPhase: method transitions = 0
HumphreysTestPhase: comp = jdk.internal.classfile.impl.AbstractPoolEntry.constantPool()
HumphreysTestPhase: method transitions = 0
HumphreysTestPhase: comp = jdk.internal.classfile.impl.RawBytecodeHelper.bci()
HumphreysTestPhase: method transitions = 0
Starting Permute benchmark ...
HumphreysTestPhase: comp = Permute.swap(int, int)
HumphreysTestPhase: method transitions = 0
HumphreysTestPhase: comp = Permute.permute(int)
HumphreysTestPhase: method transitions = 9
HumphreysTestPhase: comp = java.lang.Integer.intValue()
HumphreysTestPhase: method transitions = 0
HumphreysTestPhase: comp = jdk.internal.constant.ClassOrInterfaceDescImpl.descriptorString()
HumphreysTestPhase: method transitions = 0
HumphreysTestPhase: comp = java.lang.String.value()
HumphreysTestPhase: method transitions = 0
HumphreysTestPhase: comp = java.lang.String.coder()
HumphreysTestPhase: method transitions = 0
HumphreysTestPhase: comp = jdk.internal.classfile.impl.BufWriterImpl.size()
HumphreysTestPhase: method transitions = 0
HumphreysTestPhase: comp = jdk.internal.util.WeakReferenceKey.hashCode()
HumphreysTestPhase: method transitions = 0
HumphreysTestPhase: comp = jdk.internal.classfile.impl.AbstractDirectBuilder.constantPool()
HumphreysTestPhase: method transitions = 0
Permute: iterations=1 runtime: 126885us
HumphreysTestPhase: comp = java.lang.Integer.valueOf(int)
HumphreysTestPhase: method transitions = 8
HumphreysTestPhase: comp = Permute.benchmark()
HumphreysTestPhase: method transitions = 17
HumphreysTestPhase: comp = Permute.verifyResult(Object)
HumphreysTestPhase: method transitions = 3
Permute: iterations=2 runtime: 146027us
Permute: iterations=3 runtime: 101398us
Permute: iterations=4 runtime: 167245us
Permute: iterations=5 runtime: 128035us
HumphreysTestPhase: comp = Stub<OSR_migration_end(long)void>
HumphreysTestPhase: method transitions = 0
HumphreysTestPhase: comp = Benchmark.innerBenchmarkLoop(int)
HumphreysTestPhase: method transitions = 31
HumphreysTestPhase: comp = Benchmark.innerBenchmarkLoop(int)
HumphreysTestPhase: method transitions = 21
Permute: iterations=6 runtime: 223902us
Permute: iterations=7 runtime: 99211us
Permute: iterations=8 runtime: 136355us
Permute: iterations=9 runtime: 140195us
Permute: iterations=10 runtime: 124600us
Permute: iterations=11 runtime: 99008us
Permute: iterations=12 runtime: 98905us
Permute: iterations=13 runtime: 119664us
Permute: iterations=14 runtime: 125146us
Permute: iterations=15 runtime: 99993us
Permute: iterations=16 runtime: 131395us
Permute: iterations=17 runtime: 163447us
Permute: iterations=18 runtime: 101529us
Permute: iterations=19 runtime: 124245us
Permute: iterations=20 runtime: 112750us
Permute: iterations=21 runtime: 125919us
Permute: iterations=22 runtime: 107034us
Permute: iterations=23 runtime: 98927us
Permute: iterations=24 runtime: 98884us
Permute: iterations=25 runtime: 99232us
Permute: iterations=26 runtime: 99080us
Permute: iterations=27 runtime: 99038us
Permute: iterations=28 runtime: 98931us
Permute: iterations=29 runtime: 99159us
HumphreysTestPhase: comp = java.nio.Buffer.position()
HumphreysTestPhase: method transitions = 0
Permute: iterations=30 runtime: 132917us
Permute: iterations=31 runtime: 163148us
Permute: iterations=32 runtime: 115439us
Permute: iterations=33 runtime: 104975us
Permute: iterations=34 runtime: 149468us
Permute: iterations=35 runtime: 163233us
Permute: iterations=36 runtime: 136544us
Permute: iterations=37 runtime: 98885us
Permute: iterations=38 runtime: 98921us
Permute: iterations=39 runtime: 98901us
HumphreysTestPhase: comp = java.nio.Buffer.limit()
HumphreysTestPhase: method transitions = 0
Permute: iterations=40 runtime: 98859us
Permute: iterations=41 runtime: 98938us
Permute: iterations=42 runtime: 99075us
Permute: iterations=43 runtime: 98994us
Permute: iterations=44 runtime: 98989us
Permute: iterations=45 runtime: 107379us
Permute: iterations=46 runtime: 162958us
Permute: iterations=47 runtime: 163227us
Permute: iterations=48 runtime: 128311us
Permute: iterations=49 runtime: 164392us
Permute: iterations=50 runtime: 134225us
Permute: iterations=51 runtime: 106977us
Permute: iterations=52 runtime: 164251us
Permute: iterations=53 runtime: 164428us
Permute: iterations=54 runtime: 164070us
Permute: iterations=55 runtime: 156915us
Permute: iterations=56 runtime: 98959us
Permute: iterations=57 runtime: 98850us
Permute: iterations=58 runtime: 113193us
Permute: iterations=59 runtime: 98925us
Permute: iterations=60 runtime: 117944us
Permute: iterations=61 runtime: 152106us
Permute: iterations=62 runtime: 115774us
Permute: iterations=63 runtime: 121285us
Permute: iterations=64 runtime: 98789us
Permute: iterations=65 runtime: 98778us
Permute: iterations=66 runtime: 108542us
Permute: iterations=67 runtime: 108709us
Permute: iterations=68 runtime: 99281us
Permute: iterations=69 runtime: 99158us
Permute: iterations=70 runtime: 99069us
Permute: iterations=71 runtime: 99078us
Permute: iterations=72 runtime: 99169us
Permute: iterations=73 runtime: 99091us
Permute: iterations=74 runtime: 99169us
Permute: iterations=75 runtime: 99333us
Permute: iterations=76 runtime: 99460us
Permute: iterations=77 runtime: 99295us
Permute: iterations=78 runtime: 99278us
Permute: iterations=79 runtime: 99399us
Permute: iterations=80 runtime: 99310us
Permute: iterations=81 runtime: 99338us
Permute: iterations=82 runtime: 126554us
Permute: iterations=83 runtime: 169470us
Permute: iterations=84 runtime: 156652us
Permute: iterations=85 runtime: 98907us
Permute: iterations=86 runtime: 98855us
Permute: iterations=87 runtime: 115017us
Permute: iterations=88 runtime: 166576us
Permute: iterations=89 runtime: 163993us
Permute: iterations=90 runtime: 141408us
Permute: iterations=91 runtime: 154718us
Permute: iterations=92 runtime: 163145us
Permute: iterations=93 runtime: 163165us
Permute: iterations=94 runtime: 125953us
Permute: iterations=95 runtime: 98817us
Permute: iterations=96 runtime: 137342us
Permute: iterations=97 runtime: 162568us
Permute: iterations=98 runtime: 162617us
Permute: iterations=99 runtime: 100778us
Permute: iterations=100 runtime: 98908us
Permute: iterations=101 runtime: 99175us
Permute: iterations=102 runtime: 98955us
Permute: iterations=103 runtime: 98958us
Permute: iterations=104 runtime: 98980us
Permute: iterations=105 runtime: 100539us
Permute: iterations=106 runtime: 119361us
Permute: iterations=107 runtime: 162895us
Permute: iterations=108 runtime: 152364us
Permute: iterations=109 runtime: 140148us
Permute: iterations=110 runtime: 98787us
Permute: iterations=111 runtime: 107388us
Permute: iterations=112 runtime: 98845us
Permute: iterations=113 runtime: 99122us
Permute: iterations=114 runtime: 100739us
Permute: iterations=115 runtime: 162904us
Permute: iterations=116 runtime: 150343us
Permute: iterations=117 runtime: 162816us
Permute: iterations=118 runtime: 144426us
Permute: iterations=119 runtime: 98938us
Permute: iterations=120 runtime: 130885us
Permute: iterations=121 runtime: 163302us
Permute: iterations=122 runtime: 163211us
Permute: iterations=123 runtime: 126452us
Permute: iterations=124 runtime: 98917us
Permute: iterations=125 runtime: 98929us
Permute: iterations=126 runtime: 99309us
HumphreysTestPhase: comp = java.nio.Buffer.capacity()
HumphreysTestPhase: method transitions = 0
HumphreysTestPhase: comp = java.nio.charset.CharsetEncoder.maxBytesPerChar()
HumphreysTestPhase: method transitions = 0
Permute: iterations=127 runtime: 99120us
Permute: iterations=128 runtime: 99236us
Permute: iterations=129 runtime: 99196us
Permute: iterations=130 runtime: 99028us
Permute: iterations=131 runtime: 159180us
Permute: iterations=132 runtime: 150557us
Permute: iterations=133 runtime: 98920us
Permute: iterations=134 runtime: 98998us
Permute: iterations=135 runtime: 99093us
Permute: iterations=136 runtime: 99285us
Permute: iterations=137 runtime: 99110us
Permute: iterations=138 runtime: 99289us
Permute: iterations=139 runtime: 143208us
Permute: iterations=140 runtime: 129596us
Permute: iterations=141 runtime: 138563us
Permute: iterations=142 runtime: 125400us
Permute: iterations=143 runtime: 131304us
Permute: iterations=144 runtime: 98904us
Permute: iterations=145 runtime: 99011us
Permute: iterations=146 runtime: 99353us
Permute: iterations=147 runtime: 153004us
Permute: iterations=148 runtime: 164960us
Permute: iterations=149 runtime: 130246us
Permute: iterations=150 runtime: 98993us
Permute: iterations=151 runtime: 113889us
Permute: iterations=152 runtime: 119758us
Permute: iterations=153 runtime: 152209us
Permute: iterations=154 runtime: 153296us
Permute: iterations=155 runtime: 110431us
Permute: iterations=156 runtime: 98933us
Permute: iterations=157 runtime: 115343us
Permute: iterations=158 runtime: 162713us
Permute: iterations=159 runtime: 120914us
Permute: iterations=160 runtime: 99108us
Permute: iterations=161 runtime: 99064us
Permute: iterations=162 runtime: 99020us
Permute: iterations=163 runtime: 99225us
Permute: iterations=164 runtime: 98971us
Permute: iterations=165 runtime: 98980us
Permute: iterations=166 runtime: 98894us
Permute: iterations=167 runtime: 99095us
Permute: iterations=168 runtime: 130476us
Permute: iterations=169 runtime: 163359us
Permute: iterations=170 runtime: 121969us
Permute: iterations=171 runtime: 137412us
Permute: iterations=172 runtime: 152124us
Permute: iterations=173 runtime: 163022us
Permute: iterations=174 runtime: 154970us
Permute: iterations=175 runtime: 98967us
Permute: iterations=176 runtime: 98902us
Permute: iterations=177 runtime: 98914us
Permute: iterations=178 runtime: 109018us
Permute: iterations=179 runtime: 162501us
Permute: iterations=180 runtime: 135310us
Permute: iterations=181 runtime: 98791us
Permute: iterations=182 runtime: 99285us
Permute: iterations=183 runtime: 98976us
Permute: iterations=184 runtime: 98945us
Permute: iterations=185 runtime: 98917us
Permute: iterations=186 runtime: 99047us
Permute: iterations=187 runtime: 122867us
Permute: iterations=188 runtime: 108496us
Permute: iterations=189 runtime: 99114us
Permute: iterations=190 runtime: 114047us
Permute: iterations=191 runtime: 99000us
Permute: iterations=192 runtime: 99190us
Permute: iterations=193 runtime: 99239us
Permute: iterations=194 runtime: 99221us
Permute: iterations=195 runtime: 98958us
Permute: iterations=196 runtime: 99081us
HumphreysTestPhase: comp = java.lang.String.length()
HumphreysTestPhase: method transitions = 2
Permute: iterations=197 runtime: 99205us
Permute: iterations=198 runtime: 99359us
Permute: iterations=199 runtime: 99220us
Permute: iterations=200 runtime: 99140us
Permute: iterations=201 runtime: 99299us
Permute: iterations=202 runtime: 99124us
Permute: iterations=203 runtime: 137451us
Permute: iterations=204 runtime: 98929us
Permute: iterations=205 runtime: 98963us
Permute: iterations=206 runtime: 99099us
Permute: iterations=207 runtime: 132530us
Permute: iterations=208 runtime: 99068us
Permute: iterations=209 runtime: 98926us
Permute: iterations=210 runtime: 98821us
Permute: iterations=211 runtime: 115432us
Permute: iterations=212 runtime: 98871us
Permute: iterations=213 runtime: 108867us
Permute: iterations=214 runtime: 99105us
Permute: iterations=215 runtime: 145024us
Permute: iterations=216 runtime: 154449us
Permute: iterations=217 runtime: 162891us
Permute: iterations=218 runtime: 142914us
Permute: iterations=219 runtime: 119913us
Permute: iterations=220 runtime: 106559us
Permute: iterations=221 runtime: 164818us
Permute: iterations=222 runtime: 134674us
Permute: iterations=223 runtime: 99073us
Permute: iterations=224 runtime: 98883us
Permute: iterations=225 runtime: 99038us
Permute: iterations=226 runtime: 117845us
Permute: iterations=227 runtime: 99121us
Permute: iterations=228 runtime: 99142us
Permute: iterations=229 runtime: 99100us
Permute: iterations=230 runtime: 98959us
Permute: iterations=231 runtime: 99295us
Permute: iterations=232 runtime: 99160us
Permute: iterations=233 runtime: 99074us
Permute: iterations=234 runtime: 99226us
Permute: iterations=235 runtime: 99180us
Permute: iterations=236 runtime: 99269us
Permute: iterations=237 runtime: 99208us
Permute: iterations=238 runtime: 104270us
Permute: iterations=239 runtime: 157161us
Permute: iterations=240 runtime: 150247us
Permute: iterations=241 runtime: 100122us
Permute: iterations=242 runtime: 98963us
Permute: iterations=243 runtime: 99156us
Permute: iterations=244 runtime: 99202us
Permute: iterations=245 runtime: 99144us
Permute: iterations=246 runtime: 119608us
Permute: iterations=247 runtime: 99088us
Permute: iterations=248 runtime: 120403us
Permute: iterations=249 runtime: 148542us
Permute: iterations=250 runtime: 99043us
Permute: iterations=251 runtime: 99142us
Permute: iterations=252 runtime: 116040us
Permute: iterations=253 runtime: 98971us
Permute: iterations=254 runtime: 137528us
Permute: iterations=255 runtime: 109699us
Permute: iterations=256 runtime: 149878us
Permute: iterations=257 runtime: 164643us
Permute: iterations=258 runtime: 115312us
Permute: iterations=259 runtime: 99113us
Permute: iterations=260 runtime: 99110us
Permute: iterations=261 runtime: 99236us
Permute: iterations=262 runtime: 98965us
Permute: iterations=263 runtime: 99044us
Permute: iterations=264 runtime: 107988us
Permute: iterations=265 runtime: 108107us
Permute: iterations=266 runtime: 99210us
Permute: iterations=267 runtime: 148884us
Permute: iterations=268 runtime: 121823us
Permute: iterations=269 runtime: 152285us
Permute: iterations=270 runtime: 137051us
Permute: iterations=271 runtime: 132461us
Permute: iterations=272 runtime: 163763us
Permute: iterations=273 runtime: 162967us
Permute: iterations=274 runtime: 118829us
Permute: iterations=275 runtime: 99087us
Permute: iterations=276 runtime: 99234us
Permute: iterations=277 runtime: 98892us
Permute: iterations=278 runtime: 98985us
Permute: iterations=279 runtime: 99093us
Permute: iterations=280 runtime: 122268us
Permute: iterations=281 runtime: 120002us
Permute: iterations=282 runtime: 162810us
Permute: iterations=283 runtime: 147762us
Permute: iterations=284 runtime: 133429us
Permute: iterations=285 runtime: 98947us
Permute: iterations=286 runtime: 99055us
Permute: iterations=287 runtime: 98949us
Permute: iterations=288 runtime: 112103us
Permute: iterations=289 runtime: 167702us
Permute: iterations=290 runtime: 123482us
Permute: iterations=291 runtime: 121821us
Permute: iterations=292 runtime: 98962us
Permute: iterations=293 runtime: 98908us
Permute: iterations=294 runtime: 98994us
Permute: iterations=295 runtime: 98849us
Permute: iterations=296 runtime: 133222us
Permute: iterations=297 runtime: 162698us
Permute: iterations=298 runtime: 164790us
Permute: iterations=299 runtime: 121677us
Permute: iterations=300 runtime: 107334us
Permute: iterations=301 runtime: 99063us
Permute: iterations=302 runtime: 99032us
Permute: iterations=303 runtime: 165141us
Permute: iterations=304 runtime: 111087us
Permute: iterations=305 runtime: 128482us
Permute: iterations=306 runtime: 99256us
Permute: iterations=307 runtime: 99036us
Permute: iterations=308 runtime: 99083us
Permute: iterations=309 runtime: 99249us
Permute: iterations=310 runtime: 99293us
Permute: iterations=311 runtime: 99226us
Permute: iterations=312 runtime: 99327us
Permute: iterations=313 runtime: 99259us
Permute: iterations=314 runtime: 99218us
Permute: iterations=315 runtime: 107366us
Permute: iterations=316 runtime: 99011us
Permute: iterations=317 runtime: 99053us
Permute: iterations=318 runtime: 99298us
Permute: iterations=319 runtime: 99288us
Permute: iterations=320 runtime: 99128us
Permute: iterations=321 runtime: 99465us
Permute: iterations=322 runtime: 99262us
Permute: iterations=323 runtime: 99219us
Permute: iterations=324 runtime: 99350us
Permute: iterations=325 runtime: 121136us
Permute: iterations=326 runtime: 99164us
Permute: iterations=327 runtime: 100645us
Permute: iterations=328 runtime: 162607us
Permute: iterations=329 runtime: 115865us
Permute: iterations=330 runtime: 134000us
Permute: iterations=331 runtime: 162984us
Permute: iterations=332 runtime: 164298us
Permute: iterations=333 runtime: 162807us
Permute: iterations=334 runtime: 160481us
Permute: iterations=335 runtime: 116522us
Permute: iterations=336 runtime: 100860us
Permute: iterations=337 runtime: 98915us
Permute: iterations=338 runtime: 160631us
Permute: iterations=339 runtime: 162535us
Permute: iterations=340 runtime: 161341us
Permute: iterations=341 runtime: 98828us
Permute: iterations=342 runtime: 98920us
Permute: iterations=343 runtime: 99001us
Permute: iterations=344 runtime: 99184us
Permute: iterations=345 runtime: 114804us
Permute: iterations=346 runtime: 99060us
Permute: iterations=347 runtime: 99183us
Permute: iterations=348 runtime: 99154us
Permute: iterations=349 runtime: 155959us
Permute: iterations=350 runtime: 163069us
Permute: iterations=351 runtime: 165323us
Permute: iterations=352 runtime: 140919us
Permute: iterations=353 runtime: 98908us
Permute: iterations=354 runtime: 98971us
Permute: iterations=355 runtime: 98958us
Permute: iterations=356 runtime: 115398us
Permute: iterations=357 runtime: 127632us
Permute: iterations=358 runtime: 119136us
Permute: iterations=359 runtime: 155793us
Permute: iterations=360 runtime: 98742us
Permute: iterations=361 runtime: 103632us
Permute: iterations=362 runtime: 98816us
Permute: iterations=363 runtime: 99110us
Permute: iterations=364 runtime: 105420us
Permute: iterations=365 runtime: 115463us
Permute: iterations=366 runtime: 162133us
Permute: iterations=367 runtime: 163058us
Permute: iterations=368 runtime: 162844us
Permute: iterations=369 runtime: 165473us
Permute: iterations=370 runtime: 105107us
Permute: iterations=371 runtime: 150937us
Permute: iterations=372 runtime: 162685us
Permute: iterations=373 runtime: 141837us
Permute: iterations=374 runtime: 98873us
Permute: iterations=375 runtime: 147213us
Permute: iterations=376 runtime: 119465us
Permute: iterations=377 runtime: 110992us
Permute: iterations=378 runtime: 141548us
Permute: iterations=379 runtime: 152708us
Permute: iterations=380 runtime: 141736us
Permute: iterations=381 runtime: 141696us
Permute: iterations=382 runtime: 99015us
Permute: iterations=383 runtime: 138291us
Permute: iterations=384 runtime: 157859us
Permute: iterations=385 runtime: 111128us
Permute: iterations=386 runtime: 99834us
Permute: iterations=387 runtime: 121544us
Permute: iterations=388 runtime: 100356us
Permute: iterations=389 runtime: 163078us
Permute: iterations=390 runtime: 112962us
Permute: iterations=391 runtime: 162745us
Permute: iterations=392 runtime: 116781us
Permute: iterations=393 runtime: 111024us
Permute: iterations=394 runtime: 98761us
Permute: iterations=395 runtime: 98800us
Permute: iterations=396 runtime: 98912us
Permute: iterations=397 runtime: 98892us
Permute: iterations=398 runtime: 98906us
Permute: iterations=399 runtime: 128978us
Permute: iterations=400 runtime: 144335us
Permute: iterations=401 runtime: 98873us
Permute: iterations=402 runtime: 98883us
Permute: iterations=403 runtime: 113299us
Permute: iterations=404 runtime: 162814us
Permute: iterations=405 runtime: 128096us
Permute: iterations=406 runtime: 98768us
Permute: iterations=407 runtime: 98812us
Permute: iterations=408 runtime: 98890us
Permute: iterations=409 runtime: 98895us
Permute: iterations=410 runtime: 98928us
Permute: iterations=411 runtime: 99012us
Permute: iterations=412 runtime: 98995us
Permute: iterations=413 runtime: 99012us
Permute: iterations=414 runtime: 99079us
Permute: iterations=415 runtime: 130258us
Permute: iterations=416 runtime: 149699us
Permute: iterations=417 runtime: 113611us
Permute: iterations=418 runtime: 136401us
Permute: iterations=419 runtime: 98986us
Permute: iterations=420 runtime: 98992us
HumphreysTestPhase: comp = java.lang.StringLatin1.inflate(byte[], int, char[], int, int)
HumphreysTestPhase: method transitions = 0
Permute: iterations=421 runtime: 146066us
Permute: iterations=422 runtime: 99368us
Permute: iterations=423 runtime: 102351us
Permute: iterations=424 runtime: 104628us
Permute: iterations=425 runtime: 99115us
Permute: iterations=426 runtime: 98989us
Permute: iterations=427 runtime: 98883us
Permute: iterations=428 runtime: 98983us
Permute: iterations=429 runtime: 99018us
Permute: iterations=430 runtime: 99097us
Permute: iterations=431 runtime: 99093us
Permute: iterations=432 runtime: 99030us
Permute: iterations=433 runtime: 98963us
Permute: iterations=434 runtime: 99005us
Permute: iterations=435 runtime: 98884us
Permute: iterations=436 runtime: 98852us
Permute: iterations=437 runtime: 98896us
Permute: iterations=438 runtime: 98936us
Permute: iterations=439 runtime: 113931us
Permute: iterations=440 runtime: 126758us
Permute: iterations=441 runtime: 136659us
Permute: iterations=442 runtime: 98858us
Permute: iterations=443 runtime: 155120us
Permute: iterations=444 runtime: 102118us
Permute: iterations=445 runtime: 98906us
Permute: iterations=446 runtime: 98934us
Permute: iterations=447 runtime: 99184us
Permute: iterations=448 runtime: 99196us
Permute: iterations=449 runtime: 99102us
Permute: iterations=450 runtime: 99136us
Permute: iterations=451 runtime: 99194us
Permute: iterations=452 runtime: 99099us
Permute: iterations=453 runtime: 99168us
Permute: iterations=454 runtime: 99069us
Permute: iterations=455 runtime: 99119us
Permute: iterations=456 runtime: 162607us
Permute: iterations=457 runtime: 162363us
Permute: iterations=458 runtime: 98914us
Permute: iterations=459 runtime: 138383us
Permute: iterations=460 runtime: 122823us
Permute: iterations=461 runtime: 163206us
Permute: iterations=462 runtime: 162474us
Permute: iterations=463 runtime: 124177us
Permute: iterations=464 runtime: 99005us
Permute: iterations=465 runtime: 98836us
Permute: iterations=466 runtime: 98869us
Permute: iterations=467 runtime: 105510us
Permute: iterations=468 runtime: 117197us
Permute: iterations=469 runtime: 99042us
Permute: iterations=470 runtime: 99111us
Permute: iterations=471 runtime: 99031us
Permute: iterations=472 runtime: 99188us
Permute: iterations=473 runtime: 99188us
Permute: iterations=474 runtime: 99073us
Permute: iterations=475 runtime: 99115us
Permute: iterations=476 runtime: 99145us
Permute: iterations=477 runtime: 99282us
Permute: iterations=478 runtime: 99055us
Permute: iterations=479 runtime: 99101us
Permute: iterations=480 runtime: 99060us
Permute: iterations=481 runtime: 99071us
Permute: iterations=482 runtime: 99034us
Permute: iterations=483 runtime: 99033us
Permute: iterations=484 runtime: 149442us
Permute: iterations=485 runtime: 115143us
Permute: iterations=486 runtime: 124909us
Permute: iterations=487 runtime: 150815us
Permute: iterations=488 runtime: 162812us
Permute: iterations=489 runtime: 164128us
Permute: iterations=490 runtime: 128177us
Permute: iterations=491 runtime: 99546us
Permute: iterations=492 runtime: 142146us
Permute: iterations=493 runtime: 98761us
Permute: iterations=494 runtime: 98851us
Permute: iterations=495 runtime: 98832us
HumphreysTestPhase: comp = java.lang.StringCoding.implEncodeAsciiArray(char[], int, byte[], int, int)
HumphreysTestPhase: method transitions = 0
HumphreysTestPhase: comp = java.lang.StringCoding.implEncodeAsciiArray(char[], int, byte[], int, int)
HumphreysTestPhase: method transitions = 0
Permute: iterations=496 runtime: 98916us
Permute: iterations=497 runtime: 162827us
Permute: iterations=498 runtime: 162472us
Permute: iterations=499 runtime: 162612us
Permute: iterations=500 runtime: 129787us
HumphreysTestPhase: comp = jdk.internal.constant.PrimitiveClassDescImpl.descriptorString()
HumphreysTestPhase: method transitions = 0
HumphreysTestPhase: comp = jdk.internal.classfile.impl.AbstractPoolEntry.hashCode()
HumphreysTestPhase: method transitions = 0
HumphreysTestPhase: comp = jdk.internal.constant.ClassOrInterfaceDescImpl.isClassOrInterface()
HumphreysTestPhase: method transitions = 0
HumphreysTestPhase: comp = java.util.ArrayList.size()
HumphreysTestPhase: method transitions = 0
HumphreysTestPhase: comp = jdk.internal.classfile.impl.AbstractPoolEntry$ClassEntryImpl.tag()
HumphreysTestPhase: method transitions = 0
HumphreysTestPhase: comp = java.lang.invoke.MethodTypeForm.erasedType()
HumphreysTestPhase: method transitions = 0
Permute: iterations=500 average: 117767us total: 58883715us


Total Runtime: 58883715us
-- Permute completed successfully.
