========================================
Benchmark : Queens
Timestamp : 2025-10-21T20:41:13+01:00
Java      : HumphreysTestPhase: comp = java.lang.Object.<init>() HumphreysTestPhase: method transitions = 0 HumphreysTestPhase: comp = Stub<ExceptionHandlerStub.exceptionHandler> HumphreysTestPhase: method transitions = 0 HumphreysTestPhase: comp = java.lang.String.hashCode() HumphreysTestPhase: method transitions = 0 HumphreysTestPhase: comp = java.lang.Byte.toUnsignedInt(byte) HumphreysTestPhase: method transitions = 0 HumphreysTestPhase: comp = java.util.Objects.requireNonNull(Object) HumphreysTestPhase: method transitions = 0 HumphreysTestPhase: comp = java.util.HashMap.afterNodeInsertion(boolean) HumphreysTestPhase: method transitions = 0 HumphreysTestPhase: comp = java.util.ImmutableCollections$SetN$SetNIterator.hasNext() HumphreysTestPhase: method transitions = 0 HumphreysTestPhase: comp = java.util.ImmutableCollections$SetN$SetNIterator.next() HumphreysTestPhase: method transitions = 0 openjdk version "25" 2025-09-16 OpenJDK Runtime Environment GraalVM CE 25.1.0-dev+37.1 (build 25+37-jvmci-b06) OpenJDK 64-Bit Server VM GraalVM CE 25.1.0-dev+37.1 (build 25+37-jvmci-b06, mixed mode, sharing) 
Cmd:
  ./latest_graalvm_home/bin/java   -Djdk.graal.TrackNodeSourcePosition=true   -Djdk.graal.MinGraphSize=120   -XX:+UnlockExperimentalVMOptions   -XX:+UnlockDiagnosticVMOptions   -XX:+EnableJVMCI   -Djdk.graal.CompilationFailureAction=Diagnose   -XX:+UseJVMCICompiler   -XX:+UseJVMCINativeLibrary   -XX:-TieredCompilation   -XX:-BackgroundCompilation   --add-exports=jdk.graal.compiler/jdk.graal.compiler.hotspot.meta.Bubo=ALL-UNNAMED   --add-exports=jdk.graal.compiler/jdk.graal.compiler.phases.common=ALL-UNNAMED   -cp   /home/hb478/repos/are-we-fast-yet/benchmarks/Java/benchmarks.jar   Harness   Queens   500   5000 
========================================
HumphreysTestPhase: comp = java.lang.module.ModuleDescriptor.name()
HumphreysTestPhase: method transitions = 0
HumphreysTestPhase: comp = Stub<ExceptionHandlerStub.exceptionHandler>
HumphreysTestPhase: method transitions = 0
HumphreysTestPhase: comp = java.lang.module.ModuleReference.descriptor()
HumphreysTestPhase: method transitions = 0
HumphreysTestPhase: comp = java.lang.Enum.ordinal()
HumphreysTestPhase: method transitions = 0
HumphreysTestPhase: comp = java.lang.Class.isPrimitive()
HumphreysTestPhase: method transitions = 0
HumphreysTestPhase: comp = jdk.internal.util.StrongReferenceKey.get()
HumphreysTestPhase: method transitions = 0
HumphreysTestPhase: comp = java.lang.Class.getClassLoader()
HumphreysTestPhase: method transitions = 0
HumphreysTestPhase: comp = java.lang.invoke.MethodType.returnType()
HumphreysTestPhase: method transitions = 0
HumphreysTestPhase: comp = jdk.internal.classfile.impl.AbstractPoolEntry.index()
HumphreysTestPhase: method transitions = 0
HumphreysTestPhase: comp = java.lang.invoke.MemberName.getDeclaringClass()
HumphreysTestPhase: method transitions = 0
HumphreysTestPhase: comp = java.lang.invoke.MethodType.form()
HumphreysTestPhase: method transitions = 0
HumphreysTestPhase: comp = java.util.stream.FindOps$FindSink.cancellationRequested()
HumphreysTestPhase: method transitions = 0
HumphreysTestPhase: comp = java.lang.Object.<init>()
HumphreysTestPhase: method transitions = 0
HumphreysTestPhase: comp = jdk.internal.module.ModuleReferenceImpl.moduleResolution()
HumphreysTestPhase: method transitions = 0
HumphreysTestPhase: comp = java.lang.String.hashCode()
HumphreysTestPhase: method transitions = 6
HumphreysTestPhase: comp = java.lang.module.ModuleDescriptor$Requires.modifiers()
HumphreysTestPhase: method transitions = 0
HumphreysTestPhase: comp = java.lang.module.ModuleDescriptor$Requires.name()
HumphreysTestPhase: method transitions = 0
HumphreysTestPhase: comp = java.lang.module.ModuleDescriptor.requires()
HumphreysTestPhase: method transitions = 0
HumphreysTestPhase: comp = java.lang.module.ModuleDescriptor.isAutomatic()
HumphreysTestPhase: method transitions = 0
HumphreysTestPhase: comp = java.util.HashMap$Node.getKey()
HumphreysTestPhase: method transitions = 0
HumphreysTestPhase: comp = java.util.HashMap$Node.getValue()
HumphreysTestPhase: method transitions = 0
HumphreysTestPhase: comp = java.util.ImmutableCollections$Set12.isEmpty()
HumphreysTestPhase: method transitions = 0
HumphreysTestPhase: comp = java.lang.module.ModuleDescriptor$Exports.source()
HumphreysTestPhase: method transitions = 0
HumphreysTestPhase: comp = java.lang.module.ModuleDescriptor$Exports.targets()
HumphreysTestPhase: method transitions = 0
HumphreysTestPhase: comp = java.lang.module.ModuleDescriptor.provides()
HumphreysTestPhase: method transitions = 0
HumphreysTestPhase: comp = java.lang.module.ModuleDescriptor.exports()
HumphreysTestPhase: method transitions = 0
HumphreysTestPhase: comp = java.util.Objects.requireNonNull(Object)
HumphreysTestPhase: method transitions = 0
HumphreysTestPhase: comp = java.util.ImmutableCollections$SetN$SetNIterator.hasNext()
HumphreysTestPhase: method transitions = 0
HumphreysTestPhase: comp = java.lang.module.ModuleDescriptor.uses()
HumphreysTestPhase: method transitions = 0
HumphreysTestPhase: comp = java.util.ImmutableCollections$SetN$SetNIterator.next()
HumphreysTestPhase: method transitions = 0
HumphreysTestPhase: comp = Stub<identity_hashcode(Object)int>
HumphreysTestPhase: method transitions = 0
HumphreysTestPhase: comp = java.util.HashMap.hash(Object)
HumphreysTestPhase: method transitions = 21
HumphreysTestPhase: comp = java.lang.module.ModuleDescriptor$Exports.isQualified()
HumphreysTestPhase: method transitions = 2
HumphreysTestPhase: comp = java.lang.module.ModuleDescriptor$Provides.service()
HumphreysTestPhase: method transitions = 0
HumphreysTestPhase: comp = java.lang.Byte.toUnsignedInt(byte)
HumphreysTestPhase: method transitions = 0
HumphreysTestPhase: comp = Stub<new_instance_or_null(KlassPointer)Object>
HumphreysTestPhase: method transitions = 0
HumphreysTestPhase: comp = Stub<LookUpSecondarySupersTableStub.lookupSecondarySupersTableSlowPath>
HumphreysTestPhase: method transitions = 0
HumphreysTestPhase: comp = Stub<write_barrier_pre-stack-only(Object)void>
HumphreysTestPhase: method transitions = 0
HumphreysTestPhase: comp = Stub<write_barrier_post-stack-only(Word)void>
HumphreysTestPhase: method transitions = 0
HumphreysTestPhase: comp = java.util.HashMap.putVal(int, Object, Object, boolean, boolean)
HumphreysTestPhase: method transitions = 37
HumphreysTestPhase: comp = java.lang.String.equals(Object)
HumphreysTestPhase: method transitions = 11
HumphreysTestPhase: comp = java.util.KeyValueHolder.getKey()
HumphreysTestPhase: method transitions = 0
HumphreysTestPhase: comp = java.util.KeyValueHolder.getValue()
HumphreysTestPhase: method transitions = 0
HumphreysTestPhase: comp = java.lang.module.ModuleDescriptor.packages()
HumphreysTestPhase: method transitions = 0
HumphreysTestPhase: comp = java.lang.module.ResolvedModule.reference()
HumphreysTestPhase: method transitions = 0
HumphreysTestPhase: comp = java.util.HashMap$Node.<init>(int, Object, Object, HashMap$Node)
HumphreysTestPhase: method transitions = 0
HumphreysTestPhase: comp = java.lang.module.ModuleDescriptor$Version.toString()
HumphreysTestPhase: method transitions = 0
HumphreysTestPhase: comp = java.lang.AbstractStringBuilder.length()
HumphreysTestPhase: method transitions = 0
HumphreysTestPhase: comp = java.util.HashMap.newNode(int, Object, Object, HashMap$Node)
HumphreysTestPhase: method transitions = 6
HumphreysTestPhase: comp = java.util.HashMap.afterNodeInsertion(boolean)
HumphreysTestPhase: method transitions = 0
HumphreysTestPhase: comp = Stub<new_array_or_null(KlassPointer,int)Object>
HumphreysTestPhase: method transitions = 0
HumphreysTestPhase: comp = java.util.HashMap.resize()
HumphreysTestPhase: method transitions = 12
HumphreysTestPhase: comp = java.lang.module.ResolvedModule.configuration()
HumphreysTestPhase: method transitions = 0
HumphreysTestPhase: comp = java.lang.module.ModuleDescriptor.isOpen()
HumphreysTestPhase: method transitions = 0
HumphreysTestPhase: comp = java.util.HashMap.size()
HumphreysTestPhase: method transitions = 0
HumphreysTestPhase: comp = jdk.internal.classfile.impl.AbstractPoolEntry.width()
HumphreysTestPhase: method transitions = 0
HumphreysTestPhase: comp = jdk.internal.classfile.impl.SplitConstantPool.size()
HumphreysTestPhase: method transitions = 0
HumphreysTestPhase: comp = java.lang.invoke.MethodType.ptypes()
HumphreysTestPhase: method transitions = 0
HumphreysTestPhase: comp = java.util.zip.ZipCoder$UTF8ZipCoder.isUTF8()
HumphreysTestPhase: method transitions = 0
HumphreysTestPhase: comp = java.lang.AbstractStringBuilder.getValue()
HumphreysTestPhase: method transitions = 0
HumphreysTestPhase: comp = java.lang.StringLatin1.equals(byte[], byte[])
HumphreysTestPhase: method transitions = 0
HumphreysTestPhase: comp = jdk.internal.classfile.impl.AbstractPoolEntry.constantPool()
HumphreysTestPhase: method transitions = 0
HumphreysTestPhase: comp = jdk.internal.classfile.impl.RawBytecodeHelper.bci()
HumphreysTestPhase: method transitions = 0
Starting Queens benchmark ...
HumphreysTestPhase: comp = Queens.getRowColumn(int, int)
HumphreysTestPhase: method transitions = 0
HumphreysTestPhase: comp = Queens.placeQueen(int)
HumphreysTestPhase: method transitions = 87
HumphreysTestPhase: comp = java.util.Arrays.fill(boolean[], boolean)
HumphreysTestPhase: method transitions = 0
HumphreysTestPhase: comp = java.lang.Boolean.booleanValue()
HumphreysTestPhase: method transitions = 0
HumphreysTestPhase: comp = java.util.Arrays.fill(int[], int)
HumphreysTestPhase: method transitions = 0
HumphreysTestPhase: comp = Queens.queens()
HumphreysTestPhase: method transitions = 23
HumphreysTestPhase: comp = Queens.benchmark()
HumphreysTestPhase: method transitions = 223
HumphreysTestPhase: comp = jdk.internal.constant.ClassOrInterfaceDescImpl.descriptorString()
HumphreysTestPhase: method transitions = 0
HumphreysTestPhase: comp = java.lang.String.value()
HumphreysTestPhase: method transitions = 0
HumphreysTestPhase: comp = java.lang.String.coder()
HumphreysTestPhase: method transitions = 0
HumphreysTestPhase: comp = jdk.internal.classfile.impl.BufWriterImpl.size()
HumphreysTestPhase: method transitions = 0
HumphreysTestPhase: comp = jdk.internal.util.WeakReferenceKey.hashCode()
HumphreysTestPhase: method transitions = 0
HumphreysTestPhase: comp = jdk.internal.classfile.impl.AbstractDirectBuilder.constantPool()
HumphreysTestPhase: method transitions = 0
Queens: iterations=1 runtime: 237188us
HumphreysTestPhase: comp = Queens.verifyResult(Object)
HumphreysTestPhase: method transitions = 1
Queens: iterations=2 runtime: 70037us
Queens: iterations=3 runtime: 68907us
Queens: iterations=4 runtime: 69010us
HumphreysTestPhase: comp = Stub<OSR_migration_end(long)void>
HumphreysTestPhase: method transitions = 0
HumphreysTestPhase: comp = Benchmark.innerBenchmarkLoop(int)
HumphreysTestPhase: method transitions = 24
HumphreysTestPhase: comp = Benchmark.innerBenchmarkLoop(int)
HumphreysTestPhase: method transitions = 15
Queens: iterations=5 runtime: 94529us
Queens: iterations=6 runtime: 116177us
Queens: iterations=7 runtime: 118299us
Queens: iterations=8 runtime: 115809us
Queens: iterations=9 runtime: 86506us
Queens: iterations=10 runtime: 79638us
Queens: iterations=11 runtime: 68365us
Queens: iterations=12 runtime: 68343us
Queens: iterations=13 runtime: 98254us
Queens: iterations=14 runtime: 116436us
Queens: iterations=15 runtime: 116795us
Queens: iterations=16 runtime: 76103us
Queens: iterations=17 runtime: 68729us
Queens: iterations=18 runtime: 68621us
Queens: iterations=19 runtime: 109111us
Queens: iterations=20 runtime: 68684us
Queens: iterations=21 runtime: 68747us
Queens: iterations=22 runtime: 68723us
Queens: iterations=23 runtime: 68913us
Queens: iterations=24 runtime: 70272us
Queens: iterations=25 runtime: 80225us
Queens: iterations=26 runtime: 116310us
Queens: iterations=27 runtime: 116276us
Queens: iterations=28 runtime: 116255us
Queens: iterations=29 runtime: 116301us
HumphreysTestPhase: comp = java.nio.Buffer.position()
HumphreysTestPhase: method transitions = 0
Queens: iterations=30 runtime: 116203us
Queens: iterations=31 runtime: 116210us
Queens: iterations=32 runtime: 115991us
Queens: iterations=33 runtime: 116480us
Queens: iterations=34 runtime: 118189us
Queens: iterations=35 runtime: 115973us
Queens: iterations=36 runtime: 68313us
Queens: iterations=37 runtime: 68253us
Queens: iterations=38 runtime: 68293us
Queens: iterations=39 runtime: 68394us
HumphreysTestPhase: comp = java.nio.Buffer.limit()
HumphreysTestPhase: method transitions = 0
Queens: iterations=40 runtime: 68458us
Queens: iterations=41 runtime: 68548us
Queens: iterations=42 runtime: 68915us
Queens: iterations=43 runtime: 69041us
Queens: iterations=44 runtime: 68982us
Queens: iterations=45 runtime: 68899us
Queens: iterations=46 runtime: 68843us
Queens: iterations=47 runtime: 71147us
Queens: iterations=48 runtime: 93912us
Queens: iterations=49 runtime: 116890us
Queens: iterations=50 runtime: 116858us
Queens: iterations=51 runtime: 116896us
Queens: iterations=52 runtime: 116935us
Queens: iterations=53 runtime: 116673us
Queens: iterations=54 runtime: 116603us
Queens: iterations=55 runtime: 106538us
Queens: iterations=56 runtime: 69335us
Queens: iterations=57 runtime: 69482us
Queens: iterations=58 runtime: 69500us
Queens: iterations=59 runtime: 69424us
Queens: iterations=60 runtime: 69326us
Queens: iterations=61 runtime: 69352us
Queens: iterations=62 runtime: 95434us
Queens: iterations=63 runtime: 116447us
Queens: iterations=64 runtime: 101054us
Queens: iterations=65 runtime: 116691us
Queens: iterations=66 runtime: 116884us
Queens: iterations=67 runtime: 89742us
Queens: iterations=68 runtime: 71281us
Queens: iterations=69 runtime: 119591us
Queens: iterations=70 runtime: 119737us
Queens: iterations=71 runtime: 119577us
Queens: iterations=72 runtime: 119487us
Queens: iterations=73 runtime: 119571us
Queens: iterations=74 runtime: 118128us
Queens: iterations=75 runtime: 73051us
Queens: iterations=76 runtime: 72973us
Queens: iterations=77 runtime: 72827us
Queens: iterations=78 runtime: 92916us
Queens: iterations=79 runtime: 119280us
Queens: iterations=80 runtime: 119255us
Queens: iterations=81 runtime: 119266us
Queens: iterations=82 runtime: 119165us
Queens: iterations=83 runtime: 119182us
Queens: iterations=84 runtime: 113695us
Queens: iterations=85 runtime: 113529us
Queens: iterations=86 runtime: 118156us
Queens: iterations=87 runtime: 103015us
Queens: iterations=88 runtime: 73462us
Queens: iterations=89 runtime: 73006us
Queens: iterations=90 runtime: 110797us
Queens: iterations=91 runtime: 84317us
Queens: iterations=92 runtime: 68237us
Queens: iterations=93 runtime: 68241us
Queens: iterations=94 runtime: 68478us
Queens: iterations=95 runtime: 68451us
Queens: iterations=96 runtime: 68484us
Queens: iterations=97 runtime: 68481us
Queens: iterations=98 runtime: 68528us
Queens: iterations=99 runtime: 71927us
Queens: iterations=100 runtime: 114666us
Queens: iterations=101 runtime: 80673us
Queens: iterations=102 runtime: 93359us
Queens: iterations=103 runtime: 103391us
Queens: iterations=104 runtime: 115883us
Queens: iterations=105 runtime: 106120us
Queens: iterations=106 runtime: 115741us
Queens: iterations=107 runtime: 115797us
Queens: iterations=108 runtime: 74824us
Queens: iterations=109 runtime: 68286us
Queens: iterations=110 runtime: 91328us
Queens: iterations=111 runtime: 68291us
Queens: iterations=112 runtime: 68461us
Queens: iterations=113 runtime: 69192us
Queens: iterations=114 runtime: 69535us
Queens: iterations=115 runtime: 87563us
Queens: iterations=116 runtime: 68460us
Queens: iterations=117 runtime: 113476us
Queens: iterations=118 runtime: 77626us
Queens: iterations=119 runtime: 68275us
Queens: iterations=120 runtime: 68305us
Queens: iterations=121 runtime: 68308us
Queens: iterations=122 runtime: 90844us
Queens: iterations=123 runtime: 116266us
Queens: iterations=124 runtime: 116156us
Queens: iterations=125 runtime: 116107us
Queens: iterations=126 runtime: 118671us
HumphreysTestPhase: comp = java.nio.Buffer.capacity()
HumphreysTestPhase: method transitions = 0
HumphreysTestPhase: comp = java.nio.charset.CharsetEncoder.maxBytesPerChar()
HumphreysTestPhase: method transitions = 0
Queens: iterations=127 runtime: 96516us
Queens: iterations=128 runtime: 68388us
Queens: iterations=129 runtime: 68480us
Queens: iterations=130 runtime: 68276us
Queens: iterations=131 runtime: 68417us
Queens: iterations=132 runtime: 68302us
Queens: iterations=133 runtime: 98834us
Queens: iterations=134 runtime: 68353us
Queens: iterations=135 runtime: 69077us
Queens: iterations=136 runtime: 93990us
Queens: iterations=137 runtime: 115699us
Queens: iterations=138 runtime: 115686us
Queens: iterations=139 runtime: 115648us
Queens: iterations=140 runtime: 115610us
Queens: iterations=141 runtime: 113196us
Queens: iterations=142 runtime: 68350us
Queens: iterations=143 runtime: 103310us
Queens: iterations=144 runtime: 115781us
Queens: iterations=145 runtime: 92821us
Queens: iterations=146 runtime: 69671us
Queens: iterations=147 runtime: 76416us
Queens: iterations=148 runtime: 115906us
Queens: iterations=149 runtime: 115729us
Queens: iterations=150 runtime: 108766us
Queens: iterations=151 runtime: 91391us
Queens: iterations=152 runtime: 92736us
Queens: iterations=153 runtime: 115991us
Queens: iterations=154 runtime: 116960us
Queens: iterations=155 runtime: 91556us
Queens: iterations=156 runtime: 115929us
Queens: iterations=157 runtime: 115812us
Queens: iterations=158 runtime: 116703us
Queens: iterations=159 runtime: 115884us
Queens: iterations=160 runtime: 115751us
Queens: iterations=161 runtime: 115934us
Queens: iterations=162 runtime: 115988us
Queens: iterations=163 runtime: 102067us
Queens: iterations=164 runtime: 68512us
Queens: iterations=165 runtime: 81184us
Queens: iterations=166 runtime: 108277us
Queens: iterations=167 runtime: 118634us
Queens: iterations=168 runtime: 82307us
Queens: iterations=169 runtime: 116261us
Queens: iterations=170 runtime: 116139us
Queens: iterations=171 runtime: 70181us
Queens: iterations=172 runtime: 68355us
Queens: iterations=173 runtime: 93361us
Queens: iterations=174 runtime: 87336us
Queens: iterations=175 runtime: 68299us
Queens: iterations=176 runtime: 112182us
Queens: iterations=177 runtime: 115899us
Queens: iterations=178 runtime: 115966us
Queens: iterations=179 runtime: 76308us
Queens: iterations=180 runtime: 70934us
Queens: iterations=181 runtime: 87040us
Queens: iterations=182 runtime: 86567us
Queens: iterations=183 runtime: 98853us
Queens: iterations=184 runtime: 68651us
Queens: iterations=185 runtime: 68558us
Queens: iterations=186 runtime: 85031us
Queens: iterations=187 runtime: 124764us
Queens: iterations=188 runtime: 108642us
Queens: iterations=189 runtime: 68464us
Queens: iterations=190 runtime: 68479us
Queens: iterations=191 runtime: 68517us
Queens: iterations=192 runtime: 76315us
Queens: iterations=193 runtime: 68587us
Queens: iterations=194 runtime: 106393us
Queens: iterations=195 runtime: 116264us
Queens: iterations=196 runtime: 123932us
HumphreysTestPhase: comp = java.lang.String.length()
HumphreysTestPhase: method transitions = 2
Queens: iterations=197 runtime: 88707us
Queens: iterations=198 runtime: 68643us
Queens: iterations=199 runtime: 68654us
Queens: iterations=200 runtime: 68661us
Queens: iterations=201 runtime: 84455us
Queens: iterations=202 runtime: 117128us
Queens: iterations=203 runtime: 116376us
Queens: iterations=204 runtime: 84731us
Queens: iterations=205 runtime: 116151us
Queens: iterations=206 runtime: 116188us
Queens: iterations=207 runtime: 116229us
Queens: iterations=208 runtime: 115330us
Queens: iterations=209 runtime: 68360us
Queens: iterations=210 runtime: 68300us
Queens: iterations=211 runtime: 70680us
Queens: iterations=212 runtime: 116176us
Queens: iterations=213 runtime: 110270us
Queens: iterations=214 runtime: 68282us
Queens: iterations=215 runtime: 68378us
Queens: iterations=216 runtime: 68356us
Queens: iterations=217 runtime: 68287us
Queens: iterations=218 runtime: 68326us
Queens: iterations=219 runtime: 68434us
Queens: iterations=220 runtime: 68314us
Queens: iterations=221 runtime: 68338us
Queens: iterations=222 runtime: 68513us
Queens: iterations=223 runtime: 68456us
Queens: iterations=224 runtime: 78867us
Queens: iterations=225 runtime: 89376us
Queens: iterations=226 runtime: 68452us
Queens: iterations=227 runtime: 68507us
Queens: iterations=228 runtime: 83732us
Queens: iterations=229 runtime: 68470us
Queens: iterations=230 runtime: 85990us
Queens: iterations=231 runtime: 74903us
Queens: iterations=232 runtime: 68624us
Queens: iterations=233 runtime: 68530us
Queens: iterations=234 runtime: 90205us
Queens: iterations=235 runtime: 115948us
Queens: iterations=236 runtime: 109804us
Queens: iterations=237 runtime: 115716us
Queens: iterations=238 runtime: 115846us
Queens: iterations=239 runtime: 115836us
Queens: iterations=240 runtime: 115792us
Queens: iterations=241 runtime: 82010us
Queens: iterations=242 runtime: 68275us
Queens: iterations=243 runtime: 91464us
Queens: iterations=244 runtime: 80119us
Queens: iterations=245 runtime: 68354us
Queens: iterations=246 runtime: 69076us
Queens: iterations=247 runtime: 68337us
Queens: iterations=248 runtime: 68371us
Queens: iterations=249 runtime: 68459us
Queens: iterations=250 runtime: 68442us
Queens: iterations=251 runtime: 68423us
Queens: iterations=252 runtime: 68368us
Queens: iterations=253 runtime: 68414us
Queens: iterations=254 runtime: 68416us
Queens: iterations=255 runtime: 68476us
Queens: iterations=256 runtime: 83710us
Queens: iterations=257 runtime: 112489us
Queens: iterations=258 runtime: 68392us
Queens: iterations=259 runtime: 68549us
Queens: iterations=260 runtime: 82616us
Queens: iterations=261 runtime: 116023us
Queens: iterations=262 runtime: 101402us
Queens: iterations=263 runtime: 68401us
Queens: iterations=264 runtime: 68321us
Queens: iterations=265 runtime: 68388us
Queens: iterations=266 runtime: 68395us
Queens: iterations=267 runtime: 82796us
Queens: iterations=268 runtime: 68549us
Queens: iterations=269 runtime: 70370us
Queens: iterations=270 runtime: 68400us
Queens: iterations=271 runtime: 68297us
Queens: iterations=272 runtime: 68311us
Queens: iterations=273 runtime: 76777us
Queens: iterations=274 runtime: 115134us
Queens: iterations=275 runtime: 68423us
Queens: iterations=276 runtime: 68455us
Queens: iterations=277 runtime: 89989us
Queens: iterations=278 runtime: 68608us
Queens: iterations=279 runtime: 68572us
Queens: iterations=280 runtime: 91093us
Queens: iterations=281 runtime: 90341us
Queens: iterations=282 runtime: 68601us
Queens: iterations=283 runtime: 106950us
Queens: iterations=284 runtime: 91755us
Queens: iterations=285 runtime: 68437us
Queens: iterations=286 runtime: 68619us
Queens: iterations=287 runtime: 107569us
Queens: iterations=288 runtime: 116210us
Queens: iterations=289 runtime: 81098us
Queens: iterations=290 runtime: 68579us
Queens: iterations=291 runtime: 69107us
Queens: iterations=292 runtime: 72970us
Queens: iterations=293 runtime: 111588us
Queens: iterations=294 runtime: 105038us
Queens: iterations=295 runtime: 68410us
Queens: iterations=296 runtime: 68496us
Queens: iterations=297 runtime: 94628us
Queens: iterations=298 runtime: 116039us
Queens: iterations=299 runtime: 116139us
Queens: iterations=300 runtime: 116125us
Queens: iterations=301 runtime: 116068us
Queens: iterations=302 runtime: 119880us
Queens: iterations=303 runtime: 118012us
Queens: iterations=304 runtime: 79753us
Queens: iterations=305 runtime: 68455us
Queens: iterations=306 runtime: 68306us
Queens: iterations=307 runtime: 84767us
Queens: iterations=308 runtime: 116054us
Queens: iterations=309 runtime: 115943us
Queens: iterations=310 runtime: 115989us
Queens: iterations=311 runtime: 115966us
Queens: iterations=312 runtime: 73662us
Queens: iterations=313 runtime: 69361us
Queens: iterations=314 runtime: 68924us
Queens: iterations=315 runtime: 68734us
Queens: iterations=316 runtime: 93012us
Queens: iterations=317 runtime: 72879us
Queens: iterations=318 runtime: 105566us
Queens: iterations=319 runtime: 68386us
Queens: iterations=320 runtime: 76602us
Queens: iterations=321 runtime: 108532us
Queens: iterations=322 runtime: 115793us
Queens: iterations=323 runtime: 115902us
Queens: iterations=324 runtime: 115891us
Queens: iterations=325 runtime: 115953us
Queens: iterations=326 runtime: 91667us
Queens: iterations=327 runtime: 68405us
Queens: iterations=328 runtime: 68478us
Queens: iterations=329 runtime: 68399us
Queens: iterations=330 runtime: 68382us
Queens: iterations=331 runtime: 68411us
Queens: iterations=332 runtime: 68422us
Queens: iterations=333 runtime: 68413us
Queens: iterations=334 runtime: 104589us
Queens: iterations=335 runtime: 118138us
Queens: iterations=336 runtime: 117098us
Queens: iterations=337 runtime: 117161us
Queens: iterations=338 runtime: 105895us
Queens: iterations=339 runtime: 69572us
Queens: iterations=340 runtime: 69840us
Queens: iterations=341 runtime: 104349us
Queens: iterations=342 runtime: 117159us
Queens: iterations=343 runtime: 117193us
Queens: iterations=344 runtime: 95960us
Queens: iterations=345 runtime: 69629us
Queens: iterations=346 runtime: 69627us
Queens: iterations=347 runtime: 69521us
Queens: iterations=348 runtime: 69555us
Queens: iterations=349 runtime: 69538us
Queens: iterations=350 runtime: 69704us
Queens: iterations=351 runtime: 69764us
Queens: iterations=352 runtime: 69680us
Queens: iterations=353 runtime: 69671us
Queens: iterations=354 runtime: 69739us
Queens: iterations=355 runtime: 69713us
Queens: iterations=356 runtime: 69673us
Queens: iterations=357 runtime: 70064us
Queens: iterations=358 runtime: 78287us
Queens: iterations=359 runtime: 114786us
Queens: iterations=360 runtime: 76288us
Queens: iterations=361 runtime: 101797us
Queens: iterations=362 runtime: 115232us
Queens: iterations=363 runtime: 117239us
Queens: iterations=364 runtime: 76308us
Queens: iterations=365 runtime: 69622us
Queens: iterations=366 runtime: 69622us
Queens: iterations=367 runtime: 69539us
Queens: iterations=368 runtime: 102309us
Queens: iterations=369 runtime: 117267us
Queens: iterations=370 runtime: 117347us
Queens: iterations=371 runtime: 117221us
Queens: iterations=372 runtime: 117170us
Queens: iterations=373 runtime: 117343us
Queens: iterations=374 runtime: 119353us
Queens: iterations=375 runtime: 117604us
Queens: iterations=376 runtime: 75132us
Queens: iterations=377 runtime: 69557us
Queens: iterations=378 runtime: 99670us
Queens: iterations=379 runtime: 80573us
Queens: iterations=380 runtime: 69610us
Queens: iterations=381 runtime: 69661us
Queens: iterations=382 runtime: 100263us
Queens: iterations=383 runtime: 117383us
Queens: iterations=384 runtime: 118801us
Queens: iterations=385 runtime: 124455us
Queens: iterations=386 runtime: 124613us
Queens: iterations=387 runtime: 118848us
Queens: iterations=388 runtime: 117031us
Queens: iterations=389 runtime: 69573us
Queens: iterations=390 runtime: 69496us
Queens: iterations=391 runtime: 69520us
Queens: iterations=392 runtime: 69654us
Queens: iterations=393 runtime: 69644us
Queens: iterations=394 runtime: 69569us
Queens: iterations=395 runtime: 69606us
Queens: iterations=396 runtime: 69562us
Queens: iterations=397 runtime: 69539us
Queens: iterations=398 runtime: 69654us
Queens: iterations=399 runtime: 69614us
Queens: iterations=400 runtime: 104898us
Queens: iterations=401 runtime: 121184us
Queens: iterations=402 runtime: 75718us
Queens: iterations=403 runtime: 69785us
Queens: iterations=404 runtime: 69790us
Queens: iterations=405 runtime: 81742us
Queens: iterations=406 runtime: 69539us
Queens: iterations=407 runtime: 69546us
HumphreysTestPhase: comp = java.lang.StringLatin1.inflate(byte[], int, char[], int, int)
HumphreysTestPhase: method transitions = 0
Queens: iterations=408 runtime: 69511us
Queens: iterations=409 runtime: 69510us
Queens: iterations=410 runtime: 71918us
Queens: iterations=411 runtime: 110128us
Queens: iterations=412 runtime: 110073us
Queens: iterations=413 runtime: 69603us
Queens: iterations=414 runtime: 69590us
Queens: iterations=415 runtime: 112351us
Queens: iterations=416 runtime: 73936us
Queens: iterations=417 runtime: 69452us
Queens: iterations=418 runtime: 69533us
Queens: iterations=419 runtime: 69580us
Queens: iterations=420 runtime: 69573us
Queens: iterations=421 runtime: 69666us
Queens: iterations=422 runtime: 69625us
Queens: iterations=423 runtime: 69682us
Queens: iterations=424 runtime: 69932us
Queens: iterations=425 runtime: 108243us
Queens: iterations=426 runtime: 116800us
Queens: iterations=427 runtime: 116831us
Queens: iterations=428 runtime: 116696us
Queens: iterations=429 runtime: 107499us
Queens: iterations=430 runtime: 69479us
Queens: iterations=431 runtime: 69561us
Queens: iterations=432 runtime: 69529us
Queens: iterations=433 runtime: 69637us
Queens: iterations=434 runtime: 81386us
Queens: iterations=435 runtime: 69713us
Queens: iterations=436 runtime: 69658us
Queens: iterations=437 runtime: 69671us
Queens: iterations=438 runtime: 69723us
Queens: iterations=439 runtime: 106264us
Queens: iterations=440 runtime: 91667us
Queens: iterations=441 runtime: 97186us
Queens: iterations=442 runtime: 69575us
Queens: iterations=443 runtime: 69608us
Queens: iterations=444 runtime: 113609us
Queens: iterations=445 runtime: 116803us
Queens: iterations=446 runtime: 117454us
Queens: iterations=447 runtime: 81122us
Queens: iterations=448 runtime: 69429us
Queens: iterations=449 runtime: 69481us
Queens: iterations=450 runtime: 76177us
Queens: iterations=451 runtime: 82351us
Queens: iterations=452 runtime: 69619us
Queens: iterations=453 runtime: 69650us
Queens: iterations=454 runtime: 69755us
Queens: iterations=455 runtime: 98888us
Queens: iterations=456 runtime: 117043us
Queens: iterations=457 runtime: 117045us
Queens: iterations=458 runtime: 84020us
Queens: iterations=459 runtime: 69574us
Queens: iterations=460 runtime: 80596us
Queens: iterations=461 runtime: 69648us
Queens: iterations=462 runtime: 69692us
Queens: iterations=463 runtime: 69621us
Queens: iterations=464 runtime: 87924us
Queens: iterations=465 runtime: 69620us
Queens: iterations=466 runtime: 69597us
Queens: iterations=467 runtime: 69684us
Queens: iterations=468 runtime: 82030us
Queens: iterations=469 runtime: 82046us
Queens: iterations=470 runtime: 97899us
Queens: iterations=471 runtime: 116746us
Queens: iterations=472 runtime: 76341us
Queens: iterations=473 runtime: 109772us
Queens: iterations=474 runtime: 69493us
Queens: iterations=475 runtime: 69636us
Queens: iterations=476 runtime: 102798us
Queens: iterations=477 runtime: 69554us
Queens: iterations=478 runtime: 69618us
Queens: iterations=479 runtime: 69562us
Queens: iterations=480 runtime: 83133us
Queens: iterations=481 runtime: 80898us
Queens: iterations=482 runtime: 69712us
Queens: iterations=483 runtime: 69813us
Queens: iterations=484 runtime: 69896us
Queens: iterations=485 runtime: 69735us
Queens: iterations=486 runtime: 69670us
Queens: iterations=487 runtime: 69730us
Queens: iterations=488 runtime: 69697us
Queens: iterations=489 runtime: 69887us
Queens: iterations=490 runtime: 70227us
Queens: iterations=491 runtime: 69926us
Queens: iterations=492 runtime: 89623us
Queens: iterations=493 runtime: 69874us
Queens: iterations=494 runtime: 69894us
Queens: iterations=495 runtime: 69799us
Queens: iterations=496 runtime: 69941us
Queens: iterations=497 runtime: 69836us
Queens: iterations=498 runtime: 69833us
Queens: iterations=499 runtime: 69794us
Queens: iterations=500 runtime: 69858us
HumphreysTestPhase: comp = jdk.internal.constant.PrimitiveClassDescImpl.descriptorString()
HumphreysTestPhase: method transitions = 0
HumphreysTestPhase: comp = jdk.internal.classfile.impl.AbstractPoolEntry.hashCode()
HumphreysTestPhase: method transitions = 0
HumphreysTestPhase: comp = jdk.internal.constant.ClassOrInterfaceDescImpl.isClassOrInterface()
HumphreysTestPhase: method transitions = 0
HumphreysTestPhase: comp = java.util.ArrayList.size()
HumphreysTestPhase: method transitions = 0
HumphreysTestPhase: comp = jdk.internal.classfile.impl.AbstractPoolEntry$ClassEntryImpl.tag()
HumphreysTestPhase: method transitions = 0
HumphreysTestPhase: comp = java.lang.invoke.MethodTypeForm.erasedType()
HumphreysTestPhase: method transitions = 0
Queens: iterations=500 average: 88078us total: 44039391us


Total Runtime: 44039391us
-- Queens completed successfully.
