========================================
Benchmark : Richards
Timestamp : 2025-10-21T20:28:39+01:00
Java      : HumphreysTestPhase: comp = java.lang.Object.<init>() HumphreysTestPhase: method transitions = 0 HumphreysTestPhase: comp = Stub<ExceptionHandlerStub.exceptionHandler> HumphreysTestPhase: method transitions = 0 HumphreysTestPhase: comp = java.lang.String.hashCode() HumphreysTestPhase: method transitions = 0 HumphreysTestPhase: comp = java.lang.Byte.toUnsignedInt(byte) HumphreysTestPhase: method transitions = 0 HumphreysTestPhase: comp = java.util.Objects.requireNonNull(Object) HumphreysTestPhase: method transitions = 0 HumphreysTestPhase: comp = java.util.HashMap.afterNodeInsertion(boolean) HumphreysTestPhase: method transitions = 0 HumphreysTestPhase: comp = java.util.ImmutableCollections$SetN$SetNIterator.hasNext() HumphreysTestPhase: method transitions = 0 HumphreysTestPhase: comp = java.util.ImmutableCollections$SetN$SetNIterator.next() HumphreysTestPhase: method transitions = 0 HumphreysTestPhase: comp = Stub<new_instance_or_null(KlassPointer)Object> HumphreysTestPhase: method transitions = 0 HumphreysTestPhase: comp = Stub<LookUpSecondarySupersTableStub.lookupSecondarySupersTableSlowPath> HumphreysTestPhase: method transitions = 0 HumphreysTestPhase: comp = Stub<write_barrier_pre-stack-only(Object)void> HumphreysTestPhase: method transitions = 0 HumphreysTestPhase: comp = Stub<write_barrier_post-stack-only(Word)void> HumphreysTestPhase: method transitions = 0 openjdk version "25" 2025-09-16 OpenJDK Runtime Environment GraalVM CE 25.1.0-dev+37.1 (build 25+37-jvmci-b06) OpenJDK 64-Bit Server VM GraalVM CE 25.1.0-dev+37.1 (build 25+37-jvmci-b06, mixed mode, sharing) 
Cmd:
  ./latest_graalvm_home/bin/java   -Djdk.graal.TrackNodeSourcePosition=true   -Djdk.graal.MinGraphSize=120   -XX:+UnlockExperimentalVMOptions   -XX:+UnlockDiagnosticVMOptions   -XX:+EnableJVMCI   -Djdk.graal.CompilationFailureAction=Diagnose   -XX:+UseJVMCICompiler   -XX:+UseJVMCINativeLibrary   -XX:-TieredCompilation   -XX:-BackgroundCompilation   --add-exports=jdk.graal.compiler/jdk.graal.compiler.hotspot.meta.Bubo=ALL-UNNAMED   --add-exports=jdk.graal.compiler/jdk.graal.compiler.phases.common=ALL-UNNAMED   -cp   /home/hb478/repos/are-we-fast-yet/benchmarks/Java/benchmarks.jar   Harness   Richards   500   100 
========================================
HumphreysTestPhase: comp = java.lang.module.ModuleDescriptor.name()
HumphreysTestPhase: method transitions = 0
HumphreysTestPhase: comp = Stub<ExceptionHandlerStub.exceptionHandler>
HumphreysTestPhase: method transitions = 0
HumphreysTestPhase: comp = java.lang.module.ModuleReference.descriptor()
HumphreysTestPhase: method transitions = 0
HumphreysTestPhase: comp = java.lang.Enum.ordinal()
HumphreysTestPhase: method transitions = 0
HumphreysTestPhase: comp = java.lang.Class.isPrimitive()
HumphreysTestPhase: method transitions = 0
HumphreysTestPhase: comp = jdk.internal.util.StrongReferenceKey.get()
HumphreysTestPhase: method transitions = 0
HumphreysTestPhase: comp = java.lang.Class.getClassLoader()
HumphreysTestPhase: method transitions = 0
HumphreysTestPhase: comp = java.lang.invoke.MethodType.returnType()
HumphreysTestPhase: method transitions = 0
HumphreysTestPhase: comp = jdk.internal.classfile.impl.AbstractPoolEntry.index()
HumphreysTestPhase: method transitions = 0
HumphreysTestPhase: comp = java.lang.invoke.MemberName.getDeclaringClass()
HumphreysTestPhase: method transitions = 0
HumphreysTestPhase: comp = java.lang.invoke.MethodType.form()
HumphreysTestPhase: method transitions = 0
HumphreysTestPhase: comp = java.util.stream.FindOps$FindSink.cancellationRequested()
HumphreysTestPhase: method transitions = 0
HumphreysTestPhase: comp = java.lang.Object.<init>()
HumphreysTestPhase: method transitions = 0
HumphreysTestPhase: comp = jdk.internal.module.ModuleReferenceImpl.moduleResolution()
HumphreysTestPhase: method transitions = 0
HumphreysTestPhase: comp = java.lang.String.hashCode()
HumphreysTestPhase: method transitions = 6
HumphreysTestPhase: comp = java.lang.module.ModuleDescriptor$Requires.modifiers()
HumphreysTestPhase: method transitions = 0
HumphreysTestPhase: comp = java.lang.module.ModuleDescriptor$Requires.name()
HumphreysTestPhase: method transitions = 0
HumphreysTestPhase: comp = java.lang.module.ModuleDescriptor.requires()
HumphreysTestPhase: method transitions = 0
HumphreysTestPhase: comp = java.lang.module.ModuleDescriptor.isAutomatic()
HumphreysTestPhase: method transitions = 0
HumphreysTestPhase: comp = java.util.HashMap$Node.getKey()
HumphreysTestPhase: method transitions = 0
HumphreysTestPhase: comp = java.util.HashMap$Node.getValue()
HumphreysTestPhase: method transitions = 0
HumphreysTestPhase: comp = java.util.ImmutableCollections$Set12.isEmpty()
HumphreysTestPhase: method transitions = 0
HumphreysTestPhase: comp = java.lang.module.ModuleDescriptor$Exports.source()
HumphreysTestPhase: method transitions = 0
HumphreysTestPhase: comp = java.lang.module.ModuleDescriptor$Exports.targets()
HumphreysTestPhase: method transitions = 0
HumphreysTestPhase: comp = java.lang.module.ModuleDescriptor.provides()
HumphreysTestPhase: method transitions = 0
HumphreysTestPhase: comp = java.lang.module.ModuleDescriptor.exports()
HumphreysTestPhase: method transitions = 0
HumphreysTestPhase: comp = java.util.Objects.requireNonNull(Object)
HumphreysTestPhase: method transitions = 0
HumphreysTestPhase: comp = java.util.ImmutableCollections$SetN$SetNIterator.hasNext()
HumphreysTestPhase: method transitions = 0
HumphreysTestPhase: comp = java.lang.module.ModuleDescriptor.uses()
HumphreysTestPhase: method transitions = 0
HumphreysTestPhase: comp = java.util.ImmutableCollections$SetN$SetNIterator.next()
HumphreysTestPhase: method transitions = 0
HumphreysTestPhase: comp = Stub<identity_hashcode(Object)int>
HumphreysTestPhase: method transitions = 0
HumphreysTestPhase: comp = java.util.HashMap.hash(Object)
HumphreysTestPhase: method transitions = 21
HumphreysTestPhase: comp = java.lang.module.ModuleDescriptor$Exports.isQualified()
HumphreysTestPhase: method transitions = 2
HumphreysTestPhase: comp = java.lang.module.ModuleDescriptor$Provides.service()
HumphreysTestPhase: method transitions = 0
HumphreysTestPhase: comp = java.lang.Byte.toUnsignedInt(byte)
HumphreysTestPhase: method transitions = 0
HumphreysTestPhase: comp = Stub<new_instance_or_null(KlassPointer)Object>
HumphreysTestPhase: method transitions = 0
HumphreysTestPhase: comp = Stub<LookUpSecondarySupersTableStub.lookupSecondarySupersTableSlowPath>
HumphreysTestPhase: method transitions = 0
HumphreysTestPhase: comp = Stub<write_barrier_pre-stack-only(Object)void>
HumphreysTestPhase: method transitions = 0
HumphreysTestPhase: comp = Stub<write_barrier_post-stack-only(Word)void>
HumphreysTestPhase: method transitions = 0
HumphreysTestPhase: comp = java.util.HashMap.putVal(int, Object, Object, boolean, boolean)
HumphreysTestPhase: method transitions = 37
HumphreysTestPhase: comp = java.lang.String.equals(Object)
HumphreysTestPhase: method transitions = 11
HumphreysTestPhase: comp = java.util.KeyValueHolder.getKey()
HumphreysTestPhase: method transitions = 0
HumphreysTestPhase: comp = java.util.KeyValueHolder.getValue()
HumphreysTestPhase: method transitions = 0
HumphreysTestPhase: comp = java.lang.module.ModuleDescriptor.packages()
HumphreysTestPhase: method transitions = 0
HumphreysTestPhase: comp = java.lang.module.ResolvedModule.reference()
HumphreysTestPhase: method transitions = 0
HumphreysTestPhase: comp = java.util.HashMap$Node.<init>(int, Object, Object, HashMap$Node)
HumphreysTestPhase: method transitions = 0
HumphreysTestPhase: comp = java.lang.module.ModuleDescriptor$Version.toString()
HumphreysTestPhase: method transitions = 0
HumphreysTestPhase: comp = java.lang.AbstractStringBuilder.length()
HumphreysTestPhase: method transitions = 0
HumphreysTestPhase: comp = java.util.HashMap.newNode(int, Object, Object, HashMap$Node)
HumphreysTestPhase: method transitions = 6
HumphreysTestPhase: comp = java.util.HashMap.afterNodeInsertion(boolean)
HumphreysTestPhase: method transitions = 0
HumphreysTestPhase: comp = Stub<new_array_or_null(KlassPointer,int)Object>
HumphreysTestPhase: method transitions = 0
HumphreysTestPhase: comp = java.util.HashMap.resize()
HumphreysTestPhase: method transitions = 12
HumphreysTestPhase: comp = java.lang.module.ResolvedModule.configuration()
HumphreysTestPhase: method transitions = 0
HumphreysTestPhase: comp = java.lang.module.ModuleDescriptor.isOpen()
HumphreysTestPhase: method transitions = 0
HumphreysTestPhase: comp = java.util.HashMap.size()
HumphreysTestPhase: method transitions = 0
HumphreysTestPhase: comp = jdk.internal.classfile.impl.AbstractPoolEntry.width()
HumphreysTestPhase: method transitions = 0
HumphreysTestPhase: comp = jdk.internal.classfile.impl.SplitConstantPool.size()
HumphreysTestPhase: method transitions = 0
HumphreysTestPhase: comp = java.lang.invoke.MethodType.ptypes()
HumphreysTestPhase: method transitions = 0
HumphreysTestPhase: comp = java.util.zip.ZipCoder$UTF8ZipCoder.isUTF8()
HumphreysTestPhase: method transitions = 0
HumphreysTestPhase: comp = java.lang.AbstractStringBuilder.getValue()
HumphreysTestPhase: method transitions = 0
HumphreysTestPhase: comp = java.lang.StringLatin1.equals(byte[], byte[])
HumphreysTestPhase: method transitions = 0
HumphreysTestPhase: comp = jdk.internal.classfile.impl.AbstractPoolEntry.constantPool()
HumphreysTestPhase: method transitions = 0
HumphreysTestPhase: comp = jdk.internal.classfile.impl.RawBytecodeHelper.bci()
HumphreysTestPhase: method transitions = 0
Starting Richards benchmark ...
HumphreysTestPhase: comp = java.util.zip.Inflater$InflaterZStreamRef.address()
HumphreysTestPhase: method transitions = 0
HumphreysTestPhase: comp = java.lang.String.coder()
HumphreysTestPhase: method transitions = 0
HumphreysTestPhase: comp = richards.TaskControlBlock.getIdentity()
HumphreysTestPhase: method transitions = 0
HumphreysTestPhase: comp = richards.Packet.setLink(Packet)
HumphreysTestPhase: method transitions = 0
HumphreysTestPhase: comp = richards.TaskControlBlock.getLink()
HumphreysTestPhase: method transitions = 0
HumphreysTestPhase: comp = richards.Packet.getLink()
HumphreysTestPhase: method transitions = 0
HumphreysTestPhase: comp = richards.TaskControlBlock.getPriority()
HumphreysTestPhase: method transitions = 0
HumphreysTestPhase: comp = richards.WorkerTaskDataRecord.getCount()
HumphreysTestPhase: method transitions = 0
HumphreysTestPhase: comp = richards.Packet.setIdentity(int)
HumphreysTestPhase: method transitions = 0
HumphreysTestPhase: comp = richards.TaskState.setTaskWaiting(boolean)
HumphreysTestPhase: method transitions = 0
HumphreysTestPhase: comp = richards.HandlerTaskDataRecord.workIn()
HumphreysTestPhase: method transitions = 0
HumphreysTestPhase: comp = richards.Packet.getIdentity()
HumphreysTestPhase: method transitions = 0
HumphreysTestPhase: comp = richards.Packet.setDatum(int)
HumphreysTestPhase: method transitions = 0
HumphreysTestPhase: comp = richards.Packet.getDatum()
HumphreysTestPhase: method transitions = 0
HumphreysTestPhase: comp = richards.Packet.getData()
HumphreysTestPhase: method transitions = 0
HumphreysTestPhase: comp = richards.TaskState.setTaskHolding(boolean)
HumphreysTestPhase: method transitions = 0
HumphreysTestPhase: comp = richards.IdleTaskDataRecord.getCount()
HumphreysTestPhase: method transitions = 0
HumphreysTestPhase: comp = richards.IdleTaskDataRecord.getControl()
HumphreysTestPhase: method transitions = 0
HumphreysTestPhase: comp = richards.DeviceTaskDataRecord.setPending(Packet)
HumphreysTestPhase: method transitions = 0
HumphreysTestPhase: comp = richards.DeviceTaskDataRecord.getPending()
HumphreysTestPhase: method transitions = 0
HumphreysTestPhase: comp = richards.HandlerTaskDataRecord.deviceIn()
HumphreysTestPhase: method transitions = 0
HumphreysTestPhase: comp = richards.TaskState.setPacketPending(boolean)
HumphreysTestPhase: method transitions = 0
HumphreysTestPhase: comp = richards.Packet.getKind()
HumphreysTestPhase: method transitions = 0
HumphreysTestPhase: comp = richards.WorkerTaskDataRecord.setCount(int)
HumphreysTestPhase: method transitions = 0
HumphreysTestPhase: comp = richards.IdleTaskDataRecord.setCount(int)
HumphreysTestPhase: method transitions = 0
HumphreysTestPhase: comp = richards.IdleTaskDataRecord.setControl(int)
HumphreysTestPhase: method transitions = 0
HumphreysTestPhase: comp = richards.HandlerTaskDataRecord.deviceIn(Packet)
HumphreysTestPhase: method transitions = 0
HumphreysTestPhase: comp = richards.WorkerTaskDataRecord.getDestination()
HumphreysTestPhase: method transitions = 0
HumphreysTestPhase: comp = richards.WorkerTaskDataRecord.setDestination(int)
HumphreysTestPhase: method transitions = 0
HumphreysTestPhase: comp = richards.HandlerTaskDataRecord.workIn(Packet)
HumphreysTestPhase: method transitions = 0
HumphreysTestPhase: comp = richards.TaskState.isTaskHoldingOrWaiting()
HumphreysTestPhase: method transitions = 0
HumphreysTestPhase: comp = richards.TaskControlBlock.runTask()
HumphreysTestPhase: method transitions = 15
HumphreysTestPhase: comp = richards.TaskState.isWaitingWithPacket()
HumphreysTestPhase: method transitions = 0
HumphreysTestPhase: comp = Stub<OSR_migration_end(long)void>
HumphreysTestPhase: method transitions = 0
HumphreysTestPhase: comp = richards.Scheduler.schedule()
HumphreysTestPhase: method transitions = 92
HumphreysTestPhase: comp = richards.Scheduler.schedule()
HumphreysTestPhase: method transitions = 61
HumphreysTestPhase: comp = richards.Scheduler.findTask(int)
HumphreysTestPhase: method transitions = 0
HumphreysTestPhase: comp = richards.Scheduler$DeviceProcessFunction.apply(Packet, RBObject)
HumphreysTestPhase: method transitions = 42
HumphreysTestPhase: comp = richards.Scheduler$HandlerProcessFunction.apply(Packet, RBObject)
HumphreysTestPhase: method transitions = 105
HumphreysTestPhase: comp = richards.Scheduler.markWaiting()
HumphreysTestPhase: method transitions = 2
HumphreysTestPhase: comp = richards.Scheduler.queuePacket(Packet)
HumphreysTestPhase: method transitions = 27
HumphreysTestPhase: comp = richards.TaskControlBlock.addInputAndCheckPriority(Packet, TaskControlBlock)
HumphreysTestPhase: method transitions = 17
HumphreysTestPhase: comp = richards.Scheduler$IdleProcessFunction.apply(Packet, RBObject)
HumphreysTestPhase: method transitions = 38
HumphreysTestPhase: comp = richards.Scheduler.release(int)
HumphreysTestPhase: method transitions = 9
HumphreysTestPhase: comp = richards.Scheduler$WorkerProcessFunction.apply(Packet, RBObject)
HumphreysTestPhase: method transitions = 55
HumphreysTestPhase: comp = richards.Scheduler$IdleProcessFunction.apply(Packet, RBObject)
HumphreysTestPhase: method transitions = 34
HumphreysTestPhase: comp = richards.Scheduler.schedule()
HumphreysTestPhase: method transitions = 83
HumphreysTestPhase: comp = richards.Scheduler.schedule()
HumphreysTestPhase: method transitions = 54
HumphreysTestPhase: comp = richards.TaskState.isPacketPending()
HumphreysTestPhase: method transitions = 0
HumphreysTestPhase: comp = richards.TaskState.isTaskWaiting()
HumphreysTestPhase: method transitions = 0
HumphreysTestPhase: comp = richards.TaskState.isTaskHolding()
HumphreysTestPhase: method transitions = 0
HumphreysTestPhase: comp = jdk.internal.util.Preconditions.checkIndex(int, int, BiFunction)
HumphreysTestPhase: method transitions = 0
HumphreysTestPhase: comp = jdk.internal.constant.ClassOrInterfaceDescImpl.descriptorString()
HumphreysTestPhase: method transitions = 0
HumphreysTestPhase: comp = java.lang.String.value()
HumphreysTestPhase: method transitions = 0
HumphreysTestPhase: comp = jdk.internal.classfile.impl.BufWriterImpl.size()
HumphreysTestPhase: method transitions = 0
HumphreysTestPhase: comp = jdk.internal.util.WeakReferenceKey.hashCode()
HumphreysTestPhase: method transitions = 0
HumphreysTestPhase: comp = jdk.internal.classfile.impl.AbstractDirectBuilder.constantPool()
HumphreysTestPhase: method transitions = 0
HumphreysTestPhase: comp = java.util.ArrayList.size()
HumphreysTestPhase: method transitions = 0
Richards: iterations=1 runtime: 270820us
HumphreysTestPhase: comp = java.lang.Boolean.booleanValue()
HumphreysTestPhase: method transitions = 0
Richards: iterations=2 runtime: 134642us
HumphreysTestPhase: comp = richards.RBObject.<init>()
HumphreysTestPhase: method transitions = 0
Richards: iterations=3 runtime: 114590us
Richards: iterations=4 runtime: 102493us
Richards: iterations=5 runtime: 75062us
HumphreysTestPhase: comp = richards.TaskState.<init>()
HumphreysTestPhase: method transitions = 0
Richards: iterations=6 runtime: 75978us
Richards: iterations=7 runtime: 75073us
Richards: iterations=8 runtime: 94989us
HumphreysTestPhase: comp = richards.Scheduler.createPacket(Packet, int, int)
HumphreysTestPhase: method transitions = 13
HumphreysTestPhase: comp = richards.Packet.<init>(Packet, int, int)
HumphreysTestPhase: method transitions = 7
Richards: iterations=9 runtime: 82822us
Richards: iterations=10 runtime: 128836us
Richards: iterations=11 runtime: 133714us
HumphreysTestPhase: comp = richards.ProcessFunction.<init>()
HumphreysTestPhase: method transitions = 0
HumphreysTestPhase: comp = richards.Scheduler.createTask(int, int, Packet, TaskState, ProcessFunction, RBObject)
HumphreysTestPhase: method transitions = 12
HumphreysTestPhase: comp = richards.TaskControlBlock.<init>(TaskControlBlock, int, int, Packet, TaskState, ProcessFunction, RBObject)
HumphreysTestPhase: method transitions = 7
Richards: iterations=12 runtime: 140845us
Richards: iterations=13 runtime: 130193us
Richards: iterations=14 runtime: 74780us
Richards: iterations=15 runtime: 74948us
Richards: iterations=16 runtime: 75001us
Richards: iterations=17 runtime: 89281us
Richards: iterations=18 runtime: 133755us
Richards: iterations=19 runtime: 104386us
HumphreysTestPhase: comp = java.util.Arrays.fill(Object[], Object)
HumphreysTestPhase: method transitions = 22
Richards: iterations=20 runtime: 81365us
Richards: iterations=21 runtime: 75054us
Richards: iterations=22 runtime: 75305us
HumphreysTestPhase: comp = richards.TaskState.createWaitingWithPacket()
HumphreysTestPhase: method transitions = 6
HumphreysTestPhase: comp = richards.TaskState.waitingWithPacket()
HumphreysTestPhase: method transitions = 0
Richards: iterations=23 runtime: 97236us
Richards: iterations=24 runtime: 75126us
Richards: iterations=25 runtime: 75086us
Richards: iterations=26 runtime: 75225us
Richards: iterations=27 runtime: 75320us
Richards: iterations=28 runtime: 75615us
Richards: iterations=29 runtime: 75771us
HumphreysTestPhase: comp = java.nio.Buffer.position()
HumphreysTestPhase: method transitions = 0
Richards: iterations=30 runtime: 75360us
Richards: iterations=31 runtime: 133292us
Richards: iterations=32 runtime: 133227us
Richards: iterations=33 runtime: 91425us
HumphreysTestPhase: comp = richards.Scheduler.createHandler(int, int, Packet, TaskState)
HumphreysTestPhase: method transitions = 25
HumphreysTestPhase: comp = richards.HandlerTaskDataRecord.<init>()
HumphreysTestPhase: method transitions = 0
HumphreysTestPhase: comp = richards.Scheduler$HandlerProcessFunction.<init>(Scheduler)
HumphreysTestPhase: method transitions = 0
HumphreysTestPhase: comp = richards.TaskState.createWaiting()
HumphreysTestPhase: method transitions = 6
HumphreysTestPhase: comp = richards.TaskState.waiting()
HumphreysTestPhase: method transitions = 0
HumphreysTestPhase: comp = richards.Scheduler.createDevice(int, int, Packet, TaskState)
HumphreysTestPhase: method transitions = 25
HumphreysTestPhase: comp = richards.DeviceTaskDataRecord.<init>()
HumphreysTestPhase: method transitions = 0
HumphreysTestPhase: comp = richards.Scheduler$DeviceProcessFunction.<init>(Scheduler)
HumphreysTestPhase: method transitions = 0
Richards: iterations=34 runtime: 90257us
Richards: iterations=35 runtime: 74752us
Richards: iterations=36 runtime: 74770us
Richards: iterations=37 runtime: 74849us
Richards: iterations=38 runtime: 120680us
Richards: iterations=39 runtime: 133483us
HumphreysTestPhase: comp = java.nio.Buffer.limit()
HumphreysTestPhase: method transitions = 0
Richards: iterations=40 runtime: 110133us
Richards: iterations=41 runtime: 74913us
Richards: iterations=42 runtime: 74869us
Richards: iterations=43 runtime: 74708us
Richards: iterations=44 runtime: 74817us
Richards: iterations=45 runtime: 74797us
HumphreysTestPhase: comp = richards.Scheduler.holdSelf()
HumphreysTestPhase: method transitions = 5
Richards: iterations=46 runtime: 76692us
Richards: iterations=47 runtime: 75671us
Richards: iterations=48 runtime: 75253us
Richards: iterations=49 runtime: 75016us
Richards: iterations=50 runtime: 75066us
Richards: iterations=51 runtime: 75014us
Richards: iterations=52 runtime: 107635us
HumphreysTestPhase: comp = richards.TaskState.running()
HumphreysTestPhase: method transitions = 0
Richards: iterations=53 runtime: 134695us
Richards: iterations=54 runtime: 82872us
Richards: iterations=55 runtime: 74992us
Richards: iterations=56 runtime: 133068us
Richards: iterations=57 runtime: 133269us
Richards: iterations=58 runtime: 120872us
Richards: iterations=59 runtime: 74649us
Richards: iterations=60 runtime: 91107us
Richards: iterations=61 runtime: 74686us
Richards: iterations=62 runtime: 74857us
Richards: iterations=63 runtime: 75163us
Richards: iterations=64 runtime: 75132us
Richards: iterations=65 runtime: 84109us
Richards: iterations=66 runtime: 112167us
Richards: iterations=67 runtime: 109761us
HumphreysTestPhase: comp = java.lang.Boolean.valueOf(boolean)
HumphreysTestPhase: method transitions = 0
HumphreysTestPhase: comp = Richards.benchmark()
HumphreysTestPhase: method transitions = 15
HumphreysTestPhase: comp = richards.Scheduler.<init>()
HumphreysTestPhase: method transitions = 9
HumphreysTestPhase: comp = richards.Scheduler.start()
HumphreysTestPhase: method transitions = 148
HumphreysTestPhase: comp = richards.TaskState.createRunning()
HumphreysTestPhase: method transitions = 6
HumphreysTestPhase: comp = richards.Scheduler.createIdler(int, int, Packet, TaskState)
HumphreysTestPhase: method transitions = 26
HumphreysTestPhase: comp = richards.IdleTaskDataRecord.<init>()
HumphreysTestPhase: method transitions = 0
HumphreysTestPhase: comp = richards.Scheduler$IdleProcessFunction.<init>(Scheduler)
HumphreysTestPhase: method transitions = 0
HumphreysTestPhase: comp = richards.Scheduler.createWorker(int, int, Packet, TaskState)
HumphreysTestPhase: method transitions = 26
HumphreysTestPhase: comp = richards.WorkerTaskDataRecord.<init>()
HumphreysTestPhase: method transitions = 0
HumphreysTestPhase: comp = richards.Scheduler$WorkerProcessFunction.<init>(Scheduler)
HumphreysTestPhase: method transitions = 0
HumphreysTestPhase: comp = Richards.verifyResult(Object)
HumphreysTestPhase: method transitions = 1
Richards: iterations=68 runtime: 184078us
Richards: iterations=69 runtime: 103901us
Richards: iterations=70 runtime: 111521us
Richards: iterations=71 runtime: 77133us
Richards: iterations=72 runtime: 132818us
Richards: iterations=73 runtime: 128411us
Richards: iterations=74 runtime: 74654us
Richards: iterations=75 runtime: 74800us
Richards: iterations=76 runtime: 92459us
Richards: iterations=77 runtime: 132918us
Richards: iterations=78 runtime: 133281us
Richards: iterations=79 runtime: 101122us
Richards: iterations=80 runtime: 75058us
Richards: iterations=81 runtime: 74840us
Richards: iterations=82 runtime: 75179us
Richards: iterations=83 runtime: 75185us
Richards: iterations=84 runtime: 75097us
Richards: iterations=85 runtime: 75363us
Richards: iterations=86 runtime: 74860us
Richards: iterations=87 runtime: 74830us
Richards: iterations=88 runtime: 74939us
Richards: iterations=89 runtime: 75076us
Richards: iterations=90 runtime: 96116us
Richards: iterations=91 runtime: 130249us
Richards: iterations=92 runtime: 74998us
Richards: iterations=93 runtime: 130323us
Richards: iterations=94 runtime: 132744us
Richards: iterations=95 runtime: 116254us
Richards: iterations=96 runtime: 74802us
Richards: iterations=97 runtime: 74640us
Richards: iterations=98 runtime: 127150us
Richards: iterations=99 runtime: 103260us
Richards: iterations=100 runtime: 74661us
Richards: iterations=101 runtime: 76540us
Richards: iterations=102 runtime: 91960us
Richards: iterations=103 runtime: 74857us
Richards: iterations=104 runtime: 74920us
Richards: iterations=105 runtime: 74763us
Richards: iterations=106 runtime: 74936us
Richards: iterations=107 runtime: 84382us
Richards: iterations=108 runtime: 91453us
Richards: iterations=109 runtime: 74946us
Richards: iterations=110 runtime: 112249us
Richards: iterations=111 runtime: 84573us
Richards: iterations=112 runtime: 74668us
Richards: iterations=113 runtime: 80788us
Richards: iterations=114 runtime: 113437us
Richards: iterations=115 runtime: 125142us
Richards: iterations=116 runtime: 78427us
Richards: iterations=117 runtime: 74548us
Richards: iterations=118 runtime: 83682us
Richards: iterations=119 runtime: 77609us
Richards: iterations=120 runtime: 80988us
Richards: iterations=121 runtime: 79252us
Richards: iterations=122 runtime: 74769us
HumphreysTestPhase: comp = java.lang.String.length()
HumphreysTestPhase: method transitions = 2
Richards: iterations=123 runtime: 74883us
Richards: iterations=124 runtime: 75087us
Richards: iterations=125 runtime: 109911us
Richards: iterations=126 runtime: 95850us
HumphreysTestPhase: comp = java.nio.Buffer.capacity()
HumphreysTestPhase: method transitions = 0
HumphreysTestPhase: comp = java.nio.charset.CharsetEncoder.maxBytesPerChar()
HumphreysTestPhase: method transitions = 0
Richards: iterations=127 runtime: 74625us
Richards: iterations=128 runtime: 133340us
Richards: iterations=129 runtime: 132843us
Richards: iterations=130 runtime: 96461us
Richards: iterations=131 runtime: 126346us
Richards: iterations=132 runtime: 132946us
Richards: iterations=133 runtime: 133119us
Richards: iterations=134 runtime: 127665us
Richards: iterations=135 runtime: 107819us
Richards: iterations=136 runtime: 74920us
Richards: iterations=137 runtime: 74717us
Richards: iterations=138 runtime: 74499us
Richards: iterations=139 runtime: 74472us
Richards: iterations=140 runtime: 74510us
Richards: iterations=141 runtime: 74977us
Richards: iterations=142 runtime: 80171us
Richards: iterations=143 runtime: 118542us
Richards: iterations=144 runtime: 133271us
Richards: iterations=145 runtime: 102736us
Richards: iterations=146 runtime: 79610us
Richards: iterations=147 runtime: 133043us
Richards: iterations=148 runtime: 122382us
Richards: iterations=149 runtime: 132661us
Richards: iterations=150 runtime: 74597us
Richards: iterations=151 runtime: 110968us
Richards: iterations=152 runtime: 104749us
Richards: iterations=153 runtime: 74871us
Richards: iterations=154 runtime: 74807us
Richards: iterations=155 runtime: 74852us
Richards: iterations=156 runtime: 74975us
Richards: iterations=157 runtime: 74870us
Richards: iterations=158 runtime: 75180us
Richards: iterations=159 runtime: 74953us
Richards: iterations=160 runtime: 75263us
Richards: iterations=161 runtime: 113307us
Richards: iterations=162 runtime: 90067us
Richards: iterations=163 runtime: 98879us
Richards: iterations=164 runtime: 112119us
Richards: iterations=165 runtime: 132851us
Richards: iterations=166 runtime: 75101us
Richards: iterations=167 runtime: 74630us
Richards: iterations=168 runtime: 74692us
Richards: iterations=169 runtime: 74678us
Richards: iterations=170 runtime: 74727us
Richards: iterations=171 runtime: 86699us
Richards: iterations=172 runtime: 98797us
Richards: iterations=173 runtime: 132719us
Richards: iterations=174 runtime: 109691us
Richards: iterations=175 runtime: 74416us
Richards: iterations=176 runtime: 103265us
Richards: iterations=177 runtime: 103073us
Richards: iterations=178 runtime: 107840us
Richards: iterations=179 runtime: 109849us
Richards: iterations=180 runtime: 74782us
Richards: iterations=181 runtime: 74959us
Richards: iterations=182 runtime: 74823us
Richards: iterations=183 runtime: 75150us
Richards: iterations=184 runtime: 75064us
Richards: iterations=185 runtime: 74794us
Richards: iterations=186 runtime: 75392us
Richards: iterations=187 runtime: 74928us
Richards: iterations=188 runtime: 74824us
Richards: iterations=189 runtime: 111980us
Richards: iterations=190 runtime: 132900us
Richards: iterations=191 runtime: 132866us
Richards: iterations=192 runtime: 113635us
Richards: iterations=193 runtime: 74603us
Richards: iterations=194 runtime: 74775us
Richards: iterations=195 runtime: 74578us
Richards: iterations=196 runtime: 74666us
Richards: iterations=197 runtime: 88531us
Richards: iterations=198 runtime: 74850us
Richards: iterations=199 runtime: 74737us
Richards: iterations=200 runtime: 74781us
Richards: iterations=201 runtime: 74981us
Richards: iterations=202 runtime: 74922us
Richards: iterations=203 runtime: 75179us
Richards: iterations=204 runtime: 74726us
HumphreysTestPhase: comp = Benchmark.innerBenchmarkLoop(int)
HumphreysTestPhase: method transitions = 24
HumphreysTestPhase: comp = Benchmark.innerBenchmarkLoop(int)
HumphreysTestPhase: method transitions = 15
Richards: iterations=205 runtime: 144569us
Richards: iterations=206 runtime: 117220us
Richards: iterations=207 runtime: 74869us
Richards: iterations=208 runtime: 74870us
Richards: iterations=209 runtime: 120843us
Richards: iterations=210 runtime: 132989us
Richards: iterations=211 runtime: 96789us
Richards: iterations=212 runtime: 74766us
Richards: iterations=213 runtime: 75041us
Richards: iterations=214 runtime: 74901us
Richards: iterations=215 runtime: 74794us
Richards: iterations=216 runtime: 87553us
Richards: iterations=217 runtime: 133216us
Richards: iterations=218 runtime: 133124us
Richards: iterations=219 runtime: 133196us
Richards: iterations=220 runtime: 97170us
Richards: iterations=221 runtime: 75952us
Richards: iterations=222 runtime: 84073us
Richards: iterations=223 runtime: 86068us
Richards: iterations=224 runtime: 110759us
Richards: iterations=225 runtime: 117634us
Richards: iterations=226 runtime: 123075us
Richards: iterations=227 runtime: 133291us
Richards: iterations=228 runtime: 97908us
Richards: iterations=229 runtime: 74884us
Richards: iterations=230 runtime: 74623us
Richards: iterations=231 runtime: 74888us
Richards: iterations=232 runtime: 74935us
Richards: iterations=233 runtime: 75058us
Richards: iterations=234 runtime: 74835us
Richards: iterations=235 runtime: 75091us
Richards: iterations=236 runtime: 75019us
Richards: iterations=237 runtime: 74777us
Richards: iterations=238 runtime: 74680us
Richards: iterations=239 runtime: 84279us
Richards: iterations=240 runtime: 74975us
Richards: iterations=241 runtime: 75173us
Richards: iterations=242 runtime: 74995us
Richards: iterations=243 runtime: 75178us
Richards: iterations=244 runtime: 75101us
Richards: iterations=245 runtime: 74986us
Richards: iterations=246 runtime: 74974us
Richards: iterations=247 runtime: 74899us
Richards: iterations=248 runtime: 74908us
Richards: iterations=249 runtime: 75056us
Richards: iterations=250 runtime: 74900us
Richards: iterations=251 runtime: 102323us
Richards: iterations=252 runtime: 130406us
Richards: iterations=253 runtime: 133589us
Richards: iterations=254 runtime: 99002us
Richards: iterations=255 runtime: 109456us
Richards: iterations=256 runtime: 133477us
Richards: iterations=257 runtime: 133556us
Richards: iterations=258 runtime: 80480us
Richards: iterations=259 runtime: 75064us
Richards: iterations=260 runtime: 74940us
Richards: iterations=261 runtime: 74976us
Richards: iterations=262 runtime: 91684us
Richards: iterations=263 runtime: 74968us
Richards: iterations=264 runtime: 93287us
Richards: iterations=265 runtime: 133265us
Richards: iterations=266 runtime: 133433us
Richards: iterations=267 runtime: 133438us
Richards: iterations=268 runtime: 133161us
Richards: iterations=269 runtime: 133434us
Richards: iterations=270 runtime: 133369us
Richards: iterations=271 runtime: 133411us
Richards: iterations=272 runtime: 112312us
Richards: iterations=273 runtime: 133351us
Richards: iterations=274 runtime: 130317us
Richards: iterations=275 runtime: 83347us
Richards: iterations=276 runtime: 133409us
Richards: iterations=277 runtime: 133445us
Richards: iterations=278 runtime: 133362us
Richards: iterations=279 runtime: 133290us
Richards: iterations=280 runtime: 129709us
Richards: iterations=281 runtime: 74883us
Richards: iterations=282 runtime: 74670us
Richards: iterations=283 runtime: 74633us
Richards: iterations=284 runtime: 74534us
Richards: iterations=285 runtime: 108994us
Richards: iterations=286 runtime: 76572us
Richards: iterations=287 runtime: 74539us
Richards: iterations=288 runtime: 74673us
Richards: iterations=289 runtime: 74661us
Richards: iterations=290 runtime: 74635us
Richards: iterations=291 runtime: 74864us
Richards: iterations=292 runtime: 74781us
Richards: iterations=293 runtime: 74608us
Richards: iterations=294 runtime: 74995us
Richards: iterations=295 runtime: 112018us
Richards: iterations=296 runtime: 133097us
Richards: iterations=297 runtime: 133091us
Richards: iterations=298 runtime: 133041us
Richards: iterations=299 runtime: 133113us
Richards: iterations=300 runtime: 117160us
Richards: iterations=301 runtime: 74986us
Richards: iterations=302 runtime: 75117us
Richards: iterations=303 runtime: 133216us
Richards: iterations=304 runtime: 106819us
Richards: iterations=305 runtime: 98100us
Richards: iterations=306 runtime: 92864us
Richards: iterations=307 runtime: 74968us
Richards: iterations=308 runtime: 120050us
Richards: iterations=309 runtime: 133172us
Richards: iterations=310 runtime: 127270us
Richards: iterations=311 runtime: 74765us
Richards: iterations=312 runtime: 74928us
Richards: iterations=313 runtime: 75160us
Richards: iterations=314 runtime: 74990us
Richards: iterations=315 runtime: 75229us
Richards: iterations=316 runtime: 75074us
Richards: iterations=317 runtime: 123572us
Richards: iterations=318 runtime: 100447us
Richards: iterations=319 runtime: 75275us
Richards: iterations=320 runtime: 75077us
Richards: iterations=321 runtime: 101868us
Richards: iterations=322 runtime: 133625us
Richards: iterations=323 runtime: 83967us
Richards: iterations=324 runtime: 79255us
Richards: iterations=325 runtime: 133570us
Richards: iterations=326 runtime: 133537us
Richards: iterations=327 runtime: 133588us
Richards: iterations=328 runtime: 133775us
Richards: iterations=329 runtime: 133631us
Richards: iterations=330 runtime: 133666us
Richards: iterations=331 runtime: 106242us
Richards: iterations=332 runtime: 74971us
Richards: iterations=333 runtime: 74742us
Richards: iterations=334 runtime: 74946us
Richards: iterations=335 runtime: 80126us
Richards: iterations=336 runtime: 133633us
Richards: iterations=337 runtime: 133831us
Richards: iterations=338 runtime: 80075us
Richards: iterations=339 runtime: 74958us
Richards: iterations=340 runtime: 74910us
Richards: iterations=341 runtime: 112396us
Richards: iterations=342 runtime: 97963us
Richards: iterations=343 runtime: 98226us
Richards: iterations=344 runtime: 133672us
Richards: iterations=345 runtime: 133283us
Richards: iterations=346 runtime: 111753us
Richards: iterations=347 runtime: 74832us
Richards: iterations=348 runtime: 74568us
Richards: iterations=349 runtime: 74717us
Richards: iterations=350 runtime: 91916us
Richards: iterations=351 runtime: 74486us
Richards: iterations=352 runtime: 74611us
Richards: iterations=353 runtime: 74349us
Richards: iterations=354 runtime: 74663us
Richards: iterations=355 runtime: 74493us
Richards: iterations=356 runtime: 74652us
Richards: iterations=357 runtime: 74474us
Richards: iterations=358 runtime: 74722us
Richards: iterations=359 runtime: 74616us
Richards: iterations=360 runtime: 74561us
Richards: iterations=361 runtime: 74681us
Richards: iterations=362 runtime: 74600us
Richards: iterations=363 runtime: 74571us
Richards: iterations=364 runtime: 74593us
Richards: iterations=365 runtime: 81174us
Richards: iterations=366 runtime: 133277us
Richards: iterations=367 runtime: 133237us
Richards: iterations=368 runtime: 133183us
Richards: iterations=369 runtime: 133204us
Richards: iterations=370 runtime: 132206us
Richards: iterations=371 runtime: 74788us
Richards: iterations=372 runtime: 74678us
Richards: iterations=373 runtime: 74600us
Richards: iterations=374 runtime: 80725us
Richards: iterations=375 runtime: 99069us
Richards: iterations=376 runtime: 132974us
Richards: iterations=377 runtime: 89781us
Richards: iterations=378 runtime: 74779us
Richards: iterations=379 runtime: 74545us
Richards: iterations=380 runtime: 74752us
Richards: iterations=381 runtime: 97391us
Richards: iterations=382 runtime: 74760us
Richards: iterations=383 runtime: 74622us
Richards: iterations=384 runtime: 74491us
Richards: iterations=385 runtime: 74771us
Richards: iterations=386 runtime: 74615us
Richards: iterations=387 runtime: 90921us
Richards: iterations=388 runtime: 132177us
Richards: iterations=389 runtime: 96773us
Richards: iterations=390 runtime: 74651us
Richards: iterations=391 runtime: 104529us
Richards: iterations=392 runtime: 133286us
Richards: iterations=393 runtime: 76070us
Richards: iterations=394 runtime: 107044us
Richards: iterations=395 runtime: 132989us
Richards: iterations=396 runtime: 122350us
Richards: iterations=397 runtime: 77481us
Richards: iterations=398 runtime: 107867us
Richards: iterations=399 runtime: 128102us
Richards: iterations=400 runtime: 133024us
Richards: iterations=401 runtime: 133402us
Richards: iterations=402 runtime: 104953us
Richards: iterations=403 runtime: 74639us
Richards: iterations=404 runtime: 88507us
Richards: iterations=405 runtime: 133495us
Richards: iterations=406 runtime: 133409us
Richards: iterations=407 runtime: 133330us
Richards: iterations=408 runtime: 121778us
Richards: iterations=409 runtime: 133231us
Richards: iterations=410 runtime: 130496us
Richards: iterations=411 runtime: 74728us
Richards: iterations=412 runtime: 74684us
HumphreysTestPhase: comp = java.lang.StringLatin1.inflate(byte[], int, char[], int, int)
HumphreysTestPhase: method transitions = 0
Richards: iterations=413 runtime: 74827us
Richards: iterations=414 runtime: 85838us
Richards: iterations=415 runtime: 74929us
Richards: iterations=416 runtime: 126087us
Richards: iterations=417 runtime: 106443us
Richards: iterations=418 runtime: 132863us
Richards: iterations=419 runtime: 113207us
Richards: iterations=420 runtime: 132936us
Richards: iterations=421 runtime: 133166us
Richards: iterations=422 runtime: 130482us
Richards: iterations=423 runtime: 74660us
Richards: iterations=424 runtime: 74883us
Richards: iterations=425 runtime: 74579us
Richards: iterations=426 runtime: 74845us
Richards: iterations=427 runtime: 96363us
Richards: iterations=428 runtime: 75081us
Richards: iterations=429 runtime: 74764us
Richards: iterations=430 runtime: 74839us
Richards: iterations=431 runtime: 74897us
Richards: iterations=432 runtime: 75022us
Richards: iterations=433 runtime: 74895us
Richards: iterations=434 runtime: 74811us
Richards: iterations=435 runtime: 74705us
Richards: iterations=436 runtime: 126034us
Richards: iterations=437 runtime: 88880us
Richards: iterations=438 runtime: 74752us
Richards: iterations=439 runtime: 74599us
Richards: iterations=440 runtime: 74727us
Richards: iterations=441 runtime: 76506us
Richards: iterations=442 runtime: 74783us
Richards: iterations=443 runtime: 74768us
Richards: iterations=444 runtime: 74676us
Richards: iterations=445 runtime: 74837us
Richards: iterations=446 runtime: 74781us
Richards: iterations=447 runtime: 74866us
Richards: iterations=448 runtime: 111236us
Richards: iterations=449 runtime: 133257us
Richards: iterations=450 runtime: 133241us
Richards: iterations=451 runtime: 121132us
Richards: iterations=452 runtime: 92638us
Richards: iterations=453 runtime: 74872us
Richards: iterations=454 runtime: 74698us
Richards: iterations=455 runtime: 74903us
Richards: iterations=456 runtime: 115933us
Richards: iterations=457 runtime: 74995us
Richards: iterations=458 runtime: 74769us
Richards: iterations=459 runtime: 74689us
Richards: iterations=460 runtime: 75019us
Richards: iterations=461 runtime: 75001us
Richards: iterations=462 runtime: 74838us
Richards: iterations=463 runtime: 74893us
Richards: iterations=464 runtime: 74866us
Richards: iterations=465 runtime: 75006us
Richards: iterations=466 runtime: 131372us
Richards: iterations=467 runtime: 133006us
Richards: iterations=468 runtime: 133053us
Richards: iterations=469 runtime: 133139us
Richards: iterations=470 runtime: 118442us
Richards: iterations=471 runtime: 86917us
Richards: iterations=472 runtime: 133111us
Richards: iterations=473 runtime: 133079us
Richards: iterations=474 runtime: 133023us
Richards: iterations=475 runtime: 80317us
Richards: iterations=476 runtime: 74894us
Richards: iterations=477 runtime: 74646us
Richards: iterations=478 runtime: 75040us
Richards: iterations=479 runtime: 97163us
Richards: iterations=480 runtime: 74954us
Richards: iterations=481 runtime: 74880us
Richards: iterations=482 runtime: 74719us
Richards: iterations=483 runtime: 74763us
Richards: iterations=484 runtime: 74759us
Richards: iterations=485 runtime: 93640us
HumphreysTestPhase: comp = java.lang.StringCoding.implEncodeAsciiArray(char[], int, byte[], int, int)
HumphreysTestPhase: method transitions = 0
HumphreysTestPhase: comp = java.lang.StringCoding.implEncodeAsciiArray(char[], int, byte[], int, int)
HumphreysTestPhase: method transitions = 0
Richards: iterations=486 runtime: 74787us
Richards: iterations=487 runtime: 74781us
Richards: iterations=488 runtime: 74742us
Richards: iterations=489 runtime: 131211us
Richards: iterations=490 runtime: 74664us
Richards: iterations=491 runtime: 100171us
Richards: iterations=492 runtime: 74723us
Richards: iterations=493 runtime: 74661us
Richards: iterations=494 runtime: 128315us
Richards: iterations=495 runtime: 118917us
Richards: iterations=496 runtime: 137111us
Richards: iterations=497 runtime: 115628us
Richards: iterations=498 runtime: 74729us
Richards: iterations=499 runtime: 125216us
Richards: iterations=500 runtime: 75582us
HumphreysTestPhase: comp = jdk.internal.constant.PrimitiveClassDescImpl.descriptorString()
HumphreysTestPhase: method transitions = 0
HumphreysTestPhase: comp = jdk.internal.classfile.impl.AbstractPoolEntry.hashCode()
HumphreysTestPhase: method transitions = 0
HumphreysTestPhase: comp = jdk.internal.constant.ClassOrInterfaceDescImpl.isClassOrInterface()
HumphreysTestPhase: method transitions = 0
HumphreysTestPhase: comp = jdk.internal.util.ArraysSupport.unsignedHashCode(int, byte[], int, int)
HumphreysTestPhase: method transitions = 10
HumphreysTestPhase: comp = jdk.internal.util.ArraysSupport.unsignedHashCode(int, byte[], int, int)
HumphreysTestPhase: method transitions = 8
HumphreysTestPhase: comp = jdk.internal.classfile.impl.AbstractPoolEntry$ClassEntryImpl.tag()
HumphreysTestPhase: method transitions = 0
HumphreysTestPhase: comp = java.lang.invoke.MethodTypeForm.erasedType()
HumphreysTestPhase: method transitions = 0
Richards: iterations=500 average: 95166us total: 47583425us


Total Runtime: 47583425us
-- Richards completed successfully.
