========================================
Benchmark : Sieve
Timestamp : 2025-10-21T20:41:58+01:00
Java      : HumphreysTestPhase: comp = java.lang.Object.<init>() HumphreysTestPhase: method transitions = 0 HumphreysTestPhase: comp = Stub<ExceptionHandlerStub.exceptionHandler> HumphreysTestPhase: method transitions = 0 HumphreysTestPhase: comp = java.lang.String.hashCode() HumphreysTestPhase: method transitions = 0 HumphreysTestPhase: comp = java.lang.Byte.toUnsignedInt(byte) HumphreysTestPhase: method transitions = 0 HumphreysTestPhase: comp = java.util.Objects.requireNonNull(Object) HumphreysTestPhase: method transitions = 0 HumphreysTestPhase: comp = java.util.HashMap.afterNodeInsertion(boolean) HumphreysTestPhase: method transitions = 0 HumphreysTestPhase: comp = java.util.ImmutableCollections$SetN$SetNIterator.hasNext() HumphreysTestPhase: method transitions = 0 HumphreysTestPhase: comp = java.util.ImmutableCollections$SetN$SetNIterator.next() HumphreysTestPhase: method transitions = 0 openjdk version "25" 2025-09-16 OpenJDK Runtime Environment GraalVM CE 25.1.0-dev+37.1 (build 25+37-jvmci-b06) OpenJDK 64-Bit Server VM GraalVM CE 25.1.0-dev+37.1 (build 25+37-jvmci-b06, mixed mode, sharing) 
Cmd:
  ./latest_graalvm_home/bin/java   -Djdk.graal.TrackNodeSourcePosition=true   -Djdk.graal.MinGraphSize=120   -XX:+UnlockExperimentalVMOptions   -XX:+UnlockDiagnosticVMOptions   -XX:+EnableJVMCI   -Djdk.graal.CompilationFailureAction=Diagnose   -XX:+UseJVMCICompiler   -XX:+UseJVMCINativeLibrary   -XX:-TieredCompilation   -XX:-BackgroundCompilation   --add-exports=jdk.graal.compiler/jdk.graal.compiler.hotspot.meta.Bubo=ALL-UNNAMED   --add-exports=jdk.graal.compiler/jdk.graal.compiler.phases.common=ALL-UNNAMED   -cp   /home/hb478/repos/are-we-fast-yet/benchmarks/Java/benchmarks.jar   Harness   Sieve   500   10000 
========================================
HumphreysTestPhase: comp = java.lang.module.ModuleDescriptor.name()
HumphreysTestPhase: method transitions = 0
HumphreysTestPhase: comp = Stub<ExceptionHandlerStub.exceptionHandler>
HumphreysTestPhase: method transitions = 0
HumphreysTestPhase: comp = java.lang.module.ModuleReference.descriptor()
HumphreysTestPhase: method transitions = 0
HumphreysTestPhase: comp = java.lang.Enum.ordinal()
HumphreysTestPhase: method transitions = 0
HumphreysTestPhase: comp = java.lang.Class.isPrimitive()
HumphreysTestPhase: method transitions = 0
HumphreysTestPhase: comp = jdk.internal.util.StrongReferenceKey.get()
HumphreysTestPhase: method transitions = 0
HumphreysTestPhase: comp = java.lang.Class.getClassLoader()
HumphreysTestPhase: method transitions = 0
HumphreysTestPhase: comp = java.lang.invoke.MethodType.returnType()
HumphreysTestPhase: method transitions = 0
HumphreysTestPhase: comp = jdk.internal.classfile.impl.AbstractPoolEntry.index()
HumphreysTestPhase: method transitions = 0
HumphreysTestPhase: comp = java.lang.invoke.MemberName.getDeclaringClass()
HumphreysTestPhase: method transitions = 0
HumphreysTestPhase: comp = java.lang.invoke.MethodType.form()
HumphreysTestPhase: method transitions = 0
HumphreysTestPhase: comp = java.util.stream.FindOps$FindSink.cancellationRequested()
HumphreysTestPhase: method transitions = 0
HumphreysTestPhase: comp = java.lang.Object.<init>()
HumphreysTestPhase: method transitions = 0
HumphreysTestPhase: comp = jdk.internal.module.ModuleReferenceImpl.moduleResolution()
HumphreysTestPhase: method transitions = 0
HumphreysTestPhase: comp = java.lang.String.hashCode()
HumphreysTestPhase: method transitions = 6
HumphreysTestPhase: comp = java.lang.module.ModuleDescriptor$Requires.modifiers()
HumphreysTestPhase: method transitions = 0
HumphreysTestPhase: comp = java.lang.module.ModuleDescriptor$Requires.name()
HumphreysTestPhase: method transitions = 0
HumphreysTestPhase: comp = java.lang.module.ModuleDescriptor.requires()
HumphreysTestPhase: method transitions = 0
HumphreysTestPhase: comp = java.lang.module.ModuleDescriptor.isAutomatic()
HumphreysTestPhase: method transitions = 0
HumphreysTestPhase: comp = java.util.HashMap$Node.getKey()
HumphreysTestPhase: method transitions = 0
HumphreysTestPhase: comp = java.util.HashMap$Node.getValue()
HumphreysTestPhase: method transitions = 0
HumphreysTestPhase: comp = java.util.ImmutableCollections$Set12.isEmpty()
HumphreysTestPhase: method transitions = 0
HumphreysTestPhase: comp = java.lang.module.ModuleDescriptor$Exports.source()
HumphreysTestPhase: method transitions = 0
HumphreysTestPhase: comp = java.lang.module.ModuleDescriptor$Exports.targets()
HumphreysTestPhase: method transitions = 0
HumphreysTestPhase: comp = java.lang.module.ModuleDescriptor.provides()
HumphreysTestPhase: method transitions = 0
HumphreysTestPhase: comp = java.lang.module.ModuleDescriptor.exports()
HumphreysTestPhase: method transitions = 0
HumphreysTestPhase: comp = java.util.Objects.requireNonNull(Object)
HumphreysTestPhase: method transitions = 0
HumphreysTestPhase: comp = java.util.ImmutableCollections$SetN$SetNIterator.hasNext()
HumphreysTestPhase: method transitions = 0
HumphreysTestPhase: comp = java.lang.module.ModuleDescriptor.uses()
HumphreysTestPhase: method transitions = 0
HumphreysTestPhase: comp = java.util.ImmutableCollections$SetN$SetNIterator.next()
HumphreysTestPhase: method transitions = 0
HumphreysTestPhase: comp = Stub<identity_hashcode(Object)int>
HumphreysTestPhase: method transitions = 0
HumphreysTestPhase: comp = java.util.HashMap.hash(Object)
HumphreysTestPhase: method transitions = 21
HumphreysTestPhase: comp = java.lang.module.ModuleDescriptor$Exports.isQualified()
HumphreysTestPhase: method transitions = 2
HumphreysTestPhase: comp = java.lang.module.ModuleDescriptor$Provides.service()
HumphreysTestPhase: method transitions = 0
HumphreysTestPhase: comp = java.lang.Byte.toUnsignedInt(byte)
HumphreysTestPhase: method transitions = 0
HumphreysTestPhase: comp = Stub<new_instance_or_null(KlassPointer)Object>
HumphreysTestPhase: method transitions = 0
HumphreysTestPhase: comp = Stub<LookUpSecondarySupersTableStub.lookupSecondarySupersTableSlowPath>
HumphreysTestPhase: method transitions = 0
HumphreysTestPhase: comp = Stub<write_barrier_pre-stack-only(Object)void>
HumphreysTestPhase: method transitions = 0
HumphreysTestPhase: comp = Stub<write_barrier_post-stack-only(Word)void>
HumphreysTestPhase: method transitions = 0
HumphreysTestPhase: comp = java.util.HashMap.putVal(int, Object, Object, boolean, boolean)
HumphreysTestPhase: method transitions = 37
HumphreysTestPhase: comp = java.lang.String.equals(Object)
HumphreysTestPhase: method transitions = 11
HumphreysTestPhase: comp = java.util.KeyValueHolder.getKey()
HumphreysTestPhase: method transitions = 0
HumphreysTestPhase: comp = java.util.KeyValueHolder.getValue()
HumphreysTestPhase: method transitions = 0
HumphreysTestPhase: comp = java.lang.module.ModuleDescriptor.packages()
HumphreysTestPhase: method transitions = 0
HumphreysTestPhase: comp = java.lang.module.ResolvedModule.reference()
HumphreysTestPhase: method transitions = 0
HumphreysTestPhase: comp = java.util.HashMap$Node.<init>(int, Object, Object, HashMap$Node)
HumphreysTestPhase: method transitions = 0
HumphreysTestPhase: comp = java.lang.module.ModuleDescriptor$Version.toString()
HumphreysTestPhase: method transitions = 0
HumphreysTestPhase: comp = java.lang.AbstractStringBuilder.length()
HumphreysTestPhase: method transitions = 0
HumphreysTestPhase: comp = java.util.HashMap.newNode(int, Object, Object, HashMap$Node)
HumphreysTestPhase: method transitions = 6
HumphreysTestPhase: comp = java.util.HashMap.afterNodeInsertion(boolean)
HumphreysTestPhase: method transitions = 0
HumphreysTestPhase: comp = Stub<new_array_or_null(KlassPointer,int)Object>
HumphreysTestPhase: method transitions = 0
HumphreysTestPhase: comp = java.util.HashMap.resize()
HumphreysTestPhase: method transitions = 12
HumphreysTestPhase: comp = java.lang.module.ResolvedModule.configuration()
HumphreysTestPhase: method transitions = 0
HumphreysTestPhase: comp = java.lang.module.ModuleDescriptor.isOpen()
HumphreysTestPhase: method transitions = 0
HumphreysTestPhase: comp = java.util.HashMap.size()
HumphreysTestPhase: method transitions = 0
HumphreysTestPhase: comp = jdk.internal.classfile.impl.AbstractPoolEntry.width()
HumphreysTestPhase: method transitions = 0
HumphreysTestPhase: comp = jdk.internal.classfile.impl.SplitConstantPool.size()
HumphreysTestPhase: method transitions = 0
HumphreysTestPhase: comp = java.lang.invoke.MethodType.ptypes()
HumphreysTestPhase: method transitions = 0
HumphreysTestPhase: comp = java.util.zip.ZipCoder$UTF8ZipCoder.isUTF8()
HumphreysTestPhase: method transitions = 0
HumphreysTestPhase: comp = java.lang.AbstractStringBuilder.getValue()
HumphreysTestPhase: method transitions = 0
HumphreysTestPhase: comp = java.lang.StringLatin1.equals(byte[], byte[])
HumphreysTestPhase: method transitions = 0
HumphreysTestPhase: comp = jdk.internal.classfile.impl.AbstractPoolEntry.constantPool()
HumphreysTestPhase: method transitions = 0
HumphreysTestPhase: comp = jdk.internal.classfile.impl.RawBytecodeHelper.bci()
HumphreysTestPhase: method transitions = 0
Starting Sieve benchmark ...
HumphreysTestPhase: comp = Stub<OSR_migration_end(long)void>
HumphreysTestPhase: method transitions = 0
HumphreysTestPhase: comp = Sieve.sieve(boolean[], int)
HumphreysTestPhase: method transitions = 0
HumphreysTestPhase: comp = Sieve.sieve(boolean[], int)
HumphreysTestPhase: method transitions = 0
HumphreysTestPhase: comp = java.util.Arrays.fill(boolean[], boolean)
HumphreysTestPhase: method transitions = 0
HumphreysTestPhase: comp = java.util.Arrays.fill(boolean[], boolean)
HumphreysTestPhase: method transitions = 0
HumphreysTestPhase: comp = java.lang.Integer.intValue()
HumphreysTestPhase: method transitions = 0
HumphreysTestPhase: comp = java.lang.Integer.valueOf(int)
HumphreysTestPhase: method transitions = 8
HumphreysTestPhase: comp = Sieve.benchmark()
HumphreysTestPhase: method transitions = 18
HumphreysTestPhase: comp = Sieve.verifyResult(Object)
HumphreysTestPhase: method transitions = 3
HumphreysTestPhase: comp = jdk.internal.util.WeakReferenceKey.hashCode()
HumphreysTestPhase: method transitions = 0
HumphreysTestPhase: comp = jdk.internal.constant.ClassOrInterfaceDescImpl.descriptorString()
HumphreysTestPhase: method transitions = 0
HumphreysTestPhase: comp = java.lang.String.value()
HumphreysTestPhase: method transitions = 0
HumphreysTestPhase: comp = java.lang.String.coder()
HumphreysTestPhase: method transitions = 0
HumphreysTestPhase: comp = jdk.internal.classfile.impl.BufWriterImpl.size()
HumphreysTestPhase: method transitions = 0
HumphreysTestPhase: comp = jdk.internal.classfile.impl.AbstractDirectBuilder.constantPool()
HumphreysTestPhase: method transitions = 0
Sieve: iterations=1 runtime: 276620us
Sieve: iterations=2 runtime: 215567us
HumphreysTestPhase: comp = Benchmark.innerBenchmarkLoop(int)
HumphreysTestPhase: method transitions = 24
HumphreysTestPhase: comp = Benchmark.innerBenchmarkLoop(int)
HumphreysTestPhase: method transitions = 15
Sieve: iterations=3 runtime: 255725us
Sieve: iterations=4 runtime: 227340us
Sieve: iterations=5 runtime: 253838us
Sieve: iterations=6 runtime: 251754us
Sieve: iterations=7 runtime: 186480us
Sieve: iterations=8 runtime: 219898us
Sieve: iterations=9 runtime: 270895us
Sieve: iterations=10 runtime: 255873us
Sieve: iterations=11 runtime: 196507us
Sieve: iterations=12 runtime: 183890us
Sieve: iterations=13 runtime: 185520us
Sieve: iterations=14 runtime: 184714us
Sieve: iterations=15 runtime: 184356us
Sieve: iterations=16 runtime: 185500us
Sieve: iterations=17 runtime: 184496us
Sieve: iterations=18 runtime: 184416us
Sieve: iterations=19 runtime: 184955us
Sieve: iterations=20 runtime: 183615us
Sieve: iterations=21 runtime: 183744us
Sieve: iterations=22 runtime: 209247us
Sieve: iterations=23 runtime: 225778us
Sieve: iterations=24 runtime: 183907us
Sieve: iterations=25 runtime: 243759us
Sieve: iterations=26 runtime: 302515us
Sieve: iterations=27 runtime: 221180us
Sieve: iterations=28 runtime: 211762us
Sieve: iterations=29 runtime: 228206us
HumphreysTestPhase: comp = java.nio.Buffer.position()
HumphreysTestPhase: method transitions = 0
Sieve: iterations=30 runtime: 241456us
Sieve: iterations=31 runtime: 266714us
Sieve: iterations=32 runtime: 293811us
Sieve: iterations=33 runtime: 184460us
Sieve: iterations=34 runtime: 185573us
Sieve: iterations=35 runtime: 245128us
Sieve: iterations=36 runtime: 195151us
Sieve: iterations=37 runtime: 198935us
Sieve: iterations=38 runtime: 238239us
Sieve: iterations=39 runtime: 285590us
HumphreysTestPhase: comp = java.nio.Buffer.limit()
HumphreysTestPhase: method transitions = 0
Sieve: iterations=40 runtime: 277941us
Sieve: iterations=41 runtime: 270776us
Sieve: iterations=42 runtime: 270404us
Sieve: iterations=43 runtime: 208376us
Sieve: iterations=44 runtime: 226102us
Sieve: iterations=45 runtime: 184202us
Sieve: iterations=46 runtime: 186026us
Sieve: iterations=47 runtime: 184118us
Sieve: iterations=48 runtime: 183633us
Sieve: iterations=49 runtime: 194436us
Sieve: iterations=50 runtime: 271609us
Sieve: iterations=51 runtime: 267564us
Sieve: iterations=52 runtime: 268469us
Sieve: iterations=53 runtime: 288725us
Sieve: iterations=54 runtime: 287435us
Sieve: iterations=55 runtime: 259197us
Sieve: iterations=56 runtime: 267002us
Sieve: iterations=57 runtime: 183985us
Sieve: iterations=58 runtime: 196380us
Sieve: iterations=59 runtime: 268565us
Sieve: iterations=60 runtime: 232074us
Sieve: iterations=61 runtime: 226822us
Sieve: iterations=62 runtime: 218412us
Sieve: iterations=63 runtime: 201531us
Sieve: iterations=64 runtime: 183964us
Sieve: iterations=65 runtime: 245548us
Sieve: iterations=66 runtime: 194485us
Sieve: iterations=67 runtime: 197848us
Sieve: iterations=68 runtime: 183203us
Sieve: iterations=69 runtime: 194176us
Sieve: iterations=70 runtime: 184033us
Sieve: iterations=71 runtime: 184004us
Sieve: iterations=72 runtime: 245761us
Sieve: iterations=73 runtime: 234102us
Sieve: iterations=74 runtime: 184324us
Sieve: iterations=75 runtime: 240309us
Sieve: iterations=76 runtime: 214637us
Sieve: iterations=77 runtime: 183630us
Sieve: iterations=78 runtime: 183796us
Sieve: iterations=79 runtime: 197099us
Sieve: iterations=80 runtime: 224981us
Sieve: iterations=81 runtime: 214252us
Sieve: iterations=82 runtime: 204633us
Sieve: iterations=83 runtime: 204809us
Sieve: iterations=84 runtime: 272320us
Sieve: iterations=85 runtime: 228188us
Sieve: iterations=86 runtime: 254083us
Sieve: iterations=87 runtime: 215216us
Sieve: iterations=88 runtime: 271590us
Sieve: iterations=89 runtime: 217915us
Sieve: iterations=90 runtime: 248591us
Sieve: iterations=91 runtime: 201458us
Sieve: iterations=92 runtime: 183912us
Sieve: iterations=93 runtime: 184044us
Sieve: iterations=94 runtime: 273016us
Sieve: iterations=95 runtime: 188043us
Sieve: iterations=96 runtime: 183597us
Sieve: iterations=97 runtime: 184425us
Sieve: iterations=98 runtime: 225089us
Sieve: iterations=99 runtime: 214529us
Sieve: iterations=100 runtime: 212844us
Sieve: iterations=101 runtime: 183688us
Sieve: iterations=102 runtime: 183855us
Sieve: iterations=103 runtime: 183973us
Sieve: iterations=104 runtime: 183629us
Sieve: iterations=105 runtime: 184101us
Sieve: iterations=106 runtime: 199018us
Sieve: iterations=107 runtime: 196951us
Sieve: iterations=108 runtime: 202862us
Sieve: iterations=109 runtime: 204928us
Sieve: iterations=110 runtime: 248223us
Sieve: iterations=111 runtime: 258214us
Sieve: iterations=112 runtime: 293143us
Sieve: iterations=113 runtime: 186265us
Sieve: iterations=114 runtime: 199418us
Sieve: iterations=115 runtime: 206828us
Sieve: iterations=116 runtime: 225960us
Sieve: iterations=117 runtime: 263427us
Sieve: iterations=118 runtime: 271205us
Sieve: iterations=119 runtime: 256435us
Sieve: iterations=120 runtime: 263165us
Sieve: iterations=121 runtime: 191915us
Sieve: iterations=122 runtime: 193915us
Sieve: iterations=123 runtime: 274954us
Sieve: iterations=124 runtime: 203314us
Sieve: iterations=125 runtime: 229343us
Sieve: iterations=126 runtime: 252468us
HumphreysTestPhase: comp = java.nio.Buffer.capacity()
HumphreysTestPhase: method transitions = 0
HumphreysTestPhase: comp = java.nio.charset.CharsetEncoder.maxBytesPerChar()
HumphreysTestPhase: method transitions = 0
Sieve: iterations=127 runtime: 213108us
Sieve: iterations=128 runtime: 205808us
Sieve: iterations=129 runtime: 219205us
Sieve: iterations=130 runtime: 240194us
Sieve: iterations=131 runtime: 270957us
Sieve: iterations=132 runtime: 199640us
Sieve: iterations=133 runtime: 206308us
Sieve: iterations=134 runtime: 184811us
Sieve: iterations=135 runtime: 194476us
Sieve: iterations=136 runtime: 183902us
Sieve: iterations=137 runtime: 184038us
Sieve: iterations=138 runtime: 183978us
Sieve: iterations=139 runtime: 184065us
Sieve: iterations=140 runtime: 184490us
Sieve: iterations=141 runtime: 183956us
Sieve: iterations=142 runtime: 183966us
Sieve: iterations=143 runtime: 209441us
Sieve: iterations=144 runtime: 197315us
Sieve: iterations=145 runtime: 196848us
Sieve: iterations=146 runtime: 184395us
Sieve: iterations=147 runtime: 207531us
Sieve: iterations=148 runtime: 183893us
Sieve: iterations=149 runtime: 219916us
Sieve: iterations=150 runtime: 184800us
Sieve: iterations=151 runtime: 184356us
Sieve: iterations=152 runtime: 196019us
Sieve: iterations=153 runtime: 210771us
Sieve: iterations=154 runtime: 270292us
Sieve: iterations=155 runtime: 220491us
Sieve: iterations=156 runtime: 279584us
Sieve: iterations=157 runtime: 192014us
Sieve: iterations=158 runtime: 269687us
Sieve: iterations=159 runtime: 202517us
Sieve: iterations=160 runtime: 244686us
Sieve: iterations=161 runtime: 217355us
Sieve: iterations=162 runtime: 183469us
Sieve: iterations=163 runtime: 183662us
Sieve: iterations=164 runtime: 184947us
Sieve: iterations=165 runtime: 184328us
Sieve: iterations=166 runtime: 200000us
Sieve: iterations=167 runtime: 212840us
Sieve: iterations=168 runtime: 221208us
Sieve: iterations=169 runtime: 246702us
Sieve: iterations=170 runtime: 247989us
Sieve: iterations=171 runtime: 245128us
Sieve: iterations=172 runtime: 270804us
Sieve: iterations=173 runtime: 206220us
Sieve: iterations=174 runtime: 224489us
Sieve: iterations=175 runtime: 184233us
Sieve: iterations=176 runtime: 184421us
Sieve: iterations=177 runtime: 247775us
Sieve: iterations=178 runtime: 264714us
Sieve: iterations=179 runtime: 183739us
Sieve: iterations=180 runtime: 207074us
Sieve: iterations=181 runtime: 204145us
Sieve: iterations=182 runtime: 267065us
Sieve: iterations=183 runtime: 183430us
Sieve: iterations=184 runtime: 201555us
Sieve: iterations=185 runtime: 211559us
Sieve: iterations=186 runtime: 193314us
Sieve: iterations=187 runtime: 184064us
Sieve: iterations=188 runtime: 184442us
Sieve: iterations=189 runtime: 183708us
Sieve: iterations=190 runtime: 199004us
Sieve: iterations=191 runtime: 236854us
Sieve: iterations=192 runtime: 206014us
Sieve: iterations=193 runtime: 184399us
Sieve: iterations=194 runtime: 189355us
Sieve: iterations=195 runtime: 246392us
Sieve: iterations=196 runtime: 198241us
HumphreysTestPhase: comp = java.lang.String.length()
HumphreysTestPhase: method transitions = 2
Sieve: iterations=197 runtime: 231387us
Sieve: iterations=198 runtime: 243986us
Sieve: iterations=199 runtime: 260515us
Sieve: iterations=200 runtime: 192267us
Sieve: iterations=201 runtime: 183826us
Sieve: iterations=202 runtime: 183959us
Sieve: iterations=203 runtime: 229245us
Sieve: iterations=204 runtime: 184142us
Sieve: iterations=205 runtime: 282554us
Sieve: iterations=206 runtime: 278735us
Sieve: iterations=207 runtime: 200388us
Sieve: iterations=208 runtime: 223988us
Sieve: iterations=209 runtime: 269424us
Sieve: iterations=210 runtime: 263360us
Sieve: iterations=211 runtime: 260492us
Sieve: iterations=212 runtime: 196632us
Sieve: iterations=213 runtime: 184120us
Sieve: iterations=214 runtime: 183684us
Sieve: iterations=215 runtime: 183654us
Sieve: iterations=216 runtime: 204811us
Sieve: iterations=217 runtime: 183838us
Sieve: iterations=218 runtime: 184030us
Sieve: iterations=219 runtime: 184124us
Sieve: iterations=220 runtime: 263456us
Sieve: iterations=221 runtime: 255257us
Sieve: iterations=222 runtime: 205232us
Sieve: iterations=223 runtime: 271132us
Sieve: iterations=224 runtime: 264655us
Sieve: iterations=225 runtime: 275365us
Sieve: iterations=226 runtime: 255672us
Sieve: iterations=227 runtime: 195829us
Sieve: iterations=228 runtime: 208187us
Sieve: iterations=229 runtime: 244781us
Sieve: iterations=230 runtime: 229188us
Sieve: iterations=231 runtime: 183685us
Sieve: iterations=232 runtime: 183336us
Sieve: iterations=233 runtime: 183401us
Sieve: iterations=234 runtime: 184180us
Sieve: iterations=235 runtime: 198915us
Sieve: iterations=236 runtime: 274435us
Sieve: iterations=237 runtime: 248516us
Sieve: iterations=238 runtime: 281981us
Sieve: iterations=239 runtime: 287125us
Sieve: iterations=240 runtime: 232130us
Sieve: iterations=241 runtime: 183986us
Sieve: iterations=242 runtime: 268946us
Sieve: iterations=243 runtime: 241171us
Sieve: iterations=244 runtime: 270104us
Sieve: iterations=245 runtime: 269921us
Sieve: iterations=246 runtime: 246194us
Sieve: iterations=247 runtime: 231289us
Sieve: iterations=248 runtime: 183556us
Sieve: iterations=249 runtime: 184129us
Sieve: iterations=250 runtime: 184164us
Sieve: iterations=251 runtime: 184012us
Sieve: iterations=252 runtime: 184228us
Sieve: iterations=253 runtime: 183695us
Sieve: iterations=254 runtime: 183683us
Sieve: iterations=255 runtime: 193394us
Sieve: iterations=256 runtime: 183864us
Sieve: iterations=257 runtime: 199273us
Sieve: iterations=258 runtime: 185123us
Sieve: iterations=259 runtime: 192543us
Sieve: iterations=260 runtime: 184486us
Sieve: iterations=261 runtime: 260703us
Sieve: iterations=262 runtime: 270578us
Sieve: iterations=263 runtime: 271988us
Sieve: iterations=264 runtime: 212276us
Sieve: iterations=265 runtime: 183857us
Sieve: iterations=266 runtime: 183975us
Sieve: iterations=267 runtime: 202859us
Sieve: iterations=268 runtime: 271241us
Sieve: iterations=269 runtime: 271097us
Sieve: iterations=270 runtime: 242852us
Sieve: iterations=271 runtime: 215194us
Sieve: iterations=272 runtime: 270954us
Sieve: iterations=273 runtime: 224091us
Sieve: iterations=274 runtime: 221590us
Sieve: iterations=275 runtime: 235172us
Sieve: iterations=276 runtime: 284266us
Sieve: iterations=277 runtime: 276462us
Sieve: iterations=278 runtime: 267656us
Sieve: iterations=279 runtime: 230710us
Sieve: iterations=280 runtime: 253763us
Sieve: iterations=281 runtime: 184127us
Sieve: iterations=282 runtime: 225786us
Sieve: iterations=283 runtime: 248979us
Sieve: iterations=284 runtime: 200596us
Sieve: iterations=285 runtime: 255436us
Sieve: iterations=286 runtime: 226343us
Sieve: iterations=287 runtime: 183649us
Sieve: iterations=288 runtime: 183101us
Sieve: iterations=289 runtime: 192509us
Sieve: iterations=290 runtime: 216642us
Sieve: iterations=291 runtime: 211793us
Sieve: iterations=292 runtime: 233406us
Sieve: iterations=293 runtime: 254887us
Sieve: iterations=294 runtime: 269120us
Sieve: iterations=295 runtime: 256376us
Sieve: iterations=296 runtime: 270099us
Sieve: iterations=297 runtime: 248568us
Sieve: iterations=298 runtime: 218327us
Sieve: iterations=299 runtime: 217321us
Sieve: iterations=300 runtime: 190008us
Sieve: iterations=301 runtime: 196491us
Sieve: iterations=302 runtime: 183257us
Sieve: iterations=303 runtime: 237192us
Sieve: iterations=304 runtime: 276812us
Sieve: iterations=305 runtime: 185745us
Sieve: iterations=306 runtime: 235487us
Sieve: iterations=307 runtime: 282660us
Sieve: iterations=308 runtime: 199393us
Sieve: iterations=309 runtime: 183891us
Sieve: iterations=310 runtime: 198518us
Sieve: iterations=311 runtime: 184809us
Sieve: iterations=312 runtime: 183824us
Sieve: iterations=313 runtime: 195744us
Sieve: iterations=314 runtime: 210807us
Sieve: iterations=315 runtime: 262034us
Sieve: iterations=316 runtime: 233836us
Sieve: iterations=317 runtime: 199913us
Sieve: iterations=318 runtime: 189020us
Sieve: iterations=319 runtime: 249811us
Sieve: iterations=320 runtime: 184021us
Sieve: iterations=321 runtime: 183965us
Sieve: iterations=322 runtime: 184433us
Sieve: iterations=323 runtime: 184176us
Sieve: iterations=324 runtime: 184624us
Sieve: iterations=325 runtime: 193832us
Sieve: iterations=326 runtime: 264117us
Sieve: iterations=327 runtime: 188638us
Sieve: iterations=328 runtime: 257580us
Sieve: iterations=329 runtime: 183334us
Sieve: iterations=330 runtime: 183112us
Sieve: iterations=331 runtime: 184525us
Sieve: iterations=332 runtime: 184249us
Sieve: iterations=333 runtime: 188826us
Sieve: iterations=334 runtime: 184057us
Sieve: iterations=335 runtime: 215906us
Sieve: iterations=336 runtime: 264676us
Sieve: iterations=337 runtime: 258292us
Sieve: iterations=338 runtime: 191498us
Sieve: iterations=339 runtime: 200607us
Sieve: iterations=340 runtime: 183957us
Sieve: iterations=341 runtime: 184029us
Sieve: iterations=342 runtime: 183901us
Sieve: iterations=343 runtime: 203339us
Sieve: iterations=344 runtime: 270993us
Sieve: iterations=345 runtime: 276487us
Sieve: iterations=346 runtime: 271167us
Sieve: iterations=347 runtime: 230020us
Sieve: iterations=348 runtime: 203604us
Sieve: iterations=349 runtime: 184695us
Sieve: iterations=350 runtime: 184681us
Sieve: iterations=351 runtime: 184613us
Sieve: iterations=352 runtime: 184506us
Sieve: iterations=353 runtime: 184191us
Sieve: iterations=354 runtime: 184141us
Sieve: iterations=355 runtime: 196704us
Sieve: iterations=356 runtime: 216951us
Sieve: iterations=357 runtime: 183556us
Sieve: iterations=358 runtime: 196953us
Sieve: iterations=359 runtime: 270907us
Sieve: iterations=360 runtime: 217391us
Sieve: iterations=361 runtime: 238038us
Sieve: iterations=362 runtime: 270697us
Sieve: iterations=363 runtime: 269997us
Sieve: iterations=364 runtime: 225333us
Sieve: iterations=365 runtime: 270118us
Sieve: iterations=366 runtime: 281976us
Sieve: iterations=367 runtime: 184472us
Sieve: iterations=368 runtime: 184719us
Sieve: iterations=369 runtime: 184214us
Sieve: iterations=370 runtime: 184303us
Sieve: iterations=371 runtime: 184808us
Sieve: iterations=372 runtime: 184523us
Sieve: iterations=373 runtime: 219739us
Sieve: iterations=374 runtime: 266126us
Sieve: iterations=375 runtime: 270413us
Sieve: iterations=376 runtime: 251857us
Sieve: iterations=377 runtime: 241126us
Sieve: iterations=378 runtime: 183438us
Sieve: iterations=379 runtime: 244244us
Sieve: iterations=380 runtime: 205714us
Sieve: iterations=381 runtime: 187897us
Sieve: iterations=382 runtime: 193191us
Sieve: iterations=383 runtime: 190171us
Sieve: iterations=384 runtime: 231903us
Sieve: iterations=385 runtime: 260143us
Sieve: iterations=386 runtime: 233406us
Sieve: iterations=387 runtime: 188261us
Sieve: iterations=388 runtime: 184014us
Sieve: iterations=389 runtime: 184482us
Sieve: iterations=390 runtime: 244820us
Sieve: iterations=391 runtime: 195595us
Sieve: iterations=392 runtime: 231640us
Sieve: iterations=393 runtime: 223689us
Sieve: iterations=394 runtime: 183417us
Sieve: iterations=395 runtime: 184194us
Sieve: iterations=396 runtime: 183488us
Sieve: iterations=397 runtime: 183889us
Sieve: iterations=398 runtime: 184378us
Sieve: iterations=399 runtime: 183794us
Sieve: iterations=400 runtime: 183683us
Sieve: iterations=401 runtime: 250519us
Sieve: iterations=402 runtime: 269647us
Sieve: iterations=403 runtime: 269993us
Sieve: iterations=404 runtime: 187444us
Sieve: iterations=405 runtime: 233912us
Sieve: iterations=406 runtime: 197250us
Sieve: iterations=407 runtime: 183814us
Sieve: iterations=408 runtime: 183616us
Sieve: iterations=409 runtime: 183488us
Sieve: iterations=410 runtime: 209856us
Sieve: iterations=411 runtime: 266087us
HumphreysTestPhase: comp = java.lang.StringLatin1.inflate(byte[], int, char[], int, int)
HumphreysTestPhase: method transitions = 0
Sieve: iterations=412 runtime: 297153us
Sieve: iterations=413 runtime: 231007us
Sieve: iterations=414 runtime: 213045us
Sieve: iterations=415 runtime: 204299us
Sieve: iterations=416 runtime: 194919us
Sieve: iterations=417 runtime: 240023us
Sieve: iterations=418 runtime: 231776us
Sieve: iterations=419 runtime: 234566us
Sieve: iterations=420 runtime: 254977us
Sieve: iterations=421 runtime: 198794us
Sieve: iterations=422 runtime: 183682us
Sieve: iterations=423 runtime: 200243us
Sieve: iterations=424 runtime: 187344us
Sieve: iterations=425 runtime: 184087us
Sieve: iterations=426 runtime: 251189us
Sieve: iterations=427 runtime: 183509us
Sieve: iterations=428 runtime: 221807us
Sieve: iterations=429 runtime: 246010us
Sieve: iterations=430 runtime: 183183us
Sieve: iterations=431 runtime: 183881us
Sieve: iterations=432 runtime: 183905us
Sieve: iterations=433 runtime: 183815us
Sieve: iterations=434 runtime: 186022us
Sieve: iterations=435 runtime: 270372us
Sieve: iterations=436 runtime: 203217us
Sieve: iterations=437 runtime: 183972us
Sieve: iterations=438 runtime: 238247us
Sieve: iterations=439 runtime: 196947us
Sieve: iterations=440 runtime: 234200us
Sieve: iterations=441 runtime: 184380us
Sieve: iterations=442 runtime: 184597us
Sieve: iterations=443 runtime: 191188us
Sieve: iterations=444 runtime: 227842us
Sieve: iterations=445 runtime: 198121us
Sieve: iterations=446 runtime: 184023us
Sieve: iterations=447 runtime: 211092us
Sieve: iterations=448 runtime: 184381us
Sieve: iterations=449 runtime: 183762us
Sieve: iterations=450 runtime: 241575us
Sieve: iterations=451 runtime: 221412us
Sieve: iterations=452 runtime: 184167us
Sieve: iterations=453 runtime: 183951us
Sieve: iterations=454 runtime: 183846us
Sieve: iterations=455 runtime: 210916us
Sieve: iterations=456 runtime: 184224us
Sieve: iterations=457 runtime: 183862us
Sieve: iterations=458 runtime: 183686us
Sieve: iterations=459 runtime: 184237us
Sieve: iterations=460 runtime: 183666us
Sieve: iterations=461 runtime: 183929us
Sieve: iterations=462 runtime: 184772us
Sieve: iterations=463 runtime: 184151us
Sieve: iterations=464 runtime: 184453us
Sieve: iterations=465 runtime: 185062us
Sieve: iterations=466 runtime: 184087us
Sieve: iterations=467 runtime: 212492us
Sieve: iterations=468 runtime: 236848us
Sieve: iterations=469 runtime: 286280us
Sieve: iterations=470 runtime: 205089us
Sieve: iterations=471 runtime: 187566us
Sieve: iterations=472 runtime: 259013us
Sieve: iterations=473 runtime: 183242us
Sieve: iterations=474 runtime: 224621us
Sieve: iterations=475 runtime: 271341us
Sieve: iterations=476 runtime: 207729us
Sieve: iterations=477 runtime: 183937us
Sieve: iterations=478 runtime: 208685us
Sieve: iterations=479 runtime: 228327us
Sieve: iterations=480 runtime: 227925us
Sieve: iterations=481 runtime: 200098us
Sieve: iterations=482 runtime: 185193us
Sieve: iterations=483 runtime: 235817us
Sieve: iterations=484 runtime: 231127us
Sieve: iterations=485 runtime: 185600us
Sieve: iterations=486 runtime: 246541us
Sieve: iterations=487 runtime: 183817us
Sieve: iterations=488 runtime: 220319us
Sieve: iterations=489 runtime: 243295us
Sieve: iterations=490 runtime: 229590us
Sieve: iterations=491 runtime: 201029us
Sieve: iterations=492 runtime: 265787us
Sieve: iterations=493 runtime: 184629us
Sieve: iterations=494 runtime: 239261us
Sieve: iterations=495 runtime: 201723us
Sieve: iterations=496 runtime: 183788us
Sieve: iterations=497 runtime: 187881us
Sieve: iterations=498 runtime: 190880us
Sieve: iterations=499 runtime: 268079us
Sieve: iterations=500 runtime: 209490us
HumphreysTestPhase: comp = jdk.internal.constant.PrimitiveClassDescImpl.descriptorString()
HumphreysTestPhase: method transitions = 0
HumphreysTestPhase: comp = jdk.internal.classfile.impl.AbstractPoolEntry.hashCode()
HumphreysTestPhase: method transitions = 0
HumphreysTestPhase: comp = jdk.internal.constant.ClassOrInterfaceDescImpl.isClassOrInterface()
HumphreysTestPhase: method transitions = 0
HumphreysTestPhase: comp = java.util.ArrayList.size()
HumphreysTestPhase: method transitions = 0
HumphreysTestPhase: comp = jdk.internal.classfile.impl.AbstractPoolEntry$ClassEntryImpl.tag()
HumphreysTestPhase: method transitions = 0
HumphreysTestPhase: comp = java.lang.invoke.MethodTypeForm.erasedType()
HumphreysTestPhase: method transitions = 0
Sieve: iterations=500 average: 216162us total: 108081028us


Total Runtime: 108081028us
-- Sieve completed successfully.
