========================================
Benchmark : Storage
Timestamp : 2025-10-21T20:43:46+01:00
Java      : HumphreysTestPhase: comp = java.lang.Object.<init>() HumphreysTestPhase: method transitions = 0 HumphreysTestPhase: comp = Stub<ExceptionHandlerStub.exceptionHandler> HumphreysTestPhase: method transitions = 0 HumphreysTestPhase: comp = java.lang.String.hashCode() HumphreysTestPhase: method transitions = 0 HumphreysTestPhase: comp = java.lang.Byte.toUnsignedInt(byte) HumphreysTestPhase: method transitions = 0 HumphreysTestPhase: comp = java.util.Objects.requireNonNull(Object) HumphreysTestPhase: method transitions = 0 HumphreysTestPhase: comp = java.util.HashMap.afterNodeInsertion(boolean) HumphreysTestPhase: method transitions = 0 HumphreysTestPhase: comp = java.util.ImmutableCollections$SetN$SetNIterator.hasNext() HumphreysTestPhase: method transitions = 0 HumphreysTestPhase: comp = java.util.ImmutableCollections$SetN$SetNIterator.next() HumphreysTestPhase: method transitions = 0 openjdk version "25" 2025-09-16 OpenJDK Runtime Environment GraalVM CE 25.1.0-dev+37.1 (build 25+37-jvmci-b06) OpenJDK 64-Bit Server VM GraalVM CE 25.1.0-dev+37.1 (build 25+37-jvmci-b06, mixed mode, sharing) 
Cmd:
  ./latest_graalvm_home/bin/java   -Djdk.graal.TrackNodeSourcePosition=true   -Djdk.graal.MinGraphSize=120   -XX:+UnlockExperimentalVMOptions   -XX:+UnlockDiagnosticVMOptions   -XX:+EnableJVMCI   -Djdk.graal.CompilationFailureAction=Diagnose   -XX:+UseJVMCICompiler   -XX:+UseJVMCINativeLibrary   -XX:-TieredCompilation   -XX:-BackgroundCompilation   --add-exports=jdk.graal.compiler/jdk.graal.compiler.hotspot.meta.Bubo=ALL-UNNAMED   --add-exports=jdk.graal.compiler/jdk.graal.compiler.phases.common=ALL-UNNAMED   -cp   /home/hb478/repos/are-we-fast-yet/benchmarks/Java/benchmarks.jar   Harness   Storage   500   1800 
========================================
HumphreysTestPhase: comp = java.lang.module.ModuleDescriptor.name()
HumphreysTestPhase: method transitions = 0
HumphreysTestPhase: comp = Stub<ExceptionHandlerStub.exceptionHandler>
HumphreysTestPhase: method transitions = 0
HumphreysTestPhase: comp = java.lang.module.ModuleReference.descriptor()
HumphreysTestPhase: method transitions = 0
HumphreysTestPhase: comp = java.lang.Enum.ordinal()
HumphreysTestPhase: method transitions = 0
HumphreysTestPhase: comp = java.lang.Class.isPrimitive()
HumphreysTestPhase: method transitions = 0
HumphreysTestPhase: comp = jdk.internal.util.StrongReferenceKey.get()
HumphreysTestPhase: method transitions = 0
HumphreysTestPhase: comp = java.lang.Class.getClassLoader()
HumphreysTestPhase: method transitions = 0
HumphreysTestPhase: comp = java.lang.invoke.MethodType.returnType()
HumphreysTestPhase: method transitions = 0
HumphreysTestPhase: comp = jdk.internal.classfile.impl.AbstractPoolEntry.index()
HumphreysTestPhase: method transitions = 0
HumphreysTestPhase: comp = java.lang.invoke.MemberName.getDeclaringClass()
HumphreysTestPhase: method transitions = 0
HumphreysTestPhase: comp = java.lang.invoke.MethodType.form()
HumphreysTestPhase: method transitions = 0
HumphreysTestPhase: comp = java.util.stream.FindOps$FindSink.cancellationRequested()
HumphreysTestPhase: method transitions = 0
HumphreysTestPhase: comp = java.lang.Object.<init>()
HumphreysTestPhase: method transitions = 0
HumphreysTestPhase: comp = jdk.internal.module.ModuleReferenceImpl.moduleResolution()
HumphreysTestPhase: method transitions = 0
HumphreysTestPhase: comp = java.lang.String.hashCode()
HumphreysTestPhase: method transitions = 6
HumphreysTestPhase: comp = java.lang.module.ModuleDescriptor$Requires.modifiers()
HumphreysTestPhase: method transitions = 0
HumphreysTestPhase: comp = java.lang.module.ModuleDescriptor$Requires.name()
HumphreysTestPhase: method transitions = 0
HumphreysTestPhase: comp = java.lang.module.ModuleDescriptor.requires()
HumphreysTestPhase: method transitions = 0
HumphreysTestPhase: comp = java.lang.module.ModuleDescriptor.isAutomatic()
HumphreysTestPhase: method transitions = 0
HumphreysTestPhase: comp = java.util.HashMap$Node.getKey()
HumphreysTestPhase: method transitions = 0
HumphreysTestPhase: comp = java.util.HashMap$Node.getValue()
HumphreysTestPhase: method transitions = 0
HumphreysTestPhase: comp = java.util.ImmutableCollections$Set12.isEmpty()
HumphreysTestPhase: method transitions = 0
HumphreysTestPhase: comp = java.lang.module.ModuleDescriptor$Exports.source()
HumphreysTestPhase: method transitions = 0
HumphreysTestPhase: comp = java.lang.module.ModuleDescriptor$Exports.targets()
HumphreysTestPhase: method transitions = 0
HumphreysTestPhase: comp = java.lang.module.ModuleDescriptor.provides()
HumphreysTestPhase: method transitions = 0
HumphreysTestPhase: comp = java.lang.module.ModuleDescriptor.exports()
HumphreysTestPhase: method transitions = 0
HumphreysTestPhase: comp = java.util.Objects.requireNonNull(Object)
HumphreysTestPhase: method transitions = 0
HumphreysTestPhase: comp = java.util.ImmutableCollections$SetN$SetNIterator.hasNext()
HumphreysTestPhase: method transitions = 0
HumphreysTestPhase: comp = java.lang.module.ModuleDescriptor.uses()
HumphreysTestPhase: method transitions = 0
HumphreysTestPhase: comp = java.util.ImmutableCollections$SetN$SetNIterator.next()
HumphreysTestPhase: method transitions = 0
HumphreysTestPhase: comp = Stub<identity_hashcode(Object)int>
HumphreysTestPhase: method transitions = 0
HumphreysTestPhase: comp = java.util.HashMap.hash(Object)
HumphreysTestPhase: method transitions = 21
HumphreysTestPhase: comp = java.lang.module.ModuleDescriptor$Exports.isQualified()
HumphreysTestPhase: method transitions = 2
HumphreysTestPhase: comp = java.lang.module.ModuleDescriptor$Provides.service()
HumphreysTestPhase: method transitions = 0
HumphreysTestPhase: comp = java.lang.Byte.toUnsignedInt(byte)
HumphreysTestPhase: method transitions = 0
HumphreysTestPhase: comp = Stub<new_instance_or_null(KlassPointer)Object>
HumphreysTestPhase: method transitions = 0
HumphreysTestPhase: comp = Stub<LookUpSecondarySupersTableStub.lookupSecondarySupersTableSlowPath>
HumphreysTestPhase: method transitions = 0
HumphreysTestPhase: comp = Stub<write_barrier_pre-stack-only(Object)void>
HumphreysTestPhase: method transitions = 0
HumphreysTestPhase: comp = Stub<write_barrier_post-stack-only(Word)void>
HumphreysTestPhase: method transitions = 0
HumphreysTestPhase: comp = java.util.HashMap.putVal(int, Object, Object, boolean, boolean)
HumphreysTestPhase: method transitions = 37
HumphreysTestPhase: comp = java.lang.String.equals(Object)
HumphreysTestPhase: method transitions = 11
HumphreysTestPhase: comp = java.util.KeyValueHolder.getKey()
HumphreysTestPhase: method transitions = 0
HumphreysTestPhase: comp = java.util.KeyValueHolder.getValue()
HumphreysTestPhase: method transitions = 0
HumphreysTestPhase: comp = java.lang.module.ModuleDescriptor.packages()
HumphreysTestPhase: method transitions = 0
HumphreysTestPhase: comp = java.lang.module.ResolvedModule.reference()
HumphreysTestPhase: method transitions = 0
HumphreysTestPhase: comp = java.util.HashMap$Node.<init>(int, Object, Object, HashMap$Node)
HumphreysTestPhase: method transitions = 0
HumphreysTestPhase: comp = java.lang.module.ModuleDescriptor$Version.toString()
HumphreysTestPhase: method transitions = 0
HumphreysTestPhase: comp = java.lang.AbstractStringBuilder.length()
HumphreysTestPhase: method transitions = 0
HumphreysTestPhase: comp = java.util.HashMap.newNode(int, Object, Object, HashMap$Node)
HumphreysTestPhase: method transitions = 6
HumphreysTestPhase: comp = java.util.HashMap.afterNodeInsertion(boolean)
HumphreysTestPhase: method transitions = 0
HumphreysTestPhase: comp = Stub<new_array_or_null(KlassPointer,int)Object>
HumphreysTestPhase: method transitions = 0
HumphreysTestPhase: comp = java.util.HashMap.resize()
HumphreysTestPhase: method transitions = 12
HumphreysTestPhase: comp = java.lang.module.ResolvedModule.configuration()
HumphreysTestPhase: method transitions = 0
HumphreysTestPhase: comp = java.lang.module.ModuleDescriptor.isOpen()
HumphreysTestPhase: method transitions = 0
HumphreysTestPhase: comp = java.util.HashMap.size()
HumphreysTestPhase: method transitions = 0
HumphreysTestPhase: comp = jdk.internal.classfile.impl.AbstractPoolEntry.width()
HumphreysTestPhase: method transitions = 0
HumphreysTestPhase: comp = jdk.internal.classfile.impl.SplitConstantPool.size()
HumphreysTestPhase: method transitions = 0
HumphreysTestPhase: comp = java.lang.invoke.MethodType.ptypes()
HumphreysTestPhase: method transitions = 0
HumphreysTestPhase: comp = java.util.zip.ZipCoder$UTF8ZipCoder.isUTF8()
HumphreysTestPhase: method transitions = 0
HumphreysTestPhase: comp = java.lang.AbstractStringBuilder.getValue()
HumphreysTestPhase: method transitions = 0
HumphreysTestPhase: comp = java.lang.StringLatin1.equals(byte[], byte[])
HumphreysTestPhase: method transitions = 0
HumphreysTestPhase: comp = jdk.internal.classfile.impl.AbstractPoolEntry.constantPool()
HumphreysTestPhase: method transitions = 0
HumphreysTestPhase: comp = jdk.internal.classfile.impl.RawBytecodeHelper.bci()
HumphreysTestPhase: method transitions = 0
Starting Storage benchmark ...
HumphreysTestPhase: comp = java.lang.String.value()
HumphreysTestPhase: method transitions = 0
HumphreysTestPhase: comp = jdk.internal.constant.ClassOrInterfaceDescImpl.descriptorString()
HumphreysTestPhase: method transitions = 0
HumphreysTestPhase: comp = jdk.internal.util.WeakReferenceKey.hashCode()
HumphreysTestPhase: method transitions = 0
HumphreysTestPhase: comp = java.lang.String.coder()
HumphreysTestPhase: method transitions = 0
HumphreysTestPhase: comp = jdk.internal.classfile.impl.BufWriterImpl.size()
HumphreysTestPhase: method transitions = 0
HumphreysTestPhase: comp = Storage.buildTreeDepth(int, Random)
HumphreysTestPhase: method transitions = 112
HumphreysTestPhase: comp = Storage$$Lambda/0x0000000077042f08.apply(int)
HumphreysTestPhase: method transitions = 4
HumphreysTestPhase: comp = Storage.lambda$buildTreeDepth$0(int, Random, int)
HumphreysTestPhase: method transitions = 0
HumphreysTestPhase: comp = som.Arrays.setAll(Object[], IntFunction)
HumphreysTestPhase: method transitions = 57
HumphreysTestPhase: comp = java.lang.Integer.intValue()
HumphreysTestPhase: method transitions = 0
HumphreysTestPhase: comp = jdk.internal.classfile.impl.AbstractDirectBuilder.constantPool()
HumphreysTestPhase: method transitions = 0
HumphreysTestPhase: comp = java.util.ArrayList.size()
HumphreysTestPhase: method transitions = 0
HumphreysTestPhase: comp = jdk.internal.constant.PrimitiveClassDescImpl.descriptorString()
HumphreysTestPhase: method transitions = 0
HumphreysTestPhase: comp = jdk.internal.classfile.impl.AbstractPoolEntry.hashCode()
HumphreysTestPhase: method transitions = 0
HumphreysTestPhase: comp = jdk.internal.constant.ClassOrInterfaceDescImpl.isClassOrInterface()
HumphreysTestPhase: method transitions = 0
HumphreysTestPhase: comp = jdk.internal.classfile.impl.AbstractPoolEntry$ClassEntryImpl.tag()
HumphreysTestPhase: method transitions = 0
HumphreysTestPhase: comp = java.lang.invoke.MethodTypeForm.erasedType()
HumphreysTestPhase: method transitions = 0
Storage: iterations=1 runtime: 252809us
Storage: iterations=2 runtime: 156221us
Storage: iterations=3 runtime: 152397us
HumphreysTestPhase: comp = java.lang.Integer.valueOf(int)
HumphreysTestPhase: method transitions = 8
HumphreysTestPhase: comp = Storage.benchmark()
HumphreysTestPhase: method transitions = 16
HumphreysTestPhase: comp = som.Random.<init>()
HumphreysTestPhase: method transitions = 0
HumphreysTestPhase: comp = Storage.verifyResult(Object)
HumphreysTestPhase: method transitions = 3
Storage: iterations=4 runtime: 182725us
Storage: iterations=5 runtime: 205168us
Storage: iterations=6 runtime: 203571us
Storage: iterations=7 runtime: 175588us
Storage: iterations=8 runtime: 183528us
Storage: iterations=9 runtime: 159454us
Storage: iterations=10 runtime: 174585us
Storage: iterations=11 runtime: 150403us
HumphreysTestPhase: comp = Stub<OSR_migration_end(long)void>
HumphreysTestPhase: method transitions = 0
HumphreysTestPhase: comp = Benchmark.innerBenchmarkLoop(int)
HumphreysTestPhase: method transitions = 31
HumphreysTestPhase: comp = Benchmark.innerBenchmarkLoop(int)
HumphreysTestPhase: method transitions = 21
Storage: iterations=12 runtime: 174397us
Storage: iterations=13 runtime: 153873us
Storage: iterations=14 runtime: 151160us
Storage: iterations=15 runtime: 204199us
Storage: iterations=16 runtime: 165137us
Storage: iterations=17 runtime: 187401us
Storage: iterations=18 runtime: 179445us
Storage: iterations=19 runtime: 186316us
Storage: iterations=20 runtime: 175757us
Storage: iterations=21 runtime: 154939us
Storage: iterations=22 runtime: 149904us
Storage: iterations=23 runtime: 165373us
Storage: iterations=24 runtime: 210953us
Storage: iterations=25 runtime: 187417us
Storage: iterations=26 runtime: 199184us
Storage: iterations=27 runtime: 202207us
Storage: iterations=28 runtime: 192589us
Storage: iterations=29 runtime: 149607us
HumphreysTestPhase: comp = java.nio.Buffer.position()
HumphreysTestPhase: method transitions = 0
Storage: iterations=30 runtime: 149792us
Storage: iterations=31 runtime: 173937us
Storage: iterations=32 runtime: 149635us
Storage: iterations=33 runtime: 149611us
Storage: iterations=34 runtime: 150042us
Storage: iterations=35 runtime: 149475us
Storage: iterations=36 runtime: 149584us
Storage: iterations=37 runtime: 149988us
Storage: iterations=38 runtime: 150761us
Storage: iterations=39 runtime: 170238us
HumphreysTestPhase: comp = java.nio.Buffer.limit()
HumphreysTestPhase: method transitions = 0
Storage: iterations=40 runtime: 157411us
Storage: iterations=41 runtime: 159923us
Storage: iterations=42 runtime: 203894us
Storage: iterations=43 runtime: 170711us
Storage: iterations=44 runtime: 166184us
Storage: iterations=45 runtime: 165029us
Storage: iterations=46 runtime: 150134us
Storage: iterations=47 runtime: 165090us
Storage: iterations=48 runtime: 150200us
Storage: iterations=49 runtime: 149692us
Storage: iterations=50 runtime: 151135us
Storage: iterations=51 runtime: 156534us
Storage: iterations=52 runtime: 149511us
Storage: iterations=53 runtime: 149462us
Storage: iterations=54 runtime: 153806us
Storage: iterations=55 runtime: 169879us
Storage: iterations=56 runtime: 203493us
Storage: iterations=57 runtime: 199973us
Storage: iterations=58 runtime: 187397us
Storage: iterations=59 runtime: 172396us
Storage: iterations=60 runtime: 203524us
Storage: iterations=61 runtime: 200534us
Storage: iterations=62 runtime: 149932us
Storage: iterations=63 runtime: 150231us
Storage: iterations=64 runtime: 150163us
Storage: iterations=65 runtime: 159553us
Storage: iterations=66 runtime: 191614us
Storage: iterations=67 runtime: 203943us
Storage: iterations=68 runtime: 200510us
Storage: iterations=69 runtime: 191495us
Storage: iterations=70 runtime: 181226us
Storage: iterations=71 runtime: 176181us
Storage: iterations=72 runtime: 196569us
Storage: iterations=73 runtime: 154260us
Storage: iterations=74 runtime: 151240us
Storage: iterations=75 runtime: 186604us
Storage: iterations=76 runtime: 204045us
Storage: iterations=77 runtime: 204761us
Storage: iterations=78 runtime: 167306us
Storage: iterations=79 runtime: 151404us
Storage: iterations=80 runtime: 156672us
Storage: iterations=81 runtime: 149855us
Storage: iterations=82 runtime: 149725us
Storage: iterations=83 runtime: 149703us
Storage: iterations=84 runtime: 155853us
Storage: iterations=85 runtime: 179675us
Storage: iterations=86 runtime: 203843us
Storage: iterations=87 runtime: 188739us
Storage: iterations=88 runtime: 174043us
Storage: iterations=89 runtime: 154230us
Storage: iterations=90 runtime: 171750us
Storage: iterations=91 runtime: 203112us
Storage: iterations=92 runtime: 149427us
Storage: iterations=93 runtime: 163575us
Storage: iterations=94 runtime: 150482us
Storage: iterations=95 runtime: 167369us
Storage: iterations=96 runtime: 162026us
Storage: iterations=97 runtime: 161872us
Storage: iterations=98 runtime: 154134us
Storage: iterations=99 runtime: 193529us
Storage: iterations=100 runtime: 214265us
Storage: iterations=101 runtime: 199592us
Storage: iterations=102 runtime: 166357us
Storage: iterations=103 runtime: 151755us
Storage: iterations=104 runtime: 149695us
Storage: iterations=105 runtime: 173260us
Storage: iterations=106 runtime: 203358us
Storage: iterations=107 runtime: 176562us
Storage: iterations=108 runtime: 149545us
Storage: iterations=109 runtime: 159862us
Storage: iterations=110 runtime: 198868us
Storage: iterations=111 runtime: 158946us
Storage: iterations=112 runtime: 173694us
Storage: iterations=113 runtime: 203585us
Storage: iterations=114 runtime: 205885us
Storage: iterations=115 runtime: 160718us
Storage: iterations=116 runtime: 149472us
Storage: iterations=117 runtime: 190003us
Storage: iterations=118 runtime: 203673us
Storage: iterations=119 runtime: 158120us
Storage: iterations=120 runtime: 158438us
Storage: iterations=121 runtime: 176586us
Storage: iterations=122 runtime: 163273us
Storage: iterations=123 runtime: 151757us
Storage: iterations=124 runtime: 181396us
Storage: iterations=125 runtime: 165730us
Storage: iterations=126 runtime: 203575us
HumphreysTestPhase: comp = java.nio.Buffer.capacity()
HumphreysTestPhase: method transitions = 0
HumphreysTestPhase: comp = java.nio.charset.CharsetEncoder.maxBytesPerChar()
HumphreysTestPhase: method transitions = 0
Storage: iterations=127 runtime: 204883us
Storage: iterations=128 runtime: 184010us
Storage: iterations=129 runtime: 149898us
Storage: iterations=130 runtime: 150177us
Storage: iterations=131 runtime: 167574us
Storage: iterations=132 runtime: 192305us
Storage: iterations=133 runtime: 162146us
HumphreysTestPhase: comp = java.lang.String.length()
HumphreysTestPhase: method transitions = 2
Storage: iterations=134 runtime: 150172us
Storage: iterations=135 runtime: 149806us
Storage: iterations=136 runtime: 165602us
Storage: iterations=137 runtime: 204030us
Storage: iterations=138 runtime: 194033us
Storage: iterations=139 runtime: 151943us
Storage: iterations=140 runtime: 170492us
Storage: iterations=141 runtime: 203075us
Storage: iterations=142 runtime: 154154us
Storage: iterations=143 runtime: 150162us
Storage: iterations=144 runtime: 149780us
Storage: iterations=145 runtime: 167129us
Storage: iterations=146 runtime: 173625us
Storage: iterations=147 runtime: 162908us
Storage: iterations=148 runtime: 192295us
Storage: iterations=149 runtime: 176104us
Storage: iterations=150 runtime: 204379us
Storage: iterations=151 runtime: 169636us
Storage: iterations=152 runtime: 180576us
Storage: iterations=153 runtime: 199367us
Storage: iterations=154 runtime: 149815us
Storage: iterations=155 runtime: 195682us
Storage: iterations=156 runtime: 173119us
Storage: iterations=157 runtime: 152973us
Storage: iterations=158 runtime: 175614us
Storage: iterations=159 runtime: 161015us
Storage: iterations=160 runtime: 164917us
Storage: iterations=161 runtime: 187469us
Storage: iterations=162 runtime: 203506us
Storage: iterations=163 runtime: 152292us
Storage: iterations=164 runtime: 196013us
Storage: iterations=165 runtime: 193722us
Storage: iterations=166 runtime: 152113us
Storage: iterations=167 runtime: 149523us
Storage: iterations=168 runtime: 191657us
Storage: iterations=169 runtime: 203490us
Storage: iterations=170 runtime: 203765us
Storage: iterations=171 runtime: 170897us
Storage: iterations=172 runtime: 149529us
Storage: iterations=173 runtime: 172538us
Storage: iterations=174 runtime: 171805us
Storage: iterations=175 runtime: 172782us
Storage: iterations=176 runtime: 171420us
Storage: iterations=177 runtime: 177883us
Storage: iterations=178 runtime: 203688us
Storage: iterations=179 runtime: 196431us
Storage: iterations=180 runtime: 164156us
Storage: iterations=181 runtime: 155024us
Storage: iterations=182 runtime: 149745us
Storage: iterations=183 runtime: 191143us
Storage: iterations=184 runtime: 203972us
Storage: iterations=185 runtime: 203897us
Storage: iterations=186 runtime: 204196us
Storage: iterations=187 runtime: 175566us
Storage: iterations=188 runtime: 155953us
Storage: iterations=189 runtime: 154100us
Storage: iterations=190 runtime: 162979us
Storage: iterations=191 runtime: 194368us
Storage: iterations=192 runtime: 173740us
Storage: iterations=193 runtime: 149860us
Storage: iterations=194 runtime: 149745us
Storage: iterations=195 runtime: 149819us
Storage: iterations=196 runtime: 150256us
Storage: iterations=197 runtime: 149696us
Storage: iterations=198 runtime: 176025us
Storage: iterations=199 runtime: 205580us
Storage: iterations=200 runtime: 149466us
Storage: iterations=201 runtime: 149926us
Storage: iterations=202 runtime: 167981us
Storage: iterations=203 runtime: 149974us
Storage: iterations=204 runtime: 152039us
Storage: iterations=205 runtime: 203621us
Storage: iterations=206 runtime: 188946us
Storage: iterations=207 runtime: 195555us
Storage: iterations=208 runtime: 203592us
Storage: iterations=209 runtime: 195218us
Storage: iterations=210 runtime: 182849us
Storage: iterations=211 runtime: 189116us
Storage: iterations=212 runtime: 192747us
Storage: iterations=213 runtime: 177802us
Storage: iterations=214 runtime: 152174us
Storage: iterations=215 runtime: 150451us
Storage: iterations=216 runtime: 150279us
Storage: iterations=217 runtime: 163370us
Storage: iterations=218 runtime: 166067us
Storage: iterations=219 runtime: 184649us
Storage: iterations=220 runtime: 176486us
Storage: iterations=221 runtime: 149741us
Storage: iterations=222 runtime: 175401us
Storage: iterations=223 runtime: 204105us
Storage: iterations=224 runtime: 177916us
Storage: iterations=225 runtime: 203196us
Storage: iterations=226 runtime: 181611us
Storage: iterations=227 runtime: 210226us
Storage: iterations=228 runtime: 189836us
Storage: iterations=229 runtime: 180336us
Storage: iterations=230 runtime: 180599us
Storage: iterations=231 runtime: 204028us
Storage: iterations=232 runtime: 183707us
Storage: iterations=233 runtime: 203492us
Storage: iterations=234 runtime: 177561us
Storage: iterations=235 runtime: 176023us
Storage: iterations=236 runtime: 203381us
Storage: iterations=237 runtime: 207574us
Storage: iterations=238 runtime: 161016us
Storage: iterations=239 runtime: 189970us
Storage: iterations=240 runtime: 176801us
Storage: iterations=241 runtime: 153174us
Storage: iterations=242 runtime: 191163us
Storage: iterations=243 runtime: 203823us
Storage: iterations=244 runtime: 191150us
Storage: iterations=245 runtime: 191879us
Storage: iterations=246 runtime: 157993us
Storage: iterations=247 runtime: 173957us
Storage: iterations=248 runtime: 172613us
Storage: iterations=249 runtime: 197997us
Storage: iterations=250 runtime: 160562us
Storage: iterations=251 runtime: 150297us
Storage: iterations=252 runtime: 154216us
Storage: iterations=253 runtime: 158613us
Storage: iterations=254 runtime: 157117us
Storage: iterations=255 runtime: 200384us
Storage: iterations=256 runtime: 151878us
Storage: iterations=257 runtime: 149675us
Storage: iterations=258 runtime: 149899us
Storage: iterations=259 runtime: 150164us
Storage: iterations=260 runtime: 163865us
Storage: iterations=261 runtime: 172482us
Storage: iterations=262 runtime: 188024us
Storage: iterations=263 runtime: 150487us
Storage: iterations=264 runtime: 167037us
Storage: iterations=265 runtime: 150852us
Storage: iterations=266 runtime: 150028us
Storage: iterations=267 runtime: 189775us
Storage: iterations=268 runtime: 203855us
Storage: iterations=269 runtime: 177200us
Storage: iterations=270 runtime: 194076us
Storage: iterations=271 runtime: 205082us
Storage: iterations=272 runtime: 173313us
Storage: iterations=273 runtime: 185810us
Storage: iterations=274 runtime: 174778us
Storage: iterations=275 runtime: 150629us
Storage: iterations=276 runtime: 183302us
Storage: iterations=277 runtime: 203770us
Storage: iterations=278 runtime: 207729us
Storage: iterations=279 runtime: 160970us
Storage: iterations=280 runtime: 149895us
Storage: iterations=281 runtime: 149841us
Storage: iterations=282 runtime: 165266us
Storage: iterations=283 runtime: 150079us
Storage: iterations=284 runtime: 149411us
Storage: iterations=285 runtime: 150180us
Storage: iterations=286 runtime: 149801us
Storage: iterations=287 runtime: 149753us
Storage: iterations=288 runtime: 186000us
Storage: iterations=289 runtime: 183634us
Storage: iterations=290 runtime: 204359us
Storage: iterations=291 runtime: 195854us
Storage: iterations=292 runtime: 150045us
Storage: iterations=293 runtime: 149669us
Storage: iterations=294 runtime: 194033us
Storage: iterations=295 runtime: 169246us
Storage: iterations=296 runtime: 200302us
Storage: iterations=297 runtime: 196096us
Storage: iterations=298 runtime: 180466us
Storage: iterations=299 runtime: 159326us
Storage: iterations=300 runtime: 154325us
Storage: iterations=301 runtime: 203753us
Storage: iterations=302 runtime: 186110us
Storage: iterations=303 runtime: 149382us
Storage: iterations=304 runtime: 149597us
Storage: iterations=305 runtime: 166730us
Storage: iterations=306 runtime: 178410us
Storage: iterations=307 runtime: 150409us
Storage: iterations=308 runtime: 150083us
Storage: iterations=309 runtime: 149724us
Storage: iterations=310 runtime: 149642us
Storage: iterations=311 runtime: 179378us
Storage: iterations=312 runtime: 149633us
Storage: iterations=313 runtime: 150674us
Storage: iterations=314 runtime: 149948us
Storage: iterations=315 runtime: 191022us
Storage: iterations=316 runtime: 157389us
Storage: iterations=317 runtime: 164248us
Storage: iterations=318 runtime: 159635us
Storage: iterations=319 runtime: 168391us
Storage: iterations=320 runtime: 201039us
Storage: iterations=321 runtime: 204616us
Storage: iterations=322 runtime: 193538us
Storage: iterations=323 runtime: 203763us
Storage: iterations=324 runtime: 203692us
Storage: iterations=325 runtime: 197841us
Storage: iterations=326 runtime: 198716us
Storage: iterations=327 runtime: 182795us
Storage: iterations=328 runtime: 150244us
Storage: iterations=329 runtime: 178203us
Storage: iterations=330 runtime: 203420us
Storage: iterations=331 runtime: 199607us
Storage: iterations=332 runtime: 197133us
Storage: iterations=333 runtime: 181751us
Storage: iterations=334 runtime: 199172us
Storage: iterations=335 runtime: 206219us
Storage: iterations=336 runtime: 177441us
Storage: iterations=337 runtime: 149877us
Storage: iterations=338 runtime: 174003us
Storage: iterations=339 runtime: 176247us
Storage: iterations=340 runtime: 161199us
Storage: iterations=341 runtime: 201401us
Storage: iterations=342 runtime: 178141us
Storage: iterations=343 runtime: 152387us
Storage: iterations=344 runtime: 150435us
Storage: iterations=345 runtime: 158025us
Storage: iterations=346 runtime: 184959us
Storage: iterations=347 runtime: 150282us
Storage: iterations=348 runtime: 167393us
Storage: iterations=349 runtime: 202109us
Storage: iterations=350 runtime: 198461us
Storage: iterations=351 runtime: 173864us
Storage: iterations=352 runtime: 149781us
Storage: iterations=353 runtime: 150101us
Storage: iterations=354 runtime: 150343us
Storage: iterations=355 runtime: 158969us
Storage: iterations=356 runtime: 181097us
Storage: iterations=357 runtime: 149970us
Storage: iterations=358 runtime: 165365us
Storage: iterations=359 runtime: 187093us
Storage: iterations=360 runtime: 203687us
Storage: iterations=361 runtime: 160424us
Storage: iterations=362 runtime: 169716us
Storage: iterations=363 runtime: 149431us
Storage: iterations=364 runtime: 149749us
Storage: iterations=365 runtime: 152447us
Storage: iterations=366 runtime: 193410us
Storage: iterations=367 runtime: 192620us
Storage: iterations=368 runtime: 205035us
Storage: iterations=369 runtime: 155704us
Storage: iterations=370 runtime: 167444us
Storage: iterations=371 runtime: 204026us
Storage: iterations=372 runtime: 203534us
Storage: iterations=373 runtime: 203504us
Storage: iterations=374 runtime: 204280us
Storage: iterations=375 runtime: 159866us
Storage: iterations=376 runtime: 149863us
Storage: iterations=377 runtime: 198242us
Storage: iterations=378 runtime: 152916us
Storage: iterations=379 runtime: 150053us
Storage: iterations=380 runtime: 160051us
Storage: iterations=381 runtime: 155147us
Storage: iterations=382 runtime: 184708us
Storage: iterations=383 runtime: 178039us
Storage: iterations=384 runtime: 176392us
Storage: iterations=385 runtime: 156556us
Storage: iterations=386 runtime: 160591us
Storage: iterations=387 runtime: 186440us
Storage: iterations=388 runtime: 166823us
Storage: iterations=389 runtime: 149825us
Storage: iterations=390 runtime: 187107us
Storage: iterations=391 runtime: 157863us
Storage: iterations=392 runtime: 165827us
Storage: iterations=393 runtime: 203168us
Storage: iterations=394 runtime: 157769us
Storage: iterations=395 runtime: 150008us
Storage: iterations=396 runtime: 149925us
Storage: iterations=397 runtime: 165053us
Storage: iterations=398 runtime: 184322us
Storage: iterations=399 runtime: 160684us
Storage: iterations=400 runtime: 173822us
Storage: iterations=401 runtime: 199633us
Storage: iterations=402 runtime: 196968us
Storage: iterations=403 runtime: 196573us
Storage: iterations=404 runtime: 205073us
Storage: iterations=405 runtime: 149365us
Storage: iterations=406 runtime: 151912us
Storage: iterations=407 runtime: 184123us
Storage: iterations=408 runtime: 203833us
Storage: iterations=409 runtime: 194731us
Storage: iterations=410 runtime: 165092us
Storage: iterations=411 runtime: 183106us
Storage: iterations=412 runtime: 171764us
Storage: iterations=413 runtime: 173095us
Storage: iterations=414 runtime: 203752us
Storage: iterations=415 runtime: 203806us
Storage: iterations=416 runtime: 203937us
HumphreysTestPhase: comp = java.lang.StringLatin1.inflate(byte[], int, char[], int, int)
HumphreysTestPhase: method transitions = 0
Storage: iterations=417 runtime: 184855us
Storage: iterations=418 runtime: 166951us
Storage: iterations=419 runtime: 188863us
Storage: iterations=420 runtime: 203754us
Storage: iterations=421 runtime: 197267us
Storage: iterations=422 runtime: 171357us
Storage: iterations=423 runtime: 149785us
Storage: iterations=424 runtime: 150050us
Storage: iterations=425 runtime: 150038us
Storage: iterations=426 runtime: 149797us
Storage: iterations=427 runtime: 183919us
Storage: iterations=428 runtime: 203841us
Storage: iterations=429 runtime: 153293us
Storage: iterations=430 runtime: 150121us
Storage: iterations=431 runtime: 149786us
Storage: iterations=432 runtime: 149741us
Storage: iterations=433 runtime: 150737us
Storage: iterations=434 runtime: 149794us
Storage: iterations=435 runtime: 163465us
Storage: iterations=436 runtime: 165252us
Storage: iterations=437 runtime: 150348us
Storage: iterations=438 runtime: 204003us
Storage: iterations=439 runtime: 183514us
Storage: iterations=440 runtime: 186299us
Storage: iterations=441 runtime: 198914us
Storage: iterations=442 runtime: 159455us
Storage: iterations=443 runtime: 189769us
Storage: iterations=444 runtime: 186518us
Storage: iterations=445 runtime: 149938us
Storage: iterations=446 runtime: 196085us
Storage: iterations=447 runtime: 157027us
Storage: iterations=448 runtime: 149483us
Storage: iterations=449 runtime: 173961us
Storage: iterations=450 runtime: 163838us
Storage: iterations=451 runtime: 149611us
Storage: iterations=452 runtime: 149904us
Storage: iterations=453 runtime: 150303us
Storage: iterations=454 runtime: 149640us
Storage: iterations=455 runtime: 149709us
Storage: iterations=456 runtime: 149908us
Storage: iterations=457 runtime: 164334us
Storage: iterations=458 runtime: 171045us
Storage: iterations=459 runtime: 154784us
Storage: iterations=460 runtime: 149917us
Storage: iterations=461 runtime: 178136us
Storage: iterations=462 runtime: 164896us
Storage: iterations=463 runtime: 190600us
Storage: iterations=464 runtime: 149330us
Storage: iterations=465 runtime: 174520us
Storage: iterations=466 runtime: 204914us
Storage: iterations=467 runtime: 203893us
Storage: iterations=468 runtime: 206768us
Storage: iterations=469 runtime: 204237us
Storage: iterations=470 runtime: 184135us
Storage: iterations=471 runtime: 179228us
Storage: iterations=472 runtime: 193318us
Storage: iterations=473 runtime: 203986us
Storage: iterations=474 runtime: 203225us
Storage: iterations=475 runtime: 195971us
Storage: iterations=476 runtime: 183610us
Storage: iterations=477 runtime: 150759us
Storage: iterations=478 runtime: 187916us
Storage: iterations=479 runtime: 207285us
Storage: iterations=480 runtime: 204270us
Storage: iterations=481 runtime: 203734us
Storage: iterations=482 runtime: 203820us
Storage: iterations=483 runtime: 172052us
Storage: iterations=484 runtime: 155719us
Storage: iterations=485 runtime: 149502us
Storage: iterations=486 runtime: 149986us
Storage: iterations=487 runtime: 182073us
Storage: iterations=488 runtime: 204031us
Storage: iterations=489 runtime: 188187us
HumphreysTestPhase: comp = java.lang.StringCoding.implEncodeAsciiArray(char[], int, byte[], int, int)
HumphreysTestPhase: method transitions = 0
HumphreysTestPhase: comp = java.lang.StringCoding.implEncodeAsciiArray(char[], int, byte[], int, int)
HumphreysTestPhase: method transitions = 0
Storage: iterations=490 runtime: 204439us
Storage: iterations=491 runtime: 161221us
Storage: iterations=492 runtime: 188669us
Storage: iterations=493 runtime: 162894us
Storage: iterations=494 runtime: 150041us
Storage: iterations=495 runtime: 149985us
Storage: iterations=496 runtime: 154293us
Storage: iterations=497 runtime: 204202us
Storage: iterations=498 runtime: 163478us
Storage: iterations=499 runtime: 176082us
Storage: iterations=500 runtime: 149692us
HumphreysTestPhase: comp = java.lang.constant.ClassDesc.isPrimitive()
HumphreysTestPhase: method transitions = 0
HumphreysTestPhase: comp = jdk.internal.util.ArraysSupport.unsignedHashCode(int, byte[], int, int)
HumphreysTestPhase: method transitions = 10
HumphreysTestPhase: comp = jdk.internal.util.ArraysSupport.unsignedHashCode(int, byte[], int, int)
HumphreysTestPhase: method transitions = 8
Storage: iterations=500 average: 173934us total: 86967423us


HumphreysTestPhase: comp = java.lang.Class.getComponentType()
HumphreysTestPhase: method transitions = 0
HumphreysTestPhase: comp = java.lang.invoke.LambdaForm$BasicType.basicTypeKind()
HumphreysTestPhase: method transitions = 0
HumphreysTestPhase: comp = java.lang.invoke.MethodHandle.type()
HumphreysTestPhase: method transitions = 0
Total Runtime: 86967423us
-- Storage completed successfully.
