========================================
Benchmark : Towers
Timestamp : 2025-10-21T20:45:13+01:00
Java      : HumphreysTestPhase: comp = java.lang.Object.<init>() HumphreysTestPhase: method transitions = 0 HumphreysTestPhase: comp = Stub<ExceptionHandlerStub.exceptionHandler> HumphreysTestPhase: method transitions = 0 HumphreysTestPhase: comp = java.lang.String.hashCode() HumphreysTestPhase: method transitions = 0 HumphreysTestPhase: comp = java.lang.Byte.toUnsignedInt(byte) HumphreysTestPhase: method transitions = 0 HumphreysTestPhase: comp = java.util.Objects.requireNonNull(Object) HumphreysTestPhase: method transitions = 0 HumphreysTestPhase: comp = java.util.HashMap.afterNodeInsertion(boolean) HumphreysTestPhase: method transitions = 0 HumphreysTestPhase: comp = java.util.ImmutableCollections$SetN$SetNIterator.hasNext() HumphreysTestPhase: method transitions = 0 HumphreysTestPhase: comp = java.util.ImmutableCollections$SetN$SetNIterator.next() HumphreysTestPhase: method transitions = 0 openjdk version "25" 2025-09-16 OpenJDK Runtime Environment GraalVM CE 25.1.0-dev+37.1 (build 25+37-jvmci-b06) OpenJDK 64-Bit Server VM GraalVM CE 25.1.0-dev+37.1 (build 25+37-jvmci-b06, mixed mode, sharing) 
Cmd:
  ./latest_graalvm_home/bin/java   -Djdk.graal.TrackNodeSourcePosition=true   -Djdk.graal.MinGraphSize=120   -XX:+UnlockExperimentalVMOptions   -XX:+UnlockDiagnosticVMOptions   -XX:+EnableJVMCI   -Djdk.graal.CompilationFailureAction=Diagnose   -XX:+UseJVMCICompiler   -XX:+UseJVMCINativeLibrary   -XX:-TieredCompilation   -XX:-BackgroundCompilation   --add-exports=jdk.graal.compiler/jdk.graal.compiler.hotspot.meta.Bubo=ALL-UNNAMED   --add-exports=jdk.graal.compiler/jdk.graal.compiler.phases.common=ALL-UNNAMED   -cp   /home/hb478/repos/are-we-fast-yet/benchmarks/Java/benchmarks.jar   Harness   Towers   500   2500 
========================================
HumphreysTestPhase: comp = java.lang.module.ModuleDescriptor.name()
HumphreysTestPhase: method transitions = 0
HumphreysTestPhase: comp = Stub<ExceptionHandlerStub.exceptionHandler>
HumphreysTestPhase: method transitions = 0
HumphreysTestPhase: comp = java.lang.module.ModuleReference.descriptor()
HumphreysTestPhase: method transitions = 0
HumphreysTestPhase: comp = java.lang.Enum.ordinal()
HumphreysTestPhase: method transitions = 0
HumphreysTestPhase: comp = java.lang.Class.isPrimitive()
HumphreysTestPhase: method transitions = 0
HumphreysTestPhase: comp = jdk.internal.util.StrongReferenceKey.get()
HumphreysTestPhase: method transitions = 0
HumphreysTestPhase: comp = java.lang.Class.getClassLoader()
HumphreysTestPhase: method transitions = 0
HumphreysTestPhase: comp = java.lang.invoke.MethodType.returnType()
HumphreysTestPhase: method transitions = 0
HumphreysTestPhase: comp = jdk.internal.classfile.impl.AbstractPoolEntry.index()
HumphreysTestPhase: method transitions = 0
HumphreysTestPhase: comp = java.lang.invoke.MemberName.getDeclaringClass()
HumphreysTestPhase: method transitions = 0
HumphreysTestPhase: comp = java.lang.invoke.MethodType.form()
HumphreysTestPhase: method transitions = 0
HumphreysTestPhase: comp = java.util.stream.FindOps$FindSink.cancellationRequested()
HumphreysTestPhase: method transitions = 0
HumphreysTestPhase: comp = java.lang.Object.<init>()
HumphreysTestPhase: method transitions = 0
HumphreysTestPhase: comp = jdk.internal.module.ModuleReferenceImpl.moduleResolution()
HumphreysTestPhase: method transitions = 0
HumphreysTestPhase: comp = java.lang.String.hashCode()
HumphreysTestPhase: method transitions = 6
HumphreysTestPhase: comp = java.lang.module.ModuleDescriptor$Requires.modifiers()
HumphreysTestPhase: method transitions = 0
HumphreysTestPhase: comp = java.lang.module.ModuleDescriptor$Requires.name()
HumphreysTestPhase: method transitions = 0
HumphreysTestPhase: comp = java.lang.module.ModuleDescriptor.requires()
HumphreysTestPhase: method transitions = 0
HumphreysTestPhase: comp = java.lang.module.ModuleDescriptor.isAutomatic()
HumphreysTestPhase: method transitions = 0
HumphreysTestPhase: comp = java.util.HashMap$Node.getKey()
HumphreysTestPhase: method transitions = 0
HumphreysTestPhase: comp = java.util.HashMap$Node.getValue()
HumphreysTestPhase: method transitions = 0
HumphreysTestPhase: comp = java.util.ImmutableCollections$Set12.isEmpty()
HumphreysTestPhase: method transitions = 0
HumphreysTestPhase: comp = java.lang.module.ModuleDescriptor$Exports.source()
HumphreysTestPhase: method transitions = 0
HumphreysTestPhase: comp = java.lang.module.ModuleDescriptor$Exports.targets()
HumphreysTestPhase: method transitions = 0
HumphreysTestPhase: comp = java.lang.module.ModuleDescriptor.provides()
HumphreysTestPhase: method transitions = 0
HumphreysTestPhase: comp = java.lang.module.ModuleDescriptor.exports()
HumphreysTestPhase: method transitions = 0
HumphreysTestPhase: comp = java.util.Objects.requireNonNull(Object)
HumphreysTestPhase: method transitions = 0
HumphreysTestPhase: comp = java.util.ImmutableCollections$SetN$SetNIterator.hasNext()
HumphreysTestPhase: method transitions = 0
HumphreysTestPhase: comp = java.lang.module.ModuleDescriptor.uses()
HumphreysTestPhase: method transitions = 0
HumphreysTestPhase: comp = java.util.ImmutableCollections$SetN$SetNIterator.next()
HumphreysTestPhase: method transitions = 0
HumphreysTestPhase: comp = Stub<identity_hashcode(Object)int>
HumphreysTestPhase: method transitions = 0
HumphreysTestPhase: comp = java.util.HashMap.hash(Object)
HumphreysTestPhase: method transitions = 21
HumphreysTestPhase: comp = java.lang.module.ModuleDescriptor$Exports.isQualified()
HumphreysTestPhase: method transitions = 2
HumphreysTestPhase: comp = java.lang.module.ModuleDescriptor$Provides.service()
HumphreysTestPhase: method transitions = 0
HumphreysTestPhase: comp = java.lang.Byte.toUnsignedInt(byte)
HumphreysTestPhase: method transitions = 0
HumphreysTestPhase: comp = Stub<new_instance_or_null(KlassPointer)Object>
HumphreysTestPhase: method transitions = 0
HumphreysTestPhase: comp = Stub<LookUpSecondarySupersTableStub.lookupSecondarySupersTableSlowPath>
HumphreysTestPhase: method transitions = 0
HumphreysTestPhase: comp = Stub<write_barrier_pre-stack-only(Object)void>
HumphreysTestPhase: method transitions = 0
HumphreysTestPhase: comp = Stub<write_barrier_post-stack-only(Word)void>
HumphreysTestPhase: method transitions = 0
HumphreysTestPhase: comp = java.util.HashMap.putVal(int, Object, Object, boolean, boolean)
HumphreysTestPhase: method transitions = 37
HumphreysTestPhase: comp = java.lang.String.equals(Object)
HumphreysTestPhase: method transitions = 11
HumphreysTestPhase: comp = java.util.KeyValueHolder.getKey()
HumphreysTestPhase: method transitions = 0
HumphreysTestPhase: comp = java.util.KeyValueHolder.getValue()
HumphreysTestPhase: method transitions = 0
HumphreysTestPhase: comp = java.lang.module.ModuleDescriptor.packages()
HumphreysTestPhase: method transitions = 0
HumphreysTestPhase: comp = java.lang.module.ResolvedModule.reference()
HumphreysTestPhase: method transitions = 0
HumphreysTestPhase: comp = java.util.HashMap$Node.<init>(int, Object, Object, HashMap$Node)
HumphreysTestPhase: method transitions = 0
HumphreysTestPhase: comp = java.lang.module.ModuleDescriptor$Version.toString()
HumphreysTestPhase: method transitions = 0
HumphreysTestPhase: comp = java.lang.AbstractStringBuilder.length()
HumphreysTestPhase: method transitions = 0
HumphreysTestPhase: comp = java.util.HashMap.newNode(int, Object, Object, HashMap$Node)
HumphreysTestPhase: method transitions = 6
HumphreysTestPhase: comp = java.util.HashMap.afterNodeInsertion(boolean)
HumphreysTestPhase: method transitions = 0
HumphreysTestPhase: comp = Stub<new_array_or_null(KlassPointer,int)Object>
HumphreysTestPhase: method transitions = 0
HumphreysTestPhase: comp = java.util.HashMap.resize()
HumphreysTestPhase: method transitions = 12
HumphreysTestPhase: comp = java.lang.module.ResolvedModule.configuration()
HumphreysTestPhase: method transitions = 0
HumphreysTestPhase: comp = java.lang.module.ModuleDescriptor.isOpen()
HumphreysTestPhase: method transitions = 0
HumphreysTestPhase: comp = java.util.HashMap.size()
HumphreysTestPhase: method transitions = 0
HumphreysTestPhase: comp = jdk.internal.classfile.impl.AbstractPoolEntry.width()
HumphreysTestPhase: method transitions = 0
HumphreysTestPhase: comp = jdk.internal.classfile.impl.SplitConstantPool.size()
HumphreysTestPhase: method transitions = 0
HumphreysTestPhase: comp = java.lang.invoke.MethodType.ptypes()
HumphreysTestPhase: method transitions = 0
HumphreysTestPhase: comp = java.util.zip.ZipCoder$UTF8ZipCoder.isUTF8()
HumphreysTestPhase: method transitions = 0
HumphreysTestPhase: comp = java.lang.AbstractStringBuilder.getValue()
HumphreysTestPhase: method transitions = 0
HumphreysTestPhase: comp = java.lang.StringLatin1.equals(byte[], byte[])
HumphreysTestPhase: method transitions = 0
HumphreysTestPhase: comp = jdk.internal.classfile.impl.AbstractPoolEntry.constantPool()
HumphreysTestPhase: method transitions = 0
HumphreysTestPhase: comp = jdk.internal.classfile.impl.RawBytecodeHelper.bci()
HumphreysTestPhase: method transitions = 0
Starting Towers benchmark ...
HumphreysTestPhase: comp = Towers$TowersDisk.setNext(Towers$TowersDisk)
HumphreysTestPhase: method transitions = 0
HumphreysTestPhase: comp = Towers$TowersDisk.getSize()
HumphreysTestPhase: method transitions = 0
HumphreysTestPhase: comp = Towers$TowersDisk.getNext()
HumphreysTestPhase: method transitions = 0
HumphreysTestPhase: comp = Towers.pushDisk(Towers$TowersDisk, int)
HumphreysTestPhase: method transitions = 6
HumphreysTestPhase: comp = Towers.moveDisks(int, int, int)
HumphreysTestPhase: method transitions = 117
HumphreysTestPhase: comp = Towers.moveTopDisk(int, int)
HumphreysTestPhase: method transitions = 17
HumphreysTestPhase: comp = Towers.popDiskFrom(int)
HumphreysTestPhase: method transitions = 4
HumphreysTestPhase: comp = java.lang.Integer.intValue()
HumphreysTestPhase: method transitions = 0
HumphreysTestPhase: comp = Towers$TowersDisk.<init>(int)
HumphreysTestPhase: method transitions = 0
HumphreysTestPhase: comp = Towers.buildTowerAt(int, int)
HumphreysTestPhase: method transitions = 24
HumphreysTestPhase: comp = jdk.internal.constant.ClassOrInterfaceDescImpl.descriptorString()
HumphreysTestPhase: method transitions = 0
HumphreysTestPhase: comp = java.lang.String.value()
HumphreysTestPhase: method transitions = 0
HumphreysTestPhase: comp = java.lang.String.coder()
HumphreysTestPhase: method transitions = 0
HumphreysTestPhase: comp = jdk.internal.classfile.impl.BufWriterImpl.size()
HumphreysTestPhase: method transitions = 0
HumphreysTestPhase: comp = jdk.internal.util.WeakReferenceKey.hashCode()
HumphreysTestPhase: method transitions = 0
HumphreysTestPhase: comp = jdk.internal.classfile.impl.AbstractDirectBuilder.constantPool()
HumphreysTestPhase: method transitions = 0
Towers: iterations=1 runtime: 289139us
Towers: iterations=2 runtime: 150586us
HumphreysTestPhase: comp = java.lang.Integer.valueOf(int)
HumphreysTestPhase: method transitions = 8
HumphreysTestPhase: comp = Towers.benchmark()
HumphreysTestPhase: method transitions = 92
HumphreysTestPhase: comp = Towers.verifyResult(Object)
HumphreysTestPhase: method transitions = 3
Towers: iterations=3 runtime: 255675us
Towers: iterations=4 runtime: 209889us
Towers: iterations=5 runtime: 199599us
Towers: iterations=6 runtime: 214337us
Towers: iterations=7 runtime: 213203us
Towers: iterations=8 runtime: 217126us
HumphreysTestPhase: comp = Stub<OSR_migration_end(long)void>
HumphreysTestPhase: method transitions = 0
HumphreysTestPhase: comp = Benchmark.innerBenchmarkLoop(int)
HumphreysTestPhase: method transitions = 14
HumphreysTestPhase: comp = Benchmark.innerBenchmarkLoop(int)
HumphreysTestPhase: method transitions = 9
Towers: iterations=9 runtime: 127588us
Towers: iterations=10 runtime: 146735us
Towers: iterations=11 runtime: 204440us
Towers: iterations=12 runtime: 153567us
Towers: iterations=13 runtime: 115807us
Towers: iterations=14 runtime: 115761us
Towers: iterations=15 runtime: 135966us
Towers: iterations=16 runtime: 157110us
Towers: iterations=17 runtime: 116488us
Towers: iterations=18 runtime: 200997us
Towers: iterations=19 runtime: 189108us
Towers: iterations=20 runtime: 116438us
Towers: iterations=21 runtime: 116529us
Towers: iterations=22 runtime: 116328us
Towers: iterations=23 runtime: 115802us
Towers: iterations=24 runtime: 161998us
Towers: iterations=25 runtime: 176195us
Towers: iterations=26 runtime: 151760us
Towers: iterations=27 runtime: 115689us
Towers: iterations=28 runtime: 121976us
Towers: iterations=29 runtime: 136233us
HumphreysTestPhase: comp = java.nio.Buffer.position()
HumphreysTestPhase: method transitions = 0
Towers: iterations=30 runtime: 121680us
Towers: iterations=31 runtime: 155110us
Towers: iterations=32 runtime: 181537us
Towers: iterations=33 runtime: 116622us
Towers: iterations=34 runtime: 116464us
Towers: iterations=35 runtime: 115994us
Towers: iterations=36 runtime: 115646us
Towers: iterations=37 runtime: 116166us
Towers: iterations=38 runtime: 116489us
Towers: iterations=39 runtime: 116896us
HumphreysTestPhase: comp = java.nio.Buffer.limit()
HumphreysTestPhase: method transitions = 0
Towers: iterations=40 runtime: 168096us
Towers: iterations=41 runtime: 121958us
Towers: iterations=42 runtime: 115940us
Towers: iterations=43 runtime: 139530us
Towers: iterations=44 runtime: 204523us
Towers: iterations=45 runtime: 148929us
Towers: iterations=46 runtime: 116624us
Towers: iterations=47 runtime: 145032us
Towers: iterations=48 runtime: 204864us
Towers: iterations=49 runtime: 140755us
Towers: iterations=50 runtime: 206399us
Towers: iterations=51 runtime: 168728us
Towers: iterations=52 runtime: 157787us
Towers: iterations=53 runtime: 115983us
Towers: iterations=54 runtime: 116139us
Towers: iterations=55 runtime: 115957us
Towers: iterations=56 runtime: 125762us
Towers: iterations=57 runtime: 135082us
Towers: iterations=58 runtime: 198441us
Towers: iterations=59 runtime: 119877us
Towers: iterations=60 runtime: 125817us
Towers: iterations=61 runtime: 115723us
Towers: iterations=62 runtime: 147907us
Towers: iterations=63 runtime: 158544us
Towers: iterations=64 runtime: 127788us
Towers: iterations=65 runtime: 115871us
Towers: iterations=66 runtime: 146560us
Towers: iterations=67 runtime: 144825us
Towers: iterations=68 runtime: 154562us
Towers: iterations=69 runtime: 189770us
Towers: iterations=70 runtime: 206456us
Towers: iterations=71 runtime: 116292us
Towers: iterations=72 runtime: 135086us
Towers: iterations=73 runtime: 160392us
Towers: iterations=74 runtime: 181980us
Towers: iterations=75 runtime: 173489us
Towers: iterations=76 runtime: 115818us
Towers: iterations=77 runtime: 115905us
Towers: iterations=78 runtime: 115952us
Towers: iterations=79 runtime: 116042us
Towers: iterations=80 runtime: 116083us
Towers: iterations=81 runtime: 202565us
Towers: iterations=82 runtime: 124049us
Towers: iterations=83 runtime: 116167us
Towers: iterations=84 runtime: 125499us
Towers: iterations=85 runtime: 116311us
Towers: iterations=86 runtime: 126524us
Towers: iterations=87 runtime: 182883us
Towers: iterations=88 runtime: 144782us
Towers: iterations=89 runtime: 116175us
Towers: iterations=90 runtime: 119773us
Towers: iterations=91 runtime: 197716us
Towers: iterations=92 runtime: 186429us
Towers: iterations=93 runtime: 115829us
Towers: iterations=94 runtime: 115573us
Towers: iterations=95 runtime: 115795us
Towers: iterations=96 runtime: 115703us
Towers: iterations=97 runtime: 116076us
Towers: iterations=98 runtime: 116206us
Towers: iterations=99 runtime: 116416us
Towers: iterations=100 runtime: 174259us
Towers: iterations=101 runtime: 134585us
Towers: iterations=102 runtime: 117086us
Towers: iterations=103 runtime: 204902us
Towers: iterations=104 runtime: 193172us
Towers: iterations=105 runtime: 204905us
Towers: iterations=106 runtime: 204523us
Towers: iterations=107 runtime: 138487us
Towers: iterations=108 runtime: 115923us
Towers: iterations=109 runtime: 116053us
Towers: iterations=110 runtime: 116329us
Towers: iterations=111 runtime: 116371us
Towers: iterations=112 runtime: 142266us
Towers: iterations=113 runtime: 116163us
Towers: iterations=114 runtime: 116222us
Towers: iterations=115 runtime: 116421us
Towers: iterations=116 runtime: 116109us
Towers: iterations=117 runtime: 134244us
Towers: iterations=118 runtime: 204535us
Towers: iterations=119 runtime: 204910us
Towers: iterations=120 runtime: 156120us
Towers: iterations=121 runtime: 143335us
Towers: iterations=122 runtime: 128518us
Towers: iterations=123 runtime: 201743us
Towers: iterations=124 runtime: 116253us
Towers: iterations=125 runtime: 115773us
Towers: iterations=126 runtime: 116177us
HumphreysTestPhase: comp = java.nio.Buffer.capacity()
HumphreysTestPhase: method transitions = 0
HumphreysTestPhase: comp = java.nio.charset.CharsetEncoder.maxBytesPerChar()
HumphreysTestPhase: method transitions = 0
Towers: iterations=127 runtime: 115825us
Towers: iterations=128 runtime: 116105us
Towers: iterations=129 runtime: 115603us
Towers: iterations=130 runtime: 115874us
Towers: iterations=131 runtime: 115844us
Towers: iterations=132 runtime: 193502us
Towers: iterations=133 runtime: 159586us
Towers: iterations=134 runtime: 116092us
Towers: iterations=135 runtime: 116236us
Towers: iterations=136 runtime: 116402us
Towers: iterations=137 runtime: 116178us
Towers: iterations=138 runtime: 123057us
Towers: iterations=139 runtime: 207381us
Towers: iterations=140 runtime: 160391us
Towers: iterations=141 runtime: 116105us
Towers: iterations=142 runtime: 116316us
Towers: iterations=143 runtime: 115925us
Towers: iterations=144 runtime: 115984us
Towers: iterations=145 runtime: 140791us
Towers: iterations=146 runtime: 204736us
Towers: iterations=147 runtime: 200356us
Towers: iterations=148 runtime: 201248us
Towers: iterations=149 runtime: 204875us
Towers: iterations=150 runtime: 213468us
Towers: iterations=151 runtime: 196210us
Towers: iterations=152 runtime: 121788us
Towers: iterations=153 runtime: 134519us
Towers: iterations=154 runtime: 179933us
Towers: iterations=155 runtime: 116124us
Towers: iterations=156 runtime: 116016us
Towers: iterations=157 runtime: 116351us
Towers: iterations=158 runtime: 116063us
Towers: iterations=159 runtime: 116287us
Towers: iterations=160 runtime: 116252us
Towers: iterations=161 runtime: 116381us
Towers: iterations=162 runtime: 116163us
Towers: iterations=163 runtime: 116538us
Towers: iterations=164 runtime: 116196us
Towers: iterations=165 runtime: 116227us
Towers: iterations=166 runtime: 116164us
Towers: iterations=167 runtime: 193708us
Towers: iterations=168 runtime: 144727us
Towers: iterations=169 runtime: 204816us
Towers: iterations=170 runtime: 200003us
Towers: iterations=171 runtime: 203370us
Towers: iterations=172 runtime: 207971us
Towers: iterations=173 runtime: 167648us
Towers: iterations=174 runtime: 179793us
Towers: iterations=175 runtime: 116145us
Towers: iterations=176 runtime: 116316us
Towers: iterations=177 runtime: 115840us
Towers: iterations=178 runtime: 151306us
Towers: iterations=179 runtime: 163231us
Towers: iterations=180 runtime: 116105us
Towers: iterations=181 runtime: 202803us
Towers: iterations=182 runtime: 147599us
Towers: iterations=183 runtime: 208692us
Towers: iterations=184 runtime: 155243us
Towers: iterations=185 runtime: 116022us
Towers: iterations=186 runtime: 115818us
Towers: iterations=187 runtime: 116338us
Towers: iterations=188 runtime: 116324us
Towers: iterations=189 runtime: 116077us
Towers: iterations=190 runtime: 116422us
Towers: iterations=191 runtime: 116359us
Towers: iterations=192 runtime: 202280us
HumphreysTestPhase: comp = java.lang.String.length()
HumphreysTestPhase: method transitions = 2
Towers: iterations=193 runtime: 169807us
Towers: iterations=194 runtime: 165277us
Towers: iterations=195 runtime: 115821us
Towers: iterations=196 runtime: 115803us
Towers: iterations=197 runtime: 116047us
Towers: iterations=198 runtime: 116145us
Towers: iterations=199 runtime: 116776us
Towers: iterations=200 runtime: 116331us
Towers: iterations=201 runtime: 115988us
Towers: iterations=202 runtime: 116592us
Towers: iterations=203 runtime: 115994us
Towers: iterations=204 runtime: 177718us
Towers: iterations=205 runtime: 202306us
Towers: iterations=206 runtime: 207057us
Towers: iterations=207 runtime: 199217us
Towers: iterations=208 runtime: 185470us
Towers: iterations=209 runtime: 128592us
Towers: iterations=210 runtime: 115623us
Towers: iterations=211 runtime: 116022us
Towers: iterations=212 runtime: 116135us
Towers: iterations=213 runtime: 115995us
Towers: iterations=214 runtime: 116121us
Towers: iterations=215 runtime: 151525us
Towers: iterations=216 runtime: 167281us
Towers: iterations=217 runtime: 115723us
Towers: iterations=218 runtime: 116105us
Towers: iterations=219 runtime: 175702us
Towers: iterations=220 runtime: 206683us
Towers: iterations=221 runtime: 178102us
Towers: iterations=222 runtime: 203814us
Towers: iterations=223 runtime: 172063us
Towers: iterations=224 runtime: 204787us
Towers: iterations=225 runtime: 120650us
Towers: iterations=226 runtime: 134986us
Towers: iterations=227 runtime: 169017us
Towers: iterations=228 runtime: 116252us
Towers: iterations=229 runtime: 115967us
Towers: iterations=230 runtime: 116250us
Towers: iterations=231 runtime: 116443us
Towers: iterations=232 runtime: 116200us
Towers: iterations=233 runtime: 116405us
Towers: iterations=234 runtime: 116073us
Towers: iterations=235 runtime: 116513us
Towers: iterations=236 runtime: 116415us
Towers: iterations=237 runtime: 116071us
Towers: iterations=238 runtime: 116484us
Towers: iterations=239 runtime: 116373us
Towers: iterations=240 runtime: 116443us
Towers: iterations=241 runtime: 116076us
Towers: iterations=242 runtime: 116490us
Towers: iterations=243 runtime: 116279us
Towers: iterations=244 runtime: 116205us
Towers: iterations=245 runtime: 116655us
Towers: iterations=246 runtime: 116417us
Towers: iterations=247 runtime: 200864us
Towers: iterations=248 runtime: 208688us
Towers: iterations=249 runtime: 209545us
Towers: iterations=250 runtime: 204598us
Towers: iterations=251 runtime: 132887us
Towers: iterations=252 runtime: 191890us
Towers: iterations=253 runtime: 139537us
Towers: iterations=254 runtime: 187054us
Towers: iterations=255 runtime: 204649us
Towers: iterations=256 runtime: 125010us
Towers: iterations=257 runtime: 183212us
Towers: iterations=258 runtime: 163148us
Towers: iterations=259 runtime: 115880us
Towers: iterations=260 runtime: 115880us
Towers: iterations=261 runtime: 115799us
Towers: iterations=262 runtime: 116034us
Towers: iterations=263 runtime: 116176us
Towers: iterations=264 runtime: 164681us
Towers: iterations=265 runtime: 203648us
Towers: iterations=266 runtime: 145506us
Towers: iterations=267 runtime: 115864us
Towers: iterations=268 runtime: 115657us
Towers: iterations=269 runtime: 135692us
Towers: iterations=270 runtime: 207886us
Towers: iterations=271 runtime: 132184us
Towers: iterations=272 runtime: 195851us
Towers: iterations=273 runtime: 133108us
Towers: iterations=274 runtime: 120351us
Towers: iterations=275 runtime: 115698us
Towers: iterations=276 runtime: 116226us
Towers: iterations=277 runtime: 151006us
Towers: iterations=278 runtime: 164788us
Towers: iterations=279 runtime: 119396us
Towers: iterations=280 runtime: 115690us
Towers: iterations=281 runtime: 116050us
Towers: iterations=282 runtime: 130698us
Towers: iterations=283 runtime: 147190us
Towers: iterations=284 runtime: 204689us
Towers: iterations=285 runtime: 204478us
Towers: iterations=286 runtime: 143743us
Towers: iterations=287 runtime: 115938us
Towers: iterations=288 runtime: 116153us
Towers: iterations=289 runtime: 151237us
Towers: iterations=290 runtime: 210101us
Towers: iterations=291 runtime: 163411us
Towers: iterations=292 runtime: 140591us
Towers: iterations=293 runtime: 205044us
Towers: iterations=294 runtime: 204750us
Towers: iterations=295 runtime: 188072us
Towers: iterations=296 runtime: 121001us
Towers: iterations=297 runtime: 115664us
Towers: iterations=298 runtime: 116072us
Towers: iterations=299 runtime: 115778us
Towers: iterations=300 runtime: 115967us
Towers: iterations=301 runtime: 115791us
Towers: iterations=302 runtime: 115936us
Towers: iterations=303 runtime: 116257us
Towers: iterations=304 runtime: 115761us
Towers: iterations=305 runtime: 116201us
Towers: iterations=306 runtime: 142392us
Towers: iterations=307 runtime: 136465us
Towers: iterations=308 runtime: 181307us
Towers: iterations=309 runtime: 115693us
Towers: iterations=310 runtime: 116114us
Towers: iterations=311 runtime: 116193us
Towers: iterations=312 runtime: 116389us
Towers: iterations=313 runtime: 115876us
Towers: iterations=314 runtime: 116422us
Towers: iterations=315 runtime: 116257us
Towers: iterations=316 runtime: 116531us
Towers: iterations=317 runtime: 116477us
Towers: iterations=318 runtime: 121644us
Towers: iterations=319 runtime: 130333us
Towers: iterations=320 runtime: 116147us
Towers: iterations=321 runtime: 116285us
Towers: iterations=322 runtime: 116071us
Towers: iterations=323 runtime: 116176us
Towers: iterations=324 runtime: 116174us
Towers: iterations=325 runtime: 115940us
Towers: iterations=326 runtime: 116492us
Towers: iterations=327 runtime: 148876us
Towers: iterations=328 runtime: 204586us
Towers: iterations=329 runtime: 144140us
Towers: iterations=330 runtime: 116241us
Towers: iterations=331 runtime: 116180us
Towers: iterations=332 runtime: 116003us
Towers: iterations=333 runtime: 116210us
Towers: iterations=334 runtime: 116337us
Towers: iterations=335 runtime: 116227us
Towers: iterations=336 runtime: 116527us
Towers: iterations=337 runtime: 116219us
Towers: iterations=338 runtime: 116528us
Towers: iterations=339 runtime: 116061us
Towers: iterations=340 runtime: 116093us
Towers: iterations=341 runtime: 116244us
Towers: iterations=342 runtime: 116449us
Towers: iterations=343 runtime: 116254us
Towers: iterations=344 runtime: 115941us
Towers: iterations=345 runtime: 116391us
Towers: iterations=346 runtime: 144903us
Towers: iterations=347 runtime: 116023us
Towers: iterations=348 runtime: 193231us
Towers: iterations=349 runtime: 186856us
Towers: iterations=350 runtime: 116307us
Towers: iterations=351 runtime: 116106us
Towers: iterations=352 runtime: 116404us
Towers: iterations=353 runtime: 162892us
Towers: iterations=354 runtime: 214215us
Towers: iterations=355 runtime: 136244us
Towers: iterations=356 runtime: 115856us
Towers: iterations=357 runtime: 116241us
Towers: iterations=358 runtime: 116265us
Towers: iterations=359 runtime: 116105us
Towers: iterations=360 runtime: 184244us
Towers: iterations=361 runtime: 207615us
Towers: iterations=362 runtime: 205141us
Towers: iterations=363 runtime: 179705us
Towers: iterations=364 runtime: 151245us
Towers: iterations=365 runtime: 125641us
Towers: iterations=366 runtime: 134562us
Towers: iterations=367 runtime: 176923us
Towers: iterations=368 runtime: 158911us
Towers: iterations=369 runtime: 205124us
Towers: iterations=370 runtime: 204907us
Towers: iterations=371 runtime: 145328us
Towers: iterations=372 runtime: 115903us
Towers: iterations=373 runtime: 173948us
Towers: iterations=374 runtime: 167105us
Towers: iterations=375 runtime: 204589us
Towers: iterations=376 runtime: 192356us
Towers: iterations=377 runtime: 215268us
Towers: iterations=378 runtime: 207199us
Towers: iterations=379 runtime: 181967us
Towers: iterations=380 runtime: 115944us
Towers: iterations=381 runtime: 116159us
Towers: iterations=382 runtime: 170991us
Towers: iterations=383 runtime: 148944us
Towers: iterations=384 runtime: 125117us
Towers: iterations=385 runtime: 118976us
Towers: iterations=386 runtime: 116192us
Towers: iterations=387 runtime: 115968us
Towers: iterations=388 runtime: 119955us
Towers: iterations=389 runtime: 153622us
Towers: iterations=390 runtime: 116185us
Towers: iterations=391 runtime: 116318us
Towers: iterations=392 runtime: 116012us
Towers: iterations=393 runtime: 116273us
Towers: iterations=394 runtime: 116693us
Towers: iterations=395 runtime: 116565us
Towers: iterations=396 runtime: 172067us
Towers: iterations=397 runtime: 205115us
Towers: iterations=398 runtime: 175179us
Towers: iterations=399 runtime: 116244us
Towers: iterations=400 runtime: 127585us
Towers: iterations=401 runtime: 204972us
HumphreysTestPhase: comp = java.lang.StringLatin1.inflate(byte[], int, char[], int, int)
HumphreysTestPhase: method transitions = 0
Towers: iterations=402 runtime: 204970us
Towers: iterations=403 runtime: 165747us
Towers: iterations=404 runtime: 204993us
Towers: iterations=405 runtime: 204865us
Towers: iterations=406 runtime: 189610us
Towers: iterations=407 runtime: 152313us
Towers: iterations=408 runtime: 147319us
Towers: iterations=409 runtime: 140383us
Towers: iterations=410 runtime: 200007us
Towers: iterations=411 runtime: 129240us
Towers: iterations=412 runtime: 152075us
Towers: iterations=413 runtime: 115744us
Towers: iterations=414 runtime: 115899us
Towers: iterations=415 runtime: 116080us
Towers: iterations=416 runtime: 115817us
Towers: iterations=417 runtime: 116369us
Towers: iterations=418 runtime: 116539us
Towers: iterations=419 runtime: 116119us
Towers: iterations=420 runtime: 116053us
Towers: iterations=421 runtime: 116504us
Towers: iterations=422 runtime: 116510us
Towers: iterations=423 runtime: 116256us
Towers: iterations=424 runtime: 157530us
Towers: iterations=425 runtime: 116118us
Towers: iterations=426 runtime: 116365us
Towers: iterations=427 runtime: 123986us
Towers: iterations=428 runtime: 180714us
Towers: iterations=429 runtime: 204840us
Towers: iterations=430 runtime: 181439us
Towers: iterations=431 runtime: 116105us
Towers: iterations=432 runtime: 116438us
Towers: iterations=433 runtime: 135557us
Towers: iterations=434 runtime: 147606us
Towers: iterations=435 runtime: 134270us
Towers: iterations=436 runtime: 116183us
Towers: iterations=437 runtime: 116042us
Towers: iterations=438 runtime: 121377us
Towers: iterations=439 runtime: 214904us
Towers: iterations=440 runtime: 216431us
Towers: iterations=441 runtime: 155435us
Towers: iterations=442 runtime: 116357us
Towers: iterations=443 runtime: 115803us
Towers: iterations=444 runtime: 115747us
Towers: iterations=445 runtime: 125314us
Towers: iterations=446 runtime: 116410us
Towers: iterations=447 runtime: 116208us
Towers: iterations=448 runtime: 116417us
Towers: iterations=449 runtime: 116145us
Towers: iterations=450 runtime: 127933us
Towers: iterations=451 runtime: 137199us
Towers: iterations=452 runtime: 116176us
Towers: iterations=453 runtime: 116486us
Towers: iterations=454 runtime: 116588us
Towers: iterations=455 runtime: 116542us
Towers: iterations=456 runtime: 144409us
Towers: iterations=457 runtime: 116202us
Towers: iterations=458 runtime: 121497us
Towers: iterations=459 runtime: 124687us
Towers: iterations=460 runtime: 116234us
Towers: iterations=461 runtime: 115988us
Towers: iterations=462 runtime: 116754us
Towers: iterations=463 runtime: 116381us
Towers: iterations=464 runtime: 115799us
Towers: iterations=465 runtime: 116094us
Towers: iterations=466 runtime: 174197us
Towers: iterations=467 runtime: 204810us
Towers: iterations=468 runtime: 204531us
Towers: iterations=469 runtime: 143325us
Towers: iterations=470 runtime: 116225us
Towers: iterations=471 runtime: 115819us
Towers: iterations=472 runtime: 116483us
Towers: iterations=473 runtime: 120343us
Towers: iterations=474 runtime: 116167us
Towers: iterations=475 runtime: 116022us
Towers: iterations=476 runtime: 115836us
Towers: iterations=477 runtime: 116178us
Towers: iterations=478 runtime: 116389us
Towers: iterations=479 runtime: 181044us
Towers: iterations=480 runtime: 157623us
Towers: iterations=481 runtime: 154393us
Towers: iterations=482 runtime: 168245us
Towers: iterations=483 runtime: 177480us
Towers: iterations=484 runtime: 156541us
Towers: iterations=485 runtime: 164675us
Towers: iterations=486 runtime: 203557us
Towers: iterations=487 runtime: 130564us
Towers: iterations=488 runtime: 140763us
Towers: iterations=489 runtime: 191327us
Towers: iterations=490 runtime: 118247us
Towers: iterations=491 runtime: 138096us
Towers: iterations=492 runtime: 156076us
Towers: iterations=493 runtime: 204381us
Towers: iterations=494 runtime: 155490us
Towers: iterations=495 runtime: 124614us
Towers: iterations=496 runtime: 117522us
Towers: iterations=497 runtime: 116014us
Towers: iterations=498 runtime: 168288us
Towers: iterations=499 runtime: 132290us
Towers: iterations=500 runtime: 204199us
HumphreysTestPhase: comp = jdk.internal.constant.PrimitiveClassDescImpl.descriptorString()
HumphreysTestPhase: method transitions = 0
HumphreysTestPhase: comp = jdk.internal.classfile.impl.AbstractPoolEntry.hashCode()
HumphreysTestPhase: method transitions = 0
HumphreysTestPhase: comp = jdk.internal.constant.ClassOrInterfaceDescImpl.isClassOrInterface()
HumphreysTestPhase: method transitions = 0
HumphreysTestPhase: comp = java.util.ArrayList.size()
HumphreysTestPhase: method transitions = 0
HumphreysTestPhase: comp = jdk.internal.classfile.impl.AbstractPoolEntry$ClassEntryImpl.tag()
HumphreysTestPhase: method transitions = 0
HumphreysTestPhase: comp = java.lang.invoke.MethodTypeForm.erasedType()
HumphreysTestPhase: method transitions = 0
HumphreysTestPhase: comp = java.lang.StringCoding.implEncodeAsciiArray(char[], int, byte[], int, int)
HumphreysTestPhase: method transitions = 0
HumphreysTestPhase: comp = java.lang.StringCoding.implEncodeAsciiArray(char[], int, byte[], int, int)
HumphreysTestPhase: method transitions = 0
Towers: iterations=500 average: 143237us total: 71618952us


Total Runtime: 71618952us
-- Towers completed successfully.
