Could not locate BlockSlowdown.json
Skipping Loading (this might cause a fatal crash if GTSlowdown is on)
Could not locate BlockSlowdown.json
Skipping Loading (this might cause a fatal crash if GTSlowdown is on)
Starting Storage benchmark ...
Storage: iterations=1 runtime: 200559us
Storage: iterations=2 runtime: 156917us
Storage: iterations=3 runtime: 151926us
Storage: iterations=4 runtime: 157892us
Storage: iterations=5 runtime: 151682us
Storage: iterations=6 runtime: 150628us
Storage: iterations=7 runtime: 151414us
Storage: iterations=8 runtime: 149835us
Storage: iterations=9 runtime: 149669us
Storage: iterations=10 runtime: 150311us
Storage: iterations=11 runtime: 149996us
Storage: iterations=12 runtime: 158612us
Storage: iterations=13 runtime: 149833us
Storage: iterations=14 runtime: 150651us
Storage: iterations=15 runtime: 149114us
Storage: iterations=16 runtime: 149066us
Storage: iterations=17 runtime: 149132us
Storage: iterations=18 runtime: 149187us
Storage: iterations=19 runtime: 148998us
Could not locate BlockSlowdown.json
Skipping Loading (this might cause a fatal crash if GTSlowdown is on)
Storage: iterations=20 runtime: 148889us
Storage: iterations=21 runtime: 149644us
Storage: iterations=22 runtime: 149304us
Storage: iterations=23 runtime: 149628us
Storage: iterations=24 runtime: 149357us
Storage: iterations=25 runtime: 149092us
Storage: iterations=26 runtime: 148932us
Storage: iterations=27 runtime: 150037us
Storage: iterations=28 runtime: 149289us
Storage: iterations=29 runtime: 149062us
Storage: iterations=30 runtime: 149058us
Storage: iterations=31 runtime: 149387us
Storage: iterations=32 runtime: 149841us
Storage: iterations=33 runtime: 149078us
Storage: iterations=34 runtime: 149207us
Storage: iterations=35 runtime: 149676us
Storage: iterations=36 runtime: 150509us
Storage: iterations=37 runtime: 149394us
Storage: iterations=38 runtime: 149729us
Storage: iterations=39 runtime: 149500us
Storage: iterations=40 runtime: 149243us
Storage: iterations=41 runtime: 149698us
Storage: iterations=42 runtime: 149108us
Storage: iterations=43 runtime: 149009us
Storage: iterations=44 runtime: 149424us
Storage: iterations=45 runtime: 150445us
Storage: iterations=46 runtime: 149830us
Storage: iterations=47 runtime: 149975us
Storage: iterations=48 runtime: 149655us
Storage: iterations=49 runtime: 149631us
Storage: iterations=50 runtime: 149116us
Storage: iterations=51 runtime: 149314us
Storage: iterations=52 runtime: 149412us
Storage: iterations=53 runtime: 148895us
Storage: iterations=54 runtime: 149296us
Storage: iterations=55 runtime: 149134us
Storage: iterations=56 runtime: 148991us
Storage: iterations=57 runtime: 149034us
Storage: iterations=58 runtime: 149409us
Storage: iterations=59 runtime: 149031us
Storage: iterations=60 runtime: 149009us
Storage: iterations=61 runtime: 148962us
Storage: iterations=62 runtime: 149012us
Storage: iterations=63 runtime: 149366us
Storage: iterations=64 runtime: 148975us
Storage: iterations=65 runtime: 149008us
Storage: iterations=66 runtime: 148935us
Storage: iterations=67 runtime: 149446us
Storage: iterations=68 runtime: 149114us
Storage: iterations=69 runtime: 149405us
Storage: iterations=70 runtime: 149641us
Storage: iterations=71 runtime: 149692us
Storage: iterations=72 runtime: 149878us
Storage: iterations=73 runtime: 149551us
Storage: iterations=74 runtime: 149564us
Storage: iterations=75 runtime: 149758us
Storage: iterations=76 runtime: 149903us
Storage: iterations=77 runtime: 149325us
Storage: iterations=78 runtime: 149463us
Storage: iterations=79 runtime: 149852us
Storage: iterations=80 runtime: 150740us
Storage: iterations=81 runtime: 149575us
Storage: iterations=82 runtime: 149732us
Storage: iterations=83 runtime: 149010us
Storage: iterations=84 runtime: 149075us
Storage: iterations=85 runtime: 150112us
Storage: iterations=86 runtime: 149272us
Storage: iterations=87 runtime: 149297us
Storage: iterations=88 runtime: 149424us
Storage: iterations=89 runtime: 150049us
Storage: iterations=90 runtime: 149598us
Could not locate BlockSlowdown.json
Skipping Loading (this might cause a fatal crash if GTSlowdown is on)
Storage: iterations=91 runtime: 149515us
Storage: iterations=92 runtime: 149622us
Storage: iterations=93 runtime: 149489us
Storage: iterations=94 runtime: 149853us
Storage: iterations=95 runtime: 149516us
Storage: iterations=96 runtime: 149682us
Storage: iterations=97 runtime: 149562us
Storage: iterations=98 runtime: 150281us
Storage: iterations=99 runtime: 149645us
Storage: iterations=100 runtime: 149367us
Storage: iterations=101 runtime: 149311us
Storage: iterations=102 runtime: 150001us
Storage: iterations=103 runtime: 149392us
Storage: iterations=104 runtime: 149486us
Storage: iterations=105 runtime: 149141us
Storage: iterations=106 runtime: 149502us
Storage: iterations=107 runtime: 150323us
Storage: iterations=108 runtime: 149574us
Storage: iterations=109 runtime: 149375us
Storage: iterations=110 runtime: 149313us
Storage: iterations=111 runtime: 150396us
Storage: iterations=112 runtime: 149404us
Storage: iterations=113 runtime: 150300us
Storage: iterations=114 runtime: 151166us
Storage: iterations=115 runtime: 155509us
Storage: iterations=116 runtime: 149585us
Storage: iterations=117 runtime: 148935us
Storage: iterations=118 runtime: 148985us
Storage: iterations=119 runtime: 148980us
Storage: iterations=120 runtime: 149191us
Storage: iterations=121 runtime: 149006us
Storage: iterations=122 runtime: 148916us
Storage: iterations=123 runtime: 149217us
Storage: iterations=124 runtime: 149537us
Storage: iterations=125 runtime: 148912us
Storage: iterations=126 runtime: 149234us
Could not locate BlockSlowdown.json
Skipping Loading (this might cause a fatal crash if GTSlowdown is on)
Storage: iterations=127 runtime: 149132us
Storage: iterations=128 runtime: 149391us
Storage: iterations=129 runtime: 149410us
Storage: iterations=130 runtime: 149106us
Storage: iterations=131 runtime: 148877us
Storage: iterations=132 runtime: 148730us
Storage: iterations=133 runtime: 149541us
Storage: iterations=134 runtime: 149249us
Storage: iterations=135 runtime: 148838us
Storage: iterations=136 runtime: 149178us
Storage: iterations=137 runtime: 149004us
Storage: iterations=138 runtime: 149810us
Storage: iterations=139 runtime: 149153us
Storage: iterations=140 runtime: 149434us
Storage: iterations=141 runtime: 149626us
Storage: iterations=142 runtime: 149546us
Storage: iterations=143 runtime: 149098us
Storage: iterations=144 runtime: 149244us
Storage: iterations=145 runtime: 149421us
Storage: iterations=146 runtime: 149901us
Storage: iterations=147 runtime: 150938us
Storage: iterations=148 runtime: 149734us
Storage: iterations=149 runtime: 149602us
Storage: iterations=150 runtime: 149330us
Storage: iterations=151 runtime: 150269us
Storage: iterations=152 runtime: 149113us
Storage: iterations=153 runtime: 149650us
Storage: iterations=154 runtime: 149466us
Storage: iterations=155 runtime: 150008us
Storage: iterations=156 runtime: 149525us
Storage: iterations=157 runtime: 149839us
Storage: iterations=158 runtime: 149967us
Storage: iterations=159 runtime: 149532us
Storage: iterations=160 runtime: 150256us
Storage: iterations=161 runtime: 149589us
Storage: iterations=162 runtime: 149517us
Storage: iterations=163 runtime: 149487us
Storage: iterations=164 runtime: 149821us
Storage: iterations=165 runtime: 148945us
Storage: iterations=166 runtime: 149000us
Storage: iterations=167 runtime: 149010us
Storage: iterations=168 runtime: 149187us
Storage: iterations=169 runtime: 149500us
Storage: iterations=170 runtime: 149078us
Storage: iterations=171 runtime: 149309us
Storage: iterations=172 runtime: 149035us
Storage: iterations=173 runtime: 149257us
Storage: iterations=174 runtime: 148897us
Storage: iterations=175 runtime: 149136us
Storage: iterations=176 runtime: 148937us
Storage: iterations=177 runtime: 149151us
Storage: iterations=178 runtime: 150244us
Storage: iterations=179 runtime: 149953us
Storage: iterations=180 runtime: 149422us
Storage: iterations=181 runtime: 149614us
Storage: iterations=182 runtime: 150089us
Storage: iterations=183 runtime: 148974us
Storage: iterations=184 runtime: 148958us
Storage: iterations=185 runtime: 149029us
Storage: iterations=186 runtime: 149440us
Storage: iterations=187 runtime: 149034us
Storage: iterations=188 runtime: 148917us
Storage: iterations=189 runtime: 149130us
Storage: iterations=190 runtime: 148977us
Storage: iterations=191 runtime: 149255us
Storage: iterations=192 runtime: 148820us
Storage: iterations=193 runtime: 149083us
Storage: iterations=194 runtime: 149100us
Storage: iterations=195 runtime: 149411us
Storage: iterations=196 runtime: 149099us
Storage: iterations=197 runtime: 148971us
Storage: iterations=198 runtime: 149121us
Storage: iterations=199 runtime: 148995us
Storage: iterations=200 runtime: 149378us
Storage: iterations=201 runtime: 149103us
Storage: iterations=202 runtime: 148935us
Storage: iterations=203 runtime: 149015us
Storage: iterations=204 runtime: 149576us
Storage: iterations=205 runtime: 149000us
Storage: iterations=206 runtime: 148824us
Storage: iterations=207 runtime: 149223us
Storage: iterations=208 runtime: 149685us
Storage: iterations=209 runtime: 152601us
Storage: iterations=210 runtime: 149042us
Storage: iterations=211 runtime: 149067us
Storage: iterations=212 runtime: 149028us
Storage: iterations=213 runtime: 150034us
Storage: iterations=214 runtime: 149938us
Storage: iterations=215 runtime: 149776us
Storage: iterations=216 runtime: 149549us
Storage: iterations=217 runtime: 150394us
Storage: iterations=218 runtime: 149535us
Storage: iterations=219 runtime: 149466us
Storage: iterations=220 runtime: 149883us
Storage: iterations=221 runtime: 149809us
Storage: iterations=222 runtime: 150207us
Storage: iterations=223 runtime: 149686us
Storage: iterations=224 runtime: 149613us
Storage: iterations=225 runtime: 149686us
Storage: iterations=226 runtime: 150380us
Storage: iterations=227 runtime: 149373us
Storage: iterations=228 runtime: 149145us
Storage: iterations=229 runtime: 149092us
Storage: iterations=230 runtime: 149049us
Storage: iterations=231 runtime: 149337us
Storage: iterations=232 runtime: 148839us
Storage: iterations=233 runtime: 148756us
Storage: iterations=234 runtime: 148963us
Storage: iterations=235 runtime: 149823us
Storage: iterations=236 runtime: 149091us
Storage: iterations=237 runtime: 149104us
Storage: iterations=238 runtime: 149057us
Storage: iterations=239 runtime: 149217us
Storage: iterations=240 runtime: 148911us
Storage: iterations=241 runtime: 149034us
Storage: iterations=242 runtime: 149124us
Storage: iterations=243 runtime: 148984us
Storage: iterations=244 runtime: 149262us
Storage: iterations=245 runtime: 149120us
Storage: iterations=246 runtime: 149341us
Storage: iterations=247 runtime: 149421us
Storage: iterations=248 runtime: 150017us
Storage: iterations=249 runtime: 149077us
Storage: iterations=250 runtime: 149056us
Storage: iterations=251 runtime: 149015us
Storage: iterations=252 runtime: 149067us
Storage: iterations=253 runtime: 149472us
Storage: iterations=254 runtime: 148858us
Storage: iterations=255 runtime: 148866us
Storage: iterations=256 runtime: 149051us
Storage: iterations=257 runtime: 149322us
Storage: iterations=258 runtime: 148995us
Storage: iterations=259 runtime: 149063us
Storage: iterations=260 runtime: 149130us
Storage: iterations=261 runtime: 149471us
Storage: iterations=262 runtime: 149248us
Storage: iterations=263 runtime: 148861us
Storage: iterations=264 runtime: 148995us
Storage: iterations=265 runtime: 148805us
Storage: iterations=266 runtime: 149406us
Storage: iterations=267 runtime: 148680us
Storage: iterations=268 runtime: 148915us
Storage: iterations=269 runtime: 148776us
Storage: iterations=270 runtime: 149230us
Storage: iterations=271 runtime: 148841us
Storage: iterations=272 runtime: 148884us
Storage: iterations=273 runtime: 149165us
Storage: iterations=274 runtime: 148913us
Storage: iterations=275 runtime: 149479us
Storage: iterations=276 runtime: 148922us
Storage: iterations=277 runtime: 149159us
Storage: iterations=278 runtime: 148943us
Storage: iterations=279 runtime: 149404us
Storage: iterations=280 runtime: 149748us
Storage: iterations=281 runtime: 149661us
Storage: iterations=282 runtime: 149086us
Storage: iterations=283 runtime: 148879us
Storage: iterations=284 runtime: 149180us
Storage: iterations=285 runtime: 148955us
Storage: iterations=286 runtime: 148972us
Storage: iterations=287 runtime: 148990us
Storage: iterations=288 runtime: 149326us
Storage: iterations=289 runtime: 148855us
Storage: iterations=290 runtime: 149019us
Storage: iterations=291 runtime: 148954us
Storage: iterations=292 runtime: 149230us
Storage: iterations=293 runtime: 149055us
Storage: iterations=294 runtime: 149087us
Storage: iterations=295 runtime: 149090us
Storage: iterations=296 runtime: 148972us
Storage: iterations=297 runtime: 149425us
Storage: iterations=298 runtime: 148933us
Storage: iterations=299 runtime: 148795us
Storage: iterations=300 runtime: 148757us
Storage: iterations=301 runtime: 149367us
Storage: iterations=302 runtime: 148963us
Storage: iterations=303 runtime: 148721us
Storage: iterations=304 runtime: 148897us
Storage: iterations=305 runtime: 148952us
Storage: iterations=306 runtime: 149226us
Storage: iterations=307 runtime: 148747us
Storage: iterations=308 runtime: 148994us
Storage: iterations=309 runtime: 148896us
Storage: iterations=310 runtime: 149374us
Storage: iterations=311 runtime: 148971us
Storage: iterations=312 runtime: 149146us
Storage: iterations=313 runtime: 149127us
Storage: iterations=314 runtime: 149366us
Storage: iterations=315 runtime: 150183us
Storage: iterations=316 runtime: 148870us
Storage: iterations=317 runtime: 148914us
Storage: iterations=318 runtime: 148710us
Storage: iterations=319 runtime: 149427us
Storage: iterations=320 runtime: 148836us
Storage: iterations=321 runtime: 148836us
Storage: iterations=322 runtime: 148940us
Storage: iterations=323 runtime: 149213us
Storage: iterations=324 runtime: 148869us
Storage: iterations=325 runtime: 148791us
Storage: iterations=326 runtime: 148809us
Storage: iterations=327 runtime: 148950us
Storage: iterations=328 runtime: 149258us
Storage: iterations=329 runtime: 148910us
Storage: iterations=330 runtime: 149162us
Storage: iterations=331 runtime: 148891us
Storage: iterations=332 runtime: 149379us
Storage: iterations=333 runtime: 149132us
Storage: iterations=334 runtime: 148886us
Storage: iterations=335 runtime: 148964us
Storage: iterations=336 runtime: 148876us
Storage: iterations=337 runtime: 149364us
Storage: iterations=338 runtime: 148912us
Storage: iterations=339 runtime: 149020us
Storage: iterations=340 runtime: 148763us
Storage: iterations=341 runtime: 149241us
Storage: iterations=342 runtime: 148985us
Storage: iterations=343 runtime: 148990us
Storage: iterations=344 runtime: 148964us
Storage: iterations=345 runtime: 149221us
Storage: iterations=346 runtime: 149055us
Storage: iterations=347 runtime: 149625us
Storage: iterations=348 runtime: 149629us
Storage: iterations=349 runtime: 149379us
Storage: iterations=350 runtime: 149559us
Storage: iterations=351 runtime: 149244us
Storage: iterations=352 runtime: 149306us
Storage: iterations=353 runtime: 149601us
Storage: iterations=354 runtime: 149765us
Storage: iterations=355 runtime: 149795us
Storage: iterations=356 runtime: 149386us
Storage: iterations=357 runtime: 149840us
Storage: iterations=358 runtime: 149652us
Storage: iterations=359 runtime: 149771us
Storage: iterations=360 runtime: 149770us
Storage: iterations=361 runtime: 152777us
Storage: iterations=362 runtime: 153262us
Storage: iterations=363 runtime: 150432us
Storage: iterations=364 runtime: 149201us
Storage: iterations=365 runtime: 149675us
Storage: iterations=366 runtime: 149165us
Storage: iterations=367 runtime: 149594us
Storage: iterations=368 runtime: 150494us
Storage: iterations=369 runtime: 149494us
Storage: iterations=370 runtime: 149186us
Storage: iterations=371 runtime: 149141us
Storage: iterations=372 runtime: 149484us
Storage: iterations=373 runtime: 149108us
Storage: iterations=374 runtime: 148922us
Storage: iterations=375 runtime: 148704us
Storage: iterations=376 runtime: 149842us
Storage: iterations=377 runtime: 149028us
Storage: iterations=378 runtime: 148784us
Storage: iterations=379 runtime: 148766us
Storage: iterations=380 runtime: 149442us
Storage: iterations=381 runtime: 149974us
Storage: iterations=382 runtime: 150106us
Storage: iterations=383 runtime: 148623us
Storage: iterations=384 runtime: 148724us
Storage: iterations=385 runtime: 149252us
Storage: iterations=386 runtime: 148716us
Storage: iterations=387 runtime: 148823us
Storage: iterations=388 runtime: 148793us
Storage: iterations=389 runtime: 148723us
Storage: iterations=390 runtime: 149243us
Storage: iterations=391 runtime: 149147us
Storage: iterations=392 runtime: 148732us
Storage: iterations=393 runtime: 148898us
Storage: iterations=394 runtime: 149165us
Storage: iterations=395 runtime: 148705us
Storage: iterations=396 runtime: 148758us
Storage: iterations=397 runtime: 148690us
Storage: iterations=398 runtime: 149074us
Storage: iterations=399 runtime: 148873us
Storage: iterations=400 runtime: 148797us
Storage: iterations=401 runtime: 148939us
Storage: iterations=402 runtime: 148841us
Storage: iterations=403 runtime: 149095us
Storage: iterations=404 runtime: 148772us
Storage: iterations=405 runtime: 148884us
Storage: iterations=406 runtime: 148824us
Storage: iterations=407 runtime: 149501us
Storage: iterations=408 runtime: 148772us
Storage: iterations=409 runtime: 148920us
Storage: iterations=410 runtime: 148597us
Storage: iterations=411 runtime: 148685us
Storage: iterations=412 runtime: 149242us
Storage: iterations=413 runtime: 148689us
Storage: iterations=414 runtime: 160347us
Storage: iterations=415 runtime: 149906us
Storage: iterations=416 runtime: 149972us
Could not locate BlockSlowdown.json
Skipping Loading (this might cause a fatal crash if GTSlowdown is on)
Storage: iterations=417 runtime: 149068us
Storage: iterations=418 runtime: 149631us
Storage: iterations=419 runtime: 149324us
Storage: iterations=420 runtime: 149147us
Storage: iterations=421 runtime: 150221us
Storage: iterations=422 runtime: 149152us
Storage: iterations=423 runtime: 149002us
Storage: iterations=424 runtime: 148963us
Storage: iterations=425 runtime: 149660us
Storage: iterations=426 runtime: 149544us
Storage: iterations=427 runtime: 149283us
Storage: iterations=428 runtime: 149447us
Storage: iterations=429 runtime: 149773us
Storage: iterations=430 runtime: 151264us
Storage: iterations=431 runtime: 148837us
Storage: iterations=432 runtime: 149196us
Storage: iterations=433 runtime: 149114us
Storage: iterations=434 runtime: 150119us
Storage: iterations=435 runtime: 149034us
Storage: iterations=436 runtime: 149711us
Storage: iterations=437 runtime: 149475us
Storage: iterations=438 runtime: 150161us
Storage: iterations=439 runtime: 148973us
Storage: iterations=440 runtime: 149052us
Storage: iterations=441 runtime: 149124us
Storage: iterations=442 runtime: 148944us
Storage: iterations=443 runtime: 149380us
Storage: iterations=444 runtime: 149300us
Storage: iterations=445 runtime: 149597us
Storage: iterations=446 runtime: 149139us
Storage: iterations=447 runtime: 150485us
Storage: iterations=448 runtime: 150201us
Storage: iterations=449 runtime: 149531us
Storage: iterations=450 runtime: 148850us
Storage: iterations=451 runtime: 149351us
Storage: iterations=452 runtime: 148981us
Storage: iterations=453 runtime: 148715us
Storage: iterations=454 runtime: 148849us
Storage: iterations=455 runtime: 148881us
Storage: iterations=456 runtime: 149032us
Storage: iterations=457 runtime: 149093us
Storage: iterations=458 runtime: 148752us
Storage: iterations=459 runtime: 148817us
Storage: iterations=460 runtime: 149054us
Storage: iterations=461 runtime: 148569us
Storage: iterations=462 runtime: 148796us
Storage: iterations=463 runtime: 148746us
Storage: iterations=464 runtime: 148935us
Storage: iterations=465 runtime: 149115us
Storage: iterations=466 runtime: 148917us
Storage: iterations=467 runtime: 148686us
Storage: iterations=468 runtime: 148760us
Storage: iterations=469 runtime: 149144us
Storage: iterations=470 runtime: 148860us
Storage: iterations=471 runtime: 148741us
Storage: iterations=472 runtime: 149079us
Storage: iterations=473 runtime: 148932us
Storage: iterations=474 runtime: 149051us
Storage: iterations=475 runtime: 148778us
Storage: iterations=476 runtime: 148806us
Storage: iterations=477 runtime: 148777us
Storage: iterations=478 runtime: 149144us
Storage: iterations=479 runtime: 148806us
Storage: iterations=480 runtime: 148671us
Storage: iterations=481 runtime: 158330us
Storage: iterations=482 runtime: 150545us
Storage: iterations=483 runtime: 149679us
Storage: iterations=484 runtime: 149131us
Storage: iterations=485 runtime: 149108us
Storage: iterations=486 runtime: 149280us
Storage: iterations=487 runtime: 150041us
Storage: iterations=488 runtime: 149013us
Storage: iterations=489 runtime: 149190us
Could not locate BlockSlowdown.json
Skipping Loading (this might cause a fatal crash if GTSlowdown is on)
Storage: iterations=490 runtime: 149018us
Storage: iterations=491 runtime: 149929us
Storage: iterations=492 runtime: 149576us
Storage: iterations=493 runtime: 149394us
Storage: iterations=494 runtime: 149453us
Storage: iterations=495 runtime: 149455us
Storage: iterations=496 runtime: 149867us
Storage: iterations=497 runtime: 149252us
Storage: iterations=498 runtime: 149343us
Storage: iterations=499 runtime: 149292us
Storage: iterations=500 runtime: 149880us
Could not locate BlockSlowdown.json
Skipping Loading (this might cause a fatal crash if GTSlowdown is on)
Storage: iterations=500 average: 149541us total: 74770601us


Total Runtime: 74770601us
Bubo.RDTSC.Harness.main Total RDTSC cycles: 247996147644
