Could not locate BlockSlowdown.json
Skipping Loading (this might cause a fatal crash if GTSlowdown is on)
Could not locate BlockSlowdown.json
Skipping Loading (this might cause a fatal crash if GTSlowdown is on)
Starting Storage benchmark ...
Storage: iterations=1 runtime: 366431us
Storage: iterations=2 runtime: 323296us
Storage: iterations=3 runtime: 322759us
Storage: iterations=4 runtime: 330124us
Storage: iterations=5 runtime: 326207us
Storage: iterations=6 runtime: 327714us
Storage: iterations=7 runtime: 330015us
Storage: iterations=8 runtime: 325806us
Storage: iterations=9 runtime: 324750us
Storage: iterations=10 runtime: 325398us
Storage: iterations=11 runtime: 325219us
Could not locate BlockSlowdown.json
Skipping Loading (this might cause a fatal crash if GTSlowdown is on)
Storage: iterations=12 runtime: 493077us
Storage: iterations=13 runtime: 249182us
Storage: iterations=14 runtime: 250221us
Storage: iterations=15 runtime: 248908us
Storage: iterations=16 runtime: 250087us
Storage: iterations=17 runtime: 249616us
Storage: iterations=18 runtime: 249807us
Storage: iterations=19 runtime: 249694us
Could not locate BlockSlowdown.json
Skipping Loading (this might cause a fatal crash if GTSlowdown is on)
Storage: iterations=20 runtime: 249627us
Storage: iterations=21 runtime: 250415us
Storage: iterations=22 runtime: 249390us
Storage: iterations=23 runtime: 249782us
Storage: iterations=24 runtime: 249310us
Storage: iterations=25 runtime: 249581us
Storage: iterations=26 runtime: 248901us
Storage: iterations=27 runtime: 249941us
Storage: iterations=28 runtime: 249016us
Storage: iterations=29 runtime: 249566us
Storage: iterations=30 runtime: 249162us
Storage: iterations=31 runtime: 249065us
Storage: iterations=32 runtime: 249590us
Storage: iterations=33 runtime: 248937us
Storage: iterations=34 runtime: 249505us
Storage: iterations=35 runtime: 249076us
Storage: iterations=36 runtime: 249387us
Storage: iterations=37 runtime: 249085us
Storage: iterations=38 runtime: 250160us
Storage: iterations=39 runtime: 249299us
Storage: iterations=40 runtime: 249818us
Storage: iterations=41 runtime: 249722us
Storage: iterations=42 runtime: 249246us
Storage: iterations=43 runtime: 249755us
Storage: iterations=44 runtime: 249090us
Storage: iterations=45 runtime: 249563us
Storage: iterations=46 runtime: 248836us
Storage: iterations=47 runtime: 249137us
Storage: iterations=48 runtime: 249018us
Storage: iterations=49 runtime: 249932us
Storage: iterations=50 runtime: 249355us
Storage: iterations=51 runtime: 249306us
Storage: iterations=52 runtime: 250325us
Storage: iterations=53 runtime: 248762us
Storage: iterations=54 runtime: 250028us
Storage: iterations=55 runtime: 248690us
Storage: iterations=56 runtime: 249133us
Storage: iterations=57 runtime: 248819us
Storage: iterations=58 runtime: 249966us
Storage: iterations=59 runtime: 249171us
Storage: iterations=60 runtime: 250043us
Storage: iterations=61 runtime: 249422us
Storage: iterations=62 runtime: 249952us
Storage: iterations=63 runtime: 249629us
Storage: iterations=64 runtime: 249190us
Storage: iterations=65 runtime: 249710us
Storage: iterations=66 runtime: 249378us
Storage: iterations=67 runtime: 249659us
Storage: iterations=68 runtime: 248917us
Storage: iterations=69 runtime: 249292us
Storage: iterations=70 runtime: 249494us
Storage: iterations=71 runtime: 249834us
Storage: iterations=72 runtime: 249027us
Storage: iterations=73 runtime: 249863us
Storage: iterations=74 runtime: 250117us
Storage: iterations=75 runtime: 249287us
Storage: iterations=76 runtime: 250093us
Storage: iterations=77 runtime: 249537us
Storage: iterations=78 runtime: 249771us
Storage: iterations=79 runtime: 249613us
Storage: iterations=80 runtime: 249197us
Storage: iterations=81 runtime: 248614us
Storage: iterations=82 runtime: 249606us
Storage: iterations=83 runtime: 248851us
Storage: iterations=84 runtime: 249288us
Storage: iterations=85 runtime: 248785us
Storage: iterations=86 runtime: 248326us
Storage: iterations=87 runtime: 249131us
Storage: iterations=88 runtime: 249041us
Storage: iterations=89 runtime: 249106us
Storage: iterations=90 runtime: 248663us
Could not locate BlockSlowdown.json
Skipping Loading (this might cause a fatal crash if GTSlowdown is on)
Storage: iterations=91 runtime: 249025us
Storage: iterations=92 runtime: 249212us
Storage: iterations=93 runtime: 252429us
Storage: iterations=94 runtime: 248973us
Storage: iterations=95 runtime: 249326us
Storage: iterations=96 runtime: 249172us
Storage: iterations=97 runtime: 248588us
Storage: iterations=98 runtime: 249388us
Storage: iterations=99 runtime: 249781us
Storage: iterations=100 runtime: 250151us
Storage: iterations=101 runtime: 249407us
Storage: iterations=102 runtime: 249469us
Storage: iterations=103 runtime: 249195us
Storage: iterations=104 runtime: 250135us
Storage: iterations=105 runtime: 249522us
Storage: iterations=106 runtime: 249780us
Storage: iterations=107 runtime: 250349us
Storage: iterations=108 runtime: 249528us
Storage: iterations=109 runtime: 250173us
Storage: iterations=110 runtime: 249782us
Storage: iterations=111 runtime: 249663us
Storage: iterations=112 runtime: 248661us
Storage: iterations=113 runtime: 249876us
Storage: iterations=114 runtime: 249269us
Storage: iterations=115 runtime: 249588us
Storage: iterations=116 runtime: 249179us
Storage: iterations=117 runtime: 249114us
Storage: iterations=118 runtime: 250388us
Storage: iterations=119 runtime: 249277us
Storage: iterations=120 runtime: 249282us
Storage: iterations=121 runtime: 249280us
Storage: iterations=122 runtime: 249270us
Storage: iterations=123 runtime: 249067us
Storage: iterations=124 runtime: 249334us
Storage: iterations=125 runtime: 248475us
Storage: iterations=126 runtime: 249090us
Could not locate BlockSlowdown.json
Skipping Loading (this might cause a fatal crash if GTSlowdown is on)
Storage: iterations=127 runtime: 248779us
Storage: iterations=128 runtime: 249634us
Storage: iterations=129 runtime: 249034us
Storage: iterations=130 runtime: 248365us
Storage: iterations=131 runtime: 249254us
Storage: iterations=132 runtime: 248757us
Storage: iterations=133 runtime: 248861us
Storage: iterations=134 runtime: 248668us
Storage: iterations=135 runtime: 249631us
Storage: iterations=136 runtime: 250048us
Storage: iterations=137 runtime: 249613us
Storage: iterations=138 runtime: 249986us
Storage: iterations=139 runtime: 249535us
Storage: iterations=140 runtime: 249101us
Storage: iterations=141 runtime: 249089us
Storage: iterations=142 runtime: 249957us
Storage: iterations=143 runtime: 249145us
Storage: iterations=144 runtime: 249277us
Storage: iterations=145 runtime: 248786us
Storage: iterations=146 runtime: 249358us
Storage: iterations=147 runtime: 249201us
Storage: iterations=148 runtime: 250042us
Storage: iterations=149 runtime: 249464us
Storage: iterations=150 runtime: 248872us
Storage: iterations=151 runtime: 249206us
Storage: iterations=152 runtime: 248598us
Storage: iterations=153 runtime: 248945us
Storage: iterations=154 runtime: 248920us
Storage: iterations=155 runtime: 249603us
Storage: iterations=156 runtime: 250517us
Storage: iterations=157 runtime: 249176us
Storage: iterations=158 runtime: 248818us
Storage: iterations=159 runtime: 250616us
Storage: iterations=160 runtime: 250501us
Storage: iterations=161 runtime: 249674us
Storage: iterations=162 runtime: 250708us
Storage: iterations=163 runtime: 249522us
Storage: iterations=164 runtime: 250660us
Storage: iterations=165 runtime: 249607us
Storage: iterations=166 runtime: 250556us
Storage: iterations=167 runtime: 249479us
Storage: iterations=168 runtime: 250160us
Storage: iterations=169 runtime: 249767us
Storage: iterations=170 runtime: 250296us
Storage: iterations=171 runtime: 250664us
Storage: iterations=172 runtime: 249786us
Storage: iterations=173 runtime: 250380us
Storage: iterations=174 runtime: 249393us
Storage: iterations=175 runtime: 249660us
Storage: iterations=176 runtime: 248743us
Storage: iterations=177 runtime: 249990us
Storage: iterations=178 runtime: 249298us
Storage: iterations=179 runtime: 250221us
Storage: iterations=180 runtime: 249105us
Storage: iterations=181 runtime: 250617us
Storage: iterations=182 runtime: 249561us
Storage: iterations=183 runtime: 249189us
Storage: iterations=184 runtime: 249331us
Storage: iterations=185 runtime: 249884us
Storage: iterations=186 runtime: 249150us
Storage: iterations=187 runtime: 248631us
Storage: iterations=188 runtime: 249061us
Storage: iterations=189 runtime: 248330us
Storage: iterations=190 runtime: 248884us
Storage: iterations=191 runtime: 248524us
Storage: iterations=192 runtime: 248977us
Storage: iterations=193 runtime: 249070us
Storage: iterations=194 runtime: 248492us
Storage: iterations=195 runtime: 248783us
Storage: iterations=196 runtime: 248487us
Storage: iterations=197 runtime: 249314us
Storage: iterations=198 runtime: 249341us
Storage: iterations=199 runtime: 250606us
Storage: iterations=200 runtime: 248914us
Storage: iterations=201 runtime: 249634us
Storage: iterations=202 runtime: 249148us
Storage: iterations=203 runtime: 250777us
Storage: iterations=204 runtime: 250603us
Storage: iterations=205 runtime: 249493us
Storage: iterations=206 runtime: 249355us
Storage: iterations=207 runtime: 249255us
Storage: iterations=208 runtime: 250103us
Storage: iterations=209 runtime: 249906us
Storage: iterations=210 runtime: 250117us
Storage: iterations=211 runtime: 249700us
Storage: iterations=212 runtime: 249759us
Storage: iterations=213 runtime: 249561us
Storage: iterations=214 runtime: 249722us
Storage: iterations=215 runtime: 250193us
Storage: iterations=216 runtime: 249005us
Storage: iterations=217 runtime: 250074us
Storage: iterations=218 runtime: 249535us
Storage: iterations=219 runtime: 249794us
Storage: iterations=220 runtime: 249170us
Storage: iterations=221 runtime: 249287us
Storage: iterations=222 runtime: 248690us
Storage: iterations=223 runtime: 249057us
Storage: iterations=224 runtime: 248520us
Storage: iterations=225 runtime: 248778us
Storage: iterations=226 runtime: 249728us
Storage: iterations=227 runtime: 248643us
Storage: iterations=228 runtime: 248824us
Storage: iterations=229 runtime: 248635us
Storage: iterations=230 runtime: 249366us
Storage: iterations=231 runtime: 249125us
Storage: iterations=232 runtime: 249450us
Storage: iterations=233 runtime: 248929us
Storage: iterations=234 runtime: 249838us
Storage: iterations=235 runtime: 248679us
Storage: iterations=236 runtime: 249324us
Storage: iterations=237 runtime: 249650us
Storage: iterations=238 runtime: 249371us
Storage: iterations=239 runtime: 250277us
Storage: iterations=240 runtime: 249543us
Storage: iterations=241 runtime: 250272us
Storage: iterations=242 runtime: 249755us
Storage: iterations=243 runtime: 249840us
Storage: iterations=244 runtime: 249663us
Storage: iterations=245 runtime: 249854us
Storage: iterations=246 runtime: 251069us
Storage: iterations=247 runtime: 252536us
Storage: iterations=248 runtime: 250277us
Storage: iterations=249 runtime: 249747us
Storage: iterations=250 runtime: 249998us
Storage: iterations=251 runtime: 248748us
Storage: iterations=252 runtime: 249915us
Storage: iterations=253 runtime: 249537us
Storage: iterations=254 runtime: 250227us
Storage: iterations=255 runtime: 249564us
Storage: iterations=256 runtime: 249680us
Storage: iterations=257 runtime: 249510us
Storage: iterations=258 runtime: 249942us
Storage: iterations=259 runtime: 250931us
Storage: iterations=260 runtime: 249069us
Storage: iterations=261 runtime: 249500us
Storage: iterations=262 runtime: 248924us
Storage: iterations=263 runtime: 249161us
Storage: iterations=264 runtime: 248796us
Storage: iterations=265 runtime: 249424us
Storage: iterations=266 runtime: 248895us
Storage: iterations=267 runtime: 249206us
Storage: iterations=268 runtime: 249861us
Storage: iterations=269 runtime: 249251us
Storage: iterations=270 runtime: 249434us
Storage: iterations=271 runtime: 249231us
Storage: iterations=272 runtime: 249383us
Storage: iterations=273 runtime: 248987us
Storage: iterations=274 runtime: 249256us
Storage: iterations=275 runtime: 248952us
Storage: iterations=276 runtime: 249307us
Storage: iterations=277 runtime: 249008us
Storage: iterations=278 runtime: 249295us
Storage: iterations=279 runtime: 250695us
Storage: iterations=280 runtime: 248983us
Storage: iterations=281 runtime: 249399us
Storage: iterations=282 runtime: 248782us
Storage: iterations=283 runtime: 249339us
Storage: iterations=284 runtime: 248768us
Storage: iterations=285 runtime: 249140us
Storage: iterations=286 runtime: 248909us
Storage: iterations=287 runtime: 249370us
Storage: iterations=288 runtime: 249088us
Storage: iterations=289 runtime: 249290us
Storage: iterations=290 runtime: 249152us
Storage: iterations=291 runtime: 248879us
Storage: iterations=292 runtime: 249282us
Storage: iterations=293 runtime: 249117us
Storage: iterations=294 runtime: 249320us
Storage: iterations=295 runtime: 248889us
Storage: iterations=296 runtime: 249095us
Storage: iterations=297 runtime: 248756us
Storage: iterations=298 runtime: 249603us
Storage: iterations=299 runtime: 250281us
Storage: iterations=300 runtime: 249374us
Storage: iterations=301 runtime: 249934us
Storage: iterations=302 runtime: 249503us
Storage: iterations=303 runtime: 249982us
Storage: iterations=304 runtime: 249246us
Storage: iterations=305 runtime: 249950us
Storage: iterations=306 runtime: 249782us
Storage: iterations=307 runtime: 249664us
Storage: iterations=308 runtime: 249833us
Storage: iterations=309 runtime: 250618us
Storage: iterations=310 runtime: 249418us
Storage: iterations=311 runtime: 250335us
Storage: iterations=312 runtime: 249742us
Storage: iterations=313 runtime: 249696us
Storage: iterations=314 runtime: 250434us
Storage: iterations=315 runtime: 249779us
Storage: iterations=316 runtime: 249361us
Storage: iterations=317 runtime: 249267us
Storage: iterations=318 runtime: 250825us
Storage: iterations=319 runtime: 250460us
Storage: iterations=320 runtime: 250435us
Storage: iterations=321 runtime: 249257us
Storage: iterations=322 runtime: 249304us
Storage: iterations=323 runtime: 249263us
Storage: iterations=324 runtime: 248872us
Storage: iterations=325 runtime: 249330us
Storage: iterations=326 runtime: 248841us
Storage: iterations=327 runtime: 249145us
Storage: iterations=328 runtime: 248776us
Storage: iterations=329 runtime: 249293us
Storage: iterations=330 runtime: 248838us
Storage: iterations=331 runtime: 249373us
Storage: iterations=332 runtime: 248984us
Storage: iterations=333 runtime: 249367us
Storage: iterations=334 runtime: 249259us
Storage: iterations=335 runtime: 248882us
Storage: iterations=336 runtime: 249399us
Storage: iterations=337 runtime: 249021us
Storage: iterations=338 runtime: 249553us
Storage: iterations=339 runtime: 253657us
Storage: iterations=340 runtime: 249392us
Storage: iterations=341 runtime: 248905us
Storage: iterations=342 runtime: 249238us
Storage: iterations=343 runtime: 248964us
Storage: iterations=344 runtime: 249225us
Storage: iterations=345 runtime: 249313us
Storage: iterations=346 runtime: 248685us
Storage: iterations=347 runtime: 249234us
Storage: iterations=348 runtime: 248974us
Storage: iterations=349 runtime: 249307us
Storage: iterations=350 runtime: 248833us
Storage: iterations=351 runtime: 249073us
Storage: iterations=352 runtime: 248710us
Storage: iterations=353 runtime: 249141us
Storage: iterations=354 runtime: 249006us
Storage: iterations=355 runtime: 249396us
Storage: iterations=356 runtime: 248921us
Storage: iterations=357 runtime: 248585us
Storage: iterations=358 runtime: 249480us
Storage: iterations=359 runtime: 249555us
Storage: iterations=360 runtime: 249264us
Storage: iterations=361 runtime: 248477us
Storage: iterations=362 runtime: 248701us
Storage: iterations=363 runtime: 248393us
Storage: iterations=364 runtime: 248824us
Storage: iterations=365 runtime: 248932us
Storage: iterations=366 runtime: 249105us
Storage: iterations=367 runtime: 249056us
Storage: iterations=368 runtime: 248307us
Storage: iterations=369 runtime: 248813us
Storage: iterations=370 runtime: 248470us
Storage: iterations=371 runtime: 249065us
Storage: iterations=372 runtime: 248514us
Storage: iterations=373 runtime: 249310us
Storage: iterations=374 runtime: 248959us
Storage: iterations=375 runtime: 249220us
Storage: iterations=376 runtime: 249506us
Storage: iterations=377 runtime: 249691us
Storage: iterations=378 runtime: 249449us
Storage: iterations=379 runtime: 249726us
Storage: iterations=380 runtime: 249926us
Storage: iterations=381 runtime: 249102us
Storage: iterations=382 runtime: 249902us
Storage: iterations=383 runtime: 249326us
Storage: iterations=384 runtime: 249959us
Storage: iterations=385 runtime: 249385us
Storage: iterations=386 runtime: 248892us
Storage: iterations=387 runtime: 249274us
Storage: iterations=388 runtime: 250163us
Storage: iterations=389 runtime: 249587us
Storage: iterations=390 runtime: 249960us
Storage: iterations=391 runtime: 250062us
Storage: iterations=392 runtime: 249497us
Storage: iterations=393 runtime: 250529us
Storage: iterations=394 runtime: 249949us
Storage: iterations=395 runtime: 250896us
Storage: iterations=396 runtime: 250696us
Storage: iterations=397 runtime: 249628us
Storage: iterations=398 runtime: 249695us
Storage: iterations=399 runtime: 249855us
Storage: iterations=400 runtime: 250378us
Storage: iterations=401 runtime: 249457us
Storage: iterations=402 runtime: 249740us
Storage: iterations=403 runtime: 249508us
Storage: iterations=404 runtime: 249386us
Storage: iterations=405 runtime: 249315us
Storage: iterations=406 runtime: 249931us
Storage: iterations=407 runtime: 249350us
Storage: iterations=408 runtime: 249998us
Storage: iterations=409 runtime: 249983us
Storage: iterations=410 runtime: 249162us
Storage: iterations=411 runtime: 249927us
Storage: iterations=412 runtime: 249131us
Storage: iterations=413 runtime: 249984us
Storage: iterations=414 runtime: 249362us
Storage: iterations=415 runtime: 249901us
Storage: iterations=416 runtime: 249215us
Could not locate BlockSlowdown.json
Skipping Loading (this might cause a fatal crash if GTSlowdown is on)
Storage: iterations=417 runtime: 249866us
Storage: iterations=418 runtime: 249507us
Storage: iterations=419 runtime: 250053us
Storage: iterations=420 runtime: 250210us
Storage: iterations=421 runtime: 249407us
Storage: iterations=422 runtime: 250299us
Storage: iterations=423 runtime: 249266us
Storage: iterations=424 runtime: 249867us
Storage: iterations=425 runtime: 249281us
Storage: iterations=426 runtime: 249790us
Storage: iterations=427 runtime: 249412us
Storage: iterations=428 runtime: 249531us
Storage: iterations=429 runtime: 249024us
Storage: iterations=430 runtime: 250032us
Storage: iterations=431 runtime: 249753us
Storage: iterations=432 runtime: 249482us
Storage: iterations=433 runtime: 249776us
Storage: iterations=434 runtime: 249543us
Storage: iterations=435 runtime: 249869us
Storage: iterations=436 runtime: 249129us
Storage: iterations=437 runtime: 250058us
Storage: iterations=438 runtime: 249506us
Storage: iterations=439 runtime: 250237us
Storage: iterations=440 runtime: 249172us
Storage: iterations=441 runtime: 250508us
Storage: iterations=442 runtime: 250141us
Storage: iterations=443 runtime: 249997us
Storage: iterations=444 runtime: 250261us
Storage: iterations=445 runtime: 249391us
Storage: iterations=446 runtime: 249934us
Storage: iterations=447 runtime: 249098us
Storage: iterations=448 runtime: 249465us
Storage: iterations=449 runtime: 248912us
Storage: iterations=450 runtime: 249601us
Storage: iterations=451 runtime: 249218us
Storage: iterations=452 runtime: 249353us
Storage: iterations=453 runtime: 249589us
Storage: iterations=454 runtime: 249158us
Storage: iterations=455 runtime: 249493us
Storage: iterations=456 runtime: 248860us
Storage: iterations=457 runtime: 249583us
Storage: iterations=458 runtime: 249075us
Storage: iterations=459 runtime: 250795us
Storage: iterations=460 runtime: 249548us
Storage: iterations=461 runtime: 249716us
Storage: iterations=462 runtime: 248987us
Storage: iterations=463 runtime: 249431us
Storage: iterations=464 runtime: 249930us
Storage: iterations=465 runtime: 249133us
Storage: iterations=466 runtime: 249891us
Storage: iterations=467 runtime: 249171us
Storage: iterations=468 runtime: 249527us
Storage: iterations=469 runtime: 249139us
Storage: iterations=470 runtime: 249974us
Storage: iterations=471 runtime: 248981us
Storage: iterations=472 runtime: 249126us
Storage: iterations=473 runtime: 248365us
Storage: iterations=474 runtime: 249345us
Storage: iterations=475 runtime: 248887us
Storage: iterations=476 runtime: 248348us
Storage: iterations=477 runtime: 248684us
Storage: iterations=478 runtime: 248301us
Storage: iterations=479 runtime: 248921us
Storage: iterations=480 runtime: 248706us
Storage: iterations=481 runtime: 248771us
Storage: iterations=482 runtime: 248606us
Storage: iterations=483 runtime: 248914us
Storage: iterations=484 runtime: 248268us
Storage: iterations=485 runtime: 249050us
Storage: iterations=486 runtime: 249279us
Storage: iterations=487 runtime: 248882us
Storage: iterations=488 runtime: 249140us
Storage: iterations=489 runtime: 251736us
Could not locate BlockSlowdown.json
Skipping Loading (this might cause a fatal crash if GTSlowdown is on)
Storage: iterations=490 runtime: 248728us
Storage: iterations=491 runtime: 249188us
Storage: iterations=492 runtime: 248910us
Storage: iterations=493 runtime: 248630us
Storage: iterations=494 runtime: 248870us
Storage: iterations=495 runtime: 248463us
Storage: iterations=496 runtime: 248947us
Storage: iterations=497 runtime: 249152us
Storage: iterations=498 runtime: 248464us
Storage: iterations=499 runtime: 249484us
Storage: iterations=500 runtime: 248529us
Could not locate BlockSlowdown.json
Skipping Loading (this might cause a fatal crash if GTSlowdown is on)
Storage: iterations=500 average: 251697us total: 125848750us


Total Runtime: 125848750us
Bubo.RDTSC.Harness.main Total RDTSC cycles: 417181216174
Comp 52 (java.util.ImmutableCollections$SetN$SetNIterator.next()) loops:
Found Encoding : 0:-1
└── Loop 0
  loop 0 Cycles: 242354 || Activation Count:4236| LoopCallCount: 0 |  Source: -at java.util.ImmutableCollections$SetN$SetNIterator.next(ImmutableCollections.java:1213) [bci: 21] | -at java.util.ImmutableCollections$SetN$SetNIterator.next(ImmutableCollections.java:1223) [bci: 65]
Comp 57 (java.util.HashMap.putVal(int,) loops:
Found Encoding : 0:-1
└── Loop 0
  loop 0 Cycles: 6182 || Activation Count:168| LoopCallCount: 0 |  Source: -at java.util.HashMap.putVal(HashMap.java:648) [bci: 134] | -at java.util.HashMap.putVal(HashMap.java:649) [bci: 145]
Comp 58 (java.lang.String.equals(Object)) loops:
Found Encoding : 0:-1
└── Loop 0
  loop 0 Cycles: 3518 || Activation Count:49| LoopCallCount: 0 |  Source: -at java.lang.StringLatin1.equals(StringLatin1.java:100) [bci: 9]
-at java.lang.String.equals(String.java:1926) [bci: 44] | -at java.lang.StringLatin1.equals(StringLatin1.java:105) [bci: 32]
-at java.lang.String.equals(String.java:1926) [bci: 44]
Comp 70 (java.util.HashMap.resize()) loops:
Found Encoding : 2:-1,0:-1,1:0
├── Loop 2
└── Loop 0
    └── Loop 1
  loop 0 Cycles: 30144 || Activation Count:13| LoopCallCount: 0 |  Source: -at java.util.HashMap.resize(HashMap.java:714) [bci: 151] | -at java.util.HashMap.resize(HashMap.java:755) [bci: 353]
  loop 1 Cycles: 7532 || Activation Count:98| LoopCallCount: 0 |  Source: -at java.util.HashMap.resize(HashMap.java:727) [bci: 235] | -at java.util.HashMap.resize(HashMap.java:743) [bci: 309]
  loop 2 Cycles: 14596 || Activation Count:245| LoopCallCount: 0 |  Source: -at jdk.graal.compiler.hotspot.replacements.HotSpotAllocationSnippets.allocateArray(KlassPointer, int, int, int, AllocationSnippets$FillContent, int, boolean, boolean, boolean, boolean, HotSpotAllocationSnippets$HotSpotAllocationProfilingData, boolea
Comp 84 (jdk.internal.util.ArraysSupport.unsignedHashCode(int,) loops:
Found Encoding : 0:-1,1:-1,2:-1
├── Loop 0
├── Loop 1
└── Loop 2
  loop 0 Cycles: 468 || Activation Count:1| LoopCallCount: 0 |  Source: -at jdk.internal.util.ArraysSupport.unsignedHashCode(ArraysSupport.java:378) [bci: 8] | -at jdk.internal.util.ArraysSupport.unsignedHashCode(ArraysSupport.java:381) [bci: 34]
  loop 1 Cycles: 100 || Activation Count:1| LoopCallCount: 0 |  Source: Source Missing | -at jdk.internal.util.ArraysSupport.unsignedHashCode(ArraysSupport.java:381) [bci: 34]
  loop 2 Cycles: 102 || Activation Count:1| LoopCallCount: 0 |  Source: Source Missing | -at jdk.internal.util.ArraysSupport.unsignedHashCode(ArraysSupport.java:381) [bci: 34]
Comp 85 (jdk.internal.util.ArraysSupport.unsignedHashCode(int,-Re-Comp) loops:
Found Encoding : 0:-1,1:-1,2:-1
├── Loop 0
├── Loop 1
└── Loop 2
  loop 0 Cycles: 98030 || Activation Count:1730| LoopCallCount: 0 |  Source: -at jdk.internal.util.ArraysSupport.unsignedHashCode(ArraysSupport.java:378) [bci: 8] | -at jdk.internal.util.ArraysSupport.unsignedHashCode(ArraysSupport.java:381) [bci: 34]
  loop 1 Cycles: 115204 || Activation Count:1730| LoopCallCount: 0 |  Source: Source Missing | -at jdk.internal.util.ArraysSupport.unsignedHashCode(ArraysSupport.java:381) [bci: 34]
  loop 2 Cycles: 101184 || Activation Count:1730| LoopCallCount: 0 |  Source: Source Missing | -at jdk.internal.util.ArraysSupport.unsignedHashCode(ArraysSupport.java:381) [bci: 34]
Comp 87 (java.lang.StringCoding.countPositives(byte[],) loops:
Found Encoding : 0:-1
└── Loop 0
  loop 0 Cycles: 492 || Activation Count:1| LoopCallCount: 0 |  Source: -at java.lang.StringCoding.countPositives(StringCoding.java:92) [bci: 7] | -at java.lang.StringCoding.countPositives(StringCoding.java:97) [bci: 31]
Comp 88 (java.lang.StringCoding.countPositives(byte[],-Re-Comp) loops:
Found Encoding : 0:-1
└── Loop 0
  loop 0 Cycles: 11538 || Activation Count:75| LoopCallCount: 0 |  Source: -at java.lang.StringCoding.countPositives(StringCoding.java:92) [bci: 7] | -at java.lang.StringCoding.countPositives(StringCoding.java:97) [bci: 31]
Comp 138 (java.lang.StringLatin1.equals(byte[],) loops:
Found Encoding : 0:-1
└── Loop 0
  loop 0 Cycles: 17532 || Activation Count:126| LoopCallCount: 0 |  Source: -at java.lang.StringLatin1.equals(StringLatin1.java:100) [bci: 9] | -at java.lang.StringLatin1.equals(StringLatin1.java:105) [bci: 32]
Comp 140 (java.util.Properties$LineReader.readLine()) loops:
Found Encoding : 5:-1,3:-1,4:3,0:-1,1:0,2:1
├── Loop 5
├── Loop 3
│   └── Loop 4
└── Loop 0
    └── Loop 1
        └── Loop 2
  loop 1 Cycles: 256220 || Activation Count:90| LoopCallCount: 1 |  Source: -at java.util.Properties$LineReader.readLine(Properties.java:538) [bci: 219] | -at java.util.Properties$LineReader.readLine(Properties.java:543) [bci: 259]
  loop 2 Cycles: 12084 || Activation Count:91| LoopCallCount: 0 |  Source: -at java.util.Properties$LineReader.readLine(Properties.java:540) [bci: 224] | -at java.util.Properties$LineReader.readLine(Properties.java:543) [bci: 259]
  loop 5 Cycles: 706 || Activation Count:1| LoopCallCount: 0 |  Source: -at java.util.Properties$LineReader.readLine(Properties.java:540) [bci: 224] | -at java.util.Properties$LineReader.readLine(Properties.java:543) [bci: 259]
Comp 141 (java.util.Properties$LineReader.readLine()-Re-Comp) loops:
Found Encoding : 0:-1,1:0,2:1
└── Loop 0
    └── Loop 1
        └── Loop 2
  loop 1 Cycles: 3990 || Activation Count:14| LoopCallCount: 1 |  Source: -at java.util.Properties$LineReader.readLine(Properties.java:538) [bci: 219] | -at java.util.Properties$LineReader.readLine(Properties.java:543) [bci: 259]
  loop 2 Cycles: 1776 || Activation Count:14| LoopCallCount: 0 |  Source: -at java.util.Properties$LineReader.readLine(Properties.java:540) [bci: 224] | -at java.util.Properties$LineReader.readLine(Properties.java:545) [bci: 262]
Comp 142 (java.util.Properties$LineReader.readLine()-Re-Comp) loops:
Found Encoding : 5:-1,3:-1,4:3,0:-1,1:0,2:1
├── Loop 5
├── Loop 3
│   └── Loop 4
└── Loop 0
    └── Loop 1
        └── Loop 2
  loop 0 Cycles: 37924 || Activation Count:1| LoopCallCount: 2 |  Source: -at java.util.Properties$LineReader.readLine(Properties.java:504) [bci: 53] | -at java.util.Properties$LineReader.readLine(Properties.java:615) [bci: 577]
  loop 1 Cycles: 27454 || Activation Count:131| LoopCallCount: 1 |  Source: -at java.util.Properties$LineReader.readLine(Properties.java:538) [bci: 219] | -at java.util.Properties$LineReader.readLine(Properties.java:543) [bci: 259]
  loop 2 Cycles: 15076 || Activation Count:131| LoopCallCount: 0 |  Source: -at java.util.Properties$LineReader.readLine(Properties.java:540) [bci: 224] | -at java.util.Properties$LineReader.readLine(Properties.java:543) [bci: 259]
  loop 5 Cycles: 830 || Activation Count:1| LoopCallCount: 0 |  Source: -at java.util.Properties$LineReader.readLine(Properties.java:540) [bci: 224] | -at java.util.Properties$LineReader.readLine(Properties.java:543) [bci: 259]
Comp 143 (java.util.Properties$LineReader.readLine()-Re-Comp) loops:
Found Encoding : 0:-1,1:0,2:1
└── Loop 0
    └── Loop 1
        └── Loop 2
  loop 0 Cycles: 338106 || Activation Count:6| LoopCallCount: 2 |  Source: -at java.util.Properties$LineReader.readLine(Properties.java:504) [bci: 53] | -at java.util.Properties$LineReader.readLine(Properties.java:615) [bci: 577]
  loop 1 Cycles: 398672 || Activation Count:374| LoopCallCount: 1 |  Source: -at java.util.Properties$LineReader.readLine(Properties.java:538) [bci: 219] | -at java.util.Properties$LineReader.readLine(Properties.java:543) [bci: 259]
  loop 2 Cycles: 47884 || Activation Count:377| LoopCallCount: 0 |  Source: -at java.util.Properties$LineReader.readLine(Properties.java:540) [bci: 224] | -at java.util.Properties$LineReader.readLine(Properties.java:545) [bci: 262]
Comp 177 (Storage.buildTreeDepth(int,) loops:
Found Encoding : 0:-1,1:-1,2:-1,3:-1,4:-1
├── Loop 0
├── Loop 1
├── Loop 2
├── Loop 3
└── Loop 4
  loop 0 Cycles: 4107283956 || Activation Count:83874737| LoopCallCount: 0 |  Source: -at jdk.graal.compiler.hotspot.replacements.HotSpotAllocationSnippets.allocateArray(KlassPointer, int, int, int, AllocationSnippets$FillContent, int, boolean, boolean, boolean, boolean, HotSpotAllocationSnippets$HotSpotAllocationProfilingData, boole
  loop 1 Cycles: 33590907586 || Activation Count:900599486| LoopCallCount: 0 |  Source: -at jdk.graal.compiler.hotspot.replacements.HotSpotAllocationSnippets.allocateArray(KlassPointer, int, int, int, AllocationSnippets$FillContent, int, boolean, boolean, boolean, boolean, HotSpotAllocationSnippets$HotSpotAllocationProfilingData, boole
  loop 2 Cycles: 27976672120 || Activation Count:900594999| LoopCallCount: 0 |  Source: -at jdk.graal.compiler.hotspot.replacements.HotSpotAllocationSnippets.allocateArray(KlassPointer, int, int, int, AllocationSnippets$FillContent, int, boolean, boolean, boolean, boolean, HotSpotAllocationSnippets$HotSpotAllocationProfilingData, boole
  loop 3 Cycles: 35381242710 || Activation Count:900596851| LoopCallCount: 0 |  Source: -at jdk.graal.compiler.hotspot.replacements.HotSpotAllocationSnippets.allocateArray(KlassPointer, int, int, int, AllocationSnippets$FillContent, int, boolean, boolean, boolean, boolean, HotSpotAllocationSnippets$HotSpotAllocationProfilingData, boole
  loop 4 Cycles: 29174915294 || Activation Count:900593771| LoopCallCount: 0 |  Source: -at jdk.graal.compiler.hotspot.replacements.HotSpotAllocationSnippets.allocateArray(KlassPointer, int, int, int, AllocationSnippets$FillContent, int, boolean, boolean, boolean, boolean, HotSpotAllocationSnippets$HotSpotAllocationProfilingData, boole
Comp 180 (som.Arrays.setAll(Object[],) loops:
Found Encoding : 0:-1
└── Loop 0
  loop 0 Cycles: 618405441424 || Activation Count:261590507| LoopCallCount: 2 |  Source: -at som.Arrays.setAll(Object[], IntFunction) [bci: 7] | -at som.Arrays.setAll(Object[], IntFunction) [bci: 29]
Comp 197 (Benchmark.innerBenchmarkLoop(int)) loops:
Found Encoding : 0:-1
└── Loop 0
  loop 0 Cycles: 516373576 || Activation Count:1| LoopCallCount: 49 |  Source: -at Benchmark.innerBenchmarkLoop(int) [bci: 2] | -at Benchmark.innerBenchmarkLoop(int) [bci: 26]
Comp 198 (Benchmark.innerBenchmarkLoop(int)-Re-Comp) loops:
Found Encoding : 0:-1
└── Loop 0
  loop 0 Cycles: 402931459890 || Activation Count:488| LoopCallCount: 49 |  Source: -at Benchmark.innerBenchmarkLoop(int) [bci: 2] | -at Benchmark.innerBenchmarkLoop(int) [bci: 26]
Comp 205 (java.lang.StringLatin1.inflate(byte[],) loops:
Found Encoding : 0:-1,1:-1,2:-1
├── Loop 0
├── Loop 1
└── Loop 2
  loop 0 Cycles: 36214 || Activation Count:174| LoopCallCount: 0 |  Source: -at java.lang.StringLatin1.inflate(StringLatin1.java:767) [bci: 3] | -at java.lang.StringLatin1.inflate(StringLatin1.java:770) [bci: 33]
  loop 1 Cycles: 13034 || Activation Count:174| LoopCallCount: 0 |  Source: Source Missing | -at java.lang.StringLatin1.inflate(StringLatin1.java:770) [bci: 33]
  loop 2 Cycles: 10104 || Activation Count:174| LoopCallCount: 0 |  Source: Source Missing | -at java.lang.StringLatin1.inflate(StringLatin1.java:770) [bci: 33]
Comp 206 (java.lang.StringCoding.implEncodeAsciiArray(char[],) loops:
Found Encoding : 0:-1
└── Loop 0
  loop 0 Cycles: 646 || Activation Count:1| LoopCallCount: 0 |  Source: -at java.lang.StringCoding.implEncodeAsciiArray(StringCoding.java:118) [bci: 3] | -at java.lang.StringCoding.implEncodeAsciiArray(StringCoding.java:124) [bci: 44]
Comp 207 (java.lang.StringCoding.implEncodeAsciiArray(char[],-Re-Comp) loops:
Found Encoding : 0:-1
└── Loop 0
  loop 0 Cycles: 4664 || Activation Count:14| LoopCallCount: 0 |  Source: -at java.lang.StringCoding.implEncodeAsciiArray(StringCoding.java:118) [bci: 3] | -at java.lang.StringCoding.implEncodeAsciiArray(StringCoding.java:124) [bci: 44]
