Could not locate BlockSlowdown.json
Skipping Loading (this might cause a fatal crash if GTSlowdown is on)
[Use -Djdk.graal.LogFile=<path> to redirect Graal log output to a file.]
java.util.HashMap.putVal(int, java.lang.Object, java.lang.Object, boolean, boolean)java.lang.Object -1 graphSignature differs 5a74e12f320f5360d51b0bb3946f087ce2dce5afa144b15d312a3acc1621c4cf != 27ba10a12906ca5a4eaa0ddbdb8cdbd97a0a183d21916ae0dce244a079058c87
java.lang.String.equals(java.lang.Object)boolean -1 graphSignature differs 4c609eb6df537dd4055d7bd8758e6088351cb9cc47b118ef627e4c0368adeb1b != 98a5118c22c3d9af130515da0cdd48a4fdd27c2643d15ea2823174f2036f7cad
Could not locate BlockSlowdown.json
Skipping Loading (this might cause a fatal crash if GTSlowdown is on)
Starting Json benchmark ...
Requesting uncached profile for bci 59 in java.lang.String.<init>(java.lang.AbstractStringBuilder, java.lang.Void)void method getBytecodeProfile
Requesting uncached profile for bci 59 in java.lang.String.<init>(java.lang.AbstractStringBuilder, java.lang.Void)void method getExceptionSeen
Requesting not cached profile for java.lang.StringUTF16.coderFromArrayLen(byte[], int)byte
Requesting uncached profile for bci 2 in java.lang.StringUTF16.coderFromArrayLen(byte[], int)byte method getBytecodeProfile
Requesting uncached profile for bci 2 in java.lang.StringUTF16.coderFromArrayLen(byte[], int)byte method getExceptionSeen
Requesting uncached profile for bci 59 in java.lang.String.<init>(java.lang.AbstractStringBuilder, java.lang.Void)void method getBytecodeProfile
Requesting uncached profile for bci 59 in java.lang.String.<init>(java.lang.AbstractStringBuilder, java.lang.Void)void method getExceptionSeen
Requesting not cached profile for java.lang.StringUTF16.coderFromArrayLen(byte[], int)byte
Requesting uncached profile for bci 2 in java.lang.StringUTF16.coderFromArrayLen(byte[], int)byte method getBytecodeProfile
Requesting uncached profile for bci 2 in java.lang.StringUTF16.coderFromArrayLen(byte[], int)byte method getExceptionSeen
jdk.internal.util.ArraysSupport.hashCodeOfUnsigned(byte[], int, int, int)int -1 graphSignature differs a9c7171b8bab8793a169e6092f5f95d7918e66e622deab14fc914678ba22ee64 != 6e29d04165d9830d57c5fbce128560e5dbb41be601d774ff5fc16292213e7870
som.Vector.append(java.lang.Object)void -1 graphSignature differs 110defb74f19a69b99cfa19de20a0e7b1ae13c1121750bac638e59b5fce015cd != a11f92cafd93c43bed03ba0cd50681df62f7df0583a3a940639f7992fcc87161
json.JsonArray.add(json.JsonValue)json.JsonArray -1 graphSignature differs 4b17db212289a1e286a8f5616c588a2ac544e787c794e6fcc585b126bd34277f != 7cc82dfedd9f73863fa4f856cd8751a8997be208e089dc78265f0a40407ece51
json.JsonPureStringParser.readArray()json.JsonArray -1 graphSignature differs 99f769374468004994d68be680bf520d33fc75f5cf7091e56517b613f5070809 != 9f055744543be9349c73c20e9cb2d79ea915b5cf8a1f8778f1b2cb7f5ee52f76
Requesting uncached profile for bci 59 in java.lang.String.<init>(java.lang.AbstractStringBuilder, java.lang.Void)void method getBytecodeProfile
Requesting uncached profile for bci 59 in java.lang.String.<init>(java.lang.AbstractStringBuilder, java.lang.Void)void method getExceptionSeen
Requesting not cached profile for java.lang.StringUTF16.coderFromArrayLen(byte[], int)byte
Requesting uncached profile for bci 2 in java.lang.StringUTF16.coderFromArrayLen(byte[], int)byte method getBytecodeProfile
Requesting uncached profile for bci 2 in java.lang.StringUTF16.coderFromArrayLen(byte[], int)byte method getExceptionSeen
json.JsonObject.add(java.lang.String, json.JsonValue)json.JsonObject -1 graphSignature differs 71283d45a953dde34b5cf582c0879a8c30f51e57659ffe625af277e844bba72c != b030258abb6d4666587435fb23f6d5b53b3cc959c3a8c62e6b7f7aa34889d27c
json.JsonPureStringParser.readObject()json.JsonObject -1 graphSignature differs 41f4261d6b775d566c0a1419ffb67cfb082923d2d23d20e82534fed65c9923bd != 8705c84d1a8819c3926658b8fbaa63c53e923634c35b2db95d04795d6750e621
Json: iterations=1 runtime: 417627us
Json: iterations=2 runtime: 65459us
Json: iterations=3 runtime: 78297us
Json: iterations=4 runtime: 61048us
Json: iterations=5 runtime: 65026us
Json: iterations=6 runtime: 61126us
Json: iterations=7 runtime: 60906us
Json: iterations=8 runtime: 60634us
Json: iterations=9 runtime: 62428us
Json: iterations=10 runtime: 61915us
Json: iterations=11 runtime: 60785us
Json: iterations=12 runtime: 61978us
Json: iterations=13 runtime: 60718us
Json: iterations=14 runtime: 59559us
Json: iterations=15 runtime: 60802us
Json: iterations=16 runtime: 60620us
Json: iterations=17 runtime: 62024us
Json: iterations=18 runtime: 59779us
Json: iterations=19 runtime: 60628us
Json: iterations=20 runtime: 60555us
Json: iterations=21 runtime: 60667us
Json: iterations=22 runtime: 60736us
json.JsonObject.get(java.lang.String)json.JsonValue -1 graphSignature differs f546ff587f660f46a77a020135763aa9840b8827bfebb19ef108db29550b3fdc != b36733c1861b70caa410e65f544d7eaf4658e7ed709489b3e075a6f576c90f65
Json: iterations=23 runtime: 91586us
Json: iterations=24 runtime: 60480us
Json: iterations=25 runtime: 60417us
Json: iterations=26 runtime: 59564us
Json: iterations=27 runtime: 60262us
Json: iterations=28 runtime: 60196us
Json: iterations=29 runtime: 59974us
Json: iterations=30 runtime: 59493us
Json: iterations=31 runtime: 60387us
Json: iterations=32 runtime: 60298us
Json: iterations=33 runtime: 63085us
Json: iterations=34 runtime: 59454us
Json: iterations=35 runtime: 59859us
Json: iterations=36 runtime: 60039us
Json: iterations=37 runtime: 60172us
Json: iterations=38 runtime: 59478us
Json: iterations=39 runtime: 60041us
Json: iterations=40 runtime: 60078us
Json: iterations=41 runtime: 59872us
Json: iterations=42 runtime: 59440us
Json: iterations=43 runtime: 60047us
Json: iterations=44 runtime: 59978us
Json: iterations=45 runtime: 60258us
Json: iterations=46 runtime: 59407us
Json: iterations=47 runtime: 60067us
Json: iterations=48 runtime: 59873us
Json: iterations=49 runtime: 60297us
Json: iterations=50 runtime: 59937us
Json: iterations=51 runtime: 59500us
Json: iterations=52 runtime: 59912us
Json: iterations=53 runtime: 59896us
Json: iterations=54 runtime: 60068us
Json: iterations=55 runtime: 59414us
Json: iterations=56 runtime: 59948us
Json: iterations=57 runtime: 59930us
Json: iterations=58 runtime: 60031us
Json: iterations=59 runtime: 59892us
Json: iterations=60 runtime: 60195us
Json: iterations=61 runtime: 60213us
Json: iterations=62 runtime: 67028us
Json: iterations=63 runtime: 65556us
Json: iterations=64 runtime: 61274us
Json: iterations=65 runtime: 59770us
Json: iterations=66 runtime: 59870us
Json: iterations=67 runtime: 59213us
Could not locate BlockSlowdown.json
Skipping Loading (this might cause a fatal crash if GTSlowdown is on)
Json.verifyResult(java.lang.Object)boolean -1 graphSignature differs e2b84bd8e1a178c2e15da0e0b323419b330533e6b4c2260ffd940df475d9e332 != 5ab555736708d7124a137cce3b965c4db8555bb2ff408eaf5dccffaec2b2ebce
Json: iterations=68 runtime: 115240us
Json: iterations=69 runtime: 59934us
Json: iterations=70 runtime: 59726us
Json: iterations=71 runtime: 59169us
Json: iterations=72 runtime: 59689us
Json: iterations=73 runtime: 59688us
Json: iterations=74 runtime: 59874us
Json: iterations=75 runtime: 59237us
Json: iterations=76 runtime: 59709us
Json: iterations=77 runtime: 59576us
Json: iterations=78 runtime: 59821us
Json: iterations=79 runtime: 59335us
Json: iterations=80 runtime: 59942us
Json: iterations=81 runtime: 59684us
Json: iterations=82 runtime: 59901us
Json: iterations=83 runtime: 59245us
Json: iterations=84 runtime: 59846us
Json: iterations=85 runtime: 59996us
Json: iterations=86 runtime: 59862us
Json: iterations=87 runtime: 59211us
Json: iterations=88 runtime: 59720us
Json: iterations=89 runtime: 59842us
Json: iterations=90 runtime: 59796us
Could not locate BlockSlowdown.json
Skipping Loading (this might cause a fatal crash if GTSlowdown is on)
Json: iterations=91 runtime: 59301us
Json: iterations=92 runtime: 60272us
Json: iterations=93 runtime: 59875us
Json: iterations=94 runtime: 59876us
Json: iterations=95 runtime: 59326us
Json: iterations=96 runtime: 59629us
Json: iterations=97 runtime: 59760us
Json: iterations=98 runtime: 59732us
Json: iterations=99 runtime: 59287us
Json: iterations=100 runtime: 59858us
Json: iterations=101 runtime: 59752us
Json: iterations=102 runtime: 59707us
Json: iterations=103 runtime: 59285us
Json: iterations=104 runtime: 59897us
Json: iterations=105 runtime: 59824us
Json: iterations=106 runtime: 59720us
Json: iterations=107 runtime: 59236us
Json: iterations=108 runtime: 59641us
Json: iterations=109 runtime: 59934us
Json: iterations=110 runtime: 59723us
Json: iterations=111 runtime: 59248us
Json: iterations=112 runtime: 59762us
Json: iterations=113 runtime: 59839us
Json: iterations=114 runtime: 59870us
Json: iterations=115 runtime: 59253us
Json: iterations=116 runtime: 60061us
Json: iterations=117 runtime: 59782us
Json: iterations=118 runtime: 59775us
Json: iterations=119 runtime: 59248us
Json: iterations=120 runtime: 59717us
Json: iterations=121 runtime: 60020us
Json: iterations=122 runtime: 59809us
Json: iterations=123 runtime: 59468us
Json: iterations=124 runtime: 59751us
Json: iterations=125 runtime: 59839us
Json: iterations=126 runtime: 59948us
Could not locate BlockSlowdown.json
Skipping Loading (this might cause a fatal crash if GTSlowdown is on)
Json: iterations=127 runtime: 59440us
Json: iterations=128 runtime: 60322us
Json: iterations=129 runtime: 60126us
Json: iterations=130 runtime: 59873us
Json: iterations=131 runtime: 60043us
Json: iterations=132 runtime: 59423us
Json: iterations=133 runtime: 59927us
Json: iterations=134 runtime: 59790us
Json: iterations=135 runtime: 59789us
Json: iterations=136 runtime: 59371us
Json: iterations=137 runtime: 59886us
Json: iterations=138 runtime: 60068us
Json: iterations=139 runtime: 59806us
Json: iterations=140 runtime: 59369us
Json: iterations=141 runtime: 60457us
Json: iterations=142 runtime: 60190us
Json: iterations=143 runtime: 59896us
Json: iterations=144 runtime: 59787us
Json: iterations=145 runtime: 60206us
Json: iterations=146 runtime: 60200us
Json: iterations=147 runtime: 59966us
Json: iterations=148 runtime: 59400us
Json: iterations=149 runtime: 60012us
Json: iterations=150 runtime: 59988us
Json: iterations=151 runtime: 59886us
Json: iterations=152 runtime: 59420us
Json: iterations=153 runtime: 60021us
Json: iterations=154 runtime: 60008us
Json: iterations=155 runtime: 60017us
Json: iterations=156 runtime: 59339us
Json: iterations=157 runtime: 60224us
Json: iterations=158 runtime: 60000us
Json: iterations=159 runtime: 60084us
Json: iterations=160 runtime: 59350us
Json: iterations=161 runtime: 60222us
Json: iterations=162 runtime: 60123us
Json: iterations=163 runtime: 59927us
Json: iterations=164 runtime: 59366us
Json: iterations=165 runtime: 59958us
Json: iterations=166 runtime: 60130us
Json: iterations=167 runtime: 59740us
Json: iterations=168 runtime: 59222us
Json: iterations=169 runtime: 60254us
Json: iterations=170 runtime: 59988us
Json: iterations=171 runtime: 59861us
Json: iterations=172 runtime: 59317us
Json: iterations=173 runtime: 59868us
Json: iterations=174 runtime: 60036us
Json: iterations=175 runtime: 60019us
Json: iterations=176 runtime: 59310us
Json: iterations=177 runtime: 59925us
Json: iterations=178 runtime: 59994us
Json: iterations=179 runtime: 60111us
Json: iterations=180 runtime: 59223us
Json: iterations=181 runtime: 59987us
Json: iterations=182 runtime: 60204us
Json: iterations=183 runtime: 59840us
Json: iterations=184 runtime: 59378us
Json: iterations=185 runtime: 60060us
Json: iterations=186 runtime: 60161us
Json: iterations=187 runtime: 59944us
Json: iterations=188 runtime: 59323us
Json: iterations=189 runtime: 59759us
Json: iterations=190 runtime: 60061us
Json: iterations=191 runtime: 59784us
Json: iterations=192 runtime: 59212us
Json: iterations=193 runtime: 59754us
Json: iterations=194 runtime: 59936us
Json: iterations=195 runtime: 59836us
Json: iterations=196 runtime: 59167us
Json: iterations=197 runtime: 59755us
Json: iterations=198 runtime: 60182us
Json: iterations=199 runtime: 59897us
Json: iterations=200 runtime: 59226us
Json: iterations=201 runtime: 59942us
Json: iterations=202 runtime: 59931us
Json: iterations=203 runtime: 59899us
Json: iterations=204 runtime: 59349us
Could not locate BlockSlowdown.json
Skipping Loading (this might cause a fatal crash if GTSlowdown is on)
Benchmark.innerBenchmarkLoop(int)boolean -1 graphSignature differs 9bb7cbc4845736790f967e52b717e700916860f982023d21bdd73dc6323f693d != 7f57bc038ccd34c3e1c3db0191b400e7747cfd5311dfd8248ac5451969c78709
Json: iterations=205 runtime: 151440us
Json: iterations=206 runtime: 60001us
Json: iterations=207 runtime: 59718us
Json: iterations=208 runtime: 59201us
Json: iterations=209 runtime: 59876us
Json: iterations=210 runtime: 60057us
Json: iterations=211 runtime: 60140us
Json: iterations=212 runtime: 59956us
Json: iterations=213 runtime: 59287us
Json: iterations=214 runtime: 59780us
Json: iterations=215 runtime: 59741us
Json: iterations=216 runtime: 59920us
Json: iterations=217 runtime: 59265us
Json: iterations=218 runtime: 59799us
Json: iterations=219 runtime: 59794us
Json: iterations=220 runtime: 59768us
Json: iterations=221 runtime: 59303us
Json: iterations=222 runtime: 59928us
Json: iterations=223 runtime: 60493us
Json: iterations=224 runtime: 61229us
Json: iterations=225 runtime: 59608us
Json: iterations=226 runtime: 60457us
Json: iterations=227 runtime: 60178us
Json: iterations=228 runtime: 60048us
Json: iterations=229 runtime: 59232us
Json: iterations=230 runtime: 59783us
Json: iterations=231 runtime: 59911us
Json: iterations=232 runtime: 59961us
Json: iterations=233 runtime: 59187us
Json: iterations=234 runtime: 59920us
Json: iterations=235 runtime: 59924us
Json: iterations=236 runtime: 59894us
Json: iterations=237 runtime: 59253us
Json: iterations=238 runtime: 60032us
Json: iterations=239 runtime: 59761us
Json: iterations=240 runtime: 59834us
Json: iterations=241 runtime: 59263us
Json: iterations=242 runtime: 59948us
Json: iterations=243 runtime: 59765us
Json: iterations=244 runtime: 59741us
Json: iterations=245 runtime: 59297us
Json: iterations=246 runtime: 60007us
Json: iterations=247 runtime: 59873us
Json: iterations=248 runtime: 59829us
Json: iterations=249 runtime: 59170us
Json: iterations=250 runtime: 59848us
Json: iterations=251 runtime: 59977us
Json: iterations=252 runtime: 60035us
Json: iterations=253 runtime: 59211us
Json: iterations=254 runtime: 60163us
Json: iterations=255 runtime: 59974us
Json: iterations=256 runtime: 59811us
Json: iterations=257 runtime: 59178us
Json: iterations=258 runtime: 59967us
Json: iterations=259 runtime: 59723us
Json: iterations=260 runtime: 59613us
Json: iterations=261 runtime: 59303us
Json: iterations=262 runtime: 59771us
Json: iterations=263 runtime: 59758us
Json: iterations=264 runtime: 59780us
Json: iterations=265 runtime: 59160us
Json: iterations=266 runtime: 59709us
Json: iterations=267 runtime: 59662us
Json: iterations=268 runtime: 59591us
Json: iterations=269 runtime: 59115us
Json: iterations=270 runtime: 59812us
Json: iterations=271 runtime: 60319us
Json: iterations=272 runtime: 60066us
Json: iterations=273 runtime: 59240us
Json: iterations=274 runtime: 60145us
Json: iterations=275 runtime: 60212us
Json: iterations=276 runtime: 60059us
Json: iterations=277 runtime: 59180us
Json: iterations=278 runtime: 59967us
Json: iterations=279 runtime: 59928us
Json: iterations=280 runtime: 59860us
Json: iterations=281 runtime: 59133us
Json: iterations=282 runtime: 60104us
Json: iterations=283 runtime: 60066us
Json: iterations=284 runtime: 59843us
Json: iterations=285 runtime: 59184us
Json: iterations=286 runtime: 59878us
Json: iterations=287 runtime: 59934us
Json: iterations=288 runtime: 59984us
Json: iterations=289 runtime: 59966us
Json: iterations=290 runtime: 59198us
Json: iterations=291 runtime: 59840us
Json: iterations=292 runtime: 60955us
Json: iterations=293 runtime: 60249us
Json: iterations=294 runtime: 59382us
Json: iterations=295 runtime: 60041us
Json: iterations=296 runtime: 59916us
Json: iterations=297 runtime: 60143us
Json: iterations=298 runtime: 59386us
Json: iterations=299 runtime: 59812us
Json: iterations=300 runtime: 60156us
Json: iterations=301 runtime: 60160us
Json: iterations=302 runtime: 59231us
Json: iterations=303 runtime: 59901us
Json: iterations=304 runtime: 59893us
Json: iterations=305 runtime: 59963us
Json: iterations=306 runtime: 59258us
Json: iterations=307 runtime: 60645us
Json: iterations=308 runtime: 60422us
Json: iterations=309 runtime: 60098us
Json: iterations=310 runtime: 59912us
Json: iterations=311 runtime: 60275us
Json: iterations=312 runtime: 60120us
Json: iterations=313 runtime: 59882us
Json: iterations=314 runtime: 59419us
Json: iterations=315 runtime: 59815us
Json: iterations=316 runtime: 59696us
Json: iterations=317 runtime: 59879us
Json: iterations=318 runtime: 59374us
Json: iterations=319 runtime: 59969us
Json: iterations=320 runtime: 59832us
Json: iterations=321 runtime: 59831us
Json: iterations=322 runtime: 59352us
Json: iterations=323 runtime: 59785us
Json: iterations=324 runtime: 59963us
Json: iterations=325 runtime: 59801us
Json: iterations=326 runtime: 59348us
Json: iterations=327 runtime: 59766us
Json: iterations=328 runtime: 59949us
Json: iterations=329 runtime: 59838us
Json: iterations=330 runtime: 59370us
Json: iterations=331 runtime: 59916us
Json: iterations=332 runtime: 59797us
Json: iterations=333 runtime: 59764us
Json: iterations=334 runtime: 59390us
Json: iterations=335 runtime: 59795us
Json: iterations=336 runtime: 59819us
Json: iterations=337 runtime: 59747us
Json: iterations=338 runtime: 59371us
Json: iterations=339 runtime: 59945us
Json: iterations=340 runtime: 59794us
Json: iterations=341 runtime: 59986us
Json: iterations=342 runtime: 59229us
Json: iterations=343 runtime: 59712us
Json: iterations=344 runtime: 59764us
Json: iterations=345 runtime: 59746us
Json: iterations=346 runtime: 59183us
Json: iterations=347 runtime: 59633us
Json: iterations=348 runtime: 59933us
Json: iterations=349 runtime: 59663us
Json: iterations=350 runtime: 59193us
Json: iterations=351 runtime: 59768us
Json: iterations=352 runtime: 59747us
Json: iterations=353 runtime: 59746us
Json: iterations=354 runtime: 59201us
Json: iterations=355 runtime: 59801us
Json: iterations=356 runtime: 59727us
Json: iterations=357 runtime: 59677us
Json: iterations=358 runtime: 59324us
Json: iterations=359 runtime: 59538us
Json: iterations=360 runtime: 59770us
Json: iterations=361 runtime: 59788us
Json: iterations=362 runtime: 59239us
Json: iterations=363 runtime: 59825us
Json: iterations=364 runtime: 59738us
Json: iterations=365 runtime: 59847us
Json: iterations=366 runtime: 59158us
Json: iterations=367 runtime: 59780us
Json: iterations=368 runtime: 59907us
Json: iterations=369 runtime: 59698us
Json: iterations=370 runtime: 59623us
Json: iterations=371 runtime: 59328us
Json: iterations=372 runtime: 59855us
Json: iterations=373 runtime: 59822us
Json: iterations=374 runtime: 59821us
Json: iterations=375 runtime: 59345us
Json: iterations=376 runtime: 59972us
Json: iterations=377 runtime: 59836us
Json: iterations=378 runtime: 59690us
Json: iterations=379 runtime: 59144us
Json: iterations=380 runtime: 59567us
Json: iterations=381 runtime: 59564us
Json: iterations=382 runtime: 59576us
Json: iterations=383 runtime: 59096us
Json: iterations=384 runtime: 59684us
Json: iterations=385 runtime: 59769us
Json: iterations=386 runtime: 59752us
Json: iterations=387 runtime: 59175us
Json: iterations=388 runtime: 59741us
Json: iterations=389 runtime: 59815us
Json: iterations=390 runtime: 64735us
Json: iterations=391 runtime: 75893us
Json: iterations=392 runtime: 60226us
Json: iterations=393 runtime: 60274us
Json: iterations=394 runtime: 59936us
Json: iterations=395 runtime: 59190us
Json: iterations=396 runtime: 59969us
Json: iterations=397 runtime: 59714us
Json: iterations=398 runtime: 59869us
Json: iterations=399 runtime: 59181us
Json: iterations=400 runtime: 59982us
Json: iterations=401 runtime: 59926us
Json: iterations=402 runtime: 59753us
Json: iterations=403 runtime: 59328us
Json: iterations=404 runtime: 59884us
Json: iterations=405 runtime: 59930us
Json: iterations=406 runtime: 59721us
Json: iterations=407 runtime: 59208us
Json: iterations=408 runtime: 60023us
Json: iterations=409 runtime: 59771us
Json: iterations=410 runtime: 59681us
Json: iterations=411 runtime: 59216us
Json: iterations=412 runtime: 60060us
Json: iterations=413 runtime: 59862us
Json: iterations=414 runtime: 59881us
Json: iterations=415 runtime: 59265us
Json: iterations=416 runtime: 59697us
Json: iterations=417 runtime: 59721us
Json: iterations=418 runtime: 59643us
Json: iterations=419 runtime: 59131us
Json: iterations=420 runtime: 59735us
Json: iterations=421 runtime: 59703us
Json: iterations=422 runtime: 59631us
Json: iterations=423 runtime: 59148us
Json: iterations=424 runtime: 59782us
Json: iterations=425 runtime: 59945us
Json: iterations=426 runtime: 59735us
Json: iterations=427 runtime: 59176us
Json: iterations=428 runtime: 59897us
Json: iterations=429 runtime: 59790us
Could not locate BlockSlowdown.json
Skipping Loading (this might cause a fatal crash if GTSlowdown is on)
Json: iterations=430 runtime: 59697us
Json: iterations=431 runtime: 59246us
Json: iterations=432 runtime: 59996us
Json: iterations=433 runtime: 60039us
Json: iterations=434 runtime: 59789us
Json: iterations=435 runtime: 64829us
Json: iterations=436 runtime: 65319us
Json: iterations=437 runtime: 62324us
Json: iterations=438 runtime: 59894us
Json: iterations=439 runtime: 59165us
Json: iterations=440 runtime: 60028us
Json: iterations=441 runtime: 59719us
Json: iterations=442 runtime: 59663us
Json: iterations=443 runtime: 59163us
Json: iterations=444 runtime: 59775us
Json: iterations=445 runtime: 59675us
Json: iterations=446 runtime: 59696us
Json: iterations=447 runtime: 59206us
Json: iterations=448 runtime: 59646us
Json: iterations=449 runtime: 59936us
Json: iterations=450 runtime: 59699us
Json: iterations=451 runtime: 59714us
Json: iterations=452 runtime: 59278us
Json: iterations=453 runtime: 59634us
Json: iterations=454 runtime: 59633us
Json: iterations=455 runtime: 59682us
Json: iterations=456 runtime: 59158us
Json: iterations=457 runtime: 59751us
Json: iterations=458 runtime: 59859us
Json: iterations=459 runtime: 59820us
Json: iterations=460 runtime: 59239us
Json: iterations=461 runtime: 59736us
Json: iterations=462 runtime: 59767us
Json: iterations=463 runtime: 59634us
Json: iterations=464 runtime: 59226us
Json: iterations=465 runtime: 59644us
Json: iterations=466 runtime: 59609us
Json: iterations=467 runtime: 59748us
Json: iterations=468 runtime: 59169us
Json: iterations=469 runtime: 59665us
Json: iterations=470 runtime: 59658us
Json: iterations=471 runtime: 59752us
Json: iterations=472 runtime: 59216us
Json: iterations=473 runtime: 60152us
Json: iterations=474 runtime: 60095us
Json: iterations=475 runtime: 59965us
Json: iterations=476 runtime: 59569us
Json: iterations=477 runtime: 59922us
Json: iterations=478 runtime: 60102us
Json: iterations=479 runtime: 59708us
Json: iterations=480 runtime: 59188us
Json: iterations=481 runtime: 59758us
Json: iterations=482 runtime: 59804us
Json: iterations=483 runtime: 59634us
Json: iterations=484 runtime: 59221us
Json: iterations=485 runtime: 59916us
Json: iterations=486 runtime: 59733us
Json: iterations=487 runtime: 59663us
Json: iterations=488 runtime: 59205us
Json: iterations=489 runtime: 59719us
Json: iterations=490 runtime: 59691us
Json: iterations=491 runtime: 59770us
Json: iterations=492 runtime: 59192us
Json: iterations=493 runtime: 59698us
Json: iterations=494 runtime: 59602us
Json: iterations=495 runtime: 59687us
Json: iterations=496 runtime: 59195us
Json: iterations=497 runtime: 59856us
Json: iterations=498 runtime: 59867us
Json: iterations=499 runtime: 59730us
Json: iterations=500 runtime: 59243us
Could not locate BlockSlowdown.json
Skipping Loading (this might cause a fatal crash if GTSlowdown is on)
Json: iterations=500 average: 61031us total: 30515652us


Total Runtime: 30515652us
Bubo.RDTSC.Harness.main Total RDTSC cycles: 101348779320
