[Use -Djdk.graal.LogFile=<path> to redirect Graal log output to a file.]
Requesting uncached profile for bci 32 in java.util.ImmutableCollections$SetN$SetNIterator.next()java.lang.Object method getBytecodeProfile
Requesting uncached profile for bci 32 in java.util.ImmutableCollections$SetN$SetNIterator.next()java.lang.Object method getBranchTakenProbability
java.util.ImmutableCollections$SetN$SetNIterator.next()java.lang.Object -1 graphSignature differs dd493989519e7f328311cfecc7abfe1946186eaebdea7e8b59878a8ba9e25a26 != 920e12a7ee41cc3a0a3487d03bd48833bfc4e8d416bdbae7234f8ba199084b4d
java.util.HashMap.putVal(int, java.lang.Object, java.lang.Object, boolean, boolean)java.lang.Object -1 graphSignature differs 5a74e12f320f5360d51b0bb3946f087ce2dce5afa144b15d312a3acc1621c4cf != 27ba10a12906ca5a4eaa0ddbdb8cdbd97a0a183d21916ae0dce244a079058c87
java.lang.String.equals(java.lang.Object)boolean -1 graphSignature differs 4c609eb6df537dd4055d7bd8758e6088351cb9cc47b118ef627e4c0368adeb1b != 98a5118c22c3d9af130515da0cdd48a4fdd27c2643d15ea2823174f2036f7cad
Starting Json benchmark ...
Requesting uncached profile for bci 59 in java.lang.String.<init>(java.lang.AbstractStringBuilder, java.lang.Void)void method getBytecodeProfile
Requesting uncached profile for bci 59 in java.lang.String.<init>(java.lang.AbstractStringBuilder, java.lang.Void)void method getExceptionSeen
Requesting not cached profile for java.lang.StringUTF16.coderFromArrayLen(byte[], int)byte
Requesting uncached profile for bci 2 in java.lang.StringUTF16.coderFromArrayLen(byte[], int)byte method getBytecodeProfile
Requesting uncached profile for bci 2 in java.lang.StringUTF16.coderFromArrayLen(byte[], int)byte method getExceptionSeen
Requesting uncached profile for bci 59 in java.lang.String.<init>(java.lang.AbstractStringBuilder, java.lang.Void)void method getBytecodeProfile
Requesting uncached profile for bci 59 in java.lang.String.<init>(java.lang.AbstractStringBuilder, java.lang.Void)void method getExceptionSeen
Requesting not cached profile for java.lang.StringUTF16.coderFromArrayLen(byte[], int)byte
Requesting uncached profile for bci 2 in java.lang.StringUTF16.coderFromArrayLen(byte[], int)byte method getBytecodeProfile
Requesting uncached profile for bci 2 in java.lang.StringUTF16.coderFromArrayLen(byte[], int)byte method getExceptionSeen
jdk.internal.util.ArraysSupport.hashCodeOfUnsigned(byte[], int, int, int)int -1 graphSignature differs a9c7171b8bab8793a169e6092f5f95d7918e66e622deab14fc914678ba22ee64 != 6e29d04165d9830d57c5fbce128560e5dbb41be601d774ff5fc16292213e7870
som.Vector.append(java.lang.Object)void -1 graphSignature differs 110defb74f19a69b99cfa19de20a0e7b1ae13c1121750bac638e59b5fce015cd != a11f92cafd93c43bed03ba0cd50681df62f7df0583a3a940639f7992fcc87161
json.JsonArray.add(json.JsonValue)json.JsonArray -1 graphSignature differs 4b17db212289a1e286a8f5616c588a2ac544e787c794e6fcc585b126bd34277f != 7cc82dfedd9f73863fa4f856cd8751a8997be208e089dc78265f0a40407ece51
json.JsonPureStringParser.readArray()json.JsonArray -1 graphSignature differs 99f769374468004994d68be680bf520d33fc75f5cf7091e56517b613f5070809 != 9f055744543be9349c73c20e9cb2d79ea915b5cf8a1f8778f1b2cb7f5ee52f76
Requesting uncached profile for bci 59 in java.lang.String.<init>(java.lang.AbstractStringBuilder, java.lang.Void)void method getBytecodeProfile
Requesting uncached profile for bci 59 in java.lang.String.<init>(java.lang.AbstractStringBuilder, java.lang.Void)void method getExceptionSeen
Requesting not cached profile for java.lang.StringUTF16.coderFromArrayLen(byte[], int)byte
Requesting uncached profile for bci 2 in java.lang.StringUTF16.coderFromArrayLen(byte[], int)byte method getBytecodeProfile
Requesting uncached profile for bci 2 in java.lang.StringUTF16.coderFromArrayLen(byte[], int)byte method getExceptionSeen
json.JsonObject.add(java.lang.String, json.JsonValue)json.JsonObject -1 graphSignature differs 71283d45a953dde34b5cf582c0879a8c30f51e57659ffe625af277e844bba72c != b030258abb6d4666587435fb23f6d5b53b3cc959c3a8c62e6b7f7aa34889d27c
json.JsonPureStringParser.readObject()json.JsonObject -1 graphSignature differs 41f4261d6b775d566c0a1419ffb67cfb082923d2d23d20e82534fed65c9923bd != 8705c84d1a8819c3926658b8fbaa63c53e923634c35b2db95d04795d6750e621
Json: iterations=1 runtime: 490067us
Json: iterations=2 runtime: 128438us
Json: iterations=3 runtime: 150311us
Json: iterations=4 runtime: 124056us
Json: iterations=5 runtime: 123931us
Json: iterations=6 runtime: 123992us
Json: iterations=7 runtime: 123928us
Json: iterations=8 runtime: 125034us
Json: iterations=9 runtime: 123905us
Json: iterations=10 runtime: 123867us
Json: iterations=11 runtime: 123821us
Json: iterations=12 runtime: 132069us
Json: iterations=13 runtime: 123803us
Json: iterations=14 runtime: 124646us
Json: iterations=15 runtime: 124558us
Json: iterations=16 runtime: 123575us
Json: iterations=17 runtime: 123583us
Json: iterations=18 runtime: 123501us
Json: iterations=19 runtime: 123478us
Json: iterations=20 runtime: 123508us
Json: iterations=21 runtime: 132498us
Json: iterations=22 runtime: 131408us
json.JsonObject.get(java.lang.String)json.JsonValue -1 graphSignature differs f546ff587f660f46a77a020135763aa9840b8827bfebb19ef108db29550b3fdc != b36733c1861b70caa410e65f544d7eaf4658e7ed709489b3e075a6f576c90f65
Json: iterations=23 runtime: 176344us
Json: iterations=24 runtime: 123362us
Json: iterations=25 runtime: 123297us
Json: iterations=26 runtime: 123221us
Json: iterations=27 runtime: 123099us
Json: iterations=28 runtime: 123222us
Json: iterations=29 runtime: 123192us
Json: iterations=30 runtime: 123309us
Json: iterations=31 runtime: 122935us
Json: iterations=32 runtime: 122933us
Json: iterations=33 runtime: 142570us
Json: iterations=34 runtime: 122941us
Json: iterations=35 runtime: 122870us
Json: iterations=36 runtime: 123121us
Json: iterations=37 runtime: 123874us
Json: iterations=38 runtime: 123422us
Json: iterations=39 runtime: 123499us
Json: iterations=40 runtime: 123143us
Json: iterations=41 runtime: 123592us
Json: iterations=42 runtime: 123104us
Json: iterations=43 runtime: 123032us
Json: iterations=44 runtime: 123715us
Json: iterations=45 runtime: 123268us
Json: iterations=46 runtime: 123063us
Json: iterations=47 runtime: 123163us
Json: iterations=48 runtime: 123148us
Json: iterations=49 runtime: 123057us
Json: iterations=50 runtime: 122969us
Json: iterations=51 runtime: 123647us
Json: iterations=52 runtime: 122954us
Json: iterations=53 runtime: 123040us
Json: iterations=54 runtime: 123063us
Json: iterations=55 runtime: 123034us
Json: iterations=56 runtime: 123194us
Json: iterations=57 runtime: 123004us
Json: iterations=58 runtime: 123483us
Json: iterations=59 runtime: 123102us
Json: iterations=60 runtime: 122954us
Json: iterations=61 runtime: 123319us
Json: iterations=62 runtime: 123190us
Json: iterations=63 runtime: 123159us
Json: iterations=64 runtime: 123064us
Json: iterations=65 runtime: 123523us
Json: iterations=66 runtime: 123155us
Json: iterations=67 runtime: 122934us
Json.verifyResult(java.lang.Object)boolean -1 graphSignature differs e2b84bd8e1a178c2e15da0e0b323419b330533e6b4c2260ffd940df475d9e332 != 5ab555736708d7124a137cce3b965c4db8555bb2ff408eaf5dccffaec2b2ebce
Json: iterations=68 runtime: 187585us
Json: iterations=69 runtime: 129977us
Json: iterations=70 runtime: 124366us
Json: iterations=71 runtime: 122933us
Json: iterations=72 runtime: 123406us
Json: iterations=73 runtime: 122803us
Json: iterations=74 runtime: 123158us
Json: iterations=75 runtime: 122996us
Json: iterations=76 runtime: 123896us
Json: iterations=77 runtime: 123563us
Json: iterations=78 runtime: 123185us
Json: iterations=79 runtime: 123193us
Json: iterations=80 runtime: 123314us
Json: iterations=81 runtime: 122810us
Json: iterations=82 runtime: 122946us
Json: iterations=83 runtime: 122779us
Json: iterations=84 runtime: 122793us
Json: iterations=85 runtime: 122702us
Json: iterations=86 runtime: 122958us
Json: iterations=87 runtime: 123210us
Json: iterations=88 runtime: 122709us
Json: iterations=89 runtime: 122905us
Json: iterations=90 runtime: 122734us
Json: iterations=91 runtime: 122643us
Json: iterations=92 runtime: 123135us
Json: iterations=93 runtime: 122675us
Json: iterations=94 runtime: 123049us
Json: iterations=95 runtime: 122696us
Json: iterations=96 runtime: 122630us
Json: iterations=97 runtime: 122629us
Json: iterations=98 runtime: 122694us
Json: iterations=99 runtime: 122611us
Json: iterations=100 runtime: 122602us
Json: iterations=101 runtime: 123307us
Json: iterations=102 runtime: 122699us
Json: iterations=103 runtime: 122559us
Json: iterations=104 runtime: 122710us
Json: iterations=105 runtime: 122637us
Json: iterations=106 runtime: 122548us
Json: iterations=107 runtime: 122754us
Json: iterations=108 runtime: 123199us
Json: iterations=109 runtime: 122655us
Json: iterations=110 runtime: 122794us
Json: iterations=111 runtime: 122627us
Json: iterations=112 runtime: 122638us
Json: iterations=113 runtime: 122714us
Json: iterations=114 runtime: 122846us
Json: iterations=115 runtime: 123141us
Json: iterations=116 runtime: 122839us
Json: iterations=117 runtime: 123087us
Json: iterations=118 runtime: 122873us
Json: iterations=119 runtime: 123294us
Json: iterations=120 runtime: 122910us
Json: iterations=121 runtime: 122715us
Json: iterations=122 runtime: 123103us
Json: iterations=123 runtime: 122723us
Json: iterations=124 runtime: 122764us
Json: iterations=125 runtime: 123004us
Json: iterations=126 runtime: 122776us
Json: iterations=127 runtime: 122715us
Json: iterations=128 runtime: 123125us
Json: iterations=129 runtime: 123214us
Json: iterations=130 runtime: 122783us
Json: iterations=131 runtime: 123018us
Json: iterations=132 runtime: 122760us
Json: iterations=133 runtime: 122651us
Json: iterations=134 runtime: 122868us
Json: iterations=135 runtime: 122787us
Json: iterations=136 runtime: 122785us
Json: iterations=137 runtime: 123260us
Json: iterations=138 runtime: 122682us
Json: iterations=139 runtime: 122719us
Json: iterations=140 runtime: 122804us
Json: iterations=141 runtime: 122785us
Json: iterations=142 runtime: 122715us
Json: iterations=143 runtime: 123082us
Json: iterations=144 runtime: 123214us
Json: iterations=145 runtime: 122785us
Json: iterations=146 runtime: 122803us
Json: iterations=147 runtime: 122881us
Json: iterations=148 runtime: 122816us
Json: iterations=149 runtime: 122799us
Json: iterations=150 runtime: 122723us
Json: iterations=151 runtime: 123225us
Json: iterations=152 runtime: 122774us
Json: iterations=153 runtime: 122744us
Json: iterations=154 runtime: 122717us
Json: iterations=155 runtime: 122762us
Json: iterations=156 runtime: 122816us
Json: iterations=157 runtime: 122882us
Json: iterations=158 runtime: 124031us
Json: iterations=159 runtime: 123277us
Json: iterations=160 runtime: 123321us
Json: iterations=161 runtime: 123150us
Json: iterations=162 runtime: 123097us
Json: iterations=163 runtime: 122982us
Json: iterations=164 runtime: 123329us
Json: iterations=165 runtime: 123625us
Json: iterations=166 runtime: 123356us
Json: iterations=167 runtime: 123190us
Json: iterations=168 runtime: 122932us
Json: iterations=169 runtime: 122938us
Json: iterations=170 runtime: 123105us
Json: iterations=171 runtime: 123395us
Json: iterations=172 runtime: 124093us
Json: iterations=173 runtime: 123149us
Json: iterations=174 runtime: 122927us
Json: iterations=175 runtime: 123024us
Json: iterations=176 runtime: 123274us
Json: iterations=177 runtime: 123092us
Json: iterations=178 runtime: 123132us
Json: iterations=179 runtime: 124177us
Json: iterations=180 runtime: 123172us
Json: iterations=181 runtime: 122960us
Json: iterations=182 runtime: 122905us
Json: iterations=183 runtime: 122781us
Json: iterations=184 runtime: 122804us
Json: iterations=185 runtime: 122785us
Json: iterations=186 runtime: 122837us
Json: iterations=187 runtime: 123221us
Json: iterations=188 runtime: 122832us
Json: iterations=189 runtime: 122765us
Json: iterations=190 runtime: 122843us
Json: iterations=191 runtime: 122874us
Json: iterations=192 runtime: 122714us
Json: iterations=193 runtime: 126748us
Json: iterations=194 runtime: 123457us
Json: iterations=195 runtime: 122870us
Json: iterations=196 runtime: 122888us
Json: iterations=197 runtime: 122711us
Json: iterations=198 runtime: 122909us
Json: iterations=199 runtime: 122872us
Json: iterations=200 runtime: 123472us
Json: iterations=201 runtime: 123223us
Json: iterations=202 runtime: 122788us
Json: iterations=203 runtime: 122747us
Json: iterations=204 runtime: 122892us
Benchmark.innerBenchmarkLoop(int)boolean -1 graphSignature differs 9bb7cbc4845736790f967e52b717e700916860f982023d21bdd73dc6323f693d != 7f57bc038ccd34c3e1c3db0191b400e7747cfd5311dfd8248ac5451969c78709
Json: iterations=205 runtime: 222610us
Json: iterations=206 runtime: 123281us
Json: iterations=207 runtime: 122953us
Json: iterations=208 runtime: 123565us
Json: iterations=209 runtime: 123051us
Json: iterations=210 runtime: 122999us
Json: iterations=211 runtime: 123194us
Json: iterations=212 runtime: 123058us
Json: iterations=213 runtime: 122960us
Json: iterations=214 runtime: 122930us
Json: iterations=215 runtime: 123944us
Json: iterations=216 runtime: 122978us
Json: iterations=217 runtime: 123067us
Json: iterations=218 runtime: 122878us
Json: iterations=219 runtime: 123020us
Json: iterations=220 runtime: 122975us
Json: iterations=221 runtime: 123409us
Json: iterations=222 runtime: 123812us
Json: iterations=223 runtime: 123224us
Json: iterations=224 runtime: 123118us
Json: iterations=225 runtime: 123050us
Json: iterations=226 runtime: 122907us
Json: iterations=227 runtime: 123061us
Json: iterations=228 runtime: 122835us
Json: iterations=229 runtime: 123602us
Json: iterations=230 runtime: 122992us
Json: iterations=231 runtime: 122930us
Json: iterations=232 runtime: 123163us
Json: iterations=233 runtime: 123002us
Json: iterations=234 runtime: 122976us
Json: iterations=235 runtime: 122755us
Json: iterations=236 runtime: 123555us
Json: iterations=237 runtime: 123001us
Json: iterations=238 runtime: 123616us
Json: iterations=239 runtime: 123160us
Json: iterations=240 runtime: 123159us
Json: iterations=241 runtime: 122795us
Json: iterations=242 runtime: 123176us
Json: iterations=243 runtime: 123118us
Json: iterations=244 runtime: 123773us
Json: iterations=245 runtime: 122989us
Json: iterations=246 runtime: 122953us
Json: iterations=247 runtime: 123137us
Json: iterations=248 runtime: 122898us
Json: iterations=249 runtime: 123070us
Json: iterations=250 runtime: 123030us
Json: iterations=251 runtime: 123562us
Json: iterations=252 runtime: 122764us
Json: iterations=253 runtime: 123057us
Json: iterations=254 runtime: 122984us
Json: iterations=255 runtime: 122711us
Json: iterations=256 runtime: 122914us
Json: iterations=257 runtime: 122848us
Json: iterations=258 runtime: 123441us
Json: iterations=259 runtime: 122995us
Json: iterations=260 runtime: 123097us
Json: iterations=261 runtime: 122941us
Json: iterations=262 runtime: 123122us
Json: iterations=263 runtime: 122929us
Json: iterations=264 runtime: 122860us
Json: iterations=265 runtime: 123758us
Json: iterations=266 runtime: 123045us
Json: iterations=267 runtime: 122959us
Json: iterations=268 runtime: 123001us
Json: iterations=269 runtime: 122933us
Json: iterations=270 runtime: 122983us
Json: iterations=271 runtime: 122954us
Json: iterations=272 runtime: 123428us
Json: iterations=273 runtime: 122909us
Json: iterations=274 runtime: 122973us
Json: iterations=275 runtime: 122959us
Json: iterations=276 runtime: 123107us
Json: iterations=277 runtime: 123320us
Json: iterations=278 runtime: 123147us
Json: iterations=279 runtime: 123985us
Json: iterations=280 runtime: 123357us
Json: iterations=281 runtime: 123284us
Json: iterations=282 runtime: 122833us
Json: iterations=283 runtime: 122949us
Json: iterations=284 runtime: 123054us
Json: iterations=285 runtime: 122861us
Json: iterations=286 runtime: 123600us
Json: iterations=287 runtime: 123190us
Json: iterations=288 runtime: 122900us
Json: iterations=289 runtime: 123074us
Json: iterations=290 runtime: 122958us
Json: iterations=291 runtime: 122865us
Json: iterations=292 runtime: 123130us
Json: iterations=293 runtime: 122856us
Json: iterations=294 runtime: 123332us
Json: iterations=295 runtime: 123001us
Json: iterations=296 runtime: 123000us
Json: iterations=297 runtime: 122987us
Json: iterations=298 runtime: 123246us
Json: iterations=299 runtime: 123110us
Json: iterations=300 runtime: 122898us
Json: iterations=301 runtime: 123852us
Json: iterations=302 runtime: 122899us
Json: iterations=303 runtime: 122874us
Json: iterations=304 runtime: 123652us
Json: iterations=305 runtime: 123020us
Json: iterations=306 runtime: 122751us
Json: iterations=307 runtime: 123387us
Json: iterations=308 runtime: 123384us
Json: iterations=309 runtime: 122938us
Json: iterations=310 runtime: 122978us
Json: iterations=311 runtime: 122776us
Json: iterations=312 runtime: 122804us
Json: iterations=313 runtime: 122825us
Json: iterations=314 runtime: 122728us
Json: iterations=315 runtime: 122952us
Json: iterations=316 runtime: 122851us
Json: iterations=317 runtime: 122704us
Json: iterations=318 runtime: 122631us
Json: iterations=319 runtime: 123169us
Json: iterations=320 runtime: 123098us
Json: iterations=321 runtime: 123255us
Json: iterations=322 runtime: 123272us
Json: iterations=323 runtime: 122720us
Json: iterations=324 runtime: 122735us
Json: iterations=325 runtime: 123259us
Json: iterations=326 runtime: 122811us
Json: iterations=327 runtime: 122754us
Json: iterations=328 runtime: 122969us
Json: iterations=329 runtime: 124042us
Json: iterations=330 runtime: 122941us
Json: iterations=331 runtime: 123247us
Json: iterations=332 runtime: 123319us
Json: iterations=333 runtime: 122954us
Json: iterations=334 runtime: 123534us
Json: iterations=335 runtime: 123251us
Json: iterations=336 runtime: 123345us
Json: iterations=337 runtime: 122803us
Json: iterations=338 runtime: 123016us
Json: iterations=339 runtime: 122950us
Json: iterations=340 runtime: 122913us
Json: iterations=341 runtime: 122953us
Json: iterations=342 runtime: 122938us
Json: iterations=343 runtime: 123730us
Json: iterations=344 runtime: 123011us
Json: iterations=345 runtime: 123049us
Json: iterations=346 runtime: 123035us
Json: iterations=347 runtime: 122886us
Json: iterations=348 runtime: 122900us
Json: iterations=349 runtime: 122876us
Json: iterations=350 runtime: 122981us
Json: iterations=351 runtime: 123568us
Json: iterations=352 runtime: 123064us
Json: iterations=353 runtime: 122904us
Json: iterations=354 runtime: 122755us
Json: iterations=355 runtime: 122735us
Json: iterations=356 runtime: 122943us
Json: iterations=357 runtime: 123127us
Json: iterations=358 runtime: 123978us
Json: iterations=359 runtime: 123003us
Json: iterations=360 runtime: 123421us
Json: iterations=361 runtime: 124316us
Json: iterations=362 runtime: 123362us
Json: iterations=363 runtime: 122942us
Json: iterations=364 runtime: 123275us
Json: iterations=365 runtime: 123412us
Json: iterations=366 runtime: 122718us
Json: iterations=367 runtime: 122844us
Json: iterations=368 runtime: 122793us
Json: iterations=369 runtime: 122748us
Json: iterations=370 runtime: 122772us
Json: iterations=371 runtime: 122835us
Json: iterations=372 runtime: 123383us
Json: iterations=373 runtime: 122726us
Json: iterations=374 runtime: 122729us
Json: iterations=375 runtime: 122709us
Json: iterations=376 runtime: 122799us
Json: iterations=377 runtime: 122796us
Json: iterations=378 runtime: 122667us
Json: iterations=379 runtime: 123558us
Json: iterations=380 runtime: 131073us
Json: iterations=381 runtime: 122920us
Json: iterations=382 runtime: 122941us
Json: iterations=383 runtime: 122928us
Json: iterations=384 runtime: 122837us
Json: iterations=385 runtime: 123078us
Json: iterations=386 runtime: 123311us
Json: iterations=387 runtime: 123057us
Json: iterations=388 runtime: 123081us
Json: iterations=389 runtime: 122882us
Json: iterations=390 runtime: 122746us
Json: iterations=391 runtime: 122946us
Json: iterations=392 runtime: 122860us
Json: iterations=393 runtime: 123786us
Json: iterations=394 runtime: 122814us
Json: iterations=395 runtime: 122685us
Json: iterations=396 runtime: 122785us
Json: iterations=397 runtime: 122842us
Json: iterations=398 runtime: 123004us
Json: iterations=399 runtime: 122658us
Json: iterations=400 runtime: 123189us
Json: iterations=401 runtime: 124297us
Json: iterations=402 runtime: 124567us
Json: iterations=403 runtime: 123284us
Json: iterations=404 runtime: 122838us
Json: iterations=405 runtime: 122783us
Json: iterations=406 runtime: 122956us
Json: iterations=407 runtime: 122792us
Json: iterations=408 runtime: 123294us
Json: iterations=409 runtime: 122869us
Json: iterations=410 runtime: 122859us
Json: iterations=411 runtime: 122778us
Json: iterations=412 runtime: 122966us
Json: iterations=413 runtime: 122894us
Json: iterations=414 runtime: 122871us
Json: iterations=415 runtime: 123404us
Json: iterations=416 runtime: 122781us
Json: iterations=417 runtime: 122863us
Json: iterations=418 runtime: 122963us
Json: iterations=419 runtime: 122828us
Json: iterations=420 runtime: 122783us
Json: iterations=421 runtime: 123018us
Json: iterations=422 runtime: 123588us
Json: iterations=423 runtime: 122969us
Json: iterations=424 runtime: 123031us
Json: iterations=425 runtime: 122863us
Json: iterations=426 runtime: 122769us
Json: iterations=427 runtime: 122928us
Json: iterations=428 runtime: 122946us
Json: iterations=429 runtime: 123567us
Json: iterations=430 runtime: 122947us
Json: iterations=431 runtime: 122845us
Json: iterations=432 runtime: 122815us
Json: iterations=433 runtime: 122841us
Json: iterations=434 runtime: 122892us
Json: iterations=435 runtime: 122851us
Json: iterations=436 runtime: 123538us
Json: iterations=437 runtime: 122939us
Json: iterations=438 runtime: 123077us
Json: iterations=439 runtime: 122875us
Json: iterations=440 runtime: 122883us
Json: iterations=441 runtime: 123399us
Json: iterations=442 runtime: 124621us
Json: iterations=443 runtime: 124258us
Json: iterations=444 runtime: 123215us
Json: iterations=445 runtime: 123180us
Json: iterations=446 runtime: 123001us
Json: iterations=447 runtime: 122894us
Json: iterations=448 runtime: 123002us
Json: iterations=449 runtime: 122930us
Json: iterations=450 runtime: 123386us
Json: iterations=451 runtime: 122969us
Json: iterations=452 runtime: 122875us
Json: iterations=453 runtime: 123197us
Json: iterations=454 runtime: 122854us
Json: iterations=455 runtime: 123030us
Json: iterations=456 runtime: 122740us
Json: iterations=457 runtime: 123141us
Json: iterations=458 runtime: 123647us
Json: iterations=459 runtime: 123129us
Json: iterations=460 runtime: 122969us
Json: iterations=461 runtime: 123037us
Json: iterations=462 runtime: 122743us
Json: iterations=463 runtime: 122949us
Json: iterations=464 runtime: 122997us
Json: iterations=465 runtime: 123925us
Json: iterations=466 runtime: 123073us
Json: iterations=467 runtime: 122994us
Json: iterations=468 runtime: 123137us
Json: iterations=469 runtime: 123175us
Json: iterations=470 runtime: 122766us
Json: iterations=471 runtime: 122853us
Json: iterations=472 runtime: 123886us
Json: iterations=473 runtime: 122886us
Json: iterations=474 runtime: 123104us
Json: iterations=475 runtime: 123012us
Json: iterations=476 runtime: 122692us
Json: iterations=477 runtime: 122778us
Json: iterations=478 runtime: 123166us
Json: iterations=479 runtime: 123880us
Json: iterations=480 runtime: 123004us
Json: iterations=481 runtime: 123222us
Json: iterations=482 runtime: 124561us
Json: iterations=483 runtime: 124558us
Json: iterations=484 runtime: 123564us
Json: iterations=485 runtime: 123148us
Json: iterations=486 runtime: 123845us
Json: iterations=487 runtime: 123250us
Json: iterations=488 runtime: 122966us
Json: iterations=489 runtime: 122982us
Json: iterations=490 runtime: 122982us
Json: iterations=491 runtime: 122992us
Json: iterations=492 runtime: 122882us
Json: iterations=493 runtime: 123742us
Json: iterations=494 runtime: 123023us
Json: iterations=495 runtime: 123153us
Json: iterations=496 runtime: 122990us
Json: iterations=497 runtime: 122839us
Json: iterations=498 runtime: 123024us
Json: iterations=499 runtime: 122923us
Json: iterations=500 runtime: 123608us
Json: iterations=500 average: 124462us total: 62231349us


Total Runtime: 62231349us
Bubo.RDTSC.Harness.main Total RDTSC cycles: 206535507792
