Could not locate BlockSlowdown.json
Skipping Loading (this might cause a fatal crash if GTSlowdown is on)
[Use -Djdk.graal.LogFile=<path> to redirect Graal log output to a file.]
Requesting uncached profile for bci 32 in java.util.ImmutableCollections$SetN$SetNIterator.next()java.lang.Object method getBytecodeProfile
Requesting uncached profile for bci 32 in java.util.ImmutableCollections$SetN$SetNIterator.next()java.lang.Object method getBranchTakenProbability
java.util.ImmutableCollections$SetN$SetNIterator.next()java.lang.Object -1 graphSignature differs b05d592371fcce917a90fc28debaf21f7e7532d4836b1c9812ac396e129c7095 != 920e12a7ee41cc3a0a3487d03bd48833bfc4e8d416bdbae7234f8ba199084b4d
java.util.HashMap.putVal(int, java.lang.Object, java.lang.Object, boolean, boolean)java.lang.Object -1 graphSignature differs 71c7befc4bcc50903c01cb500806055811a71080bd754d077284439fcd10103c != 27ba10a12906ca5a4eaa0ddbdb8cdbd97a0a183d21916ae0dce244a079058c87
java.lang.String.equals(java.lang.Object)boolean -1 graphSignature differs d736cb2a48e5e2e1b773411d7b56e351ded34b143df73f1167badb8ea4f8d9ba != 98a5118c22c3d9af130515da0cdd48a4fdd27c2643d15ea2823174f2036f7cad
java.util.HashMap.resize()java.util.HashMap$Node[] -1 graphSignature differs 8621339e67ed630b148c0b60d4ece2a8f5e4dc640c7e625f721a8babedbc3813 != 907f32e8439d3100299993dcad76560e08b0f705baa3a6e36f739c5640084aa9
Could not locate BlockSlowdown.json
Skipping Loading (this might cause a fatal crash if GTSlowdown is on)
Starting Json benchmark ...
Requesting uncached profile for bci 59 in java.lang.String.<init>(java.lang.AbstractStringBuilder, java.lang.Void)void method getBytecodeProfile
Requesting uncached profile for bci 59 in java.lang.String.<init>(java.lang.AbstractStringBuilder, java.lang.Void)void method getExceptionSeen
Requesting not cached profile for java.lang.StringUTF16.coderFromArrayLen(byte[], int)byte
Requesting uncached profile for bci 2 in java.lang.StringUTF16.coderFromArrayLen(byte[], int)byte method getBytecodeProfile
Requesting uncached profile for bci 2 in java.lang.StringUTF16.coderFromArrayLen(byte[], int)byte method getExceptionSeen
json.JsonPureStringParser.subStringFromTo(int, int)java.lang.String -1 graphSignature differs c794b343ace1d3ec6ac7fe2a305cf912d3a3dfb0491361cb0db422fd05910318 != a6d06f78ff0b96fbe90a5f0e2f7a52c6a228ce074bba7ed23a75af8705c4eb29
Requesting uncached profile for bci 59 in java.lang.String.<init>(java.lang.AbstractStringBuilder, java.lang.Void)void method getBytecodeProfile
Requesting uncached profile for bci 59 in java.lang.String.<init>(java.lang.AbstractStringBuilder, java.lang.Void)void method getExceptionSeen
Requesting not cached profile for java.lang.StringUTF16.coderFromArrayLen(byte[], int)byte
Requesting uncached profile for bci 2 in java.lang.StringUTF16.coderFromArrayLen(byte[], int)byte method getBytecodeProfile
Requesting uncached profile for bci 2 in java.lang.StringUTF16.coderFromArrayLen(byte[], int)byte method getExceptionSeen
json.JsonPureStringParser.readStringInternal()java.lang.String -1 graphSignature differs 8e75dec307d918d6ba6eb98dffe91779152e71057ee52d1ffe65926f4c5cbcc1 != e33219ac2a710cb8f2ff44d5a701eed01da118ae4e4448ce9c4e1d4b2a74fb64
jdk.internal.util.ArraysSupport.hashCodeOfUnsigned(byte[], int, int, int)int -1 graphSignature differs a9c7171b8bab8793a169e6092f5f95d7918e66e622deab14fc914678ba22ee64 != 6e29d04165d9830d57c5fbce128560e5dbb41be601d774ff5fc16292213e7870
som.Vector.append(java.lang.Object)void -1 graphSignature differs 110defb74f19a69b99cfa19de20a0e7b1ae13c1121750bac638e59b5fce015cd != a11f92cafd93c43bed03ba0cd50681df62f7df0583a3a940639f7992fcc87161
json.JsonArray.add(json.JsonValue)json.JsonArray -1 graphSignature differs 4b17db212289a1e286a8f5616c588a2ac544e787c794e6fcc585b126bd34277f != 7cc82dfedd9f73863fa4f856cd8751a8997be208e089dc78265f0a40407ece51
json.JsonPureStringParser.readArray()json.JsonArray -1 graphSignature differs 69a832197fd1e70685979d7d3197436b3552421381077b82130b20cf5b373e8e != 9f055744543be9349c73c20e9cb2d79ea915b5cf8a1f8778f1b2cb7f5ee52f76
Requesting uncached profile for bci 59 in java.lang.String.<init>(java.lang.AbstractStringBuilder, java.lang.Void)void method getBytecodeProfile
Requesting uncached profile for bci 59 in java.lang.String.<init>(java.lang.AbstractStringBuilder, java.lang.Void)void method getExceptionSeen
Requesting not cached profile for java.lang.StringUTF16.coderFromArrayLen(byte[], int)byte
Requesting uncached profile for bci 2 in java.lang.StringUTF16.coderFromArrayLen(byte[], int)byte method getBytecodeProfile
Requesting uncached profile for bci 2 in java.lang.StringUTF16.coderFromArrayLen(byte[], int)byte method getExceptionSeen
json.JsonPureStringParser.endCapture()java.lang.String -1 graphSignature differs 40342009b910a67cd1393ba14321ba916c43c35b11017be683c7fbd367121f25 != b998afd85adf8cb38fa340feab4e21fcc9d35c07934dcf8149e7812315b57a4f
json.JsonPureStringParser.readNumber()json.JsonValue -1 graphSignature differs f2ec5cbb2eb153ee41d632eea29333684caf4018da023a424b96610442237af5 != 97c8c0a1d0099e642fa8e1ed434776296c93590045c46b1f3243bf121e53a72a
json.JsonObject.add(java.lang.String, json.JsonValue)json.JsonObject -1 graphSignature differs 71283d45a953dde34b5cf582c0879a8c30f51e57659ffe625af277e844bba72c != b030258abb6d4666587435fb23f6d5b53b3cc959c3a8c62e6b7f7aa34889d27c
som.Vector.<init>()void -1 graphSignature differs f63187e56bcc33ec1bbaa3d28ee78ba4c628ba4964c1311ecf1487ee27fe3f6d != 96f56ff1b8ecc19be65b62920c89d90193aed743eac964f3425cfc2029a318b6
som.Vector.<init>(int)void -1 graphSignature differs 251e8e5fd4a0530d93f7226031a210fb266b8b0b1b85c22be3870d185334512f != ac1f9746e0697ec8461d4f593d5beb30cb9dbc79267c0fab1e4421015ecfff3a
json.JsonPureStringParser.readObject()json.JsonObject -1 graphSignature differs 4e59a405ad4c687676a2cb31e3fba12a11f9581b4679aae163f79169dbffbbbe != 8705c84d1a8819c3926658b8fbaa63c53e923634c35b2db95d04795d6750e621
Json: iterations=1 runtime: 444400us
Json: iterations=2 runtime: 83547us
Json: iterations=3 runtime: 98990us
Json: iterations=4 runtime: 79306us
Json: iterations=5 runtime: 82700us
Json: iterations=6 runtime: 79390us
Json: iterations=7 runtime: 79292us
Json: iterations=8 runtime: 79009us
Json: iterations=9 runtime: 79190us
Json: iterations=10 runtime: 79234us
Json: iterations=11 runtime: 81403us
Json: iterations=12 runtime: 81735us
Json: iterations=13 runtime: 79139us
Json: iterations=14 runtime: 79008us
Json: iterations=15 runtime: 78949us
Json: iterations=16 runtime: 80179us
Json: iterations=17 runtime: 78050us
Json: iterations=18 runtime: 78683us
Json: iterations=19 runtime: 78568us
Json: iterations=20 runtime: 78626us
Json: iterations=21 runtime: 79003us
Json: iterations=22 runtime: 78592us
json.JsonObject.get(java.lang.String)json.JsonValue -1 graphSignature differs f546ff587f660f46a77a020135763aa9840b8827bfebb19ef108db29550b3fdc != b36733c1861b70caa410e65f544d7eaf4658e7ed709489b3e075a6f576c90f65
Json: iterations=23 runtime: 113192us
Json: iterations=24 runtime: 78685us
Json: iterations=25 runtime: 78495us
Json: iterations=26 runtime: 77918us
Json: iterations=27 runtime: 78535us
Json: iterations=28 runtime: 78570us
Json: iterations=29 runtime: 78486us
Json: iterations=30 runtime: 78470us
Json: iterations=31 runtime: 77808us
java.util.Arrays.copyOf(java.lang.Object[], int, java.lang.Class)java.lang.Object[] -1 graphSignature differs 304196707008712a7550ba3238b260dff98613bd95dd14e4d5d02d123951293c != e2f9d3e38979584f870480f87f3e48f36f3d7203b307a5f07831bb4a2020956d
Json: iterations=32 runtime: 81520us
Json: iterations=33 runtime: 78233us
Json: iterations=34 runtime: 78743us
Json: iterations=35 runtime: 78842us
Json: iterations=36 runtime: 78652us
Json: iterations=37 runtime: 78969us
Json: iterations=38 runtime: 78232us
Json: iterations=39 runtime: 78405us
Json: iterations=40 runtime: 77923us
Json: iterations=41 runtime: 78310us
Json: iterations=42 runtime: 78502us
Json: iterations=43 runtime: 78395us
Json: iterations=44 runtime: 77840us
Json: iterations=45 runtime: 78375us
Json: iterations=46 runtime: 78315us
Json: iterations=47 runtime: 78365us
Json: iterations=48 runtime: 78312us
Json: iterations=49 runtime: 77825us
Json: iterations=50 runtime: 78444us
Json: iterations=51 runtime: 78235us
Json: iterations=52 runtime: 78391us
Json: iterations=53 runtime: 77750us
Json: iterations=54 runtime: 78418us
Json: iterations=55 runtime: 78529us
Json: iterations=56 runtime: 78461us
Json: iterations=57 runtime: 78492us
Json: iterations=58 runtime: 77838us
Json: iterations=59 runtime: 78309us
Json: iterations=60 runtime: 78402us
Json: iterations=61 runtime: 78299us
Json: iterations=62 runtime: 78214us
Json: iterations=63 runtime: 77991us
Json: iterations=64 runtime: 78273us
Json: iterations=65 runtime: 78242us
Json: iterations=66 runtime: 78195us
Json: iterations=67 runtime: 77712us
Could not locate BlockSlowdown.json
Skipping Loading (this might cause a fatal crash if GTSlowdown is on)
Json.verifyResult(java.lang.Object)boolean -1 graphSignature differs e2b84bd8e1a178c2e15da0e0b323419b330533e6b4c2260ffd940df475d9e332 != 5ab555736708d7124a137cce3b965c4db8555bb2ff408eaf5dccffaec2b2ebce
Json: iterations=68 runtime: 134274us
Json: iterations=69 runtime: 78302us
Json: iterations=70 runtime: 78336us
Json: iterations=71 runtime: 78423us
Json: iterations=72 runtime: 77805us
Json: iterations=73 runtime: 78199us
Json: iterations=74 runtime: 78369us
Json: iterations=75 runtime: 78141us
Json: iterations=76 runtime: 77590us
Json: iterations=77 runtime: 78268us
Json: iterations=78 runtime: 78189us
Json: iterations=79 runtime: 78027us
Json: iterations=80 runtime: 78248us
Json: iterations=81 runtime: 77645us
Json: iterations=82 runtime: 78255us
Json: iterations=83 runtime: 78386us
Json: iterations=84 runtime: 78338us
Json: iterations=85 runtime: 78236us
Json: iterations=86 runtime: 77656us
Json: iterations=87 runtime: 78193us
Json: iterations=88 runtime: 78186us
Json: iterations=89 runtime: 78064us
Json: iterations=90 runtime: 77690us
Could not locate BlockSlowdown.json
Skipping Loading (this might cause a fatal crash if GTSlowdown is on)
Json: iterations=91 runtime: 78166us
Json: iterations=92 runtime: 78224us
Json: iterations=93 runtime: 78147us
Json: iterations=94 runtime: 78263us
Json: iterations=95 runtime: 77651us
Json: iterations=96 runtime: 78600us
Json: iterations=97 runtime: 85457us
Json: iterations=98 runtime: 84589us
Json: iterations=99 runtime: 77862us
Json: iterations=100 runtime: 78503us
Json: iterations=101 runtime: 78205us
Json: iterations=102 runtime: 78040us
Json: iterations=103 runtime: 78202us
Json: iterations=104 runtime: 77607us
Json: iterations=105 runtime: 78229us
Json: iterations=106 runtime: 78035us
Json: iterations=107 runtime: 78153us
Json: iterations=108 runtime: 77712us
Json: iterations=109 runtime: 78087us
Json: iterations=110 runtime: 78674us
Json: iterations=111 runtime: 78113us
Json: iterations=112 runtime: 78077us
Json: iterations=113 runtime: 77747us
Json: iterations=114 runtime: 78026us
Json: iterations=115 runtime: 78144us
Json: iterations=116 runtime: 78047us
Json: iterations=117 runtime: 78090us
Json: iterations=118 runtime: 77782us
Json: iterations=119 runtime: 77961us
Json: iterations=120 runtime: 78086us
Json: iterations=121 runtime: 78237us
Json: iterations=122 runtime: 77600us
Json: iterations=123 runtime: 78364us
Json: iterations=124 runtime: 78341us
Json: iterations=125 runtime: 78264us
Json: iterations=126 runtime: 78258us
Could not locate BlockSlowdown.json
Skipping Loading (this might cause a fatal crash if GTSlowdown is on)
Json: iterations=127 runtime: 80280us
Json: iterations=128 runtime: 79715us
Json: iterations=129 runtime: 78413us
Json: iterations=130 runtime: 78259us
Json: iterations=131 runtime: 77744us
Json: iterations=132 runtime: 78325us
Json: iterations=133 runtime: 78299us
Json: iterations=134 runtime: 78430us
Json: iterations=135 runtime: 78469us
Json: iterations=136 runtime: 77781us
Json: iterations=137 runtime: 78389us
Json: iterations=138 runtime: 78468us
Json: iterations=139 runtime: 78477us
Json: iterations=140 runtime: 78517us
Json: iterations=141 runtime: 77763us
Json: iterations=142 runtime: 78469us
Json: iterations=143 runtime: 78287us
Json: iterations=144 runtime: 78267us
Json: iterations=145 runtime: 77598us
Json: iterations=146 runtime: 78575us
Json: iterations=147 runtime: 78113us
Json: iterations=148 runtime: 78653us
Json: iterations=149 runtime: 78704us
Json: iterations=150 runtime: 77669us
Json: iterations=151 runtime: 78562us
Json: iterations=152 runtime: 78384us
Json: iterations=153 runtime: 78433us
Json: iterations=154 runtime: 77594us
Json: iterations=155 runtime: 78312us
Json: iterations=156 runtime: 78399us
Json: iterations=157 runtime: 78169us
Json: iterations=158 runtime: 78129us
Json: iterations=159 runtime: 77527us
Json: iterations=160 runtime: 78718us
Json: iterations=161 runtime: 78625us
Json: iterations=162 runtime: 78642us
Json: iterations=163 runtime: 77961us
Json: iterations=164 runtime: 78649us
Json: iterations=165 runtime: 78365us
Json: iterations=166 runtime: 78297us
Json: iterations=167 runtime: 78378us
Json: iterations=168 runtime: 77506us
Json: iterations=169 runtime: 78283us
Json: iterations=170 runtime: 78268us
Json: iterations=171 runtime: 78145us
Json: iterations=172 runtime: 78019us
Json: iterations=173 runtime: 77515us
Json: iterations=174 runtime: 77894us
Json: iterations=175 runtime: 78064us
Json: iterations=176 runtime: 78192us
Json: iterations=177 runtime: 77505us
Json: iterations=178 runtime: 78078us
Json: iterations=179 runtime: 78016us
Json: iterations=180 runtime: 78156us
Json: iterations=181 runtime: 78142us
Json: iterations=182 runtime: 77526us
Json: iterations=183 runtime: 78047us
Json: iterations=184 runtime: 78093us
Json: iterations=185 runtime: 78115us
Json: iterations=186 runtime: 77501us
Json: iterations=187 runtime: 78143us
Json: iterations=188 runtime: 78138us
Json: iterations=189 runtime: 78214us
Json: iterations=190 runtime: 78211us
Json: iterations=191 runtime: 77519us
Json: iterations=192 runtime: 78349us
Json: iterations=193 runtime: 78337us
Json: iterations=194 runtime: 78165us
Json: iterations=195 runtime: 77990us
Json: iterations=196 runtime: 77507us
Json: iterations=197 runtime: 78100us
Json: iterations=198 runtime: 78192us
Json: iterations=199 runtime: 78112us
Json: iterations=200 runtime: 77554us
Json: iterations=201 runtime: 78009us
Json: iterations=202 runtime: 78413us
Json: iterations=203 runtime: 78407us
Json: iterations=204 runtime: 78377us
Could not locate BlockSlowdown.json
Skipping Loading (this might cause a fatal crash if GTSlowdown is on)
Benchmark.innerBenchmarkLoop(int)boolean -1 graphSignature differs fab10c92f001cce55cc6f67facbe1cf05ff0e5a8159a85235a07dc8a3da730d1 != 7f57bc038ccd34c3e1c3db0191b400e7747cfd5311dfd8248ac5451969c78709
Json: iterations=205 runtime: 170103us
Json: iterations=206 runtime: 78286us
Json: iterations=207 runtime: 78056us
Json: iterations=208 runtime: 78086us
Json: iterations=209 runtime: 77527us
Json: iterations=210 runtime: 78166us
Json: iterations=211 runtime: 78290us
Json: iterations=212 runtime: 78509us
Json: iterations=213 runtime: 78184us
Json: iterations=214 runtime: 77540us
Json: iterations=215 runtime: 78123us
Json: iterations=216 runtime: 78456us
Json: iterations=217 runtime: 78862us
Json: iterations=218 runtime: 77656us
Json: iterations=219 runtime: 78423us
Json: iterations=220 runtime: 78776us
Json: iterations=221 runtime: 78342us
Json: iterations=222 runtime: 78665us
Json: iterations=223 runtime: 77842us
Json: iterations=224 runtime: 78467us
Json: iterations=225 runtime: 78623us
Json: iterations=226 runtime: 78524us
Json: iterations=227 runtime: 78150us
Json: iterations=228 runtime: 77553us
Json: iterations=229 runtime: 78355us
Json: iterations=230 runtime: 78374us
Json: iterations=231 runtime: 78193us
Json: iterations=232 runtime: 77516us
Json: iterations=233 runtime: 78298us
Json: iterations=234 runtime: 78364us
Json: iterations=235 runtime: 78277us
Json: iterations=236 runtime: 78288us
Json: iterations=237 runtime: 77673us
Json: iterations=238 runtime: 78251us
Json: iterations=239 runtime: 78232us
Json: iterations=240 runtime: 78257us
Json: iterations=241 runtime: 77788us
Json: iterations=242 runtime: 78171us
Json: iterations=243 runtime: 78325us
Json: iterations=244 runtime: 78328us
Json: iterations=245 runtime: 78272us
Json: iterations=246 runtime: 77648us
Json: iterations=247 runtime: 78399us
Json: iterations=248 runtime: 78443us
Json: iterations=249 runtime: 78508us
Json: iterations=250 runtime: 78160us
Json: iterations=251 runtime: 77774us
Json: iterations=252 runtime: 78198us
Json: iterations=253 runtime: 78265us
Json: iterations=254 runtime: 78383us
Json: iterations=255 runtime: 77675us
Json: iterations=256 runtime: 78170us
Json: iterations=257 runtime: 78470us
Json: iterations=258 runtime: 78676us
Json: iterations=259 runtime: 78346us
Json: iterations=260 runtime: 77670us
Json: iterations=261 runtime: 78302us
Json: iterations=262 runtime: 78349us
Json: iterations=263 runtime: 78250us
Json: iterations=264 runtime: 77619us
Json: iterations=265 runtime: 78313us
Json: iterations=266 runtime: 78292us
Json: iterations=267 runtime: 78356us
Json: iterations=268 runtime: 78445us
Json: iterations=269 runtime: 77573us
Json: iterations=270 runtime: 78284us
Json: iterations=271 runtime: 78179us
Json: iterations=272 runtime: 78362us
Json: iterations=273 runtime: 77591us
Json: iterations=274 runtime: 78260us
Json: iterations=275 runtime: 78278us
Json: iterations=276 runtime: 78291us
Json: iterations=277 runtime: 78269us
Json: iterations=278 runtime: 77694us
Json: iterations=279 runtime: 78375us
Json: iterations=280 runtime: 78350us
Json: iterations=281 runtime: 78066us
Json: iterations=282 runtime: 78310us
Json: iterations=283 runtime: 77772us
Json: iterations=284 runtime: 78362us
Json: iterations=285 runtime: 78523us
Json: iterations=286 runtime: 78277us
Json: iterations=287 runtime: 77842us
Json: iterations=288 runtime: 78370us
Json: iterations=289 runtime: 78554us
Json: iterations=290 runtime: 78368us
Json: iterations=291 runtime: 78270us
Json: iterations=292 runtime: 77513us
Json: iterations=293 runtime: 78234us
Json: iterations=294 runtime: 78071us
Json: iterations=295 runtime: 78064us
Json: iterations=296 runtime: 77587us
Json: iterations=297 runtime: 78269us
Json: iterations=298 runtime: 78344us
Json: iterations=299 runtime: 78225us
Json: iterations=300 runtime: 78339us
Json: iterations=301 runtime: 77561us
Json: iterations=302 runtime: 78127us
Json: iterations=303 runtime: 78055us
Json: iterations=304 runtime: 78262us
Json: iterations=305 runtime: 77969us
Json: iterations=306 runtime: 77559us
Json: iterations=307 runtime: 78240us
Json: iterations=308 runtime: 78117us
Json: iterations=309 runtime: 78267us
Json: iterations=310 runtime: 77565us
Json: iterations=311 runtime: 78323us
Json: iterations=312 runtime: 78196us
Json: iterations=313 runtime: 78333us
Json: iterations=314 runtime: 78181us
Json: iterations=315 runtime: 77509us
Json: iterations=316 runtime: 78206us
Json: iterations=317 runtime: 78121us
Json: iterations=318 runtime: 78211us
Json: iterations=319 runtime: 77613us
Json: iterations=320 runtime: 78103us
Json: iterations=321 runtime: 77936us
Json: iterations=322 runtime: 78202us
Json: iterations=323 runtime: 78307us
Json: iterations=324 runtime: 77514us
Json: iterations=325 runtime: 78312us
Json: iterations=326 runtime: 78324us
Json: iterations=327 runtime: 78153us
Json: iterations=328 runtime: 77458us
Json: iterations=329 runtime: 78050us
Json: iterations=330 runtime: 78362us
Json: iterations=331 runtime: 78310us
Json: iterations=332 runtime: 78305us
Json: iterations=333 runtime: 77539us
Json: iterations=334 runtime: 78312us
Json: iterations=335 runtime: 78115us
Json: iterations=336 runtime: 78032us
Json: iterations=337 runtime: 78266us
Json: iterations=338 runtime: 77563us
Json: iterations=339 runtime: 78081us
Json: iterations=340 runtime: 78210us
Json: iterations=341 runtime: 78047us
Json: iterations=342 runtime: 77492us
Json: iterations=343 runtime: 78048us
Json: iterations=344 runtime: 78029us
Json: iterations=345 runtime: 78157us
Json: iterations=346 runtime: 78126us
Json: iterations=347 runtime: 77486us
Json: iterations=348 runtime: 78360us
Json: iterations=349 runtime: 78157us
Json: iterations=350 runtime: 78328us
Json: iterations=351 runtime: 77691us
Json: iterations=352 runtime: 78583us
Json: iterations=353 runtime: 78430us
Json: iterations=354 runtime: 78581us
Json: iterations=355 runtime: 78441us
Json: iterations=356 runtime: 77591us
Json: iterations=357 runtime: 78204us
Json: iterations=358 runtime: 78263us
Json: iterations=359 runtime: 78275us
Json: iterations=360 runtime: 78379us
Json: iterations=361 runtime: 77643us
Json: iterations=362 runtime: 78153us
Json: iterations=363 runtime: 78019us
Json: iterations=364 runtime: 78403us
Json: iterations=365 runtime: 77567us
Json: iterations=366 runtime: 78400us
Json: iterations=367 runtime: 78173us
Json: iterations=368 runtime: 78293us
Json: iterations=369 runtime: 78326us
Json: iterations=370 runtime: 77635us
Json: iterations=371 runtime: 78287us
Json: iterations=372 runtime: 78319us
Json: iterations=373 runtime: 78241us
Json: iterations=374 runtime: 77625us
Json: iterations=375 runtime: 78154us
Json: iterations=376 runtime: 78091us
Json: iterations=377 runtime: 78357us
Json: iterations=378 runtime: 78254us
Json: iterations=379 runtime: 77635us
Json: iterations=380 runtime: 78342us
Json: iterations=381 runtime: 78231us
Json: iterations=382 runtime: 78175us
Json: iterations=383 runtime: 77623us
Json: iterations=384 runtime: 78179us
Json: iterations=385 runtime: 78381us
Json: iterations=386 runtime: 78313us
Json: iterations=387 runtime: 78100us
Json: iterations=388 runtime: 77664us
Json: iterations=389 runtime: 78225us
Json: iterations=390 runtime: 78132us
Json: iterations=391 runtime: 78280us
Json: iterations=392 runtime: 78254us
Json: iterations=393 runtime: 77636us
Json: iterations=394 runtime: 78407us
Json: iterations=395 runtime: 78310us
Json: iterations=396 runtime: 78338us
Json: iterations=397 runtime: 77558us
Json: iterations=398 runtime: 78274us
Json: iterations=399 runtime: 78268us
Json: iterations=400 runtime: 78151us
Json: iterations=401 runtime: 78163us
Json: iterations=402 runtime: 77575us
Json: iterations=403 runtime: 78229us
Json: iterations=404 runtime: 78428us
Json: iterations=405 runtime: 78344us
Json: iterations=406 runtime: 77606us
Json: iterations=407 runtime: 78260us
Json: iterations=408 runtime: 78437us
Json: iterations=409 runtime: 78335us
Json: iterations=410 runtime: 78238us
Json: iterations=411 runtime: 77608us
Json: iterations=412 runtime: 78331us
Json: iterations=413 runtime: 78324us
Json: iterations=414 runtime: 78404us
Json: iterations=415 runtime: 78561us
Json: iterations=416 runtime: 77914us
Json: iterations=417 runtime: 78757us
Json: iterations=418 runtime: 78948us
Json: iterations=419 runtime: 78465us
Json: iterations=420 runtime: 77634us
Json: iterations=421 runtime: 78424us
Json: iterations=422 runtime: 80344us
Json: iterations=423 runtime: 84816us
Json: iterations=424 runtime: 80647us
Json: iterations=425 runtime: 77610us
Json: iterations=426 runtime: 78119us
Json: iterations=427 runtime: 78166us
Json: iterations=428 runtime: 78234us
Json: iterations=429 runtime: 77657us
Could not locate BlockSlowdown.json
Skipping Loading (this might cause a fatal crash if GTSlowdown is on)
java.lang.StringLatin1.inflate(byte[], int, char[], int, int)void -1 graphSignature differs 17e6f3ed6596e5d6840a8a77065c9470c41838c2630b4535538ec163efd33e69 != e838eb1809aadd841c1ff5fe2e7a1043b73670d291c51dcf64d0aae8eaa2b7e0
Json: iterations=430 runtime: 78161us
Json: iterations=431 runtime: 78407us
Json: iterations=432 runtime: 78240us
Json: iterations=433 runtime: 78284us
Json: iterations=434 runtime: 77639us
Json: iterations=435 runtime: 78233us
Json: iterations=436 runtime: 78198us
Json: iterations=437 runtime: 78366us
Json: iterations=438 runtime: 77546us
Json: iterations=439 runtime: 78155us
Json: iterations=440 runtime: 78233us
Json: iterations=441 runtime: 78157us
Json: iterations=442 runtime: 78005us
Json: iterations=443 runtime: 77620us
Json: iterations=444 runtime: 78076us
Json: iterations=445 runtime: 78316us
Json: iterations=446 runtime: 78152us
Json: iterations=447 runtime: 78246us
Json: iterations=448 runtime: 77638us
Json: iterations=449 runtime: 78427us
Json: iterations=450 runtime: 78222us
Json: iterations=451 runtime: 78246us
Json: iterations=452 runtime: 77634us
Json: iterations=453 runtime: 78280us
Json: iterations=454 runtime: 78245us
Json: iterations=455 runtime: 78273us
Json: iterations=456 runtime: 78045us
Json: iterations=457 runtime: 77588us
Json: iterations=458 runtime: 78213us
Json: iterations=459 runtime: 78545us
Json: iterations=460 runtime: 78330us
Json: iterations=461 runtime: 77623us
Json: iterations=462 runtime: 78223us
Json: iterations=463 runtime: 78269us
Json: iterations=464 runtime: 78065us
Json: iterations=465 runtime: 78377us
Json: iterations=466 runtime: 77633us
Json: iterations=467 runtime: 78224us
Json: iterations=468 runtime: 78355us
Json: iterations=469 runtime: 78070us
Json: iterations=470 runtime: 78217us
Json: iterations=471 runtime: 77506us
Json: iterations=472 runtime: 78398us
Json: iterations=473 runtime: 78105us
Json: iterations=474 runtime: 78225us
Json: iterations=475 runtime: 77648us
Json: iterations=476 runtime: 78279us
Json: iterations=477 runtime: 78083us
Json: iterations=478 runtime: 78308us
Json: iterations=479 runtime: 78622us
Json: iterations=480 runtime: 77742us
Json: iterations=481 runtime: 78519us
Json: iterations=482 runtime: 78624us
Json: iterations=483 runtime: 78126us
Json: iterations=484 runtime: 77575us
Json: iterations=485 runtime: 78351us
Json: iterations=486 runtime: 78289us
Json: iterations=487 runtime: 78141us
Json: iterations=488 runtime: 78185us
Json: iterations=489 runtime: 77612us
Json: iterations=490 runtime: 78368us
Json: iterations=491 runtime: 78285us
Json: iterations=492 runtime: 78247us
Json: iterations=493 runtime: 77603us
Json: iterations=494 runtime: 78205us
Json: iterations=495 runtime: 78220us
Json: iterations=496 runtime: 78114us
Json: iterations=497 runtime: 78034us
Json: iterations=498 runtime: 77546us
Json: iterations=499 runtime: 78358us
Json: iterations=500 runtime: 78166us
Could not locate BlockSlowdown.json
Skipping Loading (this might cause a fatal crash if GTSlowdown is on)
Json: iterations=500 average: 79417us total: 39708617us


Total Runtime: 39708617us
Bubo.RDTSC.Harness.main Total RDTSC cycles: 131814546852
Comp 52 (java.util.ImmutableCollections$SetN$SetNIterator.next()) loops:
Found Encoding : 0:-1
└── Loop 0
  loop 0 Cycles: 259682 || Activation Count:4241| LoopCallCount: 0 |  Source: -at java.util.ImmutableCollections$SetN$SetNIterator.next(ImmutableCollections.java:1213) [bci: 21] | -at java.util.ImmutableCollections$SetN$SetNIterator.next(ImmutableCollections.java:1223) [bci: 65]
Comp 57 (java.util.HashMap.putVal(int,) loops:
Found Encoding : 0:-1
└── Loop 0
  loop 0 Cycles: 5982 || Activation Count:178| LoopCallCount: 0 |  Source: -at java.util.HashMap.putVal(HashMap.java:648) [bci: 134] | -at java.util.HashMap.putVal(HashMap.java:649) [bci: 145]
Comp 58 (java.lang.String.equals(Object)) loops:
Found Encoding : 0:-1
└── Loop 0
  loop 0 Cycles: 6354450 || Activation Count:134539| LoopCallCount: 0 |  Source: -at java.lang.StringLatin1.equals(StringLatin1.java:100) [bci: 9]
-at java.lang.String.equals(String.java:1926) [bci: 44] | -at java.lang.StringLatin1.equals(StringLatin1.java:105) [bci: 32]
-at java.lang.String.equals(String.java:1926) [bci: 44]
Comp 71 (java.util.HashMap.resize()) loops:
Found Encoding : 2:-1,0:-1,1:0
├── Loop 2
└── Loop 0
    └── Loop 1
  loop 0 Cycles: 31304 || Activation Count:13| LoopCallCount: 0 |  Source: -at java.util.HashMap.resize(HashMap.java:714) [bci: 151] | -at java.util.HashMap.resize(HashMap.java:755) [bci: 353]
  loop 1 Cycles: 7534 || Activation Count:97| LoopCallCount: 0 |  Source: -at java.util.HashMap.resize(HashMap.java:727) [bci: 235] | -at java.util.HashMap.resize(HashMap.java:743) [bci: 309]
  loop 2 Cycles: 14124 || Activation Count:246| LoopCallCount: 0 |  Source: -at jdk.graal.compiler.hotspot.replacements.HotSpotAllocationSnippets.allocateArray(KlassPointer, int, int, int, AllocationSnippets$FillContent, int, boolean, boolean, boolean, boolean, HotSpotAllocationSnippets$HotSpotAllocationProfilingData, boolea
Comp 84 (jdk.internal.util.ArraysSupport.unsignedHashCode(int,) loops:
Found Encoding : 0:-1,1:-1,2:-1
├── Loop 0
├── Loop 1
└── Loop 2
  loop 0 Cycles: 596 || Activation Count:1| LoopCallCount: 0 |  Source: -at jdk.internal.util.ArraysSupport.unsignedHashCode(ArraysSupport.java:378) [bci: 8] | -at jdk.internal.util.ArraysSupport.unsignedHashCode(ArraysSupport.java:381) [bci: 34]
  loop 1 Cycles: 26 || Activation Count:1| LoopCallCount: 0 |  Source: Source Missing | -at jdk.internal.util.ArraysSupport.unsignedHashCode(ArraysSupport.java:381) [bci: 34]
  loop 2 Cycles: 86 || Activation Count:1| LoopCallCount: 0 |  Source: Source Missing | -at jdk.internal.util.ArraysSupport.unsignedHashCode(ArraysSupport.java:381) [bci: 34]
Comp 85 (jdk.internal.util.ArraysSupport.unsignedHashCode(int,-Re-Comp) loops:
Found Encoding : 0:-1,1:-1,2:-1
├── Loop 0
├── Loop 1
└── Loop 2
  loop 0 Cycles: 77360 || Activation Count:1644| LoopCallCount: 0 |  Source: -at jdk.internal.util.ArraysSupport.unsignedHashCode(ArraysSupport.java:378) [bci: 8] | -at jdk.internal.util.ArraysSupport.unsignedHashCode(ArraysSupport.java:381) [bci: 34]
  loop 1 Cycles: 104794 || Activation Count:1644| LoopCallCount: 0 |  Source: Source Missing | -at jdk.internal.util.ArraysSupport.unsignedHashCode(ArraysSupport.java:381) [bci: 34]
  loop 2 Cycles: 93444 || Activation Count:1644| LoopCallCount: 0 |  Source: Source Missing | -at jdk.internal.util.ArraysSupport.unsignedHashCode(ArraysSupport.java:381) [bci: 34]
Comp 87 (java.lang.StringCoding.countPositives(byte[],) loops:
Found Encoding : 0:-1
└── Loop 0
  loop 0 Cycles: 418 || Activation Count:1| LoopCallCount: 0 |  Source: -at java.lang.StringCoding.countPositives(StringCoding.java:92) [bci: 7] | -at java.lang.StringCoding.countPositives(StringCoding.java:97) [bci: 31]
Comp 88 (java.lang.StringCoding.countPositives(byte[],-Re-Comp) loops:
Found Encoding : 0:-1
└── Loop 0
  loop 0 Cycles: 11234 || Activation Count:84| LoopCallCount: 0 |  Source: -at java.lang.StringCoding.countPositives(StringCoding.java:92) [bci: 7] | -at java.lang.StringCoding.countPositives(StringCoding.java:97) [bci: 31]
Comp 139 (java.util.Properties$LineReader.readLine()) loops:
Found Encoding : 5:-1,3:-1,4:3,0:-1,1:0,2:1
├── Loop 5
├── Loop 3
│   └── Loop 4
└── Loop 0
    └── Loop 1
        └── Loop 2
  loop 1 Cycles: 240016 || Activation Count:90| LoopCallCount: 1 |  Source: -at java.util.Properties$LineReader.readLine(Properties.java:538) [bci: 219] | -at java.util.Properties$LineReader.readLine(Properties.java:543) [bci: 259]
  loop 2 Cycles: 11942 || Activation Count:91| LoopCallCount: 0 |  Source: -at java.util.Properties$LineReader.readLine(Properties.java:540) [bci: 224] | -at java.util.Properties$LineReader.readLine(Properties.java:543) [bci: 259]
  loop 5 Cycles: 646 || Activation Count:1| LoopCallCount: 0 |  Source: -at java.util.Properties$LineReader.readLine(Properties.java:540) [bci: 224] | -at java.util.Properties$LineReader.readLine(Properties.java:543) [bci: 259]
Comp 140 (java.util.Properties$LineReader.readLine()-Re-Comp) loops:
Found Encoding : 0:-1,1:0,2:1
└── Loop 0
    └── Loop 1
        └── Loop 2
  loop 1 Cycles: 3548 || Activation Count:14| LoopCallCount: 1 |  Source: -at java.util.Properties$LineReader.readLine(Properties.java:538) [bci: 219] | -at java.util.Properties$LineReader.readLine(Properties.java:543) [bci: 259]
  loop 2 Cycles: 1810 || Activation Count:14| LoopCallCount: 0 |  Source: -at java.util.Properties$LineReader.readLine(Properties.java:540) [bci: 224] | -at java.util.Properties$LineReader.readLine(Properties.java:545) [bci: 262]
Comp 141 (java.util.Properties$LineReader.readLine()-Re-Comp) loops:
Found Encoding : 5:-1,3:-1,4:3,0:-1,1:0,2:1
├── Loop 5
├── Loop 3
│   └── Loop 4
└── Loop 0
    └── Loop 1
        └── Loop 2
  loop 0 Cycles: 37692 || Activation Count:1| LoopCallCount: 2 |  Source: -at java.util.Properties$LineReader.readLine(Properties.java:504) [bci: 53] | -at java.util.Properties$LineReader.readLine(Properties.java:615) [bci: 577]
  loop 1 Cycles: 26992 || Activation Count:131| LoopCallCount: 1 |  Source: -at java.util.Properties$LineReader.readLine(Properties.java:538) [bci: 219] | -at java.util.Properties$LineReader.readLine(Properties.java:543) [bci: 259]
  loop 2 Cycles: 14962 || Activation Count:131| LoopCallCount: 0 |  Source: -at java.util.Properties$LineReader.readLine(Properties.java:540) [bci: 224] | -at java.util.Properties$LineReader.readLine(Properties.java:543) [bci: 259]
  loop 5 Cycles: 662 || Activation Count:1| LoopCallCount: 0 |  Source: -at java.util.Properties$LineReader.readLine(Properties.java:540) [bci: 224] | -at java.util.Properties$LineReader.readLine(Properties.java:543) [bci: 259]
Comp 142 (java.util.Properties$LineReader.readLine()-Re-Comp) loops:
Found Encoding : 0:-1,1:0,2:1
└── Loop 0
    └── Loop 1
        └── Loop 2
  loop 0 Cycles: 337126 || Activation Count:6| LoopCallCount: 2 |  Source: -at java.util.Properties$LineReader.readLine(Properties.java:504) [bci: 53] | -at java.util.Properties$LineReader.readLine(Properties.java:615) [bci: 577]
  loop 1 Cycles: 397840 || Activation Count:374| LoopCallCount: 1 |  Source: -at java.util.Properties$LineReader.readLine(Properties.java:538) [bci: 219] | -at java.util.Properties$LineReader.readLine(Properties.java:543) [bci: 259]
  loop 2 Cycles: 47704 || Activation Count:377| LoopCallCount: 0 |  Source: -at java.util.Properties$LineReader.readLine(Properties.java:540) [bci: 224] | -at java.util.Properties$LineReader.readLine(Properties.java:545) [bci: 262]
Comp 184 (json.JsonPureStringParser.subStringFromTo(int,) loops:
Found Encoding : 1:-1,0:-1
├── Loop 1
└── Loop 0
  loop 0 Cycles: 147862 || Activation Count:4608| LoopCallCount: 0 |  Source: -at json.JsonPureStringParser.subStringFromTo(int, int) [bci: 16] | -at json.JsonPureStringParser.subStringFromTo(int, int) [bci: 42]
  loop 1 Cycles: 153022 || Activation Count:4608| LoopCallCount: 0 |  Source: -at jdk.graal.compiler.hotspot.replacements.HotSpotAllocationSnippets.allocateArray(KlassPointer, int, int, int, AllocationSnippets$FillContent, int, boolean, boolean, boolean, boolean, HotSpotAllocationSnippets$HotSpotAllocationProfilingData, boole
Comp 185 (json.JsonPureStringParser.readStringInternal()) loops:
Found Encoding : 0:-1,3:-1,2:-1,1:-1
├── Loop 0
├── Loop 3
├── Loop 2
└── Loop 1
  loop 0 Cycles: 23439623260 || Activation Count:97448130| LoopCallCount: 2 |  Source: -at json.JsonPureStringParser.readStringInternal() [bci: 8] | -at json.JsonPureStringParser.readStringInternal() [bci: 54]
  loop 1 Cycles: 3376144820 || Activation Count:97448130| LoopCallCount: 0 |  Source: -at json.JsonPureStringParser.subStringFromTo(int, int) [bci: 16]
-at json.JsonPureStringParser.endCapture() [bci: 39]
-at json.JsonPureStringParser.readStringInternal() [bci: 55] | -at json.JsonPureStringParser.subStringFromTo(int, int) [bci: 42]
-
  loop 3 Cycles: 2512408766 || Activation Count:97445476| LoopCallCount: 0 |  Source: -at jdk.graal.compiler.hotspot.replacements.HotSpotAllocationSnippets.allocateArray(KlassPointer, int, int, int, AllocationSnippets$FillContent, int, boolean, boolean, boolean, boolean, HotSpotAllocationSnippets$HotSpotAllocationProfilingData, boole
Comp 194 (json.JsonPureStringParser.readArray()) loops:
Found Encoding : 3:-1,2:-1,0:-1,1:-1
├── Loop 3
├── Loop 2
├── Loop 0
└── Loop 1
  loop 0 Cycles: 319399067470 || Activation Count:26997278| LoopCallCount: 6 |  Source: -at json.JsonPureStringParser.readArray() [bci: 27] | -at json.JsonPureStringParser.readChar(String) [bci: 11]
-at json.JsonPureStringParser.readArray() [bci: 47]
  loop 1 Cycles: 38425820 || Activation Count:599789| LoopCallCount: 0 |  Source: -at jdk.graal.compiler.hotspot.replacements.HotSpotAllocationSnippets.allocateArray(KlassPointer, int, int, int, AllocationSnippets$FillContent, int, boolean, boolean, boolean, boolean, HotSpotAllocationSnippets$HotSpotAllocationProfilingData, boole
  loop 2 Cycles: 1607662944 || Activation Count:26991839| LoopCallCount: 0 |  Source: -at jdk.graal.compiler.hotspot.replacements.HotSpotAllocationSnippets.allocateArray(KlassPointer, int, int, int, AllocationSnippets$FillContent, int, boolean, boolean, boolean, boolean, HotSpotAllocationSnippets$HotSpotAllocationProfilingData, boole
  loop 3 Cycles: 3758134 || Activation Count:49994| LoopCallCount: 0 |  Source: -at jdk.graal.compiler.hotspot.replacements.HotSpotAllocationSnippets.allocateArray(KlassPointer, int, int, int, AllocationSnippets$FillContent, int, boolean, boolean, boolean, boolean, HotSpotAllocationSnippets$HotSpotAllocationProfilingData, boole
Comp 196 (json.JsonPureStringParser.endCapture()) loops:
Found Encoding : 1:-1,0:-1
├── Loop 1
└── Loop 0
  loop 0 Cycles: 955376058 || Activation Count:35595086| LoopCallCount: 0 |  Source: -at json.JsonPureStringParser.subStringFromTo(int, int) [bci: 16]
-at json.JsonPureStringParser.endCapture() [bci: 39] | -at json.JsonPureStringParser.subStringFromTo(int, int) [bci: 42]
-at json.JsonPureStringParser.endCapture() [bci: 39]
  loop 1 Cycles: 969133886 || Activation Count:35594201| LoopCallCount: 0 |  Source: -at jdk.graal.compiler.hotspot.replacements.HotSpotAllocationSnippets.allocateArray(KlassPointer, int, int, int, AllocationSnippets$FillContent, int, boolean, boolean, boolean, boolean, HotSpotAllocationSnippets$HotSpotAllocationProfilingData, boole
Comp 197 (json.JsonPureStringParser.readNumber()) loops:
Found Encoding : 0:-1
└── Loop 0
  loop 0 Cycles: 5640710222 || Activation Count:33095246| LoopCallCount: 3 |  Source: -at json.JsonPureStringParser.readNumber() [bci: 39] | -at json.JsonPureStringParser.readDigit() [bci: 7]
-at json.JsonPureStringParser.readNumber() [bci: 40]
Comp 205 (som.Vector.<init>()) loops:
Found Encoding : 0:-1
└── Loop 0
  loop 0 Cycles: 191876 || Activation Count:3177| LoopCallCount: 0 |  Source: -at jdk.graal.compiler.hotspot.replacements.HotSpotAllocationSnippets.allocateArray(KlassPointer, int, int, int, AllocationSnippets$FillContent, int, boolean, boolean, boolean, boolean, HotSpotAllocationSnippets$HotSpotAllocationProfilingData, boole
Comp 207 (json.JsonPureStringParser.readObject()) loops:
Found Encoding : 1:-1,4:-1,5:-1,0:-1,2:-1,3:-1
├── Loop 1
├── Loop 4
├── Loop 5
├── Loop 0
├── Loop 2
└── Loop 3
  loop 0 Cycles: 219908806648 || Activation Count:6996804| LoopCallCount: 10 |  Source: -at json.JsonPureStringParser.readObject() [bci: 27] | -at json.JsonPureStringParser.readChar(String) [bci: 11]
-at json.JsonPureStringParser.readObject() [bci: 77]
  loop 1 Cycles: 359750718 || Activation Count:7845084| LoopCallCount: 0 |  Source: -at jdk.graal.compiler.hotspot.replacements.HotSpotAllocationSnippets.allocateArray(KlassPointer, int, int, int, AllocationSnippets$FillContent, int, boolean, boolean, boolean, boolean, HotSpotAllocationSnippets$HotSpotAllocationProfilingData, boole
  loop 2 Cycles: 52127140 || Activation Count:849522| LoopCallCount: 0 |  Source: -at jdk.graal.compiler.hotspot.replacements.HotSpotAllocationSnippets.allocateArray(KlassPointer, int, int, int, AllocationSnippets$FillContent, int, boolean, boolean, boolean, boolean, HotSpotAllocationSnippets$HotSpotAllocationProfilingData, boole
  loop 3 Cycles: 36233438 || Activation Count:849338| LoopCallCount: 0 |  Source: -at jdk.graal.compiler.hotspot.replacements.HotSpotAllocationSnippets.allocateArray(KlassPointer, int, int, int, AllocationSnippets$FillContent, int, boolean, boolean, boolean, boolean, HotSpotAllocationSnippets$HotSpotAllocationProfilingData, boole
  loop 4 Cycles: 451874354 || Activation Count:6995186| LoopCallCount: 0 |  Source: -at jdk.graal.compiler.hotspot.replacements.HotSpotAllocationSnippets.allocateArray(KlassPointer, int, int, int, AllocationSnippets$FillContent, int, boolean, boolean, boolean, boolean, HotSpotAllocationSnippets$HotSpotAllocationProfilingData, boole
  loop 5 Cycles: 295817896 || Activation Count:6995737| LoopCallCount: 0 |  Source: -at jdk.graal.compiler.hotspot.replacements.HotSpotAllocationSnippets.allocateArray(KlassPointer, int, int, int, AllocationSnippets$FillContent, int, boolean, boolean, boolean, boolean, HotSpotAllocationSnippets$HotSpotAllocationProfilingData, boole
Comp 230 (java.util.Arrays.copyOf(Object[],) loops:
Found Encoding : 0:-1
└── Loop 0
  loop 0 Cycles: 17318842 || Activation Count:93578| LoopCallCount: 0 |  Source: -at jdk.graal.compiler.hotspot.replacements.HotSpotAllocationSnippets.allocateArray(KlassPointer, int, int, int, AllocationSnippets$FillContent, int, boolean, boolean, boolean, boolean, HotSpotAllocationSnippets$HotSpotAllocationProfilingData, boole
Comp 243 (Benchmark.innerBenchmarkLoop(int)) loops:
Found Encoding : 0:-1
└── Loop 0
  loop 0 Cycles: 46352426 || Activation Count:1| LoopCallCount: 2 |  Source: -at Benchmark.innerBenchmarkLoop(int) [bci: 2] | -at Benchmark.innerBenchmarkLoop(int) [bci: 26]
Comp 244 (Benchmark.innerBenchmarkLoop(int)-Re-Comp) loops:
Found Encoding : 0:-1
└── Loop 0
  loop 0 Cycles: 75595633756 || Activation Count:295| LoopCallCount: 2 |  Source: -at Benchmark.innerBenchmarkLoop(int) [bci: 2] | -at Benchmark.innerBenchmarkLoop(int) [bci: 26]
Comp 245 (java.lang.StringLatin1.inflate(byte[],) loops:
Found Encoding : 0:-1,1:-1,2:-1
├── Loop 0
├── Loop 1
└── Loop 2
  loop 0 Cycles: 27898 || Activation Count:148| LoopCallCount: 0 |  Source: -at java.lang.StringLatin1.inflate(StringLatin1.java:767) [bci: 3] | -at java.lang.StringLatin1.inflate(StringLatin1.java:770) [bci: 33]
  loop 1 Cycles: 12088 || Activation Count:148| LoopCallCount: 0 |  Source: Source Missing | -at java.lang.StringLatin1.inflate(StringLatin1.java:770) [bci: 33]
  loop 2 Cycles: 8842 || Activation Count:148| LoopCallCount: 0 |  Source: Source Missing | -at java.lang.StringLatin1.inflate(StringLatin1.java:770) [bci: 33]
