Could not locate BlockSlowdown.json
Skipping Loading (this might cause a fatal crash if GTSlowdown is on)
[Use -Djdk.graal.LogFile=<path> to redirect Graal log output to a file.]
Requesting uncached profile for bci 32 in java.util.ImmutableCollections$SetN$SetNIterator.next()java.lang.Object method getBytecodeProfile
Requesting uncached profile for bci 32 in java.util.ImmutableCollections$SetN$SetNIterator.next()java.lang.Object method getBranchTakenProbability
java.util.ImmutableCollections$SetN$SetNIterator.next()java.lang.Object -1 graphSignature differs dd493989519e7f328311cfecc7abfe1946186eaebdea7e8b59878a8ba9e25a26 != 920e12a7ee41cc3a0a3487d03bd48833bfc4e8d416bdbae7234f8ba199084b4d
Could not locate BlockSlowdown.json
Skipping Loading (this might cause a fatal crash if GTSlowdown is on)
Starting CD benchmark ...
cd.CollisionDetector.recurse(cd.RedBlackTree, cd.RedBlackTree, cd.Vector2D, cd.Motion)void -1 graphSignature differs 74a735173b31023db2e1a8bac33a506347f09e8f72477bfb92e3b51d5bdfdb7a != 74cc8574ad5393ca4651f98e544552e2e5c112697d8938c6a92274a40a7e8a86
cd.CollisionDetector.isInVoxel(cd.Vector2D, cd.Motion)boolean -1 graphSignature differs dc56d1f1075d187e8a6c7a40623981ec77d5427baf5e0322150c6adba4aa5b4b != b4b76765bfe3bedb2def2e17f9020b500fd9eb4b9c7683bf804467fc2d8fee2d
CD: iterations=1 runtime: 474761us
CD: iterations=2 runtime: 120713us
CD: iterations=3 runtime: 123624us
CD: iterations=4 runtime: 116012us
CD: iterations=5 runtime: 118253us
CD: iterations=6 runtime: 116579us
CD: iterations=7 runtime: 115931us
CD: iterations=8 runtime: 115268us
CD: iterations=9 runtime: 115527us
CD: iterations=10 runtime: 116067us
CD: iterations=11 runtime: 115612us
CD: iterations=12 runtime: 115299us
CD: iterations=13 runtime: 115954us
CD: iterations=14 runtime: 115642us
CD: iterations=15 runtime: 116037us
CD: iterations=16 runtime: 114706us
CD: iterations=17 runtime: 116054us
CD: iterations=18 runtime: 114816us
CD: iterations=19 runtime: 114819us
Could not locate BlockSlowdown.json
Skipping Loading (this might cause a fatal crash if GTSlowdown is on)
CD: iterations=20 runtime: 114596us
CD: iterations=21 runtime: 141212us
CD: iterations=22 runtime: 114966us
CD: iterations=23 runtime: 115252us
CD: iterations=24 runtime: 115325us
CD: iterations=25 runtime: 115002us
CD: iterations=26 runtime: 115993us
CD: iterations=27 runtime: 114973us
CD: iterations=28 runtime: 114663us
CD: iterations=29 runtime: 114780us
CD: iterations=30 runtime: 115096us
CD: iterations=31 runtime: 115140us
CD: iterations=32 runtime: 115261us
CD: iterations=33 runtime: 114602us
CD: iterations=34 runtime: 114419us
CD: iterations=35 runtime: 114281us
CD: iterations=36 runtime: 114281us
CD: iterations=37 runtime: 115061us
CD: iterations=38 runtime: 114762us
CD: iterations=39 runtime: 115266us
CD: iterations=40 runtime: 115043us
CD: iterations=41 runtime: 114210us
CD: iterations=42 runtime: 114439us
CD: iterations=43 runtime: 114708us
CD: iterations=44 runtime: 114788us
CD: iterations=45 runtime: 114606us
CD: iterations=46 runtime: 114621us
CD: iterations=47 runtime: 114865us
CD: iterations=48 runtime: 115079us
CD: iterations=49 runtime: 114253us
CD: iterations=50 runtime: 113727us
CD: iterations=51 runtime: 114607us
CD: iterations=52 runtime: 114242us
CD: iterations=53 runtime: 114378us
CD: iterations=54 runtime: 114922us
CD: iterations=55 runtime: 114995us
CD: iterations=56 runtime: 115113us
CD: iterations=57 runtime: 114868us
CD: iterations=58 runtime: 114753us
CD: iterations=59 runtime: 114057us
CD: iterations=60 runtime: 114520us
CD: iterations=61 runtime: 114253us
CD: iterations=62 runtime: 114634us
CD: iterations=63 runtime: 114549us
CD: iterations=64 runtime: 114879us
CD: iterations=65 runtime: 114942us
CD: iterations=66 runtime: 114575us
CD: iterations=67 runtime: 113973us
CD: iterations=68 runtime: 115355us
CD: iterations=69 runtime: 116726us
CD: iterations=70 runtime: 115943us
CD: iterations=71 runtime: 115205us
CD: iterations=72 runtime: 114222us
CD: iterations=73 runtime: 114531us
CD: iterations=74 runtime: 114656us
CD: iterations=75 runtime: 113737us
CD: iterations=76 runtime: 113658us
CD: iterations=77 runtime: 114107us
CD: iterations=78 runtime: 113935us
CD: iterations=79 runtime: 114205us
CD: iterations=80 runtime: 114266us
CD: iterations=81 runtime: 114443us
CD: iterations=82 runtime: 114420us
CD: iterations=83 runtime: 113854us
CD: iterations=84 runtime: 114247us
CD: iterations=85 runtime: 113807us
CD: iterations=86 runtime: 114089us
CD: iterations=87 runtime: 113979us
CD: iterations=88 runtime: 114291us
CD: iterations=89 runtime: 114109us
CD: iterations=90 runtime: 114729us
Could not locate BlockSlowdown.json
Skipping Loading (this might cause a fatal crash if GTSlowdown is on)
CD: iterations=91 runtime: 115276us
CD: iterations=92 runtime: 113678us
CD: iterations=93 runtime: 114030us
CD: iterations=94 runtime: 113977us
CD: iterations=95 runtime: 114642us
CD: iterations=96 runtime: 115083us
CD: iterations=97 runtime: 114810us
CD: iterations=98 runtime: 114622us
CD: iterations=99 runtime: 114202us
CD: iterations=100 runtime: 113919us
CD: iterations=101 runtime: 113682us
CD: iterations=102 runtime: 113678us
Could not locate BlockSlowdown.json
Skipping Loading (this might cause a fatal crash if GTSlowdown is on)
CD: iterations=103 runtime: 207991us
CD: iterations=104 runtime: 114268us
CD: iterations=105 runtime: 114123us
CD: iterations=106 runtime: 114221us
CD: iterations=107 runtime: 114538us
CD: iterations=108 runtime: 113677us
CD: iterations=109 runtime: 113496us
CD: iterations=110 runtime: 113615us
CD: iterations=111 runtime: 115102us
CD: iterations=112 runtime: 115009us
CD: iterations=113 runtime: 114488us
CD: iterations=114 runtime: 114315us
CD: iterations=115 runtime: 114152us
CD: iterations=116 runtime: 114350us
CD: iterations=117 runtime: 113810us
CD: iterations=118 runtime: 113200us
CD: iterations=119 runtime: 114541us
CD: iterations=120 runtime: 114468us
CD: iterations=121 runtime: 113669us
CD: iterations=122 runtime: 113907us
CD: iterations=123 runtime: 114129us
CD: iterations=124 runtime: 114133us
CD: iterations=125 runtime: 113674us
CD: iterations=126 runtime: 113351us
Could not locate BlockSlowdown.json
Skipping Loading (this might cause a fatal crash if GTSlowdown is on)
CD: iterations=127 runtime: 113566us
CD: iterations=128 runtime: 113765us
CD: iterations=129 runtime: 116266us
CD: iterations=130 runtime: 113855us
CD: iterations=131 runtime: 114007us
CD: iterations=132 runtime: 114160us
CD: iterations=133 runtime: 114187us
CD: iterations=134 runtime: 113735us
CD: iterations=135 runtime: 113559us
CD: iterations=136 runtime: 113424us
CD: iterations=137 runtime: 113455us
CD: iterations=138 runtime: 113818us
CD: iterations=139 runtime: 113902us
CD: iterations=140 runtime: 114033us
CD: iterations=141 runtime: 114259us
CD: iterations=142 runtime: 113656us
CD: iterations=143 runtime: 113167us
CD: iterations=144 runtime: 113503us
CD: iterations=145 runtime: 113597us
CD: iterations=146 runtime: 113677us
CD: iterations=147 runtime: 114078us
CD: iterations=148 runtime: 113998us
CD: iterations=149 runtime: 114126us
CD: iterations=150 runtime: 113627us
CD: iterations=151 runtime: 113207us
CD: iterations=152 runtime: 113473us
CD: iterations=153 runtime: 113476us
CD: iterations=154 runtime: 113887us
CD: iterations=155 runtime: 122663us
CD: iterations=156 runtime: 114687us
CD: iterations=157 runtime: 114807us
CD: iterations=158 runtime: 127967us
CD: iterations=159 runtime: 116130us
CD: iterations=160 runtime: 113529us
CD: iterations=161 runtime: 113585us
CD: iterations=162 runtime: 113818us
CD: iterations=163 runtime: 113817us
CD: iterations=164 runtime: 114075us
CD: iterations=165 runtime: 114241us
CD: iterations=166 runtime: 114358us
CD: iterations=167 runtime: 113773us
CD: iterations=168 runtime: 113663us
CD: iterations=169 runtime: 113429us
CD: iterations=170 runtime: 113777us
CD: iterations=171 runtime: 113773us
CD: iterations=172 runtime: 113887us
CD: iterations=173 runtime: 114038us
CD: iterations=174 runtime: 114160us
CD: iterations=175 runtime: 114312us
CD: iterations=176 runtime: 113845us
CD: iterations=177 runtime: 113531us
CD: iterations=178 runtime: 113483us
CD: iterations=179 runtime: 113706us
CD: iterations=180 runtime: 113792us
CD: iterations=181 runtime: 114184us
CD: iterations=182 runtime: 114119us
CD: iterations=183 runtime: 114315us
CD: iterations=184 runtime: 113852us
CD: iterations=185 runtime: 113306us
CD: iterations=186 runtime: 113527us
CD: iterations=187 runtime: 113767us
CD: iterations=188 runtime: 113863us
CD: iterations=189 runtime: 114100us
CD: iterations=190 runtime: 114280us
CD: iterations=191 runtime: 114399us
CD: iterations=192 runtime: 113911us
CD: iterations=193 runtime: 113823us
CD: iterations=194 runtime: 113975us
CD: iterations=195 runtime: 114050us
CD: iterations=196 runtime: 114160us
CD: iterations=197 runtime: 113882us
CD: iterations=198 runtime: 114706us
CD: iterations=199 runtime: 114857us
CD: iterations=200 runtime: 115732us
CD: iterations=201 runtime: 113915us
CD: iterations=202 runtime: 113576us
CD: iterations=203 runtime: 113814us
CD: iterations=204 runtime: 113697us
CD: iterations=205 runtime: 114024us
CD: iterations=206 runtime: 113988us
CD: iterations=207 runtime: 114238us
CD: iterations=208 runtime: 114262us
CD: iterations=209 runtime: 113763us
CD: iterations=210 runtime: 113501us
CD: iterations=211 runtime: 113524us
CD: iterations=212 runtime: 113564us
CD: iterations=213 runtime: 113868us
CD: iterations=214 runtime: 113888us
CD: iterations=215 runtime: 114244us
CD: iterations=216 runtime: 114321us
CD: iterations=217 runtime: 114291us
CD: iterations=218 runtime: 113949us
CD: iterations=219 runtime: 113402us
CD: iterations=220 runtime: 113607us
CD: iterations=221 runtime: 113761us
CD: iterations=222 runtime: 113827us
CD: iterations=223 runtime: 113943us
CD: iterations=224 runtime: 114476us
CD: iterations=225 runtime: 114888us
CD: iterations=226 runtime: 114430us
CD: iterations=227 runtime: 113958us
CD: iterations=228 runtime: 114262us
CD: iterations=229 runtime: 114358us
CD: iterations=230 runtime: 114418us
CD: iterations=231 runtime: 114202us
CD: iterations=232 runtime: 114715us
CD: iterations=233 runtime: 114744us
CD: iterations=234 runtime: 114608us
CD: iterations=235 runtime: 113737us
CD: iterations=236 runtime: 113643us
CD: iterations=237 runtime: 114108us
CD: iterations=238 runtime: 114277us
CD: iterations=239 runtime: 114370us
CD: iterations=240 runtime: 114370us
CD: iterations=241 runtime: 114821us
CD: iterations=242 runtime: 115804us
CD: iterations=243 runtime: 115185us
CD: iterations=244 runtime: 115198us
CD: iterations=245 runtime: 114181us
CD: iterations=246 runtime: 114310us
CD: iterations=247 runtime: 114441us
CD: iterations=248 runtime: 114635us
CD: iterations=249 runtime: 114917us
CD: iterations=250 runtime: 115220us
CD: iterations=251 runtime: 114252us
CD: iterations=252 runtime: 114019us
CD: iterations=253 runtime: 114210us
CD: iterations=254 runtime: 114709us
CD: iterations=255 runtime: 114405us
CD: iterations=256 runtime: 114804us
CD: iterations=257 runtime: 114815us
CD: iterations=258 runtime: 114962us
CD: iterations=259 runtime: 115021us
CD: iterations=260 runtime: 114229us
CD: iterations=261 runtime: 114147us
CD: iterations=262 runtime: 114468us
CD: iterations=263 runtime: 114613us
CD: iterations=264 runtime: 114579us
CD: iterations=265 runtime: 114668us
CD: iterations=266 runtime: 114856us
CD: iterations=267 runtime: 115017us
CD: iterations=268 runtime: 114133us
CD: iterations=269 runtime: 113800us
CD: iterations=270 runtime: 114196us
CD: iterations=271 runtime: 113876us
CD: iterations=272 runtime: 114714us
CD: iterations=273 runtime: 114525us
CD: iterations=274 runtime: 114535us
CD: iterations=275 runtime: 114609us
CD: iterations=276 runtime: 114604us
CD: iterations=277 runtime: 114112us
CD: iterations=278 runtime: 115717us
CD: iterations=279 runtime: 114093us
CD: iterations=280 runtime: 114091us
CD: iterations=281 runtime: 114248us
CD: iterations=282 runtime: 114576us
CD: iterations=283 runtime: 114919us
CD: iterations=284 runtime: 114299us
CD: iterations=285 runtime: 113985us
CD: iterations=286 runtime: 115133us
CD: iterations=287 runtime: 115061us
CD: iterations=288 runtime: 114513us
CD: iterations=289 runtime: 114749us
CD: iterations=290 runtime: 114696us
CD: iterations=291 runtime: 114770us
CD: iterations=292 runtime: 114994us
CD: iterations=293 runtime: 114200us
CD: iterations=294 runtime: 114012us
CD: iterations=295 runtime: 114275us
CD: iterations=296 runtime: 114126us
CD: iterations=297 runtime: 114251us
CD: iterations=298 runtime: 114515us
CD: iterations=299 runtime: 114869us
CD: iterations=300 runtime: 114743us
CD: iterations=301 runtime: 115082us
CD: iterations=302 runtime: 114269us
CD: iterations=303 runtime: 113706us
CD: iterations=304 runtime: 114298us
CD: iterations=305 runtime: 114467us
CD: iterations=306 runtime: 114425us
CD: iterations=307 runtime: 114496us
CD: iterations=308 runtime: 114818us
CD: iterations=309 runtime: 114995us
CD: iterations=310 runtime: 114229us
CD: iterations=311 runtime: 114013us
CD: iterations=312 runtime: 114176us
CD: iterations=313 runtime: 114089us
CD: iterations=314 runtime: 114715us
CD: iterations=315 runtime: 114663us
CD: iterations=316 runtime: 114346us
CD: iterations=317 runtime: 114985us
CD: iterations=318 runtime: 114787us
CD: iterations=319 runtime: 114152us
CD: iterations=320 runtime: 114080us
CD: iterations=321 runtime: 114104us
CD: iterations=322 runtime: 114537us
CD: iterations=323 runtime: 114495us
CD: iterations=324 runtime: 114507us
CD: iterations=325 runtime: 114987us
CD: iterations=326 runtime: 114691us
CD: iterations=327 runtime: 114271us
CD: iterations=328 runtime: 113871us
CD: iterations=329 runtime: 114974us
CD: iterations=330 runtime: 114852us
CD: iterations=331 runtime: 115709us
CD: iterations=332 runtime: 114606us
CD: iterations=333 runtime: 114732us
CD: iterations=334 runtime: 114873us
CD: iterations=335 runtime: 114172us
CD: iterations=336 runtime: 113997us
CD: iterations=337 runtime: 114074us
CD: iterations=338 runtime: 114369us
CD: iterations=339 runtime: 114530us
CD: iterations=340 runtime: 114739us
CD: iterations=341 runtime: 114519us
CD: iterations=342 runtime: 114927us
CD: iterations=343 runtime: 114777us
CD: iterations=344 runtime: 114128us
CD: iterations=345 runtime: 113709us
CD: iterations=346 runtime: 114414us
CD: iterations=347 runtime: 114192us
CD: iterations=348 runtime: 114820us
CD: iterations=349 runtime: 115150us
CD: iterations=350 runtime: 114656us
CD: iterations=351 runtime: 114982us
CD: iterations=352 runtime: 114277us
CD: iterations=353 runtime: 113950us
CD: iterations=354 runtime: 115894us
CD: iterations=355 runtime: 128260us
CD: iterations=356 runtime: 114434us
CD: iterations=357 runtime: 114658us
CD: iterations=358 runtime: 114644us
CD: iterations=359 runtime: 114730us
CD: iterations=360 runtime: 114877us
CD: iterations=361 runtime: 114220us
CD: iterations=362 runtime: 113972us
CD: iterations=363 runtime: 114291us
CD: iterations=364 runtime: 114178us
CD: iterations=365 runtime: 114372us
CD: iterations=366 runtime: 114642us
CD: iterations=367 runtime: 114753us
CD: iterations=368 runtime: 114991us
CD: iterations=369 runtime: 114268us
CD: iterations=370 runtime: 114112us
CD: iterations=371 runtime: 114164us
CD: iterations=372 runtime: 113878us
CD: iterations=373 runtime: 115503us
CD: iterations=374 runtime: 115248us
CD: iterations=375 runtime: 115215us
CD: iterations=376 runtime: 114867us
CD: iterations=377 runtime: 114184us
CD: iterations=378 runtime: 114110us
CD: iterations=379 runtime: 113925us
CD: iterations=380 runtime: 113982us
CD: iterations=381 runtime: 114722us
CD: iterations=382 runtime: 115067us
CD: iterations=383 runtime: 114247us
CD: iterations=384 runtime: 114513us
CD: iterations=385 runtime: 114397us
CD: iterations=386 runtime: 114020us
CD: iterations=387 runtime: 113920us
CD: iterations=388 runtime: 113710us
CD: iterations=389 runtime: 113770us
CD: iterations=390 runtime: 114213us
CD: iterations=391 runtime: 114415us
CD: iterations=392 runtime: 114691us
CD: iterations=393 runtime: 114466us
CD: iterations=394 runtime: 114152us
CD: iterations=395 runtime: 113491us
CD: iterations=396 runtime: 113531us
CD: iterations=397 runtime: 113713us
CD: iterations=398 runtime: 114124us
CD: iterations=399 runtime: 114098us
CD: iterations=400 runtime: 114881us
CD: iterations=401 runtime: 116057us
CD: iterations=402 runtime: 114635us
CD: iterations=403 runtime: 113926us
CD: iterations=404 runtime: 113620us
CD: iterations=405 runtime: 113757us
CD: iterations=406 runtime: 113905us
CD: iterations=407 runtime: 114204us
CD: iterations=408 runtime: 114283us
CD: iterations=409 runtime: 114567us
CD: iterations=410 runtime: 114673us
CD: iterations=411 runtime: 114130us
CD: iterations=412 runtime: 113912us
CD: iterations=413 runtime: 114089us
CD: iterations=414 runtime: 114221us
CD: iterations=415 runtime: 114065us
CD: iterations=416 runtime: 114598us
CD: iterations=417 runtime: 115174us
Could not locate BlockSlowdown.json
Skipping Loading (this might cause a fatal crash if GTSlowdown is on)
CD: iterations=418 runtime: 115554us
CD: iterations=419 runtime: 114596us
CD: iterations=420 runtime: 114343us
CD: iterations=421 runtime: 113878us
CD: iterations=422 runtime: 114248us
CD: iterations=423 runtime: 114548us
CD: iterations=424 runtime: 114659us
CD: iterations=425 runtime: 114703us
CD: iterations=426 runtime: 115108us
CD: iterations=427 runtime: 115061us
CD: iterations=428 runtime: 114146us
CD: iterations=429 runtime: 114097us
CD: iterations=430 runtime: 113799us
CD: iterations=431 runtime: 114292us
CD: iterations=432 runtime: 114357us
CD: iterations=433 runtime: 114905us
CD: iterations=434 runtime: 114906us
CD: iterations=435 runtime: 114854us
CD: iterations=436 runtime: 114347us
CD: iterations=437 runtime: 113909us
CD: iterations=438 runtime: 114164us
CD: iterations=439 runtime: 114101us
CD: iterations=440 runtime: 114551us
CD: iterations=441 runtime: 114496us
CD: iterations=442 runtime: 115058us
CD: iterations=443 runtime: 114920us
CD: iterations=444 runtime: 115061us
CD: iterations=445 runtime: 114388us
CD: iterations=446 runtime: 113879us
CD: iterations=447 runtime: 114095us
CD: iterations=448 runtime: 114292us
CD: iterations=449 runtime: 114468us
CD: iterations=450 runtime: 114576us
CD: iterations=451 runtime: 114448us
CD: iterations=452 runtime: 115123us
CD: iterations=453 runtime: 114552us
CD: iterations=454 runtime: 114272us
CD: iterations=455 runtime: 116301us
CD: iterations=456 runtime: 114945us
CD: iterations=457 runtime: 114462us
CD: iterations=458 runtime: 114515us
CD: iterations=459 runtime: 114821us
CD: iterations=460 runtime: 115874us
CD: iterations=461 runtime: 115954us
CD: iterations=462 runtime: 114971us
CD: iterations=463 runtime: 113914us
CD: iterations=464 runtime: 114484us
CD: iterations=465 runtime: 114307us
CD: iterations=466 runtime: 115130us
CD: iterations=467 runtime: 114413us
CD: iterations=468 runtime: 114672us
CD: iterations=469 runtime: 114834us
CD: iterations=470 runtime: 114254us
CD: iterations=471 runtime: 114123us
CD: iterations=472 runtime: 113920us
CD: iterations=473 runtime: 114241us
CD: iterations=474 runtime: 114502us
CD: iterations=475 runtime: 114418us
CD: iterations=476 runtime: 114504us
CD: iterations=477 runtime: 114753us
CD: iterations=478 runtime: 114262us
CD: iterations=479 runtime: 113845us
CD: iterations=480 runtime: 113891us
CD: iterations=481 runtime: 122116us
CD: iterations=482 runtime: 114286us
CD: iterations=483 runtime: 114532us
CD: iterations=484 runtime: 114616us
CD: iterations=485 runtime: 114685us
CD: iterations=486 runtime: 114973us
CD: iterations=487 runtime: 114288us
CD: iterations=488 runtime: 114103us
CD: iterations=489 runtime: 113944us
CD: iterations=490 runtime: 114457us
CD: iterations=491 runtime: 114568us
CD: iterations=492 runtime: 114177us
CD: iterations=493 runtime: 114947us
CD: iterations=494 runtime: 114561us
CD: iterations=495 runtime: 114141us
CD: iterations=496 runtime: 114414us
CD: iterations=497 runtime: 114079us
CD: iterations=498 runtime: 115044us
CD: iterations=499 runtime: 120362us
CD: iterations=500 runtime: 114577us
Could not locate BlockSlowdown.json
Skipping Loading (this might cause a fatal crash if GTSlowdown is on)
CD: iterations=500 average: 115516us total: 57758262us


Total Runtime: 57758262us
Bubo.RDTSC.Harness.main Total RDTSC cycles: 191666605744
