Could not locate BlockSlowdown.json
Skipping Loading (this might cause a fatal crash if GTSlowdown is on)
Could not locate BlockSlowdown.json
Skipping Loading (this might cause a fatal crash if GTSlowdown is on)
[1.490s][info][jfr,startup] Started recording 1. No limit specified, using maxsize=250MB as default.
[1.490s][info][jfr,startup] 
[1.490s][info][jfr,startup] Use jcmd 302527 JFR.dump name=Storage_noSlow_JFR to copy recording data to file.
Starting Storage benchmark ...
Storage: iterations=1 runtime: 201716us
Storage: iterations=2 runtime: 169202us
Storage: iterations=3 runtime: 165313us
Storage: iterations=4 runtime: 163547us
Storage: iterations=5 runtime: 159090us
Storage: iterations=6 runtime: 157725us
Storage: iterations=7 runtime: 155606us
Storage: iterations=8 runtime: 161947us
Storage: iterations=9 runtime: 155212us
Storage: iterations=10 runtime: 155083us
Storage: iterations=11 runtime: 154660us
Could not locate BlockSlowdown.json
Skipping Loading (this might cause a fatal crash if GTSlowdown is on)
Storage: iterations=12 runtime: 337107us
Storage: iterations=13 runtime: 110482us
Storage: iterations=14 runtime: 111217us
Storage: iterations=15 runtime: 110342us
Storage: iterations=16 runtime: 110629us
Storage: iterations=17 runtime: 111035us
Storage: iterations=18 runtime: 110452us
Storage: iterations=19 runtime: 111116us
Storage: iterations=20 runtime: 110474us
Storage: iterations=21 runtime: 110410us
Storage: iterations=22 runtime: 111023us
Storage: iterations=23 runtime: 110600us
Storage: iterations=24 runtime: 111140us
Could not locate BlockSlowdown.json
Skipping Loading (this might cause a fatal crash if GTSlowdown is on)
Storage: iterations=25 runtime: 110726us
Storage: iterations=26 runtime: 110586us
Storage: iterations=27 runtime: 111152us
Storage: iterations=28 runtime: 110420us
Storage: iterations=29 runtime: 112049us
Storage: iterations=30 runtime: 110555us
Storage: iterations=31 runtime: 110500us
Storage: iterations=32 runtime: 111309us
Storage: iterations=33 runtime: 110304us
Storage: iterations=34 runtime: 111337us
Storage: iterations=35 runtime: 110555us
Storage: iterations=36 runtime: 110404us
Storage: iterations=37 runtime: 111512us
Storage: iterations=38 runtime: 110524us
Storage: iterations=39 runtime: 111744us
Storage: iterations=40 runtime: 110692us
Storage: iterations=41 runtime: 110838us
Storage: iterations=42 runtime: 111462us
Storage: iterations=43 runtime: 110752us
Storage: iterations=44 runtime: 110968us
Storage: iterations=45 runtime: 110435us
Storage: iterations=46 runtime: 110465us
Storage: iterations=47 runtime: 111284us
Storage: iterations=48 runtime: 110641us
Storage: iterations=49 runtime: 111519us
Storage: iterations=50 runtime: 111344us
Storage: iterations=51 runtime: 111911us
Storage: iterations=52 runtime: 111775us
Storage: iterations=53 runtime: 110752us
Storage: iterations=54 runtime: 111195us
Storage: iterations=55 runtime: 110686us
Storage: iterations=56 runtime: 110414us
Storage: iterations=57 runtime: 111375us
Storage: iterations=58 runtime: 110674us
Storage: iterations=59 runtime: 111179us
Storage: iterations=60 runtime: 110772us
Storage: iterations=61 runtime: 110468us
Storage: iterations=62 runtime: 111232us
Storage: iterations=63 runtime: 111178us
Storage: iterations=64 runtime: 111375us
Storage: iterations=65 runtime: 110461us
Storage: iterations=66 runtime: 110766us
Storage: iterations=67 runtime: 110844us
Storage: iterations=68 runtime: 110574us
Storage: iterations=69 runtime: 111160us
Storage: iterations=70 runtime: 110942us
Storage: iterations=71 runtime: 110374us
Storage: iterations=72 runtime: 110944us
Storage: iterations=73 runtime: 110388us
Storage: iterations=74 runtime: 111427us
Storage: iterations=75 runtime: 110271us
Storage: iterations=76 runtime: 110462us
Storage: iterations=77 runtime: 111278us
Storage: iterations=78 runtime: 110543us
Storage: iterations=79 runtime: 111067us
Storage: iterations=80 runtime: 110354us
Storage: iterations=81 runtime: 110446us
Storage: iterations=82 runtime: 111335us
Storage: iterations=83 runtime: 110515us
Storage: iterations=84 runtime: 111325us
Storage: iterations=85 runtime: 110368us
Storage: iterations=86 runtime: 110547us
Storage: iterations=87 runtime: 111206us
Could not locate BlockSlowdown.json
Skipping Loading (this might cause a fatal crash if GTSlowdown is on)
Storage: iterations=88 runtime: 110698us
Storage: iterations=89 runtime: 110985us
Storage: iterations=90 runtime: 110221us
Storage: iterations=91 runtime: 110336us
Storage: iterations=92 runtime: 111382us
Storage: iterations=93 runtime: 110625us
Storage: iterations=94 runtime: 111030us
Storage: iterations=95 runtime: 112778us
Storage: iterations=96 runtime: 113074us
Storage: iterations=97 runtime: 112109us
Storage: iterations=98 runtime: 110875us
Storage: iterations=99 runtime: 111526us
Storage: iterations=100 runtime: 110866us
Storage: iterations=101 runtime: 110523us
Storage: iterations=102 runtime: 111570us
Storage: iterations=103 runtime: 110649us
Storage: iterations=104 runtime: 111556us
Storage: iterations=105 runtime: 111126us
Storage: iterations=106 runtime: 110732us
Storage: iterations=107 runtime: 111417us
Storage: iterations=108 runtime: 111011us
Storage: iterations=109 runtime: 111857us
Storage: iterations=110 runtime: 110856us
Storage: iterations=111 runtime: 110905us
Storage: iterations=112 runtime: 111602us
Storage: iterations=113 runtime: 110895us
Storage: iterations=114 runtime: 111892us
Could not locate BlockSlowdown.json
Skipping Loading (this might cause a fatal crash if GTSlowdown is on)
Storage: iterations=115 runtime: 111124us
Storage: iterations=116 runtime: 111427us
Storage: iterations=117 runtime: 111723us
Storage: iterations=118 runtime: 110882us
Storage: iterations=119 runtime: 111093us
Storage: iterations=120 runtime: 110491us
Storage: iterations=121 runtime: 110494us
Storage: iterations=122 runtime: 111022us
Storage: iterations=123 runtime: 110328us
Storage: iterations=124 runtime: 110944us
Storage: iterations=125 runtime: 110275us
Storage: iterations=126 runtime: 109881us
Storage: iterations=127 runtime: 111095us
Storage: iterations=128 runtime: 110479us
Storage: iterations=129 runtime: 110826us
Storage: iterations=130 runtime: 110367us
Storage: iterations=131 runtime: 110511us
Storage: iterations=132 runtime: 111229us
Storage: iterations=133 runtime: 110397us
Storage: iterations=134 runtime: 111002us
Storage: iterations=135 runtime: 110337us
Storage: iterations=136 runtime: 109970us
Storage: iterations=137 runtime: 110978us
Storage: iterations=138 runtime: 110345us
Storage: iterations=139 runtime: 111693us
Storage: iterations=140 runtime: 111293us
Storage: iterations=141 runtime: 112592us
Storage: iterations=142 runtime: 111447us
Storage: iterations=143 runtime: 110359us
Storage: iterations=144 runtime: 111361us
Storage: iterations=145 runtime: 110484us
Storage: iterations=146 runtime: 110263us
Storage: iterations=147 runtime: 111345us
Storage: iterations=148 runtime: 110462us
Storage: iterations=149 runtime: 111225us
Storage: iterations=150 runtime: 110664us
Storage: iterations=151 runtime: 110441us
Storage: iterations=152 runtime: 111194us
Storage: iterations=153 runtime: 110361us
Storage: iterations=154 runtime: 111097us
Storage: iterations=155 runtime: 110753us
Storage: iterations=156 runtime: 110542us
Storage: iterations=157 runtime: 111259us
Storage: iterations=158 runtime: 110612us
Storage: iterations=159 runtime: 111463us
Storage: iterations=160 runtime: 110613us
Storage: iterations=161 runtime: 110402us
Storage: iterations=162 runtime: 110977us
Storage: iterations=163 runtime: 110185us
Storage: iterations=164 runtime: 110762us
Storage: iterations=165 runtime: 110340us
Storage: iterations=166 runtime: 110256us
Storage: iterations=167 runtime: 111066us
Storage: iterations=168 runtime: 110506us
Storage: iterations=169 runtime: 110993us
Storage: iterations=170 runtime: 110622us
Storage: iterations=171 runtime: 110417us
Storage: iterations=172 runtime: 111373us
Storage: iterations=173 runtime: 110469us
Storage: iterations=174 runtime: 111063us
Storage: iterations=175 runtime: 110577us
Storage: iterations=176 runtime: 110279us
Storage: iterations=177 runtime: 111151us
Storage: iterations=178 runtime: 110463us
Storage: iterations=179 runtime: 111078us
Storage: iterations=180 runtime: 110642us
Storage: iterations=181 runtime: 110352us
Storage: iterations=182 runtime: 111050us
Storage: iterations=183 runtime: 110384us
Storage: iterations=184 runtime: 111236us
Storage: iterations=185 runtime: 111949us
Storage: iterations=186 runtime: 112738us
Storage: iterations=187 runtime: 111910us
Storage: iterations=188 runtime: 110830us
Storage: iterations=189 runtime: 111443us
Storage: iterations=190 runtime: 114690us
Storage: iterations=191 runtime: 114284us
Storage: iterations=192 runtime: 111266us
Storage: iterations=193 runtime: 110466us
Storage: iterations=194 runtime: 111524us
Storage: iterations=195 runtime: 110803us
Storage: iterations=196 runtime: 110444us
Storage: iterations=197 runtime: 111434us
Storage: iterations=198 runtime: 110625us
Storage: iterations=199 runtime: 111225us
Storage: iterations=200 runtime: 110805us
Storage: iterations=201 runtime: 110760us
Storage: iterations=202 runtime: 111423us
Storage: iterations=203 runtime: 110707us
Storage: iterations=204 runtime: 111749us
Storage: iterations=205 runtime: 110493us
Storage: iterations=206 runtime: 110350us
Storage: iterations=207 runtime: 111811us
Storage: iterations=208 runtime: 110714us
Storage: iterations=209 runtime: 111253us
Storage: iterations=210 runtime: 110745us
Storage: iterations=211 runtime: 110789us
Storage: iterations=212 runtime: 111452us
Storage: iterations=213 runtime: 110491us
Storage: iterations=214 runtime: 111006us
Storage: iterations=215 runtime: 110709us
Storage: iterations=216 runtime: 110730us
Storage: iterations=217 runtime: 111388us
Storage: iterations=218 runtime: 110571us
Storage: iterations=219 runtime: 111033us
Storage: iterations=220 runtime: 110721us
Storage: iterations=221 runtime: 110545us
Storage: iterations=222 runtime: 111574us
Storage: iterations=223 runtime: 110391us
Storage: iterations=224 runtime: 111121us
Storage: iterations=225 runtime: 110523us
Storage: iterations=226 runtime: 110299us
Storage: iterations=227 runtime: 111354us
Storage: iterations=228 runtime: 110388us
Storage: iterations=229 runtime: 111368us
Storage: iterations=230 runtime: 112294us
Storage: iterations=231 runtime: 113071us
Storage: iterations=232 runtime: 111665us
Storage: iterations=233 runtime: 110678us
Storage: iterations=234 runtime: 111637us
Storage: iterations=235 runtime: 110807us
Storage: iterations=236 runtime: 110620us
Storage: iterations=237 runtime: 110939us
Storage: iterations=238 runtime: 110708us
Storage: iterations=239 runtime: 111408us
Storage: iterations=240 runtime: 110931us
Storage: iterations=241 runtime: 111482us
Storage: iterations=242 runtime: 111457us
Storage: iterations=243 runtime: 110554us
Storage: iterations=244 runtime: 111269us
Storage: iterations=245 runtime: 110474us
Storage: iterations=246 runtime: 110514us
Storage: iterations=247 runtime: 111243us
Storage: iterations=248 runtime: 110451us
Storage: iterations=249 runtime: 111225us
Storage: iterations=250 runtime: 111015us
Storage: iterations=251 runtime: 110521us
Storage: iterations=252 runtime: 111346us
Storage: iterations=253 runtime: 110816us
Storage: iterations=254 runtime: 110965us
Storage: iterations=255 runtime: 111487us
Storage: iterations=256 runtime: 110935us
Storage: iterations=257 runtime: 111375us
Storage: iterations=258 runtime: 110798us
Storage: iterations=259 runtime: 111652us
Storage: iterations=260 runtime: 110813us
Storage: iterations=261 runtime: 110658us
Storage: iterations=262 runtime: 111222us
Storage: iterations=263 runtime: 110700us
Storage: iterations=264 runtime: 111472us
Storage: iterations=265 runtime: 110906us
Storage: iterations=266 runtime: 110731us
Storage: iterations=267 runtime: 111609us
Storage: iterations=268 runtime: 110351us
Storage: iterations=269 runtime: 111260us
Storage: iterations=270 runtime: 110764us
Storage: iterations=271 runtime: 110589us
Storage: iterations=272 runtime: 111439us
Storage: iterations=273 runtime: 110866us
Storage: iterations=274 runtime: 111032us
Storage: iterations=275 runtime: 112319us
Storage: iterations=276 runtime: 112165us
Storage: iterations=277 runtime: 111772us
Storage: iterations=278 runtime: 110406us
Storage: iterations=279 runtime: 110428us
Storage: iterations=280 runtime: 111375us
Storage: iterations=281 runtime: 110519us
Storage: iterations=282 runtime: 111214us
Storage: iterations=283 runtime: 110342us
Storage: iterations=284 runtime: 110692us
Storage: iterations=285 runtime: 111258us
Storage: iterations=286 runtime: 110622us
Storage: iterations=287 runtime: 111458us
Storage: iterations=288 runtime: 110232us
Storage: iterations=289 runtime: 110754us
Storage: iterations=290 runtime: 111499us
Storage: iterations=291 runtime: 110747us
Storage: iterations=292 runtime: 111136us
Storage: iterations=293 runtime: 111196us
Storage: iterations=294 runtime: 110805us
Storage: iterations=295 runtime: 111613us
Storage: iterations=296 runtime: 110707us
Storage: iterations=297 runtime: 111464us
Storage: iterations=298 runtime: 110616us
Storage: iterations=299 runtime: 110430us
Storage: iterations=300 runtime: 111283us
Storage: iterations=301 runtime: 110723us
Storage: iterations=302 runtime: 111071us
Storage: iterations=303 runtime: 110892us
Storage: iterations=304 runtime: 110516us
Storage: iterations=305 runtime: 111509us
Storage: iterations=306 runtime: 110399us
Storage: iterations=307 runtime: 111461us
Storage: iterations=308 runtime: 110877us
Storage: iterations=309 runtime: 110516us
Could not locate BlockSlowdown.json
Skipping Loading (this might cause a fatal crash if GTSlowdown is on)
Storage: iterations=310 runtime: 111849us
Storage: iterations=311 runtime: 110933us
Storage: iterations=312 runtime: 111545us
Storage: iterations=313 runtime: 111022us
Storage: iterations=314 runtime: 110833us
Storage: iterations=315 runtime: 111430us
Storage: iterations=316 runtime: 110677us
Storage: iterations=317 runtime: 111853us
Storage: iterations=318 runtime: 110396us
Storage: iterations=319 runtime: 111485us
Storage: iterations=320 runtime: 112151us
Storage: iterations=321 runtime: 112340us
Storage: iterations=322 runtime: 111286us
Storage: iterations=323 runtime: 110725us
Storage: iterations=324 runtime: 110667us
Storage: iterations=325 runtime: 111567us
Storage: iterations=326 runtime: 110746us
Storage: iterations=327 runtime: 111447us
Storage: iterations=328 runtime: 114139us
Storage: iterations=329 runtime: 111910us
Storage: iterations=330 runtime: 111852us
Storage: iterations=331 runtime: 110928us
Storage: iterations=332 runtime: 111435us
Storage: iterations=333 runtime: 110810us
Storage: iterations=334 runtime: 110538us
Storage: iterations=335 runtime: 111365us
Storage: iterations=336 runtime: 110376us
Storage: iterations=337 runtime: 111400us
Storage: iterations=338 runtime: 110880us
Storage: iterations=339 runtime: 110841us
Storage: iterations=340 runtime: 111134us
Storage: iterations=341 runtime: 110864us
Storage: iterations=342 runtime: 111213us
Storage: iterations=343 runtime: 110730us
Storage: iterations=344 runtime: 110488us
Storage: iterations=345 runtime: 111531us
Storage: iterations=346 runtime: 110859us
Storage: iterations=347 runtime: 111029us
Storage: iterations=348 runtime: 110538us
Storage: iterations=349 runtime: 110484us
Storage: iterations=350 runtime: 111182us
Storage: iterations=351 runtime: 110673us
Storage: iterations=352 runtime: 111236us
Storage: iterations=353 runtime: 110858us
Storage: iterations=354 runtime: 110387us
Storage: iterations=355 runtime: 111632us
Storage: iterations=356 runtime: 110371us
Storage: iterations=357 runtime: 110959us
Storage: iterations=358 runtime: 110687us
Storage: iterations=359 runtime: 110628us
Storage: iterations=360 runtime: 111254us
Storage: iterations=361 runtime: 110335us
Storage: iterations=362 runtime: 111434us
Storage: iterations=363 runtime: 110527us
Storage: iterations=364 runtime: 111422us
Storage: iterations=365 runtime: 113348us
Storage: iterations=366 runtime: 111845us
Storage: iterations=367 runtime: 111451us
Storage: iterations=368 runtime: 110515us
Storage: iterations=369 runtime: 110527us
Storage: iterations=370 runtime: 111232us
Storage: iterations=371 runtime: 110802us
Storage: iterations=372 runtime: 111254us
Storage: iterations=373 runtime: 110688us
Storage: iterations=374 runtime: 110482us
Storage: iterations=375 runtime: 111387us
Could not locate BlockSlowdown.json
Skipping Loading (this might cause a fatal crash if GTSlowdown is on)
Storage: iterations=376 runtime: 110936us
Storage: iterations=377 runtime: 111171us
Storage: iterations=378 runtime: 110788us
Storage: iterations=379 runtime: 110502us
Storage: iterations=380 runtime: 111420us
Storage: iterations=381 runtime: 110694us
Storage: iterations=382 runtime: 111549us
Storage: iterations=383 runtime: 110579us
Storage: iterations=384 runtime: 110824us
Storage: iterations=385 runtime: 111540us
Storage: iterations=386 runtime: 110227us
Storage: iterations=387 runtime: 111081us
Storage: iterations=388 runtime: 110569us
Storage: iterations=389 runtime: 110371us
Storage: iterations=390 runtime: 110780us
Storage: iterations=391 runtime: 110413us
Storage: iterations=392 runtime: 110819us
Storage: iterations=393 runtime: 110485us
Storage: iterations=394 runtime: 110417us
Storage: iterations=395 runtime: 111144us
Storage: iterations=396 runtime: 110468us
Storage: iterations=397 runtime: 110848us
Storage: iterations=398 runtime: 110947us
Storage: iterations=399 runtime: 110176us
Storage: iterations=400 runtime: 111432us
Storage: iterations=401 runtime: 110444us
Storage: iterations=402 runtime: 111296us
Storage: iterations=403 runtime: 110822us
Storage: iterations=404 runtime: 110915us
Storage: iterations=405 runtime: 111205us
Storage: iterations=406 runtime: 110612us
Storage: iterations=407 runtime: 111459us
Storage: iterations=408 runtime: 110892us
Storage: iterations=409 runtime: 111230us
Storage: iterations=410 runtime: 111924us
Storage: iterations=411 runtime: 111867us
Storage: iterations=412 runtime: 111564us
Storage: iterations=413 runtime: 110954us
Storage: iterations=414 runtime: 110494us
Storage: iterations=415 runtime: 111243us
Storage: iterations=416 runtime: 110640us
Storage: iterations=417 runtime: 111463us
Storage: iterations=418 runtime: 110603us
Storage: iterations=419 runtime: 110609us
Storage: iterations=420 runtime: 111271us
Storage: iterations=421 runtime: 110604us
Storage: iterations=422 runtime: 111611us
Storage: iterations=423 runtime: 110289us
Storage: iterations=424 runtime: 110546us
Storage: iterations=425 runtime: 110940us
Storage: iterations=426 runtime: 110839us
Storage: iterations=427 runtime: 110925us
Storage: iterations=428 runtime: 110375us
Storage: iterations=429 runtime: 110254us
Storage: iterations=430 runtime: 111144us
Storage: iterations=431 runtime: 110592us
Storage: iterations=432 runtime: 110951us
Storage: iterations=433 runtime: 110630us
Storage: iterations=434 runtime: 110248us
Storage: iterations=435 runtime: 111173us
Storage: iterations=436 runtime: 110413us
Storage: iterations=437 runtime: 111264us
Storage: iterations=438 runtime: 110471us
Storage: iterations=439 runtime: 110413us
Storage: iterations=440 runtime: 111105us
Storage: iterations=441 runtime: 110753us
Storage: iterations=442 runtime: 111239us
Storage: iterations=443 runtime: 111047us
Storage: iterations=444 runtime: 110711us
Storage: iterations=445 runtime: 111372us
Storage: iterations=446 runtime: 110531us
Storage: iterations=447 runtime: 110997us
Storage: iterations=448 runtime: 110590us
Storage: iterations=449 runtime: 110338us
Storage: iterations=450 runtime: 110875us
Storage: iterations=451 runtime: 110645us
Storage: iterations=452 runtime: 112143us
Storage: iterations=453 runtime: 110616us
Storage: iterations=454 runtime: 111297us
Storage: iterations=455 runtime: 112187us
Storage: iterations=456 runtime: 111931us
Storage: iterations=457 runtime: 112197us
Storage: iterations=458 runtime: 110633us
Storage: iterations=459 runtime: 110427us
Storage: iterations=460 runtime: 111326us
Storage: iterations=461 runtime: 110795us
Storage: iterations=462 runtime: 111205us
Storage: iterations=463 runtime: 110845us
Storage: iterations=464 runtime: 110704us
Storage: iterations=465 runtime: 111300us
Storage: iterations=466 runtime: 110797us
Storage: iterations=467 runtime: 111209us
Storage: iterations=468 runtime: 110470us
Storage: iterations=469 runtime: 110500us
Storage: iterations=470 runtime: 111787us
Storage: iterations=471 runtime: 110681us
Storage: iterations=472 runtime: 111201us
Storage: iterations=473 runtime: 110322us
Storage: iterations=474 runtime: 110799us
Storage: iterations=475 runtime: 111341us
Storage: iterations=476 runtime: 110916us
Storage: iterations=477 runtime: 111223us
Storage: iterations=478 runtime: 110551us
Could not locate BlockSlowdown.json
Skipping Loading (this might cause a fatal crash if GTSlowdown is on)
Storage: iterations=479 runtime: 110600us
Storage: iterations=480 runtime: 111679us
Storage: iterations=481 runtime: 110895us
Storage: iterations=482 runtime: 111146us
Storage: iterations=483 runtime: 110681us
Storage: iterations=484 runtime: 110676us
Storage: iterations=485 runtime: 110818us
Storage: iterations=486 runtime: 110605us
Storage: iterations=487 runtime: 111507us
Storage: iterations=488 runtime: 110736us
Storage: iterations=489 runtime: 110857us
Storage: iterations=490 runtime: 111347us
Storage: iterations=491 runtime: 110652us
Storage: iterations=492 runtime: 110813us
Storage: iterations=493 runtime: 110655us
Storage: iterations=494 runtime: 110906us
Storage: iterations=495 runtime: 111346us
Storage: iterations=496 runtime: 110887us
Storage: iterations=497 runtime: 111410us
Storage: iterations=498 runtime: 110548us
Storage: iterations=499 runtime: 111125us
Storage: iterations=500 runtime: 112013us
Storage: iterations=500 average: 112598us total: 56299218us


Total Runtime: 56299218us
Bubo.RDTSC.Harness.main Total RDTSC cycles: 186792526560
Could not locate BlockSlowdown.json
Skipping Loading (this might cause a fatal crash if GTSlowdown is on)
