Could not locate BlockSlowdown.json
Skipping Loading (this might cause a fatal crash if GTSlowdown is on)
[Use -Djdk.graal.LogFile=<path> to redirect Graal log output to a file.]
java.lang.module.ModuleDescriptor.name()java.lang.String -1 codeSignature differs 5be282a10c496d4000571a6844c9c0bc109901813a12d3aea5364efad6a66c85 != 236f622407d0112ac18220ce2f7dd8fc95a4975bd21efedc593a420240b9e35f
java.lang.module.ModuleReference.descriptor()java.lang.module.ModuleDescriptor -1 codeSignature differs 14be906eafbcd0e98db8607fd01b12de837039bcd06c460d0cf8f6394c8cff6d != d74a3d991dcad2ff0132c63a48dc50da7170128a36ef27d42bfbafe23260746e
java.lang.Enum.ordinal()int -1 codeSignature differs d4ce072063a0e5d7b77fa03ca89aafb8f3e3ecf13c518dc1905e344d1e62c58a != 6379912ece14b3e5c494001bcdbf513550438500c9fe64692666ea4804585a5b
java.lang.Class.isPrimitive()boolean -1 codeSignature differs 98ab40cf2ebcc843a57e4548f9a42e2e9f3f439b3cfc72b2a9affe72c8d06a5f != 3e78a4a854866f13977dcbf9876f9c5a148d0cfe8abd55bad528a298e2ab0d37
jdk.internal.util.StrongReferenceKey.get()java.lang.Object -1 codeSignature differs 14be906eafbcd0e98db8607fd01b12de837039bcd06c460d0cf8f6394c8cff6d != d74a3d991dcad2ff0132c63a48dc50da7170128a36ef27d42bfbafe23260746e
java.lang.Class.getClassLoader()java.lang.ClassLoader -1 codeSignature differs 1ec746d9657abb2124f404e47924197593986fc62346c6cd76072c08e29afddf != fc6683d6dbc2e9c193939db2b7b3809c7ed36f548dabbad32ce6a77af2acbb5c
java.lang.invoke.MethodType.returnType()java.lang.Class -1 codeSignature differs 14be906eafbcd0e98db8607fd01b12de837039bcd06c460d0cf8f6394c8cff6d != d74a3d991dcad2ff0132c63a48dc50da7170128a36ef27d42bfbafe23260746e
jdk.internal.classfile.impl.AbstractPoolEntry.index()int -1 codeSignature differs d4ce072063a0e5d7b77fa03ca89aafb8f3e3ecf13c518dc1905e344d1e62c58a != 6379912ece14b3e5c494001bcdbf513550438500c9fe64692666ea4804585a5b
java.lang.invoke.MemberName.getDeclaringClass()java.lang.Class -1 codeSignature differs b46e439bc51650ff335d2a7124f0b0154f260fe1af8ba145c6fd3cf5008c9e4e != 65875f01c4739b3690cfc99e32978813efde10140dd67c4d7a0e3015e243befa
java.lang.invoke.MethodType.form()java.lang.invoke.MethodTypeForm -1 codeSignature differs 5be282a10c496d4000571a6844c9c0bc109901813a12d3aea5364efad6a66c85 != 236f622407d0112ac18220ce2f7dd8fc95a4975bd21efedc593a420240b9e35f
java.util.stream.FindOps$FindSink.cancellationRequested()boolean -1 codeSignature differs 55af0dc4b7688c78180d5f5b00584e4bf66cf93bd60716f9aab49e7a6fd64ac4 != f48625702890d29653fc29959db5796353242ca5005d0c97563dc7641a6e9521
java.lang.Object.<init>()void -1 codeSignature differs fe534d3aac0502b22527b54e744892c09d7496fd765947a3ee3ec9a070d56f92 != 53fed571f2d162d1b06665e593acff62e94c3c2feeb837a313805208a153c804
jdk.internal.module.ModuleReferenceImpl.moduleResolution()jdk.internal.module.ModuleResolution -1 codeSignature differs b76db95b8fd3a055b26c3a6c15023743ea3cd488646d474319964a2e9e13b73e != acecf092198f6e600ae574ae88f94c3dcc124dff78fd33d38e7503cf1de4cb84
java.lang.String.hashCode()int -1 codeSignature differs cd869c87835ef8242ee90410caccd8a61a63cd99231e11f83fcdc76366e70264 != 4af57cd2c352f504d9843ac55232e6c06b59ac42ecb11ac71e7928d819941700
java.lang.module.ModuleDescriptor$Requires.modifiers()java.util.Set -1 codeSignature differs 14be906eafbcd0e98db8607fd01b12de837039bcd06c460d0cf8f6394c8cff6d != d74a3d991dcad2ff0132c63a48dc50da7170128a36ef27d42bfbafe23260746e
java.lang.module.ModuleDescriptor$Requires.name()java.lang.String -1 codeSignature differs 90f01eeb46d88d53d0e4e48ef19445eb3bdf8101a00c7dc3f717a337df9fb41f != 3dca556ce0a4f9f9b2a7bcbcee2ecdeeb626fd493f0993079a0f91070abff97b
java.lang.module.ModuleDescriptor.requires()java.util.Set -1 codeSignature differs 50021c78154f047ad8f88f0733084203e726ca2f3911eed3f4e2615369ae39b2 != 38c64b25607c18539afa677dc017db8b0b2e69cd25c409ff2fbbda9b724f85b9
java.lang.module.ModuleDescriptor.isAutomatic()boolean -1 codeSignature differs 2c5d9434fa6cbff1c0177053ad01774247e7a98383a3d0ee5c4dccbf56bf9e86 != 573ad2b7aa6bd940d385aadba08b49259d18cc84676cb0e7d2bc6bb2b3a188b0
java.util.HashMap$Node.getKey()java.lang.Object -1 codeSignature differs 90f01eeb46d88d53d0e4e48ef19445eb3bdf8101a00c7dc3f717a337df9fb41f != 3dca556ce0a4f9f9b2a7bcbcee2ecdeeb626fd493f0993079a0f91070abff97b
java.util.HashMap$Node.getValue()java.lang.Object -1 codeSignature differs 5be282a10c496d4000571a6844c9c0bc109901813a12d3aea5364efad6a66c85 != 236f622407d0112ac18220ce2f7dd8fc95a4975bd21efedc593a420240b9e35f
java.util.ImmutableCollections$Set12.isEmpty()boolean -1 codeSignature differs d890ffc04cd03ec866061096d7d13d2670cacc5a2328b692374e3523d40574bd != 55a5cc963fc3641936c496e734b67cb2da5b04dc6786193efb958b4650f80fcc
java.lang.module.ModuleDescriptor$Exports.source()java.lang.String -1 codeSignature differs 90f01eeb46d88d53d0e4e48ef19445eb3bdf8101a00c7dc3f717a337df9fb41f != 3dca556ce0a4f9f9b2a7bcbcee2ecdeeb626fd493f0993079a0f91070abff97b
java.lang.module.ModuleDescriptor$Exports.targets()java.util.Set -1 codeSignature differs 5be282a10c496d4000571a6844c9c0bc109901813a12d3aea5364efad6a66c85 != 236f622407d0112ac18220ce2f7dd8fc95a4975bd21efedc593a420240b9e35f
java.lang.module.ModuleDescriptor.provides()java.util.Set -1 codeSignature differs 309d9291f2d3c2a63becdec49b2c74b25af9d7fdc62dad05faf86a64889608fc != ac8620023b60722a9bd4c025af16c863bb01ff2e1485a56d1a0e66cae8c98d9f
java.lang.module.ModuleDescriptor.exports()java.util.Set -1 codeSignature differs 948d21eddb9ad191efbc24290e4e840a30aebb134151b75def9175ab54c0a48c != 64b1f8caa863f256c52a850b78b1f50f6cb4cdbb0fd449ebc0f6c33942f7e576
java.util.ImmutableCollections$SetN$SetNIterator.hasNext()boolean -1 codeSignature differs 014069b9d29ae67f97f8d652b8d7a77d9057cdb393e4e32597c925d7a30bdc82 != 68bedb7c2b89fc57eca6528f835388a812a6a51c19835f3ca5c045deed27b552
java.lang.module.ModuleDescriptor.uses()java.util.Set -1 codeSignature differs e3ce51591a4fee3aaff0c687fbb639bc8c1569c92e84d989cdc906a081a3aa6f != a28d016eade96af94b1490585bd89e875ca450bc08a58e964a7e2d9c660f535c
Requesting uncached profile for bci 32 in java.util.ImmutableCollections$SetN$SetNIterator.next()java.lang.Object method getBytecodeProfile
Requesting uncached profile for bci 32 in java.util.ImmutableCollections$SetN$SetNIterator.next()java.lang.Object method getBranchTakenProbability
java.util.ImmutableCollections$SetN$SetNIterator.next()java.lang.Object -1 codeSignature differs e1fe95f08e9a54f528c00088fcbfa159f3bad00b96b954e867ee6f3fb841619e != 9ada83417ac793d7136a278090746c2f10c77204a30d308441be04e5065b2590
java.util.ImmutableCollections$SetN$SetNIterator.next()java.lang.Object -1 graphSignature differs b05d592371fcce917a90fc28debaf21f7e7532d4836b1c9812ac396e129c7095 != 920e12a7ee41cc3a0a3487d03bd48833bfc4e8d416bdbae7234f8ba199084b4d
java.lang.module.ModuleDescriptor$Provides.service()java.lang.String -1 codeSignature differs 14be906eafbcd0e98db8607fd01b12de837039bcd06c460d0cf8f6394c8cff6d != d74a3d991dcad2ff0132c63a48dc50da7170128a36ef27d42bfbafe23260746e
java.util.HashMap.hash(java.lang.Object)int -1 codeSignature differs c3230412630cf75b57e6c7beac7c6e1cdfad338bfb09db59aa059dbc08a502d5 != 7bb87f6d0459af8747d1667890e40fb2b1cd370b6b717bf965e5aaff7f99e994
java.lang.module.ModuleDescriptor$Exports.isQualified()boolean -1 codeSignature differs 18dd1addca39b4f7029946f8398642bd2cc7731616424cc59cb168b18498a6bf != 81e778a01a73d8a6d86540c2a052705b84df6fc8b489b8abefe3a458d0c95e56
java.util.HashMap.putVal(int, java.lang.Object, java.lang.Object, boolean, boolean)java.lang.Object -1 codeSignature differs f57828d25cf41d9b7564ff8f3e08e50a7ac9db50e65a50ee51eb7e2dc26ae923 != 340a8bcb86509141d036a014fa93fb9326a8f94c411e87b116de6cc24cb04c7b
java.util.HashMap.putVal(int, java.lang.Object, java.lang.Object, boolean, boolean)java.lang.Object -1 graphSignature differs 71c7befc4bcc50903c01cb500806055811a71080bd754d077284439fcd10103c != 5a74e12f320f5360d51b0bb3946f087ce2dce5afa144b15d312a3acc1621c4cf
java.lang.String.equals(java.lang.Object)boolean -1 codeSignature differs f5747f05d8cb43a0e84b3d89443c10d37c72a20d9b0342eb86834299bed80ca6 != 119dc6e6665ec6b4c44f1e420beb3682c6794e4c2205f6f17310bd0f4f948907
java.lang.String.equals(java.lang.Object)boolean -1 graphSignature differs 240f841b413bb8bd2af4877cb3753eac11d3bdc482d702e067df992e72784ebb != 2d841e5f6ff33687ba2a8e89c73735b82c892266d476f740b43f9fc2b4d21873
java.util.KeyValueHolder.getKey()java.lang.Object -1 codeSignature differs 14be906eafbcd0e98db8607fd01b12de837039bcd06c460d0cf8f6394c8cff6d != d74a3d991dcad2ff0132c63a48dc50da7170128a36ef27d42bfbafe23260746e
java.util.KeyValueHolder.getValue()java.lang.Object -1 codeSignature differs 90f01eeb46d88d53d0e4e48ef19445eb3bdf8101a00c7dc3f717a337df9fb41f != 3dca556ce0a4f9f9b2a7bcbcee2ecdeeb626fd493f0993079a0f91070abff97b
java.lang.module.ModuleDescriptor.packages()java.util.Set -1 codeSignature differs 1ec746d9657abb2124f404e47924197593986fc62346c6cd76072c08e29afddf != fc6683d6dbc2e9c193939db2b7b3809c7ed36f548dabbad32ce6a77af2acbb5c
java.lang.module.ResolvedModule.reference()java.lang.module.ModuleReference -1 codeSignature differs 90f01eeb46d88d53d0e4e48ef19445eb3bdf8101a00c7dc3f717a337df9fb41f != 3dca556ce0a4f9f9b2a7bcbcee2ecdeeb626fd493f0993079a0f91070abff97b
java.util.HashMap$Node.<init>(int, java.lang.Object, java.lang.Object, java.util.HashMap$Node)void -1 codeSignature differs 978e59b5c129cfec1f48dc80d678edba60f348a9a1b8756339508d6cad8ad4bb != 98053db025ad15029619422685d145245d48699c8c367c94c314848758587613
java.lang.module.ModuleDescriptor$Version.toString()java.lang.String -1 codeSignature differs 14be906eafbcd0e98db8607fd01b12de837039bcd06c460d0cf8f6394c8cff6d != d74a3d991dcad2ff0132c63a48dc50da7170128a36ef27d42bfbafe23260746e
java.lang.AbstractStringBuilder.length()int -1 codeSignature differs d4ce072063a0e5d7b77fa03ca89aafb8f3e3ecf13c518dc1905e344d1e62c58a != 6379912ece14b3e5c494001bcdbf513550438500c9fe64692666ea4804585a5b
java.util.HashMap.newNode(int, java.lang.Object, java.lang.Object, java.util.HashMap$Node)java.util.HashMap$Node -1 codeSignature differs 0b57ad3d0ea1b0de0d3ae4d1256f2a3bf2dacceb94022bee4e70d75bf1848358 != d2c2a415cba31cf48b157817e62dcfa6745f18dc85bdd37bd358d1bb63bfa15d
java.util.HashMap.afterNodeInsertion(boolean)void -1 codeSignature differs fe534d3aac0502b22527b54e744892c09d7496fd765947a3ee3ec9a070d56f92 != 53fed571f2d162d1b06665e593acff62e94c3c2feeb837a313805208a153c804
java.util.HashMap.resize()java.util.HashMap$Node[] -1 codeSignature differs a4417ef9f60cb44f603a618a0601d7a0c7353856487ff33f66c48084ccd8ec8f != a28c301a9eb507d8dac702dae4c55db92c86c6f577bfd1d6d860caa97d04b47f
java.util.HashMap.resize()java.util.HashMap$Node[] -1 graphSignature differs 8621339e67ed630b148c0b60d4ece2a8f5e4dc640c7e625f721a8babedbc3813 != 907f32e8439d3100299993dcad76560e08b0f705baa3a6e36f739c5640084aa9
java.lang.module.ResolvedModule.configuration()java.lang.module.Configuration -1 codeSignature differs 14be906eafbcd0e98db8607fd01b12de837039bcd06c460d0cf8f6394c8cff6d != d74a3d991dcad2ff0132c63a48dc50da7170128a36ef27d42bfbafe23260746e
java.lang.module.ModuleDescriptor.isOpen()boolean -1 codeSignature differs 7251ebfc69511ba11260ce3e5fe8de41e1ee424c1c84ef382507a4b520f46599 != 68c1b93afd5159dbd52f415e41c6f206a35012c76ae6407eef42650396bf8bfc
java.util.HashMap.size()int -1 codeSignature differs 55d12884885f16e44e8204f924f64617688caf405b709d32e1e72896f6c27c3d != 602769ad44793bd98e92b9e62f8542f52d5162d04d5d1c146bc1a1f5f4eab2b1
java.util.zip.ZipCoder$UTF8ZipCoder.isUTF8()boolean -1 codeSignature differs 6e3a14458a0fca90e6a63285514a933585cea592cb622e79b33ddc5df6e0fb66 != f86c5820929a34f03b9429610f522a6efd833767bf69832ae22131f6e690fc71
jdk.internal.classfile.impl.AbstractPoolEntry.width()int -1 codeSignature differs 6e3a14458a0fca90e6a63285514a933585cea592cb622e79b33ddc5df6e0fb66 != f86c5820929a34f03b9429610f522a6efd833767bf69832ae22131f6e690fc71
jdk.internal.classfile.impl.SplitConstantPool.size()int -1 codeSignature differs 1e851f5b2cbf37c0cd46831368dd889b60dff01d7b16161259960e24b264ceb1 != 8842033c3435ba9022b0d14a05ef1a95782e7436e1f26a804596a2590677c40d
java.lang.invoke.MethodType.ptypes()java.lang.Class[] -1 codeSignature differs 90f01eeb46d88d53d0e4e48ef19445eb3bdf8101a00c7dc3f717a337df9fb41f != 3dca556ce0a4f9f9b2a7bcbcee2ecdeeb626fd493f0993079a0f91070abff97b
jdk.internal.classfile.impl.RawBytecodeHelper.bci()int -1 codeSignature differs fe46e3fea17c2bcac25676024acf43715946ed13832c36004058f315d01e6ed3 != f644854fb6e4ffc5fb86a7d696951b13023f6a472bb2253c81909dd20f94fad0
jdk.internal.classfile.impl.AbstractPoolEntry.constantPool()java.lang.classfile.constantpool.ConstantPool -1 codeSignature differs 5be282a10c496d4000571a6844c9c0bc109901813a12d3aea5364efad6a66c85 != 236f622407d0112ac18220ce2f7dd8fc95a4975bd21efedc593a420240b9e35f
java.lang.AbstractStringBuilder.getValue()byte[] -1 codeSignature differs 5be282a10c496d4000571a6844c9c0bc109901813a12d3aea5364efad6a66c85 != 236f622407d0112ac18220ce2f7dd8fc95a4975bd21efedc593a420240b9e35f
jdk.internal.constant.ClassOrInterfaceDescImpl.descriptorString()java.lang.String -1 codeSignature differs 14be906eafbcd0e98db8607fd01b12de837039bcd06c460d0cf8f6394c8cff6d != d74a3d991dcad2ff0132c63a48dc50da7170128a36ef27d42bfbafe23260746e
java.lang.String.value()byte[] -1 codeSignature differs 5be282a10c496d4000571a6844c9c0bc109901813a12d3aea5364efad6a66c85 != 236f622407d0112ac18220ce2f7dd8fc95a4975bd21efedc593a420240b9e35f
jdk.internal.classfile.impl.BufWriterImpl.size()int -1 codeSignature differs fe46e3fea17c2bcac25676024acf43715946ed13832c36004058f315d01e6ed3 != f644854fb6e4ffc5fb86a7d696951b13023f6a472bb2253c81909dd20f94fad0
Profiling started
Could not locate BlockSlowdown.json
Skipping Loading (this might cause a fatal crash if GTSlowdown is on)
java.nio.Buffer.limit()int -1 codeSignature differs 55d12884885f16e44e8204f924f64617688caf405b709d32e1e72896f6c27c3d != 602769ad44793bd98e92b9e62f8542f52d5162d04d5d1c146bc1a1f5f4eab2b1
java.lang.StringLatin1.equals(byte[], byte[])boolean -1 codeSignature differs 2cfeb7ca81e519d27a2f4886127bbb28eb00282f6a344501abe1cdc2705cba4e != ce6957fde94989d8dfb9f657cd698acb12bd0f01e407ce68915647520f63bd02
java.lang.StringLatin1.equals(byte[], byte[])boolean -1 graphSignature differs f47d0b1647dabd6f0108a1c873e12c6a64939992dcc9e97f79a9e6e1f1af8649 != cda1bda6b067c21da86f5c9b00220a168b94ff95811df6ee0a57435eb4ec0473
jdk.internal.classfile.impl.AbstractDirectBuilder.constantPool()jdk.internal.classfile.impl.SplitConstantPool -1 codeSignature differs 14be906eafbcd0e98db8607fd01b12de837039bcd06c460d0cf8f6394c8cff6d != d74a3d991dcad2ff0132c63a48dc50da7170128a36ef27d42bfbafe23260746e
java.lang.String.coder()byte -1 codeSignature differs f3a73f0f7ffcffdf8962f6b17b32b9d22dceb70a6321ad4e83f092ac924fb640 != 82f5235e2dbc41130ab9f332d81a84c727950ed13b523486e1cf57bd2f9bda2c
jdk.internal.util.WeakReferenceKey.hashCode()int -1 codeSignature differs 55d12884885f16e44e8204f924f64617688caf405b709d32e1e72896f6c27c3d != 602769ad44793bd98e92b9e62f8542f52d5162d04d5d1c146bc1a1f5f4eab2b1
java.lang.invoke.MethodTypeForm.erasedType()java.lang.invoke.MethodType -1 codeSignature differs 90f01eeb46d88d53d0e4e48ef19445eb3bdf8101a00c7dc3f717a337df9fb41f != 3dca556ce0a4f9f9b2a7bcbcee2ecdeeb626fd493f0993079a0f91070abff97b
jdk.internal.constant.ClassOrInterfaceDescImpl.isClassOrInterface()boolean -1 codeSignature differs 6e3a14458a0fca90e6a63285514a933585cea592cb622e79b33ddc5df6e0fb66 != f86c5820929a34f03b9429610f522a6efd833767bf69832ae22131f6e690fc71
java.util.ArrayList.size()int -1 codeSignature differs fe46e3fea17c2bcac25676024acf43715946ed13832c36004058f315d01e6ed3 != f644854fb6e4ffc5fb86a7d696951b13023f6a472bb2253c81909dd20f94fad0
java.lang.String.length()int -1 codeSignature differs 5f2a9f3bb1f4f800ea4f2ad278553dedcfc789fe27a155b26df986828b30ede3 != 65d375b72c5817a4f8af1bcdf77dbdcb452e4f9ceb60cd42724b10772bcfdc62
Starting Towers benchmark ...
Towers$TowersDisk.setNext(Towers$TowersDisk)void -1 codeSignature differs c2923548190e9315457805e1737060f9af14bd83f87bb5c39aef33bd26161c20 != 19c4499900d61f0cac018481719f01c403ce3f5ae07193274e0aaed6f22cba04
Towers$TowersDisk.getSize()int -1 codeSignature differs d4ce072063a0e5d7b77fa03ca89aafb8f3e3ecf13c518dc1905e344d1e62c58a != 6379912ece14b3e5c494001bcdbf513550438500c9fe64692666ea4804585a5b
Towers$TowersDisk.getNext()Towers$TowersDisk -1 codeSignature differs 90f01eeb46d88d53d0e4e48ef19445eb3bdf8101a00c7dc3f717a337df9fb41f != 3dca556ce0a4f9f9b2a7bcbcee2ecdeeb626fd493f0993079a0f91070abff97b
Towers.pushDisk(Towers$TowersDisk, int)void -1 codeSignature differs 8a96f4c521453dc5e39872fa64c887a06c9d752501bbfe9a17b8fc4e4d659bde != c1d7fe035871f2d200a8f3bb0cc8602b99094687a272e3791894bd83fbe6f64b
Towers.moveDisks(int, int, int)void -1 codeSignature differs e9efbe19f7ca204aff1e3e26f2cc55d91be641128adebd73959e1b9da9e14b8b != a8ebb240ce5b634753fe7daa8ac26675b5cf89bf210acf3bca860119b9ececfb
Towers.moveTopDisk(int, int)void -1 codeSignature differs c4419cc15c559119e9f3989c4c48771dae5303a22a90a315c09658603bde0751 != 600bb80513c435e3bbfb79dde7d4dd488c075c061ce13d216e85c613a89ea65b
Towers.popDiskFrom(int)Towers$TowersDisk -1 codeSignature differs 8724fd90779d0249bb1e2eeee0daaaba9a0e851e64047c30a8d43ada58b72ca0 != d1ae51e9cf787f5b0c5aa2e5a67e74f5bc28cc6bea615a022cb71c302ee22e3c
java.lang.Integer.intValue()int -1 codeSignature differs d4ce072063a0e5d7b77fa03ca89aafb8f3e3ecf13c518dc1905e344d1e62c58a != 6379912ece14b3e5c494001bcdbf513550438500c9fe64692666ea4804585a5b
Towers$TowersDisk.<init>(int)void -1 codeSignature differs 79501822c6ab4c9b0d280255fe98a197cd3e4d400db1695b0a7c8a478d01042f != f4921c3cc4fa379eabe5b2b13aa66ec7ca50b67eb98e881c919765ac016ee4ff
Towers.buildTowerAt(int, int)void -1 codeSignature differs ce6396a6a7bd430f2c210859ddc0584637832d88426b043d77a243117a192012 != 36a640b601a179613b01c11a4fc62e09e82554e706b84fde06daf9b91ba4211d
Towers.buildTowerAt(int, int)void -1 graphSignature differs 45a77874cf0649c65c87d5427ba6dff0d3554113137de555dcd4f4162ab6bf2d != 9ac8a3321197d9c2767d6b5dac1b25d78c5436cea562d0dc970ffa8cf1021355
jdk.internal.classfile.impl.AbstractPoolEntry.hashCode()int -1 codeSignature differs fe46e3fea17c2bcac25676024acf43715946ed13832c36004058f315d01e6ed3 != f644854fb6e4ffc5fb86a7d696951b13023f6a472bb2253c81909dd20f94fad0
jdk.internal.classfile.impl.AbstractPoolEntry$ClassEntryImpl.tag()int -1 codeSignature differs 5404769be9f3dbc3cb72c5db1a8ad8dd44853cedba352c69c6db32de21c4dbb9 != 9e72aee727452f3bd7e5755029309d18662e78c7d8f6a3fef1fa786c235c1353
Towers: iterations=1 runtime: 634568us
Towers: iterations=2 runtime: 216378us
Towers.benchmark()java.lang.Object -1 codeSignature differs a4eb753b4604160b574735d99edd7fed750c3176295d5eb76d9866b2fff124d2 != 318e1f7aff2f07d234d9cb0b706e47d46f118eeab54025895e1d639c2ad93c63
Towers.verifyResult(java.lang.Object)boolean -1 codeSignature differs bffad5c11b70e4247c222877113d7992f720a57f8cccb20f80bd6a8366d7bd45 != 629ed57279a9fe28d77b8766b8411ae75c50a547a8c55cfd0c48a5d8f9474abb
Towers: iterations=3 runtime: 279723us
Towers: iterations=4 runtime: 215759us
Towers: iterations=5 runtime: 215127us
Towers: iterations=6 runtime: 213509us
Towers: iterations=7 runtime: 213975us
Could not locate BlockSlowdown.json
Skipping Loading (this might cause a fatal crash if GTSlowdown is on)
java.nio.Buffer.position()int -1 codeSignature differs 3f64cd4fafea8a3cef87601314961681d43f2aa75c3a358c1b0ce8d9a1c4731a != f5a100836d3b6c24d5617122379fdd07d38ba4b008ea9ae91e48aa3956773271
Towers: iterations=8 runtime: 215051us
Benchmark.innerBenchmarkLoop(int)boolean -1 codeSignature differs a4f657ce73801c45060d594bc4ea9abf2b27c25322dc56719c5199047184f830 != ace381124a94b39ae9d6a6faec4e86fc89533cd45e6b865fb015fef42ea1d763
Benchmark.innerBenchmarkLoop(int)boolean -1 graphSignature differs 1ce67b4520d621e4561bd5caafb0ab7415b06e884406b68566c024003a4c6740 != 7a271abf22a1270f391e80a5947622a55c5b80f49b8c0efec707ed8306ff89bb
Towers: iterations=9 runtime: 654645us
Towers: iterations=10 runtime: 213950us
Towers: iterations=11 runtime: 215915us
Towers: iterations=12 runtime: 214699us
Towers: iterations=13 runtime: 213374us
Towers: iterations=14 runtime: 213728us
Towers: iterations=15 runtime: 213869us
Towers: iterations=16 runtime: 214019us
Towers: iterations=17 runtime: 211785us
Towers: iterations=18 runtime: 212956us
Towers: iterations=19 runtime: 212164us
Towers: iterations=20 runtime: 212105us
Towers: iterations=21 runtime: 212209us
Towers: iterations=22 runtime: 211659us
Towers: iterations=23 runtime: 212549us
Towers: iterations=24 runtime: 213125us
Towers: iterations=25 runtime: 215055us
Towers: iterations=26 runtime: 212617us
Towers: iterations=27 runtime: 211860us
Towers: iterations=28 runtime: 212017us
Towers: iterations=29 runtime: 212430us
Towers: iterations=30 runtime: 211196us
Towers: iterations=31 runtime: 211715us
Towers: iterations=32 runtime: 211711us
Towers: iterations=33 runtime: 211969us
Towers: iterations=34 runtime: 212450us
Towers: iterations=35 runtime: 211869us
Towers: iterations=36 runtime: 211482us
Towers: iterations=37 runtime: 211379us
Towers: iterations=38 runtime: 211453us
Towers: iterations=39 runtime: 211371us
Towers: iterations=40 runtime: 211386us
Towers: iterations=41 runtime: 211945us
Towers: iterations=42 runtime: 213284us
Towers: iterations=43 runtime: 234309us
Towers: iterations=44 runtime: 211723us
Towers: iterations=45 runtime: 212427us
Towers: iterations=46 runtime: 210904us
Towers: iterations=47 runtime: 211720us
Towers: iterations=48 runtime: 214045us
Towers: iterations=49 runtime: 217036us
Towers: iterations=50 runtime: 211537us
Towers: iterations=51 runtime: 211258us
Towers: iterations=52 runtime: 212625us
Towers: iterations=53 runtime: 210978us
Towers: iterations=54 runtime: 211592us
Towers: iterations=55 runtime: 211240us
Towers: iterations=56 runtime: 211482us
Towers: iterations=57 runtime: 211709us
Towers: iterations=58 runtime: 211845us
Towers: iterations=59 runtime: 211482us
Towers: iterations=60 runtime: 211924us
Towers: iterations=61 runtime: 211962us
Towers: iterations=62 runtime: 211757us
Towers: iterations=63 runtime: 211321us
Towers: iterations=64 runtime: 211913us
Towers: iterations=65 runtime: 210890us
Towers: iterations=66 runtime: 211427us
Towers: iterations=67 runtime: 211059us
Towers: iterations=68 runtime: 210771us
Towers: iterations=69 runtime: 211105us
Towers: iterations=70 runtime: 211736us
Towers: iterations=71 runtime: 212123us
Towers: iterations=72 runtime: 213402us
Towers: iterations=73 runtime: 211463us
Towers: iterations=74 runtime: 211240us
Towers: iterations=75 runtime: 211418us
Towers: iterations=76 runtime: 211128us
Towers: iterations=77 runtime: 210815us
Towers: iterations=78 runtime: 211204us
Could not locate BlockSlowdown.json
Skipping Loading (this might cause a fatal crash if GTSlowdown is on)
java.nio.Buffer.capacity()int -1 codeSignature differs 138bc711c3bed648b8548df225303894eec321dce856bde9fbb2267d74239e89 != b84da6c168a864b24de57055760067fff8c97c57c508d6b8c6ea52df12fe61fe
Towers: iterations=79 runtime: 211170us
Towers: iterations=80 runtime: 212963us
Towers: iterations=81 runtime: 211530us
Towers: iterations=82 runtime: 211040us
Towers: iterations=83 runtime: 211073us
Towers: iterations=84 runtime: 210314us
Towers: iterations=85 runtime: 210897us
Towers: iterations=86 runtime: 210675us
Towers: iterations=87 runtime: 211529us
Towers: iterations=88 runtime: 210538us
Towers: iterations=89 runtime: 212475us
Towers: iterations=90 runtime: 210887us
Towers: iterations=91 runtime: 214035us
Towers: iterations=92 runtime: 212587us
Towers: iterations=93 runtime: 213025us
Towers: iterations=94 runtime: 212898us
Towers: iterations=95 runtime: 215096us
Towers: iterations=96 runtime: 212961us
Towers: iterations=97 runtime: 212447us
Towers: iterations=98 runtime: 212143us
Towers: iterations=99 runtime: 212667us
Towers: iterations=100 runtime: 212412us
Towers: iterations=101 runtime: 213711us
Towers: iterations=102 runtime: 212657us
Towers: iterations=103 runtime: 214472us
Towers: iterations=104 runtime: 213719us
Towers: iterations=105 runtime: 213198us
Towers: iterations=106 runtime: 212924us
Towers: iterations=107 runtime: 212231us
Towers: iterations=108 runtime: 213207us
Towers: iterations=109 runtime: 212957us
Towers: iterations=110 runtime: 212994us
Towers: iterations=111 runtime: 212027us
Towers: iterations=112 runtime: 212958us
Towers: iterations=113 runtime: 212661us
Towers: iterations=114 runtime: 212577us
Could not locate BlockSlowdown.json
Skipping Loading (this might cause a fatal crash if GTSlowdown is on)
java.nio.charset.CharsetEncoder.maxBytesPerChar()float -1 codeSignature differs d0dc63dd2361c2989cb14e4cf77bfb3442e0a43d3c92bbd78638646fefb8363f != fc84c03091d44b6099141a22fdb9f6cfabe66e5026a15b0d60a828a10b5481b9
Towers: iterations=115 runtime: 213007us
Towers: iterations=116 runtime: 212883us
Towers: iterations=117 runtime: 213749us
Towers: iterations=118 runtime: 214456us
Towers: iterations=119 runtime: 215211us
Towers: iterations=120 runtime: 213039us
Towers: iterations=121 runtime: 213747us
Towers: iterations=122 runtime: 213015us
Towers: iterations=123 runtime: 213336us
Towers: iterations=124 runtime: 213396us
Towers: iterations=125 runtime: 213355us
Towers: iterations=126 runtime: 215256us
Towers: iterations=127 runtime: 247683us
Towers: iterations=128 runtime: 213114us
Towers: iterations=129 runtime: 212575us
Towers: iterations=130 runtime: 212444us
Towers: iterations=131 runtime: 212445us
Towers: iterations=132 runtime: 212901us
Towers: iterations=133 runtime: 212489us
Towers: iterations=134 runtime: 211859us
Towers: iterations=135 runtime: 212563us
Towers: iterations=136 runtime: 212304us
Towers: iterations=137 runtime: 211711us
Towers: iterations=138 runtime: 212226us
Towers: iterations=139 runtime: 212438us
Towers: iterations=140 runtime: 212081us
Towers: iterations=141 runtime: 212570us
Towers: iterations=142 runtime: 214574us
Towers: iterations=143 runtime: 212493us
Towers: iterations=144 runtime: 211941us
Towers: iterations=145 runtime: 212603us
Towers: iterations=146 runtime: 212212us
Towers: iterations=147 runtime: 212452us
Towers: iterations=148 runtime: 212327us
Towers: iterations=149 runtime: 212833us
Towers: iterations=150 runtime: 211766us
Towers: iterations=151 runtime: 234846us
Towers: iterations=152 runtime: 212457us
Towers: iterations=153 runtime: 212065us
Towers: iterations=154 runtime: 212823us
Towers: iterations=155 runtime: 211249us
Towers: iterations=156 runtime: 212440us
Towers: iterations=157 runtime: 211763us
Towers: iterations=158 runtime: 212653us
Towers: iterations=159 runtime: 212297us
Towers: iterations=160 runtime: 212695us
Towers: iterations=161 runtime: 212111us
Towers: iterations=162 runtime: 212534us
Towers: iterations=163 runtime: 212636us
Towers: iterations=164 runtime: 212349us
Towers: iterations=165 runtime: 213750us
Towers: iterations=166 runtime: 213052us
Towers: iterations=167 runtime: 212433us
Towers: iterations=168 runtime: 212536us
Towers: iterations=169 runtime: 215893us
Towers: iterations=170 runtime: 212164us
Towers: iterations=171 runtime: 213043us
Towers: iterations=172 runtime: 211849us
Towers: iterations=173 runtime: 212114us
Towers: iterations=174 runtime: 212095us
Towers: iterations=175 runtime: 212101us
Towers: iterations=176 runtime: 212275us
Towers: iterations=177 runtime: 212078us
Towers: iterations=178 runtime: 212571us
Towers: iterations=179 runtime: 212201us
Towers: iterations=180 runtime: 211970us
Towers: iterations=181 runtime: 212106us
Towers: iterations=182 runtime: 212332us
Towers: iterations=183 runtime: 212326us
Towers: iterations=184 runtime: 211979us
Towers: iterations=185 runtime: 213125us
Towers: iterations=186 runtime: 212190us
Towers: iterations=187 runtime: 212206us
Towers: iterations=188 runtime: 212605us
Towers: iterations=189 runtime: 214834us
Towers: iterations=190 runtime: 212607us
Towers: iterations=191 runtime: 212094us
Towers: iterations=192 runtime: 212237us
Towers: iterations=193 runtime: 212256us
Towers: iterations=194 runtime: 212582us
Towers: iterations=195 runtime: 212673us
Towers: iterations=196 runtime: 211501us
Towers: iterations=197 runtime: 212082us
Towers: iterations=198 runtime: 211761us
Towers: iterations=199 runtime: 211712us
Towers: iterations=200 runtime: 212170us
Towers: iterations=201 runtime: 212921us
Towers: iterations=202 runtime: 212652us
Towers: iterations=203 runtime: 212218us
Towers: iterations=204 runtime: 212226us
Towers: iterations=205 runtime: 212138us
Towers: iterations=206 runtime: 212585us
Towers: iterations=207 runtime: 211711us
Towers: iterations=208 runtime: 211872us
Towers: iterations=209 runtime: 212515us
Towers: iterations=210 runtime: 212045us
Towers: iterations=211 runtime: 211932us
Towers: iterations=212 runtime: 214007us
Towers: iterations=213 runtime: 212749us
Towers: iterations=214 runtime: 211999us
Towers: iterations=215 runtime: 211777us
Towers: iterations=216 runtime: 211993us
Towers: iterations=217 runtime: 223663us
Towers: iterations=218 runtime: 211996us
Towers: iterations=219 runtime: 212333us
Towers: iterations=220 runtime: 212080us
Towers: iterations=221 runtime: 211965us
Towers: iterations=222 runtime: 211983us
Towers: iterations=223 runtime: 211817us
Towers: iterations=224 runtime: 212456us
Towers: iterations=225 runtime: 212238us
Towers: iterations=226 runtime: 212139us
Towers: iterations=227 runtime: 211687us
Towers: iterations=228 runtime: 211355us
Towers: iterations=229 runtime: 212259us
Towers: iterations=230 runtime: 212052us
Towers: iterations=231 runtime: 211582us
Towers: iterations=232 runtime: 211831us
Towers: iterations=233 runtime: 212128us
Towers: iterations=234 runtime: 212194us
Towers: iterations=235 runtime: 212034us
Towers: iterations=236 runtime: 214155us
Towers: iterations=237 runtime: 212819us
Towers: iterations=238 runtime: 212417us
Towers: iterations=239 runtime: 212163us
Towers: iterations=240 runtime: 211842us
Towers: iterations=241 runtime: 212374us
Towers: iterations=242 runtime: 212047us
Towers: iterations=243 runtime: 212692us
Towers: iterations=244 runtime: 211625us
Towers: iterations=245 runtime: 211885us
Towers: iterations=246 runtime: 211792us
Towers: iterations=247 runtime: 212086us
Towers: iterations=248 runtime: 212080us
Towers: iterations=249 runtime: 212099us
Towers: iterations=250 runtime: 212243us
Towers: iterations=251 runtime: 211949us
Towers: iterations=252 runtime: 212115us
Towers: iterations=253 runtime: 212712us
Towers: iterations=254 runtime: 212236us
Towers: iterations=255 runtime: 212102us
Towers: iterations=256 runtime: 211744us
Towers: iterations=257 runtime: 212295us
Towers: iterations=258 runtime: 212650us
Towers: iterations=259 runtime: 213746us
Towers: iterations=260 runtime: 213228us
Towers: iterations=261 runtime: 212124us
Towers: iterations=262 runtime: 212387us
Towers: iterations=263 runtime: 212526us
Towers: iterations=264 runtime: 212007us
Towers: iterations=265 runtime: 212477us
Towers: iterations=266 runtime: 212514us
Towers: iterations=267 runtime: 212164us
Towers: iterations=268 runtime: 211543us
Towers: iterations=269 runtime: 211896us
Towers: iterations=270 runtime: 211416us
Towers: iterations=271 runtime: 211572us
Towers: iterations=272 runtime: 212135us
Towers: iterations=273 runtime: 212843us
Towers: iterations=274 runtime: 213104us
Towers: iterations=275 runtime: 212185us
Towers: iterations=276 runtime: 212837us
Towers: iterations=277 runtime: 212356us
Towers: iterations=278 runtime: 212143us
Towers: iterations=279 runtime: 212066us
Towers: iterations=280 runtime: 212030us
Towers: iterations=281 runtime: 212680us
Towers: iterations=282 runtime: 211980us
Towers: iterations=283 runtime: 214938us
Towers: iterations=284 runtime: 212923us
Towers: iterations=285 runtime: 211773us
Towers: iterations=286 runtime: 211532us
Towers: iterations=287 runtime: 210886us
Towers: iterations=288 runtime: 210931us
Towers: iterations=289 runtime: 211013us
Towers: iterations=290 runtime: 211140us
Towers: iterations=291 runtime: 211880us
Towers: iterations=292 runtime: 211612us
Towers: iterations=293 runtime: 211211us
Towers: iterations=294 runtime: 211675us
Towers: iterations=295 runtime: 211113us
Towers: iterations=296 runtime: 211656us
Towers: iterations=297 runtime: 211564us
Towers: iterations=298 runtime: 211167us
Towers: iterations=299 runtime: 211044us
Towers: iterations=300 runtime: 212674us
Towers: iterations=301 runtime: 212131us
Towers: iterations=302 runtime: 211445us
Towers: iterations=303 runtime: 211125us
Towers: iterations=304 runtime: 211328us
Towers: iterations=305 runtime: 211939us
Towers: iterations=306 runtime: 212514us
Towers: iterations=307 runtime: 214425us
Towers: iterations=308 runtime: 212285us
Towers: iterations=309 runtime: 211467us
Towers: iterations=310 runtime: 211287us
Towers: iterations=311 runtime: 211218us
Towers: iterations=312 runtime: 210982us
Towers: iterations=313 runtime: 211488us
Towers: iterations=314 runtime: 210884us
Towers: iterations=315 runtime: 211107us
Towers: iterations=316 runtime: 210704us
Towers: iterations=317 runtime: 210882us
Towers: iterations=318 runtime: 211585us
Towers: iterations=319 runtime: 211057us
Towers: iterations=320 runtime: 211174us
Towers: iterations=321 runtime: 211459us
Towers: iterations=322 runtime: 212177us
Towers: iterations=323 runtime: 211385us
Towers: iterations=324 runtime: 228453us
Towers: iterations=325 runtime: 217878us
Towers: iterations=326 runtime: 214599us
Towers: iterations=327 runtime: 212620us
Towers: iterations=328 runtime: 213246us
Towers: iterations=329 runtime: 213357us
Towers: iterations=330 runtime: 215227us
Towers: iterations=331 runtime: 213234us
Towers: iterations=332 runtime: 212376us
Towers: iterations=333 runtime: 213190us
Towers: iterations=334 runtime: 212128us
Towers: iterations=335 runtime: 211848us
Towers: iterations=336 runtime: 213028us
Towers: iterations=337 runtime: 211526us
Towers: iterations=338 runtime: 211000us
Towers: iterations=339 runtime: 211535us
Towers: iterations=340 runtime: 211279us
Towers: iterations=341 runtime: 211275us
Towers: iterations=342 runtime: 211954us
Towers: iterations=343 runtime: 210896us
Towers: iterations=344 runtime: 211286us
Towers: iterations=345 runtime: 210968us
Towers: iterations=346 runtime: 211337us
Towers: iterations=347 runtime: 212306us
Towers: iterations=348 runtime: 212008us
Towers: iterations=349 runtime: 211397us
Towers: iterations=350 runtime: 211872us
Towers: iterations=351 runtime: 212210us
Towers: iterations=352 runtime: 212574us
Towers: iterations=353 runtime: 213569us
Towers: iterations=354 runtime: 214844us
Towers: iterations=355 runtime: 212825us
Towers: iterations=356 runtime: 213129us
Towers: iterations=357 runtime: 212367us
Towers: iterations=358 runtime: 212772us
Towers: iterations=359 runtime: 212703us
Towers: iterations=360 runtime: 212690us
Towers: iterations=361 runtime: 213140us
Towers: iterations=362 runtime: 212090us
Towers: iterations=363 runtime: 212966us
Towers: iterations=364 runtime: 212360us
Towers: iterations=365 runtime: 212637us
Towers: iterations=366 runtime: 212408us
Towers: iterations=367 runtime: 212930us
Towers: iterations=368 runtime: 212717us
Towers: iterations=369 runtime: 212871us
Towers: iterations=370 runtime: 212682us
Towers: iterations=371 runtime: 212868us
Towers: iterations=372 runtime: 212441us
Towers: iterations=373 runtime: 212441us
Towers: iterations=374 runtime: 212675us
Towers: iterations=375 runtime: 212904us
Towers: iterations=376 runtime: 212295us
Towers: iterations=377 runtime: 215895us
Towers: iterations=378 runtime: 213303us
Towers: iterations=379 runtime: 212573us
Towers: iterations=380 runtime: 213075us
Towers: iterations=381 runtime: 212834us
Towers: iterations=382 runtime: 213246us
Towers: iterations=383 runtime: 213211us
Towers: iterations=384 runtime: 212593us
Towers: iterations=385 runtime: 213113us
Towers: iterations=386 runtime: 212279us
Towers: iterations=387 runtime: 212999us
Towers: iterations=388 runtime: 212075us
Towers: iterations=389 runtime: 212678us
Towers: iterations=390 runtime: 212212us
Towers: iterations=391 runtime: 212260us
Towers: iterations=392 runtime: 212345us
Towers: iterations=393 runtime: 212997us
Towers: iterations=394 runtime: 213496us
Towers: iterations=395 runtime: 212731us
Towers: iterations=396 runtime: 212918us
Towers: iterations=397 runtime: 212718us
Towers: iterations=398 runtime: 212857us
Towers: iterations=399 runtime: 212972us
Towers: iterations=400 runtime: 213505us
Towers: iterations=401 runtime: 214866us
Towers: iterations=402 runtime: 212465us
Towers: iterations=403 runtime: 212401us
Towers: iterations=404 runtime: 213184us
Towers: iterations=405 runtime: 212438us
Towers: iterations=406 runtime: 212598us
Towers: iterations=407 runtime: 211967us
Towers: iterations=408 runtime: 212009us
Towers: iterations=409 runtime: 212181us
Towers: iterations=410 runtime: 212330us
Towers: iterations=411 runtime: 212575us
Towers: iterations=412 runtime: 211849us
Towers: iterations=413 runtime: 212459us
Towers: iterations=414 runtime: 213282us
Towers: iterations=415 runtime: 212859us
Towers: iterations=416 runtime: 212517us
Could not locate BlockSlowdown.json
Skipping Loading (this might cause a fatal crash if GTSlowdown is on)
java.lang.StringLatin1.inflate(byte[], int, char[], int, int)void -1 codeSignature differs d12363b0fa944c3141709d1d15ff92c10bb825ce967b2050b65342abfb7722e9 != 7229d185807c5eb1f821125a028c07df1ddeaa104c27495e511e6ad0d767c33a
java.lang.StringLatin1.inflate(byte[], int, char[], int, int)void -1 graphSignature differs 17e6f3ed6596e5d6840a8a77065c9470c41838c2630b4535538ec163efd33e69 != e838eb1809aadd841c1ff5fe2e7a1043b73670d291c51dcf64d0aae8eaa2b7e0
Towers: iterations=417 runtime: 212922us
Towers: iterations=418 runtime: 211597us
Towers: iterations=419 runtime: 211234us
Towers: iterations=420 runtime: 211475us
Towers: iterations=421 runtime: 211121us
Towers: iterations=422 runtime: 212158us
Towers: iterations=423 runtime: 211067us
Towers: iterations=424 runtime: 215104us
Towers: iterations=425 runtime: 211693us
Towers: iterations=426 runtime: 210578us
Towers: iterations=427 runtime: 211262us
Towers: iterations=428 runtime: 211264us
Towers: iterations=429 runtime: 210269us
Towers: iterations=430 runtime: 211582us
Towers: iterations=431 runtime: 211037us
Towers: iterations=432 runtime: 222749us
Towers: iterations=433 runtime: 223160us
Towers: iterations=434 runtime: 210431us
Towers: iterations=435 runtime: 211272us
Towers: iterations=436 runtime: 211230us
Towers: iterations=437 runtime: 211745us
Towers: iterations=438 runtime: 211905us
Towers: iterations=439 runtime: 212645us
Towers: iterations=440 runtime: 211620us
Towers: iterations=441 runtime: 212756us
Towers: iterations=442 runtime: 211455us
Towers: iterations=443 runtime: 211635us
Towers: iterations=444 runtime: 211902us
Towers: iterations=445 runtime: 211562us
Towers: iterations=446 runtime: 213578us
Towers: iterations=447 runtime: 213861us
Towers: iterations=448 runtime: 214239us
Towers: iterations=449 runtime: 213450us
Towers: iterations=450 runtime: 212523us
Towers: iterations=451 runtime: 212352us
Towers: iterations=452 runtime: 212298us
Towers: iterations=453 runtime: 213048us
Towers: iterations=454 runtime: 212812us
Towers: iterations=455 runtime: 212063us
Towers: iterations=456 runtime: 211978us
Towers: iterations=457 runtime: 212149us
Towers: iterations=458 runtime: 211377us
Towers: iterations=459 runtime: 212791us
Towers: iterations=460 runtime: 211798us
Towers: iterations=461 runtime: 212761us
Towers: iterations=462 runtime: 212367us
Towers: iterations=463 runtime: 212477us
Towers: iterations=464 runtime: 211675us
Towers: iterations=465 runtime: 212300us
Towers: iterations=466 runtime: 212656us
Towers: iterations=467 runtime: 212770us
Towers: iterations=468 runtime: 212829us
Towers: iterations=469 runtime: 212583us
Towers: iterations=470 runtime: 212797us
Towers: iterations=471 runtime: 215587us
Towers: iterations=472 runtime: 212682us
Towers: iterations=473 runtime: 212790us
Towers: iterations=474 runtime: 213038us
Towers: iterations=475 runtime: 213404us
Towers: iterations=476 runtime: 212190us
Towers: iterations=477 runtime: 212352us
Towers: iterations=478 runtime: 212128us
Towers: iterations=479 runtime: 212669us
Towers: iterations=480 runtime: 212598us
Towers: iterations=481 runtime: 212124us
Towers: iterations=482 runtime: 212796us
Towers: iterations=483 runtime: 215404us
Towers: iterations=484 runtime: 211972us
Towers: iterations=485 runtime: 212535us
Towers: iterations=486 runtime: 212716us
Towers: iterations=487 runtime: 212553us
Towers: iterations=488 runtime: 213487us
Could not locate BlockSlowdown.json
Skipping Loading (this might cause a fatal crash if GTSlowdown is on)
java.lang.StringCoding.implEncodeAsciiArray(char[], int, byte[], int, int)int -1 codeSignature differs a4d525ee532749fd09e0ef41f5918e2b891717235a29344d07c74f6112bb4c2c != d55fbea694761fc922a42e91b2b98c835dce3c3f298c1fe7d5ce8aa936963d2d
java.lang.StringCoding.implEncodeAsciiArray(char[], int, byte[], int, int)int -1 graphSignature differs bc8f20c8c772d3cc0eaba9b68bcd84047d761ba16a7aeb64fe90c36d37dcccb7 != 3bdd078c3a9d60d7eff24b6603d8a355db817965321aded167eb2387bae94eb4
Towers: iterations=489 runtime: 212292us
Towers: iterations=490 runtime: 240416us
Towers: iterations=491 runtime: 211002us
Towers: iterations=492 runtime: 211608us
Towers: iterations=493 runtime: 209968us
Towers: iterations=494 runtime: 213358us
Towers: iterations=495 runtime: 211800us
Towers: iterations=496 runtime: 211084us
Towers: iterations=497 runtime: 211503us
Towers: iterations=498 runtime: 216332us
Towers: iterations=499 runtime: 218405us
Towers: iterations=500 runtime: 211564us
Could not locate BlockSlowdown.json
Skipping Loading (this might cause a fatal crash if GTSlowdown is on)
jdk.internal.constant.PrimitiveClassDescImpl.descriptorString()java.lang.String -1 codeSignature differs 7722674ec43cccc19227bd0fe31433696da3716816c65b03f1730e1c0254917a != 2859d17d681828116974698ed904c3f2d6f285799222904b89fcd6ff7a2f986f
Towers: iterations=500 average: 214577us total: 107288838us


Total Runtime: 107288838us
Bubo.RDTSC.Harness.main Total RDTSC cycles: 356258819204
