[Use -Djdk.graal.LogFile=<path> to redirect Graal log output to a file.]
java.lang.module.ModuleDescriptor.name()java.lang.String -1 codeSignature differs 5be282a10c496d4000571a6844c9c0bc109901813a12d3aea5364efad6a66c85 != 236f622407d0112ac18220ce2f7dd8fc95a4975bd21efedc593a420240b9e35f
java.lang.module.ModuleReference.descriptor()java.lang.module.ModuleDescriptor -1 codeSignature differs 14be906eafbcd0e98db8607fd01b12de837039bcd06c460d0cf8f6394c8cff6d != d74a3d991dcad2ff0132c63a48dc50da7170128a36ef27d42bfbafe23260746e
java.lang.Enum.ordinal()int -1 codeSignature differs d4ce072063a0e5d7b77fa03ca89aafb8f3e3ecf13c518dc1905e344d1e62c58a != 6379912ece14b3e5c494001bcdbf513550438500c9fe64692666ea4804585a5b
java.lang.Class.isPrimitive()boolean -1 codeSignature differs 98ab40cf2ebcc843a57e4548f9a42e2e9f3f439b3cfc72b2a9affe72c8d06a5f != 3e78a4a854866f13977dcbf9876f9c5a148d0cfe8abd55bad528a298e2ab0d37
jdk.internal.util.StrongReferenceKey.get()java.lang.Object -1 codeSignature differs 14be906eafbcd0e98db8607fd01b12de837039bcd06c460d0cf8f6394c8cff6d != d74a3d991dcad2ff0132c63a48dc50da7170128a36ef27d42bfbafe23260746e
java.lang.Class.getClassLoader()java.lang.ClassLoader -1 codeSignature differs 1ec746d9657abb2124f404e47924197593986fc62346c6cd76072c08e29afddf != fc6683d6dbc2e9c193939db2b7b3809c7ed36f548dabbad32ce6a77af2acbb5c
java.lang.invoke.MethodType.returnType()java.lang.Class -1 codeSignature differs 14be906eafbcd0e98db8607fd01b12de837039bcd06c460d0cf8f6394c8cff6d != d74a3d991dcad2ff0132c63a48dc50da7170128a36ef27d42bfbafe23260746e
jdk.internal.classfile.impl.AbstractPoolEntry.index()int -1 codeSignature differs d4ce072063a0e5d7b77fa03ca89aafb8f3e3ecf13c518dc1905e344d1e62c58a != 6379912ece14b3e5c494001bcdbf513550438500c9fe64692666ea4804585a5b
java.lang.invoke.MemberName.getDeclaringClass()java.lang.Class -1 codeSignature differs b46e439bc51650ff335d2a7124f0b0154f260fe1af8ba145c6fd3cf5008c9e4e != 65875f01c4739b3690cfc99e32978813efde10140dd67c4d7a0e3015e243befa
java.lang.invoke.MethodType.form()java.lang.invoke.MethodTypeForm -1 codeSignature differs 5be282a10c496d4000571a6844c9c0bc109901813a12d3aea5364efad6a66c85 != 236f622407d0112ac18220ce2f7dd8fc95a4975bd21efedc593a420240b9e35f
java.util.stream.FindOps$FindSink.cancellationRequested()boolean -1 codeSignature differs 55af0dc4b7688c78180d5f5b00584e4bf66cf93bd60716f9aab49e7a6fd64ac4 != f48625702890d29653fc29959db5796353242ca5005d0c97563dc7641a6e9521
java.lang.Object.<init>()void -1 codeSignature differs fe534d3aac0502b22527b54e744892c09d7496fd765947a3ee3ec9a070d56f92 != 53fed571f2d162d1b06665e593acff62e94c3c2feeb837a313805208a153c804
jdk.internal.module.ModuleReferenceImpl.moduleResolution()jdk.internal.module.ModuleResolution -1 codeSignature differs b76db95b8fd3a055b26c3a6c15023743ea3cd488646d474319964a2e9e13b73e != acecf092198f6e600ae574ae88f94c3dcc124dff78fd33d38e7503cf1de4cb84
java.lang.String.hashCode()int -1 codeSignature differs cd869c87835ef8242ee90410caccd8a61a63cd99231e11f83fcdc76366e70264 != 4af57cd2c352f504d9843ac55232e6c06b59ac42ecb11ac71e7928d819941700
java.lang.module.ModuleDescriptor$Requires.modifiers()java.util.Set -1 codeSignature differs 14be906eafbcd0e98db8607fd01b12de837039bcd06c460d0cf8f6394c8cff6d != d74a3d991dcad2ff0132c63a48dc50da7170128a36ef27d42bfbafe23260746e
java.lang.module.ModuleDescriptor$Requires.name()java.lang.String -1 codeSignature differs 90f01eeb46d88d53d0e4e48ef19445eb3bdf8101a00c7dc3f717a337df9fb41f != 3dca556ce0a4f9f9b2a7bcbcee2ecdeeb626fd493f0993079a0f91070abff97b
java.lang.module.ModuleDescriptor.requires()java.util.Set -1 codeSignature differs 50021c78154f047ad8f88f0733084203e726ca2f3911eed3f4e2615369ae39b2 != 38c64b25607c18539afa677dc017db8b0b2e69cd25c409ff2fbbda9b724f85b9
java.lang.module.ModuleDescriptor.isAutomatic()boolean -1 codeSignature differs 2c5d9434fa6cbff1c0177053ad01774247e7a98383a3d0ee5c4dccbf56bf9e86 != 573ad2b7aa6bd940d385aadba08b49259d18cc84676cb0e7d2bc6bb2b3a188b0
java.util.HashMap$Node.getKey()java.lang.Object -1 codeSignature differs 90f01eeb46d88d53d0e4e48ef19445eb3bdf8101a00c7dc3f717a337df9fb41f != 3dca556ce0a4f9f9b2a7bcbcee2ecdeeb626fd493f0993079a0f91070abff97b
java.util.HashMap$Node.getValue()java.lang.Object -1 codeSignature differs 5be282a10c496d4000571a6844c9c0bc109901813a12d3aea5364efad6a66c85 != 236f622407d0112ac18220ce2f7dd8fc95a4975bd21efedc593a420240b9e35f
java.util.ImmutableCollections$Set12.isEmpty()boolean -1 codeSignature differs d890ffc04cd03ec866061096d7d13d2670cacc5a2328b692374e3523d40574bd != 55a5cc963fc3641936c496e734b67cb2da5b04dc6786193efb958b4650f80fcc
java.lang.module.ModuleDescriptor$Exports.source()java.lang.String -1 codeSignature differs 90f01eeb46d88d53d0e4e48ef19445eb3bdf8101a00c7dc3f717a337df9fb41f != 3dca556ce0a4f9f9b2a7bcbcee2ecdeeb626fd493f0993079a0f91070abff97b
java.lang.module.ModuleDescriptor$Exports.targets()java.util.Set -1 codeSignature differs 5be282a10c496d4000571a6844c9c0bc109901813a12d3aea5364efad6a66c85 != 236f622407d0112ac18220ce2f7dd8fc95a4975bd21efedc593a420240b9e35f
java.lang.module.ModuleDescriptor.provides()java.util.Set -1 codeSignature differs 309d9291f2d3c2a63becdec49b2c74b25af9d7fdc62dad05faf86a64889608fc != ac8620023b60722a9bd4c025af16c863bb01ff2e1485a56d1a0e66cae8c98d9f
java.lang.module.ModuleDescriptor.exports()java.util.Set -1 codeSignature differs 948d21eddb9ad191efbc24290e4e840a30aebb134151b75def9175ab54c0a48c != 64b1f8caa863f256c52a850b78b1f50f6cb4cdbb0fd449ebc0f6c33942f7e576
java.util.ImmutableCollections$SetN$SetNIterator.hasNext()boolean -1 codeSignature differs 014069b9d29ae67f97f8d652b8d7a77d9057cdb393e4e32597c925d7a30bdc82 != 68bedb7c2b89fc57eca6528f835388a812a6a51c19835f3ca5c045deed27b552
java.lang.module.ModuleDescriptor.uses()java.util.Set -1 codeSignature differs e3ce51591a4fee3aaff0c687fbb639bc8c1569c92e84d989cdc906a081a3aa6f != a28d016eade96af94b1490585bd89e875ca450bc08a58e964a7e2d9c660f535c
java.util.ImmutableCollections$SetN$SetNIterator.next()java.lang.Object -1 codeSignature differs 4e76ba541038849bb8e0e4a415648ce3141893b6aa5afc50d33cb7741470db08 != 9ada83417ac793d7136a278090746c2f10c77204a30d308441be04e5065b2590
java.util.ImmutableCollections$SetN$SetNIterator.next()java.lang.Object -1 graphSignature differs cc325e064e7585e0e6736addc07d3b5b1a1e9ec52f960e7777496af159b5096f != 920e12a7ee41cc3a0a3487d03bd48833bfc4e8d416bdbae7234f8ba199084b4d
java.lang.module.ModuleDescriptor$Provides.service()java.lang.String -1 codeSignature differs 14be906eafbcd0e98db8607fd01b12de837039bcd06c460d0cf8f6394c8cff6d != d74a3d991dcad2ff0132c63a48dc50da7170128a36ef27d42bfbafe23260746e
java.util.HashMap.hash(java.lang.Object)int -1 codeSignature differs 8cb286e7f7d5975ea935263d08ccaec42b6d86ddc4c9a7dd1917ca9c8d666cad != 7bb87f6d0459af8747d1667890e40fb2b1cd370b6b717bf965e5aaff7f99e994
java.lang.module.ModuleDescriptor$Exports.isQualified()boolean -1 codeSignature differs 9769f67fce0a6b92226794f1d26ff4969587e8669b18080bd0258524223bf914 != 81e778a01a73d8a6d86540c2a052705b84df6fc8b489b8abefe3a458d0c95e56
java.util.HashMap.putVal(int, java.lang.Object, java.lang.Object, boolean, boolean)java.lang.Object -1 codeSignature differs 3cd09cd4ed6bd24726bfb23343b6c7fa643f2c143f77105e5ebb639f6a5cd1da != 340a8bcb86509141d036a014fa93fb9326a8f94c411e87b116de6cc24cb04c7b
java.util.HashMap.putVal(int, java.lang.Object, java.lang.Object, boolean, boolean)java.lang.Object -1 graphSignature differs ee09f2c8e8aef299f145f669ac6d290ab921c200bee62674b2ab14a5f207c19a != 5a74e12f320f5360d51b0bb3946f087ce2dce5afa144b15d312a3acc1621c4cf
java.lang.String.equals(java.lang.Object)boolean -1 codeSignature differs f5747f05d8cb43a0e84b3d89443c10d37c72a20d9b0342eb86834299bed80ca6 != 119dc6e6665ec6b4c44f1e420beb3682c6794e4c2205f6f17310bd0f4f948907
java.lang.String.equals(java.lang.Object)boolean -1 graphSignature differs 240f841b413bb8bd2af4877cb3753eac11d3bdc482d702e067df992e72784ebb != 2d841e5f6ff33687ba2a8e89c73735b82c892266d476f740b43f9fc2b4d21873
java.util.KeyValueHolder.getKey()java.lang.Object -1 codeSignature differs 14be906eafbcd0e98db8607fd01b12de837039bcd06c460d0cf8f6394c8cff6d != d74a3d991dcad2ff0132c63a48dc50da7170128a36ef27d42bfbafe23260746e
java.util.KeyValueHolder.getValue()java.lang.Object -1 codeSignature differs 90f01eeb46d88d53d0e4e48ef19445eb3bdf8101a00c7dc3f717a337df9fb41f != 3dca556ce0a4f9f9b2a7bcbcee2ecdeeb626fd493f0993079a0f91070abff97b
java.lang.module.ModuleDescriptor.packages()java.util.Set -1 codeSignature differs 1ec746d9657abb2124f404e47924197593986fc62346c6cd76072c08e29afddf != fc6683d6dbc2e9c193939db2b7b3809c7ed36f548dabbad32ce6a77af2acbb5c
java.lang.module.ResolvedModule.reference()java.lang.module.ModuleReference -1 codeSignature differs 90f01eeb46d88d53d0e4e48ef19445eb3bdf8101a00c7dc3f717a337df9fb41f != 3dca556ce0a4f9f9b2a7bcbcee2ecdeeb626fd493f0993079a0f91070abff97b
java.util.HashMap$Node.<init>(int, java.lang.Object, java.lang.Object, java.util.HashMap$Node)void -1 codeSignature differs 37526cf796e2463d255edf0b864ca3767bbd0d55e1fa8d2dd29dff49c79e3647 != 98053db025ad15029619422685d145245d48699c8c367c94c314848758587613
java.lang.module.ModuleDescriptor$Version.toString()java.lang.String -1 codeSignature differs 14be906eafbcd0e98db8607fd01b12de837039bcd06c460d0cf8f6394c8cff6d != d74a3d991dcad2ff0132c63a48dc50da7170128a36ef27d42bfbafe23260746e
java.lang.AbstractStringBuilder.length()int -1 codeSignature differs d4ce072063a0e5d7b77fa03ca89aafb8f3e3ecf13c518dc1905e344d1e62c58a != 6379912ece14b3e5c494001bcdbf513550438500c9fe64692666ea4804585a5b
java.util.HashMap.newNode(int, java.lang.Object, java.lang.Object, java.util.HashMap$Node)java.util.HashMap$Node -1 codeSignature differs 0b57ad3d0ea1b0de0d3ae4d1256f2a3bf2dacceb94022bee4e70d75bf1848358 != d2c2a415cba31cf48b157817e62dcfa6745f18dc85bdd37bd358d1bb63bfa15d
java.util.HashMap.afterNodeInsertion(boolean)void -1 codeSignature differs fe534d3aac0502b22527b54e744892c09d7496fd765947a3ee3ec9a070d56f92 != 53fed571f2d162d1b06665e593acff62e94c3c2feeb837a313805208a153c804
java.lang.module.ResolvedModule.configuration()java.lang.module.Configuration -1 codeSignature differs 14be906eafbcd0e98db8607fd01b12de837039bcd06c460d0cf8f6394c8cff6d != d74a3d991dcad2ff0132c63a48dc50da7170128a36ef27d42bfbafe23260746e
java.util.HashMap.resize()java.util.HashMap$Node[] -1 codeSignature differs d5a98311fc23387a5a874a28b496198c1946bbedb9018c8e0b57f5aec55fbe36 != a28c301a9eb507d8dac702dae4c55db92c86c6f577bfd1d6d860caa97d04b47f
java.util.HashMap.resize()java.util.HashMap$Node[] -1 graphSignature differs 8621339e67ed630b148c0b60d4ece2a8f5e4dc640c7e625f721a8babedbc3813 != 907f32e8439d3100299993dcad76560e08b0f705baa3a6e36f739c5640084aa9
java.lang.module.ModuleDescriptor.isOpen()boolean -1 codeSignature differs 7251ebfc69511ba11260ce3e5fe8de41e1ee424c1c84ef382507a4b520f46599 != 68c1b93afd5159dbd52f415e41c6f206a35012c76ae6407eef42650396bf8bfc
java.util.HashMap.size()int -1 codeSignature differs 55d12884885f16e44e8204f924f64617688caf405b709d32e1e72896f6c27c3d != 602769ad44793bd98e92b9e62f8542f52d5162d04d5d1c146bc1a1f5f4eab2b1
java.util.zip.ZipCoder$UTF8ZipCoder.isUTF8()boolean -1 codeSignature differs 6e3a14458a0fca90e6a63285514a933585cea592cb622e79b33ddc5df6e0fb66 != f86c5820929a34f03b9429610f522a6efd833767bf69832ae22131f6e690fc71
jdk.internal.classfile.impl.AbstractPoolEntry.width()int -1 codeSignature differs 6e3a14458a0fca90e6a63285514a933585cea592cb622e79b33ddc5df6e0fb66 != f86c5820929a34f03b9429610f522a6efd833767bf69832ae22131f6e690fc71
jdk.internal.classfile.impl.SplitConstantPool.size()int -1 codeSignature differs 1e851f5b2cbf37c0cd46831368dd889b60dff01d7b16161259960e24b264ceb1 != 8842033c3435ba9022b0d14a05ef1a95782e7436e1f26a804596a2590677c40d
java.lang.invoke.MethodType.ptypes()java.lang.Class[] -1 codeSignature differs 90f01eeb46d88d53d0e4e48ef19445eb3bdf8101a00c7dc3f717a337df9fb41f != 3dca556ce0a4f9f9b2a7bcbcee2ecdeeb626fd493f0993079a0f91070abff97b
jdk.internal.classfile.impl.RawBytecodeHelper.bci()int -1 codeSignature differs fe46e3fea17c2bcac25676024acf43715946ed13832c36004058f315d01e6ed3 != f644854fb6e4ffc5fb86a7d696951b13023f6a472bb2253c81909dd20f94fad0
jdk.internal.classfile.impl.AbstractPoolEntry.constantPool()java.lang.classfile.constantpool.ConstantPool -1 codeSignature differs 5be282a10c496d4000571a6844c9c0bc109901813a12d3aea5364efad6a66c85 != 236f622407d0112ac18220ce2f7dd8fc95a4975bd21efedc593a420240b9e35f
java.lang.AbstractStringBuilder.getValue()byte[] -1 codeSignature differs 5be282a10c496d4000571a6844c9c0bc109901813a12d3aea5364efad6a66c85 != 236f622407d0112ac18220ce2f7dd8fc95a4975bd21efedc593a420240b9e35f
jdk.internal.constant.ClassOrInterfaceDescImpl.descriptorString()java.lang.String -1 codeSignature differs 14be906eafbcd0e98db8607fd01b12de837039bcd06c460d0cf8f6394c8cff6d != d74a3d991dcad2ff0132c63a48dc50da7170128a36ef27d42bfbafe23260746e
java.lang.String.value()byte[] -1 codeSignature differs 5be282a10c496d4000571a6844c9c0bc109901813a12d3aea5364efad6a66c85 != 236f622407d0112ac18220ce2f7dd8fc95a4975bd21efedc593a420240b9e35f
jdk.internal.classfile.impl.BufWriterImpl.size()int -1 codeSignature differs fe46e3fea17c2bcac25676024acf43715946ed13832c36004058f315d01e6ed3 != f644854fb6e4ffc5fb86a7d696951b13023f6a472bb2253c81909dd20f94fad0
Profiling started
java.nio.Buffer.limit()int -1 codeSignature differs 55d12884885f16e44e8204f924f64617688caf405b709d32e1e72896f6c27c3d != 602769ad44793bd98e92b9e62f8542f52d5162d04d5d1c146bc1a1f5f4eab2b1
java.lang.StringLatin1.equals(byte[], byte[])boolean -1 codeSignature differs 2cfeb7ca81e519d27a2f4886127bbb28eb00282f6a344501abe1cdc2705cba4e != ce6957fde94989d8dfb9f657cd698acb12bd0f01e407ce68915647520f63bd02
java.lang.StringLatin1.equals(byte[], byte[])boolean -1 graphSignature differs f47d0b1647dabd6f0108a1c873e12c6a64939992dcc9e97f79a9e6e1f1af8649 != cda1bda6b067c21da86f5c9b00220a168b94ff95811df6ee0a57435eb4ec0473
jdk.internal.classfile.impl.AbstractDirectBuilder.constantPool()jdk.internal.classfile.impl.SplitConstantPool -1 codeSignature differs 14be906eafbcd0e98db8607fd01b12de837039bcd06c460d0cf8f6394c8cff6d != d74a3d991dcad2ff0132c63a48dc50da7170128a36ef27d42bfbafe23260746e
java.lang.String.coder()byte -1 codeSignature differs f3a73f0f7ffcffdf8962f6b17b32b9d22dceb70a6321ad4e83f092ac924fb640 != 82f5235e2dbc41130ab9f332d81a84c727950ed13b523486e1cf57bd2f9bda2c
jdk.internal.util.WeakReferenceKey.hashCode()int -1 codeSignature differs 55d12884885f16e44e8204f924f64617688caf405b709d32e1e72896f6c27c3d != 602769ad44793bd98e92b9e62f8542f52d5162d04d5d1c146bc1a1f5f4eab2b1
java.lang.invoke.MethodTypeForm.erasedType()java.lang.invoke.MethodType -1 codeSignature differs 90f01eeb46d88d53d0e4e48ef19445eb3bdf8101a00c7dc3f717a337df9fb41f != 3dca556ce0a4f9f9b2a7bcbcee2ecdeeb626fd493f0993079a0f91070abff97b
jdk.internal.constant.ClassOrInterfaceDescImpl.isClassOrInterface()boolean -1 codeSignature differs 6e3a14458a0fca90e6a63285514a933585cea592cb622e79b33ddc5df6e0fb66 != f86c5820929a34f03b9429610f522a6efd833767bf69832ae22131f6e690fc71
java.util.ArrayList.size()int -1 codeSignature differs fe46e3fea17c2bcac25676024acf43715946ed13832c36004058f315d01e6ed3 != f644854fb6e4ffc5fb86a7d696951b13023f6a472bb2253c81909dd20f94fad0
java.lang.String.length()int -1 codeSignature differs 5f2a9f3bb1f4f800ea4f2ad278553dedcfc789fe27a155b26df986828b30ede3 != 65d375b72c5817a4f8af1bcdf77dbdcb452e4f9ceb60cd42724b10772bcfdc62
Starting Towers benchmark ...
Towers$TowersDisk.setNext(Towers$TowersDisk)void -1 codeSignature differs 3be1c32c45269ebd73e29743821214108febb521265d6856eb863084df2390e0 != 19c4499900d61f0cac018481719f01c403ce3f5ae07193274e0aaed6f22cba04
Towers$TowersDisk.getSize()int -1 codeSignature differs d4ce072063a0e5d7b77fa03ca89aafb8f3e3ecf13c518dc1905e344d1e62c58a != 6379912ece14b3e5c494001bcdbf513550438500c9fe64692666ea4804585a5b
Towers$TowersDisk.getNext()Towers$TowersDisk -1 codeSignature differs 90f01eeb46d88d53d0e4e48ef19445eb3bdf8101a00c7dc3f717a337df9fb41f != 3dca556ce0a4f9f9b2a7bcbcee2ecdeeb626fd493f0993079a0f91070abff97b
Towers.pushDisk(Towers$TowersDisk, int)void -1 codeSignature differs 3105b2e825037dfae4830e0d4ed8fffe06674ffd6c831f7ec591d5454e0744a4 != c1d7fe035871f2d200a8f3bb0cc8602b99094687a272e3791894bd83fbe6f64b
Towers.moveDisks(int, int, int)void -1 codeSignature differs 81a3cc6a8f1894c6da5f16767f68b3a9ef4676a208f89042631df5f04447db78 != a8ebb240ce5b634753fe7daa8ac26675b5cf89bf210acf3bca860119b9ececfb
Towers.moveTopDisk(int, int)void -1 codeSignature differs 133756d37f8bcd9ac14cd457b91f464de5f2e2a640c6e997e5f7f5c62754cf73 != 600bb80513c435e3bbfb79dde7d4dd488c075c061ce13d216e85c613a89ea65b
Towers.popDiskFrom(int)Towers$TowersDisk -1 codeSignature differs 18f0f1ef17442cf2433df9bf91816eede6a14e0d766586eea8699e500e1c86b8 != d1ae51e9cf787f5b0c5aa2e5a67e74f5bc28cc6bea615a022cb71c302ee22e3c
java.lang.Integer.intValue()int -1 codeSignature differs d4ce072063a0e5d7b77fa03ca89aafb8f3e3ecf13c518dc1905e344d1e62c58a != 6379912ece14b3e5c494001bcdbf513550438500c9fe64692666ea4804585a5b
Towers$TowersDisk.<init>(int)void -1 codeSignature differs 79501822c6ab4c9b0d280255fe98a197cd3e4d400db1695b0a7c8a478d01042f != f4921c3cc4fa379eabe5b2b13aa66ec7ca50b67eb98e881c919765ac016ee4ff
Towers.buildTowerAt(int, int)void -1 codeSignature differs 78ba820cea4a2b152cf0dcbee29e4a5fcf9e035c71b3a4ab15709358e225a36f != 36a640b601a179613b01c11a4fc62e09e82554e706b84fde06daf9b91ba4211d
Towers.buildTowerAt(int, int)void -1 graphSignature differs 45a77874cf0649c65c87d5427ba6dff0d3554113137de555dcd4f4162ab6bf2d != 9ac8a3321197d9c2767d6b5dac1b25d78c5436cea562d0dc970ffa8cf1021355
jdk.internal.classfile.impl.AbstractPoolEntry.hashCode()int -1 codeSignature differs fe46e3fea17c2bcac25676024acf43715946ed13832c36004058f315d01e6ed3 != f644854fb6e4ffc5fb86a7d696951b13023f6a472bb2253c81909dd20f94fad0
jdk.internal.classfile.impl.AbstractPoolEntry$ClassEntryImpl.tag()int -1 codeSignature differs 5404769be9f3dbc3cb72c5db1a8ad8dd44853cedba352c69c6db32de21c4dbb9 != 9e72aee727452f3bd7e5755029309d18662e78c7d8f6a3fef1fa786c235c1353
Towers: iterations=1 runtime: 724559us
Towers: iterations=2 runtime: 345222us
Towers.benchmark()java.lang.Object -1 codeSignature differs 2ea50874bbee4216f84210a315dd6aa94ecb9cd12f1511ce6cc110fa7ca7a05a != 318e1f7aff2f07d234d9cb0b706e47d46f118eeab54025895e1d639c2ad93c63
Towers.verifyResult(java.lang.Object)boolean -1 codeSignature differs 2ea1210e5cfc7918a2e4dca0e91cb8149af51664874215bbe872b976689ce8e7 != 629ed57279a9fe28d77b8766b8411ae75c50a547a8c55cfd0c48a5d8f9474abb
Towers: iterations=3 runtime: 417402us
Towers: iterations=4 runtime: 346856us
Towers: iterations=5 runtime: 342692us
Towers: iterations=6 runtime: 342716us
Towers: iterations=7 runtime: 341286us
java.nio.Buffer.position()int -1 codeSignature differs 3f64cd4fafea8a3cef87601314961681d43f2aa75c3a358c1b0ce8d9a1c4731a != f5a100836d3b6c24d5617122379fdd07d38ba4b008ea9ae91e48aa3956773271
Towers: iterations=8 runtime: 341186us
Benchmark.innerBenchmarkLoop(int)boolean -1 codeSignature differs 76a0481fc9b34324c1f4b056a04b0eaed02a32afaea7f8c1c732ecb7254a5034 != ace381124a94b39ae9d6a6faec4e86fc89533cd45e6b865fb015fef42ea1d763
Benchmark.innerBenchmarkLoop(int)boolean -1 graphSignature differs 1ce67b4520d621e4561bd5caafb0ab7415b06e884406b68566c024003a4c6740 != 7a271abf22a1270f391e80a5947622a55c5b80f49b8c0efec707ed8306ff89bb
Towers: iterations=9 runtime: 763733us
Towers: iterations=10 runtime: 343023us
Towers: iterations=11 runtime: 341271us
Towers: iterations=12 runtime: 341348us
Towers: iterations=13 runtime: 341578us
Towers: iterations=14 runtime: 340654us
Towers: iterations=15 runtime: 340452us
Towers: iterations=16 runtime: 338979us
Towers: iterations=17 runtime: 345820us
Towers: iterations=18 runtime: 341005us
Towers: iterations=19 runtime: 338813us
Towers: iterations=20 runtime: 338633us
Towers: iterations=21 runtime: 338546us
Towers: iterations=22 runtime: 338286us
Towers: iterations=23 runtime: 338493us
Towers: iterations=24 runtime: 338417us
Towers: iterations=25 runtime: 339375us
Towers: iterations=26 runtime: 374774us
Towers: iterations=27 runtime: 338018us
Towers: iterations=28 runtime: 336842us
Towers: iterations=29 runtime: 336919us
Towers: iterations=30 runtime: 337832us
Towers: iterations=31 runtime: 338118us
Towers: iterations=32 runtime: 339139us
Towers: iterations=33 runtime: 337194us
Towers: iterations=34 runtime: 336726us
Towers: iterations=35 runtime: 336347us
Towers: iterations=36 runtime: 337253us
Towers: iterations=37 runtime: 336559us
Towers: iterations=38 runtime: 337981us
Towers: iterations=39 runtime: 336715us
Towers: iterations=40 runtime: 336503us
Towers: iterations=41 runtime: 336167us
Towers: iterations=42 runtime: 337322us
Towers: iterations=43 runtime: 337096us
Towers: iterations=44 runtime: 336744us
Towers: iterations=45 runtime: 337564us
Towers: iterations=46 runtime: 338505us
Towers: iterations=47 runtime: 339216us
Towers: iterations=48 runtime: 336539us
Towers: iterations=49 runtime: 341388us
Towers: iterations=50 runtime: 337612us
Towers: iterations=51 runtime: 336864us
Towers: iterations=52 runtime: 336707us
Towers: iterations=53 runtime: 337929us
Towers: iterations=54 runtime: 336509us
Towers: iterations=55 runtime: 337351us
Towers: iterations=56 runtime: 337889us
Towers: iterations=57 runtime: 336837us
Towers: iterations=58 runtime: 336236us
Towers: iterations=59 runtime: 338103us
Towers: iterations=60 runtime: 333625us
Towers: iterations=61 runtime: 337495us
Towers: iterations=62 runtime: 338250us
Towers: iterations=63 runtime: 335480us
Towers: iterations=64 runtime: 336146us
Towers: iterations=65 runtime: 336355us
Towers: iterations=66 runtime: 336514us
Towers: iterations=67 runtime: 336600us
Towers: iterations=68 runtime: 336695us
Towers: iterations=69 runtime: 335835us
Towers: iterations=70 runtime: 335815us
Towers: iterations=71 runtime: 335229us
Towers: iterations=72 runtime: 337114us
Towers: iterations=73 runtime: 335511us
Towers: iterations=74 runtime: 335840us
Towers: iterations=75 runtime: 335305us
Towers: iterations=76 runtime: 340164us
Towers: iterations=77 runtime: 337677us
Towers: iterations=78 runtime: 336959us
java.nio.Buffer.capacity()int -1 codeSignature differs 138bc711c3bed648b8548df225303894eec321dce856bde9fbb2267d74239e89 != b84da6c168a864b24de57055760067fff8c97c57c508d6b8c6ea52df12fe61fe
Towers: iterations=79 runtime: 335651us
Towers: iterations=80 runtime: 335690us
Towers: iterations=81 runtime: 335044us
Towers: iterations=82 runtime: 336507us
Towers: iterations=83 runtime: 336272us
Towers: iterations=84 runtime: 334979us
Towers: iterations=85 runtime: 335717us
Towers: iterations=86 runtime: 335639us
Towers: iterations=87 runtime: 336023us
Towers: iterations=88 runtime: 334893us
Towers: iterations=89 runtime: 339320us
Towers: iterations=90 runtime: 336470us
Towers: iterations=91 runtime: 339354us
Towers: iterations=92 runtime: 336482us
Towers: iterations=93 runtime: 355541us
Towers: iterations=94 runtime: 336091us
Towers: iterations=95 runtime: 336289us
Towers: iterations=96 runtime: 335432us
Towers: iterations=97 runtime: 336514us
Towers: iterations=98 runtime: 336612us
Towers: iterations=99 runtime: 335275us
Towers: iterations=100 runtime: 335334us
Towers: iterations=101 runtime: 336913us
Towers: iterations=102 runtime: 335845us
Towers: iterations=103 runtime: 336051us
Towers: iterations=104 runtime: 336383us
Towers: iterations=105 runtime: 337643us
Towers: iterations=106 runtime: 339459us
Towers: iterations=107 runtime: 336489us
Towers: iterations=108 runtime: 337131us
Towers: iterations=109 runtime: 335407us
Towers: iterations=110 runtime: 335297us
Towers: iterations=111 runtime: 335802us
Towers: iterations=112 runtime: 335257us
Towers: iterations=113 runtime: 335292us
Towers: iterations=114 runtime: 334825us
java.nio.charset.CharsetEncoder.maxBytesPerChar()float -1 codeSignature differs d0dc63dd2361c2989cb14e4cf77bfb3442e0a43d3c92bbd78638646fefb8363f != fc84c03091d44b6099141a22fdb9f6cfabe66e5026a15b0d60a828a10b5481b9
Towers: iterations=115 runtime: 336125us
Towers: iterations=116 runtime: 337153us
Towers: iterations=117 runtime: 337059us
Towers: iterations=118 runtime: 337584us
Towers: iterations=119 runtime: 336229us
Towers: iterations=120 runtime: 337387us
Towers: iterations=121 runtime: 339550us
Towers: iterations=122 runtime: 333629us
Towers: iterations=123 runtime: 333689us
Towers: iterations=124 runtime: 333287us
Towers: iterations=125 runtime: 335241us
Towers: iterations=126 runtime: 334640us
Towers: iterations=127 runtime: 334338us
Towers: iterations=128 runtime: 334162us
Towers: iterations=129 runtime: 332760us
Towers: iterations=130 runtime: 334252us
Towers: iterations=131 runtime: 333425us
Towers: iterations=132 runtime: 334898us
Towers: iterations=133 runtime: 334407us
Towers: iterations=134 runtime: 334949us
Towers: iterations=135 runtime: 335213us
Towers: iterations=136 runtime: 339341us
Towers: iterations=137 runtime: 335242us
Towers: iterations=138 runtime: 333794us
Towers: iterations=139 runtime: 334882us
Towers: iterations=140 runtime: 334709us
Towers: iterations=141 runtime: 334248us
Towers: iterations=142 runtime: 334197us
Towers: iterations=143 runtime: 333883us
Towers: iterations=144 runtime: 333822us
Towers: iterations=145 runtime: 333945us
Towers: iterations=146 runtime: 334121us
Towers: iterations=147 runtime: 333487us
Towers: iterations=148 runtime: 334749us
Towers: iterations=149 runtime: 334896us
Towers: iterations=150 runtime: 337480us
Towers: iterations=151 runtime: 338686us
Towers: iterations=152 runtime: 334337us
Towers: iterations=153 runtime: 335144us
Towers: iterations=154 runtime: 336862us
Towers: iterations=155 runtime: 336459us
Towers: iterations=156 runtime: 335718us
Towers: iterations=157 runtime: 335659us
Towers: iterations=158 runtime: 335320us
Towers: iterations=159 runtime: 335052us
Towers: iterations=160 runtime: 336168us
Towers: iterations=161 runtime: 355820us
Towers: iterations=162 runtime: 334880us
Towers: iterations=163 runtime: 337689us
Towers: iterations=164 runtime: 335563us
Towers: iterations=165 runtime: 339133us
Towers: iterations=166 runtime: 337631us
Towers: iterations=167 runtime: 337096us
Towers: iterations=168 runtime: 335970us
Towers: iterations=169 runtime: 339943us
Towers: iterations=170 runtime: 335542us
Towers: iterations=171 runtime: 336327us
Towers: iterations=172 runtime: 336544us
Towers: iterations=173 runtime: 336064us
Towers: iterations=174 runtime: 336329us
Towers: iterations=175 runtime: 336548us
Towers: iterations=176 runtime: 335675us
Towers: iterations=177 runtime: 335832us
Towers: iterations=178 runtime: 337079us
Towers: iterations=179 runtime: 336062us
Towers: iterations=180 runtime: 339813us
Towers: iterations=181 runtime: 337291us
Towers: iterations=182 runtime: 335811us
Towers: iterations=183 runtime: 335489us
Towers: iterations=184 runtime: 336269us
Towers: iterations=185 runtime: 336258us
Towers: iterations=186 runtime: 333082us
Towers: iterations=187 runtime: 334288us
Towers: iterations=188 runtime: 333397us
Towers: iterations=189 runtime: 332738us
Towers: iterations=190 runtime: 333107us
Towers: iterations=191 runtime: 334098us
Towers: iterations=192 runtime: 332769us
Towers: iterations=193 runtime: 335223us
Towers: iterations=194 runtime: 333510us
Towers: iterations=195 runtime: 337262us
Towers: iterations=196 runtime: 333982us
Towers: iterations=197 runtime: 333757us
Towers: iterations=198 runtime: 332826us
Towers: iterations=199 runtime: 333897us
Towers: iterations=200 runtime: 334067us
Towers: iterations=201 runtime: 331643us
Towers: iterations=202 runtime: 332333us
Towers: iterations=203 runtime: 332252us
Towers: iterations=204 runtime: 343610us
Towers: iterations=205 runtime: 334910us
Towers: iterations=206 runtime: 332790us
Towers: iterations=207 runtime: 332974us
Towers: iterations=208 runtime: 333418us
Towers: iterations=209 runtime: 333337us
Towers: iterations=210 runtime: 336747us
Towers: iterations=211 runtime: 334731us
Towers: iterations=212 runtime: 334106us
Towers: iterations=213 runtime: 332796us
Towers: iterations=214 runtime: 333037us
Towers: iterations=215 runtime: 332841us
Towers: iterations=216 runtime: 333277us
Towers: iterations=217 runtime: 333763us
Towers: iterations=218 runtime: 333162us
Towers: iterations=219 runtime: 332906us
Towers: iterations=220 runtime: 333765us
Towers: iterations=221 runtime: 333130us
Towers: iterations=222 runtime: 332298us
Towers: iterations=223 runtime: 334624us
Towers: iterations=224 runtime: 336467us
Towers: iterations=225 runtime: 339053us
Towers: iterations=226 runtime: 336407us
Towers: iterations=227 runtime: 335073us
Towers: iterations=228 runtime: 335271us
Towers: iterations=229 runtime: 336454us
Towers: iterations=230 runtime: 336712us
Towers: iterations=231 runtime: 335318us
Towers: iterations=232 runtime: 336329us
Towers: iterations=233 runtime: 334961us
Towers: iterations=234 runtime: 334100us
Towers: iterations=235 runtime: 336603us
Towers: iterations=236 runtime: 334595us
Towers: iterations=237 runtime: 334556us
Towers: iterations=238 runtime: 336620us
Towers: iterations=239 runtime: 367877us
Towers: iterations=240 runtime: 371083us
Towers: iterations=241 runtime: 337752us
Towers: iterations=242 runtime: 342735us
Towers: iterations=243 runtime: 337389us
Towers: iterations=244 runtime: 346932us
Towers: iterations=245 runtime: 349136us
Towers: iterations=246 runtime: 338839us
Towers: iterations=247 runtime: 336911us
Towers: iterations=248 runtime: 414117us
Towers: iterations=249 runtime: 337494us
Towers: iterations=250 runtime: 338382us
Towers: iterations=251 runtime: 341084us
Towers: iterations=252 runtime: 339015us
Towers: iterations=253 runtime: 335248us
Towers: iterations=254 runtime: 340110us
Towers: iterations=255 runtime: 338669us
Towers: iterations=256 runtime: 338961us
Towers: iterations=257 runtime: 339467us
Towers: iterations=258 runtime: 339000us
Towers: iterations=259 runtime: 337833us
Towers: iterations=260 runtime: 338901us
Towers: iterations=261 runtime: 339585us
Towers: iterations=262 runtime: 336968us
Towers: iterations=263 runtime: 338111us
Towers: iterations=264 runtime: 338364us
Towers: iterations=265 runtime: 338434us
Towers: iterations=266 runtime: 337904us
Towers: iterations=267 runtime: 337586us
Towers: iterations=268 runtime: 339756us
Towers: iterations=269 runtime: 340680us
Towers: iterations=270 runtime: 339821us
Towers: iterations=271 runtime: 339929us
Towers: iterations=272 runtime: 358900us
Towers: iterations=273 runtime: 337359us
Towers: iterations=274 runtime: 336515us
Towers: iterations=275 runtime: 338162us
Towers: iterations=276 runtime: 340384us
Towers: iterations=277 runtime: 336863us
Towers: iterations=278 runtime: 336887us
Towers: iterations=279 runtime: 338027us
Towers: iterations=280 runtime: 337350us
Towers: iterations=281 runtime: 339049us
Towers: iterations=282 runtime: 336945us
Towers: iterations=283 runtime: 337605us
Towers: iterations=284 runtime: 339512us
Towers: iterations=285 runtime: 337960us
Towers: iterations=286 runtime: 337461us
Towers: iterations=287 runtime: 337539us
Towers: iterations=288 runtime: 336992us
Towers: iterations=289 runtime: 337346us
Towers: iterations=290 runtime: 337041us
Towers: iterations=291 runtime: 336628us
Towers: iterations=292 runtime: 338814us
Towers: iterations=293 runtime: 337637us
Towers: iterations=294 runtime: 337458us
Towers: iterations=295 runtime: 337405us
Towers: iterations=296 runtime: 346180us
Towers: iterations=297 runtime: 336860us
Towers: iterations=298 runtime: 339982us
Towers: iterations=299 runtime: 338510us
Towers: iterations=300 runtime: 336725us
Towers: iterations=301 runtime: 336767us
Towers: iterations=302 runtime: 337788us
Towers: iterations=303 runtime: 336365us
Towers: iterations=304 runtime: 337061us
Towers: iterations=305 runtime: 336345us
Towers: iterations=306 runtime: 336813us
Towers: iterations=307 runtime: 337147us
Towers: iterations=308 runtime: 336864us
Towers: iterations=309 runtime: 336431us
Towers: iterations=310 runtime: 337178us
Towers: iterations=311 runtime: 337346us
Towers: iterations=312 runtime: 336681us
Towers: iterations=313 runtime: 339488us
Towers: iterations=314 runtime: 338120us
Towers: iterations=315 runtime: 336533us
Towers: iterations=316 runtime: 336467us
Towers: iterations=317 runtime: 336442us
Towers: iterations=318 runtime: 336490us
Towers: iterations=319 runtime: 336198us
Towers: iterations=320 runtime: 337851us
Towers: iterations=321 runtime: 335663us
Towers: iterations=322 runtime: 336613us
Towers: iterations=323 runtime: 337131us
Towers: iterations=324 runtime: 336682us
Towers: iterations=325 runtime: 336091us
Towers: iterations=326 runtime: 339560us
Towers: iterations=327 runtime: 336228us
Towers: iterations=328 runtime: 339134us
Towers: iterations=329 runtime: 337627us
Towers: iterations=330 runtime: 336308us
Towers: iterations=331 runtime: 335727us
Towers: iterations=332 runtime: 336516us
Towers: iterations=333 runtime: 336353us
Towers: iterations=334 runtime: 341833us
Towers: iterations=335 runtime: 336661us
Towers: iterations=336 runtime: 335750us
Towers: iterations=337 runtime: 336788us
Towers: iterations=338 runtime: 336106us
Towers: iterations=339 runtime: 336369us
Towers: iterations=340 runtime: 355960us
Towers: iterations=341 runtime: 337249us
Towers: iterations=342 runtime: 343288us
Towers: iterations=343 runtime: 338334us
Towers: iterations=344 runtime: 336288us
Towers: iterations=345 runtime: 335841us
Towers: iterations=346 runtime: 336519us
Towers: iterations=347 runtime: 336928us
Towers: iterations=348 runtime: 336338us
Towers: iterations=349 runtime: 336191us
Towers: iterations=350 runtime: 336449us
Towers: iterations=351 runtime: 340551us
Towers: iterations=352 runtime: 337897us
Towers: iterations=353 runtime: 336939us
Towers: iterations=354 runtime: 336520us
Towers: iterations=355 runtime: 336202us
Towers: iterations=356 runtime: 337082us
Towers: iterations=357 runtime: 338406us
Towers: iterations=358 runtime: 339079us
Towers: iterations=359 runtime: 336533us
Towers: iterations=360 runtime: 335747us
Towers: iterations=361 runtime: 336318us
Towers: iterations=362 runtime: 336009us
Towers: iterations=363 runtime: 341216us
Towers: iterations=364 runtime: 337056us
Towers: iterations=365 runtime: 336031us
Towers: iterations=366 runtime: 335690us
Towers: iterations=367 runtime: 335627us
Towers: iterations=368 runtime: 336598us
Towers: iterations=369 runtime: 336136us
Towers: iterations=370 runtime: 336539us
Towers: iterations=371 runtime: 335874us
Towers: iterations=372 runtime: 337799us
Towers: iterations=373 runtime: 337545us
Towers: iterations=374 runtime: 335858us
Towers: iterations=375 runtime: 335809us
Towers: iterations=376 runtime: 336678us
Towers: iterations=377 runtime: 335792us
Towers: iterations=378 runtime: 336183us
Towers: iterations=379 runtime: 336266us
Towers: iterations=380 runtime: 335604us
Towers: iterations=381 runtime: 346115us
Towers: iterations=382 runtime: 336643us
Towers: iterations=383 runtime: 336406us
Towers: iterations=384 runtime: 335751us
Towers: iterations=385 runtime: 335678us
Towers: iterations=386 runtime: 336112us
Towers: iterations=387 runtime: 340079us
Towers: iterations=388 runtime: 337190us
Towers: iterations=389 runtime: 335695us
Towers: iterations=390 runtime: 335513us
Towers: iterations=391 runtime: 335750us
Towers: iterations=392 runtime: 335278us
Towers: iterations=393 runtime: 335814us
Towers: iterations=394 runtime: 336316us
Towers: iterations=395 runtime: 335666us
Towers: iterations=396 runtime: 335220us
Towers: iterations=397 runtime: 335604us
Towers: iterations=398 runtime: 335834us
Towers: iterations=399 runtime: 336007us
Towers: iterations=400 runtime: 335990us
Towers: iterations=401 runtime: 335612us
Towers: iterations=402 runtime: 338865us
Towers: iterations=403 runtime: 335734us
Towers: iterations=404 runtime: 335727us
Towers: iterations=405 runtime: 335677us
Towers: iterations=406 runtime: 335481us
Towers: iterations=407 runtime: 334973us
Towers: iterations=408 runtime: 335419us
Towers: iterations=409 runtime: 335687us
Towers: iterations=410 runtime: 335273us
Towers: iterations=411 runtime: 336010us
Towers: iterations=412 runtime: 336122us
Towers: iterations=413 runtime: 336033us
Towers: iterations=414 runtime: 335158us
Towers: iterations=415 runtime: 336689us
Towers: iterations=416 runtime: 336064us
java.lang.StringLatin1.inflate(byte[], int, char[], int, int)void -1 codeSignature differs d12363b0fa944c3141709d1d15ff92c10bb825ce967b2050b65342abfb7722e9 != 7229d185807c5eb1f821125a028c07df1ddeaa104c27495e511e6ad0d767c33a
java.lang.StringLatin1.inflate(byte[], int, char[], int, int)void -1 graphSignature differs 17e6f3ed6596e5d6840a8a77065c9470c41838c2630b4535538ec163efd33e69 != e838eb1809aadd841c1ff5fe2e7a1043b73670d291c51dcf64d0aae8eaa2b7e0
Towers: iterations=417 runtime: 338362us
Towers: iterations=418 runtime: 336794us
Towers: iterations=419 runtime: 335631us
Towers: iterations=420 runtime: 335742us
Towers: iterations=421 runtime: 335335us
Towers: iterations=422 runtime: 335581us
Towers: iterations=423 runtime: 335545us
Towers: iterations=424 runtime: 335239us
Towers: iterations=425 runtime: 335454us
Towers: iterations=426 runtime: 338627us
Towers: iterations=427 runtime: 335943us
Towers: iterations=428 runtime: 336332us
Towers: iterations=429 runtime: 336463us
Towers: iterations=430 runtime: 336071us
Towers: iterations=431 runtime: 336155us
Towers: iterations=432 runtime: 338626us
Towers: iterations=433 runtime: 336724us
Towers: iterations=434 runtime: 336114us
Towers: iterations=435 runtime: 335562us
Towers: iterations=436 runtime: 336446us
Towers: iterations=437 runtime: 335927us
Towers: iterations=438 runtime: 336115us
Towers: iterations=439 runtime: 338344us
Towers: iterations=440 runtime: 338000us
Towers: iterations=441 runtime: 336830us
Towers: iterations=442 runtime: 339296us
Towers: iterations=443 runtime: 337685us
Towers: iterations=444 runtime: 335835us
Towers: iterations=445 runtime: 336267us
Towers: iterations=446 runtime: 337517us
Towers: iterations=447 runtime: 337752us
Towers: iterations=448 runtime: 336460us
Towers: iterations=449 runtime: 351959us
Towers: iterations=450 runtime: 339808us
Towers: iterations=451 runtime: 336181us
Towers: iterations=452 runtime: 335556us
Towers: iterations=453 runtime: 336721us
Towers: iterations=454 runtime: 335174us
Towers: iterations=455 runtime: 335924us
Towers: iterations=456 runtime: 336639us
Towers: iterations=457 runtime: 335987us
Towers: iterations=458 runtime: 335650us
Towers: iterations=459 runtime: 336780us
Towers: iterations=460 runtime: 335801us
Towers: iterations=461 runtime: 337868us
Towers: iterations=462 runtime: 338182us
Towers: iterations=463 runtime: 336805us
Towers: iterations=464 runtime: 336082us
Towers: iterations=465 runtime: 335863us
Towers: iterations=466 runtime: 335621us
Towers: iterations=467 runtime: 336553us
Towers: iterations=468 runtime: 336405us
Towers: iterations=469 runtime: 335957us
Towers: iterations=470 runtime: 336268us
Towers: iterations=471 runtime: 335880us
Towers: iterations=472 runtime: 336361us
Towers: iterations=473 runtime: 335588us
Towers: iterations=474 runtime: 336517us
Towers: iterations=475 runtime: 336479us
Towers: iterations=476 runtime: 337629us
Towers: iterations=477 runtime: 337101us
Towers: iterations=478 runtime: 336501us
Towers: iterations=479 runtime: 335961us
Towers: iterations=480 runtime: 335683us
Towers: iterations=481 runtime: 335973us
Towers: iterations=482 runtime: 336278us
Towers: iterations=483 runtime: 338529us
Towers: iterations=484 runtime: 335591us
Towers: iterations=485 runtime: 336640us
Towers: iterations=486 runtime: 336463us
Towers: iterations=487 runtime: 335615us
Towers: iterations=488 runtime: 335675us
java.lang.StringCoding.implEncodeAsciiArray(char[], int, byte[], int, int)int -1 codeSignature differs a4d525ee532749fd09e0ef41f5918e2b891717235a29344d07c74f6112bb4c2c != d55fbea694761fc922a42e91b2b98c835dce3c3f298c1fe7d5ce8aa936963d2d
java.lang.StringCoding.implEncodeAsciiArray(char[], int, byte[], int, int)int -1 graphSignature differs bc8f20c8c772d3cc0eaba9b68bcd84047d761ba16a7aeb64fe90c36d37dcccb7 != 3bdd078c3a9d60d7eff24b6603d8a355db817965321aded167eb2387bae94eb4
Towers: iterations=489 runtime: 336872us
Towers: iterations=490 runtime: 337125us
Towers: iterations=491 runtime: 338449us
Towers: iterations=492 runtime: 336829us
Towers: iterations=493 runtime: 335949us
Towers: iterations=494 runtime: 336186us
Towers: iterations=495 runtime: 336184us
Towers: iterations=496 runtime: 335789us
Towers: iterations=497 runtime: 335825us
Towers: iterations=498 runtime: 336089us
Towers: iterations=499 runtime: 335929us
Towers: iterations=500 runtime: 335467us
jdk.internal.constant.PrimitiveClassDescImpl.descriptorString()java.lang.String -1 codeSignature differs 7722674ec43cccc19227bd0fe31433696da3716816c65b03f1730e1c0254917a != 2859d17d681828116974698ed904c3f2d6f285799222904b89fcd6ff7a2f986f
Towers: iterations=500 average: 339089us total: 169544736us


Total Runtime: 169544736us
Bubo.RDTSC.Harness.main Total RDTSC cycles: 562485087926
