Could not locate BlockSlowdown.json
Skipping Loading (this might cause a fatal crash if GTSlowdown is on)
Could not locate BlockSlowdown.json
Skipping Loading (this might cause a fatal crash if GTSlowdown is on)
Starting Richards benchmark ...
Richards: iterations=1 runtime: 189090us
Richards: iterations=2 runtime: 75327us
Richards: iterations=3 runtime: 75338us
Richards: iterations=4 runtime: 75510us
Richards: iterations=5 runtime: 75382us
Richards: iterations=6 runtime: 75508us
Richards: iterations=7 runtime: 75787us
Richards: iterations=8 runtime: 76165us
Richards: iterations=9 runtime: 80753us
Richards: iterations=10 runtime: 75245us
Richards: iterations=11 runtime: 75282us
Richards: iterations=12 runtime: 79981us
Richards: iterations=13 runtime: 75215us
Richards: iterations=14 runtime: 75168us
Richards: iterations=15 runtime: 75024us
Richards: iterations=16 runtime: 75060us
Richards: iterations=17 runtime: 74957us
Richards: iterations=18 runtime: 74547us
Richards: iterations=19 runtime: 74658us
Richards: iterations=20 runtime: 78474us
Richards: iterations=21 runtime: 74466us
Richards: iterations=22 runtime: 74525us
Richards: iterations=23 runtime: 77409us
Richards: iterations=24 runtime: 74454us
Richards: iterations=25 runtime: 74653us
Richards: iterations=26 runtime: 74447us
Richards: iterations=27 runtime: 74551us
Richards: iterations=28 runtime: 74411us
Richards: iterations=29 runtime: 74811us
Richards: iterations=30 runtime: 75142us
Richards: iterations=31 runtime: 74573us
Richards: iterations=32 runtime: 74526us
Richards: iterations=33 runtime: 74538us
Richards: iterations=34 runtime: 84863us
Richards: iterations=35 runtime: 74986us
Richards: iterations=36 runtime: 74535us
Richards: iterations=37 runtime: 74372us
Richards: iterations=38 runtime: 74322us
Richards: iterations=39 runtime: 74456us
Richards: iterations=40 runtime: 74479us
Richards: iterations=41 runtime: 74470us
Richards: iterations=42 runtime: 74434us
Richards: iterations=43 runtime: 74556us
Richards: iterations=44 runtime: 74436us
Richards: iterations=45 runtime: 74622us
Richards: iterations=46 runtime: 75990us
Richards: iterations=47 runtime: 74542us
Richards: iterations=48 runtime: 74694us
Richards: iterations=49 runtime: 74795us
Richards: iterations=50 runtime: 74539us
Richards: iterations=51 runtime: 74422us
Richards: iterations=52 runtime: 74594us
Richards: iterations=53 runtime: 75744us
Richards: iterations=54 runtime: 74488us
Richards: iterations=55 runtime: 74389us
Richards: iterations=56 runtime: 74372us
Richards: iterations=57 runtime: 74472us
Richards: iterations=58 runtime: 74437us
Richards: iterations=59 runtime: 74362us
Richards: iterations=60 runtime: 74366us
Richards: iterations=61 runtime: 74668us
Richards: iterations=62 runtime: 74481us
Richards: iterations=63 runtime: 74341us
Richards: iterations=64 runtime: 74278us
Richards: iterations=65 runtime: 74361us
Richards: iterations=66 runtime: 74406us
Richards: iterations=67 runtime: 74606us
Could not locate BlockSlowdown.json
Skipping Loading (this might cause a fatal crash if GTSlowdown is on)
Richards: iterations=68 runtime: 139571us
Richards: iterations=69 runtime: 75088us
Richards: iterations=70 runtime: 75099us
Richards: iterations=71 runtime: 75112us
Richards: iterations=72 runtime: 74990us
Richards: iterations=73 runtime: 75022us
Richards: iterations=74 runtime: 74947us
Richards: iterations=75 runtime: 75213us
Richards: iterations=76 runtime: 74901us
Richards: iterations=77 runtime: 74998us
Richards: iterations=78 runtime: 74943us
Richards: iterations=79 runtime: 75153us
Richards: iterations=80 runtime: 75124us
Richards: iterations=81 runtime: 75092us
Richards: iterations=82 runtime: 74927us
Richards: iterations=83 runtime: 75035us
Richards: iterations=84 runtime: 75003us
Richards: iterations=85 runtime: 75028us
Richards: iterations=86 runtime: 74963us
Richards: iterations=87 runtime: 75017us
Richards: iterations=88 runtime: 75008us
Richards: iterations=89 runtime: 75147us
Richards: iterations=90 runtime: 74944us
Could not locate BlockSlowdown.json
Skipping Loading (this might cause a fatal crash if GTSlowdown is on)
Richards: iterations=91 runtime: 74967us
Richards: iterations=92 runtime: 75083us
Richards: iterations=93 runtime: 75002us
Richards: iterations=94 runtime: 74979us
Richards: iterations=95 runtime: 74932us
Richards: iterations=96 runtime: 75112us
Richards: iterations=97 runtime: 74925us
Richards: iterations=98 runtime: 74959us
Richards: iterations=99 runtime: 74992us
Richards: iterations=100 runtime: 75151us
Richards: iterations=101 runtime: 77715us
Richards: iterations=102 runtime: 74930us
Richards: iterations=103 runtime: 74989us
Richards: iterations=104 runtime: 74962us
Richards: iterations=105 runtime: 75062us
Richards: iterations=106 runtime: 84248us
Richards: iterations=107 runtime: 75295us
Richards: iterations=108 runtime: 75210us
Richards: iterations=109 runtime: 75028us
Richards: iterations=110 runtime: 75006us
Richards: iterations=111 runtime: 74939us
Richards: iterations=112 runtime: 75018us
Richards: iterations=113 runtime: 74936us
Richards: iterations=114 runtime: 75239us
Richards: iterations=115 runtime: 75033us
Richards: iterations=116 runtime: 74912us
Richards: iterations=117 runtime: 74942us
Richards: iterations=118 runtime: 74991us
Richards: iterations=119 runtime: 74992us
Richards: iterations=120 runtime: 75121us
Richards: iterations=121 runtime: 75072us
Richards: iterations=122 runtime: 74895us
Richards: iterations=123 runtime: 75142us
Richards: iterations=124 runtime: 74973us
Richards: iterations=125 runtime: 75170us
Richards: iterations=126 runtime: 74990us
Could not locate BlockSlowdown.json
Skipping Loading (this might cause a fatal crash if GTSlowdown is on)
Richards: iterations=127 runtime: 75160us
Richards: iterations=128 runtime: 75078us
Richards: iterations=129 runtime: 75000us
Richards: iterations=130 runtime: 74977us
Richards: iterations=131 runtime: 74992us
Richards: iterations=132 runtime: 75053us
Richards: iterations=133 runtime: 75213us
Richards: iterations=134 runtime: 75035us
Richards: iterations=135 runtime: 75163us
Richards: iterations=136 runtime: 74831us
Richards: iterations=137 runtime: 75069us
Richards: iterations=138 runtime: 74950us
Richards: iterations=139 runtime: 74943us
Richards: iterations=140 runtime: 75062us
Richards: iterations=141 runtime: 74986us
Richards: iterations=142 runtime: 74932us
Richards: iterations=143 runtime: 75017us
Richards: iterations=144 runtime: 74911us
Richards: iterations=145 runtime: 75008us
Richards: iterations=146 runtime: 74978us
Richards: iterations=147 runtime: 74965us
Richards: iterations=148 runtime: 74921us
Richards: iterations=149 runtime: 75029us
Richards: iterations=150 runtime: 75023us
Richards: iterations=151 runtime: 75117us
Richards: iterations=152 runtime: 75004us
Richards: iterations=153 runtime: 75115us
Richards: iterations=154 runtime: 74972us
Richards: iterations=155 runtime: 75095us
Richards: iterations=156 runtime: 74969us
Richards: iterations=157 runtime: 75124us
Richards: iterations=158 runtime: 74965us
Richards: iterations=159 runtime: 75083us
Richards: iterations=160 runtime: 75091us
Richards: iterations=161 runtime: 75059us
Richards: iterations=162 runtime: 74975us
Richards: iterations=163 runtime: 75074us
Richards: iterations=164 runtime: 74900us
Richards: iterations=165 runtime: 74942us
Richards: iterations=166 runtime: 74961us
Richards: iterations=167 runtime: 75012us
Richards: iterations=168 runtime: 74927us
Richards: iterations=169 runtime: 74977us
Richards: iterations=170 runtime: 75119us
Richards: iterations=171 runtime: 74947us
Richards: iterations=172 runtime: 75153us
Richards: iterations=173 runtime: 74995us
Richards: iterations=174 runtime: 75001us
Richards: iterations=175 runtime: 74962us
Richards: iterations=176 runtime: 75167us
Richards: iterations=177 runtime: 75013us
Richards: iterations=178 runtime: 75251us
Richards: iterations=179 runtime: 75115us
Richards: iterations=180 runtime: 75032us
Richards: iterations=181 runtime: 75197us
Richards: iterations=182 runtime: 74950us
Richards: iterations=183 runtime: 75097us
Richards: iterations=184 runtime: 75061us
Richards: iterations=185 runtime: 75042us
Richards: iterations=186 runtime: 75077us
Richards: iterations=187 runtime: 74955us
Richards: iterations=188 runtime: 74804us
Richards: iterations=189 runtime: 74945us
Richards: iterations=190 runtime: 75094us
Richards: iterations=191 runtime: 74906us
Richards: iterations=192 runtime: 74941us
Richards: iterations=193 runtime: 74883us
Richards: iterations=194 runtime: 74991us
Richards: iterations=195 runtime: 74961us
Richards: iterations=196 runtime: 75092us
Richards: iterations=197 runtime: 74956us
Richards: iterations=198 runtime: 74954us
Richards: iterations=199 runtime: 75029us
Richards: iterations=200 runtime: 74782us
Richards: iterations=201 runtime: 75017us
Richards: iterations=202 runtime: 74976us
Richards: iterations=203 runtime: 75078us
Richards: iterations=204 runtime: 74968us
Could not locate BlockSlowdown.json
Skipping Loading (this might cause a fatal crash if GTSlowdown is on)
Richards: iterations=205 runtime: 111289us
Richards: iterations=206 runtime: 74885us
Richards: iterations=207 runtime: 74930us
Richards: iterations=208 runtime: 74967us
Richards: iterations=209 runtime: 74834us
Richards: iterations=210 runtime: 74950us
Richards: iterations=211 runtime: 75039us
Richards: iterations=212 runtime: 75072us
Richards: iterations=213 runtime: 75132us
Richards: iterations=214 runtime: 74920us
Richards: iterations=215 runtime: 75141us
Richards: iterations=216 runtime: 75012us
Richards: iterations=217 runtime: 75158us
Richards: iterations=218 runtime: 75048us
Richards: iterations=219 runtime: 75079us
Richards: iterations=220 runtime: 74909us
Richards: iterations=221 runtime: 75068us
Richards: iterations=222 runtime: 74953us
Richards: iterations=223 runtime: 75098us
Richards: iterations=224 runtime: 74894us
Richards: iterations=225 runtime: 74997us
Richards: iterations=226 runtime: 74978us
Richards: iterations=227 runtime: 75002us
Richards: iterations=228 runtime: 74841us
Richards: iterations=229 runtime: 75113us
Richards: iterations=230 runtime: 75064us
Richards: iterations=231 runtime: 74977us
Richards: iterations=232 runtime: 75033us
Richards: iterations=233 runtime: 75222us
Richards: iterations=234 runtime: 74969us
Richards: iterations=235 runtime: 75001us
Richards: iterations=236 runtime: 74751us
Richards: iterations=237 runtime: 74934us
Richards: iterations=238 runtime: 75095us
Richards: iterations=239 runtime: 75258us
Richards: iterations=240 runtime: 74937us
Richards: iterations=241 runtime: 74827us
Richards: iterations=242 runtime: 74960us
Richards: iterations=243 runtime: 75162us
Richards: iterations=244 runtime: 74936us
Richards: iterations=245 runtime: 75016us
Richards: iterations=246 runtime: 75138us
Richards: iterations=247 runtime: 75201us
Richards: iterations=248 runtime: 75032us
Richards: iterations=249 runtime: 75002us
Richards: iterations=250 runtime: 75129us
Richards: iterations=251 runtime: 74962us
Richards: iterations=252 runtime: 74892us
Richards: iterations=253 runtime: 74850us
Richards: iterations=254 runtime: 75209us
Richards: iterations=255 runtime: 74970us
Richards: iterations=256 runtime: 75248us
Richards: iterations=257 runtime: 75003us
Richards: iterations=258 runtime: 74998us
Richards: iterations=259 runtime: 75105us
Richards: iterations=260 runtime: 74962us
Richards: iterations=261 runtime: 75051us
Richards: iterations=262 runtime: 75045us
Richards: iterations=263 runtime: 75066us
Richards: iterations=264 runtime: 74957us
Richards: iterations=265 runtime: 75053us
Richards: iterations=266 runtime: 74970us
Richards: iterations=267 runtime: 75110us
Richards: iterations=268 runtime: 74979us
Richards: iterations=269 runtime: 75004us
Richards: iterations=270 runtime: 75126us
Richards: iterations=271 runtime: 74967us
Richards: iterations=272 runtime: 75047us
Richards: iterations=273 runtime: 75029us
Richards: iterations=274 runtime: 75160us
Richards: iterations=275 runtime: 75083us
Richards: iterations=276 runtime: 74966us
Richards: iterations=277 runtime: 74984us
Richards: iterations=278 runtime: 75126us
Richards: iterations=279 runtime: 75006us
Richards: iterations=280 runtime: 74911us
Richards: iterations=281 runtime: 75048us
Richards: iterations=282 runtime: 74974us
Richards: iterations=283 runtime: 75063us
Richards: iterations=284 runtime: 74951us
Richards: iterations=285 runtime: 75071us
Richards: iterations=286 runtime: 74809us
Richards: iterations=287 runtime: 74987us
Richards: iterations=288 runtime: 75069us
Richards: iterations=289 runtime: 74995us
Richards: iterations=290 runtime: 75017us
Richards: iterations=291 runtime: 74984us
Richards: iterations=292 runtime: 75081us
Richards: iterations=293 runtime: 75093us
Richards: iterations=294 runtime: 74935us
Richards: iterations=295 runtime: 75124us
Richards: iterations=296 runtime: 74930us
Richards: iterations=297 runtime: 75062us
Richards: iterations=298 runtime: 75413us
Richards: iterations=299 runtime: 75066us
Richards: iterations=300 runtime: 74998us
Richards: iterations=301 runtime: 75068us
Richards: iterations=302 runtime: 74924us
Richards: iterations=303 runtime: 75061us
Richards: iterations=304 runtime: 74927us
Richards: iterations=305 runtime: 75138us
Richards: iterations=306 runtime: 74932us
Richards: iterations=307 runtime: 74941us
Richards: iterations=308 runtime: 74968us
Richards: iterations=309 runtime: 75201us
Richards: iterations=310 runtime: 75005us
Richards: iterations=311 runtime: 75196us
Richards: iterations=312 runtime: 74951us
Richards: iterations=313 runtime: 75179us
Richards: iterations=314 runtime: 75180us
Richards: iterations=315 runtime: 75193us
Richards: iterations=316 runtime: 75018us
Richards: iterations=317 runtime: 75129us
Richards: iterations=318 runtime: 75374us
Richards: iterations=319 runtime: 75056us
Richards: iterations=320 runtime: 75139us
Richards: iterations=321 runtime: 75081us
Richards: iterations=322 runtime: 74963us
Richards: iterations=323 runtime: 74955us
Richards: iterations=324 runtime: 75071us
Richards: iterations=325 runtime: 74947us
Richards: iterations=326 runtime: 75140us
Richards: iterations=327 runtime: 74916us
Richards: iterations=328 runtime: 75119us
Richards: iterations=329 runtime: 74983us
Richards: iterations=330 runtime: 75017us
Richards: iterations=331 runtime: 74943us
Richards: iterations=332 runtime: 75050us
Richards: iterations=333 runtime: 75056us
Richards: iterations=334 runtime: 75113us
Richards: iterations=335 runtime: 75004us
Richards: iterations=336 runtime: 74940us
Richards: iterations=337 runtime: 75051us
Richards: iterations=338 runtime: 75069us
Richards: iterations=339 runtime: 75013us
Richards: iterations=340 runtime: 74985us
Richards: iterations=341 runtime: 75093us
Richards: iterations=342 runtime: 74892us
Richards: iterations=343 runtime: 74929us
Richards: iterations=344 runtime: 74920us
Richards: iterations=345 runtime: 75046us
Richards: iterations=346 runtime: 74953us
Richards: iterations=347 runtime: 75060us
Richards: iterations=348 runtime: 74912us
Richards: iterations=349 runtime: 74982us
Richards: iterations=350 runtime: 74934us
Richards: iterations=351 runtime: 75142us
Richards: iterations=352 runtime: 74961us
Richards: iterations=353 runtime: 75017us
Richards: iterations=354 runtime: 74994us
Richards: iterations=355 runtime: 75050us
Richards: iterations=356 runtime: 74945us
Richards: iterations=357 runtime: 74982us
Richards: iterations=358 runtime: 75133us
Richards: iterations=359 runtime: 75124us
Richards: iterations=360 runtime: 74931us
Richards: iterations=361 runtime: 75219us
Richards: iterations=362 runtime: 75004us
Richards: iterations=363 runtime: 75224us
Richards: iterations=364 runtime: 75063us
Richards: iterations=365 runtime: 74989us
Richards: iterations=366 runtime: 75004us
Richards: iterations=367 runtime: 75170us
Richards: iterations=368 runtime: 75090us
Richards: iterations=369 runtime: 74990us
Richards: iterations=370 runtime: 74914us
Richards: iterations=371 runtime: 74883us
Richards: iterations=372 runtime: 75073us
Richards: iterations=373 runtime: 74944us
Richards: iterations=374 runtime: 74950us
Richards: iterations=375 runtime: 74967us
Richards: iterations=376 runtime: 75010us
Richards: iterations=377 runtime: 74968us
Richards: iterations=378 runtime: 75243us
Richards: iterations=379 runtime: 74907us
Richards: iterations=380 runtime: 75218us
Richards: iterations=381 runtime: 75035us
Richards: iterations=382 runtime: 75053us
Richards: iterations=383 runtime: 74906us
Richards: iterations=384 runtime: 75044us
Richards: iterations=385 runtime: 74883us
Richards: iterations=386 runtime: 74852us
Richards: iterations=387 runtime: 74947us
Richards: iterations=388 runtime: 74883us
Richards: iterations=389 runtime: 75016us
Richards: iterations=390 runtime: 74823us
Richards: iterations=391 runtime: 74858us
Richards: iterations=392 runtime: 74838us
Richards: iterations=393 runtime: 74842us
Richards: iterations=394 runtime: 75019us
Richards: iterations=395 runtime: 75009us
Richards: iterations=396 runtime: 74837us
Richards: iterations=397 runtime: 74988us
Richards: iterations=398 runtime: 74832us
Richards: iterations=399 runtime: 75001us
Richards: iterations=400 runtime: 74915us
Richards: iterations=401 runtime: 74976us
Richards: iterations=402 runtime: 74925us
Richards: iterations=403 runtime: 74990us
Richards: iterations=404 runtime: 74921us
Richards: iterations=405 runtime: 74915us
Richards: iterations=406 runtime: 74839us
Richards: iterations=407 runtime: 75002us
Richards: iterations=408 runtime: 74891us
Richards: iterations=409 runtime: 77988us
Richards: iterations=410 runtime: 87349us
Richards: iterations=411 runtime: 78455us
Richards: iterations=412 runtime: 74973us
Richards: iterations=413 runtime: 74928us
Richards: iterations=414 runtime: 74989us
Richards: iterations=415 runtime: 75092us
Richards: iterations=416 runtime: 74983us
Could not locate BlockSlowdown.json
Skipping Loading (this might cause a fatal crash if GTSlowdown is on)
Richards: iterations=417 runtime: 75207us
Richards: iterations=418 runtime: 74926us
Richards: iterations=419 runtime: 74882us
Richards: iterations=420 runtime: 74904us
Richards: iterations=421 runtime: 74877us
Richards: iterations=422 runtime: 74893us
Richards: iterations=423 runtime: 74952us
Richards: iterations=424 runtime: 74973us
Richards: iterations=425 runtime: 75003us
Richards: iterations=426 runtime: 74931us
Richards: iterations=427 runtime: 74992us
Richards: iterations=428 runtime: 74915us
Richards: iterations=429 runtime: 74996us
Richards: iterations=430 runtime: 74931us
Richards: iterations=431 runtime: 74881us
Richards: iterations=432 runtime: 74875us
Richards: iterations=433 runtime: 74915us
Richards: iterations=434 runtime: 74924us
Richards: iterations=435 runtime: 74976us
Richards: iterations=436 runtime: 75046us
Richards: iterations=437 runtime: 76833us
Richards: iterations=438 runtime: 75205us
Richards: iterations=439 runtime: 74985us
Richards: iterations=440 runtime: 75135us
Richards: iterations=441 runtime: 74943us
Richards: iterations=442 runtime: 75179us
Richards: iterations=443 runtime: 74979us
Richards: iterations=444 runtime: 75056us
Richards: iterations=445 runtime: 74965us
Richards: iterations=446 runtime: 75225us
Richards: iterations=447 runtime: 75139us
Richards: iterations=448 runtime: 75054us
Richards: iterations=449 runtime: 74954us
Richards: iterations=450 runtime: 75003us
Richards: iterations=451 runtime: 74927us
Richards: iterations=452 runtime: 74868us
Richards: iterations=453 runtime: 74907us
Richards: iterations=454 runtime: 75089us
Richards: iterations=455 runtime: 74919us
Richards: iterations=456 runtime: 74994us
Richards: iterations=457 runtime: 74906us
Richards: iterations=458 runtime: 75016us
Richards: iterations=459 runtime: 74943us
Richards: iterations=460 runtime: 74971us
Richards: iterations=461 runtime: 74916us
Richards: iterations=462 runtime: 74978us
Richards: iterations=463 runtime: 75103us
Richards: iterations=464 runtime: 74981us
Richards: iterations=465 runtime: 74920us
Richards: iterations=466 runtime: 74830us
Richards: iterations=467 runtime: 74774us
Richards: iterations=468 runtime: 74900us
Richards: iterations=469 runtime: 75008us
Richards: iterations=470 runtime: 75040us
Richards: iterations=471 runtime: 75018us
Richards: iterations=472 runtime: 74878us
Richards: iterations=473 runtime: 74987us
Richards: iterations=474 runtime: 74967us
Richards: iterations=475 runtime: 75085us
Richards: iterations=476 runtime: 74896us
Richards: iterations=477 runtime: 74961us
Richards: iterations=478 runtime: 75068us
Richards: iterations=479 runtime: 74963us
Richards: iterations=480 runtime: 74950us
Richards: iterations=481 runtime: 74787us
Richards: iterations=482 runtime: 75004us
Richards: iterations=483 runtime: 75027us
Richards: iterations=484 runtime: 75007us
Richards: iterations=485 runtime: 74949us
Richards: iterations=486 runtime: 75062us
Richards: iterations=487 runtime: 75029us
Richards: iterations=488 runtime: 74999us
Richards: iterations=489 runtime: 74948us
Could not locate BlockSlowdown.json
Skipping Loading (this might cause a fatal crash if GTSlowdown is on)
Richards: iterations=490 runtime: 75030us
Richards: iterations=491 runtime: 74926us
Richards: iterations=492 runtime: 74971us
Richards: iterations=493 runtime: 74875us
Richards: iterations=494 runtime: 74982us
Richards: iterations=495 runtime: 74862us
Richards: iterations=496 runtime: 75084us
Richards: iterations=497 runtime: 75036us
Richards: iterations=498 runtime: 74911us
Richards: iterations=499 runtime: 74912us
Richards: iterations=500 runtime: 74945us
Richards: iterations=500 average: 75526us total: 37763109us


Total Runtime: 37763109us
Bubo.RDTSC.Harness.main Total RDTSC cycles: 125321526842
