Could not locate BlockSlowdown.json
Skipping Loading (this might cause a fatal crash if GTSlowdown is on)
Could not locate BlockSlowdown.json
Skipping Loading (this might cause a fatal crash if GTSlowdown is on)
Starting Richards benchmark ...
Richards: iterations=1 runtime: 212694us
Richards: iterations=2 runtime: 97105us
Richards: iterations=3 runtime: 98312us
Richards: iterations=4 runtime: 96576us
Richards: iterations=5 runtime: 96394us
Richards: iterations=6 runtime: 97653us
Richards: iterations=7 runtime: 96323us
Richards: iterations=8 runtime: 96953us
Richards: iterations=9 runtime: 101297us
Richards: iterations=10 runtime: 96287us
Richards: iterations=11 runtime: 96317us
Richards: iterations=12 runtime: 100974us
Richards: iterations=13 runtime: 96189us
Richards: iterations=14 runtime: 96120us
Richards: iterations=15 runtime: 96156us
Richards: iterations=16 runtime: 96154us
Richards: iterations=17 runtime: 96274us
Richards: iterations=18 runtime: 96050us
Richards: iterations=19 runtime: 96082us
Richards: iterations=20 runtime: 100337us
Richards: iterations=21 runtime: 96081us
Richards: iterations=22 runtime: 96243us
Richards: iterations=23 runtime: 98496us
Richards: iterations=24 runtime: 96180us
Richards: iterations=25 runtime: 96021us
Richards: iterations=26 runtime: 96099us
Richards: iterations=27 runtime: 96152us
Richards: iterations=28 runtime: 96087us
Richards: iterations=29 runtime: 96029us
Richards: iterations=30 runtime: 95895us
Richards: iterations=31 runtime: 96131us
Richards: iterations=32 runtime: 95972us
Richards: iterations=33 runtime: 96069us
Could not locate BlockSlowdown.json
Skipping Loading (this might cause a fatal crash if GTSlowdown is on)
Richards: iterations=34 runtime: 116191us
Richards: iterations=35 runtime: 95987us
Richards: iterations=36 runtime: 95861us
Richards: iterations=37 runtime: 96153us
Richards: iterations=38 runtime: 96627us
Richards: iterations=39 runtime: 95995us
Richards: iterations=40 runtime: 96038us
Richards: iterations=41 runtime: 96173us
Richards: iterations=42 runtime: 95927us
Richards: iterations=43 runtime: 96017us
Richards: iterations=44 runtime: 96029us
Richards: iterations=45 runtime: 96004us
Could not locate BlockSlowdown.json
Skipping Loading (this might cause a fatal crash if GTSlowdown is on)
Richards: iterations=46 runtime: 103740us
Richards: iterations=47 runtime: 96145us
Richards: iterations=48 runtime: 95970us
Richards: iterations=49 runtime: 95922us
Richards: iterations=50 runtime: 95985us
Richards: iterations=51 runtime: 95979us
Richards: iterations=52 runtime: 95995us
Richards: iterations=53 runtime: 96887us
Richards: iterations=54 runtime: 95952us
Richards: iterations=55 runtime: 95888us
Richards: iterations=56 runtime: 96268us
Richards: iterations=57 runtime: 96564us
Richards: iterations=58 runtime: 95985us
Richards: iterations=59 runtime: 96448us
Richards: iterations=60 runtime: 96278us
Richards: iterations=61 runtime: 95994us
Richards: iterations=62 runtime: 96012us
Richards: iterations=63 runtime: 95977us
Richards: iterations=64 runtime: 95978us
Richards: iterations=65 runtime: 96008us
Richards: iterations=66 runtime: 96155us
Richards: iterations=67 runtime: 96043us
Could not locate BlockSlowdown.json
Skipping Loading (this might cause a fatal crash if GTSlowdown is on)
Richards: iterations=68 runtime: 161071us
Richards: iterations=69 runtime: 95891us
Richards: iterations=70 runtime: 95744us
Richards: iterations=71 runtime: 95870us
Richards: iterations=72 runtime: 95816us
Richards: iterations=73 runtime: 95859us
Richards: iterations=74 runtime: 95759us
Richards: iterations=75 runtime: 95835us
Richards: iterations=76 runtime: 95817us
Richards: iterations=77 runtime: 95809us
Richards: iterations=78 runtime: 95891us
Richards: iterations=79 runtime: 95932us
Richards: iterations=80 runtime: 95928us
Richards: iterations=81 runtime: 95848us
Richards: iterations=82 runtime: 95784us
Richards: iterations=83 runtime: 95890us
Richards: iterations=84 runtime: 95892us
Richards: iterations=85 runtime: 95906us
Richards: iterations=86 runtime: 95741us
Richards: iterations=87 runtime: 95891us
Richards: iterations=88 runtime: 95859us
Richards: iterations=89 runtime: 95983us
Richards: iterations=90 runtime: 95837us
Could not locate BlockSlowdown.json
Skipping Loading (this might cause a fatal crash if GTSlowdown is on)
Richards: iterations=91 runtime: 95840us
Richards: iterations=92 runtime: 95887us
Richards: iterations=93 runtime: 96031us
Richards: iterations=94 runtime: 95816us
Richards: iterations=95 runtime: 95836us
Richards: iterations=96 runtime: 95860us
Richards: iterations=97 runtime: 95882us
Richards: iterations=98 runtime: 96188us
Richards: iterations=99 runtime: 95845us
Richards: iterations=100 runtime: 95825us
Richards: iterations=101 runtime: 95970us
Richards: iterations=102 runtime: 95815us
Richards: iterations=103 runtime: 95990us
Richards: iterations=104 runtime: 95852us
Richards: iterations=105 runtime: 95985us
Richards: iterations=106 runtime: 95809us
Richards: iterations=107 runtime: 96026us
Richards: iterations=108 runtime: 95744us
Richards: iterations=109 runtime: 95854us
Richards: iterations=110 runtime: 95855us
Richards: iterations=111 runtime: 96216us
Richards: iterations=112 runtime: 95851us
Richards: iterations=113 runtime: 95889us
Richards: iterations=114 runtime: 95752us
Richards: iterations=115 runtime: 95855us
Richards: iterations=116 runtime: 95826us
Richards: iterations=117 runtime: 96105us
Richards: iterations=118 runtime: 95728us
Richards: iterations=119 runtime: 95819us
Richards: iterations=120 runtime: 95809us
Richards: iterations=121 runtime: 95898us
Richards: iterations=122 runtime: 95797us
Richards: iterations=123 runtime: 95815us
Richards: iterations=124 runtime: 95781us
Richards: iterations=125 runtime: 95831us
Richards: iterations=126 runtime: 95828us
Could not locate BlockSlowdown.json
Skipping Loading (this might cause a fatal crash if GTSlowdown is on)
Richards: iterations=127 runtime: 96015us
Richards: iterations=128 runtime: 95866us
Richards: iterations=129 runtime: 96026us
Richards: iterations=130 runtime: 95861us
Richards: iterations=131 runtime: 96027us
Richards: iterations=132 runtime: 95869us
Richards: iterations=133 runtime: 96032us
Richards: iterations=134 runtime: 95872us
Richards: iterations=135 runtime: 95930us
Richards: iterations=136 runtime: 95813us
Richards: iterations=137 runtime: 95970us
Richards: iterations=138 runtime: 95869us
Richards: iterations=139 runtime: 95863us
Richards: iterations=140 runtime: 99627us
Richards: iterations=141 runtime: 95859us
Richards: iterations=142 runtime: 95782us
Richards: iterations=143 runtime: 95868us
Richards: iterations=144 runtime: 95903us
Richards: iterations=145 runtime: 95809us
Richards: iterations=146 runtime: 95760us
Richards: iterations=147 runtime: 95881us
Richards: iterations=148 runtime: 95825us
Richards: iterations=149 runtime: 96028us
Richards: iterations=150 runtime: 95826us
Richards: iterations=151 runtime: 95963us
Richards: iterations=152 runtime: 95848us
Richards: iterations=153 runtime: 96068us
Richards: iterations=154 runtime: 95790us
Richards: iterations=155 runtime: 96005us
Richards: iterations=156 runtime: 95824us
Richards: iterations=157 runtime: 95981us
Richards: iterations=158 runtime: 95722us
Richards: iterations=159 runtime: 95881us
Richards: iterations=160 runtime: 95843us
Richards: iterations=161 runtime: 95890us
Richards: iterations=162 runtime: 95803us
Richards: iterations=163 runtime: 96177us
Richards: iterations=164 runtime: 95798us
Richards: iterations=165 runtime: 95861us
Richards: iterations=166 runtime: 95832us
Richards: iterations=167 runtime: 95997us
Richards: iterations=168 runtime: 95816us
Richards: iterations=169 runtime: 95982us
Richards: iterations=170 runtime: 95819us
Richards: iterations=171 runtime: 95992us
Richards: iterations=172 runtime: 95852us
Richards: iterations=173 runtime: 96009us
Richards: iterations=174 runtime: 95845us
Richards: iterations=175 runtime: 95837us
Richards: iterations=176 runtime: 95878us
Richards: iterations=177 runtime: 96053us
Richards: iterations=178 runtime: 95802us
Richards: iterations=179 runtime: 95799us
Richards: iterations=180 runtime: 95744us
Richards: iterations=181 runtime: 95850us
Richards: iterations=182 runtime: 95788us
Richards: iterations=183 runtime: 95806us
Richards: iterations=184 runtime: 95886us
Richards: iterations=185 runtime: 95788us
Richards: iterations=186 runtime: 95764us
Richards: iterations=187 runtime: 95876us
Richards: iterations=188 runtime: 102981us
Richards: iterations=189 runtime: 103485us
Richards: iterations=190 runtime: 95818us
Richards: iterations=191 runtime: 95988us
Richards: iterations=192 runtime: 95893us
Richards: iterations=193 runtime: 96053us
Richards: iterations=194 runtime: 95884us
Richards: iterations=195 runtime: 96033us
Richards: iterations=196 runtime: 95824us
Richards: iterations=197 runtime: 96011us
Richards: iterations=198 runtime: 96006us
Richards: iterations=199 runtime: 95852us
Richards: iterations=200 runtime: 96027us
Richards: iterations=201 runtime: 95844us
Richards: iterations=202 runtime: 95999us
Richards: iterations=203 runtime: 95845us
Richards: iterations=204 runtime: 95888us
Could not locate BlockSlowdown.json
Skipping Loading (this might cause a fatal crash if GTSlowdown is on)
Richards: iterations=205 runtime: 132663us
Richards: iterations=206 runtime: 96209us
Richards: iterations=207 runtime: 95860us
Richards: iterations=208 runtime: 96004us
Richards: iterations=209 runtime: 95803us
Richards: iterations=210 runtime: 95825us
Richards: iterations=211 runtime: 95823us
Richards: iterations=212 runtime: 95969us
Richards: iterations=213 runtime: 95882us
Richards: iterations=214 runtime: 96157us
Richards: iterations=215 runtime: 96020us
Richards: iterations=216 runtime: 96052us
Richards: iterations=217 runtime: 95839us
Richards: iterations=218 runtime: 95780us
Richards: iterations=219 runtime: 95769us
Richards: iterations=220 runtime: 95786us
Richards: iterations=221 runtime: 95817us
Richards: iterations=222 runtime: 95769us
Richards: iterations=223 runtime: 95827us
Richards: iterations=224 runtime: 95757us
Richards: iterations=225 runtime: 95796us
Richards: iterations=226 runtime: 95903us
Richards: iterations=227 runtime: 95736us
Richards: iterations=228 runtime: 95840us
Richards: iterations=229 runtime: 95802us
Richards: iterations=230 runtime: 95823us
Richards: iterations=231 runtime: 95804us
Richards: iterations=232 runtime: 95833us
Richards: iterations=233 runtime: 95746us
Richards: iterations=234 runtime: 95720us
Richards: iterations=235 runtime: 95745us
Richards: iterations=236 runtime: 95937us
Richards: iterations=237 runtime: 95761us
Richards: iterations=238 runtime: 95860us
Richards: iterations=239 runtime: 95780us
Richards: iterations=240 runtime: 95820us
Richards: iterations=241 runtime: 95759us
Richards: iterations=242 runtime: 95825us
Richards: iterations=243 runtime: 95791us
Richards: iterations=244 runtime: 95767us
Richards: iterations=245 runtime: 95780us
Richards: iterations=246 runtime: 95829us
Richards: iterations=247 runtime: 95746us
Richards: iterations=248 runtime: 95786us
Richards: iterations=249 runtime: 95736us
Richards: iterations=250 runtime: 95857us
Richards: iterations=251 runtime: 95782us
Richards: iterations=252 runtime: 95876us
Richards: iterations=253 runtime: 95884us
Richards: iterations=254 runtime: 95794us
Richards: iterations=255 runtime: 95806us
Richards: iterations=256 runtime: 96292us
Richards: iterations=257 runtime: 95826us
Richards: iterations=258 runtime: 95974us
Richards: iterations=259 runtime: 95760us
Richards: iterations=260 runtime: 95815us
Richards: iterations=261 runtime: 95811us
Richards: iterations=262 runtime: 95963us
Richards: iterations=263 runtime: 95863us
Richards: iterations=264 runtime: 95987us
Richards: iterations=265 runtime: 95815us
Richards: iterations=266 runtime: 96090us
Richards: iterations=267 runtime: 96044us
Richards: iterations=268 runtime: 95805us
Richards: iterations=269 runtime: 95853us
Richards: iterations=270 runtime: 95966us
Richards: iterations=271 runtime: 95778us
Richards: iterations=272 runtime: 95960us
Richards: iterations=273 runtime: 95777us
Richards: iterations=274 runtime: 95913us
Richards: iterations=275 runtime: 95807us
Richards: iterations=276 runtime: 95992us
Richards: iterations=277 runtime: 95818us
Richards: iterations=278 runtime: 95801us
Richards: iterations=279 runtime: 95840us
Richards: iterations=280 runtime: 95962us
Richards: iterations=281 runtime: 95775us
Richards: iterations=282 runtime: 96008us
Richards: iterations=283 runtime: 95769us
Richards: iterations=284 runtime: 95936us
Richards: iterations=285 runtime: 95817us
Richards: iterations=286 runtime: 95766us
Richards: iterations=287 runtime: 95738us
Richards: iterations=288 runtime: 95791us
Richards: iterations=289 runtime: 95725us
Richards: iterations=290 runtime: 95783us
Richards: iterations=291 runtime: 95729us
Richards: iterations=292 runtime: 95850us
Richards: iterations=293 runtime: 95864us
Richards: iterations=294 runtime: 95856us
Richards: iterations=295 runtime: 95792us
Richards: iterations=296 runtime: 95968us
Richards: iterations=297 runtime: 95756us
Richards: iterations=298 runtime: 95816us
Richards: iterations=299 runtime: 95771us
Richards: iterations=300 runtime: 95836us
Richards: iterations=301 runtime: 95721us
Richards: iterations=302 runtime: 95811us
Richards: iterations=303 runtime: 95806us
Richards: iterations=304 runtime: 95819us
Richards: iterations=305 runtime: 95826us
Richards: iterations=306 runtime: 95797us
Richards: iterations=307 runtime: 95808us
Richards: iterations=308 runtime: 95813us
Richards: iterations=309 runtime: 95762us
Richards: iterations=310 runtime: 95762us
Richards: iterations=311 runtime: 95704us
Richards: iterations=312 runtime: 95807us
Richards: iterations=313 runtime: 95726us
Richards: iterations=314 runtime: 95863us
Richards: iterations=315 runtime: 95826us
Richards: iterations=316 runtime: 96004us
Richards: iterations=317 runtime: 95805us
Richards: iterations=318 runtime: 95878us
Richards: iterations=319 runtime: 96048us
Richards: iterations=320 runtime: 95798us
Richards: iterations=321 runtime: 95742us
Richards: iterations=322 runtime: 95794us
Richards: iterations=323 runtime: 95823us
Richards: iterations=324 runtime: 95841us
Richards: iterations=325 runtime: 95802us
Richards: iterations=326 runtime: 95811us
Richards: iterations=327 runtime: 95960us
Richards: iterations=328 runtime: 95853us
Richards: iterations=329 runtime: 95978us
Richards: iterations=330 runtime: 95837us
Richards: iterations=331 runtime: 95807us
Richards: iterations=332 runtime: 96023us
Richards: iterations=333 runtime: 96073us
Richards: iterations=334 runtime: 95769us
Richards: iterations=335 runtime: 95917us
Richards: iterations=336 runtime: 96029us
Richards: iterations=337 runtime: 95800us
Richards: iterations=338 runtime: 95810us
Richards: iterations=339 runtime: 95807us
Richards: iterations=340 runtime: 95913us
Richards: iterations=341 runtime: 95768us
Richards: iterations=342 runtime: 95957us
Richards: iterations=343 runtime: 95785us
Richards: iterations=344 runtime: 95927us
Richards: iterations=345 runtime: 95766us
Richards: iterations=346 runtime: 95822us
Richards: iterations=347 runtime: 95738us
Richards: iterations=348 runtime: 95794us
Richards: iterations=349 runtime: 95748us
Richards: iterations=350 runtime: 95828us
Richards: iterations=351 runtime: 95754us
Richards: iterations=352 runtime: 95841us
Richards: iterations=353 runtime: 95810us
Richards: iterations=354 runtime: 95838us
Richards: iterations=355 runtime: 96171us
Richards: iterations=356 runtime: 95802us
Richards: iterations=357 runtime: 95831us
Richards: iterations=358 runtime: 95856us
Richards: iterations=359 runtime: 95742us
Richards: iterations=360 runtime: 95798us
Richards: iterations=361 runtime: 95735us
Richards: iterations=362 runtime: 95886us
Richards: iterations=363 runtime: 95804us
Richards: iterations=364 runtime: 95774us
Richards: iterations=365 runtime: 96000us
Richards: iterations=366 runtime: 95793us
Richards: iterations=367 runtime: 95783us
Richards: iterations=368 runtime: 95858us
Richards: iterations=369 runtime: 95990us
Richards: iterations=370 runtime: 95801us
Richards: iterations=371 runtime: 96289us
Richards: iterations=372 runtime: 95768us
Richards: iterations=373 runtime: 95909us
Richards: iterations=374 runtime: 95835us
Richards: iterations=375 runtime: 95943us
Richards: iterations=376 runtime: 95739us
Richards: iterations=377 runtime: 95823us
Richards: iterations=378 runtime: 95751us
Richards: iterations=379 runtime: 95782us
Richards: iterations=380 runtime: 95752us
Richards: iterations=381 runtime: 95835us
Richards: iterations=382 runtime: 95791us
Richards: iterations=383 runtime: 95830us
Richards: iterations=384 runtime: 95826us
Richards: iterations=385 runtime: 95780us
Richards: iterations=386 runtime: 95991us
Richards: iterations=387 runtime: 95781us
Richards: iterations=388 runtime: 95947us
Richards: iterations=389 runtime: 95809us
Richards: iterations=390 runtime: 96011us
Richards: iterations=391 runtime: 95767us
Richards: iterations=392 runtime: 95834us
Richards: iterations=393 runtime: 95771us
Richards: iterations=394 runtime: 95833us
Richards: iterations=395 runtime: 95953us
Richards: iterations=396 runtime: 95851us
Richards: iterations=397 runtime: 95698us
Richards: iterations=398 runtime: 95859us
Richards: iterations=399 runtime: 95803us
Richards: iterations=400 runtime: 95818us
Richards: iterations=401 runtime: 95750us
Richards: iterations=402 runtime: 95765us
Richards: iterations=403 runtime: 95726us
Richards: iterations=404 runtime: 95844us
Richards: iterations=405 runtime: 95948us
Richards: iterations=406 runtime: 95759us
Richards: iterations=407 runtime: 95957us
Richards: iterations=408 runtime: 95770us
Richards: iterations=409 runtime: 95934us
Richards: iterations=410 runtime: 95782us
Richards: iterations=411 runtime: 95966us
Richards: iterations=412 runtime: 95841us
Richards: iterations=413 runtime: 95805us
Richards: iterations=414 runtime: 95779us
Richards: iterations=415 runtime: 96112us
Richards: iterations=416 runtime: 95803us
Could not locate BlockSlowdown.json
Skipping Loading (this might cause a fatal crash if GTSlowdown is on)
Richards: iterations=417 runtime: 95771us
Richards: iterations=418 runtime: 95892us
Richards: iterations=419 runtime: 96047us
Richards: iterations=420 runtime: 95760us
Richards: iterations=421 runtime: 96035us
Richards: iterations=422 runtime: 95831us
Richards: iterations=423 runtime: 96275us
Richards: iterations=424 runtime: 95843us
Richards: iterations=425 runtime: 95762us
Richards: iterations=426 runtime: 95907us
Richards: iterations=427 runtime: 95809us
Richards: iterations=428 runtime: 105962us
Richards: iterations=429 runtime: 100534us
Richards: iterations=430 runtime: 95823us
Richards: iterations=431 runtime: 95833us
Richards: iterations=432 runtime: 95845us
Richards: iterations=433 runtime: 95776us
Richards: iterations=434 runtime: 97773us
Richards: iterations=435 runtime: 95792us
Richards: iterations=436 runtime: 95859us
Richards: iterations=437 runtime: 95778us
Richards: iterations=438 runtime: 95929us
Richards: iterations=439 runtime: 95841us
Richards: iterations=440 runtime: 95877us
Richards: iterations=441 runtime: 95832us
Richards: iterations=442 runtime: 95882us
Richards: iterations=443 runtime: 95764us
Richards: iterations=444 runtime: 95823us
Richards: iterations=445 runtime: 95780us
Richards: iterations=446 runtime: 95982us
Richards: iterations=447 runtime: 95858us
Richards: iterations=448 runtime: 96023us
Richards: iterations=449 runtime: 95850us
Richards: iterations=450 runtime: 95828us
Richards: iterations=451 runtime: 95831us
Richards: iterations=452 runtime: 95965us
Richards: iterations=453 runtime: 95823us
Richards: iterations=454 runtime: 95793us
Richards: iterations=455 runtime: 95740us
Richards: iterations=456 runtime: 95812us
Richards: iterations=457 runtime: 95830us
Richards: iterations=458 runtime: 95882us
Richards: iterations=459 runtime: 95763us
Richards: iterations=460 runtime: 95805us
Richards: iterations=461 runtime: 95776us
Richards: iterations=462 runtime: 95831us
Richards: iterations=463 runtime: 95835us
Richards: iterations=464 runtime: 95783us
Richards: iterations=465 runtime: 95796us
Richards: iterations=466 runtime: 95872us
Richards: iterations=467 runtime: 95800us
Richards: iterations=468 runtime: 95846us
Richards: iterations=469 runtime: 95811us
Richards: iterations=470 runtime: 95803us
Richards: iterations=471 runtime: 95798us
Richards: iterations=472 runtime: 95804us
Richards: iterations=473 runtime: 95775us
Richards: iterations=474 runtime: 95874us
Richards: iterations=475 runtime: 96123us
Richards: iterations=476 runtime: 95795us
Richards: iterations=477 runtime: 95737us
Richards: iterations=478 runtime: 95856us
Richards: iterations=479 runtime: 95784us
Richards: iterations=480 runtime: 95863us
Richards: iterations=481 runtime: 95827us
Richards: iterations=482 runtime: 95874us
Richards: iterations=483 runtime: 95841us
Richards: iterations=484 runtime: 95875us
Richards: iterations=485 runtime: 95847us
Richards: iterations=486 runtime: 95840us
Richards: iterations=487 runtime: 95816us
Richards: iterations=488 runtime: 95833us
Richards: iterations=489 runtime: 95745us
Could not locate BlockSlowdown.json
Skipping Loading (this might cause a fatal crash if GTSlowdown is on)
Richards: iterations=490 runtime: 95828us
Richards: iterations=491 runtime: 95880us
Richards: iterations=492 runtime: 95874us
Richards: iterations=493 runtime: 95802us
Richards: iterations=494 runtime: 95849us
Richards: iterations=495 runtime: 95836us
Richards: iterations=496 runtime: 95824us
Richards: iterations=497 runtime: 96007us
Richards: iterations=498 runtime: 95821us
Richards: iterations=499 runtime: 96009us
Richards: iterations=500 runtime: 95857us
Richards: iterations=500 average: 96501us total: 48250674us


Total Runtime: 48250674us
Bubo.RDTSC.Harness.main Total RDTSC cycles: 160063552302
Comp 52 (java.util.ImmutableCollections$SetN$SetNIterator.next()) loops:
Found Encoding : 0:-1
└── Loop 0
  loop 0 Cycles: 250672 || Activation Count:4221| LoopCallCount: 0 |  Source: -at java.util.ImmutableCollections$SetN$SetNIterator.next(ImmutableCollections.java:1213) [bci: 21] | -at java.util.ImmutableCollections$SetN$SetNIterator.next(ImmutableCollections.java:1223) [bci: 65]
Comp 57 (java.util.HashMap.putVal(int,) loops:
Found Encoding : 0:-1
└── Loop 0
  loop 0 Cycles: 7160 || Activation Count:175| LoopCallCount: 0 |  Source: -at java.util.HashMap.putVal(HashMap.java:648) [bci: 134] | -at java.util.HashMap.putVal(HashMap.java:649) [bci: 145]
Comp 58 (java.lang.String.equals(Object)) loops:
Found Encoding : 0:-1
└── Loop 0
  loop 0 Cycles: 3354 || Activation Count:48| LoopCallCount: 0 |  Source: -at java.lang.StringLatin1.equals(StringLatin1.java:100) [bci: 9]
-at java.lang.String.equals(String.java:1926) [bci: 44] | -at java.lang.StringLatin1.equals(StringLatin1.java:105) [bci: 32]
-at java.lang.String.equals(String.java:1926) [bci: 44]
Comp 73 (java.util.HashMap.resize()) loops:
Found Encoding : 2:-1,0:-1,1:0
├── Loop 2
└── Loop 0
    └── Loop 1
  loop 0 Cycles: 28216 || Activation Count:7| LoopCallCount: 0 |  Source: -at java.util.HashMap.resize(HashMap.java:714) [bci: 151] | -at java.util.HashMap.resize(HashMap.java:755) [bci: 353]
  loop 1 Cycles: 6480 || Activation Count:73| LoopCallCount: 0 |  Source: -at java.util.HashMap.resize(HashMap.java:727) [bci: 235] | -at java.util.HashMap.resize(HashMap.java:743) [bci: 309]
  loop 2 Cycles: 12302 || Activation Count:246| LoopCallCount: 0 |  Source: -at jdk.graal.compiler.hotspot.replacements.HotSpotAllocationSnippets.allocateArray(KlassPointer, int, int, int, AllocationSnippets$FillContent, int, boolean, boolean, boolean, boolean, HotSpotAllocationSnippets$HotSpotAllocationProfilingData, boolea
Comp 84 (jdk.internal.util.ArraysSupport.unsignedHashCode(int,) loops:
Found Encoding : 0:-1,1:-1,2:-1
├── Loop 0
├── Loop 1
└── Loop 2
  loop 0 Cycles: 336 || Activation Count:1| LoopCallCount: 0 |  Source: -at jdk.internal.util.ArraysSupport.unsignedHashCode(ArraysSupport.java:378) [bci: 8] | -at jdk.internal.util.ArraysSupport.unsignedHashCode(ArraysSupport.java:381) [bci: 34]
  loop 1 Cycles: 98 || Activation Count:1| LoopCallCount: 0 |  Source: Source Missing | -at jdk.internal.util.ArraysSupport.unsignedHashCode(ArraysSupport.java:381) [bci: 34]
  loop 2 Cycles: 92 || Activation Count:1| LoopCallCount: 0 |  Source: Source Missing | -at jdk.internal.util.ArraysSupport.unsignedHashCode(ArraysSupport.java:381) [bci: 34]
Comp 85 (jdk.internal.util.ArraysSupport.unsignedHashCode(int,-Re-Comp) loops:
Found Encoding : 0:-1,1:-1,2:-1
├── Loop 0
├── Loop 1
└── Loop 2
  loop 0 Cycles: 88828 || Activation Count:1779| LoopCallCount: 0 |  Source: -at jdk.internal.util.ArraysSupport.unsignedHashCode(ArraysSupport.java:378) [bci: 8] | -at jdk.internal.util.ArraysSupport.unsignedHashCode(ArraysSupport.java:381) [bci: 34]
  loop 1 Cycles: 118896 || Activation Count:1779| LoopCallCount: 0 |  Source: Source Missing | -at jdk.internal.util.ArraysSupport.unsignedHashCode(ArraysSupport.java:381) [bci: 34]
  loop 2 Cycles: 100836 || Activation Count:1779| LoopCallCount: 0 |  Source: Source Missing | -at jdk.internal.util.ArraysSupport.unsignedHashCode(ArraysSupport.java:381) [bci: 34]
Comp 87 (java.lang.StringCoding.countPositives(byte[],) loops:
Found Encoding : 0:-1
└── Loop 0
  loop 0 Cycles: 386 || Activation Count:1| LoopCallCount: 0 |  Source: -at java.lang.StringCoding.countPositives(StringCoding.java:92) [bci: 7] | -at java.lang.StringCoding.countPositives(StringCoding.java:97) [bci: 31]
Comp 88 (java.lang.StringCoding.countPositives(byte[],-Re-Comp) loops:
Found Encoding : 0:-1
└── Loop 0
  loop 0 Cycles: 12616 || Activation Count:87| LoopCallCount: 0 |  Source: -at java.lang.StringCoding.countPositives(StringCoding.java:92) [bci: 7] | -at java.lang.StringCoding.countPositives(StringCoding.java:97) [bci: 31]
Comp 138 (java.lang.StringLatin1.equals(byte[],) loops:
Found Encoding : 0:-1
└── Loop 0
  loop 0 Cycles: 23530 || Activation Count:172| LoopCallCount: 0 |  Source: -at java.lang.StringLatin1.equals(StringLatin1.java:100) [bci: 9] | -at java.lang.StringLatin1.equals(StringLatin1.java:105) [bci: 32]
Comp 140 (java.util.Properties$LineReader.readLine()) loops:
Found Encoding : 5:-1,3:-1,4:3,0:-1,1:0,2:1
├── Loop 5
├── Loop 3
│   └── Loop 4
└── Loop 0
    └── Loop 1
        └── Loop 2
  loop 1 Cycles: 245820 || Activation Count:90| LoopCallCount: 1 |  Source: -at java.util.Properties$LineReader.readLine(Properties.java:538) [bci: 219] | -at java.util.Properties$LineReader.readLine(Properties.java:543) [bci: 259]
  loop 2 Cycles: 12060 || Activation Count:91| LoopCallCount: 0 |  Source: -at java.util.Properties$LineReader.readLine(Properties.java:540) [bci: 224] | -at java.util.Properties$LineReader.readLine(Properties.java:543) [bci: 259]
  loop 5 Cycles: 624 || Activation Count:1| LoopCallCount: 0 |  Source: -at java.util.Properties$LineReader.readLine(Properties.java:540) [bci: 224] | -at java.util.Properties$LineReader.readLine(Properties.java:543) [bci: 259]
Comp 141 (java.util.Properties$LineReader.readLine()-Re-Comp) loops:
Found Encoding : 0:-1,1:0,2:1
└── Loop 0
    └── Loop 1
        └── Loop 2
  loop 1 Cycles: 3406 || Activation Count:14| LoopCallCount: 1 |  Source: -at java.util.Properties$LineReader.readLine(Properties.java:538) [bci: 219] | -at java.util.Properties$LineReader.readLine(Properties.java:543) [bci: 259]
  loop 2 Cycles: 1778 || Activation Count:14| LoopCallCount: 0 |  Source: -at java.util.Properties$LineReader.readLine(Properties.java:540) [bci: 224] | -at java.util.Properties$LineReader.readLine(Properties.java:545) [bci: 262]
Comp 142 (java.util.Properties$LineReader.readLine()-Re-Comp) loops:
Found Encoding : 5:-1,3:-1,4:3,0:-1,1:0,2:1
├── Loop 5
├── Loop 3
│   └── Loop 4
└── Loop 0
    └── Loop 1
        └── Loop 2
  loop 0 Cycles: 37844 || Activation Count:1| LoopCallCount: 2 |  Source: -at java.util.Properties$LineReader.readLine(Properties.java:504) [bci: 53] | -at java.util.Properties$LineReader.readLine(Properties.java:615) [bci: 577]
  loop 1 Cycles: 27384 || Activation Count:131| LoopCallCount: 1 |  Source: -at java.util.Properties$LineReader.readLine(Properties.java:538) [bci: 219] | -at java.util.Properties$LineReader.readLine(Properties.java:543) [bci: 259]
  loop 2 Cycles: 15060 || Activation Count:131| LoopCallCount: 0 |  Source: -at java.util.Properties$LineReader.readLine(Properties.java:540) [bci: 224] | -at java.util.Properties$LineReader.readLine(Properties.java:543) [bci: 259]
  loop 5 Cycles: 552 || Activation Count:1| LoopCallCount: 0 |  Source: -at java.util.Properties$LineReader.readLine(Properties.java:540) [bci: 224] | -at java.util.Properties$LineReader.readLine(Properties.java:543) [bci: 259]
Comp 143 (java.util.Properties$LineReader.readLine()-Re-Comp) loops:
Found Encoding : 0:-1,1:0,2:1
└── Loop 0
    └── Loop 1
        └── Loop 2
  loop 0 Cycles: 348452 || Activation Count:6| LoopCallCount: 2 |  Source: -at java.util.Properties$LineReader.readLine(Properties.java:504) [bci: 53] | -at java.util.Properties$LineReader.readLine(Properties.java:615) [bci: 577]
  loop 1 Cycles: 408380 || Activation Count:374| LoopCallCount: 1 |  Source: -at java.util.Properties$LineReader.readLine(Properties.java:538) [bci: 219] | -at java.util.Properties$LineReader.readLine(Properties.java:543) [bci: 259]
  loop 2 Cycles: 66222 || Activation Count:377| LoopCallCount: 0 |  Source: -at java.util.Properties$LineReader.readLine(Properties.java:540) [bci: 224] | -at java.util.Properties$LineReader.readLine(Properties.java:545) [bci: 262]
Comp 205 (richards.Scheduler$HandlerProcessFunction.apply(Packet,) loops:
Found Encoding : 1:-1,0:-1,3:-1,2:-1
├── Loop 1
├── Loop 0
├── Loop 3
└── Loop 2
  loop 0 Cycles: 1298847584 || Activation Count:40649741| LoopCallCount: 0 |  Source: -at richards.RBObject.append(Packet, Packet) [bci: 18]
-at richards.HandlerTaskDataRecord.deviceInAdd(Packet) [bci: 7]
-at richards.Scheduler$HandlerProcessFunction.apply(Packet, RBObject) [bci: 30] | -at richards.RBObject.append(Packet, Packet) [bc
  loop 1 Cycles: 1101125704 || Activation Count:41349745| LoopCallCount: 0 |  Source: -at richards.RBObject.append(Packet, Packet) [bci: 18]
-at richards.HandlerTaskDataRecord.workInAdd(Packet) [bci: 7]
-at richards.Scheduler$HandlerProcessFunction.apply(Packet, RBObject) [bci: 22] | -at richards.RBObject.append(Packet, Packet) [bci:
  loop 3 Cycles: 12223364180 || Activation Count:424347545| LoopCallCount: 0 |  Source: -at richards.RBObject.append(Packet, Packet) [bci: 18]
-at richards.TaskControlBlock.addInputAndCheckPriority(Packet, TaskControlBlock) [bci: 40]
-at richards.Scheduler.queuePacket(Packet) [bci: 51]
-at richards.Scheduler$HandlerProcessFunction.appl
Comp 213 (richards.Scheduler.schedule()-Re-Comp) loops:
Found Encoding : 0:-1
└── Loop 0
  loop 0 Cycles: 2704828 || Activation Count:1| LoopCallCount: 1 |  Source: -at richards.Scheduler.schedule() [bci: 8] | -at richards.Scheduler.schedule() [bci: 67]
Comp 214 (richards.Scheduler.schedule()-Re-Comp) loops:
Found Encoding : 0:-1
└── Loop 0
  loop 0 Cycles: 158844343366 || Activation Count:49997| LoopCallCount: 1 |  Source: -at richards.Scheduler.schedule() [bci: 8] | -at richards.Scheduler.schedule() [bci: 67]
Comp 237 (java.util.Arrays.fill(Object[],) loops:
Found Encoding : 0:-1,1:-1,2:-1
├── Loop 0
├── Loop 1
└── Loop 2
  loop 0 Cycles: 349378 || Activation Count:4912| LoopCallCount: 0 |  Source: -at java.util.Arrays.fill(Arrays.java:3426) [bci: 5] | -at java.util.Arrays.fill(Arrays.java:3428) [bci: 20]
  loop 1 Cycles: 129128 || Activation Count:4912| LoopCallCount: 0 |  Source: Source Missing | -at java.util.Arrays.fill(Arrays.java:3428) [bci: 20]
  loop 2 Cycles: 144950 || Activation Count:4912| LoopCallCount: 0 |  Source: Source Missing | -at java.util.Arrays.fill(Arrays.java:3428) [bci: 20]
Comp 268 (Benchmark.innerBenchmarkLoop(int)) loops:
Found Encoding : 0:-1
└── Loop 0
  loop 0 Cycles: 60320918 || Activation Count:1| LoopCallCount: 3 |  Source: -at Benchmark.innerBenchmarkLoop(int) [bci: 2] | -at Benchmark.innerBenchmarkLoop(int) [bci: 26]
Comp 269 (Benchmark.innerBenchmarkLoop(int)-Re-Comp) loops:
Found Encoding : 0:-1
└── Loop 0
  loop 0 Cycles: 93701749552 || Activation Count:295| LoopCallCount: 3 |  Source: -at Benchmark.innerBenchmarkLoop(int) [bci: 2] | -at Benchmark.innerBenchmarkLoop(int) [bci: 26]
Comp 270 (java.lang.StringLatin1.inflate(byte[],) loops:
Found Encoding : 0:-1,1:-1,2:-1
├── Loop 0
├── Loop 1
└── Loop 2
  loop 0 Cycles: 8600 || Activation Count:174| LoopCallCount: 0 |  Source: -at java.lang.StringLatin1.inflate(StringLatin1.java:767) [bci: 3] | -at java.lang.StringLatin1.inflate(StringLatin1.java:770) [bci: 33]
  loop 1 Cycles: 8344 || Activation Count:174| LoopCallCount: 0 |  Source: Source Missing | -at java.lang.StringLatin1.inflate(StringLatin1.java:770) [bci: 33]
  loop 2 Cycles: 6064 || Activation Count:174| LoopCallCount: 0 |  Source: Source Missing | -at java.lang.StringLatin1.inflate(StringLatin1.java:770) [bci: 33]
Comp 271 (java.lang.StringCoding.implEncodeAsciiArray(char[],) loops:
Found Encoding : 0:-1
└── Loop 0
  loop 0 Cycles: 746 || Activation Count:1| LoopCallCount: 0 |  Source: -at java.lang.StringCoding.implEncodeAsciiArray(StringCoding.java:118) [bci: 3] | -at java.lang.StringCoding.implEncodeAsciiArray(StringCoding.java:124) [bci: 44]
Comp 272 (java.lang.StringCoding.implEncodeAsciiArray(char[],-Re-Comp) loops:
Found Encoding : 0:-1
└── Loop 0
  loop 0 Cycles: 4872 || Activation Count:14| LoopCallCount: 0 |  Source: -at java.lang.StringCoding.implEncodeAsciiArray(StringCoding.java:118) [bci: 3] | -at java.lang.StringCoding.implEncodeAsciiArray(StringCoding.java:124) [bci: 44]
