========================================
Benchmark : DeltaBlue
Timestamp : 2025-11-17T14:59:51+00:00
Java      : openjdk version "25" 2025-09-16 OpenJDK Runtime Environment GraalVM CE 25.1.0-dev+37.1 (build 25+37-jvmci-b06) OpenJDK 64-Bit Server VM GraalVM CE 25.1.0-dev+37.1 (build 25+37-jvmci-b06, mixed mode, sharing) 
Cmd:
  ./latest_graalvm_home/bin/java   -Djdk.graal.TrackNodeSourcePosition=true   -Djdk.graal.EnableProfiler=false   -Djdk.graal.BuboLIRPhase=false   -XX:+UnlockExperimentalVMOptions   -XX:+UnlockDiagnosticVMOptions   -XX:+EnableJVMCI   -XX:+UseJVMCICompiler   -XX:+UseJVMCINativeLibrary   -XX:-TieredCompilation   -XX:-BackgroundCompilation   --add-exports=jdk.graal.compiler/jdk.graal.compiler.hotspot.meta.Bubo=ALL-UNNAMED   --add-exports=jdk.graal.compiler/jdk.graal.compiler.phases.common=ALL-UNNAMED   -cp   /home/hb478/repos/are-we-fast-yet/benchmarks/Java/benchmarks.jar   Harness   DeltaBlue   500   60000 
========================================
Starting DeltaBlue benchmark ...
DeltaBlue: iterations=1 runtime: 2618349us
DeltaBlue: iterations=2 runtime: 1100552us
DeltaBlue: iterations=3 runtime: 448933us
DeltaBlue: iterations=4 runtime: 380132us
DeltaBlue: iterations=5 runtime: 430501us
DeltaBlue: iterations=6 runtime: 411926us
DeltaBlue: iterations=7 runtime: 359886us
DeltaBlue: iterations=8 runtime: 394496us
DeltaBlue: iterations=9 runtime: 365006us
DeltaBlue: iterations=10 runtime: 476799us
DeltaBlue: iterations=11 runtime: 491991us
DeltaBlue: iterations=12 runtime: 377205us
DeltaBlue: iterations=13 runtime: 336633us
DeltaBlue: iterations=14 runtime: 308685us
DeltaBlue: iterations=15 runtime: 328697us
DeltaBlue: iterations=16 runtime: 305407us
DeltaBlue: iterations=17 runtime: 335580us
DeltaBlue: iterations=18 runtime: 340382us
DeltaBlue: iterations=19 runtime: 308052us
DeltaBlue: iterations=20 runtime: 312171us
DeltaBlue: iterations=21 runtime: 280620us
DeltaBlue: iterations=22 runtime: 341607us
DeltaBlue: iterations=23 runtime: 288763us
DeltaBlue: iterations=24 runtime: 307182us
DeltaBlue: iterations=25 runtime: 275555us
DeltaBlue: iterations=26 runtime: 327550us
DeltaBlue: iterations=27 runtime: 269618us
DeltaBlue: iterations=28 runtime: 239596us
DeltaBlue: iterations=29 runtime: 275766us
DeltaBlue: iterations=30 runtime: 301378us
DeltaBlue: iterations=31 runtime: 272784us
DeltaBlue: iterations=32 runtime: 326565us
DeltaBlue: iterations=33 runtime: 292864us
DeltaBlue: iterations=34 runtime: 309990us
DeltaBlue: iterations=35 runtime: 299239us
DeltaBlue: iterations=36 runtime: 295343us
DeltaBlue: iterations=37 runtime: 328750us
DeltaBlue: iterations=38 runtime: 295032us
DeltaBlue: iterations=39 runtime: 324091us
DeltaBlue: iterations=40 runtime: 279447us
DeltaBlue: iterations=41 runtime: 464395us
DeltaBlue: iterations=42 runtime: 439437us
DeltaBlue: iterations=43 runtime: 399929us
DeltaBlue: iterations=44 runtime: 390717us
DeltaBlue: iterations=45 runtime: 365556us
DeltaBlue: iterations=46 runtime: 330203us
DeltaBlue: iterations=47 runtime: 336496us
DeltaBlue: iterations=48 runtime: 342377us
DeltaBlue: iterations=49 runtime: 344859us
DeltaBlue: iterations=50 runtime: 331684us
DeltaBlue: iterations=51 runtime: 298436us
DeltaBlue: iterations=52 runtime: 302067us
DeltaBlue: iterations=53 runtime: 305536us
DeltaBlue: iterations=54 runtime: 300119us
DeltaBlue: iterations=55 runtime: 289542us
DeltaBlue: iterations=56 runtime: 225279us
DeltaBlue: iterations=57 runtime: 235412us
DeltaBlue: iterations=58 runtime: 228960us
DeltaBlue: iterations=59 runtime: 226437us
DeltaBlue: iterations=60 runtime: 223220us
DeltaBlue: iterations=61 runtime: 232184us
DeltaBlue: iterations=62 runtime: 239625us
DeltaBlue: iterations=63 runtime: 222228us
DeltaBlue: iterations=64 runtime: 228960us
DeltaBlue: iterations=65 runtime: 241073us
DeltaBlue: iterations=66 runtime: 230535us
DeltaBlue: iterations=67 runtime: 237137us
DeltaBlue: iterations=68 runtime: 232726us
DeltaBlue: iterations=69 runtime: 240332us
DeltaBlue: iterations=70 runtime: 302336us
DeltaBlue: iterations=71 runtime: 294902us
DeltaBlue: iterations=72 runtime: 274606us
DeltaBlue: iterations=73 runtime: 305630us
DeltaBlue: iterations=74 runtime: 293425us
DeltaBlue: iterations=75 runtime: 286098us
DeltaBlue: iterations=76 runtime: 230219us
DeltaBlue: iterations=77 runtime: 277017us
DeltaBlue: iterations=78 runtime: 288473us
DeltaBlue: iterations=79 runtime: 283850us
DeltaBlue: iterations=80 runtime: 250969us
DeltaBlue: iterations=81 runtime: 293378us
DeltaBlue: iterations=82 runtime: 284978us
DeltaBlue: iterations=83 runtime: 260477us
DeltaBlue: iterations=84 runtime: 254781us
DeltaBlue: iterations=85 runtime: 225370us
DeltaBlue: iterations=86 runtime: 298340us
DeltaBlue: iterations=87 runtime: 293959us
DeltaBlue: iterations=88 runtime: 288008us
DeltaBlue: iterations=89 runtime: 298314us
DeltaBlue: iterations=90 runtime: 292502us
DeltaBlue: iterations=91 runtime: 297852us
DeltaBlue: iterations=92 runtime: 285553us
DeltaBlue: iterations=93 runtime: 295423us
DeltaBlue: iterations=94 runtime: 289260us
DeltaBlue: iterations=95 runtime: 223447us
DeltaBlue: iterations=96 runtime: 266974us
DeltaBlue: iterations=97 runtime: 251635us
DeltaBlue: iterations=98 runtime: 279462us
DeltaBlue: iterations=99 runtime: 252236us
DeltaBlue: iterations=100 runtime: 232300us
DeltaBlue: iterations=101 runtime: 225021us
DeltaBlue: iterations=102 runtime: 236935us
DeltaBlue: iterations=103 runtime: 234563us
DeltaBlue: iterations=104 runtime: 225653us
DeltaBlue: iterations=105 runtime: 236226us
DeltaBlue: iterations=106 runtime: 276634us
DeltaBlue: iterations=107 runtime: 286270us
DeltaBlue: iterations=108 runtime: 241714us
DeltaBlue: iterations=109 runtime: 232621us
DeltaBlue: iterations=110 runtime: 248977us
DeltaBlue: iterations=111 runtime: 234241us
DeltaBlue: iterations=112 runtime: 229276us
DeltaBlue: iterations=113 runtime: 254250us
DeltaBlue: iterations=114 runtime: 274062us
DeltaBlue: iterations=115 runtime: 255799us
DeltaBlue: iterations=116 runtime: 239253us
DeltaBlue: iterations=117 runtime: 225414us
DeltaBlue: iterations=118 runtime: 270069us
DeltaBlue: iterations=119 runtime: 293160us
DeltaBlue: iterations=120 runtime: 287298us
DeltaBlue: iterations=121 runtime: 268806us
DeltaBlue: iterations=122 runtime: 229678us
DeltaBlue: iterations=123 runtime: 225582us
DeltaBlue: iterations=124 runtime: 231614us
DeltaBlue: iterations=125 runtime: 233186us
DeltaBlue: iterations=126 runtime: 235886us
DeltaBlue: iterations=127 runtime: 221415us
DeltaBlue: iterations=128 runtime: 229476us
DeltaBlue: iterations=129 runtime: 233193us
DeltaBlue: iterations=130 runtime: 223930us
DeltaBlue: iterations=131 runtime: 255236us
DeltaBlue: iterations=132 runtime: 232107us
DeltaBlue: iterations=133 runtime: 224643us
DeltaBlue: iterations=134 runtime: 253652us
DeltaBlue: iterations=135 runtime: 234467us
DeltaBlue: iterations=136 runtime: 225521us
DeltaBlue: iterations=137 runtime: 235141us
DeltaBlue: iterations=138 runtime: 247005us
DeltaBlue: iterations=139 runtime: 255247us
DeltaBlue: iterations=140 runtime: 224761us
DeltaBlue: iterations=141 runtime: 295227us
DeltaBlue: iterations=142 runtime: 288116us
DeltaBlue: iterations=143 runtime: 282096us
DeltaBlue: iterations=144 runtime: 289847us
DeltaBlue: iterations=145 runtime: 281144us
DeltaBlue: iterations=146 runtime: 223199us
DeltaBlue: iterations=147 runtime: 228015us
DeltaBlue: iterations=148 runtime: 231939us
DeltaBlue: iterations=149 runtime: 224659us
DeltaBlue: iterations=150 runtime: 278056us
DeltaBlue: iterations=151 runtime: 258479us
DeltaBlue: iterations=152 runtime: 225955us
DeltaBlue: iterations=153 runtime: 237278us
DeltaBlue: iterations=154 runtime: 247599us
DeltaBlue: iterations=155 runtime: 225155us
DeltaBlue: iterations=156 runtime: 274342us
DeltaBlue: iterations=157 runtime: 295227us
DeltaBlue: iterations=158 runtime: 242591us
DeltaBlue: iterations=159 runtime: 225712us
DeltaBlue: iterations=160 runtime: 243924us
DeltaBlue: iterations=161 runtime: 232165us
DeltaBlue: iterations=162 runtime: 277881us
DeltaBlue: iterations=163 runtime: 291395us
DeltaBlue: iterations=164 runtime: 266493us
DeltaBlue: iterations=165 runtime: 250660us
DeltaBlue: iterations=166 runtime: 241968us
DeltaBlue: iterations=167 runtime: 229601us
DeltaBlue: iterations=168 runtime: 225302us
DeltaBlue: iterations=169 runtime: 236015us
DeltaBlue: iterations=170 runtime: 294427us
DeltaBlue: iterations=171 runtime: 299613us
DeltaBlue: iterations=172 runtime: 254944us
DeltaBlue: iterations=173 runtime: 286072us
DeltaBlue: iterations=174 runtime: 252882us
DeltaBlue: iterations=175 runtime: 220847us
DeltaBlue: iterations=176 runtime: 267094us
DeltaBlue: iterations=177 runtime: 279099us
DeltaBlue: iterations=178 runtime: 341424us
DeltaBlue: iterations=179 runtime: 302485us
DeltaBlue: iterations=180 runtime: 257868us
DeltaBlue: iterations=181 runtime: 307820us
DeltaBlue: iterations=182 runtime: 283838us
DeltaBlue: iterations=183 runtime: 273493us
DeltaBlue: iterations=184 runtime: 274835us
DeltaBlue: iterations=185 runtime: 255195us
DeltaBlue: iterations=186 runtime: 284760us
DeltaBlue: iterations=187 runtime: 225211us
DeltaBlue: iterations=188 runtime: 223538us
DeltaBlue: iterations=189 runtime: 263979us
DeltaBlue: iterations=190 runtime: 225938us
DeltaBlue: iterations=191 runtime: 221549us
DeltaBlue: iterations=192 runtime: 228485us
DeltaBlue: iterations=193 runtime: 233209us
DeltaBlue: iterations=194 runtime: 223374us
DeltaBlue: iterations=195 runtime: 228323us
DeltaBlue: iterations=196 runtime: 232475us
DeltaBlue: iterations=197 runtime: 224946us
DeltaBlue: iterations=198 runtime: 236590us
DeltaBlue: iterations=199 runtime: 269641us
DeltaBlue: iterations=200 runtime: 288167us
DeltaBlue: iterations=201 runtime: 301832us
DeltaBlue: iterations=202 runtime: 240908us
DeltaBlue: iterations=203 runtime: 225525us
DeltaBlue: iterations=204 runtime: 283529us
DeltaBlue: iterations=205 runtime: 297104us
DeltaBlue: iterations=206 runtime: 269190us
DeltaBlue: iterations=207 runtime: 221457us
DeltaBlue: iterations=208 runtime: 229222us
DeltaBlue: iterations=209 runtime: 274691us
DeltaBlue: iterations=210 runtime: 232616us
DeltaBlue: iterations=211 runtime: 284582us
DeltaBlue: iterations=212 runtime: 299066us
DeltaBlue: iterations=213 runtime: 257057us
DeltaBlue: iterations=214 runtime: 234778us
DeltaBlue: iterations=215 runtime: 233786us
DeltaBlue: iterations=216 runtime: 225924us
DeltaBlue: iterations=217 runtime: 234644us
DeltaBlue: iterations=218 runtime: 228988us
DeltaBlue: iterations=219 runtime: 258643us
DeltaBlue: iterations=220 runtime: 308823us
DeltaBlue: iterations=221 runtime: 288258us
DeltaBlue: iterations=222 runtime: 260604us
DeltaBlue: iterations=223 runtime: 282337us
DeltaBlue: iterations=224 runtime: 349987us
DeltaBlue: iterations=225 runtime: 234706us
DeltaBlue: iterations=226 runtime: 235603us
DeltaBlue: iterations=227 runtime: 227246us
DeltaBlue: iterations=228 runtime: 241808us
DeltaBlue: iterations=229 runtime: 270360us
DeltaBlue: iterations=230 runtime: 251144us
DeltaBlue: iterations=231 runtime: 230601us
DeltaBlue: iterations=232 runtime: 230120us
DeltaBlue: iterations=233 runtime: 236934us
DeltaBlue: iterations=234 runtime: 240294us
DeltaBlue: iterations=235 runtime: 228129us
DeltaBlue: iterations=236 runtime: 235416us
DeltaBlue: iterations=237 runtime: 236839us
DeltaBlue: iterations=238 runtime: 234150us
DeltaBlue: iterations=239 runtime: 258662us
DeltaBlue: iterations=240 runtime: 251611us
DeltaBlue: iterations=241 runtime: 234011us
DeltaBlue: iterations=242 runtime: 225021us
DeltaBlue: iterations=243 runtime: 253192us
DeltaBlue: iterations=244 runtime: 234840us
DeltaBlue: iterations=245 runtime: 228475us
DeltaBlue: iterations=246 runtime: 241359us
DeltaBlue: iterations=247 runtime: 234320us
DeltaBlue: iterations=248 runtime: 226113us
DeltaBlue: iterations=249 runtime: 255057us
DeltaBlue: iterations=250 runtime: 257262us
DeltaBlue: iterations=251 runtime: 229243us
DeltaBlue: iterations=252 runtime: 225010us
DeltaBlue: iterations=253 runtime: 265448us
DeltaBlue: iterations=254 runtime: 227489us
DeltaBlue: iterations=255 runtime: 225279us
DeltaBlue: iterations=256 runtime: 231356us
DeltaBlue: iterations=257 runtime: 244478us
DeltaBlue: iterations=258 runtime: 226107us
DeltaBlue: iterations=259 runtime: 242111us
DeltaBlue: iterations=260 runtime: 226538us
DeltaBlue: iterations=261 runtime: 231508us
DeltaBlue: iterations=262 runtime: 257524us
DeltaBlue: iterations=263 runtime: 230117us
DeltaBlue: iterations=264 runtime: 229731us
DeltaBlue: iterations=265 runtime: 235133us
DeltaBlue: iterations=266 runtime: 235038us
DeltaBlue: iterations=267 runtime: 230412us
DeltaBlue: iterations=268 runtime: 226179us
DeltaBlue: iterations=269 runtime: 230357us
DeltaBlue: iterations=270 runtime: 232004us
DeltaBlue: iterations=271 runtime: 237858us
DeltaBlue: iterations=272 runtime: 252248us
DeltaBlue: iterations=273 runtime: 236159us
DeltaBlue: iterations=274 runtime: 231153us
DeltaBlue: iterations=275 runtime: 226859us
DeltaBlue: iterations=276 runtime: 231055us
DeltaBlue: iterations=277 runtime: 240317us
DeltaBlue: iterations=278 runtime: 250703us
DeltaBlue: iterations=279 runtime: 240946us
DeltaBlue: iterations=280 runtime: 228934us
DeltaBlue: iterations=281 runtime: 242952us
DeltaBlue: iterations=282 runtime: 228972us
DeltaBlue: iterations=283 runtime: 228558us
DeltaBlue: iterations=284 runtime: 227674us
DeltaBlue: iterations=285 runtime: 245636us
DeltaBlue: iterations=286 runtime: 246995us
DeltaBlue: iterations=287 runtime: 334713us
DeltaBlue: iterations=288 runtime: 271404us
DeltaBlue: iterations=289 runtime: 234717us
DeltaBlue: iterations=290 runtime: 227759us
DeltaBlue: iterations=291 runtime: 272979us
DeltaBlue: iterations=292 runtime: 238028us
DeltaBlue: iterations=293 runtime: 229094us
DeltaBlue: iterations=294 runtime: 243680us
DeltaBlue: iterations=295 runtime: 228686us
DeltaBlue: iterations=296 runtime: 230569us
DeltaBlue: iterations=297 runtime: 248974us
DeltaBlue: iterations=298 runtime: 230071us
DeltaBlue: iterations=299 runtime: 261122us
DeltaBlue: iterations=300 runtime: 224619us
DeltaBlue: iterations=301 runtime: 256636us
DeltaBlue: iterations=302 runtime: 226653us
DeltaBlue: iterations=303 runtime: 226627us
DeltaBlue: iterations=304 runtime: 230914us
DeltaBlue: iterations=305 runtime: 234170us
DeltaBlue: iterations=306 runtime: 225985us
DeltaBlue: iterations=307 runtime: 230537us
DeltaBlue: iterations=308 runtime: 414711us
DeltaBlue: iterations=309 runtime: 223010us
DeltaBlue: iterations=310 runtime: 233961us
DeltaBlue: iterations=311 runtime: 233898us
DeltaBlue: iterations=312 runtime: 243313us
DeltaBlue: iterations=313 runtime: 247456us
DeltaBlue: iterations=314 runtime: 240583us
DeltaBlue: iterations=315 runtime: 228618us
DeltaBlue: iterations=316 runtime: 223733us
DeltaBlue: iterations=317 runtime: 243063us
DeltaBlue: iterations=318 runtime: 234372us
DeltaBlue: iterations=319 runtime: 233749us
DeltaBlue: iterations=320 runtime: 235698us
DeltaBlue: iterations=321 runtime: 253713us
DeltaBlue: iterations=322 runtime: 222702us
DeltaBlue: iterations=323 runtime: 250732us
DeltaBlue: iterations=324 runtime: 235264us
DeltaBlue: iterations=325 runtime: 224507us
DeltaBlue: iterations=326 runtime: 235569us
DeltaBlue: iterations=327 runtime: 225082us
DeltaBlue: iterations=328 runtime: 228535us
DeltaBlue: iterations=329 runtime: 231813us
DeltaBlue: iterations=330 runtime: 224540us
DeltaBlue: iterations=331 runtime: 226416us
DeltaBlue: iterations=332 runtime: 223894us
DeltaBlue: iterations=333 runtime: 245658us
DeltaBlue: iterations=334 runtime: 231664us
DeltaBlue: iterations=335 runtime: 220809us
DeltaBlue: iterations=336 runtime: 233509us
DeltaBlue: iterations=337 runtime: 259834us
DeltaBlue: iterations=338 runtime: 222497us
DeltaBlue: iterations=339 runtime: 231989us
DeltaBlue: iterations=340 runtime: 223483us
DeltaBlue: iterations=341 runtime: 227164us
DeltaBlue: iterations=342 runtime: 229289us
DeltaBlue: iterations=343 runtime: 231994us
DeltaBlue: iterations=344 runtime: 223601us
DeltaBlue: iterations=345 runtime: 235555us
DeltaBlue: iterations=346 runtime: 231446us
DeltaBlue: iterations=347 runtime: 226616us
DeltaBlue: iterations=348 runtime: 223831us
DeltaBlue: iterations=349 runtime: 227892us
DeltaBlue: iterations=350 runtime: 230217us
DeltaBlue: iterations=351 runtime: 220616us
DeltaBlue: iterations=352 runtime: 228018us
DeltaBlue: iterations=353 runtime: 254892us
DeltaBlue: iterations=354 runtime: 228871us
DeltaBlue: iterations=355 runtime: 256703us
DeltaBlue: iterations=356 runtime: 224681us
DeltaBlue: iterations=357 runtime: 226013us
DeltaBlue: iterations=358 runtime: 243142us
DeltaBlue: iterations=359 runtime: 229515us
DeltaBlue: iterations=360 runtime: 231353us
DeltaBlue: iterations=361 runtime: 240173us
DeltaBlue: iterations=362 runtime: 225834us
DeltaBlue: iterations=363 runtime: 226281us
DeltaBlue: iterations=364 runtime: 224550us
DeltaBlue: iterations=365 runtime: 238262us
DeltaBlue: iterations=366 runtime: 242682us
DeltaBlue: iterations=367 runtime: 221704us
DeltaBlue: iterations=368 runtime: 227020us
DeltaBlue: iterations=369 runtime: 255585us
DeltaBlue: iterations=370 runtime: 224958us
DeltaBlue: iterations=371 runtime: 227930us
DeltaBlue: iterations=372 runtime: 229267us
DeltaBlue: iterations=373 runtime: 225073us
DeltaBlue: iterations=374 runtime: 234942us
DeltaBlue: iterations=375 runtime: 227652us
DeltaBlue: iterations=376 runtime: 250346us
DeltaBlue: iterations=377 runtime: 237869us
DeltaBlue: iterations=378 runtime: 225810us
DeltaBlue: iterations=379 runtime: 226815us
DeltaBlue: iterations=380 runtime: 232506us
DeltaBlue: iterations=381 runtime: 226417us
DeltaBlue: iterations=382 runtime: 226461us
DeltaBlue: iterations=383 runtime: 228156us
DeltaBlue: iterations=384 runtime: 228401us
DeltaBlue: iterations=385 runtime: 262576us
DeltaBlue: iterations=386 runtime: 227668us
DeltaBlue: iterations=387 runtime: 224855us
DeltaBlue: iterations=388 runtime: 229620us
DeltaBlue: iterations=389 runtime: 226051us
DeltaBlue: iterations=390 runtime: 234539us
DeltaBlue: iterations=391 runtime: 228253us
DeltaBlue: iterations=392 runtime: 229112us
DeltaBlue: iterations=393 runtime: 235622us
DeltaBlue: iterations=394 runtime: 225153us
DeltaBlue: iterations=395 runtime: 226431us
DeltaBlue: iterations=396 runtime: 225090us
DeltaBlue: iterations=397 runtime: 239425us
DeltaBlue: iterations=398 runtime: 240318us
DeltaBlue: iterations=399 runtime: 220864us
DeltaBlue: iterations=400 runtime: 231379us
DeltaBlue: iterations=401 runtime: 252962us
DeltaBlue: iterations=402 runtime: 223158us
DeltaBlue: iterations=403 runtime: 229108us
DeltaBlue: iterations=404 runtime: 232577us
DeltaBlue: iterations=405 runtime: 225817us
DeltaBlue: iterations=406 runtime: 247362us
DeltaBlue: iterations=407 runtime: 227222us
DeltaBlue: iterations=408 runtime: 228160us
DeltaBlue: iterations=409 runtime: 252106us
DeltaBlue: iterations=410 runtime: 224565us
DeltaBlue: iterations=411 runtime: 226406us
DeltaBlue: iterations=412 runtime: 224658us
DeltaBlue: iterations=413 runtime: 227547us
DeltaBlue: iterations=414 runtime: 237349us
DeltaBlue: iterations=415 runtime: 221888us
DeltaBlue: iterations=416 runtime: 228973us
DeltaBlue: iterations=417 runtime: 253925us
DeltaBlue: iterations=418 runtime: 222924us
DeltaBlue: iterations=419 runtime: 267140us
DeltaBlue: iterations=420 runtime: 224893us
DeltaBlue: iterations=421 runtime: 276374us
DeltaBlue: iterations=422 runtime: 236706us
DeltaBlue: iterations=423 runtime: 229355us
DeltaBlue: iterations=424 runtime: 226007us
DeltaBlue: iterations=425 runtime: 241566us
DeltaBlue: iterations=426 runtime: 224909us
DeltaBlue: iterations=427 runtime: 227208us
DeltaBlue: iterations=428 runtime: 222058us
DeltaBlue: iterations=429 runtime: 228064us
DeltaBlue: iterations=430 runtime: 225304us
DeltaBlue: iterations=431 runtime: 231425us
DeltaBlue: iterations=432 runtime: 246837us
DeltaBlue: iterations=433 runtime: 258322us
DeltaBlue: iterations=434 runtime: 223425us
DeltaBlue: iterations=435 runtime: 225916us
DeltaBlue: iterations=436 runtime: 231329us
DeltaBlue: iterations=437 runtime: 224828us
DeltaBlue: iterations=438 runtime: 232722us
DeltaBlue: iterations=439 runtime: 228499us
DeltaBlue: iterations=440 runtime: 255047us
DeltaBlue: iterations=441 runtime: 249877us
DeltaBlue: iterations=442 runtime: 238426us
DeltaBlue: iterations=443 runtime: 224191us
DeltaBlue: iterations=444 runtime: 225008us
DeltaBlue: iterations=445 runtime: 240383us
DeltaBlue: iterations=446 runtime: 232777us
DeltaBlue: iterations=447 runtime: 222376us
DeltaBlue: iterations=448 runtime: 245971us
DeltaBlue: iterations=449 runtime: 252822us
DeltaBlue: iterations=450 runtime: 225504us
DeltaBlue: iterations=451 runtime: 223535us
DeltaBlue: iterations=452 runtime: 227513us
DeltaBlue: iterations=453 runtime: 225699us
DeltaBlue: iterations=454 runtime: 238074us
DeltaBlue: iterations=455 runtime: 225477us
DeltaBlue: iterations=456 runtime: 225684us
DeltaBlue: iterations=457 runtime: 229252us
DeltaBlue: iterations=458 runtime: 222125us
DeltaBlue: iterations=459 runtime: 223052us
DeltaBlue: iterations=460 runtime: 220091us
DeltaBlue: iterations=461 runtime: 225385us
DeltaBlue: iterations=462 runtime: 244145us
DeltaBlue: iterations=463 runtime: 221640us
DeltaBlue: iterations=464 runtime: 247347us
DeltaBlue: iterations=465 runtime: 250168us
DeltaBlue: iterations=466 runtime: 219948us
DeltaBlue: iterations=467 runtime: 244821us
DeltaBlue: iterations=468 runtime: 222801us
DeltaBlue: iterations=469 runtime: 222871us
DeltaBlue: iterations=470 runtime: 233202us
DeltaBlue: iterations=471 runtime: 225129us
DeltaBlue: iterations=472 runtime: 223030us
DeltaBlue: iterations=473 runtime: 235073us
DeltaBlue: iterations=474 runtime: 231948us
DeltaBlue: iterations=475 runtime: 227888us
DeltaBlue: iterations=476 runtime: 227482us
DeltaBlue: iterations=477 runtime: 224758us
DeltaBlue: iterations=478 runtime: 222590us
DeltaBlue: iterations=479 runtime: 218366us
DeltaBlue: iterations=480 runtime: 255115us
DeltaBlue: iterations=481 runtime: 251644us
DeltaBlue: iterations=482 runtime: 219909us
DeltaBlue: iterations=483 runtime: 235606us
DeltaBlue: iterations=484 runtime: 233955us
DeltaBlue: iterations=485 runtime: 221717us
DeltaBlue: iterations=486 runtime: 234274us
DeltaBlue: iterations=487 runtime: 224378us
DeltaBlue: iterations=488 runtime: 223100us
DeltaBlue: iterations=489 runtime: 228854us
DeltaBlue: iterations=490 runtime: 236602us
DeltaBlue: iterations=491 runtime: 229728us
DeltaBlue: iterations=492 runtime: 221216us
DeltaBlue: iterations=493 runtime: 226553us
DeltaBlue: iterations=494 runtime: 258843us
DeltaBlue: iterations=495 runtime: 219246us
DeltaBlue: iterations=496 runtime: 224931us
DeltaBlue: iterations=497 runtime: 250434us
DeltaBlue: iterations=498 runtime: 222513us
DeltaBlue: iterations=499 runtime: 228690us
DeltaBlue: iterations=500 runtime: 230761us
DeltaBlue: iterations=500 average: 259407us total: 129703916us


Total Runtime: 129703916us
-- DeltaBlue completed successfully.
